[2016.02.13-09.59.44:092][  0]Log file open, 02/13/16 10:59:44
[2016.02.13-09.59.44:092][  0]LogInit:Display: Running engine for game: Runner
[2016.02.13-09.59.44:092][  0]LogPlatformFile: Not using cached read wrapper
[2016.02.13-09.59.44:092][  0]LogInit:Display: RandInit(1822913602) SRandInit(1822913605).
[2016.02.13-09.59.44:092][  0]LogTaskGraph: Started task graph with 4 named threads and 7 total threads.
[2016.02.13-09.59.44:092][  0]LogStats: Stats thread started at 0.349713
[2016.02.13-09.59.44:092][  0]LogInit: Version: 4.10.2-2818068+++depot+UE4-Releases+4.10
[2016.02.13-09.59.44:092][  0]LogInit: API Version: 2758231
[2016.02.13-09.59.44:092][  0]LogInit: Compiled (64-bit): Jan  6 2016 17:36:42
[2016.02.13-09.59.44:092][  0]LogInit: Compiled with Visual C++: 19.00.23026.00
[2016.02.13-09.59.44:092][  0]LogInit: Build Configuration: Development
[2016.02.13-09.59.44:092][  0]LogInit: Branch Name: ++depot+UE4-Releases+4.10
[2016.02.13-09.59.44:092][  0]LogInit: Command line:  
[2016.02.13-09.59.44:092][  0]LogInit: Base directory: C:/Program Files/Epic Games/4.10/Engine/Binaries/Win64/
[2016.02.13-09.59.44:092][  0]LogInit: Rocket: 1
[2016.02.13-09.59.44:133][  0]LogInit: Using libcurl 7.41.0
[2016.02.13-09.59.44:133][  0]LogInit:  - built for x86_64-pc-win32
[2016.02.13-09.59.44:133][  0]LogInit:  - supports SSL with WinSSL
[2016.02.13-09.59.44:133][  0]LogInit:  - other features:
[2016.02.13-09.59.44:133][  0]LogInit:      CURL_VERSION_SSL
[2016.02.13-09.59.44:133][  0]LogInit:      CURL_VERSION_IPV6
[2016.02.13-09.59.44:133][  0]LogInit:      CURL_VERSION_ASYNCHDNS
[2016.02.13-09.59.44:133][  0]LogInit:      CURL_VERSION_LARGEFILE
[2016.02.13-09.59.44:133][  0]LogInit:      CURL_VERSION_IDN
[2016.02.13-09.59.44:134][  0]LogInit:  CurlRequestOptions (configurable via config and command line):
[2016.02.13-09.59.44:134][  0]LogInit:  - bVerifyPeer = true  - Libcurl will verify peer certificate
[2016.02.13-09.59.44:134][  0]LogInit:  - bUseHttpProxy = false  - Libcurl will NOT use HTTP proxy
[2016.02.13-09.59.44:134][  0]LogInit:  - bDontReuseConnections = false  - Libcurl will reuse connections
[2016.02.13-09.59.44:134][  0]LogInit:  - CertBundlePath = nullptr  - Libcurl will use whatever was configured at build time.
[2016.02.13-09.59.44:252][  0]LogInit: Presizing for 0 objects not considered by GC, pre-allocating 0 bytes.
[2016.02.13-09.59.44:300][  0]LogInit: Object subsystem initialized
[2016.02.13-09.59.44:345][  0]LogInit: Selected Device Profile: [Windows]
[2016.02.13-09.59.44:345][  0]LogInit: Applying CVar settings loaded from the selected device profile: [Windows]
[2016.02.13-09.59.44:376][  0]LogInit: Computer: JOHANS_MONSTER
[2016.02.13-09.59.44:376][  0]LogInit: User: Johan
[2016.02.13-09.59.44:376][  0]LogInit: CPU Page size=4096, Cores=4
[2016.02.13-09.59.44:376][  0]LogInit: High frequency timer resolution =3.312790 MHz
[2016.02.13-09.59.44:377][  0]LogMemory: Memory total: Physical=16.0GB (16GB approx)
[2016.02.13-09.59.44:377][  0]LogMemory: Platform Memory Stats for Windows
[2016.02.13-09.59.44:377][  0]LogMemory: Process Physical Memory: 55.98 MB used, 55.98 MB peak
[2016.02.13-09.59.44:377][  0]LogMemory: Process Virtual Memory: 56.68 MB used, 56.68 MB peak
[2016.02.13-09.59.44:377][  0]LogMemory: Physical Memory: 2897.36 MB used, 16337.33 MB total
[2016.02.13-09.59.44:377][  0]LogMemory: Virtual Memory: 382.84 MB used, 134217728.00 MB total
[2016.02.13-09.59.44:679][  0]LogTextLocalizationManager: No translations for ('sv-SE') exist, falling back to 'en' for localization and internationalization data.
[2016.02.13-09.59.45:166][  0]LogD3D11RHI: Found D3D11 adapter 0: NVIDIA GeForce GTX 560 SE (Feature Level 11_0)
[2016.02.13-09.59.45:166][  0]LogD3D11RHI: Adapter has 977MB of dedicated video memory, 0MB of dedicated system memory, and 8168MB of shared system memory, 1 output[s]
[2016.02.13-09.59.45:167][  0]LogD3D11RHI: Found D3D11 adapter 1: Microsoft Basic Render Driver (Feature Level 11_0)
[2016.02.13-09.59.45:167][  0]LogD3D11RHI: Adapter has 0MB of dedicated video memory, 0MB of dedicated system memory, and 8168MB of shared system memory, 0 output[s]
[2016.02.13-09.59.45:167][  0]LogD3D11RHI: Chosen D3D11 Adapter Id = 0
[2016.02.13-09.59.45:170][  0]LogD3D11RHI: !Direct3DDevice
[2016.02.13-09.59.45:170][  0]LogRHI: Texture pool is 684 MB (70% of 977 MB)
[2016.02.13-09.59.45:182][  0]LogD3D11RHI: Async texture creation enabled
[2016.02.13-09.59.45:196][  0]LogShaderCompilers: Guid format shader working directory is -7 characters bigger than the processId version (../../../../../../Users/Johan/Documents/GitHub/Runner/Intermediate/Shaders/WorkingDirectory/1052/).
[2016.02.13-09.59.45:196][  0]LogShaderCompilers: Cleaned the shader compiler working directory 'C:/Users/Johan/AppData/Local/Temp/UnrealShaderWorkingDir/7A67BE0E492CB14A18F86FBAD1F7B50B/'.
[2016.02.13-09.59.45:196][  0]LogShaderCompilers:Display: Using Local Shader Compiler.
[2016.02.13-09.59.47:431][  0]LogTemp:Display: Loaded TP AllDesktopTargetPlatform
[2016.02.13-09.59.47:440][  0]LogTemp:Display: Loaded TP WindowsClientTargetPlatform
[2016.02.13-09.59.47:445][  0]LogTemp:Display: Loaded TP WindowsNoEditorTargetPlatform
[2016.02.13-09.59.47:450][  0]LogTemp:Display: Loaded TP WindowsServerTargetPlatform
[2016.02.13-09.59.47:455][  0]LogTemp:Display: Loaded TP WindowsTargetPlatform
[2016.02.13-09.59.47:459][  0]LogTemp:Display: Loaded TP AndroidTargetPlatform
[2016.02.13-09.59.47:462][  0]LogTemp:Display: Loaded TP Android_ASTCTargetPlatform
[2016.02.13-09.59.47:465][  0]LogTemp:Display: Loaded TP Android_ATCTargetPlatform
[2016.02.13-09.59.47:468][  0]LogTemp:Display: Loaded TP Android_DXTTargetPlatform
[2016.02.13-09.59.47:471][  0]LogTemp:Display: Loaded TP Android_ETC1TargetPlatform
[2016.02.13-09.59.47:474][  0]LogTemp:Display: Loaded TP Android_ETC2TargetPlatform
[2016.02.13-09.59.47:480][  0]LogTemp:Display: Loaded TP Android_MultiTargetPlatform
[2016.02.13-09.59.47:480][  0]LogTemp:Display: Loaded TP Android_PVRTCTargetPlatform
[2016.02.13-09.59.47:480][  0]LogTemp:Display: Loaded TP HTML5TargetPlatform
[2016.02.13-09.59.47:533][  0]LogTemp:Display: Loaded TP IOSTargetPlatform
[2016.02.13-09.59.47:536][  0]LogTemp:Display: Loaded TP LinuxNoEditorTargetPlatform
[2016.02.13-09.59.47:538][  0]LogTemp:Display: Loaded TP LinuxServerTargetPlatform
[2016.02.13-09.59.47:542][  0]LogTemp:Display: Loaded TP LinuxTargetPlatform
[2016.02.13-09.59.47:542][  0]LogTargetPlatformManager:Display: Building Assets For Windows
[2016.02.13-09.59.48:492][  0]LogDerivedDataCache:Display: Max Cache Size: 512 MB
[2016.02.13-09.59.49:041][  0]LogDerivedDataCache: Loaded boot cache 0.55s 41MB C:/Users/Johan/AppData/Local/UnrealEngine/4.10/DerivedDataCache/Boot.ddc.
[2016.02.13-09.59.49:041][  0]LogDerivedDataCache:Display: Loaded Boot cache: C:/Users/Johan/AppData/Local/UnrealEngine/4.10/DerivedDataCache/Boot.ddc
[2016.02.13-09.59.49:041][  0]LogDerivedDataCache: FDerivedDataBackendGraph:  Pak pak cache file ../../../../../../Users/Johan/Documents/GitHub/Runner/DerivedDataCache/DDC.ddp not found, will not use a pak cache.
[2016.02.13-09.59.49:041][  0]LogDerivedDataCache: Unable to find inner node Pak for hierarchical cache Hierarchy.
[2016.02.13-09.59.49:041][  0]LogDerivedDataCache: FDerivedDataBackendGraph:  CompressedPak pak cache file ../../../../../../Users/Johan/Documents/GitHub/Runner/DerivedDataCache/Compressed.ddp not found, will not use a pak cache.
[2016.02.13-09.59.49:041][  0]LogDerivedDataCache: Unable to find inner node CompressedPak for hierarchical cache Hierarchy.
[2016.02.13-09.59.49:201][  0]LogDerivedDataCache:Display: Pak cache opened for reading ../../../Engine/DerivedDataCache/Compressed.ddp.
[2016.02.13-09.59.49:225][  0]LogDerivedDataCache: Using Local data cache path C:/Users/Johan/AppData/Local/UnrealEngine/Common/DerivedDataCache: Writable
[2016.02.13-10.00.03:598][  0]LogInit: Selected Device Profile: [Windows]
[2016.02.13-10.00.03:696][  0]LogContentStreaming: Texture pool size is 0.000000MB
[2016.02.13-10.00.05:767][  0]LogMeshUtilities: No automatic mesh reduction module available
[2016.02.13-10.00.05:767][  0]LogMeshUtilities: No automatic mesh merging module available
[2016.02.13-10.00.09:949][  0]LogInit: WinSock: version 1.1 (2.2), MaxSocks=32767, MaxUdp=65467
[2016.02.13-10.00.33:949][  0]UdpMessaging: Initializing bridge on interface 0.0.0.0:0 to multicast group 230.0.0.1:6666.
[2016.02.13-10.00.35:017][  0]LogAssetRegistry: FAssetRegistry took 0.0124 seconds to start up
[2016.02.13-10.00.42:839][  0]SourceControl: Info Source control is disabled
[2016.02.13-10.00.42:895][  0]SourceControl: Info Source control is disabled
[2016.02.13-10.00.43:236][  0]SourceControl: Info Source control is disabled
[2016.02.13-10.00.43:374][  0]SourceControl: Info Source control is disabled
[2016.02.13-10.00.47:538][  0]LogObj: 28633 objects as part of root set at end of initial load.
[2016.02.13-10.00.47:538][  0]LogUObjectAllocator: 6099752 out of 0 bytes used by permanent object pool.
[2016.02.13-10.00.51:869][  0]LogAutomationTest:Warning: Smoke tests took > 1s to run: 2.78s
[2016.02.13-10.00.52:141][  0]LogEngine: Initializing Engine...
[2016.02.13-10.00.52:220][  0]LogHMD: Can't find Oculus library dev build: is proper Runtime installed? Version: 0.8.0.0
[2016.02.13-10.00.52:367][  0]LogHMD: SteamVR failed to initialize.  Err: 110
[2016.02.13-10.00.54:832][  0]LogAIModule: Creating AISystem for world NewWorld
[2016.02.13-10.00.55:807][  0]LogInit: XAudio2 using 'Speakers (USB Sound Device        )' : 2 channels at 44.1 kHz using 16 bits per sample (channel mask 0x3)
[2016.02.13-10.00.56:704][  0]LogInit: FAudioDevice initialized.
[2016.02.13-10.00.56:735][  0]LogDerivedDataCache: Saved boot cache 0.03s 41MB C:/Users/Johan/AppData/Local/UnrealEngine/4.10/DerivedDataCache/Boot.ddc.
[2016.02.13-10.00.56:790][  0]LogInit: Texture streaming: Enabled
[2016.02.13-10.00.56:936][  0]LogAnalytics: Creating configured Analytics provider AnalyticsET
[2016.02.13-10.00.57:013][  0]LogAnalytics: [UEEditor.Rocket.Release] APIServer = http://et2.epicgames.com/ET2/. AppVersion = 4.10.2-2818068+++depot+UE4-Releases+4.10
[2016.02.13-10.00.57:013][  0]LogAnalytics: [UEEditor.Rocket.Release] SetUserId e13f53c54a08433fc09043aa962b451a|75ba5683578c43329a0522a4b145a097|e6dac55f-4bf9-412a-b229-53d1a5ef9356
[2016.02.13-10.00.57:043][  0]LogAnalytics: [UEEditor.Rocket.Release] AnalyticsET::StartSession
[2016.02.13-10.00.57:244][  0]LogWindowsTextInputMethodSystem:Display: IME system now deactivated.
[2016.02.13-10.00.57:244][  0]LogWindowsTextInputMethodSystem:Display: IME system now deactivated.
[2016.02.13-10.00.57:859][  0]LogInit: Transaction tracking system initialized
[2016.02.13-10.01.06:478][  0]BlueprintLog: New page: Editor Load
[2016.02.13-10.01.18:915][  0]LocalizationService: Info Localization service is disabled
[2016.02.13-10.01.23:440][  0]LogConsoleResponse:Display: 
[2016.02.13-10.01.28:550][  0]LogFileCache: Scanning file cache for directory 'C:/Users/Johan/Documents/GitHub/Runner/Content/' took 0.02s
[2016.02.13-10.01.28:550][  0]LogCook:Display: Done creating registry. It took  0.00s.
[2016.02.13-10.01.34:246][  0]SourceControl: Info Source control is disabled
[2016.02.13-10.01.34:327][  0]Cmd: MAP LOAD FILE="../../../../../../Users/Johan/Documents/GitHub/Runner/Content/RunnerAssets/RunnerMap.umap" TEMPLATE=0 SHOWPROGRESS=1 FEATURELEVEL=3
[2016.02.13-10.01.34:440][  0]LightingResults: New page: Lighting Build
[2016.02.13-10.01.35:020][  0]MapCheck: New page: Map Check
[2016.02.13-10.01.35:020][  0]LightingResults: New page: Lighting Build
[2016.02.13-10.01.35:341][  0]LogParticles: Destroying 0 GPU particle simulations for FXSystem 0x000001FB4A3E7B00
[2016.02.13-10.01.38:207][  0]LogStaticMesh: Building static mesh floorDouble2...
[2016.02.13-10.01.38:243][  0]LogStaticMesh: Built static mesh [0.035845.2s] /Game/RunnerAssets/Meshes/floorDouble2.floorDouble2
[2016.02.13-10.01.38:972][  0]LogAIModule: Creating AISystem for world RunnerMap
[2016.02.13-10.01.39:723][  0]LogEditorServer: Finished looking for orphan Actors (0.000 secs)
[2016.02.13-10.01.39:742][  0]Cmd: MAP CHECKDEP NOCLEARLOG
[2016.02.13-10.01.39:833][  0]MapCheck: Info Map check complete: 0 Error(s), 0 Warning(s), took 91.325ms to complete.
[2016.02.13-10.01.39:833][  0]LogFileHelpers: Loading map 'RunnerMap' took 5.538
[2016.02.13-10.01.42:198][  0]LogCollectionManager: Loaded 0 collections in 0.002751 seconds
[2016.02.13-10.01.42:376][  0]LogFileCache: Scanning file cache for directory 'C:/Users/Johan/Documents/GitHub/Runner/Saved/Collections/' took 0.01s
[2016.02.13-10.01.42:376][  0]LogFileCache: Scanning file cache for directory 'C:/Users/Johan/Documents/GitHub/Runner/Content/Developers/Johan/Collections/' took 0.01s
[2016.02.13-10.01.42:376][  0]LogFileCache: Scanning file cache for directory 'C:/Users/Johan/Documents/GitHub/Runner/Content/Collections/' took 0.01s
[2016.02.13-10.01.42:376][  0]LogCollectionManager: Rebuilt the GUID cache for 0 collections in 0.000177 seconds
[2016.02.13-10.01.42:432][  0]LogContentBrowser: Native class hierarchy populated in 0.0551 seconds. Added 1893 classes and 338 folders.
[2016.02.13-10.01.42:552][  0]LogContentBrowser: Native class hierarchy updated for 'WidgetCarousel' in 0.0007 seconds. Added 0 classes and 0 folders.
[2016.02.13-10.01.44:665][  0]LogContentBrowser: Native class hierarchy updated for 'AddContentDialog' in 0.0007 seconds. Added 0 classes and 0 folders.
[2016.02.13-10.01.44:846][  0]LogContentBrowser: Native class hierarchy updated for 'SceneOutliner' in 0.0007 seconds. Added 1 classes and 2 folders.
[2016.02.13-10.01.48:073][  0]LogCrashTracker: Crashtracker disabled due to settings.
[2016.02.13-10.01.48:511][  0]LogUObjectGlobals:Warning: Failed to find object 'Class None.'
[2016.02.13-10.01.48:654][  0]LogLoad: Full Startup: 126.03 seconds (BP compile: 0.91 seconds)
[2016.02.13-10.01.48:677][  0]LogOcInput: Can't find Oculus library dev build: is proper Runtime installed? Version: 0.8.0.0
[2016.02.13-10.01.49:164][  0]LogContentStreaming: Texture pool size now 1000 MB
[2016.02.13-10.01.50:694][  0]LogRenderer: Reallocating scene render targets to support 1208x652 (Frame:2).
[2016.02.13-10.01.51:800][  7]LogAssetRegistry: Asset discovery search completed in 76.7939 seconds
[2016.02.13-10.01.51:815][  7]LogCollectionManager: Rebuilt the object cache for 0 collections in 0.000001 seconds (found 0 objects)
[2016.02.13-10.01.51:851][  7]LogCollectionManager: Fixed up redirectors for 0 collections in 0.000071 seconds (updated 0 objects)
[2016.02.13-10.05.15:674][794]LogBlueprintUserMessages: Early PlayInEditor Detection: Level '/Game/RunnerAssets/RunnerMap.RunnerMap:PersistentLevel' has LevelScriptBlueprint '/Game/RunnerAssets/RunnerMap.RunnerMap:PersistentLevel.RunnerMap' with GeneratedClass '/Game/RunnerAssets/RunnerMap.RunnerMap_C' with ClassGeneratedBy '/Game/RunnerAssets/RunnerMap.RunnerMap:PersistentLevel.RunnerMap'
[2016.02.13-10.05.15:674][794]LogPlayLevel: PlayLevel: No blueprints needed recompiling
[2016.02.13-10.05.15:736][794]PIE: New page: PIE session: RunnerMap (Feb 13, 2016, 12:05:15 PM)
[2016.02.13-10.05.15:736][794]LogPlayLevel: Creating play world package: /Game/RunnerAssets/UEDPIE_0_RunnerMap
[2016.02.13-10.05.15:787][794]LogPlayLevel: PIE: StaticDuplicateObject took: (0.050354s)
[2016.02.13-10.05.15:788][794]LogAIModule: Creating AISystem for world RunnerMap
[2016.02.13-10.05.15:788][794]LogPlayLevel: PIE: World Init took: (0.001205s)
[2016.02.13-10.05.15:788][794]LogPlayLevel: PIE: Created PIE world by copying editor world from /Game/RunnerAssets/RunnerMap.RunnerMap to /Game/RunnerAssets/UEDPIE_0_RunnerMap.RunnerMap (0.051960s)
[2016.02.13-10.05.15:834][794]LogInit: XAudio2 using 'Speakers (USB Sound Device        )' : 2 channels at 44.1 kHz using 16 bits per sample (channel mask 0x3)
[2016.02.13-10.05.15:841][794]LogInit: FAudioDevice initialized.
[2016.02.13-10.05.15:960][794]LogLinker:Warning: Can't find file '/Game/SideScrollerBP/Blueprints/SideScrollerGameMode'
[2016.02.13-10.05.15:961][794]LogLinker:Warning: Can't find file '/Game/SideScrollerBP/Blueprints/SideScrollerGameMode'
[2016.02.13-10.05.15:961][794]LogUObjectGlobals:Warning: Failed to find object 'Class /Game/SideScrollerBP/Blueprints/SideScrollerGameMode.SideScrollerGameMode_C'
[2016.02.13-10.05.15:961][794]LogWorld: Game class is 'GameMode'
[2016.02.13-10.05.15:965][794]LogWorld: Bringing World /Game/RunnerAssets/UEDPIE_0_RunnerMap.RunnerMap up for play (max tick rate 0) at 2016.02.13-11.05.15
[2016.02.13-10.05.15:965][794]LogActor:Warning: GameSession /Game/RunnerAssets/UEDPIE_0_RunnerMap.RunnerMap:PersistentLevel.GameSession_0 has natively added scene component(s), but none of them were set as the actor's RootComponent - picking one arbitrarily
[2016.02.13-10.05.15:965][794]LogActor:Warning: GameNetworkManager /Game/RunnerAssets/UEDPIE_0_RunnerMap.RunnerMap:PersistentLevel.GameNetworkManager_0 has natively added scene component(s), but none of them were set as the actor's RootComponent - picking one arbitrarily
[2016.02.13-10.05.15:990][794]LogWorld: Bringing up level for play took: 0.027934
[2016.02.13-10.05.16:026][794]LogGameMode: Warning - PATHS NOT DEFINED or NO PLAYERSTART with positive rating
[2016.02.13-10.05.16:085][794]PIE: Info Play in editor start time for /Game/RunnerAssets/UEDPIE_0_RunnerMap -0.075
[2016.02.13-10.05.16:085][794]LogBlueprintUserMessages: Late PlayInEditor Detection: Level '/Game/RunnerAssets/RunnerMap.RunnerMap:PersistentLevel' has LevelScriptBlueprint '/Game/RunnerAssets/RunnerMap.RunnerMap:PersistentLevel.RunnerMap' with GeneratedClass '/Game/RunnerAssets/RunnerMap.RunnerMap_C' with ClassGeneratedBy '/Game/RunnerAssets/RunnerMap.RunnerMap:PersistentLevel.RunnerMap'
[2016.02.13-10.07.41:729][733]LogBlueprintUserMessages: Early EndPlayMap Detection: Level '/Game/RunnerAssets/RunnerMap.RunnerMap:PersistentLevel' has LevelScriptBlueprint '/Game/RunnerAssets/RunnerMap.RunnerMap:PersistentLevel.RunnerMap' with GeneratedClass '/Game/RunnerAssets/RunnerMap.RunnerMap_C' with ClassGeneratedBy '/Game/RunnerAssets/RunnerMap.RunnerMap:PersistentLevel.RunnerMap'
[2016.02.13-10.07.41:856][733]LogBlueprintUserMessages: Late EndPlayMap Detection: Level '/Game/RunnerAssets/RunnerMap.RunnerMap:PersistentLevel' has LevelScriptBlueprint '/Game/RunnerAssets/RunnerMap.RunnerMap:PersistentLevel.RunnerMap' with GeneratedClass '/Game/RunnerAssets/RunnerMap.RunnerMap_C' with ClassGeneratedBy '/Game/RunnerAssets/RunnerMap.RunnerMap:PersistentLevel.RunnerMap'
[2016.02.13-10.07.41:882][733]LogParticles: Destroying 0 GPU particle simulations for FXSystem 0x000001FB2C9F4360
[2016.02.13-10.07.42:666][783]MapCheck: New page: Map Check
[2016.02.13-10.07.42:863][783]Cmd: MAP REBUILD ALLVISIBLE
[2016.02.13-10.07.42:883][783]LogEditorServer: Rebuildmap Clear paths rebuilt
[2016.02.13-10.07.43:147][783]MapCheck:Warning: Warning WorldInfo_0 Hierarchical LOD System is disabled or no HLOD level settings available, unable to build LOD actors. 
[2016.02.13-10.07.43:147][783]LogStats:          STAT_HLOD_BuildClusters - 11.838 ms
[2016.02.13-10.07.43:179][783]LightingResults: New page: Lighting Build - Feb 13, 2016, 12:07:43 PM
[2016.02.13-10.07.54:026][783]LogStaticLightingSystem: Running Lightmass w/ ImmediateImport mode ENABLED
[2016.02.13-10.07.54:026][783]LogStaticLightingSystem: Running Lightmass w/ ImmediateProcess mode ENABLED
[2016.02.13-10.07.54:026][783]LogStaticLightingSystem: Running Lightmass w/ Sorting mode ENABLED
[2016.02.13-10.07.54:026][783]LogStaticLightingSystem: Running Lightmass w/ Mapping paddings ENABLED
[2016.02.13-10.07.54:026][783]LogStaticLightingSystem: Running Lightmass w/ Mapping debug paddings DISABLED
[2016.02.13-10.07.54:470][783]LogEditorBuildUtils: Build time 0:00:11
[2016.02.13-10.07.54:477][783]LogMaterial: Missing cached shader map for material FLightmassMaterialRenderer rusty, compiling. 
[2016.02.13-10.07.54:589][783]LogMaterial: Missing cached shader map for material FLightmassMaterialRenderer rusty, compiling. 
[2016.02.13-10.07.54:905][784]LogMaterial: Missing cached shader map for material FLightmassMaterialRenderer WorldGridMaterial, compiling. Is special engine material.
[2016.02.13-10.07.54:945][784]LogMaterial: Missing cached shader map for material FLightmassMaterialRenderer WorldGridMaterial, compiling. Is special engine material.
[2016.02.13-10.07.58:255][809]LogBlueprintUserMessages: Early PlayInEditor Detection: Level '/Game/RunnerAssets/RunnerMap.RunnerMap:PersistentLevel' has LevelScriptBlueprint '/Game/RunnerAssets/RunnerMap.RunnerMap:PersistentLevel.RunnerMap' with GeneratedClass '/Game/RunnerAssets/RunnerMap.RunnerMap_C' with ClassGeneratedBy '/Game/RunnerAssets/RunnerMap.RunnerMap:PersistentLevel.RunnerMap'
[2016.02.13-10.07.58:255][809]LogPlayLevel: PlayLevel: No blueprints needed recompiling
[2016.02.13-10.07.58:255][809]PIE: New page: PIE session: RunnerMap (Feb 13, 2016, 12:07:58 PM)
[2016.02.13-10.07.58:255][809]LogPlayLevel: Creating play world package: /Game/RunnerAssets/UEDPIE_0_RunnerMap
[2016.02.13-10.07.58:278][809]LogPlayLevel: PIE: StaticDuplicateObject took: (0.022768s)
[2016.02.13-10.07.58:279][809]LogAIModule: Creating AISystem for world RunnerMap
[2016.02.13-10.07.58:279][809]LogPlayLevel: PIE: World Init took: (0.001121s)
[2016.02.13-10.07.58:279][809]LogPlayLevel: PIE: Created PIE world by copying editor world from /Game/RunnerAssets/RunnerMap.RunnerMap to /Game/RunnerAssets/UEDPIE_0_RunnerMap.RunnerMap (0.024171s)
[2016.02.13-10.07.58:299][809]LogInit: XAudio2 using 'Speakers (USB Sound Device        )' : 2 channels at 44.1 kHz using 16 bits per sample (channel mask 0x3)
[2016.02.13-10.07.58:304][809]LogInit: FAudioDevice initialized.
[2016.02.13-10.07.58:342][809]LogLinker:Warning: Can't find file '/Game/SideScrollerBP/Blueprints/SideScrollerGameMode'
[2016.02.13-10.07.58:342][809]LogLinker:Warning: Can't find file '/Game/SideScrollerBP/Blueprints/SideScrollerGameMode'
[2016.02.13-10.07.58:342][809]LogUObjectGlobals:Warning: Failed to find object 'Class /Game/SideScrollerBP/Blueprints/SideScrollerGameMode.SideScrollerGameMode_C'
[2016.02.13-10.07.58:342][809]LogWorld: Game class is 'GameMode'
[2016.02.13-10.07.58:346][809]LogWorld: Bringing World /Game/RunnerAssets/UEDPIE_0_RunnerMap.RunnerMap up for play (max tick rate 0) at 2016.02.13-11.07.58
[2016.02.13-10.07.58:346][809]LogActor:Warning: GameSession /Game/RunnerAssets/UEDPIE_0_RunnerMap.RunnerMap:PersistentLevel.GameSession_1 has natively added scene component(s), but none of them were set as the actor's RootComponent - picking one arbitrarily
[2016.02.13-10.07.58:347][809]LogActor:Warning: GameNetworkManager /Game/RunnerAssets/UEDPIE_0_RunnerMap.RunnerMap:PersistentLevel.GameNetworkManager_1 has natively added scene component(s), but none of them were set as the actor's RootComponent - picking one arbitrarily
[2016.02.13-10.07.58:347][809]LogWorld: Bringing up level for play took: 0.003464
[2016.02.13-10.07.58:347][809]LogGameMode: Warning - PATHS NOT DEFINED or NO PLAYERSTART with positive rating
[2016.02.13-10.07.58:348][809]PIE: Info Play in editor start time for /Game/RunnerAssets/UEDPIE_0_RunnerMap 0.188
[2016.02.13-10.07.58:348][809]LogBlueprintUserMessages: Late PlayInEditor Detection: Level '/Game/RunnerAssets/RunnerMap.RunnerMap:PersistentLevel' has LevelScriptBlueprint '/Game/RunnerAssets/RunnerMap.RunnerMap:PersistentLevel.RunnerMap' with GeneratedClass '/Game/RunnerAssets/RunnerMap.RunnerMap_C' with ClassGeneratedBy '/Game/RunnerAssets/RunnerMap.RunnerMap:PersistentLevel.RunnerMap'
[2016.02.13-10.07.58:484][814]Job is a success!
[2016.02.13-10.08.05:387][269]LogBlueprintUserMessages: Early EndPlayMap Detection: Level '/Game/RunnerAssets/RunnerMap.RunnerMap:PersistentLevel' has LevelScriptBlueprint '/Game/RunnerAssets/RunnerMap.RunnerMap:PersistentLevel.RunnerMap' with GeneratedClass '/Game/RunnerAssets/RunnerMap.RunnerMap_C' with ClassGeneratedBy '/Game/RunnerAssets/RunnerMap.RunnerMap:PersistentLevel.RunnerMap'
[2016.02.13-10.08.05:423][269]LogBlueprintUserMessages: Late EndPlayMap Detection: Level '/Game/RunnerAssets/RunnerMap.RunnerMap:PersistentLevel' has LevelScriptBlueprint '/Game/RunnerAssets/RunnerMap.RunnerMap:PersistentLevel.RunnerMap' with GeneratedClass '/Game/RunnerAssets/RunnerMap.RunnerMap_C' with ClassGeneratedBy '/Game/RunnerAssets/RunnerMap.RunnerMap:PersistentLevel.RunnerMap'
[2016.02.13-10.08.05:452][270]LogParticles: Destroying 0 GPU particle simulations for FXSystem 0x000001FB3B0FB9C0
[2016.02.13-10.08.07:103][360]LogBlueprintUserMessages: Early PlayInEditor Detection: Level '/Game/RunnerAssets/RunnerMap.RunnerMap:PersistentLevel' has LevelScriptBlueprint '/Game/RunnerAssets/RunnerMap.RunnerMap:PersistentLevel.RunnerMap' with GeneratedClass '/Game/RunnerAssets/RunnerMap.RunnerMap_C' with ClassGeneratedBy '/Game/RunnerAssets/RunnerMap.RunnerMap:PersistentLevel.RunnerMap'
[2016.02.13-10.08.07:103][360]LogPlayLevel: PlayLevel: No blueprints needed recompiling
[2016.02.13-10.08.07:103][360]PIE: New page: PIE session: RunnerMap (Feb 13, 2016, 12:08:07 PM)
[2016.02.13-10.08.07:103][360]LogPlayLevel: Creating play world package: /Game/RunnerAssets/UEDPIE_0_RunnerMap
[2016.02.13-10.08.07:125][360]LogPlayLevel: PIE: StaticDuplicateObject took: (0.021607s)
[2016.02.13-10.08.07:126][360]LogAIModule: Creating AISystem for world RunnerMap
[2016.02.13-10.08.07:126][360]LogPlayLevel: PIE: World Init took: (0.001064s)
[2016.02.13-10.08.07:127][360]LogPlayLevel: PIE: Created PIE world by copying editor world from /Game/RunnerAssets/RunnerMap.RunnerMap to /Game/RunnerAssets/UEDPIE_0_RunnerMap.RunnerMap (0.022956s)
[2016.02.13-10.08.07:144][360]LogInit: XAudio2 using 'Speakers (USB Sound Device        )' : 2 channels at 44.1 kHz using 16 bits per sample (channel mask 0x3)
[2016.02.13-10.08.07:148][360]LogInit: FAudioDevice initialized.
[2016.02.13-10.08.07:186][360]LogLinker:Warning: Can't find file '/Game/SideScrollerBP/Blueprints/SideScrollerGameMode'
[2016.02.13-10.08.07:186][360]LogLinker:Warning: Can't find file '/Game/SideScrollerBP/Blueprints/SideScrollerGameMode'
[2016.02.13-10.08.07:186][360]LogUObjectGlobals:Warning: Failed to find object 'Class /Game/SideScrollerBP/Blueprints/SideScrollerGameMode.SideScrollerGameMode_C'
[2016.02.13-10.08.07:186][360]LogWorld: Game class is 'GameMode'
[2016.02.13-10.08.07:190][360]LogWorld: Bringing World /Game/RunnerAssets/UEDPIE_0_RunnerMap.RunnerMap up for play (max tick rate 0) at 2016.02.13-11.08.07
[2016.02.13-10.08.07:190][360]LogActor:Warning: GameSession /Game/RunnerAssets/UEDPIE_0_RunnerMap.RunnerMap:PersistentLevel.GameSession_2 has natively added scene component(s), but none of them were set as the actor's RootComponent - picking one arbitrarily
[2016.02.13-10.08.07:190][360]LogActor:Warning: GameNetworkManager /Game/RunnerAssets/UEDPIE_0_RunnerMap.RunnerMap:PersistentLevel.GameNetworkManager_2 has natively added scene component(s), but none of them were set as the actor's RootComponent - picking one arbitrarily
[2016.02.13-10.08.07:190][360]LogWorld: Bringing up level for play took: 0.003077
[2016.02.13-10.08.07:191][360]LogGameMode: Warning - PATHS NOT DEFINED or NO PLAYERSTART with positive rating
[2016.02.13-10.08.07:191][360]PIE: Info Play in editor start time for /Game/RunnerAssets/UEDPIE_0_RunnerMap 1.032
[2016.02.13-10.08.07:192][360]LogBlueprintUserMessages: Late PlayInEditor Detection: Level '/Game/RunnerAssets/RunnerMap.RunnerMap:PersistentLevel' has LevelScriptBlueprint '/Game/RunnerAssets/RunnerMap.RunnerMap:PersistentLevel.RunnerMap' with GeneratedClass '/Game/RunnerAssets/RunnerMap.RunnerMap_C' with ClassGeneratedBy '/Game/RunnerAssets/RunnerMap.RunnerMap:PersistentLevel.RunnerMap'
[2016.02.13-10.08.09:754][528]LogBlueprintUserMessages: Early EndPlayMap Detection: Level '/Game/RunnerAssets/RunnerMap.RunnerMap:PersistentLevel' has LevelScriptBlueprint '/Game/RunnerAssets/RunnerMap.RunnerMap:PersistentLevel.RunnerMap' with GeneratedClass '/Game/RunnerAssets/RunnerMap.RunnerMap_C' with ClassGeneratedBy '/Game/RunnerAssets/RunnerMap.RunnerMap:PersistentLevel.RunnerMap'
[2016.02.13-10.08.09:783][528]LogBlueprintUserMessages: Late EndPlayMap Detection: Level '/Game/RunnerAssets/RunnerMap.RunnerMap:PersistentLevel' has LevelScriptBlueprint '/Game/RunnerAssets/RunnerMap.RunnerMap:PersistentLevel.RunnerMap' with GeneratedClass '/Game/RunnerAssets/RunnerMap.RunnerMap_C' with ClassGeneratedBy '/Game/RunnerAssets/RunnerMap.RunnerMap:PersistentLevel.RunnerMap'
[2016.02.13-10.08.09:810][529]LogParticles: Destroying 0 GPU particle simulations for FXSystem 0x000001FB57DF9E40
[2016.02.13-10.08.11:323][610]LogMaterial:Warning: Material /Game/RunnerAssets/Materials/rusty.rusty needed to have new flag set bUsedWithStaticLighting !
[2016.02.13-10.08.11:325][610]LogMaterial: Missing cached shader map for material rusty, compiling. 
[2016.02.13-10.08.11:371][610]LogMaterial: 0.000141 seconds spent updating 1 materials, 1 interfaces, 0 instances, 0 with static permutations.
[2016.02.13-10.08.11:428][610]LogTexture:Display: Building textures: SkyOcclusion0_1 (AutoDXT)
[2016.02.13-10.08.11:514][610]LogTexture:Display: Building textures: LQ_Lightmap_0_1 (DXT1)
[2016.02.13-10.08.11:519][610]LogTexture:Display: Building textures: HQ_Lightmap0_1 (AutoDXT)
[2016.02.13-10.08.11:539][610]LogTexture:Display: Building textures: ShadowMapTexture2D_0 (G8)
[2016.02.13-10.08.11:710][610]Lightmass on JOHANS_MONSTER: 13.7 sec total, 60 ms importing, 0 ms setup, 270 ms photons, 13.2 sec processing, 0 ms extra exporting [1/1 mappings]. Threads: 1:32 min total, 123 ms processing.
[2016.02.13-10.08.11:813][610]LogStaticLightingSystem: Illumination: 15.8 sec (139 ms encoding lightmaps)
[2016.02.13-10.08.11:813][610]LogStaticLightingSystem: Lightmap texture memory:  0.1 MB (0.1 MB streaming, 0.0 MB non-streaming), 2 textures
[2016.02.13-10.08.11:813][610]LogStaticLightingSystem: Shadowmap texture memory: 0.0 MB (0.0 MB streaming, 0.0 MB non-streaming), 1 textures
[2016.02.13-10.08.12:072][611]Cmd: MAP CHECK NOTIFYRESULTS
[2016.02.13-10.08.12:072][611]MapCheck: New page: RunnerMap - Feb 13, 2016, 12:08:12 PM
[2016.02.13-10.08.12:142][611]MapCheck: Info Map check complete: 0 Error(s), 0 Warning(s), took 68.882ms to complete.
[2016.02.13-10.08.14:487][724]LogBlueprintUserMessages: Early PlayInEditor Detection: Level '/Game/RunnerAssets/RunnerMap.RunnerMap:PersistentLevel' has LevelScriptBlueprint '/Game/RunnerAssets/RunnerMap.RunnerMap:PersistentLevel.RunnerMap' with GeneratedClass '/Game/RunnerAssets/RunnerMap.RunnerMap_C' with ClassGeneratedBy '/Game/RunnerAssets/RunnerMap.RunnerMap:PersistentLevel.RunnerMap'
[2016.02.13-10.08.14:487][724]LogPlayLevel: PlayLevel: No blueprints needed recompiling
[2016.02.13-10.08.14:487][724]PIE: New page: PIE session: RunnerMap (Feb 13, 2016, 12:08:14 PM)
[2016.02.13-10.08.14:487][724]LogPlayLevel: Creating play world package: /Game/RunnerAssets/UEDPIE_0_RunnerMap
[2016.02.13-10.08.14:514][724]LogPlayLevel: PIE: StaticDuplicateObject took: (0.027146s)
[2016.02.13-10.08.14:515][724]LogAIModule: Creating AISystem for world RunnerMap
[2016.02.13-10.08.14:515][724]LogPlayLevel: PIE: World Init took: (0.001042s)
[2016.02.13-10.08.14:516][724]LogPlayLevel: PIE: Created PIE world by copying editor world from /Game/RunnerAssets/RunnerMap.RunnerMap to /Game/RunnerAssets/UEDPIE_0_RunnerMap.RunnerMap (0.028459s)
[2016.02.13-10.08.14:540][724]LogInit: XAudio2 using 'Speakers (USB Sound Device        )' : 2 channels at 44.1 kHz using 16 bits per sample (channel mask 0x3)
[2016.02.13-10.08.14:547][724]LogInit: FAudioDevice initialized.
[2016.02.13-10.08.14:589][724]LogLinker:Warning: Can't find file '/Game/SideScrollerBP/Blueprints/SideScrollerGameMode'
[2016.02.13-10.08.14:589][724]LogLinker:Warning: Can't find file '/Game/SideScrollerBP/Blueprints/SideScrollerGameMode'
[2016.02.13-10.08.14:589][724]LogUObjectGlobals:Warning: Failed to find object 'Class /Game/SideScrollerBP/Blueprints/SideScrollerGameMode.SideScrollerGameMode_C'
[2016.02.13-10.08.14:589][724]LogWorld: Game class is 'GameMode'
[2016.02.13-10.08.14:594][724]LogWorld: Bringing World /Game/RunnerAssets/UEDPIE_0_RunnerMap.RunnerMap up for play (max tick rate 0) at 2016.02.13-11.08.14
[2016.02.13-10.08.14:594][724]LogActor:Warning: GameSession /Game/RunnerAssets/UEDPIE_0_RunnerMap.RunnerMap:PersistentLevel.GameSession_3 has natively added scene component(s), but none of them were set as the actor's RootComponent - picking one arbitrarily
[2016.02.13-10.08.14:595][724]LogActor:Warning: GameNetworkManager /Game/RunnerAssets/UEDPIE_0_RunnerMap.RunnerMap:PersistentLevel.GameNetworkManager_3 has natively added scene component(s), but none of them were set as the actor's RootComponent - picking one arbitrarily
[2016.02.13-10.08.14:595][724]LogWorld: Bringing up level for play took: 0.004783
[2016.02.13-10.08.14:596][724]LogGameMode: Warning - PATHS NOT DEFINED or NO PLAYERSTART with positive rating
[2016.02.13-10.08.14:597][724]PIE: Info Play in editor start time for /Game/RunnerAssets/UEDPIE_0_RunnerMap 0.437
[2016.02.13-10.08.14:597][724]LogBlueprintUserMessages: Late PlayInEditor Detection: Level '/Game/RunnerAssets/RunnerMap.RunnerMap:PersistentLevel' has LevelScriptBlueprint '/Game/RunnerAssets/RunnerMap.RunnerMap:PersistentLevel.RunnerMap' with GeneratedClass '/Game/RunnerAssets/RunnerMap.RunnerMap_C' with ClassGeneratedBy '/Game/RunnerAssets/RunnerMap.RunnerMap:PersistentLevel.RunnerMap'
[2016.02.13-10.10.01:480][181]LogBlueprintUserMessages: Early EndPlayMap Detection: Level '/Game/RunnerAssets/RunnerMap.RunnerMap:PersistentLevel' has LevelScriptBlueprint '/Game/RunnerAssets/RunnerMap.RunnerMap:PersistentLevel.RunnerMap' with GeneratedClass '/Game/RunnerAssets/RunnerMap.RunnerMap_C' with ClassGeneratedBy '/Game/RunnerAssets/RunnerMap.RunnerMap:PersistentLevel.RunnerMap'
[2016.02.13-10.10.01:509][181]LogBlueprintUserMessages: Late EndPlayMap Detection: Level '/Game/RunnerAssets/RunnerMap.RunnerMap:PersistentLevel' has LevelScriptBlueprint '/Game/RunnerAssets/RunnerMap.RunnerMap:PersistentLevel.RunnerMap' with GeneratedClass '/Game/RunnerAssets/RunnerMap.RunnerMap_C' with ClassGeneratedBy '/Game/RunnerAssets/RunnerMap.RunnerMap:PersistentLevel.RunnerMap'
[2016.02.13-10.10.01:540][182]LogParticles: Destroying 0 GPU particle simulations for FXSystem 0x000001FB4037E3E0
[2016.02.13-10.10.16:261][137]LogBlueprintUserMessages: Early PlayInEditor Detection: Level '/Game/RunnerAssets/RunnerMap.RunnerMap:PersistentLevel' has LevelScriptBlueprint '/Game/RunnerAssets/RunnerMap.RunnerMap:PersistentLevel.RunnerMap' with GeneratedClass '/Game/RunnerAssets/RunnerMap.RunnerMap_C' with ClassGeneratedBy '/Game/RunnerAssets/RunnerMap.RunnerMap:PersistentLevel.RunnerMap'
[2016.02.13-10.10.16:261][137]LogPlayLevel: PlayLevel: No blueprints needed recompiling
[2016.02.13-10.10.16:261][137]PIE: New page: PIE session: RunnerMap (Feb 13, 2016, 12:10:16 PM)
[2016.02.13-10.10.16:261][137]LogPlayLevel: Creating play world package: /Game/RunnerAssets/UEDPIE_0_RunnerMap
[2016.02.13-10.10.16:298][137]LogPlayLevel: PIE: StaticDuplicateObject took: (0.036167s)
[2016.02.13-10.10.16:298][137]LogAIModule: Creating AISystem for world RunnerMap
[2016.02.13-10.10.16:299][137]LogPlayLevel: PIE: World Init took: (0.001062s)
[2016.02.13-10.10.16:299][137]LogPlayLevel: PIE: Created PIE world by copying editor world from /Game/RunnerAssets/RunnerMap.RunnerMap to /Game/RunnerAssets/UEDPIE_0_RunnerMap.RunnerMap (0.037525s)
[2016.02.13-10.10.16:317][137]LogInit: XAudio2 using 'Speakers (USB Sound Device        )' : 2 channels at 44.1 kHz using 16 bits per sample (channel mask 0x3)
[2016.02.13-10.10.16:322][137]LogInit: FAudioDevice initialized.
[2016.02.13-10.10.16:356][137]LogLinker:Warning: Can't find file '/Game/SideScrollerBP/Blueprints/SideScrollerGameMode'
[2016.02.13-10.10.16:356][137]LogLinker:Warning: Can't find file '/Game/SideScrollerBP/Blueprints/SideScrollerGameMode'
[2016.02.13-10.10.16:356][137]LogUObjectGlobals:Warning: Failed to find object 'Class /Game/SideScrollerBP/Blueprints/SideScrollerGameMode.SideScrollerGameMode_C'
[2016.02.13-10.10.16:356][137]LogWorld: Game class is 'GameMode'
[2016.02.13-10.10.16:360][137]LogWorld: Bringing World /Game/RunnerAssets/UEDPIE_0_RunnerMap.RunnerMap up for play (max tick rate 0) at 2016.02.13-11.10.16
[2016.02.13-10.10.16:360][137]LogActor:Warning: GameSession /Game/RunnerAssets/UEDPIE_0_RunnerMap.RunnerMap:PersistentLevel.GameSession_4 has natively added scene component(s), but none of them were set as the actor's RootComponent - picking one arbitrarily
[2016.02.13-10.10.16:360][137]LogActor:Warning: GameNetworkManager /Game/RunnerAssets/UEDPIE_0_RunnerMap.RunnerMap:PersistentLevel.GameNetworkManager_4 has natively added scene component(s), but none of them were set as the actor's RootComponent - picking one arbitrarily
[2016.02.13-10.10.16:360][137]LogWorld: Bringing up level for play took: 0.003246
[2016.02.13-10.10.16:361][137]LogGameMode: Warning - PATHS NOT DEFINED or NO PLAYERSTART with positive rating
[2016.02.13-10.10.16:361][137]PIE: Info Play in editor start time for /Game/RunnerAssets/UEDPIE_0_RunnerMap 0.202
[2016.02.13-10.10.16:362][137]LogBlueprintUserMessages: Late PlayInEditor Detection: Level '/Game/RunnerAssets/RunnerMap.RunnerMap:PersistentLevel' has LevelScriptBlueprint '/Game/RunnerAssets/RunnerMap.RunnerMap:PersistentLevel.RunnerMap' with GeneratedClass '/Game/RunnerAssets/RunnerMap.RunnerMap_C' with ClassGeneratedBy '/Game/RunnerAssets/RunnerMap.RunnerMap:PersistentLevel.RunnerMap'
[2016.02.13-10.10.40:339][853]LogBlueprintUserMessages: Early EndPlayMap Detection: Level '/Game/RunnerAssets/RunnerMap.RunnerMap:PersistentLevel' has LevelScriptBlueprint '/Game/RunnerAssets/RunnerMap.RunnerMap:PersistentLevel.RunnerMap' with GeneratedClass '/Game/RunnerAssets/RunnerMap.RunnerMap_C' with ClassGeneratedBy '/Game/RunnerAssets/RunnerMap.RunnerMap:PersistentLevel.RunnerMap'
[2016.02.13-10.10.40:373][853]LogBlueprintUserMessages: Late EndPlayMap Detection: Level '/Game/RunnerAssets/RunnerMap.RunnerMap:PersistentLevel' has LevelScriptBlueprint '/Game/RunnerAssets/RunnerMap.RunnerMap:PersistentLevel.RunnerMap' with GeneratedClass '/Game/RunnerAssets/RunnerMap.RunnerMap_C' with ClassGeneratedBy '/Game/RunnerAssets/RunnerMap.RunnerMap:PersistentLevel.RunnerMap'
[2016.02.13-10.10.40:400][854]LogParticles: Destroying 0 GPU particle simulations for FXSystem 0x000001FB3E186B60
[2016.02.13-10.11.01:254][908]LogRenderer: Reallocating scene render targets to support 1208x656 (Frame:34396).
[2016.02.13-10.11.10:584][638]Cmd: OBJ SAVEPACKAGE PACKAGE="/Game/RunnerAssets/Meshes/floor2" FILE="../../../../../../Users/Johan/Documents/GitHub/Runner/Content/RunnerAssets/Meshes/floor2.uasset" SILENT=true
[2016.02.13-10.11.10:644][638]LogSavePackage: Save=49.781303ms
[2016.02.13-10.11.10:644][638]LogSavePackage: Moving '../../../../../../Users/Johan/Documents/GitHub/Runner/Saved/floor233A5E5DC4530FD782899069BDC53E15B.tmp' to '../../../../../../Users/Johan/Documents/GitHub/Runner/Content/RunnerAssets/Meshes/floor2.uasset'
[2016.02.13-10.11.10:647][638]LogSavePackage: Total save time: 61.421640ms
[2016.02.13-10.11.10:647][638]LogSavePackage:Display: Finished SavePackage ../../../../../../Users/Johan/Documents/GitHub/Runner/Content/RunnerAssets/Meshes/floor2.uasset
[2016.02.13-10.11.14:838][824]LogRenderer: Reallocating scene render targets to support 1208x664 (Frame:35207).
[2016.02.13-10.11.45:689][879]Cmd: OBJ SAVEPACKAGE PACKAGE="/Game/RunnerAssets/Meshes/floor3" FILE="../../../../../../Users/Johan/Documents/GitHub/Runner/Content/RunnerAssets/Meshes/floor3.uasset" SILENT=true
[2016.02.13-10.11.45:706][879]LogSavePackage: Save=10.394562ms
[2016.02.13-10.11.45:706][879]LogSavePackage: Moving '../../../../../../Users/Johan/Documents/GitHub/Runner/Saved/floor3BBBB9DAA451AD923AA811DB11DA0E1B9.tmp' to '../../../../../../Users/Johan/Documents/GitHub/Runner/Content/RunnerAssets/Meshes/floor3.uasset'
[2016.02.13-10.11.45:708][879]LogSavePackage: Total save time: 18.251386ms
[2016.02.13-10.11.45:708][879]LogSavePackage:Display: Finished SavePackage ../../../../../../Users/Johan/Documents/GitHub/Runner/Content/RunnerAssets/Meshes/floor3.uasset
[2016.02.13-10.11.49:185][ 76]LogRenderer: Reallocating scene render targets to support 1208x676 (Frame:37527).
[2016.02.13-10.12.30:110][685]Cmd: OBJ SAVEPACKAGE PACKAGE="/Game/RunnerAssets/Meshes/floor2" FILE="../../../../../../Users/Johan/Documents/GitHub/Runner/Content/RunnerAssets/Meshes/floor2.uasset" SILENT=true
[2016.02.13-10.12.30:126][685]LogSavePackage: Save=10.351396ms
[2016.02.13-10.12.30:126][685]LogSavePackage: Moving '../../../../../../Users/Johan/Documents/GitHub/Runner/Saved/floor27844BBA5465DA1F3C774B98EC9413231.tmp' to '../../../../../../Users/Johan/Documents/GitHub/Runner/Content/RunnerAssets/Meshes/floor2.uasset'
[2016.02.13-10.12.30:129][685]LogSavePackage: Total save time: 17.173138ms
[2016.02.13-10.12.30:129][685]LogSavePackage:Display: Finished SavePackage ../../../../../../Users/Johan/Documents/GitHub/Runner/Content/RunnerAssets/Meshes/floor2.uasset
[2016.02.13-10.12.32:928][850]LogRenderer: Reallocating scene render targets to support 1208x684 (Frame:40712).
[2016.02.13-10.12.50:543][962]Cmd: OBJ SAVEPACKAGE PACKAGE="/Game/RunnerAssets/Meshes/floor4" FILE="../../../../../../Users/Johan/Documents/GitHub/Runner/Content/RunnerAssets/Meshes/floor4.uasset" SILENT=true
[2016.02.13-10.12.50:561][962]LogSavePackage: Save=10.994660ms
[2016.02.13-10.12.50:561][962]LogSavePackage: Moving '../../../../../../Users/Johan/Documents/GitHub/Runner/Saved/floor4BB1E5DAC47BEA1A338EB92AB4FAC0022.tmp' to '../../../../../../Users/Johan/Documents/GitHub/Runner/Content/RunnerAssets/Meshes/floor4.uasset'
[2016.02.13-10.12.50:563][962]LogSavePackage: Total save time: 19.006334ms
[2016.02.13-10.12.50:563][962]LogSavePackage:Display: Finished SavePackage ../../../../../../Users/Johan/Documents/GitHub/Runner/Content/RunnerAssets/Meshes/floor4.uasset
[2016.02.13-10.13.06:277][ 74]LogEditorViewport: Clicking Background
[2016.02.13-10.13.09:641][319]LogBlueprintUserMessages: Early PlayInEditor Detection: Level '/Game/RunnerAssets/RunnerMap.RunnerMap:PersistentLevel' has LevelScriptBlueprint '/Game/RunnerAssets/RunnerMap.RunnerMap:PersistentLevel.RunnerMap' with GeneratedClass '/Game/RunnerAssets/RunnerMap.RunnerMap_C' with ClassGeneratedBy '/Game/RunnerAssets/RunnerMap.RunnerMap:PersistentLevel.RunnerMap'
[2016.02.13-10.13.09:641][319]LogPlayLevel: PlayLevel: No blueprints needed recompiling
[2016.02.13-10.13.09:641][319]PIE: New page: PIE session: RunnerMap (Feb 13, 2016, 12:13:09 PM)
[2016.02.13-10.13.09:641][319]LogPlayLevel: Creating play world package: /Game/RunnerAssets/UEDPIE_0_RunnerMap
[2016.02.13-10.13.09:666][319]LogPlayLevel: PIE: StaticDuplicateObject took: (0.024808s)
[2016.02.13-10.13.09:667][319]LogAIModule: Creating AISystem for world RunnerMap
[2016.02.13-10.13.09:667][319]LogPlayLevel: PIE: World Init took: (0.000952s)
[2016.02.13-10.13.09:667][319]LogPlayLevel: PIE: Created PIE world by copying editor world from /Game/RunnerAssets/RunnerMap.RunnerMap to /Game/RunnerAssets/UEDPIE_0_RunnerMap.RunnerMap (0.026016s)
[2016.02.13-10.13.09:671][319]LogActorComponent: UnregisterComponent: (/Engine/Transient.CharMoveComp) Not registered. Aborting.
[2016.02.13-10.13.09:685][319]LogParticles: Destroying 0 GPU particle simulations for FXSystem 0x000001FB69138220
[2016.02.13-10.13.09:686][319]LogParticles: Destroying 0 GPU particle simulations for FXSystem 0x000001FB694189A0
[2016.02.13-10.13.09:686][319]LogParticles: Destroying 0 GPU particle simulations for FXSystem 0x000001FB0789DC60
[2016.02.13-10.13.09:687][319]LogParticles: Destroying 0 GPU particle simulations for FXSystem 0x000001FB615B4B80
[2016.02.13-10.13.09:753][319]LogInit: XAudio2 using 'Speakers (USB Sound Device        )' : 2 channels at 44.1 kHz using 16 bits per sample (channel mask 0x3)
[2016.02.13-10.13.09:759][319]LogInit: FAudioDevice initialized.
[2016.02.13-10.13.09:794][319]LogLinker:Warning: Can't find file '/Game/SideScrollerBP/Blueprints/SideScrollerGameMode'
[2016.02.13-10.13.09:795][319]LogLinker:Warning: Can't find file '/Game/SideScrollerBP/Blueprints/SideScrollerGameMode'
[2016.02.13-10.13.09:795][319]LogUObjectGlobals:Warning: Failed to find object 'Class /Game/SideScrollerBP/Blueprints/SideScrollerGameMode.SideScrollerGameMode_C'
[2016.02.13-10.13.09:795][319]LogWorld: Game class is 'GameMode'
[2016.02.13-10.13.09:799][319]LogWorld: Bringing World /Game/RunnerAssets/UEDPIE_0_RunnerMap.RunnerMap up for play (max tick rate 0) at 2016.02.13-11.13.09
[2016.02.13-10.13.09:799][319]LogActor:Warning: GameSession /Game/RunnerAssets/UEDPIE_0_RunnerMap.RunnerMap:PersistentLevel.GameSession_5 has natively added scene component(s), but none of them were set as the actor's RootComponent - picking one arbitrarily
[2016.02.13-10.13.09:799][319]LogActor:Warning: GameNetworkManager /Game/RunnerAssets/UEDPIE_0_RunnerMap.RunnerMap:PersistentLevel.GameNetworkManager_5 has natively added scene component(s), but none of them were set as the actor's RootComponent - picking one arbitrarily
[2016.02.13-10.13.09:799][319]LogWorld: Bringing up level for play took: 0.003158
[2016.02.13-10.13.09:799][319]LogGameMode: Warning - PATHS NOT DEFINED or NO PLAYERSTART with positive rating
[2016.02.13-10.13.09:800][319]PIE: Info Play in editor start time for /Game/RunnerAssets/UEDPIE_0_RunnerMap -0.36
[2016.02.13-10.13.09:800][319]LogBlueprintUserMessages: Late PlayInEditor Detection: Level '/Game/RunnerAssets/RunnerMap.RunnerMap:PersistentLevel' has LevelScriptBlueprint '/Game/RunnerAssets/RunnerMap.RunnerMap:PersistentLevel.RunnerMap' with GeneratedClass '/Game/RunnerAssets/RunnerMap.RunnerMap_C' with ClassGeneratedBy '/Game/RunnerAssets/RunnerMap.RunnerMap:PersistentLevel.RunnerMap'
[2016.02.13-10.14.34:250][206]LogBlueprintUserMessages: Early EndPlayMap Detection: Level '/Game/RunnerAssets/RunnerMap.RunnerMap:PersistentLevel' has LevelScriptBlueprint '/Game/RunnerAssets/RunnerMap.RunnerMap:PersistentLevel.RunnerMap' with GeneratedClass '/Game/RunnerAssets/RunnerMap.RunnerMap_C' with ClassGeneratedBy '/Game/RunnerAssets/RunnerMap.RunnerMap:PersistentLevel.RunnerMap'
[2016.02.13-10.14.34:291][206]LogBlueprintUserMessages: Late EndPlayMap Detection: Level '/Game/RunnerAssets/RunnerMap.RunnerMap:PersistentLevel' has LevelScriptBlueprint '/Game/RunnerAssets/RunnerMap.RunnerMap:PersistentLevel.RunnerMap' with GeneratedClass '/Game/RunnerAssets/RunnerMap.RunnerMap_C' with ClassGeneratedBy '/Game/RunnerAssets/RunnerMap.RunnerMap:PersistentLevel.RunnerMap'
[2016.02.13-10.14.34:315][206]LogParticles: Destroying 0 GPU particle simulations for FXSystem 0x000001FB077027A0
[2016.02.13-10.18.00:990][601]LogSavePackage: Save=302.112732ms
[2016.02.13-10.18.00:990][601]LogSavePackage: Moving '../../../../../../Users/Johan/Documents/GitHub/Runner/Saved/RunnerMap_Auto1C4700C704E8DE23F7E11CDAAC594276C.tmp' to '../../../../../../Users/Johan/Documents/GitHub/Runner/Saved/Autosaves/Game/RunnerAssets/RunnerMap_Auto1.umap'
[2016.02.13-10.18.00:992][601]LogSavePackage: Total save time: 316.542249ms
[2016.02.13-10.18.00:992][601]LogSavePackage:Display: Finished SavePackage ../../../../../../Users/Johan/Documents/GitHub/Runner/Saved/Autosaves/Game/RunnerAssets/RunnerMap_Auto1.umap
[2016.02.13-10.18.00:994][601]LogFileHelpers: Editor autosave (incl. sublevels) for '/Game/RunnerAssets/RunnerMap' took 0.338
[2016.02.13-10.18.00:994][601]LogFileHelpers: Editor autosave (incl. sublevels) for all levels took 0.338
[2016.02.13-10.18.00:998][601]OBJ SavePackage: Generating thumbnails for [1] asset(s) in package [/Game/RunnerAssets/Materials/rusty] ([1] browsable assets)...
[2016.02.13-10.18.01:019][601]OBJ SavePackage:     Rendered thumbnail for [Material /Game/RunnerAssets/Materials/rusty.rusty]
[2016.02.13-10.18.01:019][601]OBJ SavePackage: Finished generating thumbnails for package [/Game/RunnerAssets/Materials/rusty]
[2016.02.13-10.18.01:037][601]LogSavePackage: Save=11.770140ms
[2016.02.13-10.18.01:037][601]LogSavePackage: Moving '../../../../../../Users/Johan/Documents/GitHub/Runner/Saved/rusty_Auto1BC66A1D64A48C921FC5B8BA0CD6A8051.tmp' to '../../../../../../Users/Johan/Documents/GitHub/Runner/Saved/Autosaves/Game/RunnerAssets/Materials/rusty_Auto1.uasset'
[2016.02.13-10.18.01:038][601]LogSavePackage: Total save time: 18.406238ms
[2016.02.13-10.18.01:038][601]LogSavePackage:Display: Finished SavePackage ../../../../../../Users/Johan/Documents/GitHub/Runner/Saved/Autosaves/Game/RunnerAssets/Materials/rusty_Auto1.uasset
[2016.02.13-10.18.01:038][601]LogFileHelpers: Auto-saving content packages took 0.043
[2016.02.13-10.21.53:119][ 49]Cmd: OBJ SAVEPACKAGE PACKAGE="/Game/RunnerAssets/RunnerMap" FILE="../../../../../../Users/Johan/Documents/GitHub/Runner/Content/RunnerAssets/RunnerMap.umap" SILENT=true AUTOSAVING=false KEEPDIRTY=false
[2016.02.13-10.21.53:250][ 49]LogSavePackage: Save=115.065849ms
[2016.02.13-10.21.53:250][ 49]LogSavePackage: Moving '../../../../../../Users/Johan/Documents/GitHub/Runner/Saved/RunnerMapA662F6104DD7C30B59A50ABADCE36106.tmp' to '../../../../../../Users/Johan/Documents/GitHub/Runner/Content/RunnerAssets/RunnerMap.umap'
[2016.02.13-10.21.53:256][ 49]LogSavePackage: Total save time: 124.915857ms
[2016.02.13-10.21.53:256][ 49]LogSavePackage:Display: Finished SavePackage ../../../../../../Users/Johan/Documents/GitHub/Runner/Content/RunnerAssets/RunnerMap.umap
[2016.02.13-10.21.53:287][ 49]LogFileHelpers: Saving map 'RunnerMap' took 0.223
[2016.02.13-10.21.53:292][ 49]Cmd: OBJ SAVEPACKAGE PACKAGE="/Game/RunnerAssets/Materials/rusty" FILE="../../../../../../Users/Johan/Documents/GitHub/Runner/Content/RunnerAssets/Materials/rusty.uasset" SILENT=true
[2016.02.13-10.21.53:301][ 49]LogSavePackage: Save=2.987814ms
[2016.02.13-10.21.53:301][ 49]LogSavePackage: Moving '../../../../../../Users/Johan/Documents/GitHub/Runner/Saved/rusty97DD66234F8CBD6FF48683A3BEB36723.tmp' to '../../../../../../Users/Johan/Documents/GitHub/Runner/Content/RunnerAssets/Materials/rusty.uasset'
[2016.02.13-10.21.53:303][ 49]LogSavePackage: Total save time: 9.649571ms
[2016.02.13-10.21.53:303][ 49]LogSavePackage:Display: Finished SavePackage ../../../../../../Users/Johan/Documents/GitHub/Runner/Content/RunnerAssets/Materials/rusty.uasset
[2016.02.13-10.21.54:859][139]Cmd: QUIT_EDITOR
[2016.02.13-10.21.55:382][139]LogWindowsTextInputMethodSystem:Display: IME system now deactivated.
[2016.02.13-10.21.55:382][139]LogWindowsTextInputMethodSystem:Display: IME system now deactivated.
[2016.02.13-10.21.55:488][139]LogExit: Preparing to exit.
[2016.02.13-10.26.56:877][139]LogExit: Editor shut down
[2016.02.13-10.26.56:877][139]LogExit: Transaction tracking system shut down
[2016.02.13-10.26.56:896][139]LogParticles: Destroying 0 GPU particle simulations for FXSystem 0x000001FB4E6667A0
[2016.02.13-10.26.56:898][139]LogParticles: Destroying 0 GPU particle simulations for FXSystem 0x000001FB58789A80
[2016.02.13-10.26.56:898][139]LogParticles: Destroying 0 GPU particle simulations for FXSystem 0x000001FB592D1A80
[2016.02.13-10.26.56:898][139]LogParticles: Destroying 0 GPU particle simulations for FXSystem 0x000001FB0789F100
[2016.02.13-10.26.57:556][139]LogParticles: Destroying 0 GPU particle simulations for FXSystem 0x000001FB3A913920
[2016.02.13-10.26.57:556][139]LogExit: Object subsystem successfully closed.
[2016.02.13-10.26.57:659][139]LogD3D11RHI: Shutdown
[2016.02.13-10.26.57:659][139]LogD3D11RHI: CleanupD3DDevice
[2016.02.13-10.26.57:825][139]LogD3D11RHI: ~FD3D11DynamicRHI
[2016.02.13-10.26.58:185][139]LogModuleManager: Shutting down and abandoning module CookingStats (200)
[2016.02.13-10.26.58:185][139]LogModuleManager: Shutting down and abandoning module StaticMeshEditor (199)
[2016.02.13-10.26.58:185][139]LogModuleManager: Shutting down and abandoning module CrashTracker (198)
[2016.02.13-10.26.58:185][139]LogModuleManager: Shutting down and abandoning module SceneOutliner (197)
[2016.02.13-10.26.58:185][139]LogModuleManager: Shutting down and abandoning module SuperSearch (196)
[2016.02.13-10.26.58:185][139]LogModuleManager: Shutting down and abandoning module WidgetCarousel (195)
[2016.02.13-10.26.58:185][139]LogModuleManager: Shutting down and abandoning module AddContentDialog (194)
[2016.02.13-10.26.58:187][139]LogModuleManager: Shutting down and abandoning module EditorWidgets (193)
[2016.02.13-10.26.58:187][139]LogModuleManager: Shutting down and abandoning module CollectionManager (192)
[2016.02.13-10.26.58:196][139]LogModuleManager: Shutting down and abandoning module StatsViewer (191)
[2016.02.13-10.26.58:196][139]LogModuleManager: Shutting down and abandoning module FoliageEdit (190)
[2016.02.13-10.26.58:196][139]LogModuleManager: Shutting down and abandoning module LandscapeEditor (189)
[2016.02.13-10.26.58:202][139]LogModuleManager: Shutting down and abandoning module ActorPickerMode (188)
[2016.02.13-10.26.58:202][139]LogModuleManager: Shutting down and abandoning module GeometryMode (187)
[2016.02.13-10.26.58:202][139]LogModuleManager: Shutting down and abandoning module TextureAlignMode (186)
[2016.02.13-10.26.58:202][139]LogModuleManager: Shutting down and abandoning module BspMode (185)
[2016.02.13-10.26.58:202][139]LogModuleManager: Shutting down and abandoning module PlacementMode (184)
[2016.02.13-10.26.58:202][139]LogModuleManager: Shutting down and abandoning module AutomationWorker (183)
[2016.02.13-10.26.58:202][139]LogModuleManager: Shutting down and abandoning module CharacterAI (182)
[2016.02.13-10.26.58:202][139]LogModuleManager: Shutting down and abandoning module SmartSnapping (181)
[2016.02.13-10.26.58:202][139]LogModuleManager: Shutting down and abandoning module ViewportSnapping (180)
[2016.02.13-10.26.58:202][139]LogModuleManager: Shutting down and abandoning module LogVisualizer (179)
[2016.02.13-10.26.58:202][139]LogModuleManager: Shutting down and abandoning module GameProjectGeneration (178)
[2016.02.13-10.26.58:224][139]LogModuleManager: Shutting down and abandoning module IntroTutorials (177)
[2016.02.13-10.26.58:224][139]LogModuleManager: Shutting down and abandoning module EditorLiveStreaming (176)
[2016.02.13-10.26.58:224][139]LogModuleManager: Shutting down and abandoning module IOSPlatformEditor (175)
[2016.02.13-10.26.58:224][139]LogModuleManager: Shutting down and abandoning module HTML5PlatformEditor (174)
[2016.02.13-10.26.58:224][139]LogModuleManager: Shutting down and abandoning module AndroidDeviceDetection (173)
[2016.02.13-10.26.58:544][139]LogModuleManager: Shutting down and abandoning module AndroidPlatformEditor (172)
[2016.02.13-10.26.58:544][139]LogModuleManager: Shutting down and abandoning module IOSRuntimeSettings (171)
[2016.02.13-10.26.58:544][139]LogModuleManager: Shutting down and abandoning module AndroidRuntimeSettings (170)
[2016.02.13-10.26.58:544][139]LogModuleManager: Shutting down and abandoning module MergeActors (169)
[2016.02.13-10.26.58:544][139]LogModuleManager: Shutting down and abandoning module SizeMap (168)
[2016.02.13-10.26.58:544][139]LogModuleManager: Shutting down and abandoning module TreeMap (167)
[2016.02.13-10.26.58:544][139]LogModuleManager: Shutting down and abandoning module ReferenceViewer (166)
[2016.02.13-10.26.58:544][139]LogModuleManager: Shutting down and abandoning module LocalizationService (165)
[2016.02.13-10.26.58:544][139]LogModuleManager: Shutting down and abandoning module LocalizationDashboard (164)
[2016.02.13-10.26.58:568][139]LogModuleManager: Shutting down and abandoning module HardwareTargeting (163)
[2016.02.13-10.26.58:568][139]LogModuleManager: Shutting down and abandoning module DeviceProfileEditor (162)
[2016.02.13-10.26.58:568][139]LogModuleManager: Shutting down and abandoning module UndoHistory (161)
[2016.02.13-10.26.58:568][139]LogModuleManager: Shutting down and abandoning module GameplayTagsEditor (160)
[2016.02.13-10.26.58:568][139]LogModuleManager: Shutting down and abandoning module UserFeedback (159)
[2016.02.13-10.26.58:568][139]LogModuleManager: Shutting down and abandoning module XmlParser (158)
[2016.02.13-10.26.58:568][139]LogModuleManager: Shutting down and abandoning module Blutility (157)
[2016.02.13-10.26.58:568][139]LogModuleManager: Shutting down and abandoning module ProjectTargetPlatformEditor (156)
[2016.02.13-10.26.58:568][139]LogModuleManager: Shutting down and abandoning module ProjectSettingsViewer (155)
[2016.02.13-10.26.58:568][139]LogModuleManager: Shutting down and abandoning module InputBindingEditor (154)
[2016.02.13-10.26.58:588][139]LogModuleManager: Shutting down and abandoning module EditorSettingsViewer (153)
[2016.02.13-10.26.58:588][139]LogModuleManager: Shutting down and abandoning module SettingsEditor (152)
[2016.02.13-10.26.58:588][139]LogModuleManager: Shutting down and abandoning module ProjectLauncher (151)
[2016.02.13-10.26.58:611][139]LogModuleManager: Shutting down and abandoning module SessionFrontend (150)
[2016.02.13-10.26.58:611][139]LogModuleManager: Shutting down and abandoning module ProfilerClient (149)
[2016.02.13-10.26.58:638][139]LogModuleManager: Shutting down and abandoning module TargetDeviceServices (148)
[2016.02.13-10.26.58:638][139]LogModuleManager: Shutting down and abandoning module DeviceManager (147)
[2016.02.13-10.26.58:638][139]LogModuleManager: Shutting down and abandoning module AutomationController (146)
[2016.02.13-10.26.58:638][139]LogModuleManager: Shutting down and abandoning module AutomationWindow (145)
[2016.02.13-10.26.58:655][139]LogModuleManager: Shutting down and abandoning module Layers (144)
[2016.02.13-10.26.58:699][139]LogModuleManager: Shutting down and abandoning module ComponentVisualizers (143)
[2016.02.13-10.26.58:699][139]LogModuleManager: Shutting down and abandoning module DetailCustomizations (142)
[2016.02.13-10.26.58:699][139]LogModuleManager: Shutting down and abandoning module PackagesDialog (141)
[2016.02.13-10.26.58:699][139]LogModuleManager: Shutting down and abandoning module Persona (140)
[2016.02.13-10.26.58:757][139]LogModuleManager: Shutting down and abandoning module Kismet (139)
[2016.02.13-10.26.58:757][139]LogModuleManager: Shutting down and abandoning module GraphEditor (138)
[2016.02.13-10.26.58:801][139]LogModuleManager: Shutting down and abandoning module ClassViewer (137)
[2016.02.13-10.26.58:801][139]LogModuleManager: Shutting down and abandoning module Toolbox (136)
[2016.02.13-10.26.58:801][139]LogModuleManager: Shutting down and abandoning module ModuleUI (135)
[2016.02.13-10.26.58:845][139]LogModuleManager: Shutting down and abandoning module MovieSceneTools (134)
[2016.02.13-10.26.58:845][139]LogModuleManager: Shutting down and abandoning module OutputLog (133)
[2016.02.13-10.26.58:845][139]LogModuleManager: Shutting down and abandoning module GammaUI (132)
[2016.02.13-10.26.58:864][139]LogModuleManager: Shutting down and abandoning module Documentation (131)
[2016.02.13-10.26.58:864][139]LogModuleManager: Shutting down and abandoning module GameLiveStreaming (130)
[2016.02.13-10.26.58:864][139]LogModuleManager: Shutting down and abandoning module StreamingPauseRendering (129)
[2016.02.13-10.26.58:864][139]LogModuleManager: Shutting down and abandoning module AnalyticsET (128)
[2016.02.13-10.26.58:864][139]LogModuleManager: Shutting down and abandoning module Analytics (127)
[2016.02.13-10.26.58:864][139]LogModuleManager: Shutting down and abandoning module AITestSuite (126)
[2016.02.13-10.26.58:864][139]LogModuleManager: Shutting down and abandoning module GameplayDebugger (125)
[2016.02.13-10.26.58:864][139]LogModuleManager: Shutting down and abandoning module AIModule (124)
[2016.02.13-10.26.58:864][139]LogModuleManager: Shutting down and abandoning module ProfilerService (123)
[2016.02.13-10.26.59:024][139]LogModuleManager: Shutting down and abandoning module TaskGraph (122)
[2016.02.13-10.26.59:038][139]LogModuleManager: Shutting down and abandoning module SlateRemote (121)
[2016.02.13-10.26.59:038][139]LogModuleManager: Shutting down and abandoning module SteamVRController (120)
[2016.02.13-10.26.59:038][139]LogModuleManager: Shutting down and abandoning module SteamVR (119)
[2016.02.13-10.26.59:038][139]LogModuleManager: Shutting down and abandoning module ProceduralMeshComponent (118)
[2016.02.13-10.26.59:039][139]LogModuleManager: Shutting down and abandoning module OculusLibrary (117)
[2016.02.13-10.26.59:039][139]LogModuleManager: Shutting down and abandoning module OculusInput (116)
[2016.02.13-10.26.59:039][139]LogModuleManager: Shutting down and abandoning module LeapMotionController (115)
[2016.02.13-10.26.59:075][139]LogModuleManager: Shutting down and abandoning module CustomMeshComponent (114)
[2016.02.13-10.26.59:075][139]LogModuleManager: Shutting down and abandoning module CableComponent (113)
[2016.02.13-10.26.59:085][139]LogModuleManager: Shutting down and abandoning module ArchVisCharacter (112)
[2016.02.13-10.26.59:085][139]LogModuleManager: Shutting down and abandoning module MessagingDebugger (111)
[2016.02.13-10.26.59:121][139]LogModuleManager: Shutting down and abandoning module MediaPlayerEditor (110)
[2016.02.13-10.26.59:136][139]LogModuleManager: Shutting down and abandoning module HTML5Networking (109)
[2016.02.13-10.26.59:136][139]LogModuleManager: Shutting down and abandoning module SpeedTreeImporter (108)
[2016.02.13-10.26.59:136][139]LogModuleManager: Shutting down and abandoning module PluginBrowser (107)
[2016.02.13-10.26.59:137][139]LogModuleManager: Shutting down and abandoning module EpicSurvey (106)
[2016.02.13-10.26.59:137][139]LogModuleManager: Shutting down and abandoning module DesktopPlatform (105)
[2016.02.13-10.26.59:151][139]LogModuleManager: Shutting down and abandoning module VisualStudioSourceCodeAccess (104)
[2016.02.13-10.26.59:151][139]LogModuleManager: Shutting down and abandoning module UObjectPlugin (103)
[2016.02.13-10.26.59:151][139]LogModuleManager: Shutting down and abandoning module SubversionSourceControl (102)
[2016.02.13-10.26.59:151][139]LogModuleManager: Shutting down and abandoning module PerforceSourceControl (101)
[2016.02.13-10.26.59:191][139]LogModuleManager: Shutting down and abandoning module SourceControl (100)
[2016.02.13-10.26.59:204][139]LogModuleManager: Shutting down and abandoning module GitSourceControl (99)
[2016.02.13-10.26.59:205][139]LogModuleManager: Shutting down and abandoning module LightPropagationVolumeEditor (98)
[2016.02.13-10.26.59:205][139]LogModuleManager: Shutting down and abandoning module PaperTiledImporter (97)
[2016.02.13-10.26.59:205][139]LogModuleManager: Shutting down and abandoning module PaperSpriteSheetImporter (96)
[2016.02.13-10.26.59:205][139]LogModuleManager: Shutting down and abandoning module MeshPaint (95)
[2016.02.13-10.26.59:205][139]LogModuleManager: Shutting down and abandoning module SlateReflector (94)
[2016.02.13-10.26.59:217][139]LogModuleManager: Shutting down and abandoning module HotReload (93)
[2016.02.13-10.26.59:217][139]LogModuleManager: Shutting down and abandoning module MainFrame (92)
[2016.02.13-10.26.59:217][139]LogModuleManager: Shutting down and abandoning module LevelEditor (91)
[2016.02.13-10.26.59:233][139]LogModuleManager: Shutting down and abandoning module DirectoryWatcher (90)
[2016.02.13-10.26.59:234][139]LogModuleManager: Shutting down and abandoning module AssetRegistry (89)
[2016.02.13-10.26.59:281][139]LogModuleManager: Shutting down and abandoning module ContentBrowser (88)
[2016.02.13-10.26.59:282][139]LogModuleManager: Shutting down and abandoning module Paper2DEditor (87)
[2016.02.13-10.26.59:304][139]LogModuleManager: Shutting down and abandoning module UdpMessaging (86)
[2016.02.13-10.26.59:405][139]LogModuleManager: Shutting down and abandoning module LightPropagationVolumeRuntime (85)
[2016.02.13-10.26.59:405][139]LogModuleManager: Shutting down and abandoning module Paper2D (84)
[2016.02.13-10.26.59:411][139]LogModuleManager: Shutting down and abandoning module WindowsMoviePlayer (83)
[2016.02.13-10.26.59:415][139]LogModuleManager: Shutting down and abandoning module Media (82)
[2016.02.13-10.26.59:415][139]LogModuleManager: Shutting down and abandoning module WmfMedia (81)
[2016.02.13-10.26.59:415][139]LogModuleManager: Shutting down and abandoning module OnlineBlueprintSupport (80)
[2016.02.13-10.26.59:415][139]LogModuleManager: Shutting down and abandoning module GameplayTasksEditor (79)
[2016.02.13-10.26.59:415][139]LogModuleManager: Shutting down and abandoning module PropertyEditor (78)
[2016.02.13-10.26.59:415][139]LogModuleManager: Shutting down and abandoning module BehaviorTreeEditor (77)
[2016.02.13-10.26.59:431][139]LogModuleManager: Shutting down and abandoning module FunctionalTesting (76)
[2016.02.13-10.26.59:431][139]LogModuleManager: Shutting down and abandoning module CollisionAnalyzer (75)
[2016.02.13-10.26.59:431][139]LogModuleManager: Shutting down and abandoning module WorkspaceMenuStructure (74)
[2016.02.13-10.26.59:431][139]LogModuleManager: Shutting down and abandoning module MessageLog (73)
[2016.02.13-10.26.59:431][139]LogModuleManager: Shutting down and abandoning module Sequencer (72)
[2016.02.13-10.26.59:464][139]LogModuleManager: Shutting down and abandoning module AssetTools (71)
[2016.02.13-10.26.59:510][139]LogModuleManager: Shutting down and abandoning module UMGEditor (70)
[2016.02.13-10.26.59:533][139]LogModuleManager: Shutting down and abandoning module UMG (69)
[2016.02.13-10.26.59:567][139]LogModuleManager: Shutting down and abandoning module Slate (68)
[2016.02.13-10.26.59:567][139]LogModuleManager: Shutting down and abandoning module EditorStyle (67)
[2016.02.13-10.26.59:569][139]LogModuleManager: Shutting down and abandoning module SessionServices (66)
[2016.02.13-10.26.59:569][139]LogModuleManager: Shutting down and abandoning module SourceCodeAccess (65)
[2016.02.13-10.26.59:569][139]LogModuleManager: Shutting down and abandoning module HeadMountedDisplay (64)
[2016.02.13-10.26.59:569][139]LogModuleManager: Shutting down and abandoning module XAudio2 (63)
[2016.02.13-10.26.59:569][139]LogModuleManager: Shutting down and abandoning module Networking (61)
[2016.02.13-10.26.59:569][139]LogModuleManager: Shutting down and abandoning module Core (60)
[2016.02.13-10.26.59:569][139]LogModuleManager: Shutting down and abandoning module KismetCompiler (59)
[2016.02.13-10.26.59:569][139]LogModuleManager: Shutting down and abandoning module PhysXFormats (58)
[2016.02.13-10.26.59:569][139]LogModuleManager: Shutting down and abandoning module MeshUtilities (57)
[2016.02.13-10.26.59:569][139]LogModuleManager: Shutting down and abandoning module DerivedDataCache (56)
[2016.02.13-10.26.59:609][139]LogDerivedDataCache: Shutdown
[2016.02.13-10.26.59:609][139]LogModuleManager: Shutting down and abandoning module ShaderFormatOpenGL (55)
[2016.02.13-10.26.59:659][139]LogModuleManager: Shutting down and abandoning module ShaderFormatD3D (54)
[2016.02.13-10.26.59:659][139]LogModuleManager: Shutting down and abandoning module MetalShaderFormat (53)
[2016.02.13-10.26.59:673][139]LogModuleManager: Shutting down and abandoning module TextureFormatUncompressed (52)
[2016.02.13-10.26.59:673][139]LogModuleManager: Shutting down and abandoning module TextureFormatPVR (51)
[2016.02.13-10.26.59:673][139]LogModuleManager: Shutting down and abandoning module TextureFormatIntelISPCTexComp (50)
[2016.02.13-10.26.59:673][139]LogModuleManager: Shutting down and abandoning module TextureFormatDXT (49)
[2016.02.13-10.26.59:673][139]LogModuleManager: Shutting down and abandoning module ImageWrapper (48)
[2016.02.13-10.26.59:673][139]LogModuleManager: Shutting down and abandoning module TextureFormatASTC (47)
[2016.02.13-10.26.59:673][139]LogModuleManager: Shutting down and abandoning module TextureFormatAndroid (46)
[2016.02.13-10.26.59:673][139]LogModuleManager: Shutting down and abandoning module AudioFormatOpus (45)
[2016.02.13-10.26.59:673][139]LogModuleManager: Shutting down and abandoning module AudioFormatOgg (44)
[2016.02.13-10.26.59:673][139]LogModuleManager: Shutting down and abandoning module AudioFormatADPCM (43)
[2016.02.13-10.26.59:673][139]LogModuleManager: Shutting down and abandoning module LinuxTargetPlatform (42)
[2016.02.13-10.26.59:674][139]LogModuleManager: Shutting down and abandoning module LinuxServerTargetPlatform (41)
[2016.02.13-10.26.59:674][139]LogModuleManager: Shutting down and abandoning module LinuxNoEditorTargetPlatform (40)
[2016.02.13-10.26.59:674][139]LogModuleManager: Shutting down and abandoning module Messaging (39)
[2016.02.13-10.26.59:674][139]LogModuleManager: Shutting down and abandoning module IOSTargetPlatform (38)
[2016.02.13-10.26.59:674][139]LogModuleManager: Shutting down and abandoning module HTML5TargetPlatform (37)
[2016.02.13-10.26.59:674][139]LogModuleManager: Shutting down and abandoning module Android_PVRTCTargetPlatform (36)
[2016.02.13-10.26.59:674][139]LogModuleManager: Shutting down and abandoning module Android_MultiTargetPlatform (35)
[2016.02.13-10.26.59:674][139]LogModuleManager: Shutting down and abandoning module Android_ETC2TargetPlatform (34)
[2016.02.13-10.26.59:674][139]LogModuleManager: Shutting down and abandoning module Android_ETC1TargetPlatform (33)
[2016.02.13-10.26.59:674][139]LogModuleManager: Shutting down and abandoning module Android_DXTTargetPlatform (32)
[2016.02.13-10.26.59:674][139]LogModuleManager: Shutting down and abandoning module Android_ATCTargetPlatform (31)
[2016.02.13-10.26.59:674][139]LogModuleManager: Shutting down and abandoning module Android_ASTCTargetPlatform (30)
[2016.02.13-10.26.59:674][139]LogModuleManager: Shutting down and abandoning module AndroidTargetPlatform (29)
[2016.02.13-10.26.59:674][139]LogModuleManager: Shutting down and abandoning module WindowsTargetPlatform (28)
[2016.02.13-10.26.59:674][139]LogModuleManager: Shutting down and abandoning module WindowsServerTargetPlatform (27)
[2016.02.13-10.26.59:674][139]LogModuleManager: Shutting down and abandoning module WindowsNoEditorTargetPlatform (26)
[2016.02.13-10.26.59:674][139]LogModuleManager: Shutting down and abandoning module WindowsClientTargetPlatform (25)
[2016.02.13-10.26.59:674][139]LogModuleManager: Shutting down and abandoning module AllDesktopTargetPlatform (24)
[2016.02.13-10.26.59:674][139]LogModuleManager: Shutting down and abandoning module TargetPlatform (23)
[2016.02.13-10.26.59:674][139]LogModuleManager: Shutting down and abandoning module InputCore (22)
[2016.02.13-10.26.59:674][139]LogModuleManager: Shutting down and abandoning module Settings (21)
[2016.02.13-10.26.59:674][139]LogModuleManager: Shutting down and abandoning module OnlineSubsystem (19)
[2016.02.13-10.26.59:674][139]LogModuleManager: Shutting down and abandoning module HTTP (18)
[2016.02.13-10.27.01:676][139]LogModuleManager: Shutting down and abandoning module XMPP (17)
[2016.02.13-10.27.01:710][139]LogModuleManager: Shutting down and abandoning module OculusRift (16)
[2016.02.13-10.27.01:726][139]LogModuleManager: Shutting down and abandoning module ExampleDeviceProfileSelector (15)
[2016.02.13-10.27.01:726][139]LogModuleManager: Shutting down and abandoning module TextureCompressor (14)
[2016.02.13-10.27.01:726][139]LogModuleManager: Shutting down and abandoning module ShaderCore (13)
[2016.02.13-10.27.01:726][139]LogModuleManager: Shutting down and abandoning module Landscape (12)
[2016.02.13-10.27.01:726][139]LogModuleManager: Shutting down and abandoning module SlateRHIRenderer (11)
[2016.02.13-10.27.01:761][139]LogModuleManager: Shutting down and abandoning module OpenGLDrv (10)
[2016.02.13-10.27.01:776][139]LogModuleManager: Shutting down and abandoning module D3D11RHI (9)
[2016.02.13-10.27.01:777][139]LogModuleManager: Shutting down and abandoning module AnimGraphRuntime (8)
[2016.02.13-10.27.01:787][139]LogModuleManager: Shutting down and abandoning module Renderer (7)
[2016.02.13-10.27.01:787][139]LogModuleManager: Shutting down and abandoning module Engine (6)
[2016.02.13-10.27.01:787][139]LogModuleManager: Shutting down and abandoning module CoreUObject (5)
[2016.02.13-10.27.01:787][139]LogModuleManager: Shutting down and abandoning module NetworkFile (4)
[2016.02.13-10.27.01:791][139]LogModuleManager: Shutting down and abandoning module StreamingFile (3)
[2016.02.13-10.27.01:791][139]LogModuleManager: Shutting down and abandoning module SandboxFile (2)
[2016.02.13-10.27.01:791][139]LogModuleManager: Shutting down and abandoning module PakFile (1)
[2016.02.13-10.27.01:801][139]LogExit: Exiting.
[2016.02.13-10.27.01:821][139]Log file closed, 02/13/16 11:27:01
