[2016.05.31-23.02.27:935][  0]Log file open, 06/01/16 01:02:27
[2016.05.31-23.02.27:935][  0]LogInit:Display: Running engine for game: Runner
[2016.05.31-23.02.27:935][  0]LogPlatformFile: Not using cached read wrapper
[2016.05.31-23.02.27:935][  0]LogInit:Display: RandInit(-1821436470) SRandInit(-1821436467).
[2016.05.31-23.02.27:935][  0]LogTaskGraph: Started task graph with 4 named threads and 7 total threads.
[2016.05.31-23.02.27:935][  0]LogStats: Stats thread started at 0.092389
[2016.05.31-23.02.27:935][  0]LogInit: Version: 4.10.4-2872498+++depot+UE4-Releases+4.10
[2016.05.31-23.02.27:935][  0]LogInit: API Version: 2758231
[2016.05.31-23.02.27:935][  0]LogInit: Compiled (64-bit): Feb 18 2016 15:47:04
[2016.05.31-23.02.27:935][  0]LogInit: Compiled with Visual C++: 19.00.23026.00
[2016.05.31-23.02.27:935][  0]LogInit: Build Configuration: Development
[2016.05.31-23.02.27:935][  0]LogInit: Branch Name: ++depot+UE4-Releases+4.10
[2016.05.31-23.02.27:935][  0]LogInit: Command line:  
[2016.05.31-23.02.27:935][  0]LogInit: Base directory: C:/Program Files/Epic Games/4.10/Engine/Binaries/Win64/
[2016.05.31-23.02.27:935][  0]LogInit: Rocket: 1
[2016.05.31-23.02.27:975][  0]LogInit: Using libcurl 7.41.0
[2016.05.31-23.02.27:975][  0]LogInit:  - built for x86_64-pc-win32
[2016.05.31-23.02.27:975][  0]LogInit:  - supports SSL with WinSSL
[2016.05.31-23.02.27:975][  0]LogInit:  - other features:
[2016.05.31-23.02.27:975][  0]LogInit:      CURL_VERSION_SSL
[2016.05.31-23.02.27:975][  0]LogInit:      CURL_VERSION_IPV6
[2016.05.31-23.02.27:975][  0]LogInit:      CURL_VERSION_ASYNCHDNS
[2016.05.31-23.02.27:975][  0]LogInit:      CURL_VERSION_LARGEFILE
[2016.05.31-23.02.27:975][  0]LogInit:      CURL_VERSION_IDN
[2016.05.31-23.02.27:975][  0]LogInit:  CurlRequestOptions (configurable via config and command line):
[2016.05.31-23.02.27:975][  0]LogInit:  - bVerifyPeer = true  - Libcurl will verify peer certificate
[2016.05.31-23.02.27:975][  0]LogInit:  - bUseHttpProxy = false  - Libcurl will NOT use HTTP proxy
[2016.05.31-23.02.27:975][  0]LogInit:  - bDontReuseConnections = false  - Libcurl will reuse connections
[2016.05.31-23.02.27:975][  0]LogInit:  - CertBundlePath = nullptr  - Libcurl will use whatever was configured at build time.
[2016.05.31-23.02.28:020][  0]LogInit: Presizing for 0 objects not considered by GC, pre-allocating 0 bytes.
[2016.05.31-23.02.28:027][  0]LogInit: Object subsystem initialized
[2016.05.31-23.02.28:028][  0]LogInit: Selected Device Profile: [Windows]
[2016.05.31-23.02.28:028][  0]LogInit: Applying CVar settings loaded from the selected device profile: [Windows]
[2016.05.31-23.02.28:043][  0]LogInit: Computer: JOHANS_MONSTER
[2016.05.31-23.02.28:043][  0]LogInit: User: Johan
[2016.05.31-23.02.28:043][  0]LogInit: CPU Page size=4096, Cores=4
[2016.05.31-23.02.28:043][  0]LogInit: High frequency timer resolution =3.312787 MHz
[2016.05.31-23.02.28:043][  0]LogMemory: Memory total: Physical=16.0GB (16GB approx)
[2016.05.31-23.02.28:043][  0]LogMemory: Platform Memory Stats for Windows
[2016.05.31-23.02.28:043][  0]LogMemory: Process Physical Memory: 56.19 MB used, 56.19 MB peak
[2016.05.31-23.02.28:043][  0]LogMemory: Process Virtual Memory: 56.71 MB used, 56.71 MB peak
[2016.05.31-23.02.28:043][  0]LogMemory: Physical Memory: 3626.89 MB used, 16337.33 MB total
[2016.05.31-23.02.28:043][  0]LogMemory: Virtual Memory: 382.84 MB used, 134217728.00 MB total
[2016.05.31-23.02.28:207][  0]LogTextLocalizationManager: No translations for ('sv-SE') exist, falling back to 'en' for localization and internationalization data.
[2016.05.31-23.02.28:695][  0]LogD3D11RHI: Found D3D11 adapter 0: NVIDIA GeForce GTX 560 SE (Feature Level 11_0)
[2016.05.31-23.02.28:695][  0]LogD3D11RHI: Adapter has 977MB of dedicated video memory, 0MB of dedicated system memory, and 8168MB of shared system memory, 1 output[s]
[2016.05.31-23.02.28:697][  0]LogD3D11RHI: Found D3D11 adapter 1: Microsoft Basic Render Driver (Feature Level 11_0)
[2016.05.31-23.02.28:697][  0]LogD3D11RHI: Adapter has 0MB of dedicated video memory, 0MB of dedicated system memory, and 8168MB of shared system memory, 0 output[s]
[2016.05.31-23.02.28:697][  0]LogD3D11RHI: Chosen D3D11 Adapter Id = 0
[2016.05.31-23.02.28:700][  0]LogD3D11RHI: !Direct3DDevice
[2016.05.31-23.02.28:700][  0]LogRHI: Texture pool is 684 MB (70% of 977 MB)
[2016.05.31-23.02.28:713][  0]LogD3D11RHI: Async texture creation enabled
[2016.05.31-23.02.28:728][  0]LogShaderCompilers: Guid format shader working directory is -7 characters bigger than the processId version (../../../../../../Users/Johan/Documents/GitHub/Runner/Intermediate/Shaders/WorkingDirectory/6160/).
[2016.05.31-23.02.28:729][  0]LogShaderCompilers: Cleaned the shader compiler working directory 'C:/Users/Johan/AppData/Local/Temp/UnrealShaderWorkingDir/73865B934A09777ACFC91882FF63A7AC/'.
[2016.05.31-23.02.28:729][  0]LogShaderCompilers:Display: Using Local Shader Compiler.
[2016.05.31-23.02.30:228][  0]LogTemp:Display: Loaded TP AllDesktopTargetPlatform
[2016.05.31-23.02.30:233][  0]LogTemp:Display: Loaded TP WindowsClientTargetPlatform
[2016.05.31-23.02.30:240][  0]LogTemp:Display: Loaded TP WindowsNoEditorTargetPlatform
[2016.05.31-23.02.30:249][  0]LogTemp:Display: Loaded TP WindowsServerTargetPlatform
[2016.05.31-23.02.30:257][  0]LogTemp:Display: Loaded TP WindowsTargetPlatform
[2016.05.31-23.02.30:262][  0]LogTemp:Display: Loaded TP AndroidTargetPlatform
[2016.05.31-23.02.30:266][  0]LogTemp:Display: Loaded TP Android_ASTCTargetPlatform
[2016.05.31-23.02.30:272][  0]LogTemp:Display: Loaded TP Android_ATCTargetPlatform
[2016.05.31-23.02.30:277][  0]LogTemp:Display: Loaded TP Android_DXTTargetPlatform
[2016.05.31-23.02.30:282][  0]LogTemp:Display: Loaded TP Android_ETC1TargetPlatform
[2016.05.31-23.02.30:287][  0]LogTemp:Display: Loaded TP Android_ETC2TargetPlatform
[2016.05.31-23.02.30:298][  0]LogTemp:Display: Loaded TP Android_MultiTargetPlatform
[2016.05.31-23.02.30:298][  0]LogTemp:Display: Loaded TP Android_PVRTCTargetPlatform
[2016.05.31-23.02.30:299][  0]LogTemp:Display: Loaded TP HTML5TargetPlatform
[2016.05.31-23.02.30:335][  0]LogTemp:Display: Loaded TP IOSTargetPlatform
[2016.05.31-23.02.30:338][  0]LogTemp:Display: Loaded TP LinuxNoEditorTargetPlatform
[2016.05.31-23.02.30:341][  0]LogTemp:Display: Loaded TP LinuxServerTargetPlatform
[2016.05.31-23.02.30:346][  0]LogTemp:Display: Loaded TP LinuxTargetPlatform
[2016.05.31-23.02.30:346][  0]LogTargetPlatformManager:Display: Building Assets For Windows
[2016.05.31-23.02.30:687][  0]LogDerivedDataCache:Display: Max Cache Size: 512 MB
[2016.05.31-23.02.31:361][  0]LogDerivedDataCache: Loaded boot cache 0.67s 41MB C:/Users/Johan/AppData/Local/UnrealEngine/4.10/DerivedDataCache/Boot.ddc.
[2016.05.31-23.02.31:361][  0]LogDerivedDataCache:Display: Loaded Boot cache: C:/Users/Johan/AppData/Local/UnrealEngine/4.10/DerivedDataCache/Boot.ddc
[2016.05.31-23.02.31:361][  0]LogDerivedDataCache: FDerivedDataBackendGraph:  Pak pak cache file ../../../../../../Users/Johan/Documents/GitHub/Runner/DerivedDataCache/DDC.ddp not found, will not use a pak cache.
[2016.05.31-23.02.31:361][  0]LogDerivedDataCache: Unable to find inner node Pak for hierarchical cache Hierarchy.
[2016.05.31-23.02.31:361][  0]LogDerivedDataCache: FDerivedDataBackendGraph:  CompressedPak pak cache file ../../../../../../Users/Johan/Documents/GitHub/Runner/DerivedDataCache/Compressed.ddp not found, will not use a pak cache.
[2016.05.31-23.02.31:361][  0]LogDerivedDataCache: Unable to find inner node CompressedPak for hierarchical cache Hierarchy.
[2016.05.31-23.02.31:797][  0]LogDerivedDataCache:Display: Pak cache opened for reading ../../../Engine/DerivedDataCache/Compressed.ddp.
[2016.05.31-23.02.31:809][  0]LogDerivedDataCache: Using Local data cache path C:/Users/Johan/AppData/Local/UnrealEngine/Common/DerivedDataCache: Writable
[2016.05.31-23.02.37:283][  0]LogInit: Selected Device Profile: [Windows]
[2016.05.31-23.02.37:286][  0]LogContentStreaming: Texture pool size is 0.000000MB
[2016.05.31-23.02.37:399][  0]LogMeshUtilities: No automatic mesh reduction module available
[2016.05.31-23.02.37:399][  0]LogMeshUtilities: No automatic mesh merging module available
[2016.05.31-23.02.37:811][  0]LogInit: WinSock: version 1.1 (2.2), MaxSocks=32767, MaxUdp=65467
[2016.05.31-23.02.57:173][  0]UdpMessaging: Initializing bridge on interface 0.0.0.0:0 to multicast group 230.0.0.1:6666.
[2016.05.31-23.02.57:662][  0]LogAssetRegistry: FAssetRegistry took 0.0112 seconds to start up
[2016.05.31-23.02.57:842][  0]SourceControl: Info Source control is disabled
[2016.05.31-23.02.57:843][  0]SourceControl: Info Source control is disabled
[2016.05.31-23.02.57:856][  0]SourceControl: Info Source control is disabled
[2016.05.31-23.02.57:868][  0]SourceControl: Info Source control is disabled
[2016.05.31-23.02.58:639][  0]LogObj: 28633 objects as part of root set at end of initial load.
[2016.05.31-23.02.58:639][  0]LogUObjectAllocator: 6099752 out of 0 bytes used by permanent object pool.
[2016.05.31-23.02.58:746][  0]LogEngine: Initializing Engine...
[2016.05.31-23.02.58:749][  0]LogHMD: Can't find Oculus library dev build: is proper Runtime installed? Version: 0.8.0.0
[2016.05.31-23.02.58:773][  0]LogHMD: SteamVR failed to initialize.  Err: 110
[2016.05.31-23.02.58:905][  0]LogAIModule: Creating AISystem for world NewWorld
[2016.05.31-23.02.58:911][  0]LogInit: XAudio2 using 'Speakers (Realtek High Definition Audio)' : 2 channels at 48 kHz using 32 bits per sample (channel mask 0x3)
[2016.05.31-23.02.58:924][  0]LogInit: FAudioDevice initialized.
[2016.05.31-23.02.58:943][  0]LogDerivedDataCache: Saved boot cache 0.02s 41MB C:/Users/Johan/AppData/Local/UnrealEngine/4.10/DerivedDataCache/Boot.ddc.
[2016.05.31-23.02.58:949][  0]LogInit: Texture streaming: Enabled
[2016.05.31-23.02.58:955][  0]LogAnalytics: Creating configured Analytics provider AnalyticsET
[2016.05.31-23.02.58:955][  0]LogAnalytics: [UEEditor.Rocket.Release] APIServer = http://et2.epicgames.com/ET2/. AppVersion = 4.10.4-2872498+++depot+UE4-Releases+4.10
[2016.05.31-23.02.58:955][  0]LogAnalytics: [UEEditor.Rocket.Release] SetUserId e13f53c54a08433fc09043aa962b451a|75ba5683578c43329a0522a4b145a097|e6dac55f-4bf9-412a-b229-53d1a5ef9356
[2016.05.31-23.02.58:955][  0]LogAnalytics: [UEEditor.Rocket.Release] AnalyticsET::StartSession
[2016.05.31-23.02.58:982][  0]LogInit: Transaction tracking system initialized
[2016.05.31-23.02.59:010][  0]BlueprintLog: New page: Editor Load
[2016.05.31-23.03.00:525][  0]LocalizationService: Info Localization service is disabled
[2016.05.31-23.03.01:871][  0]LogConsoleResponse:Display: 
[2016.05.31-23.03.03:048][  0]LogCook:Display: Done creating registry. It took  0.00s.
[2016.05.31-23.03.03:689][  0]LogFileCache: Scanning file cache for directory 'C:/Users/Johan/Documents/GitHub/Runner/Content/' took 0.06s
[2016.05.31-23.03.03:689][  0]SourceControl: Info Source control is disabled
[2016.05.31-23.03.03:689][  0]Cmd: MAP LOAD FILE="../../../../../../Users/Johan/Documents/GitHub/Runner/Content/RunnerAssets/RunnerMap.umap" TEMPLATE=0 SHOWPROGRESS=1 FEATURELEVEL=3
[2016.05.31-23.03.03:934][  0]LightingResults: New page: Lighting Build
[2016.05.31-23.03.03:937][  0]MapCheck: New page: Map Check
[2016.05.31-23.03.03:937][  0]LightingResults: New page: Lighting Build
[2016.05.31-23.03.03:948][  0]LogParticles: Destroying 0 GPU particle simulations for FXSystem 0x000002BC690E3B00
[2016.05.31-23.03.24:333][  0]LogAIModule: Creating AISystem for world RunnerMap
[2016.05.31-23.03.25:253][  0]LogEditorServer: Finished looking for orphan Actors (0.000 secs)
[2016.05.31-23.03.25:253][  0]Cmd: MAP CHECKDEP NOCLEARLOG
[2016.05.31-23.03.25:322][  0]MapCheck: Info Map check complete: 0 Error(s), 0 Warning(s), took 67.863ms to complete.
[2016.05.31-23.03.25:322][  0]LogFileHelpers: Loading map 'RunnerMap' took 21.633
[2016.05.31-23.03.25:476][  0]LogCollectionManager: Loaded 0 collections in 0.002396 seconds
[2016.05.31-23.03.25:515][  0]LogFileCache: Scanning file cache for directory 'C:/Users/Johan/Documents/GitHub/Runner/Saved/Collections/' took 0.01s
[2016.05.31-23.03.25:515][  0]LogFileCache: Scanning file cache for directory 'C:/Users/Johan/Documents/GitHub/Runner/Content/Developers/Johan/Collections/' took 0.01s
[2016.05.31-23.03.25:515][  0]LogFileCache: Scanning file cache for directory 'C:/Users/Johan/Documents/GitHub/Runner/Content/Collections/' took 0.01s
[2016.05.31-23.03.25:515][  0]LogCollectionManager: Rebuilt the GUID cache for 0 collections in 0.000002 seconds
[2016.05.31-23.03.25:522][  0]LogContentBrowser: Native class hierarchy populated in 0.0076 seconds. Added 1893 classes and 338 folders.
[2016.05.31-23.03.25:529][  0]LogContentBrowser: Native class hierarchy updated for 'WidgetCarousel' in 0.0003 seconds. Added 0 classes and 0 folders.
[2016.05.31-23.03.29:331][  0]LogContentBrowser: Native class hierarchy updated for 'AddContentDialog' in 0.0003 seconds. Added 0 classes and 0 folders.
[2016.05.31-23.03.29:335][  0]LogContentBrowser: Native class hierarchy updated for 'SceneOutliner' in 0.0003 seconds. Added 1 classes and 2 folders.
[2016.05.31-23.03.29:483][  0]LogCrashTracker: Crashtracker disabled due to settings.
[2016.05.31-23.03.29:488][  0]LogUObjectGlobals:Warning: Failed to find object 'Class None.'
[2016.05.31-23.03.29:510][  0]LogLoad: Full Startup: 62.55 seconds (BP compile: 0.61 seconds)
[2016.05.31-23.03.29:856][  0]LogOcInput: Can't find Oculus library dev build: is proper Runtime installed? Version: 0.8.0.0
[2016.05.31-23.03.29:959][  0]LogContentStreaming: Texture pool size now 1000 MB
[2016.05.31-23.03.30:235][  1]LogRenderer: Reallocating scene render targets to support 1208x644 (Frame:2).
[2016.05.31-23.03.33:854][ 12]LogAssetRegistry: Asset discovery search completed in 36.2027 seconds
[2016.05.31-23.03.33:854][ 12]LogCollectionManager: Rebuilt the object cache for 0 collections in 0.000001 seconds (found 0 objects)
[2016.05.31-23.03.33:854][ 12]LogCollectionManager: Fixed up redirectors for 0 collections in 0.000018 seconds (updated 0 objects)
[2016.05.31-23.13.20:177][831]LogBlueprintUserMessages: Early PlayInEditor Detection: Level '/Game/RunnerAssets/RunnerMap.RunnerMap:PersistentLevel' has LevelScriptBlueprint '/Game/RunnerAssets/RunnerMap.RunnerMap:PersistentLevel.RunnerMap' with GeneratedClass '/Game/RunnerAssets/RunnerMap.RunnerMap_C' with ClassGeneratedBy '/Game/RunnerAssets/RunnerMap.RunnerMap:PersistentLevel.RunnerMap'
[2016.05.31-23.13.20:177][831]LogPlayLevel: PlayLevel: No blueprints needed recompiling
[2016.05.31-23.13.20:177][831]PIE: New page: PIE session: RunnerMap (Jun 1, 2016, 3:13:20 AM)
[2016.05.31-23.13.20:177][831]LogPlayLevel: Creating play world package: /Game/RunnerAssets/UEDPIE_0_RunnerMap
[2016.05.31-23.13.20:211][831]LogPlayLevel: PIE: StaticDuplicateObject took: (0.034310s)
[2016.05.31-23.13.20:213][831]LogAIModule: Creating AISystem for world RunnerMap
[2016.05.31-23.13.20:213][831]LogPlayLevel: PIE: World Init took: (0.001915s)
[2016.05.31-23.13.20:214][831]LogPlayLevel: PIE: Created PIE world by copying editor world from /Game/RunnerAssets/RunnerMap.RunnerMap to /Game/RunnerAssets/UEDPIE_0_RunnerMap.RunnerMap (0.036840s)
[2016.05.31-23.13.20:288][831]LogInit: XAudio2 using 'Speakers (Realtek High Definition Audio)' : 2 channels at 48 kHz using 32 bits per sample (channel mask 0x3)
[2016.05.31-23.13.20:300][831]LogInit: FAudioDevice initialized.
[2016.05.31-23.13.20:394][831]LogLinker:Warning: Can't find file '/Game/SideScrollerBP/Blueprints/SideScrollerGameMode'
[2016.05.31-23.13.20:394][831]LogLinker:Warning: Can't find file '/Game/SideScrollerBP/Blueprints/SideScrollerGameMode'
[2016.05.31-23.13.20:394][831]LogUObjectGlobals:Warning: Failed to find object 'Class /Game/SideScrollerBP/Blueprints/SideScrollerGameMode.SideScrollerGameMode_C'
[2016.05.31-23.13.20:394][831]LogWorld: Game class is 'GameMode'
[2016.05.31-23.13.20:402][831]LogWorld: Bringing World /Game/RunnerAssets/UEDPIE_0_RunnerMap.RunnerMap up for play (max tick rate 0) at 2016.06.01-01.13.20
[2016.05.31-23.13.20:402][831]LogActor:Warning: GameSession /Game/RunnerAssets/UEDPIE_0_RunnerMap.RunnerMap:PersistentLevel.GameSession_0 has natively added scene component(s), but none of them were set as the actor's RootComponent - picking one arbitrarily
[2016.05.31-23.13.20:402][831]LogActor:Warning: GameNetworkManager /Game/RunnerAssets/UEDPIE_0_RunnerMap.RunnerMap:PersistentLevel.GameNetworkManager_0 has natively added scene component(s), but none of them were set as the actor's RootComponent - picking one arbitrarily
[2016.05.31-23.13.20:403][831]LogWorld: Bringing up level for play took: 0.006539
[2016.05.31-23.13.20:403][831]LogGameMode: Warning - PATHS NOT DEFINED or NO PLAYERSTART with positive rating
[2016.05.31-23.13.20:422][831]PIE: Info Play in editor start time for /Game/RunnerAssets/UEDPIE_0_RunnerMap 0.264
[2016.05.31-23.13.20:423][831]LogBlueprintUserMessages: Late PlayInEditor Detection: Level '/Game/RunnerAssets/RunnerMap.RunnerMap:PersistentLevel' has LevelScriptBlueprint '/Game/RunnerAssets/RunnerMap.RunnerMap:PersistentLevel.RunnerMap' with GeneratedClass '/Game/RunnerAssets/RunnerMap.RunnerMap_C' with ClassGeneratedBy '/Game/RunnerAssets/RunnerMap.RunnerMap:PersistentLevel.RunnerMap'
[2016.05.31-23.13.20:463][832]LogRenderer: Reallocating scene render targets to support 1280x720 (Frame:64).
[2016.05.31-23.13.50:688][ 61]LogCharacterMovement: SideScrollerCharacter_C_1 is stuck and failed to move!
[2016.05.31-23.15.06:894][519]LogScript:Warning: Attempted to get an item from array list out of bounds [4/3]!
[2016.05.31-23.15.06:894][519]LogScript:Warning: Attempted to get an item from array list out of bounds [4/3]!
[2016.05.31-23.15.06:894][519]LogScript:Warning: Attempted to get an item from array list out of bounds [4/3]!
[2016.05.31-23.15.06:972][519]LogPackageName: SearchForPackageOnDisk took   0.078s to resolve Death.umap.
[2016.05.31-23.15.07:057][520]LogPackageName: SearchForPackageOnDisk took   0.074s to resolve Death.umap.
[2016.05.31-23.15.07:057][520]LogNet: Browse: /Game/RunnerAssets/Death
[2016.05.31-23.15.07:057][520]LogLoad: LoadMap: /Game/RunnerAssets/Death
[2016.05.31-23.15.07:142][520]LogParticles: Destroying 0 GPU particle simulations for FXSystem 0x000002BC4ED35F80
[2016.05.31-23.15.07:162][520]Cmd: MEM
[2016.05.31-23.15.07:177][520]LogMemory: Platform Memory Stats for Windows
[2016.05.31-23.15.07:177][520]LogMemory: Process Physical Memory: 925.79 MB used, 925.79 MB peak
[2016.05.31-23.15.07:177][520]LogMemory: Process Virtual Memory: 1484.69 MB used, 1677.17 MB peak
[2016.05.31-23.15.07:177][520]LogMemory: Physical Memory: 4996.07 MB used, 16337.33 MB total
[2016.05.31-23.15.07:177][520]LogMemory: Virtual Memory: 2423.00 MB used, 134217728.00 MB total
[2016.05.31-23.15.07:177][520]LogMemory: 
[2016.05.31-23.15.07:177][520]Allocator Stats for TBB: (not implemented)
[2016.05.31-23.15.07:806][520]LogAIModule: Creating AISystem for world Death
[2016.05.31-23.15.07:807][520]LogLinker:Warning: Can't find file '/Game/SideScrollerBP/Blueprints/SideScrollerGameMode'
[2016.05.31-23.15.07:807][520]LogLinker:Warning: Can't find file '/Game/SideScrollerBP/Blueprints/SideScrollerGameMode'
[2016.05.31-23.15.07:807][520]LogUObjectGlobals:Warning: Failed to find object 'Class /Game/SideScrollerBP/Blueprints/SideScrollerGameMode.SideScrollerGameMode_C'
[2016.05.31-23.15.07:807][520]LogWorld: Game class is 'GameMode'
[2016.05.31-23.15.07:810][520]LogWorld: Bringing World /Game/RunnerAssets/UEDPIE_0_Death.Death up for play (max tick rate 0) at 2016.06.01-01.15.07
[2016.05.31-23.15.07:810][520]LogActor:Warning: GameSession /Game/RunnerAssets/UEDPIE_0_Death.Death:PersistentLevel.GameSession_1 has natively added scene component(s), but none of them were set as the actor's RootComponent - picking one arbitrarily
[2016.05.31-23.15.07:810][520]LogActor:Warning: GameNetworkManager /Game/RunnerAssets/UEDPIE_0_Death.Death:PersistentLevel.GameNetworkManager_1 has natively added scene component(s), but none of them were set as the actor's RootComponent - picking one arbitrarily
[2016.05.31-23.15.07:811][520]LogWorld: Bringing up level for play took: 0.001605
[2016.05.31-23