[2016.06.12-09.56.26:376][  0]Log file open, 06/12/16 11:56:26
[2016.06.12-09.56.26:376][  0]LogInit:Display: Running engine for game: Runner
[2016.06.12-09.56.26:376][  0]LogPlatformFile: Not using cached read wrapper
[2016.06.12-09.56.26:376][  0]LogInit:Display: RandInit(-1419881732) SRandInit(-1419881730).
[2016.06.12-09.56.26:376][  0]LogTaskGraph: Started task graph with 4 named threads and 7 total threads.
[2016.06.12-09.56.26:376][  0]LogStats: Stats thread started at 0.084120
[2016.06.12-09.56.26:376][  0]LogInit: Version: 4.10.4-2872498+++depot+UE4-Releases+4.10
[2016.06.12-09.56.26:376][  0]LogInit: API Version: 2758231
[2016.06.12-09.56.26:376][  0]LogInit: Compiled (64-bit): Feb 18 2016 15:47:04
[2016.06.12-09.56.26:376][  0]LogInit: Compiled with Visual C++: 19.00.23026.00
[2016.06.12-09.56.26:376][  0]LogInit: Build Configuration: Development
[2016.06.12-09.56.26:376][  0]LogInit: Branch Name: ++depot+UE4-Releases+4.10
[2016.06.12-09.56.26:376][  0]LogInit: Command line:  
[2016.06.12-09.56.26:376][  0]LogInit: Base directory: C:/Program Files/Epic Games/4.10/Engine/Binaries/Win64/
[2016.06.12-09.56.26:376][  0]LogInit: Rocket: 1
[2016.06.12-09.56.26:383][  0]LogInit: Using libcurl 7.41.0
[2016.06.12-09.56.26:383][  0]LogInit:  - built for x86_64-pc-win32
[2016.06.12-09.56.26:383][  0]LogInit:  - supports SSL with WinSSL
[2016.06.12-09.56.26:383][  0]LogInit:  - other features:
[2016.06.12-09.56.26:383][  0]LogInit:      CURL_VERSION_SSL
[2016.06.12-09.56.26:383][  0]LogInit:      CURL_VERSION_IPV6
[2016.06.12-09.56.26:383][  0]LogInit:      CURL_VERSION_ASYNCHDNS
[2016.06.12-09.56.26:383][  0]LogInit:      CURL_VERSION_LARGEFILE
[2016.06.12-09.56.26:383][  0]LogInit:      CURL_VERSION_IDN
[2016.06.12-09.56.26:383][  0]LogInit:  CurlRequestOptions (configurable via config and command line):
[2016.06.12-09.56.26:383][  0]LogInit:  - bVerifyPeer = true  - Libcurl will verify peer certificate
[2016.06.12-09.56.26:383][  0]LogInit:  - bUseHttpProxy = false  - Libcurl will NOT use HTTP proxy
[2016.06.12-09.56.26:383][  0]LogInit:  - bDontReuseConnections = false  - Libcurl will reuse connections
[2016.06.12-09.56.26:383][  0]LogInit:  - CertBundlePath = nullptr  - Libcurl will use whatever was configured at build time.
[2016.06.12-09.56.26:390][  0]LogInit: Presizing for 0 objects not considered by GC, pre-allocating 0 bytes.
[2016.06.12-09.56.26:397][  0]LogInit: Object subsystem initialized
[2016.06.12-09.56.26:398][  0]LogInit: Selected Device Profile: [Windows]
[2016.06.12-09.56.26:398][  0]LogInit: Applying CVar settings loaded from the selected device profile: [Windows]
[2016.06.12-09.56.26:406][  0]LogInit: Computer: JOHANS_MONSTER
[2016.06.12-09.56.26:406][  0]LogInit: User: Johan
[2016.06.12-09.56.26:406][  0]LogInit: CPU Page size=4096, Cores=4
[2016.06.12-09.56.26:406][  0]LogInit: High frequency timer resolution =3.312790 MHz
[2016.06.12-09.56.26:406][  0]LogMemory: Memory total: Physical=16.0GB (16GB approx)
[2016.06.12-09.56.26:406][  0]LogMemory: Platform Memory Stats for Windows
[2016.06.12-09.56.26:406][  0]LogMemory: Process Physical Memory: 56.34 MB used, 56.34 MB peak
[2016.06.12-09.56.26:406][  0]LogMemory: Process Virtual Memory: 56.74 MB used, 56.74 MB peak
[2016.06.12-09.56.26:406][  0]LogMemory: Physical Memory: 4671.39 MB used, 16337.33 MB total
[2016.06.12-09.56.26:406][  0]LogMemory: Virtual Memory: 382.84 MB used, 134217728.00 MB total
[2016.06.12-09.56.26:438][  0]LogTextLocalizationManager: No translations for ('sv-SE') exist, falling back to 'en' for localization and internationalization data.
[2016.06.12-09.56.26:899][  0]LogD3D11RHI: Found D3D11 adapter 0: NVIDIA GeForce GTX 560 SE (Feature Level 11_0)
[2016.06.12-09.56.26:899][  0]LogD3D11RHI: Adapter has 977MB of dedicated video memory, 0MB of dedicated system memory, and 8168MB of shared system memory, 1 output[s]
[2016.06.12-09.56.26:901][  0]LogD3D11RHI: Found D3D11 adapter 1: Microsoft Basic Render Driver (Feature Level 11_0)
[2016.06.12-09.56.26:901][  0]LogD3D11RHI: Adapter has 0MB of dedicated video memory, 0MB of dedicated system memory, and 8168MB of shared system memory, 0 output[s]
[2016.06.12-09.56.26:901][  0]LogD3D11RHI: Chosen D3D11 Adapter Id = 0
[2016.06.12-09.56.26:905][  0]LogD3D11RHI: !Direct3DDevice
[2016.06.12-09.56.26:905][  0]LogRHI: Texture pool is 684 MB (70% of 977 MB)
[2016.06.12-09.56.26:928][  0]LogD3D11RHI: Async texture creation enabled
[2016.06.12-09.56.26:947][  0]LogShaderCompilers: Guid format shader working directory is -7 characters bigger than the processId version (../../../../../../Users/Johan/Documents/GitHub/Runner/Intermediate/Shaders/WorkingDirectory/4492/).
[2016.06.12-09.56.26:947][  0]LogShaderCompilers: Cleaned the shader compiler working directory 'C:/Users/Johan/AppData/Local/Temp/UnrealShaderWorkingDir/00C2F4DF41CE27F3166D5C9AB7EB310D/'.
[2016.06.12-09.56.26:947][  0]LogShaderCompilers:Display: Using Local Shader Compiler.
[2016.06.12-09.56.27:878][  0]LogTemp:Display: Loaded TP AllDesktopTargetPlatform
[2016.06.12-09.56.27:885][  0]LogTemp:Display: Loaded TP WindowsClientTargetPlatform
[2016.06.12-09.56.27:892][  0]LogTemp:Display: Loaded TP WindowsNoEditorTargetPlatform
[2016.06.12-09.56.27:899][  0]LogTemp:Display: Loaded TP WindowsServerTargetPlatform
[2016.06.12-09.56.27:906][  0]LogTemp:Display: Loaded TP WindowsTargetPlatform
[2016.06.12-09.56.27:910][  0]LogTemp:Display: Loaded TP AndroidTargetPlatform
[2016.06.12-09.56.27:914][  0]LogTemp:Display: Loaded TP Android_ASTCTargetPlatform
[2016.06.12-09.56.27:918][  0]LogTemp:Display: Loaded TP Android_ATCTargetPlatform
[2016.06.12-09.56.27:922][  0]LogTemp:Display: Loaded TP Android_DXTTargetPlatform
[2016.06.12-09.56.27:927][  0]LogTemp:Display: Loaded TP Android_ETC1TargetPlatform
[2016.06.12-09.56.27:931][  0]LogTemp:Display: Loaded TP Android_ETC2TargetPlatform
[2016.06.12-09.56.27:940][  0]LogTemp:Display: Loaded TP Android_MultiTargetPlatform
[2016.06.12-09.56.27:940][  0]LogTemp:Display: Loaded TP Android_PVRTCTargetPlatform
[2016.06.12-09.56.27:941][  0]LogTemp:Display: Loaded TP HTML5TargetPlatform
[2016.06.12-09.56.27:959][  0]LogTemp:Display: Loaded TP IOSTargetPlatform
[2016.06.12-09.56.27:963][  0]LogTemp:Display: Loaded TP LinuxNoEditorTargetPlatform
[2016.06.12-09.56.27:966][  0]LogTemp:Display: Loaded TP LinuxServerTargetPlatform
[2016.06.12-09.56.27:970][  0]LogTemp:Display: Loaded TP LinuxTargetPlatform
[2016.06.12-09.56.27:970][  0]LogTargetPlatformManager:Display: Building Assets For Windows
[2016.06.12-09.56.28:079][  0]LogDerivedDataCache:Display: Max Cache Size: 512 MB
[2016.06.12-09.56.28:124][  0]LogDerivedDataCache: Loaded boot cache 0.04s 41MB C:/Users/Johan/AppData/Local/UnrealEngine/4.10/DerivedDataCache/Boot.ddc.
[2016.06.12-09.56.28:124][  0]LogDerivedDataCache:Display: Loaded Boot cache: C:/Users/Johan/AppData/Local/UnrealEngine/4.10/DerivedDataCache/Boot.ddc
[2016.06.12-09.56.28:124][  0]LogDerivedDataCache: FDerivedDataBackendGraph:  Pak pak cache file ../../../../../../Users/Johan/Documents/GitHub/Runner/DerivedDataCache/DDC.ddp not found, will not use a pak cache.
[2016.06.12-09.56.28:124][  0]LogDerivedDataCache: Unable to find inner node Pak for hierarchical cache Hierarchy.
[2016.06.12-09.56.28:124][  0]LogDerivedDataCache: FDerivedDataBackendGraph:  CompressedPak pak cache file ../../../../../../Users/Johan/Documents/GitHub/Runner/DerivedDataCache/Compressed.ddp not found, will not use a pak cache.
[2016.06.12-09.56.28:124][  0]LogDerivedDataCache: Unable to find inner node CompressedPak for hierarchical cache Hierarchy.
[2016.06.12-09.56.28:196][  0]LogDerivedDataCache:Display: Pak cache opened for reading ../../../Engine/DerivedDataCache/Compressed.ddp.
[2016.06.12-09.56.28:208][  0]LogDerivedDataCache: Using Local data cache path C:/Users/Johan/AppData/Local/UnrealEngine/Common/DerivedDataCache: Writable
[2016.06.12-09.56.28:400][  0]LogInit: Selected Device Profile: [Windows]
[2016.06.12-09.56.28:402][  0]LogContentStreaming: Texture pool size is 0.000000MB
[2016.06.12-09.56.28:517][  0]LogMeshUtilities: No automatic mesh reduction module available
[2016.06.12-09.56.28:517][  0]LogMeshUtilities: No automatic mesh merging module available
[2016.06.12-09.56.28:732][  0]LogInit: WinSock: version 1.1 (2.2), MaxSocks=32767, MaxUdp=65467
[2016.06.12-09.56.29:535][  0]UdpMessaging: Initializing bridge on interface 0.0.0.0:0 to multicast group 230.0.0.1:6666.
[2016.06.12-09.56.29:651][  0]LogAssetRegistry: FAssetRegistry took 0.0116 seconds to start up
[2016.06.12-09.56.29:829][  0]SourceControl: Info Source control is disabled
[2016.06.12-09.56.29:830][  0]SourceControl: Info Source control is disabled
[2016.06.12-09.56.29:846][  0]SourceControl: Info Source control is disabled
[2016.06.12-09.56.29:862][  0]SourceControl: Info Source control is disabled
[2016.06.12-09.56.30:199][  0]LogObj: 28633 objects as part of root set at end of initial load.
[2016.06.12-09.56.30:199][  0]LogUObjectAllocator: 6099752 out of 0 bytes used by permanent object pool.
[2016.06.12-09.56.30:258][  0]LogEngine: Initializing Engine...
[2016.06.12-09.56.30:261][  0]LogHMD: Can't find Oculus library dev build: is proper Runtime installed? Version: 0.8.0.0
[2016.06.12-09.56.30:261][  0]LogHMD: SteamVR failed to initialize.  Err: 110
[2016.06.12-09.56.30:393][  0]LogAIModule: Creating AISystem for world NewWorld
[2016.06.12-09.56.30:399][  0]LogInit: XAudio2 using 'Speakers (Realtek High Definition Audio)' : 2 channels at 48 kHz using 32 bits per sample (channel mask 0x3)
[2016.06.12-09.56.30:427][  0]LogInit: FAudioDevice initialized.
[2016.06.12-09.56.30:447][  0]LogDerivedDataCache: Saved boot cache 0.02s 41MB C:/Users/Johan/AppData/Local/UnrealEngine/4.10/DerivedDataCache/Boot.ddc.
[2016.06.12-09.56.30:453][  0]LogInit: Texture streaming: Enabled
[2016.06.12-09.56.30:460][  0]LogAnalytics: Creating configured Analytics provider AnalyticsET
[2016.06.12-09.56.30:460][  0]LogAnalytics: [UEEditor.Rocket.Release] APIServer = http://et2.epicgames.com/ET2/. AppVersion = 4.10.4-2872498+++depot+UE4-Releases+4.10
[2016.06.12-09.56.30:460][  0]LogAnalytics: [UEEditor.Rocket.Release] SetUserId e13f53c54a08433fc09043aa962b451a|75ba5683578c43329a0522a4b145a097|e6dac55f-4bf9-412a-b229-53d1a5ef9356
[2016.06.12-09.56.30:460][  0]LogAnalytics: [UEEditor.Rocket.Release] AnalyticsET::StartSession
[2016.06.12-09.56.30:469][  0]LogInit: Transaction tracking system initialized
[2016.06.12-09.56.30:498][  0]BlueprintLog: New page: Editor Load
[2016.06.12-09.56.30:585][  0]LocalizationService: Info Localization service is disabled
[2016.06.12-09.56.30:676][  0]LogConsoleResponse:Display: 
[2016.06.12-09.56.30:801][  0]LogCook:Display: Done creating registry. It took  0.00s.
[2016.06.12-09.56.30:882][  0]LogFileCache: Scanning file cache for directory 'C:/Users/Johan/Documents/GitHub/Runner/Content/' took 0.02s
[2016.06.12-09.56.30:882][  0]SourceControl: Info Source control is disabled
[2016.06.12-09.56.30:882][  0]Cmd: MAP LOAD FILE="../../../../../../Users/Johan/Documents/GitHub/Runner/Content/RunnerAssets/MainMenu.umap" TEMPLATE=0 SHOWPROGRESS=1 FEATURELEVEL=3
[2016.06.12-09.56.30:883][  0]LightingResults: New page: Lighting Build
[2016.06.12-09.56.30:887][  0]MapCheck: New page: Map Check
[2016.06.12-09.56.30:887][  0]LightingResults: New page: Lighting Build
[2016.06.12-09.56.30:899][  0]LogParticles: Destroying 0 GPU particle simulations for FXSystem 0x000001C357B7FB00
[2016.06.12-09.56.30:982][  0]LogAIModule: Creating AISystem for world MainMenu
[2016.06.12-09.56.30:983][  0]LogEditorServer: Finished looking for orphan Actors (0.000 secs)
[2016.06.12-09.56.30:983][  0]Cmd: MAP CHECKDEP NOCLEARLOG
[2016.06.12-09.56.31:036][  0]MapCheck: Info Map check complete: 0 Error(s), 0 Warning(s), took 52.567ms to complete.
[2016.06.12-09.56.31:036][  0]LogFileHelpers: Loading map 'MainMenu' took 0.154
[2016.06.12-09.56.31:145][  0]LogCollectionManager: Loaded 0 collections in 0.002783 seconds
[2016.06.12-09.56.31:184][  0]LogFileCache: Scanning file cache for directory 'C:/Users/Johan/Documents/GitHub/Runner/Saved/Collections/' took 0.01s
[2016.06.12-09.56.31:184][  0]LogFileCache: Scanning file cache for directory 'C:/Users/Johan/Documents/GitHub/Runner/Content/Developers/Johan/Collections/' took 0.01s
[2016.06.12-09.56.31:184][  0]LogFileCache: Scanning file cache for directory 'C:/Users/Johan/Documents/GitHub/Runner/Content/Collections/' took 0.01s
[2016.06.12-09.56.31:184][  0]LogCollectionManager: Rebuilt the GUID cache for 0 collections in 0.000002 seconds
[2016.06.12-09.56.31:192][  0]LogContentBrowser: Native class hierarchy populated in 0.0078 seconds. Added 1893 classes and 338 folders.
[2016.06.12-09.56.31:199][  0]LogContentBrowser: Native class hierarchy updated for 'WidgetCarousel' in 0.0004 seconds. Added 0 classes and 0 folders.
[2016.06.12-09.56.31:249][  0]LogContentBrowser: Native class hierarchy updated for 'AddContentDialog' in 0.0003 seconds. Added 0 classes and 0 folders.
[2016.06.12-09.56.31:254][  0]LogContentBrowser: Native class hierarchy updated for 'SceneOutliner' in 0.0003 seconds. Added 1 classes and 2 folders.
[2016.06.12-09.56.31:300][  0]LogCrashTracker: Crashtracker disabled due to settings.
[2016.06.12-09.56.31:306][  0]LogUObjectGlobals:Warning: Failed to find object 'Class None.'
[2016.06.12-09.56.31:328][  0]LogLoad: Full Startup: 5.41 seconds (BP compile: 0.02 seconds)
[2016.06.12-09.56.31:337][  0]LogWindowsTextInputMethodSystem:Display: IME system now deactivated.
[2016.06.12-09.56.31:338][  0]LogWindowsTextInputMethodSystem:Display: IME system now deactivated.
[2016.06.12-09.56.31:341][  0]LogOcInput: Can't find Oculus library dev build: is proper Runtime installed? Version: 0.8.0.0
[2016.06.12-09.56.31:380][  0]LogContentStreaming: Texture pool size now 1000 MB
[2016.06.12-09.56.31:569][  1]LogRenderer: Reallocating scene render targets to support 1208x644 (Frame:2).
[2016.06.12-09.56.31:702][  2]LogAssetRegistry: Asset discovery search completed in 2.0629 seconds
[2016.06.12-09.56.31:702][  2]LogCollectionManager: Rebuilt the object cache for 0 collections in 0.000001 seconds (found 0 objects)
[2016.06.12-09.56.31:702][  2]LogCollectionManager: Fixed up redirectors for 0 collections in 0.000024 seconds (updated 0 objects)
[2016.06.12-09.56.33:277][116]LogBlueprintUserMessages: Early PlayInEditor Detection: Level '/Game/RunnerAssets/MainMenu.MainMenu:PersistentLevel' has LevelScriptBlueprint '/Game/RunnerAssets/MainMenu.MainMenu:PersistentLevel.MainMenu' with GeneratedClass '/Game/RunnerAssets/MainMenu.MainMenu_C' with ClassGeneratedBy '/Game/RunnerAssets/MainMenu.MainMenu:PersistentLevel.MainMenu'
[2016.06.12-09.56.33:278][116]LogPlayLevel: PlayLevel: No blueprints needed recompiling
[2016.06.12-09.56.33:278][116]PIE: New page: PIE session: MainMenu (Jun 12, 2016, 1:56:33 PM)
[2016.06.12-09.56.33:278][116]LogPlayLevel: Creating play world package: /Game/RunnerAssets/UEDPIE_0_MainMenu
[2016.06.12-09.56.33:282][116]LogPlayLevel: PIE: StaticDuplicateObject took: (0.004237s)
[2016.06.12-09.56.33:283][116]LogAIModule: Creating AISystem for world MainMenu
[2016.06.12-09.56.33:283][116]LogPlayLevel: PIE: World Init took: (0.000766s)
[2016.06.12-09.56.33:283][116]LogPlayLevel: PIE: Created PIE world by copying editor world from /Game/RunnerAssets/MainMenu.MainMenu to /Game/RunnerAssets/UEDPIE_0_MainMenu.MainMenu (0.005205s)
[2016.06.12-09.56.33:302][116]LogInit: XAudio2 using 'Speakers (Realtek High Definition Audio)' : 2 channels at 48 kHz using 32 bits per sample (channel mask 0x3)
[2016.06.12-09.56.33:315][116]LogInit: FAudioDevice initialized.
[2016.06.12-09.56.33:409][116]LogLinker:Warning: Can't find file '/Game/SideScrollerBP/Blueprints/SideScrollerGameMode'
[2016.06.12-09.56.33:409][116]LogLinker:Warning: Can't find file '/Game/SideScrollerBP/Blueprints/SideScrollerGameMode'
[2016.06.12-09.56.33:409][116]LogUObjectGlobals:Warning: Failed to find object 'Class /Game/SideScrollerBP/Blueprints/SideScrollerGameMode.SideScrollerGameMode_C'
[2016.06.12-09.56.33:409][116]LogWorld: Game class is 'GameMode'
[2016.06.12-09.56.33:411][116]LogWorld: Bringing World /Game/RunnerAssets/UEDPIE_0_MainMenu.MainMenu up for play (max tick rate 0) at 2016.06.12-11.56.33
[2016.06.12-09.56.33:411][116]LogActor:Warning: GameSession /Game/RunnerAssets/UEDPIE_0_MainMenu.MainMenu:PersistentLevel.GameSession_0 has natively added scene component(s), but none of them were set as the actor's RootComponent - picking one arbitrarily
[2016.06.12-09.56.33:411][116]LogActor:Warning: GameNetworkManager /Game/RunnerAssets/UEDPIE_0_MainMenu.MainMenu:PersistentLevel.GameNetworkManager_0 has natively added scene component(s), but none of them were set as the actor's RootComponent - picking one arbitrarily
[2016.06.12-09.56.33:412][116]LogWorld: Bringing up level for play took: 0.000887
[2016.06.12-09.56.33:428][116]PIE: Info Play in editor start time for /Game/RunnerAssets/UEDPIE_0_MainMenu -0.731
[2016.06.12-09.56.33:428][116]LogBlueprintUserMessages: Late PlayInEditor Detection: Level '/Game/RunnerAssets/MainMenu.MainMenu:PersistentLevel' has LevelScriptBlueprint '/Game/RunnerAssets/MainMenu.MainMenu:PersistentLevel.MainMenu' with GeneratedClass '/Game/RunnerAssets/MainMenu.MainMenu_C' with ClassGeneratedBy '/Game/RunnerAssets/MainMenu.MainMenu:PersistentLevel.MainMenu'
[2016.06.12-09.56.33:451][117]LogRenderer: Reallocating scene render targets to support 1280x720 (Frame:110).
[2016.06.12-09.56.35:170][228]LogPackageName: SearchForPackageOnDisk took   0.096s to resolve RunnerMap.umap.
[2016.06.12-09.56.35:257][228]LogPackageName: SearchForPackageOnDisk took   0.087s to resolve RunnerMap.umap.
[2016.06.12-09.56.35:257][228]LogNet: Browse: /Game/RunnerAssets/RunnerMap
[2016.06.12-09.56.35:257][228]LogLoad: LoadMap: /Game/RunnerAssets/RunnerMap
[2016.06.12-09.56.35:270][228]LogParticles: Destroying 0 GPU particle simulations for FXSystem 0x000001C34A0CE840
[2016.06.12-09.56.35:272][228]Cmd: MEM
[2016.06.12-09.56.35:283][228]LogMemory: Platform Memory Stats for Windows
[2016.06.12-09.56.35:283][228]LogMemory: Process Physical Memory: 736.44 MB used, 736.44 MB peak
[2016.06.12-09.56.35:283][228]LogMemory: Process Virtual Memory: 1270.00 MB used, 1270.00 MB peak
[2016.06.12-09.56.35:283][228]LogMemory: Physical Memory: 5574.82 MB used, 16337.33 MB total
[2016.06.12-09.56.35:283][228]LogMemory: Virtual Memory: 1981.13 MB used, 134217728.00 MB total
[2016.06.12-09.56.35:283][228]LogMemory: 
[2016.06.12-09.56.35:283][228]Allocator Stats for TBB: (not implemented)
[2016.06.12-09.56.37:641][228]LogAIModule: Creating AISystem for world RunnerMap
[2016.06.12-09.56.37:641][228]LogLinker:Warning: Can't find file '/Game/SideScrollerBP/Blueprints/SideScrollerGameMode'
[2016.06.12-09.56.37:641][228]LogLinker:Warning: Can't find file '/Game/SideScrollerBP/Blueprints/SideScrollerGameMode'
[2016.06.12-09.56.37:642][228]LogUObjectGlobals:Warning: Failed to find object 'Class /Game/SideScrollerBP/Blueprints/SideScrollerGameMode.SideScrollerGameMode_C'
[2016.06.12-09.56.37:642][228]LogWorld: Game class is 'GameMode'
[2016.06.12-09.56.37:664][228]LogWorld: Bringing World /Game/RunnerAssets/UEDPIE_0_RunnerMap.RunnerMap up for play (max tick rate 0) at 2016.06.12-11.56.37
[2016.06.12-09.56.37:664][228]LogActor:Warning: GameSession /Game/RunnerAssets/UEDPIE_0_RunnerMap.RunnerMap:PersistentLevel.GameSession_1 has natively added scene component(s), but none of them were set as the actor's RootComponent - picking one arbitrarily
[2016.06.12-09.56.37:664][228]LogActor:Warning: GameNetworkManager /Game/RunnerAssets/UEDPIE_0_RunnerMap.RunnerMap:PersistentLevel.GameNetworkManager_1 has natively added scene component(s), but none of them were set as the actor's RootComponent - picking one arbitrarily
[2016.06.12-09.56.37:666][228]LogWorld: Bringing up level for play took: 0.022764
[2016.06.12-09.56.37:666][228]LogGameMode: Warning - PATHS NOT DEFINED or NO PLAYERSTART with positive rating
[2016.06.12-09.56.37:671][228]LogScript:Warning: Cannot access 'Wall_BiggestWindow_C_30'. It is pending kill. Property: 'lastWall'
	SpawnWalls_Blueprint_C /Game/RunnerAssets/UEDPIE_0_RunnerMap.RunnerMap:PersistentLevel.SpawnWalls_Blueprint_C_1
	Function /Game/RunnerAssets/Blueprints/Spawners/SpawnWalls_Blueprint.SpawnWalls_Blueprint_C:ExecuteUbergraph_SpawnWalls_Blueprint:0553
[2016.06.12-09.56.37:672][228]PIE:Error: Error Cannot access 'Wall_BiggestWindow_C_30'. It is pending kill. Property: 'lastWall' from node Spawn Randomized Walls in graph 'EventGraph' in blueprint SpawnWalls_Blueprint
[2016.06.12-09.56.37:672][228]LogScript:Warning: Accessed None
	SpawnWalls_Blueprint_C /Game/RunnerAssets/UEDPIE_0_RunnerMap.RunnerMap:PersistentLevel.SpawnWalls_Blueprint_C_1
	Function /Game/RunnerAssets/Blueprints/Spawners/SpawnWalls_Blueprint.SpawnWalls_Blueprint_C:ExecuteUbergraph_SpawnWalls_Blueprint:0568
[2016.06.12-09.56.37:672][228]PIE:Error: Error Accessed None from node Spawn Randomized Walls in graph 'EventGraph' in blueprint SpawnWalls_Blueprint
[2016.06.12-09.56.40:768][373]LogBlueprintUserMessages: Early EndPlayMap Detection: Level '/Game/RunnerAssets/MainMenu.MainMenu:PersistentLevel' has LevelScriptBlueprint '/Game/RunnerAssets/MainMenu.MainMenu:PersistentLevel.MainMenu' with GeneratedClass '/Game/RunnerAssets/MainMenu.MainMenu_C' with ClassGeneratedBy '/Game/RunnerAssets/MainMenu.MainMenu:PersistentLevel.MainMenu'
[2016.06.12-09.56.40:811][373]LogBlueprintUserMessages: Late EndPlayMap Detection: Level '/Game/RunnerAssets/MainMenu.MainMenu:PersistentLevel' has LevelScriptBlueprint '/Game/RunnerAssets/MainMenu.MainMenu:PersistentLevel.MainMenu' with GeneratedClass '/Game/RunnerAssets/MainMenu.MainMenu_C' with ClassGeneratedBy '/Game/RunnerAssets/MainMenu.MainMenu:PersistentLevel.MainMenu'
[2016.06.12-09.56.40:812][373]LogActorComponent: UnregisterComponent: (/Engine/Transient.CharMoveComp) Not registered. Aborting.
[2016.06.12-09.56.40:874][373]LogParticles: Destroying 0 GPU particle simulations for FXSystem 0x000001C315711440
[2016.06.12-09.56.57:854][461]LogLinker:Warning: Asset '../../../Engine/Content/ArtTools/RenderToTexture/Macros/RenderToTextureMacros.uasset' has been saved with empty engine version. The asset will be loaded but may be incompatible.
[2016.06.12-09.56.58:326][461]LogContentBrowser: Native class hierarchy updated for 'BlueprintGraph' in 0.0007 seconds. Added 107 classes and 0 folders.
[2016.06.12-09.57.13:217][682]LogBlueprintUserMessages: Early PlayInEditor Detection: Level '/Game/RunnerAssets/MainMenu.MainMenu:PersistentLevel' has LevelScriptBlueprint '/Game/RunnerAssets/MainMenu.MainMenu:PersistentLevel.MainMenu' with GeneratedClass '/Game/RunnerAssets/MainMenu.MainMenu_C' with ClassGeneratedBy '/Game/RunnerAssets/MainMenu.MainMenu:PersistentLevel.MainMenu'
[2016.06.12-09.57.13:217][682]LogPlayLevel: PlayLevel: No blueprints needed recompiling
[2016.06.12-09.57.13:217][682]PIE: New page: PIE session: MainMenu (Jun 12, 2016, 1:57:13 PM)
[2016.06.12-09.57.13:217][682]LogPlayLevel: Creating play world package: /Game/RunnerAssets/UEDPIE_0_MainMenu
[2016.06.12-09.57.13:221][682]LogPlayLevel: PIE: StaticDuplicateObject took: (0.003815s)
[2016.06.12-09.57.13:221][682]LogAIModule: Creating AISystem for world MainMenu
[2016.06.12-09.57.13:222][682]LogPlayLevel: PIE: World Init took: (0.000717s)
[2016.06.12-09.57.13:222][682]LogPlayLevel: PIE: Created PIE world by copying editor world from /Game/RunnerAssets/MainMenu.MainMenu to /Game/RunnerAssets/UEDPIE_0_MainMenu.MainMenu (0.004768s)
[2016.06.12-09.57.13:222][682]LogActorComponent: UnregisterComponent: (/Engine/Transient.CharMoveComp) Not registered. Aborting.
[2016.06.12-09.57.13:256][682]LogInit: XAudio2 using 'Speakers (Realtek High Definition Audio)' : 2 channels at 48 kHz using 32 bits per sample (channel mask 0x3)
[2016.06.12-09.57.13:269][682]LogInit: FAudioDevice initialized.
[2016.06.12-09.57.13:346][682]LogLinker:Warning: Can't find file '/Game/SideScrollerBP/Blueprints/SideScrollerGameMode'
[2016.06.12-09.57.13:347][682]LogLinker:Warning: Can't find file '/Game/SideScrollerBP/Blueprints/SideScrollerGameMode'
[2016.06.12-09.57.13:347][682]LogUObjectGlobals:Warning: Failed to find object 'Class /Game/SideScrollerBP/Blueprints/SideScrollerGameMode.SideScrollerGameMode_C'
[2016.06.12-09.57.13:347][682]LogWorld: Game class is 'GameMode'
[2016.06.12-09.57.13:348][682]LogWorld: Bringing World /Game/RunnerAssets/UEDPIE_0_MainMenu.MainMenu up for play (max tick rate 0) at 2016.06.12-11.57.13
[2016.06.12-09.57.13:348][682]LogActor:Warning: GameSession /Game/RunnerAssets/UEDPIE_0_MainMenu.MainMenu:PersistentLevel.GameSession_2 has natively added scene component(s), but none of them were set as the actor's RootComponent - picking one arbitrarily
[2016.06.12-09.57.13:348][682]LogActor:Warning: GameNetworkManager /Game/RunnerAssets/UEDPIE_0_MainMenu.MainMenu:PersistentLevel.GameNetworkManager_2 has natively added scene component(s), but none of them were set as the actor's RootComponent - picking one arbitrarily
[2016.06.12-09.57.13:348][682]LogWorld: Bringing up level for play took: 0.000823
[2016.06.12-09.57.13:349][682]LogGameMode: Warning - PATHS NOT DEFINED or NO PLAYERSTART with positive rating
[2016.06.12-09.57.13:372][682]PIE: Info Play in editor start time for /Game/RunnerAssets/UEDPIE_0_MainMenu -0.786
[2016.06.12-09.57.13:373][682]LogBlueprintUserMessages: Late PlayInEditor Detection: Level '/Game/RunnerAssets/MainMenu.MainMenu:PersistentLevel' has LevelScriptBlueprint '/Game/RunnerAssets/MainMenu.MainMenu:PersistentLevel.MainMenu' with GeneratedClass '/Game/RunnerAssets/MainMenu.MainMenu_C' with ClassGeneratedBy '/Game/RunnerAssets/MainMenu.MainMenu:PersistentLevel.MainMenu'
[2016.06.12-09.57.14:533][755]LogPackageName: SearchForPackageOnDisk took   0.087s to resolve RunnerMap.umap.
[2016.06.12-09.57.14:622][755]LogPackageName: SearchForPackageOnDisk took   0.088s to resolve RunnerMap.umap.
[2016.06.12-09.57.14:622][755]LogNet: Browse: /Game/RunnerAssets/RunnerMap
[2016.06.12-09.57.14:622][755]LogLoad: LoadMap: /Game/RunnerAssets/RunnerMap
[2016.06.12-09.57.14:656][755]LogParticles: Destroying 0 GPU particle simulations for FXSystem 0x000001C301E0D620
[2016.06.12-09.57.14:660][755]Cmd: MEM
[2016.06.12-09.57.14:698][755]LogMemory: Platform Memory Stats for Windows
[2016.06.12-09.57.14:698][755]LogMemory: Process Physical Memory: 1050.55 MB used, 1085.46 MB peak
[2016.06.12-09.57.14:698][755]LogMemory: Process Virtual Memory: 1647.98 MB used, 1695.14 MB peak
[2016.06.12-09.57.14:698][755]LogMemory: Physical Memory: 5958.64 MB used, 16337.33 MB total
[2016.06.12-09.57.14:698][755]LogMemory: Virtual Memory: 2413.33 MB used, 134217728.00 MB total
[2016.06.12-09.57.14:698][755]LogMemory: 
[2016.06.12-09.57.14:698][755]Allocator Stats for TBB: (not implemented)
[2016.06.12-09.57.15:233][755]LogAIModule: Creating AISystem for world RunnerMap
[2016.06.12-09.57.15:234][755]LogLinker:Warning: Can't find file '/Game/SideScrollerBP/Blueprints/SideScrollerGameMode'
[2016.06.12-09.57.15:234][755]LogLinker:Warning: Can't find file '/Game/SideScrollerBP/Blueprints/SideScrollerGameMode'
[2016.06.12-09.57.15:234][755]LogUObjectGlobals:Warning: Failed to find object 'Class /Game/SideScrollerBP/Blueprints/SideScrollerGameMode.SideScrollerGameMode_C'
[2016.06.12-09.57.15:234][755]LogWorld: Game class is 'GameMode'
[2016.06.12-09.57.15:259][755]LogWorld: Bringing World /Game/RunnerAssets/UEDPIE_0_RunnerMap.RunnerMap up for play (max tick rate 0) at 2016.06.12-11.57.15
[2016.06.12-09.57.15:259][755]LogActor:Warning: GameSession /Game/RunnerAssets/UEDPIE_0_RunnerMap.RunnerMap:PersistentLevel.GameSession_3 has natively added scene component(s), but none of them were set as the actor's RootComponent - picking one arbitrarily
[2016.06.12-09.57.15:259][755]LogActor:Warning: GameNetworkManager /Game/RunnerAssets/UEDPIE_0_RunnerMap.RunnerMap:PersistentLevel.GameNetworkManager_3 has natively added scene component(s), but none of them were set as the actor's RootComponent - picking one arbitrarily
[2016.06.12-09.57.15:260][755]LogWorld: Bringing up level for play took: 0.024899
[2016.06.12-09.57.15:261][755]LogGameMode: Warning - PATHS NOT DEFINED or NO PLAYERSTART with positive rating
[2016.06.12-09.57.15:264][755]LogScript:Warning: Cannot access 'Wall_Windowless_C_50'. It is pending kill. Property: 'lastWall'
	SpawnWalls_Blueprint_C /Game/RunnerAssets/UEDPIE_0_RunnerMap.RunnerMap:PersistentLevel.SpawnWalls_Blueprint_C_1
	Function /Game/RunnerAssets/Blueprints/Spawners/SpawnWalls_Blueprint.SpawnWalls_Blueprint_C:ExecuteUbergraph_SpawnWalls_Blueprint:0553
[2016.06.12-09.57.15:264][755]PIE:Error: Error Cannot access 'Wall_Windowless_C_50'. It is pending kill. Property: 'lastWall' from node Spawn Randomized Walls in graph 'EventGraph' in blueprint SpawnWalls_Blueprint
[2016.06.12-09.57.15:264][755]LogScript:Warning: Accessed None
	SpawnWalls_Blueprint_C /Game/RunnerAssets/UEDPIE_0_RunnerMap.RunnerMap:PersistentLevel.SpawnWalls_Blueprint_C_1
	Function /Game/RunnerAssets/Blueprints/Spawners/SpawnWalls_Blueprint.SpawnWalls_Blueprint_C:ExecuteUbergraph_SpawnWalls_Blueprint:0568
[2016.06.12-09.57.15:264][755]PIE:Error: Error Accessed None from node Spawn Randomized Walls in graph 'EventGraph' in blueprint SpawnWalls_Blueprint
[2016.06.12-09.57.18:551][907]LogBlueprintUserMessages: Early EndPlayMap Detection: Level '/Game/RunnerAssets/MainMenu.MainMenu:PersistentLevel' has LevelScriptBlueprint '/Game/RunnerAssets/MainMenu.MainMenu:PersistentLevel.MainMenu' with GeneratedClass '/Game/RunnerAssets/MainMenu.MainMenu_C' with ClassGeneratedBy '/Game/RunnerAssets/MainMenu.MainMenu:PersistentLevel.MainMenu'
[2016.06.12-09.57.18:582][907]LogBlueprintUserMessages: Late EndPlayMap Detection: Level '/Game/RunnerAssets/MainMenu.MainMenu:PersistentLevel' has LevelScriptBlueprint '/Game/RunnerAssets/MainMenu.MainMenu:PersistentLevel.MainMenu' with GeneratedClass '/Game/RunnerAssets/MainMenu.MainMenu_C' with ClassGeneratedBy '/Game/RunnerAssets/MainMenu.MainMenu:PersistentLevel.MainMenu'
[2016.06.12-09.57.18:628][907]LogParticles: Destroying 0 GPU particle simulations for FXSystem 0x000001C32F3C7A60
[2016.06.12-10.00.28:263][607]BlueprintLog: New page: Compile SpawnWalls_Blueprint
[2016.06.12-10.00.28:451][607]BlueprintEditorCompileResults: Info Event Tick (K2Node_Event_139) had an invalid function signature - it has now been fixed.
[2016.06.12-10.00.28:451][607]BlueprintEditorCompileResults: Info The execution path doesn't end with a return node.  Default 
[2016.06.12-10.00.28:451][607]BlueprintEditorCompileResults: Info The execution path doesn't end with a return node.  False 
[2016.06.12-10.00.28:451][607]BlueprintEditorCompileResults: Info The execution path doesn't end with a return node.  Default 
[2016.06.12-10.00.28:451][607]BlueprintEditorCompileResults: Info [0242.54] Compile of SpawnWalls_Blueprint successful! [in 187 ms]
[2016.06.12-10.00.30:833][823]LogSavePackage: Save=282.041107ms
[2016.06.12-10.00.30:833][823]LogSavePackage: Moving '../../../../../../Users/Johan/Documents/GitHub/Runner/Saved/SpawnWalls_Blueprint0A25BF6E4C82AA9C863AF7814B9F4DDE.tmp' to '../../../../../../Users/Johan/Documents/GitHub/Runner/Content/RunnerAssets/Blueprints/Spawners/SpawnWalls_Blueprint.uasset'
[2016.06.12-10.00.30:837][823]LogSavePackage: Total save time: 325.958781ms
[2016.06.12-10.00.30:837][823]LogSavePackage:Display: Finished SavePackage ../../../../../../Users/Johan/Documents/GitHub/Runner/Content/RunnerAssets/Blueprints/Spawners/SpawnWalls_Blueprint.uasset
[2016.06.12-10.00.31:699][914]LogBlueprintUserMessages: Early PlayInEditor Detection: Level '/Game/RunnerAssets/MainMenu.MainMenu:PersistentLevel' has LevelScriptBlueprint '/Game/RunnerAssets/MainMenu.MainMenu:PersistentLevel.MainMenu' with GeneratedClass '/Game/RunnerAssets/MainMenu.MainMenu_C' with ClassGeneratedBy '/Game/RunnerAssets/MainMenu.MainMenu:PersistentLevel.MainMenu'
[2016.06.12-10.00.31:699][914]LogPlayLevel: PlayLevel: No blueprints needed recompiling
[2016.06.12-10.00.31:699][914]PIE: New page: PIE session: MainMenu (Jun 12, 2016, 2:00:31 PM)
[2016.06.12-10.00.31:699][914]LogPlayLevel: Creating play world package: /Game/RunnerAssets/UEDPIE_0_MainMenu
[2016.06.12-10.00.31:703][914]LogPlayLevel: PIE: StaticDuplicateObject took: (0.003475s)
[2016.06.12-10.00.31:703][914]LogAIModule: Creating AISystem for world MainMenu
[2016.06.12-10.00.31:703][914]LogPlayLevel: PIE: World Init took: (0.000723s)
[2016.06.12-10.00.31:703][914]LogPlayLevel: PIE: Created PIE world by copying editor world from /Game/RunnerAssets/MainMenu.MainMenu to /Game/RunnerAssets/UEDPIE_0_MainMenu.MainMenu (0.004449s)
[2016.06.12-10.00.31:734][914]LogInit: XAudio2 using 'Speakers (Realtek High Definition Audio)' : 2 channels at 48 kHz using 32 bits per sample (channel mask 0x3)
[2016.06.12-10.00.31:746][914]LogInit: FAudioDevice initialized.
[2016.06.12-10.00.31:831][914]LogLinker:Warning: Can't find file '/Game/SideScrollerBP/Blueprints/SideScrollerGameMode'
[2016.06.12-10.00.31:831][914]LogLinker:Warning: Can't find file '/Game/SideScrollerBP/Blueprints/SideScrollerGameMode'
[2016.06.12-10.00.31:832][914]LogUObjectGlobals:Warning: Failed to find object 'Class /Game/SideScrollerBP/Blueprints/SideScrollerGameMode.SideScrollerGameMode_C'
[2016.06.12-10.00.31:832][914]LogWorld: Game class is 'GameMode'
[2016.06.12-10.00.31:833][914]LogWorld: Bringing World /Game/RunnerAssets/UEDPIE_0_MainMenu.MainMenu up for play (max tick rate 0) at 2016.06.12-12.00.31
[2016.06.12-10.00.31:833][914]LogActor:Warning: GameSession /Game/RunnerAssets/UEDPIE_0_MainMenu.MainMenu:PersistentLevel.GameSession_4 has natively added scene component(s), but none of them were set as the actor's RootComponent - picking one arbitrarily
[2016.06.12-10.00.31:834][914]LogActor:Warning: GameNetworkManager /Game/RunnerAssets/UEDPIE_0_MainMenu.MainMenu:PersistentLevel.GameNetworkManager_4 has natively added scene component(s), but none of them were set as the actor's RootComponent - picking one arbitrarily
[2016.06.12-10.00.31:834][914]LogWorld: Bringing up level for play took: 0.001061
[2016.06.12-10.00.31:834][914]LogGameMode: Warning - PATHS NOT DEFINED or NO PLAYERSTART with positive rating
[2016.06.12-10.00.31:867][914]PIE: Info Play in editor start time for /Game/RunnerAssets/UEDPIE_0_MainMenu -0.291
[2016.06.12-10.00.31:868][914]LogBlueprintUserMessages: Late PlayInEditor Detection: Level '/Game/RunnerAssets/MainMenu.MainMenu:PersistentLevel' has LevelScriptBlueprint '/Game/RunnerAssets/MainMenu.MainMenu:PersistentLevel.MainMenu' with GeneratedClass '/Game/RunnerAssets/MainMenu.MainMenu_C' with ClassGeneratedBy '/Game/RunnerAssets/MainMenu.MainMenu:PersistentLevel.MainMenu'
[2016.06.12-10.00.33:426][ 24]LogPackageName: SearchForPackageOnDisk took   0.099s to resolve RunnerMap.umap.
[2016.06.12-10.00.33:514][ 24]LogPackageName: SearchForPackageOnDisk took   0.088s to resolve RunnerMap.umap.
[2016.06.12-10.00.33:514][ 24]LogNet: Browse: /Game/RunnerAssets/RunnerMap
[2016.06.12-10.00.33:514][ 24]LogLoad: LoadMap: /Game/RunnerAssets/RunnerMap
[2016.06.12-10.00.33:542][ 24]LogParticles: Destroying 0 GPU particle simulations for FXSystem 0x000001C333283880
[2016.06.12-10.00.33:545][ 24]Cmd: MEM
[2016.06.12-10.00.33:571][ 24]LogMemory: Platform Memory Stats for Windows
[2016.06.12-10.00.33:571][ 24]LogMemory: Process Physical Memory: 1126.57 MB used, 1181.91 MB peak
[2016.06.12-10.00.33:571][ 24]LogMemory: Process Virtual Memory: 1791.41 MB used, 1912.36 MB peak
[2016.06.12-10.00.33:571][ 24]LogMemory: Physical Memory: 6072.43 MB used, 16337.33 MB total
[2016.06.12-10.00.33:571][ 24]LogMemory: Virtual Memory: 2545.91 MB used, 134217728.00 MB total
[2016.06.12-10.00.33:571][ 24]LogMemory: 
[2016.06.12-10.00.33:571][ 24]Allocator Stats for TBB: (not implemented)
[2016.06.12-10.00.34:038][ 24]LogAIModule: Creating AISystem for world RunnerMap
[2016.06.12-10.00.34:039][ 24]LogLinker:Warning: Can't find file '/Game/SideScrollerBP/Blueprints/SideScrollerGameMode'
[2016.06.12-10.00.34:039][ 24]LogLinker:Warning: Can't find file '/Game/SideScrollerBP/Blueprints/SideScrollerGameMode'
[2016.06.12-10.00.34:039][ 24]LogUObjectGlobals:Warning: Failed to find object 'Class /Game/SideScrollerBP/Blueprints/SideScrollerGameMode.SideScrollerGameMode_C'
[2016.06.12-10.00.34:039][ 24]LogWorld: Game class is 'GameMode'
[2016.06.12-10.00.34:061][ 24]LogWorld: Bringing World /Game/RunnerAssets/UEDPIE_0_RunnerMap.RunnerMap up for play (max tick rate 0) at 2016.06.12-12.00.34
[2016.06.12-10.00.34:061][ 24]LogActor:Warning: GameSession /Game/RunnerAssets/UEDPIE_0_RunnerMap.RunnerMap:PersistentLevel.GameSession_5 has natively added scene component(s), but none of them were set as the actor's RootComponent - picking one arbitrarily
[2016.06.12-10.00.34:062][ 24]LogActor:Warning: GameNetworkManager /Game/RunnerAssets/UEDPIE_0_RunnerMap.RunnerMap:PersistentLevel.GameNetworkManager_5 has natively added scene component(s), but none of them were set as the actor's RootComponent - picking one arbitrarily
[2016.06.12-10.00.34:063][ 24]LogWorld: Bringing up level for play took: 0.022350
[2016.06.12-10.00.34:063][ 24]LogGameMode: Warning - PATHS NOT DEFINED or NO PLAYERSTART with positive rating
[2016.06.12-10.00.34:065][ 24]LogScript:Warning: Cannot access 'Wall_BiggestWindow_C_175'. It is pending kill. Property: 'lastWall'
	SpawnWalls_Blueprint_C /Game/RunnerAssets/UEDPIE_0_RunnerMap.RunnerMap:PersistentLevel.SpawnWalls_Blueprint_C_1
	Function /Game/RunnerAssets/Blueprints/Spawners/SpawnWalls_Blueprint.SpawnWalls_Blueprint_C:ExecuteUbergraph_SpawnWalls_Blueprint:09CC
[2016.06.12-10.00.34:065][ 24]PIE:Error: Error Cannot access 'Wall_BiggestWindow_C_175'. It is pending kill. Property: 'lastWall' from node Spawn Randomized Walls in graph 'EventGraph' in blueprint SpawnWalls_Blueprint
[2016.06.12-10.00.34:065][ 24]LogScript:Warning: Accessed None
	SpawnWalls_Blueprint_C /Game/RunnerAssets/UEDPIE_0_RunnerMap.RunnerMap:PersistentLevel.SpawnWalls_Blueprint_C_1
	Function /Game/RunnerAssets/Blueprints/Spawners/SpawnWalls_Blueprint.SpawnWalls_Blueprint_C:ExecuteUbergraph_SpawnWalls_Blueprint:09E1
[2016.06.12-10.00.34:066][ 24]PIE:Error: Error Accessed None from node Spawn Randomized Walls in graph 'EventGraph' in blueprint SpawnWalls_Blueprint
[2016.06.12-10.00.58:881][869]LogBlueprintUserMessages: Early EndPlayMap Detection: Level '/Game/RunnerAssets/MainMenu.MainMenu:PersistentLevel' has LevelScriptBlueprint '/Game/RunnerAssets/MainMenu.MainMenu:PersistentLevel.MainMenu' with GeneratedClass '/Game/RunnerAssets/MainMenu.MainMenu_C' with ClassGeneratedBy '/Game/RunnerAssets/MainMenu.MainMenu:PersistentLevel.MainMenu'
[2016.06.12-10.00.58:930][869]LogBlueprintUserMessages: Late EndPlayMap Detection: Level '/Game/RunnerAssets/MainMenu.MainMenu:PersistentLevel' has LevelScriptBlueprint '/Game/RunnerAssets/MainMenu.MainMenu:PersistentLevel.MainMenu' with GeneratedClass '/Game/RunnerAssets/MainMenu.MainMenu_C' with ClassGeneratedBy '/Game/RunnerAssets/MainMenu.MainMenu:PersistentLevel.MainMenu'
[2016.06.12-10.00.58:982][869]LogParticles: Destroying 0 GPU particle simulations for FXSystem 0x000001C338483BA0
[2016.06.12-10.05.34:763][585]BlueprintLog: New page: Compile SpawnWalls_Blueprint
[2016.06.12-10.05.34:953][585]BlueprintEditorCompileResults: Info Event Tick (K2Node_Event_139) had an invalid function signature - it has now been fixed.
[2016.06.12-10.05.34:953][585]BlueprintEditorCompileResults: Info The execution path doesn't end with a return node.  Default 
[2016.06.12-10.05.34:953][585]BlueprintEditorCompileResults: Info The execution path doesn't end with a return node.  False 
[2016.06.12-10.05.34:953][585]BlueprintEditorCompileResults: Info The execution path doesn't end with a return node.  Default 
[2016.06.12-10.05.34:953][585]BlueprintEditorCompileResults: Info [0549.04] Compile of SpawnWalls_Blueprint successful! [in 189 ms]
[2016.06.12-10.05.36:341][732]LogBlueprintUserMessages: Early PlayInEditor Detection: Level '/Game/RunnerAssets/MainMenu.MainMenu:PersistentLevel' has LevelScriptBlueprint '/Game/RunnerAssets/MainMenu.MainMenu:PersistentLevel.MainMenu' with GeneratedClass '/Game/RunnerAssets/MainMenu.MainMenu_C' with ClassGeneratedBy '/Game/RunnerAssets/MainMenu.MainMenu:PersistentLevel.MainMenu'
[2016.06.12-10.05.36:341][732]LogPlayLevel: PlayLevel: No blueprints needed recompiling
[2016.06.12-10.05.36:341][732]PIE: New page: PIE session: MainMenu (Jun 12, 2016, 2:05:36 PM)
[2016.06.12-10.05.36:341][732]LogPlayLevel: Creating play world package: /Game/RunnerAssets/UEDPIE_0_MainMenu
[2016.06.12-10.05.36:345][732]LogPlayLevel: PIE: StaticDuplicateObject took: (0.003942s)
[2016.06.12-10.05.36:346][732]LogAIModule: Creating AISystem for world MainMenu
[2016.06.12-10.05.36:346][732]LogPlayLevel: PIE: World Init took: (0.000953s)
[2016.06.12-10.05.36:346][732]LogPlayLevel: PIE: Created PIE world by copying editor world from /Game/RunnerAssets/MainMenu.MainMenu to /Game/RunnerAssets/UEDPIE_0_MainMenu.MainMenu (0.005245s)
[2016.06.12-10.05.36:387][732]LogInit: XAudio2 using 'Speakers (Realtek High Definition Audio)' : 2 channels at 48 kHz using 32 bits per sample (channel mask 0x3)
[2016.06.12-10.05.36:401][732]LogInit: FAudioDevice initialized.
[2016.06.12-10.05.36:487][732]LogLinker:Warning: Can't find file '/Game/SideScrollerBP/Blueprints/SideScrollerGameMode'
[2016.06.12-10.05.36:488][732]LogLinker:Warning: Can't find file '/Game/SideScrollerBP/Blueprints/SideScrollerGameMode'
[2016.06.12-10.05.36:488][732]LogUObjectGlobals:Warning: Failed to find object 'Class /Game/SideScrollerBP/Blueprints/SideScrollerGameMode.SideScrollerGameMode_C'
[2016.06.12-10.05.36:488][732]LogWorld: Game class is 'GameMode'
[2016.06.12-10.05.36:490][732]LogWorld: Bringing World /Game/RunnerAssets/UEDPIE_0_MainMenu.MainMenu up for play (max tick rate 0) at 2016.06.12-12.05.36
[2016.06.12-10.05.36:490][732]LogActor:Warning: GameSession /Game/RunnerAssets/UEDPIE_0_MainMenu.MainMenu:PersistentLevel.GameSession_6 has natively added scene component(s), but none of them were set as the actor's RootComponent - picking one arbitrarily
[2016.06.12-10.05.36:490][732]LogActor:Warning: GameNetworkManager /Game/RunnerAssets/UEDPIE_0_MainMenu.MainMenu:PersistentLevel.GameNetworkManager_6 has natively added scene component(s), but none of them were set as the actor's RootComponent - picking one arbitrarily
[2016.06.12-10.05.36:490][732]LogWorld: Bringing up level for play took: 0.001330
[2016.06.12-10.05.36:491][732]LogGameMode: Warning - PATHS NOT DEFINED or NO PLAYERSTART with positive rating
[2016.06.12-10.05.36:520][732]PIE: Info Play in editor start time for /Game/RunnerAssets/UEDPIE_0_MainMenu 0.362
[2016.06.12-10.05.36:520][732]LogBlueprintUserMessages: Late PlayInEditor Detection: Level '/Game/RunnerAssets/MainMenu.MainMenu:PersistentLevel' has LevelScriptBlueprint '/Game/RunnerAssets/MainMenu.MainMenu:PersistentLevel.MainMenu' with GeneratedClass '/Game/RunnerAssets/MainMenu.MainMenu_C' with ClassGeneratedBy '/Game/RunnerAssets/MainMenu.MainMenu:PersistentLevel.MainMenu'
[2016.06.12-10.05.37:945][831]LogPackageName: SearchForPackageOnDisk took   0.092s to resolve RunnerMap.umap.
[2016.06.12-10.05.38:028][831]LogPackageName: SearchForPackageOnDisk took   0.082s to resolve RunnerMap.umap.
[2016.06.12-10.05.38:028][831]LogNet: Browse: /Game/RunnerAssets/RunnerMap
[2016.06.12-10.05.38:028][831]LogLoad: LoadMap: /Game/RunnerAssets/RunnerMap
[2016.06.12-10.05.38:055][831]LogParticles: Destroying 0 GPU particle simulations for FXSystem 0x000001C332FE2D40
[2016.06.12-10.05.38:059][831]Cmd: MEM
[2016.06.12-10.05.38:085][831]LogMemory: Platform Memory Stats for Windows
[2016.06.12-10.05.38:085][831]LogMemory: Process Physical Memory: 1295.92 MB used, 1304.59 MB peak
[2016.06.12-10.05.38:085][831]LogMemory: Process Virtual Memory: 1927.73 MB used, 2045.13 MB peak
[2016.06.12-10.05.38:085][831]LogMemory: Physical Memory: 4741.34 MB used, 16337.33 MB total
[2016.06.12-10.05.38:085][831]LogMemory: Virtual Memory: 2699.58 MB used, 134217728.00 MB total
[2016.06.12-10.05.38:085][831]LogMemory: 
[2016.06.12-10.05.38:085][831]Allocator Stats for TBB: (not implemented)
[2016.06.12-10.05.38:595][831]LogAIModule: Creating AISystem for world RunnerMap
[2016.06.12-10.05.38:596][831]LogLinker:Warning: Can't find file '/Game/SideScrollerBP/Blueprints/SideScrollerGameMode'
[2016.06.12-10.05.38:596][831]LogLinker:Warning: Can't find file '/Game/SideScrollerBP/Blueprints/SideScrollerGameMode'
[2016.06.12-10.05.38:596][831]LogUObjectGlobals:Warning: Failed to find object 'Class /Game/SideScrollerBP/Blueprints/SideScrollerGameMode.SideScrollerGameMode_C'
[2016.06.12-10.05.38:596][831]LogWorld: Game class is 'GameMode'
[2016.06.12-10.05.38:620][831]LogWorld: Bringing World /Game/RunnerAssets/UEDPIE_0_RunnerMap.RunnerMap up for play (max tick rate 0) at 2016.06.12-12.05.38
[2016.06.12-10.05.38:620][831]LogActor:Warning: GameSession /Game/RunnerAssets/UEDPIE_0_RunnerMap.RunnerMap:PersistentLevel.GameSession_7 has natively added scene component(s), but none of them were set as the actor's RootComponent - picking one arbitrarily
[2016.06.12-10.05.38:620][831]LogActor:Warning: GameNetworkManager /Game/RunnerAssets/UEDPIE_0_RunnerMap.RunnerMap:PersistentLevel.GameNetworkManager_7 has natively added scene component(s), but none of them were set as the actor's RootComponent - picking one arbitrarily
[2016.06.12-10.05.38:621][831]LogWorld: Bringing up level for play took: 0.024283
[2016.06.12-10.05.38:622][831]LogGameMode: Warning - PATHS NOT DEFINED or NO PLAYERSTART with positive rating
[2016.06.12-10.05.38:624][831]LogScript:Warning: Cannot access 'Wall_BiggestWindow_C_353'. It is pending kill. Property: 'lastWall'
	SpawnWalls_Blueprint_C /Game/RunnerAssets/UEDPIE_0_RunnerMap.RunnerMap:PersistentLevel.SpawnWalls_Blueprint_C_1
	Function /Game/RunnerAssets/Blueprints/Spawners/SpawnWalls_Blueprint.SpawnWalls_Blueprint_C:ExecuteUbergraph_SpawnWalls_Blueprint:09CC
[2016.06.12-10.05.38:624][831]PIE:Error: Error Cannot access 'Wall_BiggestWindow_C_353'. It is pending kill. Property: 'lastWall' from node Spawn Randomized Walls in graph 'EventGraph' in blueprint SpawnWalls_Blueprint
[2016.06.12-10.05.38:624][831]LogScript:Warning: Accessed None
	SpawnWalls_Blueprint_C /Game/RunnerAssets/UEDPIE_0_RunnerMap.RunnerMap:PersistentLevel.SpawnWalls_Blueprint_C_1
	Function /Game/RunnerAssets/Blueprints/Spawners/SpawnWalls_Blueprint.SpawnWalls_Blueprint_C:ExecuteUbergraph_SpawnWalls_Blueprint:09E1
[2016.06.12-10.05.38:625][831]PIE:Error: Error Accessed None from node Spawn Randomized Walls in graph 'EventGraph' in blueprint SpawnWalls_Blueprint
[2016.06.12-10.05.38:626][831]LogScript:Warning: Cannot access 'Wall_BiggestWindow_C_354'. It is pending kill. Property: 'lastWall'
	SpawnWalls_Blueprint_C /Game/RunnerAssets/UEDPIE_0_RunnerMap.RunnerMap:PersistentLevel.SpawnWalls_Blueprint_C_1
	Function /Game/RunnerAssets/Blueprints/Spawners/SpawnWalls_Blueprint.SpawnWalls_Blueprint_C:ExecuteUbergraph_SpawnWalls_Blueprint:0553
[2016.06.12-10.05.38:626][831]PIE:Error: Error Cannot access 'Wall_BiggestWindow_C_354'. It is pending kill. Property: 'lastWall' from node Spawn Randomized Walls in graph 'EventGraph' in blueprint SpawnWalls_Blueprint
[2016.06.12-10.05.38:626][831]LogScript:Warning: Accessed None
	SpawnWalls_Blueprint_C /Game/RunnerAssets/UEDPIE_0_RunnerMap.RunnerMap:PersistentLevel.SpawnWalls_Blueprint_C_1
	Function /Game/RunnerAssets/Blueprints/Spawners/SpawnWalls_Blueprint.SpawnWalls_Blueprint_C:ExecuteUbergraph_SpawnWalls_Blueprint:0568
[2016.06.12-10.05.38:626][831]PIE:Error: Error Accessed None from node Spawn Randomized Walls in graph 'EventGraph' in blueprint SpawnWalls_Blueprint
[2016.06.12-10.06.04:251][766]LogBlueprintUserMessages: Early EndPlayMap Detection: Level '/Game/RunnerAssets/MainMenu.MainMenu:PersistentLevel' has LevelScriptBlueprint '/Game/RunnerAssets/MainMenu.MainMenu:PersistentLevel.MainMenu' with GeneratedClass '/Game/RunnerAssets/MainMenu.MainMenu_C' with ClassGeneratedBy '/Game/RunnerAssets/MainMenu.MainMenu:PersistentLevel.MainMenu'
[2016.06.12-10.06.04:328][766]LogBlueprintUserMessages: Late EndPlayMap Detection: Level '/Game/RunnerAssets/MainMenu.MainMenu:PersistentLevel' has LevelScriptBlueprint '/Game/RunnerAssets/MainMenu.MainMenu:PersistentLevel.MainMenu' with GeneratedClass '/Game/RunnerAssets/MainMenu.MainMenu_C' with ClassGeneratedBy '/Game/RunnerAssets/MainMenu.MainMenu:PersistentLevel.MainMenu'
[2016.06.12-10.06.04:391][766]LogParticles: Destroying 0 GPU particle simulations for FXSystem 0x000001C38203B9C0
[2016.06.12-10.06.16:603][ 90]BlueprintLog: New page: Compile SpawnWalls_Blueprint
[2016.06.12-10.06.16:790][ 90]BlueprintEditorCompileResults: Info Event Tick (K2Node_Event_139) had an invalid function signature - it has now been fixed.
[2016.06.12-10.06.16:790][ 90]BlueprintEditorCompileResults: Info The execution path doesn't end with a return node.  Default 
[2016.06.12-10.06.16:790][ 90]BlueprintEditorCompileResults: Info The execution path doesn't end with a return node.  False 
[2016.06.12-10.06.16:790][ 90]BlueprintEditorCompileResults: Info The execution path doesn't end with a return node.  Default 
[2016.06.12-10.06.16:790][ 90]BlueprintEditorCompileResults: Info [0590.88] Compile of SpawnWalls_Blueprint successful! [in 186 ms]
[2016.06.12-10.06.17:749][191]LogBlueprintUserMessages: Early PlayInEditor Detection: Level '/Game/RunnerAssets/MainMenu.MainMenu:PersistentLevel' has LevelScriptBlueprint '/Game/RunnerAssets/MainMenu.MainMenu:PersistentLevel.MainMenu' with GeneratedClass '/Game/RunnerAssets/MainMenu.MainMenu_C' with ClassGeneratedBy '/Game/RunnerAssets/MainMenu.MainMenu:PersistentLevel.MainMenu'
[2016.06.12-10.06.17:749][191]LogPlayLevel: PlayLevel: No blueprints needed recompiling
[2016.06.12-10.06.17:749][191]PIE: New page: PIE session: MainMenu (Jun 12, 2016, 2:06:17 PM)
[2016.06.12-10.06.17:749][191]LogPlayLevel: Creating play world package: /Game/RunnerAssets/UEDPIE_0_MainMenu
[2016.06.12-10.06.17:753][191]LogPlayLevel: PIE: StaticDuplicateObject took: (0.003921s)
[2016.06.12-10.06.17:754][191]LogAIModule: Creating AISystem for world MainMenu
[2016.06.12-10.06.17:754][191]LogPlayLevel: PIE: World Init took: (0.000737s)
[2016.06.12-10.06.17:754][191]LogPlayLevel: PIE: Created PIE world by copying editor world from /Game/RunnerAssets/MainMenu.MainMenu to /Game/RunnerAssets/UEDPIE_0_MainMenu.MainMenu (0.004899s)
[2016.06.12-10.06.17:787][191]LogInit: XAudio2 using 'Speakers (Realtek High Definition Audio)' : 2 channels at 48 kHz using 32 bits per sample (channel mask 0x3)
[2016.06.12-10.06.17:800][191]LogInit: FAudioDevice initialized.
[2016.06.12-10.06.17:889][191]LogLinker:Warning: Can't find file '/Game/SideScrollerBP/Blueprints/SideScrollerGameMode'
[2016.06.12-10.06.17:889][191]LogLinker:Warning: Can't find file '/Game/SideScrollerBP/Blueprints/SideScrollerGameMode'
[2016.06.12-10.06.17:889][191]LogUObjectGlobals:Warning: Failed to find object 'Class /Game/SideScrollerBP/Blueprints/SideScrollerGameMode.SideScrollerGameMode_C'
[2016.06.12-10.06.17:889][191]LogWorld: Game class is 'GameMode'
[2016.06.12-10.06.17:891][191]LogWorld: Bringing World /Game/RunnerAssets/UEDPIE_0_MainMenu.MainMenu up for play (max tick rate 0) at 2016.06.12-12.06.17
[2016.06.12-10.06.17:891][191]LogActor:Warning: GameSession /Game/RunnerAssets/UEDPIE_0_MainMenu.MainMenu:PersistentLevel.GameSession_8 has natively added scene component(s), but none of them were set as the actor's RootComponent - picking one arbitrarily
[2016.06.12-10.06.17:891][191]LogActor:Warning: GameNetworkManager /Game/RunnerAssets/UEDPIE_0_MainMenu.MainMenu:PersistentLevel.GameNetworkManager_8 has natively added scene component(s), but none of them were set as the actor's RootComponent - picking one arbitrarily
[2016.06.12-10.06.17:891][191]LogWorld: Bringing up level for play took: 0.000974
[2016.06.12-10.06.17:892][191]LogGameMode: Warning - PATHS NOT DEFINED or NO PLAYERSTART with positive rating
[2016.06.12-10.06.17:918][191]PIE: Info Play in editor start time for /Game/RunnerAssets/UEDPIE_0_MainMenu -0.24
[2016.06.12-10.06.17:918][191]LogBlueprintUserMessages: Late PlayInEditor Detection: Level '/Game/RunnerAssets/MainMenu.MainMenu:PersistentLevel' has LevelScriptBlueprint '/Game/RunnerAssets/MainMenu.MainMenu:PersistentLevel.MainMenu' with GeneratedClass '/Game/RunnerAssets/MainMenu.MainMenu_C' with ClassGeneratedBy '/Game/RunnerAssets/MainMenu.MainMenu:PersistentLevel.MainMenu'
[2016.06.12-10.06.21:051][420]LogPackageName: SearchForPackageOnDisk took   0.105s to resolve RunnerMap.umap.
[2016.06.12-10.06.21:135][420]LogPackageName: SearchForPackageOnDisk took   0.082s to resolve RunnerMap.umap.
[2016.06.12-10.06.21:135][420]LogNet: Browse: /Game/RunnerAssets/RunnerMap
[2016.06.12-10.06.21:135][420]LogLoad: LoadMap: /Game/RunnerAssets/RunnerMap
[2016.06.12-10.06.21:160][420]LogParticles: Destroying 0 GPU particle simulations for FXSystem 0x000001C311FA32E0
[2016.06.12-10.06.21:164][420]Cmd: MEM
[2016.06.12-10.06.21:197][420]LogMemory: Platform Memory Stats for Windows
[2016.06.12-10.06.21:197][420]LogMemory: Process Physical Memory: 1363.30 MB used, 1428.46 MB peak
[2016.06.12-10.06.21:197][420]LogMemory: Process Virtual Memory: 1955.28 MB used, 2150.76 MB peak
[2016.06.12-10.06.21:197][420]LogMemory: Physical Memory: 4818.18 MB used, 16337.33 MB total
[2016.06.12-10.06.21:197][420]LogMemory: Virtual Memory: 2736.28 MB used, 134217728.00 MB total
[2016.06.12-10.06.21:197][420]LogMemory: 
[2016.06.12-10.06.21:197][420]Allocator Stats for TBB: (not implemented)
[2016.06.12-10.06.21:723][420]LogAIModule: Creating AISystem for world RunnerMap
[2016.06.12-10.06.21:723][420]LogLinker:Warning: Can't find file '/Game/SideScrollerBP/Blueprints/SideScrollerGameMode'
[2016.06.12-10.06.21:724][420]LogLinker:Warning: Can't find file '/Game/SideScrollerBP/Blueprints/SideScrollerGameMode'
[2016.06.12-10.06.21:724][420]LogUObjectGlobals:Warning: Failed to find object 'Class /Game/SideScrollerBP/Blueprints/SideScrollerGameMode.SideScrollerGameMode_C'
[2016.06.12-10.06.21:724][420]LogWorld: Game class is 'GameMode'
[2016.06.12-10.06.21:746][420]LogWorld: Bringing World /Game/RunnerAssets/UEDPIE_0_RunnerMap.RunnerMap up for play (max tick rate 0) at 2016.06.12-12.06.21
[2016.06.12-10.06.21:746][420]LogActor:Warning: GameSession /Game/RunnerAssets/UEDPIE_0_RunnerMap.RunnerMap:PersistentLevel.GameSession_9 has natively added scene component(s), but none of them were set as the actor's RootComponent - picking one arbitrarily
[2016.06.12-10.06.21:747][420]LogActor:Warning: GameNetworkManager /Game/RunnerAssets/UEDPIE_0_RunnerMap.RunnerMap:PersistentLevel.GameNetworkManager_9 has natively added scene component(s), but none of them were set as the actor's RootComponent - picking one arbitrarily
[2016.06.12-10.06.21:748][420]LogWorld: Bringing up level for play took: 0.022892
[2016.06.12-10.06.21:748][420]LogGameMode: Warning - PATHS NOT DEFINED or NO PLAYERSTART with positive rating
[2016.06.12-10.06.34:147][942]LogScript:Warning: Attempted to get an item from array list out of bounds [4/3]!
[2016.06.12-10.06.34:232][942]LogPackageName: SearchForPackageOnDisk took   0.084s to resolve Death.umap.
[2016.06.12-10.06.34:341][943]LogPackageName: SearchForPackageOnDisk took   0.098s to resolve Death.umap.
[2016.06.12-10.06.34:341][943]LogNet: Browse: /Game/RunnerAssets/Death
[2016.06.12-10.06.34:342][943]LogLoad: LoadMap: /Game/RunnerAssets/Death
[2016.06.12-10.06.34:395][943]LogParticles: Destroying 0 GPU particle simulations for FXSystem 0x000001C372CFE340
[2016.06.12-10.06.34:395][943]Cmd: MEM
[2016.06.12-10.06.34:428][943]LogMemory: Platform Memory Stats for Windows
[2016.06.12-10.06.34:428][943]LogMemory: Process Physical Memory: 1399.96 MB used, 1467.84 MB peak
[2016.06.12-10.06.34:428][943]LogMemory: Process Virtual Memory: 1986.58 MB used, 2177.07 MB peak
[2016.06.12-10.06.34:428][943]LogMemory: Physical Memory: 4860.02 MB used, 16337.33 MB total
[2016.06.12-10.06.34:428][943]LogMemory: Virtual Memory: 2791.47 MB used, 134217728.00 MB total
[2016.06.12-10.06.34:428][943]LogMemory: 
[2016.06.12-10.06.34:428][943]Allocator Stats for TBB: (not implemented)
[2016.06.12-10.06.34:594][943]LogAIModule: Creating AISystem for world Death
[2016.06.12-10.06.34:594][943]LogLinker:Warning: Can't find file '/Game/SideScrollerBP/Blueprints/SideScrollerGameMode'
[2016.06.12-10.06.34:595][943]LogLinker:Warning: Can't find file '/Game/SideScrollerBP/Blueprints/SideScrollerGameMode'
[2016.06.12-10.06.34:595][943]LogUObjectGlobals:Warning: Failed to find object 'Class /Game/SideScrollerBP/Blueprints/SideScrollerGameMode.SideScrollerGameMode_C'
[2016.06.12-10.06.34:595][943]LogWorld: Game class is 'GameMode'
[2016.06.12-10.06.34:596][943]LogWorld: Bringing World /Game/RunnerAssets/UEDPIE_0_Death.Death up for play (max tick rate 0) at 2016.06.12-12.06.34
[2016.06.12-10.06.34:596][943]LogActor:Warning: GameSession /Game/RunnerAssets/UEDPIE_0_Death.Death:PersistentLevel.GameSession_10 has natively added scene component(s), but none of them were set as the actor's RootComponent - picking one arbitrarily
[2016.06.12-10.06.34:597][943]LogActor:Warning: GameNetworkManager /Game/RunnerAssets/UEDPIE_0_Death.Death:PersistentLevel.GameNetworkManager_10 has natively added scene component(s), but none of them were set as the actor's RootComponent - picking one arbitrarily
[2016.06.12-10.06.34:597][943]LogWorld: Bringing up level for play took: 0.001117
[2016.06.12-10.06.34:598][943]LogGameMode: Warning - PATHS NOT DEFINED or NO PLAYERSTART with positive rating
[2016.06.12-10.06.54:959][489]LogBlueprintUserMessages: Early EndPlayMap Detection: Level '/Game/RunnerAssets/MainMenu.MainMenu:PersistentLevel' has LevelScriptBlueprint '/Game/RunnerAssets/MainMenu.MainMenu:PersistentLevel.MainMenu' with GeneratedClass '/Game/RunnerAssets/MainMenu.MainMenu_C' with ClassGeneratedBy '/Game/RunnerAssets/MainMenu.MainMenu:PersistentLevel.MainMenu'
[2016.06.12-10.06.54:992][489]LogBlueprintUserMessages: Late EndPlayMap Detection: Level '/Game/RunnerAssets/MainMenu.MainMenu:PersistentLevel' has LevelScriptBlueprint '/Game/RunnerAssets/MainMenu.MainMenu:PersistentLevel.MainMenu' with GeneratedClass '/Game/RunnerAssets/MainMenu.MainMenu_C' with ClassGeneratedBy '/Game/RunnerAssets/MainMenu.MainMenu:PersistentLevel.MainMenu'
[2016.06.12-10.06.55:046][490]LogParticles: Destroying 0 GPU particle simulations for FXSystem 0x000001C3729BB100
[2016.06.12-10.08.16:441][893]LogFileHelpers: Editor autosave (incl. sublevels) for '/Game/RunnerAssets/MainMenu' took 0.036
[2016.06.12-10.08.16:449][893]OBJ SavePackage: Generating thumbnails for [0] asset(s) in package [/Game/RunnerAssets/Blueprints/Spawners/SpawnWalls_Blueprint] ([1] browsable assets)...
[2016.06.12-10.08.16:449][893]OBJ SavePackage: Finished generating thumbnails for package [/Game/RunnerAssets/Blueprints/Spawners/SpawnWalls_Blueprint]
[2016.06.12-10.08.16:767][893]LogSavePackage: Save=304.408966ms
[2016.06.12-10.08.16:767][893]LogSavePackage: Moving '../../../../../../Users/Johan/Documents/GitHub/Runner/Saved/SpawnWalls_Blueprint_Auto13CFF4EE648BDBC80A875018F3B01072E.tmp' to '../../../../../../Users/Johan/Documents/GitHub/Runner/Saved/Autosaves/Game/RunnerAssets/Blueprints/Spawners/SpawnWalls_Blueprint_Auto1.uasset'
[2016.06.12-10.08.16:769][893]LogSavePackage: Total save time: 318.150561ms
[2016.06.12-10.08.16:769][893]LogSavePackage:Display: Finished SavePackage ../../../../../../Users/Johan/Documents/GitHub/Runner/Saved/Autosaves/Game/RunnerAssets/Blueprints/Spawners/SpawnWalls_Blueprint_Auto1.uasset
[2016.06.12-10.08.16:769][893]LogFileHelpers: Auto-saving content packages took 0.328
[2016.06.12-11.12.17:794][ 57]LogFileHelpers: Editor autosave (incl. sublevels) for '/Game/RunnerAssets/MainMenu' took 0.032
[2016.06.12-11.12.17:802][ 57]OBJ SavePackage: Generating thumbnails for [0] asset(s) in package [/Game/RunnerAssets/Blueprints/Spawners/SpawnWalls_Blueprint] ([1] browsable assets)...
[2016.06.12-11.12.17:802][ 57]OBJ SavePackage: Finished generating thumbnails for package [/Game/RunnerAssets/Blueprints/Spawners/SpawnWalls_Blueprint]
[2016.06.12-11.12.18:054][ 57]LogSavePackage: Save=242.562912ms
[2016.06.12-11.12.18:054][ 57]LogSavePackage: Moving '../../../../../../Users/Johan/Documents/GitHub/Runner/Saved/SpawnWalls_Blueprint_Auto2BEE5DD794175C12C7496258BEDDF9396.tmp' to '../../../../../../Users/Johan/Documents/GitHub/Runner/Saved/Autosaves/Game/RunnerAssets/Blueprints/Spawners/SpawnWalls_Blueprint_Auto2.uasset'
[2016.06.12-11.12.18:056][ 57]LogSavePackage: Total save time: 252.671313ms
[2016.06.12-11.12.18:056][ 57]LogSavePackage:Display: Finished SavePackage ../../../../../../Users/Johan/Documents/GitHub/Runner/Saved/Autosaves/Game/RunnerAssets/Blueprints/Spawners/SpawnWalls_Blueprint_Auto2.uasset
[2016.06.12-11.12.18:056][ 57]LogFileHelpers: Auto-saving content packages took 0.261
[2016.06.12-11.17.34:716][573]BlueprintLog: New page: Compile SpawnWalls_Blueprint
[2016.06.12-11.17.34:911][573]BlueprintEditorCompileResults: Info Event Tick (K2Node_Event_139) had an invalid function signature - it has now been fixed.
[2016.06.12-11.17.34:911][573]BlueprintEditorCompileResults: Info The execution path doesn't end with a return node.  Default 
[2016.06.12-11.17.34:911][573]BlueprintEditorCompileResults: Info The execution path doesn't end with a return node.  False 
[2016.06.12-11.17.34:911][573]BlueprintEditorCompileResults: Info The execution path doesn't end with a return node.  Default 
[2016.06.12-11.17.34:911][573]BlueprintEditorCompileResults: Info [4869.00] Compile of SpawnWalls_Blueprint successful! [in 195 ms]
[2016.06.12-11.17.36:618][751]LogBlueprintUserMessages: Early PlayInEditor Detection: Level '/Game/RunnerAssets/MainMenu.MainMenu:PersistentLevel' has LevelScriptBlueprint '/Game/RunnerAssets/MainMenu.MainMenu:PersistentLevel.MainMenu' with GeneratedClass '/Game/RunnerAssets/MainMenu.MainMenu_C' with ClassGeneratedBy '/Game/RunnerAssets/MainMenu.MainMenu:PersistentLevel.MainMenu'
[2016.06.12-11.17.36:618][751]LogPlayLevel: PlayLevel: No blueprints needed recompiling
[2016.06.12-11.17.36:618][751]PIE: New page: PIE session: MainMenu (Jun 12, 2016, 3:17:36 PM)
[2016.06.12-11.17.36:618][751]LogPlayLevel: Creating play world package: /Game/RunnerAssets/UEDPIE_0_MainMenu
[2016.06.12-11.17.36:622][751]LogPlayLevel: PIE: StaticDuplicateObject took: (0.003787s)
[2016.06.12-11.17.36:623][751]LogAIModule: Creating AISystem for world MainMenu
[2016.06.12-11.17.36:623][751]LogPlayLevel: PIE: World Init took: (0.000908s)
[2016.06.12-11.17.36:623][751]LogPlayLevel: PIE: Created PIE world by copying editor world from /Game/RunnerAssets/MainMenu.MainMenu to /Game/RunnerAssets/UEDPIE_0_MainMenu.MainMenu (0.004978s)
[2016.06.12-11.17.36:665][751]LogInit: XAudio2 using 'Speakers (Realtek High Definition Audio)' : 2 channels at 48 kHz using 32 bits per sample (channel mask 0x3)
[2016.06.12-11.17.36:679][751]LogInit: FAudioDevice initialized.
[2016.06.12-11.17.36:799][751]LogLinker:Warning: Can't find file '/Game/SideScrollerBP/Blueprints/SideScrollerGameMode'
[2016.06.12-11.17.36:799][751]LogLinker:Warning: Can't find file '/Game/SideScrollerBP/Blueprints/SideScrollerGameMode'
[2016.06.12-11.17.36:799][751]LogUObjectGlobals:Warning: Failed to find object 'Class /Game/SideScrollerBP/Blueprints/SideScrollerGameMode.SideScrollerGameMode_C'
[2016.06.12-11.17.36:799][751]LogWorld: Game class is 'GameMode'
[2016.06.12-11.17.36:801][751]LogWorld: Bringing World /Game/RunnerAssets/UEDPIE_0_MainMenu.MainMenu up for play (max tick rate 0) at 2016.06.12-13.17.36
[2016.06.12-11.17.36:801][751]LogActor:Warning: GameSession /Game/RunnerAssets/UEDPIE_0_MainMenu.MainMenu:PersistentLevel.GameSession_11 has natively added scene component(s), but none of them were set as the actor's RootComponent - picking one arbitrarily
[2016.06.12-11.17.36:801][751]LogActor:Warning: GameNetworkManager /Game/RunnerAssets/UEDPIE_0_MainMenu.MainMenu:PersistentLevel.GameNetworkManager_11 has natively added scene component(s), but none of them were set as the actor's RootComponent - picking one arbitrarily
[2016.06.12-11.17.36:801][751]LogWorld: Bringing up level for play took: 0.001046
[2016.06.12-11.17.36:802][751]LogGameMode: Warning - PATHS NOT DEFINED or NO PLAYERSTART with positive rating
[2016.06.12-11.17.36:821][751]PIE: Info Play in editor start time for /Game/RunnerAssets/UEDPIE_0_MainMenu 0.662
[2016.06.12-11.17.36:821][751]LogBlueprintUserMessages: Late PlayInEditor Detection: Level '/Game/RunnerAssets/MainMenu.MainMenu:PersistentLevel' has LevelScriptBlueprint '/Game/RunnerAssets/MainMenu.MainMenu:PersistentLevel.MainMenu' with GeneratedClass '/Game/RunnerAssets/MainMenu.MainMenu_C' with ClassGeneratedBy '/Game/RunnerAssets/MainMenu.MainMenu:PersistentLevel.MainMenu'
[2016.06.12-11.17.38:354][864]LogPackageName: SearchForPackageOnDisk took   0.096s to resolve RunnerMap.umap.
[2016.06.12-11.17.38:442][864]LogPackageName: SearchForPackageOnDisk took   0.087s to resolve RunnerMap.umap.
[2016.06.12-11.17.38:442][864]LogNet: Browse: /Game/RunnerAssets/RunnerMap
[2016.06.12-11.17.38:442][864]LogLoad: LoadMap: /Game/RunnerAssets/RunnerMap
[2016.06.12-11.17.38:470][864]LogParticles: Destroying 0 GPU particle simulations for FXSystem 0x000001C382038400
[2016.06.12-11.17.38:473][864]Cmd: MEM
[2016.06.12-11.17.38:500][864]LogMemory: Platform Memory Stats for Windows
[2016.06.12-11.17.38:500][864]LogMemory: Process Physical Memory: 1860.38 MB used, 1860.39 MB peak
[2016.06.12-11.17.38:500][864]LogMemory: Process Virtual Memory: 2555.38 MB used, 2555.38 MB peak
[2016.06.12-11.17.38:500][864]LogMemory: Physical Memory: 5036.62 MB used, 16337.33 MB total
[2016.06.12-11.17.38:500][864]LogMemory: Virtual Memory: 3328.20 MB used, 134217728.00 MB total
[2016.06.12-11.17.38:500][864]LogMemory: 
[2016.06.12-11.17.38:500][864]Allocator Stats for TBB: (not implemented)
[2016.06.12-11.17.38:993][864]LogAIModule: Creating AISystem for world RunnerMap
[2016.06.12-11.17.38:993][864]LogLinker:Warning: Can't find file '/Game/SideScrollerBP/Blueprints/SideScrollerGameMode'
[2016.06.12-11.17.38:994][864]LogLinker:Warning: Can't find file '/Game/SideScrollerBP/Blueprints/SideScrollerGameMode'
[2016.06.12-11.17.38:994][864]LogUObjectGlobals:Warning: Failed to find object 'Class /Game/SideScrollerBP/Blueprints/SideScrollerGameMode.SideScrollerGameMode_C'
[2016.06.12-11.17.38:994][864]LogWorld: Game class is 'GameMode'
[2016.06.12-11.17.39:017][864]LogWorld: Bringing World /Game/RunnerAssets/UEDPIE_0_RunnerMap.RunnerMap up for play (max tick rate 0) at 2016.06.12-13.17.39
[2016.06.12-11.17.39:018][864]LogActor:Warning: GameSession /Game/RunnerAssets/UEDPIE_0_RunnerMap.RunnerMap:PersistentLevel.GameSession_12 has natively added scene component(s), but none of them were set as the actor's RootComponent - picking one arbitrarily
[2016.06.12-11.17.39:018][864]LogActor:Warning: GameNetworkManager /Game/RunnerAssets/UEDPIE_0_RunnerMap.RunnerMap:PersistentLevel.GameNetworkManager_12 has natively added scene component(s), but none of them were set as the actor's RootComponent - picking one arbitrarily
[2016.06.12-11.17.39:019][864]LogWorld: Bringing up level for play took: 0.024069
[2016.06.12-11.17.39:019][864]LogGameMode: Warning - PATHS NOT DEFINED or NO PLAYERSTART with positive rating
[2016.06.12-11.17.39:023][864]LogScript:Warning: Cannot access 'Wall_RoundWindow_C_394'. It is pending kill. Property: 'lastWall'
	SpawnWalls_Blueprint_C /Game/RunnerAssets/UEDPIE_0_RunnerMap.RunnerMap:PersistentLevel.SpawnWalls_Blueprint_C_1
	Function /Game/RunnerAssets/Blueprints/Spawners/SpawnWalls_Blueprint.SpawnWalls_Blueprint_C:ExecuteUbergraph_SpawnWalls_Blueprint:0397
[2016.06.12-11.17.39:023][864]PIE:Error: Error Cannot access 'Wall_RoundWindow_C_394'. It is pending kill. Property: 'lastWall' from node Spawn Randomized Walls in graph 'EventGraph' in blueprint SpawnWalls_Blueprint
[2016.06.12-11.17.39:023][864]LogScript:Warning: Accessed None
	SpawnWalls_Blueprint_C /Game/RunnerAssets/UEDPIE_0_RunnerMap.RunnerMap:PersistentLevel.SpawnWalls_Blueprint_C_1
	Function /Game/RunnerAssets/Blueprints/Spawners/SpawnWalls_Blueprint.SpawnWalls_Blueprint_C:ExecuteUbergraph_SpawnWalls_Blueprint:03AC
[2016.06.12-11.17.39:023][864]PIE:Error: Error Accessed None from node Spawn Randomized Walls in graph 'EventGraph' in blueprint SpawnWalls_Blueprint
[2016.06.12-11.18.01:985][722]LogCharacterMovement: SideScrollerCharacter_C_1 is stuck and failed to move!
[2016.06.12-11.18.06:933][854]LogBlueprintUserMessages: Early EndPlayMap Detection: Level '/Game/RunnerAssets/MainMenu.MainMenu:PersistentLevel' has LevelScriptBlueprint '/Game/RunnerAssets/MainMenu.MainMenu:PersistentLevel.MainMenu' with GeneratedClass '/Game/RunnerAssets/MainMenu.MainMenu_C' with ClassGeneratedBy '/Game/RunnerAssets/MainMenu.MainMenu:PersistentLevel.MainMenu'
[2016.06.12-11.18.07:017][854]LogBlueprintUserMessages: Late EndPlayMap Detection: Level '/Game/RunnerAssets/MainMenu.MainMenu:PersistentLevel' has LevelScriptBlueprint '/Game/RunnerAssets/MainMenu.MainMenu:PersistentLevel.MainMenu' with GeneratedClass '/Game/RunnerAssets/MainMenu.MainMenu_C' with ClassGeneratedBy '/Game/RunnerAssets/MainMenu.MainMenu:PersistentLevel.MainMenu'
[2016.06.12-11.18.07:075][854]LogParticles: Destroying 0 GPU particle simulations for FXSystem 0x000001C3AE394D60
[2016.06.12-11.18.27:646][795]LogParticles: Destroying 0 GPU particle simulations for FXSystem 0x000001C3119CCAE0
[2016.06.12-11.18.29:477][796]Cmd: QUIT_EDITOR
[2016.06.12-11.18.30:009][796]LogWindowsTextInputMethodSystem:Display: IME system now deactivated.
[2016.06.12-11.18.30:009][796]LogWindowsTextInputMethodSystem:Display: IME system now deactivated.
[2016.06.12-11.18.30:076][796]LogExit: Preparing to exit.
[2016.06.12-11.23.30:622][796]LogExit: Editor shut down
[2016.06.12-11.23.30:623][796]LogExit: Transaction tracking system shut down
[2016.06.12-11.23.30:626][796]LogParticles: Destroying 0 GPU particle simulations for FXSystem 0x000001C34805D120
[2016.06.12-11.23.30:626][796]LogParticles: Destroying 0 GPU particle simulations for FXSystem 0x000001C34A561C60
[2016.06.12-11.23.30:627][796]LogParticles: Destroying 0 GPU particle simulations for FXSystem 0x000001C364B5BEC0
[2016.06.12-11.23.30:651][796]LogParticles: Destroying 0 GPU particle simulations for FXSystem 0x000001C315445C60
[2016.06.12-11.23.30:890][796]LogExit: Object subsystem successfully closed.
[2016.06.12-11.23.30:913][796]LogD3D11RHI: Shutdown
[2016.06.12-11.23.30:913][796]LogD3D11RHI: CleanupD3DDevice
[2016.06.12-11.23.31:116][796]LogD3D11RHI: ~FD3D11DynamicRHI
[2016.06.12-11.23.31:135][796]LogModuleManager: Shutting down and abandoning module CookingStats (200)
[2016.06.12-11.23.31:135][796]LogModuleManager: Shutting down and abandoning module BlueprintGraph (199)
[2016.06.12-11.23.31:135][796]LogModuleManager: Shutting down and abandoning module CrashTracker (198)
[2016.06.12-11.23.31:135][796]LogModuleManager: Shutting down and abandoning module SceneOutliner (197)
[2016.06.12-11.23.31:135][796]LogModuleManager: Shutting down and abandoning module SuperSearch (196)
[2016.06.12-11.23.31:135][796]LogModuleManager: Shutting down and abandoning module WidgetCarousel (195)
[2016.06.12-11.23.31:135][796]LogModuleManager: Shutting down and abandoning module AddContentDialog (194)
[2016.06.12-11.23.31:138][796]LogModuleManager: Shutting down and abandoning module EditorWidgets (193)
[2016.06.12-11.23.31:138][796]LogModuleManager: Shutting down and abandoning module CollectionManager (192)
[2016.06.12-11.23.31:138][796]LogModuleManager: Shutting down and abandoning module StatsViewer (191)
[2016.06.12-11.23.31:138][796]LogModuleManager: Shutting down and abandoning module FoliageEdit (190)
[2016.06.12-11.23.31:138][796]LogModuleManager: Shutting down and abandoning module LandscapeEditor (189)
[2016.06.12-11.23.31:139][796]LogModuleManager: Shutting down and abandoning module ActorPickerMode (188)
[2016.06.12-11.23.31:139][796]LogModuleManager: Shutting down and abandoning module GeometryMode (187)
[2016.06.12-11.23.31:139][796]LogModuleManager: Shutting down and abandoning module TextureAlignMode (186)
[2016.06.12-11.23.31:139][796]LogModuleManager: Shutting down and abandoning module BspMode (185)
[2016.06.12-11.23.31:139][796]LogModuleManager: Shutting down and abandoning module PlacementMode (184)
[2016.06.12-11.23.31:139][796]LogModuleManager: Shutting down and abandoning module AutomationWorker (183)
[2016.06.12-11.23.31:139][796]LogModuleManager: Shutting down and abandoning module CharacterAI (182)
[2016.06.12-11.23.31:139][796]LogModuleManager: Shutting down and abandoning module SmartSnapping (181)
[2016.06.12-11.23.31:139][796]LogModuleManager: Shutting down and abandoning module ViewportSnapping (180)
[2016.06.12-11.23.31:139][796]LogModuleManager: Shutting down and abandoning module LogVisualizer (179)
[2016.06.12-11.23.31:139][796]LogModuleManager: Shutting down and abandoning module GameProjectGeneration (178)
[2016.06.12-11.23.31:139][796]LogModuleManager: Shutting down and abandoning module IntroTutorials (177)
[2016.06.12-11.23.31:139][796]LogModuleManager: Shutting down and abandoning module EditorLiveStreaming (176)
[2016.06.12-11.23.31:139][796]LogModuleManager: Shutting down and abandoning module IOSPlatformEditor (175)
[2016.06.12-11.23.31:139][796]LogModuleManager: Shutting down and abandoning module HTML5PlatformEditor (174)
[2016.06.12-11.23.31:139][796]LogModuleManager: Shutting down and abandoning module AndroidDeviceDetection (173)
[2016.06.12-11.23.32:022][796]LogModuleManager: Shutting down and abandoning module AndroidPlatformEditor (172)
[2016.06.12-11.23.32:022][796]LogModuleManager: Shutting down and abandoning module IOSRuntimeSettings (171)
[2016.06.12-11.23.32:022][796]LogModuleManager: Shutting down and abandoning module AndroidRuntimeSettings (170)
[2016.06.12-11.23.32:022][796]LogModuleManager: Shutting down and abandoning module MergeActors (169)
[2016.06.12-11.23.32:022][796]LogModuleManager: Shutting down and abandoning module SizeMap (168)
[2016.06.12-11.23.32:022][796]LogModuleManager: Shutting down and abandoning module TreeMap (167)
[2016.06.12-11.23.32:022][796]LogModuleManager: Shutting down and abandoning module ReferenceViewer (166)
[2016.06.12-11.23.32:022][796]LogModuleManager: Shutting down and abandoning module LocalizationService (165)
[2016.06.12-11.23.32:022][796]LogModuleManager: Shutting down and abandoning module LocalizationDashboard (164)
[2016.06.12-11.23.32:022][796]LogModuleManager: Shutting down and abandoning module HardwareTargeting (163)
[2016.06.12-11.23.32:022][796]LogModuleManager: Shutting down and abandoning module DeviceProfileEditor (162)
[2016.06.12-11.23.32:022][796]LogModuleManager: Shutting down and abandoning module UndoHistory (161)
[2016.06.12-11.23.32:022][796]LogModuleManager: Shutting down and abandoning module GameplayTagsEditor (160)
[2016.06.12-11.23.32:022][796]LogModuleManager: Shutting down and abandoning module UserFeedback (159)
[2016.06.12-11.23.32:022][796]LogModuleManager: Shutting down and abandoning module XmlParser (158)
[2016.06.12-11.23.32:022][796]LogModuleManager: Shutting down and abandoning module Blutility (157)
[2016.06.12-11.23.32:022][796]LogModuleManager: Shutting down and abandoning module ProjectTargetPlatformEditor (156)
[2016.06.12-11.23.32:022][796]LogModuleManager: Shutting down and abandoning module ProjectSettingsViewer (155)
[2016.06.12-11.23.32:023][796]LogModuleManager: Shutting down and abandoning module InputBindingEditor (154)
[2016.06.12-11.23.32:023][796]LogModuleManager: Shutting down and abandoning module EditorSettingsViewer (153)
[2016.06.12-11.23.32:023][796]LogModuleManager: Shutting down and abandoning module SettingsEditor (152)
[2016.06.12-11.23.32:023][796]LogModuleManager: Shutting down and abandoning module ProjectLauncher (151)
[2016.06.12-11.23.32:023][796]LogModuleManager: Shutting down and abandoning module SessionFrontend (150)
[2016.06.12-11.23.32:023][796]LogModuleManager: Shutting down and abandoning module ProfilerClient (149)
[2016.06.12-11.23.32:023][796]LogModuleManager: Shutting down and abandoning module TargetDeviceServices (148)
[2016.06.12-11.23.32:023][796]LogModuleManager: Shutting down and abandoning module DeviceManager (147)
[2016.06.12-11.23.32:023][796]LogModuleManager: Shutting down and abandoning module AutomationController (146)
[2016.06.12-11.23.32:023][796]LogModuleManager: Shutting down and abandoning module AutomationWindow (145)
[2016.06.12-11.23.32:023][796]LogModuleManager: Shutting down and abandoning module Layers (144)
[2016.06.12-11.23.32:023][796]LogModuleManager: Shutting down and abandoning module ComponentVisualizers (143)
[2016.06.12-11.23.32:023][796]LogModuleManager: Shutting down and abandoning module DetailCustomizations (142)
[2016.06.12-11.23.32:023][796]LogModuleManager: Shutting down and abandoning module PackagesDialog (141)
[2016.06.12-11.23.32:023][796]LogModuleManager: Shutting down and abandoning module Persona (140)
[2016.06.12-11.23.32:023][796]LogModuleManager: Shutting down and abandoning module Kismet (139)
[2016.06.12-11.23.32:023][796]LogModuleManager: Shutting down and abandoning module GraphEditor (138)
[2016.06.12-11.23.32:024][796]LogModuleManager: Shutting down and abandoning module ClassViewer (137)
[2016.06.12-11.23.32:024][796]LogModuleManager: Shutting down and abandoning module Toolbox (136)
[2016.06.12-11.23.32:024][796]LogModuleManager: Shutting down and abandoning module ModuleUI (135)
[2016.06.12-11.23.32:024][796]LogModuleManager: Shutting down and abandoning module MovieSceneTools (134)
[2016.06.12-11.23.32:024][796]LogModuleManager: Shutting down and abandoning module OutputLog (133)
[2016.06.12-11.23.32:024][796]LogModuleManager: Shutting down and abandoning module GammaUI (132)
[2016.06.12-11.23.32:024][796]LogModuleManager: Shutting down and abandoning module Documentation (131)
[2016.06.12-11.23.32:024][796]LogModuleManager: Shutting down and abandoning module GameLiveStreaming (130)
[2016.06.12-11.23.32:024][796]LogModuleManager: Shutting down and abandoning module StreamingPauseRendering (129)
[2016.06.12-11.23.32:024][796]LogModuleManager: Shutting down and abandoning module AnalyticsET (128)
[2016.06.12-11.23.32:024][796]LogModuleManager: Shutting down and abandoning module Analytics (127)
[2016.06.12-11.23.32:024][796]LogModuleManager: Shutting down and abandoning module AITestSuite (126)
[2016.06.12-11.23.32:024][796]LogModuleManager: Shutting down and abandoning module GameplayDebugger (125)
[2016.06.12-11.23.32:024][796]LogModuleManager: Shutting down and abandoning module AIModule (124)
[2016.06.12-11.23.32:024][796]LogModuleManager: Shutting down and abandoning module ProfilerService (123)
[2016.06.12-11.23.32:088][796]LogModuleManager: Shutting down and abandoning module TaskGraph (122)
[2016.06.12-11.23.32:088][796]LogModuleManager: Shutting down and abandoning module SlateRemote (121)
[2016.06.12-11.23.32:088][796]LogModuleManager: Shutting down and abandoning module SteamVRController (120)
[2016.06.12-11.23.32:088][796]LogModuleManager: Shutting down and abandoning module SteamVR (119)
[2016.06.12-11.23.32:088][796]LogModuleManager: Shutting down and abandoning module ProceduralMeshComponent (118)
[2016.06.12-11.23.32:088][796]LogModuleManager: Shutting down and abandoning module OculusLibrary (117)
[2016.06.12-11.23.32:088][796]LogModuleManager: Shutting down and abandoning module OculusInput (116)
[2016.06.12-11.23.32:088][796]LogModuleManager: Shutting down and abandoning module LeapMotionController (115)
[2016.06.12-11.23.32:103][796]LogModuleManager: Shutting down and abandoning module CustomMeshComponent (114)
[2016.06.12-11.23.32:103][796]LogModuleManager: Shutting down and abandoning module CableComponent (113)
[2016.06.12-11.23.32:103][796]LogModuleManager: Shutting down and abandoning module ArchVisCharacter (112)
[2016.06.12-11.23.32:103][796]LogModuleManager: Shutting down and abandoning module MessagingDebugger (111)
[2016.06.12-11.23.32:103][796]LogModuleManager: Shutting down and abandoning module MediaPlayerEditor (110)
[2016.06.12-11.23.32:103][796]LogModuleManager: Shutting down and abandoning module HTML5Networking (109)
[2016.06.12-11.23.32:103][796]LogModuleManager: Shutting down and abandoning module SpeedTreeImporter (108)
[2016.06.12-11.23.32:103][796]LogModuleManager: Shutting down and abandoning module PluginBrowser (107)
[2016.06.12-11.23.32:103][796]LogModuleManager: Shutting down and abandoning module EpicSurvey (106)
[2016.06.12-11.23.32:103][796]LogModuleManager: Shutting down and abandoning module DesktopPlatform (105)
[2016.06.12-11.23.32:103][796]LogModuleManager: Shutting down and abandoning module VisualStudioSourceCodeAccess (104)
[2016.06.12-11.23.32:103][796]LogModuleManager: Shutting down and abandoning module UObjectPlugin (103)
[2016.06.12-11.23.32:103][796]LogModuleManager: Shutting down and abandoning module SubversionSourceControl (102)
[2016.06.12-11.23.32:103][796]LogModuleManager: Shutting down and abandoning module PerforceSourceControl (101)
[2016.06.12-11.23.32:103][796]LogModuleManager: Shutting down and abandoning module SourceControl (100)
[2016.06.12-11.23.32:103][796]LogModuleManager: Shutting down and abandoning module GitSourceControl (99)
[2016.06.12-11.23.32:103][796]LogModuleManager: Shutting down and abandoning module LightPropagationVolumeEditor (98)
[2016.06.12-11.23.32:103][796]LogModuleManager: Shutting down and abandoning module PaperTiledImporter (97)
[2016.06.12-11.23.32:103][796]LogModuleManager: Shutting down and abandoning module PaperSpriteSheetImporter (96)
[2016.06.12-11.23.32:103][796]LogModuleManager: Shutting down and abandoning module MeshPaint (95)
[2016.06.12-11.23.32:103][796]LogModuleManager: Shutting down and abandoning module SlateReflector (94)
[2016.06.12-11.23.32:103][796]LogModuleManager: Shutting down and abandoning module HotReload (93)
[2016.06.12-11.23.32:103][796]LogModuleManager: Shutting down and abandoning module MainFrame (92)
[2016.06.12-11.23.32:103][796]LogModuleManager: Shutting down and abandoning module LevelEditor (91)
[2016.06.12-11.23.32:104][796]LogModuleManager: Shutting down and abandoning module DirectoryWatcher (90)
[2016.06.12-11.23.32:106][796]LogModuleManager: Shutting down and abandoning module AssetRegistry (89)
[2016.06.12-11.23.32:204][796]LogModuleManager: Shutting down and abandoning module ContentBrowser (88)
[2016.06.12-11.23.32:205][796]LogModuleManager: Shutting down and abandoning module Paper2DEditor (87)
[2016.06.12-11.23.32:205][796]LogModuleManager: Shutting down and abandoning module UdpMessaging (86)
[2016.06.12-11.23.32:305][796]LogModuleManager: Shutting down and abandoning module LightPropagationVolumeRuntime (85)
[2016.06.12-11.23.32:305][796]LogModuleManager: Shutting down and abandoning module Paper2D (84)
[2016.06.12-11.23.32:305][796]LogModuleManager: Shutting down and abandoning module WindowsMoviePlayer (83)
[2016.06.12-11.23.32:308][796]LogModuleManager: Shutting down and abandoning module Media (82)
[2016.06.12-11.23.32:308][796]LogModuleManager: Shutting down and abandoning module WmfMedia (81)
[2016.06.12-11.23.32:308][796]LogModuleManager: Shutting down and abandoning module OnlineBlueprintSupport (80)
[2016.06.12-11.23.32:308][796]LogModuleManager: Shutting down and abandoning module GameplayTasksEditor (79)
[2016.06.12-11.23.32:308][796]LogModuleManager: Shutting down and abandoning module PropertyEditor (78)
[2016.06.12-11.23.32:308][796]LogModuleManager: Shutting down and abandoning module BehaviorTreeEditor (77)
[2016.06.12-11.23.32:308][796]LogModuleManager: Shutting down and abandoning module FunctionalTesting (76)
[2016.06.12-11.23.32:308][796]LogModuleManager: Shutting down and abandoning module CollisionAnalyzer (75)
[2016.06.12-11.23.32:308][796]LogModuleManager: Shutting down and abandoning module WorkspaceMenuStructure (74)
[2016.06.12-11.23.32:308][796]LogModuleManager: Shutting down and abandoning module MessageLog (73)
[2016.06.12-11.23.32:308][796]LogModuleManager: Shutting down and abandoning module Sequencer (72)
[2016.06.12-11.23.32:309][796]LogModuleManager: Shutting down and abandoning module AssetTools (71)
[2016.06.12-11.23.32:309][796]LogModuleManager: Shutting down and abandoning module UMGEditor (70)
[2016.06.12-11.23.32:309][796]LogModuleManager: Shutting down and abandoning module UMG (69)
[2016.06.12-11.23.32:309][796]LogModuleManager: Shutting down and abandoning module Slate (68)
[2016.06.12-11.23.32:309][796]LogModuleManager: Shutting down and abandoning module EditorStyle (67)
[2016.06.12-11.23.32:312][796]LogModuleManager: Shutting down and abandoning module SessionServices (66)
[2016.06.12-11.23.32:312][796]LogModuleManager: Shutting down and abandoning module SourceCodeAccess (65)
[2016.06.12-11.23.32:312][796]LogModuleManager: Shutting down and abandoning module HeadMountedDisplay (64)
[2016.06.12-11.23.32:312][796]LogModuleManager: Shutting down and abandoning module XAudio2 (63)
[2016.06.12-11.23.32:312][796]LogModuleManager: Shutting down and abandoning module Networking (61)
[2016.06.12-11.23.32:312][796]LogModuleManager: Shutting down and abandoning module Core (60)
[2016.06.12-11.23.32:312][796]LogModuleManager: Shutting down and abandoning module KismetCompiler (59)
[2016.06.12-11.23.32:312][796]LogModuleManager: Shutting down and abandoning module PhysXFormats (58)
[2016.06.12-11.23.32:312][796]LogModuleManager: Shutting down and abandoning module MeshUtilities (57)
[2016.06.12-11.23.32:312][796]LogModuleManager: Shutting down and abandoning module DerivedDataCache (56)
[2016.06.12-11.23.32:369][796]LogDerivedDataCache: Shutdown
[2016.06.12-11.23.32:369][796]LogModuleManager: Shutting down and abandoning module ShaderFormatOpenGL (55)
[2016.06.12-11.23.32:369][796]LogModuleManager: Shutting down and abandoning module ShaderFormatD3D (54)
[2016.06.12-11.23.32:369][796]LogModuleManager: Shutting down and abandoning module MetalShaderFormat (53)
[2016.06.12-11.23.32:369][796]LogModuleManager: Shutting down and abandoning module TextureFormatUncompressed (52)
[2016.06.12-11.23.32:369][796]LogModuleManager: Shutting down and abandoning module TextureFormatPVR (51)
[2016.06.12-11.23.32:369][796]LogModuleManager: Shutting down and abandoning module TextureFormatIntelISPCTexComp (50)
[2016.06.12-11.23.32:369][796]LogModuleManager: Shutting down and abandoning module TextureFormatDXT (49)
[2016.06.12-11.23.32:369][796]LogModuleManager: Shutting down and abandoning module ImageWrapper (48)
[2016.06.12-11.23.32:369][796]LogModuleManager: Shutting down and abandoning module TextureFormatASTC (47)
[2016.06.12-11.23.32:369][796]LogModuleManager: Shutting down and abandoning module TextureFormatAndroid (46)
[2016.06.12-11.23.32:369][796]LogModuleManager: Shutting down and abandoning module AudioFormatOpus (45)
[2016.06.12-11.23.32:369][796]LogModuleManager: Shutting down and abandoning module AudioFormatOgg (44)
[2016.06.12-11.23.32:369][796]LogModuleManager: Shutting down and abandoning module AudioFormatADPCM (43)
[2016.06.12-11.23.32:369][796]LogModuleManager: Shutting down and abandoning module LinuxTargetPlatform (42)
[2016.06.12-11.23.32:369][796]LogModuleManager: Shutting down and abandoning module LinuxServerTargetPlatform (41)
[2016.06.12-11.23.32:369][796]LogModuleManager: Shutting down and abandoning module LinuxNoEditorTargetPlatform (40)
[2016.06.12-11.23.32:369][796]LogModuleManager: Shutting down and abandoning module Messaging (39)
[2016.06.12-11.23.32:369][796]LogModuleManager: Shutting down and abandoning module IOSTargetPlatform (38)
[2016.06.12-11.23.32:369][796]LogModuleManager: Shutting down and abandoning module HTML5TargetPlatform (37)
[2016.06.12-11.23.32:369][796]LogModuleManager: Shutting down and abandoning module Android_PVRTCTargetPlatform (36)
[2016.06.12-11.23.32:369][796]LogModuleManager: Shutting down and abandoning module Android_MultiTargetPlatform (35)
[2016.06.12-11.23.32:369][796]LogModuleManager: Shutting down and abandoning module Android_ETC2TargetPlatform (34)
[2016.06.12-11.23.32:369][796]LogModuleManager: Shutting down and abandoning module Android_ETC1TargetPlatform (33)
[2016.06.12-11.23.32:369][796]LogModuleManager: Shutting down and abandoning module Android_DXTTargetPlatform (32)
[2016.06.12-11.23.32:369][796]LogModuleManager: Shutting down and abandoning module Android_ATCTargetPlatform (31)
[2016.06.12-11.23.32:369][796]LogModuleManager: Shutting down and abandoning module Android_ASTCTargetPlatform (30)
[2016.06.12-11.23.32:369][796]LogModuleManager: Shutting down and abandoning module AndroidTargetPlatform (29)
[2016.06.12-11.23.32:369][796]LogModuleManager: Shutting down and abandoning module WindowsTargetPlatform (28)
[2016.06.12-11.23.32:369][796]LogModuleManager: Shutting down and abandoning module WindowsServerTargetPlatform (27)
[2016.06.12-11.23.32:369][796]LogModuleManager: Shutting down and abandoning module WindowsNoEditorTargetPlatform (26)
[2016.06.12-11.23.32:370][796]LogModuleManager: Shutting down and abandoning module WindowsClientTargetPlatform (25)
[2016.06.12-11.23.32:370][796]LogModuleManager: Shutting down and abandoning module AllDesktopTargetPlatform (24)
[2016.06.12-11.23.32:370][796]LogModuleManager: Shutting down and abandoning module TargetPlatform (23)
[2016.06.12-11.23.32:370][796]LogModuleManager: Shutting down and abandoning module InputCore (22)
[2016.06.12-11.23.32:370][796]LogModuleManager: Shutting down and abandoning module Settings (21)
[2016.06.12-11.23.32:370][796]LogModuleManager: Shutting down and abandoning module OnlineSubsystem (19)
[2016.06.12-11.23.32:370][796]LogModuleManager: Shutting down and abandoning module HTTP (18)
[2016.06.12-11.23.34:372][796]LogModuleManager: Shutting down and abandoning module XMPP (17)
[2016.06.12-11.23.34:372][796]LogModuleManager: Shutting down and abandoning module OculusRift (16)
[2016.06.12-11.23.34:372][796]LogModuleManager: Shutting down and abandoning module ExampleDeviceProfileSelector (15)
[2016.06.12-11.23.34:372][796]LogModuleManager: Shutting down and abandoning module TextureCompressor (14)
[2016.06.12-11.23.34:372][796]LogModuleManager: Shutting down and abandoning module ShaderCore (13)
[2016.06.12-11.23.34:372][796]LogModuleManager: Shutting down and abandoning module Landscape (12)
[2016.06.12-11.23.34:372][796]LogModuleManager: Shutting down and abandoning module SlateRHIRenderer (11)
[2016.06.12-11.23.34:376][796]LogModuleManager: Shutting down and abandoning module OpenGLDrv (10)
[2016.06.12-11.23.34:376][796]LogModuleManager: Shutting down and abandoning module D3D11RHI (9)
[2016.06.12-11.23.34:376][796]LogModuleManager: Shutting down and abandoning module AnimGraphRuntime (8)
[2016.06.12-11.23.34:376][796]LogModuleManager: Shutting down and abandoning module Renderer (7)
[2016.06.12-11.23.34:376][796]LogModuleManager: Shutting down and abandoning module Engine (6)
[2016.06.12-11.23.34:376][796]LogModuleManager: Shutting down and abandoning module CoreUObject (5)
[2016.06.12-11.23.34:376][796]LogModuleManager: Shutting down and abandoning module NetworkFile (4)
[2016.06.12-11.23.34:376][796]LogModuleManager: Shutting down and abandoning module StreamingFile (3)
[2016.06.12-11.23.34:376][796]LogModuleManager: Shutting down and abandoning module SandboxFile (2)
[2016.06.12-11.23.34:376][796]LogModuleManager: Shutting down and abandoning module PakFile (1)
[2016.06.12-11.23.34:377][796]LogExit: Exiting.
[2016.06.12-11.23.34:379][796]Log file closed, 06/12/16 13:23:34
