[2016.04.14-19.06.57:891][  0]Log file open, 04/14/16 21:06:57
[2016.04.14-19.06.57:891][  0]LogInit:Display: Running engine for game: Runner
[2016.04.14-19.06.57:891][  0]LogPlatformFile: Not using cached read wrapper
[2016.04.14-19.06.57:891][  0]LogInit:Display: RandInit(659405144) SRandInit(659405147).
[2016.04.14-19.06.57:891][  0]LogTaskGraph: Started task graph with 4 named threads and 7 total threads.
[2016.04.14-19.06.57:891][  0]LogStats: Stats thread started at 0.228232
[2016.04.14-19.06.57:891][  0]LogInit: Version: 4.10.2-2818068+++depot+UE4-Releases+4.10
[2016.04.14-19.06.57:891][  0]LogInit: API Version: 2758231
[2016.04.14-19.06.57:891][  0]LogInit: Compiled (64-bit): Jan  6 2016 17:36:42
[2016.04.14-19.06.57:892][  0]LogInit: Compiled with Visual C++: 19.00.23026.00
[2016.04.14-19.06.57:892][  0]LogInit: Build Configuration: Development
[2016.04.14-19.06.57:892][  0]LogInit: Branch Name: ++depot+UE4-Releases+4.10
[2016.04.14-19.06.57:892][  0]LogInit: Command line:  
[2016.04.14-19.06.57:892][  0]LogInit: Base directory: C:/Program Files/Epic Games/4.10/Engine/Binaries/Win64/
[2016.04.14-19.06.57:892][  0]LogInit: Rocket: 1
[2016.04.14-19.06.58:064][  0]LogInit: Using libcurl 7.41.0
[2016.04.14-19.06.58:064][  0]LogInit:  - built for x86_64-pc-win32
[2016.04.14-19.06.58:064][  0]LogInit:  - supports SSL with WinSSL
[2016.04.14-19.06.58:064][  0]LogInit:  - other features:
[2016.04.14-19.06.58:064][  0]LogInit:      CURL_VERSION_SSL
[2016.04.14-19.06.58:064][  0]LogInit:      CURL_VERSION_IPV6
[2016.04.14-19.06.58:064][  0]LogInit:      CURL_VERSION_ASYNCHDNS
[2016.04.14-19.06.58:064][  0]LogInit:      CURL_VERSION_LARGEFILE
[2016.04.14-19.06.58:064][  0]LogInit:      CURL_VERSION_IDN
[2016.04.14-19.06.58:064][  0]LogInit:  CurlRequestOptions (configurable via config and command line):
[2016.04.14-19.06.58:064][  0]LogInit:  - bVerifyPeer = true  - Libcurl will verify peer certificate
[2016.04.14-19.06.58:064][  0]LogInit:  - bUseHttpProxy = false  - Libcurl will NOT use HTTP proxy
[2016.04.14-19.06.58:064][  0]LogInit:  - bDontReuseConnections = false  - Libcurl will reuse connections
[2016.04.14-19.06.58:064][  0]LogInit:  - CertBundlePath = nullptr  - Libcurl will use whatever was configured at build time.
[2016.04.14-19.06.58:207][  0]LogInit: Presizing for 0 objects not considered by GC, pre-allocating 0 bytes.
[2016.04.14-19.06.58:222][  0]LogInit: Object subsystem initialized
[2016.04.14-19.06.58:223][  0]LogInit: Selected Device Profile: [Windows]
[2016.04.14-19.06.58:223][  0]LogInit: Applying CVar settings loaded from the selected device profile: [Windows]
[2016.04.14-19.06.58:241][  0]LogInit: Computer: JOHANS_MONSTER
[2016.04.14-19.06.58:241][  0]LogInit: User: Johan
[2016.04.14-19.06.58:241][  0]LogInit: CPU Page size=4096, Cores=4
[2016.04.14-19.06.58:241][  0]LogInit: High frequency timer resolution =3.312790 MHz
[2016.04.14-19.06.58:241][  0]LogMemory: Memory total: Physical=16.0GB (16GB approx)
[2016.04.14-19.06.58:241][  0]LogMemory: Platform Memory Stats for Windows
[2016.04.14-19.06.58:241][  0]LogMemory: Process Physical Memory: 55.98 MB used, 55.98 MB peak
[2016.04.14-19.06.58:241][  0]LogMemory: Process Virtual Memory: 58.63 MB used, 58.63 MB peak
[2016.04.14-19.06.58:241][  0]LogMemory: Physical Memory: 3740.09 MB used, 16337.33 MB total
[2016.04.14-19.06.58:241][  0]LogMemory: Virtual Memory: 384.78 MB used, 134217728.00 MB total
[2016.04.14-19.06.58:589][  0]LogTextLocalizationManager: No translations for ('sv-SE') exist, falling back to 'en' for localization and internationalization data.
[2016.04.14-19.06.59:080][  0]LogD3D11RHI: Found D3D11 adapter 0: NVIDIA GeForce GTX 560 SE (Feature Level 11_0)
[2016.04.14-19.06.59:080][  0]LogD3D11RHI: Adapter has 977MB of dedicated video memory, 0MB of dedicated system memory, and 8168MB of shared system memory, 1 output[s]
[2016.04.14-19.06.59:081][  0]LogD3D11RHI: Found D3D11 adapter 1: Microsoft Basic Render Driver (Feature Level 11_0)
[2016.04.14-19.06.59:081][  0]LogD3D11RHI: Adapter has 0MB of dedicated video memory, 0MB of dedicated system memory, and 8168MB of shared system memory, 0 output[s]
[2016.04.14-19.06.59:081][  0]LogD3D11RHI: Chosen D3D11 Adapter Id = 0
[2016.04.14-19.06.59:085][  0]LogD3D11RHI: !Direct3DDevice
[2016.04.14-19.06.59:085][  0]LogRHI: Texture pool is 684 MB (70% of 977 MB)
[2016.04.14-19.06.59:096][  0]LogD3D11RHI: Async texture creation enabled
[2016.04.14-19.06.59:112][  0]LogShaderCompilers: Guid format shader working directory is -7 characters bigger than the processId version (../../../../../../Users/Johan/Documents/GitHub/Runner/Intermediate/Shaders/WorkingDirectory/9260/).
[2016.04.14-19.06.59:112][  0]LogShaderCompilers: Cleaned the shader compiler working directory 'C:/Users/Johan/AppData/Local/Temp/UnrealShaderWorkingDir/65C0BA9E463E683E9EB7C6B4F3C383A9/'.
[2016.04.14-19.06.59:112][  0]LogShaderCompilers:Display: Using Local Shader Compiler.
[2016.04.14-19.07.01:860][  0]LogTemp:Display: Loaded TP AllDesktopTargetPlatform
[2016.04.14-19.07.01:865][  0]LogTemp:Display: Loaded TP WindowsClientTargetPlatform
[2016.04.14-19.07.01:870][  0]LogTemp:Display: Loaded TP WindowsNoEditorTargetPlatform
[2016.04.14-19.07.01:874][  0]LogTemp:Display: Loaded TP WindowsServerTargetPlatform
[2016.04.14-19.07.01:879][  0]LogTemp:Display: Loaded TP WindowsTargetPlatform
[2016.04.14-19.07.01:882][  0]LogTemp:Display: Loaded TP AndroidTargetPlatform
[2016.04.14-19.07.01:885][  0]LogTemp:Display: Loaded TP Android_ASTCTargetPlatform
[2016.04.14-19.07.01:888][  0]LogTemp:Display: Loaded TP Android_ATCTargetPlatform
[2016.04.14-19.07.01:890][  0]LogTemp:Display: Loaded TP Android_DXTTargetPlatform
[2016.04.14-19.07.01:893][  0]LogTemp:Display: Loaded TP Android_ETC1TargetPlatform
[2016.04.14-19.07.01:896][  0]LogTemp:Display: Loaded TP Android_ETC2TargetPlatform
[2016.04.14-19.07.01:902][  0]LogTemp:Display: Loaded TP Android_MultiTargetPlatform
[2016.04.14-19.07.01:902][  0]LogTemp:Display: Loaded TP Android_PVRTCTargetPlatform
[2016.04.14-19.07.01:903][  0]LogTemp:Display: Loaded TP HTML5TargetPlatform
[2016.04.14-19.07.02:009][  0]LogTemp:Display: Loaded TP IOSTargetPlatform
[2016.04.14-19.07.02:014][  0]LogTemp:Display: Loaded TP LinuxNoEditorTargetPlatform
[2016.04.14-19.07.02:020][  0]LogTemp:Display: Loaded TP LinuxServerTargetPlatform
[2016.04.14-19.07.02:027][  0]LogTemp:Display: Loaded TP LinuxTargetPlatform
[2016.04.14-19.07.02:027][  0]LogTargetPlatformManager:Display: Building Assets For Windows
[2016.04.14-19.07.02:811][  0]LogDerivedDataCache:Display: Max Cache Size: 512 MB
[2016.04.14-19.07.03:114][  0]LogDerivedDataCache: Loaded boot cache 0.30s 41MB C:/Users/Johan/AppData/Local/UnrealEngine/4.10/DerivedDataCache/Boot.ddc.
[2016.04.14-19.07.03:114][  0]LogDerivedDataCache:Display: Loaded Boot cache: C:/Users/Johan/AppData/Local/UnrealEngine/4.10/DerivedDataCache/Boot.ddc
[2016.04.14-19.07.03:118][  0]LogDerivedDataCache: FDerivedDataBackendGraph:  Pak pak cache file ../../../../../../Users/Johan/Documents/GitHub/Runner/DerivedDataCache/DDC.ddp not found, will not use a pak cache.
[2016.04.14-19.07.03:118][  0]LogDerivedDataCache: Unable to find inner node Pak for hierarchical cache Hierarchy.
[2016.04.14-19.07.03:118][  0]LogDerivedDataCache: FDerivedDataBackendGraph:  CompressedPak pak cache file ../../../../../../Users/Johan/Documents/GitHub/Runner/DerivedDataCache/Compressed.ddp not found, will not use a pak cache.
[2016.04.14-19.07.03:118][  0]LogDerivedDataCache: Unable to find inner node CompressedPak for hierarchical cache Hierarchy.
[2016.04.14-19.07.03:219][  0]LogDerivedDataCache:Display: Pak cache opened for reading ../../../Engine/DerivedDataCache/Compressed.ddp.
[2016.04.14-19.07.03:274][  0]LogDerivedDataCache: Using Local data cache path C:/Users/Johan/AppData/Local/UnrealEngine/Common/DerivedDataCache: Writable
[2016.04.14-19.07.42:589][  0]LogInit: Selected Device Profile: [Windows]
[2016.04.14-19.07.42:772][  0]LogContentStreaming: Texture pool size is 0.000000MB
[2016.04.14-19.07.44:835][  0]LogMeshUtilities: No automatic mesh reduction module available
[2016.04.14-19.07.44:835][  0]LogMeshUtilities: No automatic mesh merging module available
[2016.04.14-19.07.54:039][  0]LogInit: WinSock: version 1.1 (2.2), MaxSocks=32767, MaxUdp=65467
[2016.04.14-19.08.52:499][  0]UdpMessaging: Initializing bridge on interface 0.0.0.0:0 to multicast group 230.0.0.1:6666.
[2016.04.14-19.08.55:158][  0]LogAssetRegistry: FAssetRegistry took 0.1235 seconds to start up
[2016.04.14-19.09.01:073][  0]SourceControl: Info Source control is disabled
[2016.04.14-19.09.01:104][  0]SourceControl: Info Source control is disabled
[2016.04.14-19.09.01:559][  0]SourceControl: Info Source control is disabled
[2016.04.14-19.09.01:960][  0]SourceControl: Info Source control is disabled
[2016.04.14-19.09.06:937][  0]LogObj: 28633 objects as part of root set at end of initial load.
[2016.04.14-19.09.06:937][  0]LogUObjectAllocator: 6099744 out of 0 bytes used by permanent object pool.
[2016.04.14-19.09.10:712][  0]LogAutomationTest:Warning: Smoke tests took > 1s to run: 2.62s
[2016.04.14-19.09.11:016][  0]LogEngine: Initializing Engine...
[2016.04.14-19.09.11:204][  0]LogHMD: Can't find Oculus library dev build: is proper Runtime installed? Version: 0.8.0.0
[2016.04.14-19.09.11:280][  0]LogHMD: SteamVR failed to initialize.  Err: 110
[2016.04.14-19.09.15:183][  0]LogAIModule: Creating AISystem for world NewWorld
[2016.04.14-19.09.16:435][  0]LogInit: XAudio2 using 'Speakers (USB Sound Device        )' : 2 channels at 44.1 kHz using 16 bits per sample (channel mask 0x3)
[2016.04.14-19.09.16:518][  0]LogInit: FAudioDevice initialized.
[2016.04.14-19.09.16:551][  0]LogDerivedDataCache: Saved boot cache 0.03s 41MB C:/Users/Johan/AppData/Local/UnrealEngine/4.10/DerivedDataCache/Boot.ddc.
[2016.04.14-19.09.16:560][  0]LogInit: Texture streaming: Enabled
[2016.04.14-19.09.17:384][  0]LogAnalytics: Creating configured Analytics provider AnalyticsET
[2016.04.14-19.09.17:483][  0]LogAnalytics: [UEEditor.Rocket.Release] APIServer = http://et2.epicgames.com/ET2/. AppVersion = 4.10.2-2818068+++depot+UE4-Releases+4.10
[2016.04.14-19.09.17:484][  0]LogAnalytics: [UEEditor.Rocket.Release] SetUserId e13f53c54a08433fc09043aa962b451a|75ba5683578c43329a0522a4b145a097|e6dac55f-4bf9-412a-b229-53d1a5ef9356
[2016.04.14-19.09.17:531][  0]LogAnalytics: [UEEditor.Rocket.Release] AnalyticsET::StartSession
[2016.04.14-19.09.18:218][  0]LogInit: Transaction tracking system initialized
[2016.04.14-19.09.20:835][  0]BlueprintLog: New page: Editor Load
[2016.04.14-19.09.31:912][  0]LocalizationService: Info Localization service is disabled
[2016.04.14-19.09.35:095][  0]LogConsoleResponse:Display: 
[2016.04.14-19.09.40:592][  0]LogFileCache: Scanning file cache for directory 'C:/Users/Johan/Documents/GitHub/Runner/Content/' took 0.01s
[2016.04.14-19.09.40:592][  0]LogCook:Display: Done creating registry. It took  0.00s.
[2016.04.14-19.09.45:990][  0]SourceControl: Info Source control is disabled
[2016.04.14-19.09.46:191][  0]Cmd: MAP LOAD FILE="../../../../../../Users/Johan/Documents/GitHub/Runner/Content/RunnerAssets/RunnerMap.umap" TEMPLATE=0 SHOWPROGRESS=1 FEATURELEVEL=3
[2016.04.14-19.09.46:443][  0]LightingResults: New page: Lighting Build
[2016.04.14-19.09.46:904][  0]MapCheck: New page: Map Check
[2016.04.14-19.09.46:904][  0]LightingResults: New page: Lighting Build
[2016.04.14-19.09.48:006][  0]LogParticles: Destroying 0 GPU particle simulations for FXSystem 0x000001CB52F0BB00
[2016.04.14-19.10.03:608][  0]LogAIModule: Creating AISystem for world RunnerMap
[2016.04.14-19.10.05:324][  0]LogEditorServer: Finished looking for orphan Actors (0.000 secs)
[2016.04.14-19.10.05:413][  0]Cmd: MAP CHECKDEP NOCLEARLOG
[2016.04.14-19.10.05:582][  0]MapCheck: Info Map check complete: 0 Error(s), 0 Warning(s), took 169.12ms to complete.
[2016.04.14-19.10.05:582][  0]LogFileHelpers: Loading map 'RunnerMap' took 19.478
[2016.04.14-19.10.11:566][  0]LogCollectionManager: Loaded 0 collections in 0.002690 seconds
[2016.04.14-19.10.12:183][  0]LogFileCache: Scanning file cache for directory 'C:/Users/Johan/Documents/GitHub/Runner/Saved/Collections/' took 0.01s
[2016.04.14-19.10.12:183][  0]LogFileCache: Scanning file cache for directory 'C:/Users/Johan/Documents/GitHub/Runner/Content/Developers/Johan/Collections/' took 0.01s
[2016.04.14-19.10.12:183][  0]LogFileCache: Scanning file cache for directory 'C:/Users/Johan/Documents/GitHub/Runner/Content/Collections/' took 0.01s
[2016.04.14-19.10.12:183][  0]LogCollectionManager: Rebuilt the GUID cache for 0 collections in 0.000003 seconds
[2016.04.14-19.10.12:267][  0]LogContentBrowser: Native class hierarchy populated in 0.0833 seconds. Added 1893 classes and 338 folders.
[2016.04.14-19.10.12:565][  0]LogContentBrowser: Native class hierarchy updated for 'WidgetCarousel' in 0.0003 seconds. Added 0 classes and 0 folders.
[2016.04.14-19.10.15:097][  0]LogContentBrowser: Native class hierarchy updated for 'AddContentDialog' in 0.0003 seconds. Added 0 classes and 0 folders.
[2016.04.14-19.10.15:187][  0]LogContentBrowser: Native class hierarchy updated for 'SceneOutliner' in 0.0004 seconds. Added 1 classes and 2 folders.
[2016.04.14-19.10.15:766][  0]LogCrashTracker: Crashtracker disabled due to settings.
[2016.04.14-19.10.16:008][  0]LogUObjectGlobals:Warning: Failed to find object 'Class None.'
[2016.04.14-19.10.16:148][  0]LogLoad: Full Startup: 199.31 seconds (BP compile: 2.93 seconds)
[2016.04.14-19.10.16:543][  0]LogOcInput: Can't find Oculus library dev build: is proper Runtime installed? Version: 0.8.0.0
[2016.04.14-19.10.16:976][  0]LogContentStreaming: Texture pool size now 1000 MB
[2016.04.14-19.10.17:781][  0]LogRenderer: Reallocating scene render targets to support 1208x652 (Frame:2).
[2016.04.14-19.10.21:190][  9]LogAssetRegistry: Asset discovery search completed in 86.0869 seconds
[2016.04.14-19.10.21:207][  9]LogCollectionManager: Rebuilt the object cache for 0 collections in 0.000002 seconds (found 0 objects)
[2016.04.14-19.10.21:220][  9]LogCollectionManager: Fixed up redirectors for 0 collections in 0.000100 seconds (updated 0 objects)
[2016.04.14-19.11.35:303][877]LogLinker:Warning: Asset '../../../Engine/Content/ArtTools/RenderToTexture/Macros/RenderToTextureMacros.uasset' has been saved with empty engine version. The asset will be loaded but may be incompatible.
[2016.04.14-19.11.36:228][877]LogContentBrowser: Native class hierarchy updated for 'BlueprintGraph' in 0.0007 seconds. Added 107 classes and 0 folders.
[2016.04.14-19.11.47:627][417]LogBlueprintUserMessages: Early PlayInEditor Detection: Level '/Game/RunnerAssets/RunnerMap.RunnerMap:PersistentLevel' has LevelScriptBlueprint '/Game/RunnerAssets/RunnerMap.RunnerMap:PersistentLevel.RunnerMap' with GeneratedClass '/Game/RunnerAssets/RunnerMap.RunnerMap_C' with ClassGeneratedBy '/Game/RunnerAssets/RunnerMap.RunnerMap:PersistentLevel.RunnerMap'
[2016.04.14-19.11.47:627][417]LogPlayLevel: PlayLevel: No blueprints needed recompiling
[2016.04.14-19.11.47:644][417]PIE: New page: PIE session: RunnerMap (Apr 14, 2016, 11:11:47 PM)
[2016.04.14-19.11.47:644][417]LogPlayLevel: Creating play world package: /Game/RunnerAssets/UEDPIE_0_RunnerMap
[2016.04.14-19.11.47:678][417]LogPlayLevel: PIE: StaticDuplicateObject took: (0.033372s)
[2016.04.14-19.11.47:679][417]LogAIModule: Creating AISystem for world RunnerMap
[2016.04.14-19.11.47:679][417]LogPlayLevel: PIE: World Init took: (0.001005s)
[2016.04.14-19.11.47:679][417]LogPlayLevel: PIE: Created PIE world by copying editor world from /Game/RunnerAssets/RunnerMap.RunnerMap to /Game/RunnerAssets/UEDPIE_0_RunnerMap.RunnerMap (0.034706s)
[2016.04.14-19.11.47:715][417]LogParticles: Destroying 0 GPU particle simulations for FXSystem 0x000001CB6B40CC20
[2016.04.14-19.11.47:716][417]LogParticles: Destroying 0 GPU particle simulations for FXSystem 0x000001CB634E82C0
[2016.04.14-19.11.47:717][417]LogParticles: Destroying 0 GPU particle simulations for FXSystem 0x000001CB17CD91C0
[2016.04.14-19.11.47:718][417]LogParticles: Destroying 0 GPU particle simulations for FXSystem 0x000001CB17CD9A80
[2016.04.14-19.11.47:748][417]LogInit: XAudio2 using 'Speakers (USB Sound Device        )' : 2 channels at 44.1 kHz using 16 bits per sample (channel mask 0x3)
[2016.04.14-19.11.47:753][417]LogInit: FAudioDevice initialized.
[2016.04.14-19.11.47:881][417]LogLinker:Warning: Can't find file '/Game/SideScrollerBP/Blueprints/SideScrollerGameMode'
[2016.04.14-19.11.47:881][417]LogLinker:Warning: Can't find file '/Game/SideScrollerBP/Blueprints/SideScrollerGameMode'
[2016.04.14-19.11.47:881][417]LogUObjectGlobals:Warning: Failed to find object 'Class /Game/SideScrollerBP/Blueprints/SideScrollerGameMode.SideScrollerGameMode_C'
[2016.04.14-19.11.47:881][417]LogWorld: Game class is 'GameMode'
[2016.04.14-19.11.47:891][417]LogWorld: Bringing World /Game/RunnerAssets/UEDPIE_0_RunnerMap.RunnerMap up for play (max tick rate 0) at 2016.04.14-21.11.47
[2016.04.14-19.11.47:891][417]LogActor:Warning: GameSession /Game/RunnerAssets/UEDPIE_0_RunnerMap.RunnerMap:PersistentLevel.GameSession_0 has natively added scene component(s), but none of them were set as the actor's RootComponent - picking one arbitrarily
[2016.04.14-19.11.47:891][417]LogActor:Warning: GameNetworkManager /Game/RunnerAssets/UEDPIE_0_RunnerMap.RunnerMap:PersistentLevel.GameNetworkManager_0 has natively added scene component(s), but none of them were set as the actor's RootComponent - picking one arbitrarily
[2016.04.14-19.11.47:950][417]LogWorld: Bringing up level for play took: 0.067037
[2016.04.14-19.11.47:989][417]LogGameMode: Warning - PATHS NOT DEFINED or NO PLAYERSTART with positive rating
[2016.04.14-19.11.48:084][417]PIE: Info Play in editor start time for /Game/RunnerAssets/UEDPIE_0_RunnerMap 0.927
[2016.04.14-19.11.48:084][417]LogBlueprintUserMessages: Late PlayInEditor Detection: Level '/Game/RunnerAssets/RunnerMap.RunnerMap:PersistentLevel' has LevelScriptBlueprint '/Game/RunnerAssets/RunnerMap.RunnerMap:PersistentLevel.RunnerMap' with GeneratedClass '/Game/RunnerAssets/RunnerMap.RunnerMap_C' with ClassGeneratedBy '/Game/RunnerAssets/RunnerMap.RunnerMap:PersistentLevel.RunnerMap'
[2016.04.14-19.11.49:353][480]LogBlueprintUserMessages: Early EndPlayMap Detection: Level '/Game/RunnerAssets/RunnerMap.RunnerMap:PersistentLevel' has LevelScriptBlueprint '/Game/RunnerAssets/RunnerMap.RunnerMap:PersistentLevel.RunnerMap' with GeneratedClass '/Game/RunnerAssets/RunnerMap.RunnerMap_C' with ClassGeneratedBy '/Game/RunnerAssets/RunnerMap.RunnerMap:PersistentLevel.RunnerMap'
[2016.04.14-19.11.49:492][480]LogBlueprintUserMessages: Late EndPlayMap Detection: Level '/Game/RunnerAssets/RunnerMap.RunnerMap:PersistentLevel' has LevelScriptBlueprint '/Game/RunnerAssets/RunnerMap.RunnerMap:PersistentLevel.RunnerMap' with GeneratedClass '/Game/RunnerAssets/RunnerMap.RunnerMap_C' with ClassGeneratedBy '/Game/RunnerAssets/RunnerMap.RunnerMap:PersistentLevel.RunnerMap'
[2016.04.14-19.11.49:527][480]LogParticles: Destroying 0 GPU particle simulations for FXSystem 0x000001CB16AC5080
[2016.04.14-19.11.56:088][550]LogBlueprintUserMessages: Early PlayInEditor Detection: Level '/Game/RunnerAssets/RunnerMap.RunnerMap:PersistentLevel' has LevelScriptBlueprint '/Game/RunnerAssets/RunnerMap.RunnerMap:PersistentLevel.RunnerMap' with GeneratedClass '/Game/RunnerAssets/RunnerMap.RunnerMap_C' with ClassGeneratedBy '/Game/RunnerAssets/RunnerMap.RunnerMap:PersistentLevel.RunnerMap'
[2016.04.14-19.11.56:088][550]LogPlayLevel: PlayLevel: No blueprints needed recompiling
[2016.04.14-19.11.56:088][550]PIE: New page: PIE session: RunnerMap (Apr 14, 2016, 11:11:56 PM)
[2016.04.14-19.11.56:088][550]LogPlayLevel: Creating play world package: /Game/RunnerAssets/UEDPIE_0_RunnerMap
[2016.04.14-19.11.56:112][550]LogPlayLevel: PIE: StaticDuplicateObject took: (0.024190s)
[2016.04.14-19.11.56:113][550]LogAIModule: Creating AISystem for world RunnerMap
[2016.04.14-19.11.56:113][550]LogPlayLevel: PIE: World Init took: (0.001072s)
[2016.04.14-19.11.56:114][550]LogPlayLevel: PIE: Created PIE world by copying editor world from /Game/RunnerAssets/RunnerMap.RunnerMap to /Game/RunnerAssets/UEDPIE_0_RunnerMap.RunnerMap (0.025539s)
[2016.04.14-19.11.56:140][550]LogInit: XAudio2 using 'Speakers (USB Sound Device        )' : 2 channels at 44.1 kHz using 16 bits per sample (channel mask 0x3)
[2016.04.14-19.11.56:145][550]LogInit: FAudioDevice initialized.
[2016.04.14-19.11.56:177][550]LogLinker:Warning: Can't find file '/Game/SideScrollerBP/Blueprints/SideScrollerGameMode'
[2016.04.14-19.11.56:177][550]LogLinker:Warning: Can't find file '/Game/SideScrollerBP/Blueprints/SideScrollerGameMode'
[2016.04.14-19.11.56:178][550]LogUObjectGlobals:Warning: Failed to find object 'Class /Game/SideScrollerBP/Blueprints/SideScrollerGameMode.SideScrollerGameMode_C'
[2016.04.14-19.11.56:178][550]LogWorld: Game class is 'GameMode'
[2016.04.14-19.11.56:182][550]LogWorld: Bringing World /Game/RunnerAssets/UEDPIE_0_RunnerMap.RunnerMap up for play (max tick rate 0) at 2016.04.14-21.11.56
[2016.04.14-19.11.56:182][550]LogActor:Warning: GameSession /Game/RunnerAssets/UEDPIE_0_RunnerMap.RunnerMap:PersistentLevel.GameSession_1 has natively added scene component(s), but none of them were set as the actor's RootComponent - picking one arbitrarily
[2016.04.14-19.11.56:183][550]LogActor:Warning: GameNetworkManager /Game/RunnerAssets/UEDPIE_0_RunnerMap.RunnerMap:PersistentLevel.GameNetworkManager_1 has natively added scene component(s), but none of them were set as the actor's RootComponent - picking one arbitrarily
[2016.04.14-19.11.56:183][550]LogWorld: Bringing up level for play took: 0.004352
[2016.04.14-19.11.56:183][550]LogGameMode: Warning - PATHS NOT DEFINED or NO PLAYERSTART with positive rating
[2016.04.14-19.11.56:184][550]PIE: Info Play in editor start time for /Game/RunnerAssets/UEDPIE_0_RunnerMap 1.028
[2016.04.14-19.11.56:184][550]LogBlueprintUserMessages: Late PlayInEditor Detection: Level '/Game/RunnerAssets/RunnerMap.RunnerMap:PersistentLevel' has LevelScriptBlueprint '/Game/RunnerAssets/RunnerMap.RunnerMap:PersistentLevel.RunnerMap' with GeneratedClass '/Game/RunnerAssets/RunnerMap.RunnerMap_C' with ClassGeneratedBy '/Game/RunnerAssets/RunnerMap.RunnerMap:PersistentLevel.RunnerMap'
[2016.04.14-19.13.58:140][295]LogBlueprintUserMessages: Early EndPlayMap Detection: Level '/Game/RunnerAssets/RunnerMap.RunnerMap:PersistentLevel' has LevelScriptBlueprint '/Game/RunnerAssets/RunnerMap.RunnerMap:PersistentLevel.RunnerMap' with GeneratedClass '/Game/RunnerAssets/RunnerMap.RunnerMap_C' with ClassGeneratedBy '/Game/RunnerAssets/RunnerMap.RunnerMap:PersistentLevel.RunnerMap'
[2016.04.14-19.13.58:186][295]LogBlueprintUserMessages: Late EndPlayMap Detection: Level '/Game/RunnerAssets/RunnerMap.RunnerMap:PersistentLevel' has LevelScriptBlueprint '/Game/RunnerAssets/RunnerMap.RunnerMap:PersistentLevel.RunnerMap' with GeneratedClass '/Game/RunnerAssets/RunnerMap.RunnerMap_C' with ClassGeneratedBy '/Game/RunnerAssets/RunnerMap.RunnerMap:PersistentLevel.RunnerMap'
[2016.04.14-19.13.58:241][296]LogParticles: Destroying 0 GPU particle simulations for FXSystem 0x000001CB6C1DEA20
[2016.04.14-19.14.02:167][556]LogWindowsTextInputMethodSystem:Display: IME system now deactivated.
[2016.04.14-19.14.02:167][556]LogWindowsTextInputMethodSystem:Display: IME system now deactivated.
[2016.04.14-19.14.02:357][557]Cmd: QUIT_EDITOR
[2016.04.14-19.14.03:211][557]LogExit: Preparing to exit.
[2016.04.14-19.19.03:932][557]LogExit: Editor shut down
[2016.04.14-19.19.03:932][557]LogExit: Transaction tracking system shut down
[2016.04.14-19.19.03:961][557]LogParticles: Destroying 0 GPU particle simulations for FXSystem 0x000001CB57CF6340
[2016.04.14-19.19.03:961][557]LogParticles: Destroying 0 GPU particle simulations for FXSystem 0x000001CB63703240
[2016.04.14-19.19.03:961][557]LogParticles: Destroying 0 GPU particle simulations for FXSystem 0x000001CB63547600
[2016.04.14-19.19.03:961][557]LogParticles: Destroying 0 GPU particle simulations for FXSystem 0x000001CB5A2D20C0
[2016.04.14-19.19.04:504][557]LogExit: Object subsystem successfully closed.
[2016.04.14-19.19.04:642][557]LogD3D11RHI: Shutdown
[2016.04.14-19.19.04:643][557]LogD3D11RHI: CleanupD3DDevice
[2016.04.14-19.19.04:831][557]LogD3D11RHI: ~FD3D11DynamicRHI
[2016.04.14-19.19.05:196][557]LogModuleManager: Shutting down and abandoning module SequencerWidgets (200)
[2016.04.14-19.19.05:196][557]LogModuleManager: Shutting down and abandoning module BlueprintGraph (199)
[2016.04.14-19.19.05:196][557]LogModuleManager: Shutting down and abandoning module CrashTracker (198)
[2016.04.14-19.19.05:196][557]LogModuleManager: Shutting down and abandoning module SceneOutliner (197)
[2016.04.14-19.19.05:196][557]LogModuleManager: Shutting down and abandoning module SuperSearch (196)
[2016.04.14-19.19.05:196][557]LogModuleManager: Shutting down and abandoning module WidgetCarousel (195)
[2016.04.14-19.19.05:196][557]LogModuleManager: Shutting down and abandoning module AddContentDialog (194)
[2016.04.14-19.19.05:197][557]LogModuleManager: Shutting down and abandoning module EditorWidgets (193)
[2016.04.14-19.19.05:197][557]LogModuleManager: Shutting down and abandoning module CollectionManager (192)
[2016.04.14-19.19.05:217][557]LogModuleManager: Shutting down and abandoning module StatsViewer (191)
[2016.04.14-19.19.05:217][557]LogModuleManager: Shutting down and abandoning module FoliageEdit (190)
[2016.04.14-19.19.05:217][557]LogModuleManager: Shutting down and abandoning module LandscapeEditor (189)
[2016.04.14-19.19.05:233][557]LogModuleManager: Shutting down and abandoning module ActorPickerMode (188)
[2016.04.14-19.19.05:233][557]LogModuleManager: Shutting down and abandoning module GeometryMode (187)
[2016.04.14-19.19.05:233][557]LogModuleManager: Shutting down and abandoning module TextureAlignMode (186)
[2016.04.14-19.19.05:233][557]LogModuleManager: Shutting down and abandoning module BspMode (185)
[2016.04.14-19.19.05:233][557]LogModuleManager: Shutting down and abandoning module PlacementMode (184)
[2016.04.14-19.19.05:233][557]LogModuleManager: Shutting down and abandoning module AutomationWorker (183)
[2016.04.14-19.19.05:233][557]LogModuleManager: Shutting down and abandoning module CharacterAI (182)
[2016.04.14-19.19.05:233][557]LogModuleManager: Shutting down and abandoning module SmartSnapping (181)
[2016.04.14-19.19.05:233][557]LogModuleManager: Shutting down and abandoning module ViewportSnapping (180)
[2016.04.14-19.19.05:233][557]LogModuleManager: Shutting down and abandoning module LogVisualizer (179)
[2016.04.14-19.19.05:233][557]LogModuleManager: Shutting down and abandoning module GameProjectGeneration (178)
[2016.04.14-19.19.05:257][557]LogModuleManager: Shutting down and abandoning module IntroTutorials (177)
[2016.04.14-19.19.05:257][557]LogModuleManager: Shutting down and abandoning module EditorLiveStreaming (176)
[2016.04.14-19.19.05:257][557]LogModuleManager: Shutting down and abandoning module IOSPlatformEditor (175)
[2016.04.14-19.19.05:257][557]LogModuleManager: Shutting down and abandoning module HTML5PlatformEditor (174)
[2016.04.14-19.19.05:257][557]LogModuleManager: Shutting down and abandoning module AndroidDeviceDetection (173)
[2016.04.14-19.19.05:898][557]LogModuleManager: Shutting down and abandoning module AndroidPlatformEditor (172)
[2016.04.14-19.19.05:898][557]LogModuleManager: Shutting down and abandoning module IOSRuntimeSettings (171)
[2016.04.14-19.19.05:898][557]LogModuleManager: Shutting down and abandoning module AndroidRuntimeSettings (170)
[2016.04.14-19.19.05:898][557]LogModuleManager: Shutting down and abandoning module MergeActors (169)
[2016.04.14-19.19.05:898][557]LogModuleManager: Shutting down and abandoning module SizeMap (168)
[2016.04.14-19.19.05:898][557]LogModuleManager: Shutting down and abandoning module TreeMap (167)
[2016.04.14-19.19.05:898][557]LogModuleManager: Shutting down and abandoning module ReferenceViewer (166)
[2016.04.14-19.19.05:898][557]LogModuleManager: Shutting down and abandoning module LocalizationService (165)
[2016.04.14-19.19.05:898][557]LogModuleManager: Shutting down and abandoning module LocalizationDashboard (164)
[2016.04.14-19.19.05:911][557]LogModuleManager: Shutting down and abandoning module HardwareTargeting (163)
[2016.04.14-19.19.05:911][557]LogModuleManager: Shutting down and abandoning module DeviceProfileEditor (162)
[2016.04.14-19.19.05:911][557]LogModuleManager: Shutting down and abandoning module UndoHistory (161)
[2016.04.14-19.19.05:911][557]LogModuleManager: Shutting down and abandoning module GameplayTagsEditor (160)
[2016.04.14-19.19.05:911][557]LogModuleManager: Shutting down and abandoning module UserFeedback (159)
[2016.04.14-19.19.05:911][557]LogModuleManager: Shutting down and abandoning module XmlParser (158)
[2016.04.14-19.19.05:911][557]LogModuleManager: Shutting down and abandoning module Blutility (157)
[2016.04.14-19.19.05:911][557]LogModuleManager: Shutting down and abandoning module ProjectTargetPlatformEditor (156)
[2016.04.14-19.19.05:911][557]LogModuleManager: Shutting down and abandoning module ProjectSettingsViewer (155)
[2016.04.14-19.19.05:911][557]LogModuleManager: Shutting down and abandoning module InputBindingEditor (154)
[2016.04.14-19.19.05:912][557]LogModuleManager: Shutting down and abandoning module EditorSettingsViewer (153)
[2016.04.14-19.19.05:912][557]LogModuleManager: Shutting down and abandoning module SettingsEditor (152)
[2016.04.14-19.19.05:912][557]LogModuleManager: Shutting down and abandoning module ProjectLauncher (151)
[2016.04.14-19.19.05:922][557]LogModuleManager: Shutting down and abandoning module SessionFrontend (150)
[2016.04.14-19.19.05:922][557]LogModuleManager: Shutting down and abandoning module ProfilerClient (149)
[2016.04.14-19.19.05:951][557]LogModuleManager: Shutting down and abandoning module TargetDeviceServices (148)
[2016.04.14-19.19.05:951][557]LogModuleManager: Shutting down and abandoning module DeviceManager (147)
[2016.04.14-19.19.05:951][557]LogModuleManager: Shutting down and abandoning module AutomationController (146)
[2016.04.14-19.19.05:951][557]LogModuleManager: Shutting down and abandoning module AutomationWindow (145)
[2016.04.14-19.19.05:977][557]LogModuleManager: Shutting down and abandoning module Layers (144)
[2016.04.14-19.19.05:999][557]LogModuleManager: Shutting down and abandoning module ComponentVisualizers (143)
[2016.04.14-19.19.05:999][557]LogModuleManager: Shutting down and abandoning module DetailCustomizations (142)
[2016.04.14-19.19.06:024][557]LogModuleManager: Shutting down and abandoning module PackagesDialog (141)
[2016.04.14-19.19.06:024][557]LogModuleManager: Shutting down and abandoning module Persona (140)
[2016.04.14-19.19.06:038][557]LogModuleManager: Shutting down and abandoning module Kismet (139)
[2016.04.14-19.19.06:038][557]LogModuleManager: Shutting down and abandoning module GraphEditor (138)
[2016.04.14-19.19.06:053][557]LogModuleManager: Shutting down and abandoning module ClassViewer (137)
[2016.04.14-19.19.06:053][557]LogModuleManager: Shutting down and abandoning module Toolbox (136)
[2016.04.14-19.19.06:053][557]LogModuleManager: Shutting down and abandoning module ModuleUI (135)
[2016.04.14-19.19.06:089][557]LogModuleManager: Shutting down and abandoning module MovieSceneTools (134)
[2016.04.14-19.19.06:089][557]LogModuleManager: Shutting down and abandoning module OutputLog (133)
[2016.04.14-19.19.06:089][557]LogModuleManager: Shutting down and abandoning module GammaUI (132)
[2016.04.14-19.19.06:104][557]LogModuleManager: Shutting down and abandoning module Documentation (131)
[2016.04.14-19.19.06:104][557]LogModuleManager: Shutting down and abandoning module GameLiveStreaming (130)
[2016.04.14-19.19.06:104][557]LogModuleManager: Shutting down and abandoning module StreamingPauseRendering (129)
[2016.04.14-19.19.06:104][557]LogModuleManager: Shutting down and abandoning module AnalyticsET (128)
[2016.04.14-19.19.06:104][557]LogModuleManager: Shutting down and abandoning module Analytics (127)
[2016.04.14-19.19.06:104][557]LogModuleManager: Shutting down and abandoning module AITestSuite (126)
[2016.04.14-19.19.06:104][557]LogModuleManager: Shutting down and abandoning module GameplayDebugger (125)
[2016.04.14-19.19.06:104][557]LogModuleManager: Shutting down and abandoning module AIModule (124)
[2016.04.14-19.19.06:104][557]LogModuleManager: Shutting down and abandoning module ProfilerService (123)
[2016.04.14-19.19.06:292][557]LogModuleManager: Shutting down and abandoning module TaskGraph (122)
[2016.04.14-19.19.06:309][557]LogModuleManager: Shutting down and abandoning module SlateRemote (121)
[2016.04.14-19.19.06:309][557]LogModuleManager: Shutting down and abandoning module SteamVRController (120)
[2016.04.14-19.19.06:309][557]LogModuleManager: Shutting down and abandoning module SteamVR (119)
[2016.04.14-19.19.06:309][557]LogModuleManager: Shutting down and abandoning module ProceduralMeshComponent (118)
[2016.04.14-19.19.06:309][557]LogModuleManager: Shutting down and abandoning module OculusLibrary (117)
[2016.04.14-19.19.06:309][557]LogModuleManager: Shutting down and abandoning module OculusInput (116)
[2016.04.14-19.19.06:309][557]LogModuleManager: Shutting down and abandoning module LeapMotionController (115)
[2016.04.14-19.19.06:337][557]LogModuleManager: Shutting down and abandoning module CustomMeshComponent (114)
[2016.04.14-19.19.06:337][557]LogModuleManager: Shutting down and abandoning module CableComponent (113)
[2016.04.14-19.19.06:337][557]LogModuleManager: Shutting down and abandoning module ArchVisCharacter (112)
[2016.04.14-19.19.06:337][557]LogModuleManager: Shutting down and abandoning module MessagingDebugger (111)
[2016.04.14-19.19.06:372][557]LogModuleManager: Shutting down and abandoning module MediaPlayerEditor (110)
[2016.04.14-19.19.06:386][557]LogModuleManager: Shutting down and abandoning module HTML5Networking (109)
[2016.04.14-19.19.06:386][557]LogModuleManager: Shutting down and abandoning module SpeedTreeImporter (108)
[2016.04.14-19.19.06:386][557]LogModuleManager: Shutting down and abandoning module PluginBrowser (107)
[2016.04.14-19.19.06:403][557]LogModuleManager: Shutting down and abandoning module EpicSurvey (106)
[2016.04.14-19.19.06:403][557]LogModuleManager: Shutting down and abandoning module DesktopPlatform (105)
[2016.04.14-19.19.06:421][557]LogModuleManager: Shutting down and abandoning module VisualStudioSourceCodeAccess (104)
[2016.04.14-19.19.06:421][557]LogModuleManager: Shutting down and abandoning module UObjectPlugin (103)
[2016.04.14-19.19.06:421][557]LogModuleManager: Shutting down and abandoning module SubversionSourceControl (102)
[2016.04.14-19.19.06:421][557]LogModuleManager: Shutting down and abandoning module PerforceSourceControl (101)
[2016.04.14-19.19.06:421][557]LogModuleManager: Shutting down and abandoning module SourceControl (100)
[2016.04.14-19.19.06:436][557]LogModuleManager: Shutting down and abandoning module GitSourceControl (99)
[2016.04.14-19.19.06:436][557]LogModuleManager: Shutting down and abandoning module LightPropagationVolumeEditor (98)
[2016.04.14-19.19.06:436][557]LogModuleManager: Shutting down and abandoning module PaperTiledImporter (97)
[2016.04.14-19.19.06:436][557]LogModuleManager: Shutting down and abandoning module PaperSpriteSheetImporter (96)
[2016.04.14-19.19.06:436][557]LogModuleManager: Shutting down and abandoning module MeshPaint (95)
[2016.04.14-19.19.06:436][557]LogModuleManager: Shutting down and abandoning module SlateReflector (94)
[2016.04.14-19.19.06:453][557]LogModuleManager: Shutting down and abandoning module HotReload (93)
[2016.04.14-19.19.06:454][557]LogModuleManager: Shutting down and abandoning module MainFrame (92)
[2016.04.14-19.19.06:454][557]LogModuleManager: Shutting down and abandoning module LevelEditor (91)
[2016.04.14-19.19.06:468][557]LogModuleManager: Shutting down and abandoning module DirectoryWatcher (90)
[2016.04.14-19.19.06:469][557]LogModuleManager: Shutting down and abandoning module AssetRegistry (89)
[2016.04.14-19.19.06:545][557]LogModuleManager: Shutting down and abandoning module ContentBrowser (88)
[2016.04.14-19.19.06:546][557]LogModuleManager: Shutting down and abandoning module Paper2DEditor (87)
[2016.04.14-19.19.06:560][557]LogModuleManager: Shutting down and abandoning module UdpMessaging (86)
[2016.04.14-19.19.06:660][557]LogModuleManager: Shutting down and abandoning module LightPropagationVolumeRuntime (85)
[2016.04.14-19.19.06:660][557]LogModuleManager: Shutting down and abandoning module Paper2D (84)
[2016.04.14-19.19.06:660][557]LogModuleManager: Shutting down and abandoning module WindowsMoviePlayer (83)
[2016.04.14-19.19.06:662][557]LogModuleManager: Shutting down and abandoning module Media (82)
[2016.04.14-19.19.06:662][557]LogModuleManager: Shutting down and abandoning module WmfMedia (81)
[2016.04.14-19.19.06:662][557]LogModuleManager: Shutting down and abandoning module OnlineBlueprintSupport (80)
[2016.04.14-19.19.06:662][557]LogModuleManager: Shutting down and abandoning module GameplayTasksEditor (79)
[2016.04.14-19.19.06:662][557]LogModuleManager: Shutting down and abandoning module PropertyEditor (78)
[2016.04.14-19.19.06:689][557]LogModuleManager: Shutting down and abandoning module BehaviorTreeEditor (77)
[2016.04.14-19.19.06:710][557]LogModuleManager: Shutting down and abandoning module FunctionalTesting (76)
[2016.04.14-19.19.06:710][557]LogModuleManager: Shutting down and abandoning module CollisionAnalyzer (75)
[2016.04.14-19.19.06:710][557]LogModuleManager: Shutting down and abandoning module WorkspaceMenuStructure (74)
[2016.04.14-19.19.06:710][557]LogModuleManager: Shutting down and abandoning module MessageLog (73)
[2016.04.14-19.19.06:710][557]LogModuleManager: Shutting down and abandoning module Sequencer (72)
[2016.04.14-19.19.06:710][557]LogModuleManager: Shutting down and abandoning module AssetTools (71)
[2016.04.14-19.19.06:735][557]LogModuleManager: Shutting down and abandoning module UMGEditor (70)
[2016.04.14-19.19.06:735][557]LogModuleManager: Shutting down and abandoning module UMG (69)
[2016.04.14-19.19.06:735][557]LogModuleManager: Shutting down and abandoning module Slate (68)
[2016.04.14-19.19.06:735][557]LogModuleManager: Shutting down and abandoning module EditorStyle (67)
[2016.04.14-19.19.06:737][557]LogModuleManager: Shutting down and abandoning module SessionServices (66)
[2016.04.14-19.19.06:737][557]LogModuleManager: Shutting down and abandoning module SourceCodeAccess (65)
[2016.04.14-19.19.06:737][557]LogModuleManager: Shutting down and abandoning module HeadMountedDisplay (64)
[2016.04.14-19.19.06:737][557]LogModuleManager: Shutting down and abandoning module XAudio2 (63)
[2016.04.14-19.19.06:737][557]LogModuleManager: Shutting down and abandoning module Networking (61)
[2016.04.14-19.19.06:737][557]LogModuleManager: Shutting down and abandoning module Core (60)
[2016.04.14-19.19.06:737][557]LogModuleManager: Shutting down and abandoning module KismetCompiler (59)
[2016.04.14-19.19.06:737][557]LogModuleManager: Shutting down and abandoning module PhysXFormats (58)
[2016.04.14-19.19.06:737][557]LogModuleManager: Shutting down and abandoning module MeshUtilities (57)
[2016.04.14-19.19.06:759][557]LogModuleManager: Shutting down and abandoning module DerivedDataCache (56)
[2016.04.14-19.19.06:818][557]LogDerivedDataCache: Shutdown
[2016.04.14-19.19.06:818][557]LogModuleManager: Shutting down and abandoning module ShaderFormatOpenGL (55)
[2016.04.14-19.19.06:862][557]LogModuleManager: Shutting down and abandoning module ShaderFormatD3D (54)
[2016.04.14-19.19.06:862][557]LogModuleManager: Shutting down and abandoning module MetalShaderFormat (53)
[2016.04.14-19.19.06:893][557]LogModuleManager: Shutting down and abandoning module TextureFormatUncompressed (52)
[2016.04.14-19.19.06:893][557]LogModuleManager: Shutting down and abandoning module TextureFormatPVR (51)
[2016.04.14-19.19.06:893][557]LogModuleManager: Shutting down and abandoning module TextureFormatIntelISPCTexComp (50)
[2016.04.14-19.19.06:893][557]LogModuleManager: Shutting down and abandoning module TextureFormatDXT (49)
[2016.04.14-19.19.06:893][557]LogModuleManager: Shutting down and abandoning module ImageWrapper (48)
[2016.04.14-19.19.06:893][557]LogModuleManager: Shutting down and abandoning module TextureFormatASTC (47)
[2016.04.14-19.19.06:893][557]LogModuleManager: Shutting down and abandoning module TextureFormatAndroid (46)
[2016.04.14-19.19.06:893][557]LogModuleManager: Shutting down and abandoning module AudioFormatOpus (45)
[2016.04.14-19.19.06:893][557]LogModuleManager: Shutting down and abandoning module AudioFormatOgg (44)
[2016.04.14-19.19.06:893][557]LogModuleManager: Shutting down and abandoning module AudioFormatADPCM (43)
[2016.04.14-19.19.06:893][557]LogModuleManager: Shutting down and abandoning module LinuxTargetPlatform (42)
[2016.04.14-19.19.06:893][557]LogModuleManager: Shutting down and abandoning module LinuxServerTargetPlatform (41)
[2016.04.14-19.19.06:893][557]LogModuleManager: Shutting down and abandoning module LinuxNoEditorTargetPlatform (40)
[2016.04.14-19.19.06:893][557]LogModuleManager: Shutting down and abandoning module Messaging (39)
[2016.04.14-19.19.06:893][557]LogModuleManager: Shutting down and abandoning module IOSTargetPlatform (38)
[2016.04.14-19.19.06:893][557]LogModuleManager: Shutting down and abandoning module HTML5TargetPlatform (37)
[2016.04.14-19.19.06:893][557]LogModuleManager: Shutting down and abandoning module Android_PVRTCTargetPlatform (36)
[2016.04.14-19.19.06:893][557]LogModuleManager: Shutting down and abandoning module Android_MultiTargetPlatform (35)
[2016.04.14-19.19.06:893][557]LogModuleManager: Shutting down and abandoning module Android_ETC2TargetPlatform (34)
[2016.04.14-19.19.06:893][557]LogModuleManager: Shutting down and abandoning module Android_ETC1TargetPlatform (33)
[2016.04.14-19.19.06:893][557]LogModuleManager: Shutting down and abandoning module Android_DXTTargetPlatform (32)
[2016.04.14-19.19.06:893][557]LogModuleManager: Shutting down and abandoning module Android_ATCTargetPlatform (31)
[2016.04.14-19.19.06:893][557]LogModuleManager: Shutting down and abandoning module Android_ASTCTargetPlatform (30)
[2016.04.14-19.19.06:893][557]LogModuleManager: Shutting down and abandoning module AndroidTargetPlatform (29)
[2016.04.14-19.19.06:893][557]LogModuleManager: Shutting down and abandoning module WindowsTargetPlatform (28)
[2016.04.14-19.19.06:893][557]LogModuleManager: Shutting down and abandoning module WindowsServerTargetPlatform (27)
[2016.04.14-19.19.06:893][557]LogModuleManager: Shutting down and abandoning module WindowsNoEditorTargetPlatform (26)
[2016.04.14-19.19.06:893][557]LogModuleManager: Shutting down and abandoning module WindowsClientTargetPlatform (25)
[2016.04.14-19.19.06:893][557]LogModuleManager: Shutting down and abandoning module AllDesktopTargetPlatform (24)
[2016.04.14-19.19.06:893][557]LogModuleManager: Shutting down and abandoning module TargetPlatform (23)
[2016.04.14-19.19.06:893][557]LogModuleManager: Shutting down and abandoning module InputCore (22)
[2016.04.14-19.19.06:893][557]LogModuleManager: Shutting down and abandoning module Settings (21)
[2016.04.14-19.19.06:893][557]LogModuleManager: Shutting down and abandoning module OnlineSubsystem (19)
[2016.04.14-19.19.06:893][557]LogModuleManager: Shutting down and abandoning module HTTP (18)
[2016.04.14-19.19.08:899][557]LogModuleManager: Shutting down and abandoning module XMPP (17)
[2016.04.14-19.19.08:930][557]LogModuleManager: Shutting down and abandoning module OculusRift (16)
[2016.04.14-19.19.08:962][557]LogModuleManager: Shutting down and abandoning module ExampleDeviceProfileSelector (15)
[2016.04.14-19.19.08:962][557]LogModuleManager: Shutting down and abandoning module TextureCompressor (14)
[2016.04.14-19.19.08:962][557]LogModuleManager: Shutting down and abandoning module ShaderCore (13)
[2016.04.14-19.19.08:962][557]LogModuleManager: Shutting down and abandoning module Landscape (12)
[2016.04.14-19.19.08:962][557]LogModuleManager: Shutting down and abandoning module SlateRHIRenderer (11)
[2016.04.14-19.19.08:975][557]LogModuleManager: Shutting down and abandoning module OpenGLDrv (10)
[2016.04.14-19.19.08:984][557]LogModuleManager: Shutting down and abandoning module D3D11RHI (9)
[2016.04.14-19.19.08:984][557]LogModuleManager: Shutting down and abandoning module AnimGraphRuntime (8)
[2016.04.14-19.19.08:984][557]LogModuleManager: Shutting down and abandoning module Renderer (7)
[2016.04.14-19.19.08:984][557]LogModuleManager: Shutting down and abandoning module Engine (6)
[2016.04.14-19.19.08:984][557]LogModuleManager: Shutting down and abandoning module CoreUObject (5)
[2016.04.14-19.19.08:984][557]LogModuleManager: Shutting down and abandoning module NetworkFile (4)
[2016.04.14-19.19.08:999][557]LogModuleManager: Shutting down and abandoning module StreamingFile (3)
[2016.04.14-19.19.08:999][557]LogModuleManager: Shutting down and abandoning module SandboxFile (2)
[2016.04.14-19.19.08:999][557]LogModuleManager: Shutting down and abandoning module PakFile (1)
[2016.04.14-19.19.09:001][557]LogExit: Exiting.
[2016.04.14-19.19.09:026][557]Log file closed, 04/14/16 21:19:09
