[2016.05.28-22.11.03:560][  0]Log file open, 05/29/16 00:11:03
[2016.05.28-22.11.03:560][  0]LogInit:Display: Running engine for game: Runner
[2016.05.28-22.11.03:561][  0]LogPlatformFile: Not using cached read wrapper
[2016.05.28-22.11.03:561][  0]LogInit:Display: RandInit(-317032361) SRandInit(-317032359).
[2016.05.28-22.11.03:561][  0]LogTaskGraph: Started task graph with 4 named threads and 7 total threads.
[2016.05.28-22.11.03:561][  0]LogStats: Stats thread started at 0.077676
[2016.05.28-22.11.03:561][  0]LogInit: Version: 4.10.4-2872498+++depot+UE4-Releases+4.10
[2016.05.28-22.11.03:561][  0]LogInit: API Version: 2758231
[2016.05.28-22.11.03:561][  0]LogInit: Compiled (64-bit): Feb 18 2016 15:47:04
[2016.05.28-22.11.03:561][  0]LogInit: Compiled with Visual C++: 19.00.23026.00
[2016.05.28-22.11.03:561][  0]LogInit: Build Configuration: Development
[2016.05.28-22.11.03:561][  0]LogInit: Branch Name: ++depot+UE4-Releases+4.10
[2016.05.28-22.11.03:561][  0]LogInit: Command line:  
[2016.05.28-22.11.03:561][  0]LogInit: Base directory: C:/Program Files/Epic Games/4.10/Engine/Binaries/Win64/
[2016.05.28-22.11.03:561][  0]LogInit: Rocket: 1
[2016.05.28-22.11.03:569][  0]LogInit: Using libcurl 7.41.0
[2016.05.28-22.11.03:569][  0]LogInit:  - built for x86_64-pc-win32
[2016.05.28-22.11.03:569][  0]LogInit:  - supports SSL with WinSSL
[2016.05.28-22.11.03:569][  0]LogInit:  - other features:
[2016.05.28-22.11.03:569][  0]LogInit:      CURL_VERSION_SSL
[2016.05.28-22.11.03:569][  0]LogInit:      CURL_VERSION_IPV6
[2016.05.28-22.11.03:569][  0]LogInit:      CURL_VERSION_ASYNCHDNS
[2016.05.28-22.11.03:569][  0]LogInit:      CURL_VERSION_LARGEFILE
[2016.05.28-22.11.03:569][  0]LogInit:      CURL_VERSION_IDN
[2016.05.28-22.11.03:569][  0]LogInit:  CurlRequestOptions (configurable via config and command line):
[2016.05.28-22.11.03:569][  0]LogInit:  - bVerifyPeer = true  - Libcurl will verify peer certificate
[2016.05.28-22.11.03:569][  0]LogInit:  - bUseHttpProxy = false  - Libcurl will NOT use HTTP proxy
[2016.05.28-22.11.03:569][  0]LogInit:  - bDontReuseConnections = false  - Libcurl will reuse connections
[2016.05.28-22.11.03:569][  0]LogInit:  - CertBundlePath = nullptr  - Libcurl will use whatever was configured at build time.
[2016.05.28-22.11.03:578][  0]LogInit: Presizing for 0 objects not considered by GC, pre-allocating 0 bytes.
[2016.05.28-22.11.03:585][  0]LogInit: Object subsystem initialized
[2016.05.28-22.11.03:585][  0]LogInit: Selected Device Profile: [Windows]
[2016.05.28-22.11.03:585][  0]LogInit: Applying CVar settings loaded from the selected device profile: [Windows]
[2016.05.28-22.11.03:594][  0]LogInit: Computer: JOHANS_MONSTER
[2016.05.28-22.11.03:594][  0]LogInit: User: Johan
[2016.05.28-22.11.03:594][  0]LogInit: CPU Page size=4096, Cores=4
[2016.05.28-22.11.03:594][  0]LogInit: High frequency timer resolution =3.312789 MHz
[2016.05.28-22.11.03:594][  0]LogMemory: Memory total: Physical=16.0GB (16GB approx)
[2016.05.28-22.11.03:594][  0]LogMemory: Platform Memory Stats for Windows
[2016.05.28-22.11.03:594][  0]LogMemory: Process Physical Memory: 56.27 MB used, 56.27 MB peak
[2016.05.28-22.11.03:594][  0]LogMemory: Process Virtual Memory: 56.73 MB used, 56.73 MB peak
[2016.05.28-22.11.03:594][  0]LogMemory: Physical Memory: 8187.96 MB used, 16337.33 MB total
[2016.05.28-22.11.03:594][  0]LogMemory: Virtual Memory: 382.84 MB used, 134217728.00 MB total
[2016.05.28-22.11.03:630][  0]LogTextLocalizationManager: No translations for ('sv-SE') exist, falling back to 'en' for localization and internationalization data.
[2016.05.28-22.11.04:088][  0]LogD3D11RHI: Found D3D11 adapter 0: NVIDIA GeForce GTX 560 SE (Feature Level 11_0)
[2016.05.28-22.11.04:088][  0]LogD3D11RHI: Adapter has 977MB of dedicated video memory, 0MB of dedicated system memory, and 8168MB of shared system memory, 1 output[s]
[2016.05.28-22.11.04:090][  0]LogD3D11RHI: Found D3D11 adapter 1: Microsoft Basic Render Driver (Feature Level 11_0)
[2016.05.28-22.11.04:090][  0]LogD3D11RHI: Adapter has 0MB of dedicated video memory, 0MB of dedicated system memory, and 8168MB of shared system memory, 0 output[s]
[2016.05.28-22.11.04:090][  0]LogD3D11RHI: Chosen D3D11 Adapter Id = 0
[2016.05.28-22.11.04:093][  0]LogD3D11RHI: !Direct3DDevice
[2016.05.28-22.11.04:093][  0]LogRHI: Texture pool is 684 MB (70% of 977 MB)
[2016.05.28-22.11.04:105][  0]LogD3D11RHI: Async texture creation enabled
[2016.05.28-22.11.04:122][  0]LogShaderCompilers: Guid format shader working directory is -7 characters bigger than the processId version (../../../../../../Users/Johan/Documents/GitHub/Runner/Intermediate/Shaders/WorkingDirectory/6620/).
[2016.05.28-22.11.04:123][  0]LogShaderCompilers: Cleaned the shader compiler working directory 'C:/Users/Johan/AppData/Local/Temp/UnrealShaderWorkingDir/3F74EE804D80838AD685B881B533D19D/'.
[2016.05.28-22.11.04:123][  0]LogShaderCompilers:Display: Using Local Shader Compiler.
[2016.05.28-22.11.04:949][  0]LogTemp:Display: Loaded TP AllDesktopTargetPlatform
[2016.05.28-22.11.04:955][  0]LogTemp:Display: Loaded TP WindowsClientTargetPlatform
[2016.05.28-22.11.04:960][  0]LogTemp:Display: Loaded TP WindowsNoEditorTargetPlatform
[2016.05.28-22.11.04:965][  0]LogTemp:Display: Loaded TP WindowsServerTargetPlatform
[2016.05.28-22.11.04:969][  0]LogTemp:Display: Loaded TP WindowsTargetPlatform
[2016.05.28-22.11.04:972][  0]LogTemp:Display: Loaded TP AndroidTargetPlatform
[2016.05.28-22.11.04:975][  0]LogTemp:Display: Loaded TP Android_ASTCTargetPlatform
[2016.05.28-22.11.04:978][  0]LogTemp:Display: Loaded TP Android_ATCTargetPlatform
[2016.05.28-22.11.04:981][  0]LogTemp:Display: Loaded TP Android_DXTTargetPlatform
[2016.05.28-22.11.04:984][  0]LogTemp:Display: Loaded TP Android_ETC1TargetPlatform
[2016.05.28-22.11.04:987][  0]LogTemp:Display: Loaded TP Android_ETC2TargetPlatform
[2016.05.28-22.11.04:993][  0]LogTemp:Display: Loaded TP Android_MultiTargetPlatform
[2016.05.28-22.11.04:993][  0]LogTemp:Display: Loaded TP Android_PVRTCTargetPlatform
[2016.05.28-22.11.04:994][  0]LogTemp:Display: Loaded TP HTML5TargetPlatform
[2016.05.28-22.11.05:011][  0]LogTemp:Display: Loaded TP IOSTargetPlatform
[2016.05.28-22.11.05:013][  0]LogTemp:Display: Loaded TP LinuxNoEditorTargetPlatform
[2016.05.28-22.11.05:016][  0]LogTemp:Display: Loaded TP LinuxServerTargetPlatform
[2016.05.28-22.11.05:019][  0]LogTemp:Display: Loaded TP LinuxTargetPlatform
[2016.05.28-22.11.05:019][  0]LogTargetPlatformManager:Display: Building Assets For Windows
[2016.05.28-22.11.05:111][  0]LogDerivedDataCache:Display: Max Cache Size: 512 MB
[2016.05.28-22.11.05:156][  0]LogDerivedDataCache: Loaded boot cache 0.05s 41MB C:/Users/Johan/AppData/Local/UnrealEngine/4.10/DerivedDataCache/Boot.ddc.
[2016.05.28-22.11.05:156][  0]LogDerivedDataCache:Display: Loaded Boot cache: C:/Users/Johan/AppData/Local/UnrealEngine/4.10/DerivedDataCache/Boot.ddc
[2016.05.28-22.11.05:156][  0]LogDerivedDataCache: FDerivedDataBackendGraph:  Pak pak cache file ../../../../../../Users/Johan/Documents/GitHub/Runner/DerivedDataCache/DDC.ddp not found, will not use a pak cache.
[2016.05.28-22.11.05:156][  0]LogDerivedDataCache: Unable to find inner node Pak for hierarchical cache Hierarchy.
[2016.05.28-22.11.05:156][  0]LogDerivedDataCache: FDerivedDataBackendGraph:  CompressedPak pak cache file ../../../../../../Users/Johan/Documents/GitHub/Runner/DerivedDataCache/Compressed.ddp not found, will not use a pak cache.
[2016.05.28-22.11.05:156][  0]LogDerivedDataCache: Unable to find inner node CompressedPak for hierarchical cache Hierarchy.
[2016.05.28-22.11.05:214][  0]LogDerivedDataCache:Display: Pak cache opened for reading ../../../Engine/DerivedDataCache/Compressed.ddp.
[2016.05.28-22.11.05:226][  0]LogDerivedDataCache: Using Local data cache path C:/Users/Johan/AppData/Local/UnrealEngine/Common/DerivedDataCache: Writable
[2016.05.28-22.11.05:451][  0]LogInit: Selected Device Profile: [Windows]
[2016.05.28-22.11.05:456][  0]LogContentStreaming: Texture pool size is 0.000000MB
[2016.05.28-22.11.05:571][  0]LogMeshUtilities: No automatic mesh reduction module available
[2016.05.28-22.11.05:571][  0]LogMeshUtilities: No automatic mesh merging module available
[2016.05.28-22.11.05:783][  0]LogInit: WinSock: version 1.1 (2.2), MaxSocks=32767, MaxUdp=65467
[2016.05.28-22.11.06:502][  0]UdpMessaging: Initializing bridge on interface 0.0.0.0:0 to multicast group 230.0.0.1:6666.
[2016.05.28-22.11.06:599][  0]LogAssetRegistry: FAssetRegistry took 0.0109 seconds to start up
[2016.05.28-22.11.06:768][  0]SourceControl: Info Source control is disabled
[2016.05.28-22.11.06:769][  0]SourceControl: Info Source control is disabled
[2016.05.28-22.11.06:786][  0]SourceControl: Info Source control is disabled
[2016.05.28-22.11.06:800][  0]SourceControl: Info Source control is disabled
[2016.05.28-22.11.07:095][  0]LogObj: 28633 objects as part of root set at end of initial load.
[2016.05.28-22.11.07:095][  0]LogUObjectAllocator: 6099744 out of 0 bytes used by permanent object pool.
[2016.05.28-22.11.07:149][  0]LogEngine: Initializing Engine...
[2016.05.28-22.11.07:152][  0]LogHMD: Can't find Oculus library dev build: is proper Runtime installed? Version: 0.8.0.0
[2016.05.28-22.11.07:153][  0]LogHMD: SteamVR failed to initialize.  Err: 110
[2016.05.28-22.11.07:266][  0]LogAIModule: Creating AISystem for world NewWorld
[2016.05.28-22.11.07:271][  0]LogInit: XAudio2 using 'Speakers (Realtek High Definition Audio)' : 2 channels at 48 kHz using 32 bits per sample (channel mask 0x3)
[2016.05.28-22.11.07:297][  0]LogInit: FAudioDevice initialized.
[2016.05.28-22.11.07:315][  0]LogDerivedDataCache: Saved boot cache 0.02s 41MB C:/Users/Johan/AppData/Local/UnrealEngine/4.10/DerivedDataCache/Boot.ddc.
[2016.05.28-22.11.07:322][  0]LogInit: Texture streaming: Enabled
[2016.05.28-22.11.07:328][  0]LogAnalytics: Creating configured Analytics provider AnalyticsET
[2016.05.28-22.11.07:328][  0]LogAnalytics: [UEEditor.Rocket.Release] APIServer = http://et2.epicgames.com/ET2/. AppVersion = 4.10.4-2872498+++depot+UE4-Releases+4.10
[2016.05.28-22.11.07:328][  0]LogAnalytics: [UEEditor.Rocket.Release] SetUserId e13f53c54a08433fc09043aa962b451a|75ba5683578c43329a0522a4b145a097|e6dac55f-4bf9-412a-b229-53d1a5ef9356
[2016.05.28-22.11.07:328][  0]LogAnalytics: [UEEditor.Rocket.Release] AnalyticsET::StartSession
[2016.05.28-22.11.07:338][  0]LogInit: Transaction tracking system initialized
[2016.05.28-22.11.07:367][  0]BlueprintLog: New page: Editor Load
[2016.05.28-22.11.07:450][  0]LocalizationService: Info Localization service is disabled
[2016.05.28-22.11.07:529][  0]LogConsoleResponse:Display: 
[2016.05.28-22.11.07:637][  0]LogCook:Display: Done creating registry. It took  0.00s.
[2016.05.28-22.11.07:702][  0]LogFileCache: Scanning file cache for directory 'C:/Users/Johan/Documents/GitHub/Runner/Content/' took 0.01s
[2016.05.28-22.11.07:702][  0]SourceControl: Info Source control is disabled
[2016.05.28-22.11.07:703][  0]Cmd: MAP LOAD FILE="../../../../../../Users/Johan/Documents/GitHub/Runner/Content/RunnerAssets/RunnerMap.umap" TEMPLATE=0 SHOWPROGRESS=1 FEATURELEVEL=3
[2016.05.28-22.11.07:703][  0]LightingResults: New page: Lighting Build
[2016.05.28-22.11.07:706][  0]MapCheck: New page: Map Check
[2016.05.28-22.11.07:706][  0]LightingResults: New page: Lighting Build
[2016.05.28-22.11.07:719][  0]LogParticles: Destroying 0 GPU particle simulations for FXSystem 0x0000023E6890BB00
[2016.05.28-22.11.09:456][  0]LogAIModule: Creating AISystem for world RunnerMap
[2016.05.28-22.11.09:491][  0]LogEditorServer: Finished looking for orphan Actors (0.000 secs)
[2016.05.28-22.11.09:491][  0]Cmd: MAP CHECKDEP NOCLEARLOG
[2016.05.28-22.11.09:559][  0]MapCheck: Info Map check complete: 0 Error(s), 0 Warning(s), took 68.017ms to complete.
[2016.05.28-22.11.09:559][  0]LogFileHelpers: Loading map 'RunnerMap' took 1.857
[2016.05.28-22.11.09:665][  0]LogCollectionManager: Loaded 0 collections in 0.002205 seconds
[2016.05.28-22.11.09:703][  0]LogFileCache: Scanning file cache for directory 'C:/Users/Johan/Documents/GitHub/Runner/Saved/Collections/' took 0.01s
[2016.05.28-22.11.09:704][  0]LogFileCache: Scanning file cache for directory 'C:/Users/Johan/Documents/GitHub/Runner/Content/Developers/Johan/Collections/' took 0.01s
[2016.05.28-22.11.09:704][  0]LogFileCache: Scanning file cache for directory 'C:/Users/Johan/Documents/GitHub/Runner/Content/Collections/' took 0.01s
[2016.05.28-22.11.09:704][  0]LogCollectionManager: Rebuilt the GUID cache for 0 collections in 0.000002 seconds
[2016.05.28-22.11.09:711][  0]LogContentBrowser: Native class hierarchy populated in 0.0078 seconds. Added 1893 classes and 338 folders.
[2016.05.28-22.11.09:718][  0]LogContentBrowser: Native class hierarchy updated for 'WidgetCarousel' in 0.0003 seconds. Added 0 classes and 0 folders.
[2016.05.28-22.11.09:762][  0]LogContentBrowser: Native class hierarchy updated for 'AddContentDialog' in 0.0003 seconds. Added 0 classes and 0 folders.
[2016.05.28-22.11.09:766][  0]LogContentBrowser: Native class hierarchy updated for 'SceneOutliner' in 0.0003 seconds. Added 1 classes and 2 folders.
[2016.05.28-22.11.09:785][  0]LogCrashTracker: Crashtracker disabled due to settings.
[2016.05.28-22.11.09:789][  0]LogUObjectGlobals:Warning: Failed to find object 'Class None.'
[2016.05.28-22.11.09:811][  0]LogLoad: Full Startup: 6.67 seconds (BP compile: 0.55 seconds)
[2016.05.28-22.11.09:820][  0]LogWindowsTextInputMethodSystem:Display: IME system now deactivated.
[2016.05.28-22.11.09:821][  0]LogWindowsTextInputMethodSystem:Display: IME system now deactivated.
[2016.05.28-22.11.09:823][  0]LogOcInput: Can't find Oculus library dev build: is proper Runtime installed? Version: 0.8.0.0
[2016.05.28-22.11.09:870][  0]LogContentStreaming: Texture pool size now 1000 MB
[2016.05.28-22.11.10:009][  0]LogRenderer: Reallocating scene render targets to support 1200x640 (Frame:2).
[2016.05.28-22.11.10:550][ 12]LogAssetRegistry: Asset discovery search completed in 3.9618 seconds
[2016.05.28-22.11.10:550][ 12]LogCollectionManager: Rebuilt the object cache for 0 collections in 0.000001 seconds (found 0 objects)
[2016.05.28-22.11.10:550][ 12]LogCollectionManager: Fixed up redirectors for 0 collections in 0.000019 seconds (updated 0 objects)
[2016.05.28-22.11.17:976][873]LogBlueprintUserMessages: Early PlayInEditor Detection: Level '/Game/RunnerAssets/RunnerMap.RunnerMap:PersistentLevel' has LevelScriptBlueprint '/Game/RunnerAssets/RunnerMap.RunnerMap:PersistentLevel.RunnerMap' with GeneratedClass '/Game/RunnerAssets/RunnerMap.RunnerMap_C' with ClassGeneratedBy '/Game/RunnerAssets/RunnerMap.RunnerMap:PersistentLevel.RunnerMap'
[2016.05.28-22.11.17:976][873]LogPlayLevel: PlayLevel: No blueprints needed recompiling
[2016.05.28-22.11.17:976][873]PIE: New page: PIE session: RunnerMap (May 29, 2016, 2:11:17 AM)
[2016.05.28-22.11.17:976][873]LogPlayLevel: Creating play world package: /Game/RunnerAssets/UEDPIE_0_RunnerMap
[2016.05.28-22.11.18:008][873]LogPlayLevel: PIE: StaticDuplicateObject took: (0.031556s)
[2016.05.28-22.11.18:009][873]LogAIModule: Creating AISystem for world RunnerMap
[2016.05.28-22.11.18:009][873]LogPlayLevel: PIE: World Init took: (0.001127s)
[2016.05.28-22.11.18:009][873]LogPlayLevel: PIE: Created PIE world by copying editor world from /Game/RunnerAssets/RunnerMap.RunnerMap to /Game/RunnerAssets/UEDPIE_0_RunnerMap.RunnerMap (0.033073s)
[2016.05.28-22.11.18:076][873]LogInit: XAudio2 using 'Speakers (Realtek High Definition Audio)' : 2 channels at 48 kHz using 32 bits per sample (channel mask 0x3)
[2016.05.28-22.11.18:086][873]LogInit: FAudioDevice initialized.
[2016.05.28-22.11.18:189][873]LogLinker:Warning: Can't find file '/Game/SideScrollerBP/Blueprints/SideScrollerGameMode'
[2016.05.28-22.11.18:190][873]LogLinker:Warning: Can't find file '/Game/SideScrollerBP/Blueprints/SideScrollerGameMode'
[2016.05.28-22.11.18:190][873]LogUObjectGlobals:Warning: Failed to find object 'Class /Game/SideScrollerBP/Blueprints/SideScrollerGameMode.SideScrollerGameMode_C'
[2016.05.28-22.11.18:190][873]LogWorld: Game class is 'GameMode'
[2016.05.28-22.11.18:204][873]LogWorld: Bringing World /Game/RunnerAssets/UEDPIE_0_RunnerMap.RunnerMap up for play (max tick rate 0) at 2016.05.29-00.11.18
[2016.05.28-22.11.18:204][873]LogActor:Warning: GameSession /Game/RunnerAssets/UEDPIE_0_RunnerMap.RunnerMap:PersistentLevel.GameSession_0 has natively added scene component(s), but none of them were set as the actor's RootComponent - picking one arbitrarily
[2016.05.28-22.11.18:204][873]LogActor:Warning: GameNetworkManager /Game/RunnerAssets/UEDPIE_0_RunnerMap.RunnerMap:PersistentLevel.GameNetworkManager_0 has natively added scene component(s), but none of them were set as the actor's RootComponent - picking one arbitrarily
[2016.05.28-22.11.18:205][873]LogWorld: Bringing up level for play took: 0.013378
[2016.05.28-22.11.18:207][873]LogGameMode: Warning - PATHS NOT DEFINED or NO PLAYERSTART with positive rating
[2016.05.28-22.11.18:230][873]PIE: Info Play in editor start time for /Game/RunnerAssets/UEDPIE_0_RunnerMap 1.149
[2016.05.28-22.11.18:231][873]LogBlueprintUserMessages: Late PlayInEditor Detection: Level '/Game/RunnerAssets/RunnerMap.RunnerMap:PersistentLevel' has LevelScriptBlueprint '/Game/RunnerAssets/RunnerMap.RunnerMap:PersistentLevel.RunnerMap' with GeneratedClass '/Game/RunnerAssets/RunnerMap.RunnerMap_C' with ClassGeneratedBy '/Game/RunnerAssets/RunnerMap.RunnerMap:PersistentLevel.RunnerMap'
[2016.05.28-22.11.18:290][874]LogRenderer: Reallocating scene render targets to support 1280x720 (Frame:8).
[2016.05.28-22.12.19:563][ 26]LogCharacterMovement: SideScrollerCharacter_C_1 is stuck and failed to move!
[2016.05.28-22.12.34:446][482]LogScript:Warning: Attempted to get an item from array list out of bounds [4/3]!
[2016.05.28-22.12.34:447][482]LogScript:Warning: Attempted to get an item from array list out of bounds [4/3]!
[2016.05.28-22.12.34:447][482]LogScript:Warning: Attempted to get an item from array list out of bounds [4/3]!
[2016.05.28-22.12.34:533][482]LogPackageName: SearchForPackageOnDisk took   0.085s to resolve Death.umap.
[2016.05.28-22.12.34:617][483]LogPackageName: SearchForPackageOnDisk took   0.072s to resolve Death.umap.
[2016.05.28-22.12.34:617][483]LogNet: Browse: /Game/RunnerAssets/Death
[2016.05.28-22.12.34:618][483]LogLoad: LoadMap: /Game/RunnerAssets/Death
[2016.05.28-22.12.34:680][483]LogParticles: Destroying 0 GPU particle simulations for FXSystem 0x0000023E74B6B2E0
[2016.05.28-22.12.34:692][483]Cmd: MEM
[2016.05.28-22.12.34:706][483]LogMemory: Platform Memory Stats for Windows
[2016.05.28-22.12.34:706][483]LogMemory: Process Physical Memory: 869.80 MB used, 869.80 MB peak
[2016.05.28-22.12.34:706][483]LogMemory: Process Virtual Memory: 1441.17 MB used, 1605.24 MB peak
[2016.05.28-22.12.34:707][483]LogMemory: Physical Memory: 8038.88 MB used, 16337.33 MB total
[2016.05.28-22.12.34:707][483]LogMemory: Virtual Memory: 2287.80 MB used, 134217728.00 MB total
[2016.05.28-22.12.34:707][483]LogMemory: 
[2016.05.28-22.12.34:707][483]Allocator Stats for TBB: (not implemented)
[2016.05.28-22.12.35:005][483]LogAIModule: Creating AISystem for world Death
[2016.05.28-22.12.35:006][483]LogLinker:Warning: Can't find file '/Game/SideScrollerBP/Blueprints/SideScrollerGameMode'
[2016.05.28-22.12.35:006][483]LogLinker:Warning: Can't find file '/Game/SideScrollerBP/Blueprints/SideScrollerGameMode'
[2016.05.28-22.12.35:006][483]LogUObjectGlobals:Warning: Failed to find object 'Class /Game/SideScrollerBP/Blueprints/SideScrollerGameMode.SideScrollerGameMode_C'
[2016.05.28-22.12.35:006][483]LogWorld: Game class is 'GameMode'
[2016.05.28-22.12.35:007][483]LogWorld: Bringing World /Game/RunnerAssets/UEDPIE_0_Death.Death up for play (max tick rate 0) at 2016.05.29-00.12.35
[2016.05.28-22.12.35:007][483]LogActor:Warning: GameSession /Game/RunnerAssets/UEDPIE_0_Death.Death:PersistentLevel.GameSession_1 has natively added scene component(s), but none of them were set as the actor's RootComponent - picking one arbitrarily
[2016.05.28-22.12.35:007][483]LogActor:Warning: GameNetworkManager /Game/RunnerAssets/UEDPIE_0_Death.Death:PersistentLevel.GameNetworkManager_1 has natively added scene component(s), but none of them were set as the actor's RootComponent - picking one arbitrarily
[2016.05.28-22.12.35:008][483]LogWorld: Bringing up level for play took: 0.000965
[2016.05.28-22.12.35:008][483]LogGameMode: Warning - PATHS NOT DEFINED or NO PLAYERSTART with positive rating
[2016.05.28-22.16.34:134][102]LogBlueprintUserMessages: Early EndPlayMap Detection: Level '/Game/RunnerAssets/RunnerMap.RunnerMap:PersistentLevel' has LevelScriptBlueprint '/Game/RunnerAssets/RunnerMap.RunnerMap:PersistentLevel.RunnerMap' with GeneratedClass '/Game/RunnerAssets/RunnerMap.RunnerMap_C' with ClassGeneratedBy '/Game/RunnerAssets/RunnerMap.RunnerMap:PersistentLevel.RunnerMap'
[2016.05.28-22.16.34:188][102]LogBlueprintUserMessages: Late EndPlayMap Detection: Level '/Game/RunnerAssets/RunnerMap.RunnerMap:PersistentLevel' has LevelScriptBlueprint '/Game/RunnerAssets/RunnerMap.RunnerMap:PersistentLevel.RunnerMap' with GeneratedClass '/Game/RunnerAssets/RunnerMap.RunnerMap_C' with ClassGeneratedBy '/Game/RunnerAssets/RunnerMap.RunnerMap:PersistentLevel.RunnerMap'
[2016.05.28-22.16.34:215][102]LogParticles: Destroying 0 GPU particle simulations for FXSystem 0x0000023E6D6F4220
[2016.05.28-22.17.37:551][544]LogActorComponent: UnregisterComponent: (/Engine/Transient.SphereBrushComponent) Not registered. Aborting.
[2016.05.28-22.17.50:044][373]LogTexture:Display: Building textures: Texture2D_2 (G8)
[2016.05.28-22.19.12:927][899]Cmd: QUIT_EDITOR
[2016.05.28-22.19.13:179][899]LogWindowsTextInputMethodSystem:Display: IME system now deactivated.
[2016.05.28-22.19.13:179][899]LogWindowsTextInputMethodSystem:Display: IME system now deactivated.
[2016.05.28-22.19.13:237][899]LogExit: Preparing to exit.
[2016.05.28-22.24.14:041][899]LogExit: Editor shut down
[2016.05.28-22.24.14:041][899]LogExit: Transaction tracking system shut down
[2016.05.28-22.24.14:050][899]LogParticles: Destroying 0 GPU particle simulations for FXSystem 0x0000023E70DD02C0
[2016.05.28-22.24.14:051][899]LogParticles: Destroying 0 GPU particle simulations for FXSystem 0x0000023E74CEF880
[2016.05.28-22.24.14:051][899]LogParticles: Destroying 0 GPU particle simulations for FXSystem 0x0000023E74E5B240
[2016.05.28-22.24.14:051][899]LogParticles: Destroying 0 GPU particle simulations for FXSystem 0x0000023E74BF62A0
[2016.05.28-22.24.14:209][899]LogExit: Object subsystem successfully closed.
[2016.05.28-22.24.14:222][899]LogD3D11RHI: Shutdown
[2016.05.28-22.24.14:222][899]LogD3D11RHI: CleanupD3DDevice
[2016.05.28-22.24.14:298][899]LogD3D11RHI: ~FD3D11DynamicRHI
[2016.05.28-22.24.14:316][899]LogModuleManager: Shutting down and abandoning module CrashTracker (198)
[2016.05.28-22.24.14:316][899]LogModuleManager: Shutting down and abandoning module SceneOutliner (197)
[2016.05.28-22.24.14:316][899]LogModuleManager: Shutting down and abandoning module SuperSearch (196)
[2016.05.28-22.24.14:316][899]LogModuleManager: Shutting down and abandoning module WidgetCarousel (195)
[2016.05.28-22.24.14:316][899]LogModuleManager: Shutting down and abandoning module AddContentDialog (194)
[2016.05.28-22.24.14:318][899]LogModuleManager: Shutting down and abandoning module EditorWidgets (193)
[2016.05.28-22.24.14:318][899]LogModuleManager: Shutting down and abandoning module CollectionManager (192)
[2016.05.28-22.24.14:319][899]LogModuleManager: Shutting down and abandoning module StatsViewer (191)
[2016.05.28-22.24.14:319][899]LogModuleManager: Shutting down and abandoning module FoliageEdit (190)
[2016.05.28-22.24.14:319][899]LogModuleManager: Shutting down and abandoning module LandscapeEditor (189)
[2016.05.28-22.24.14:319][899]LogModuleManager: Shutting down and abandoning module ActorPickerMode (188)
[2016.05.28-22.24.14:319][899]LogModuleManager: Shutting down and abandoning module GeometryMode (187)
[2016.05.28-22.24.14:319][899]LogModuleManager: Shutting down and abandoning module TextureAlignMode (186)
[2016.05.28-22.24.14:319][899]LogModuleManager: Shutting down and abandoning module BspMode (185)
[2016.05.28-22.24.14:319][899]LogModuleManager: Shutting down and abandoning module PlacementMode (184)
[2016.05.28-22.24.14:319][899]LogModuleManager: Shutting down and abandoning module AutomationWorker (183)
[2016.05.28-22.24.14:319][899]LogModuleManager: Shutting down and abandoning module CharacterAI (182)
[2016.05.28-22.24.14:319][899]LogModuleManager: Shutting down and abandoning module SmartSnapping (181)
[2016.05.28-22.24.14:319][899]LogModuleManager: Shutting down and abandoning module ViewportSnapping (180)
[2016.05.28-22.24.14:319][899]LogModuleManager: Shutting down and abandoning module LogVisualizer (179)
[2016.05.28-22.24.14:320][899]LogModuleManager: Shutting down and abandoning module GameProjectGeneration (178)
[2016.05.28-22.24.14:320][899]LogModuleManager: Shutting down and abandoning module IntroTutorials (177)
[2016.05.28-22.24.14:320][899]LogModuleManager: Shutting down and abandoning module EditorLiveStreaming (176)
[2016.05.28-22.24.14:320][899]LogModuleManager: Shutting down and abandoning module IOSPlatformEditor (175)
[2016.05.28-22.24.14:320][899]LogModuleManager: Shutting down and abandoning module HTML5PlatformEditor (174)
[2016.05.28-22.24.14:320][899]LogModuleManager: Shutting down and abandoning module AndroidDeviceDetection (173)
[2016.05.28-22.24.14:719][899]LogModuleManager: Shutting down and abandoning module AndroidPlatformEditor (172)
[2016.05.28-22.24.14:719][899]LogModuleManager: Shutting down and abandoning module IOSRuntimeSettings (171)
[2016.05.28-22.24.14:719][899]LogModuleManager: Shutting down and abandoning module AndroidRuntimeSettings (170)
[2016.05.28-22.24.14:719][899]LogModuleManager: Shutting down and abandoning module MergeActors (169)
[2016.05.28-22.24.14:719][899]LogModuleManager: Shutting down and abandoning module SizeMap (168)
[2016.05.28-22.24.14:719][899]LogModuleManager: Shutting down and abandoning module TreeMap (167)
[2016.05.28-22.24.14:719][899]LogModuleManager: Shutting down and abandoning module ReferenceViewer (166)
[2016.05.28-22.24.14:719][899]LogModuleManager: Shutting down and abandoning module LocalizationService (165)
[2016.05.28-22.24.14:719][899]LogModuleManager: Shutting down and abandoning module LocalizationDashboard (164)
[2016.05.28-22.24.14:719][899]LogModuleManager: Shutting down and abandoning module HardwareTargeting (163)
[2016.05.28-22.24.14:719][899]LogModuleManager: Shutting down and abandoning module DeviceProfileEditor (162)
[2016.05.28-22.24.14:719][899]LogModuleManager: Shutting down and abandoning module UndoHistory (161)
[2016.05.28-22.24.14:719][899]LogModuleManager: Shutting down and abandoning module GameplayTagsEditor (160)
[2016.05.28-22.24.14:719][899]LogModuleManager: Shutting down and abandoning module UserFeedback (159)
[2016.05.28-22.24.14:719][899]LogModuleManager: Shutting down and abandoning module XmlParser (158)
[2016.05.28-22.24.14:719][899]LogModuleManager: Shutting down and abandoning module Blutility (157)
[2016.05.28-22.24.14:719][899]LogModuleManager: Shutting down and abandoning module ProjectTargetPlatformEditor (156)
[2016.05.28-22.24.14:719][899]LogModuleManager: Shutting down and abandoning module ProjectSettingsViewer (155)
[2016.05.28-22.24.14:719][899]LogModuleManager: Shutting down and abandoning module InputBindingEditor (154)
[2016.05.28-22.24.14:720][899]LogModuleManager: Shutting down and abandoning module EditorSettingsViewer (153)
[2016.05.28-22.24.14:720][899]LogModuleManager: Shutting down and abandoning module SettingsEditor (152)
[2016.05.28-22.24.14:720][899]LogModuleManager: Shutting down and abandoning module ProjectLauncher (151)
[2016.05.28-22.24.14:720][899]LogModuleManager: Shutting down and abandoning module SessionFrontend (150)
[2016.05.28-22.24.14:720][899]LogModuleManager: Shutting down and abandoning module ProfilerClient (149)
[2016.05.28-22.24.14:720][899]LogModuleManager: Shutting down and abandoning module TargetDeviceServices (148)
[2016.05.28-22.24.14:720][899]LogModuleManager: Shutting down and abandoning module DeviceManager (147)
[2016.05.28-22.24.14:720][899]LogModuleManager: Shutting down and abandoning module AutomationController (146)
[2016.05.28-22.24.14:720][899]LogModuleManager: Shutting down and abandoning module AutomationWindow (145)
[2016.05.28-22.24.14:720][899]LogModuleManager: Shutting down and abandoning module Layers (144)
[2016.05.28-22.24.14:720][899]LogModuleManager: Shutting down and abandoning module ComponentVisualizers (143)
[2016.05.28-22.24.14:720][899]LogModuleManager: Shutting down and abandoning module DetailCustomizations (142)
[2016.05.28-22.24.14:720][899]LogModuleManager: Shutting down and abandoning module PackagesDialog (141)
[2016.05.28-22.24.14:720][899]LogModuleManager: Shutting down and abandoning module Persona (140)
[2016.05.28-22.24.14:720][899]LogModuleManager: Shutting down and abandoning module Kismet (139)
[2016.05.28-22.24.14:720][899]LogModuleManager: Shutting down and abandoning module GraphEditor (138)
[2016.05.28-22.24.14:721][899]LogModuleManager: Shutting down and abandoning module ClassViewer (137)
[2016.05.28-22.24.14:721][899]LogModuleManager: Shutting down and abandoning module Toolbox (136)
[2016.05.28-22.24.14:721][899]LogModuleManager: Shutting down and abandoning module ModuleUI (135)
[2016.05.28-22.24.14:721][899]LogModuleManager: Shutting down and abandoning module MovieSceneTools (134)
[2016.05.28-22.24.14:721][899]LogModuleManager: Shutting down and abandoning module OutputLog (133)
[2016.05.28-22.24.14:721][899]LogModuleManager: Shutting down and abandoning module GammaUI (132)
[2016.05.28-22.24.14:721][899]LogModuleManager: Shutting down and abandoning module Documentation (131)
[2016.05.28-22.24.14:721][899]LogModuleManager: Shutting down and abandoning module GameLiveStreaming (130)
[2016.05.28-22.24.14:721][899]LogModuleManager: Shutting down and abandoning module StreamingPauseRendering (129)
[2016.05.28-22.24.14:721][899]LogModuleManager: Shutting down and abandoning module AnalyticsET (128)
[2016.05.28-22.24.14:721][899]LogModuleManager: Shutting down and abandoning module Analytics (127)
[2016.05.28-22.24.14:721][899]LogModuleManager: Shutting down and abandoning module AITestSuite (126)
[2016.05.28-22.24.14:721][899]LogModuleManager: Shutting down and abandoning module GameplayDebugger (125)
[2016.05.28-22.24.14:721][899]LogModuleManager: Shutting down and abandoning module AIModule (124)
[2016.05.28-22.24.14:721][899]LogModuleManager: Shutting down and abandoning module ProfilerService (123)
[2016.05.28-22.24.14:869][899]LogModuleManager: Shutting down and abandoning module TaskGraph (122)
[2016.05.28-22.24.14:869][899]LogModuleManager: Shutting down and abandoning module SlateRemote (121)
[2016.05.28-22.24.14:869][899]LogModuleManager: Shutting down and abandoning module SteamVRController (120)
[2016.05.28-22.24.14:869][899]LogModuleManager: Shutting down and abandoning module SteamVR (119)
[2016.05.28-22.24.14:869][899]LogModuleManager: Shutting down and abandoning module ProceduralMeshComponent (118)
[2016.05.28-22.24.14:869][899]LogModuleManager: Shutting down and abandoning module OculusLibrary (117)
[2016.05.28-22.24.14:869][899]LogModuleManager: Shutting down and abandoning module OculusInput (116)
[2016.05.28-22.24.14:869][899]LogModuleManager: Shutting down and abandoning module LeapMotionController (115)
[2016.05.28-22.24.14:895][899]LogModuleManager: Shutting down and abandoning module CustomMeshComponent (114)
[2016.05.28-22.24.14:895][899]LogModuleManager: Shutting down and abandoning module CableComponent (113)
[2016.05.28-22.24.14:895][899]LogModuleManager: Shutting down and abandoning module ArchVisCharacter (112)
[2016.05.28-22.24.14:895][899]LogModuleManager: Shutting down and abandoning module MessagingDebugger (111)
[2016.05.28-22.24.14:895][899]LogModuleManager: Shutting down and abandoning module MediaPlayerEditor (110)
[2016.05.28-22.24.14:895][899]LogModuleManager: Shutting down and abandoning module HTML5Networking (109)
[2016.05.28-22.24.14:895][899]LogModuleManager: Shutting down and abandoning module SpeedTreeImporter (108)
[2016.05.28-22.24.14:895][899]LogModuleManager: Shutting down and abandoning module PluginBrowser (107)
[2016.05.28-22.24.14:895][899]LogModuleManager: Shutting down and abandoning module EpicSurvey (106)
[2016.05.28-22.24.14:895][899]LogModuleManager: Shutting down and abandoning module DesktopPlatform (105)
[2016.05.28-22.24.14:895][899]LogModuleManager: Shutting down and abandoning module VisualStudioSourceCodeAccess (104)
[2016.05.28-22.24.14:895][899]LogModuleManager: Shutting down and abandoning module UObjectPlugin (103)
[2016.05.28-22.24.14:895][899]LogModuleManager: Shutting down and abandoning module SubversionSourceControl (102)
[2016.05.28-22.24.14:895][899]LogModuleManager: Shutting down and abandoning module PerforceSourceControl (101)
[2016.05.28-22.24.14:895][899]LogModuleManager: Shutting down and abandoning module SourceControl (100)
[2016.05.28-22.24.14:895][899]LogModuleManager: Shutting down and abandoning module GitSourceControl (99)
[2016.05.28-22.24.14:895][899]LogModuleManager: Shutting down and abandoning module LightPropagationVolumeEditor (98)
[2016.05.28-22.24.14:895][899]LogModuleManager: Shutting down and abandoning module PaperTiledImporter (97)
[2016.05.28-22.24.14:895][899]LogModuleManager: Shutting down and abandoning module PaperSpriteSheetImporter (96)
[2016.05.28-22.24.14:895][899]LogModuleManager: Shutting down and abandoning module MeshPaint (95)
[2016.05.28-22.24.14:895][899]LogModuleManager: Shutting down and abandoning module SlateReflector (94)
[2016.05.28-22.24.14:895][899]LogModuleManager: Shutting down and abandoning module HotReload (93)
[2016.05.28-22.24.14:896][899]LogModuleManager: Shutting down and abandoning module MainFrame (92)
[2016.05.28-22.24.14:896][899]LogModuleManager: Shutting down and abandoning module LevelEditor (91)
[2016.05.28-22.24.14:897][899]LogModuleManager: Shutting down and abandoning module DirectoryWatcher (90)
[2016.05.28-22.24.14:898][899]LogModuleManager: Shutting down and abandoning module AssetRegistry (89)
[2016.05.28-22.24.14:964][899]LogModuleManager: Shutting down and abandoning module ContentBrowser (88)
[2016.05.28-22.24.14:965][899]LogModuleManager: Shutting down and abandoning module Paper2DEditor (87)
[2016.05.28-22.24.14:965][899]LogModuleManager: Shutting down and abandoning module UdpMessaging (86)
[2016.05.28-22.24.15:065][899]LogModuleManager: Shutting down and abandoning module LightPropagationVolumeRuntime (85)
[2016.05.28-22.24.15:065][899]LogModuleManager: Shutting down and abandoning module Paper2D (84)
[2016.05.28-22.24.15:065][899]LogModuleManager: Shutting down and abandoning module WindowsMoviePlayer (83)
[2016.05.28-22.24.15:071][899]LogModuleManager: Shutting down and abandoning module Media (82)
[2016.05.28-22.24.15:071][899]LogModuleManager: Shutting down and abandoning module WmfMedia (81)
[2016.05.28-22.24.15:071][899]LogModuleManager: Shutting down and abandoning module OnlineBlueprintSupport (80)
[2016.05.28-22.24.15:071][899]LogModuleManager: Shutting down and abandoning module GameplayTasksEditor (79)
[2016.05.28-22.24.15:071][899]LogModuleManager: Shutting down and abandoning module PropertyEditor (78)
[2016.05.28-22.24.15:071][899]LogModuleManager: Shutting down and abandoning module BehaviorTreeEditor (77)
[2016.05.28-22.24.15:072][899]LogModuleManager: Shutting down and abandoning module FunctionalTesting (76)
[2016.05.28-22.24.15:072][899]LogModuleManager: Shutting down and abandoning module CollisionAnalyzer (75)
[2016.05.28-22.24.15:072][899]LogModuleManager: Shutting down and abandoning module WorkspaceMenuStructure (74)
[2016.05.28-22.24.15:072][899]LogModuleManager: Shutting down and abandoning module MessageLog (73)
[2016.05.28-22.24.15:072][899]LogModuleManager: Shutting down and abandoning module Sequencer (72)
[2016.05.28-22.24.15:072][899]LogModuleManager: Shutting down and abandoning module AssetTools (71)
[2016.05.28-22.24.15:072][899]LogModuleManager: Shutting down and abandoning module UMGEditor (70)
[2016.05.28-22.24.15:072][899]LogModuleManager: Shutting down and abandoning module UMG (69)
[2016.05.28-22.24.15:072][899]LogModuleManager: Shutting down and abandoning module Slate (68)
[2016.05.28-22.24.15:072][899]LogModuleManager: Shutting down and abandoning module EditorStyle (67)
[2016.05.28-22.24.15:076][899]LogModuleManager: Shutting down and abandoning module SessionServices (66)
[2016.05.28-22.24.15:076][899]LogModuleManager: Shutting down and abandoning module SourceCodeAccess (65)
[2016.05.28-22.24.15:076][899]LogModuleManager: Shutting down and abandoning module HeadMountedDisplay (64)
[2016.05.28-22.24.15:076][899]LogModuleManager: Shutting down and abandoning module XAudio2 (63)
[2016.05.28-22.24.15:076][899]LogModuleManager: Shutting down and abandoning module Networking (61)
[2016.05.28-22.24.15:076][899]LogModuleManager: Shutting down and abandoning module Core (60)
[2016.05.28-22.24.15:076][899]LogModuleManager: Shutting down and abandoning module KismetCompiler (59)
[2016.05.28-22.24.15:076][899]LogModuleManager: Shutting down and abandoning module PhysXFormats (58)
[2016.05.28-22.24.15:077][899]LogModuleManager: Shutting down and abandoning module MeshUtilities (57)
[2016.05.28-22.24.15:077][899]LogModuleManager: Shutting down and abandoning module DerivedDataCache (56)
[2016.05.28-22.24.15:153][899]LogDerivedDataCache: Shutdown
[2016.05.28-22.24.15:153][899]LogModuleManager: Shutting down and abandoning module ShaderFormatOpenGL (55)
[2016.05.28-22.24.15:153][899]LogModuleManager: Shutting down and abandoning module ShaderFormatD3D (54)
[2016.05.28-22.24.15:153][899]LogModuleManager: Shutting down and abandoning module MetalShaderFormat (53)
[2016.05.28-22.24.15:153][899]LogModuleManager: Shutting down and abandoning module TextureFormatUncompressed (52)
[2016.05.28-22.24.15:153][899]LogModuleManager: Shutting down and abandoning module TextureFormatPVR (51)
[2016.05.28-22.24.15:153][899]LogModuleManager: Shutting down and abandoning module TextureFormatIntelISPCTexComp (50)
[2016.05.28-22.24.15:153][899]LogModuleManager: Shutting down and abandoning module TextureFormatDXT (49)
[2016.05.28-22.24.15:153][899]LogModuleManager: Shutting down and abandoning module ImageWrapper (48)
[2016.05.28-22.24.15:153][899]LogModuleManager: Shutting down and abandoning module TextureFormatASTC (47)
[2016.05.28-22.24.15:154][899]LogModuleManager: Shutting down and abandoning module TextureFormatAndroid (46)
[2016.05.28-22.24.15:154][899]LogModuleManager: Shutting down and abandoning module AudioFormatOpus (45)
[2016.05.28-22.24.15:154][899]LogModuleManager: Shutting down and abandoning module AudioFormatOgg (44)
[2016.05.28-22.24.15:154][899]LogModuleManager: Shutting down and abandoning module AudioFormatADPCM (43)
[2016.05.28-22.24.15:154][899]LogModuleManager: Shutting down and abandoning module LinuxTargetPlatform (42)
[2016.05.28-22.24.15:154][899]LogModuleManager: Shutting down and abandoning module LinuxServerTargetPlatform (41)
[2016.05.28-22.24.15:154][899]LogModuleManager: Shutting down and abandoning module LinuxNoEditorTargetPlatform (40)
[2016.05.28-22.24.15:154][899]LogModuleManager: Shutting down and abandoning module Messaging (39)
[2016.05.28-22.24.15:154][899]LogModuleManager: Shutting down and abandoning module IOSTargetPlatform (38)
[2016.05.28-22.24.15:154][899]LogModuleManager: Shutting down and abandoning module HTML5TargetPlatform (37)
[2016.05.28-22.24.15:154][899]LogModuleManager: Shutting down and abandoning module Android_PVRTCTargetPlatform (36)
[2016.05.28-22.24.15:154][899]LogModuleManager: Shutting down and abandoning module Android_MultiTargetPlatform (35)
[2016.05.28-22.24.15:154][899]LogModuleManager: Shutting down and abandoning module Android_ETC2TargetPlatform (34)
[2016.05.28-22.24.15:154][899]LogModuleManager: Shutting down and abandoning module Android_ETC1TargetPlatform (33)
[2016.05.28-22.24.15:154][899]LogModuleManager: Shutting down and abandoning module Android_DXTTargetPlatform (32)
[2016.05.28-22.24.15:154][899]LogModuleManager: Shutting down and abandoning module Android_ATCTargetPlatform (31)
[2016.05.28-22.24.15:154][899]LogModuleManager: Shutting down and abandoning module Android_ASTCTargetPlatform (30)
[2016.05.28-22.24.15:154][899]LogModuleManager: Shutting down and abandoning module AndroidTargetPlatform (29)
[2016.05.28-22.24.15:154][899]LogModuleManager: Shutting down and abandoning module WindowsTargetPlatform (28)
[2016.05.28-22.24.15:154][899]LogModuleManager: Shutting down and abandoning module WindowsServerTargetPlatform (27)
[2016.05.28-22.24.15:154][899]LogModuleManager: Shutting down and abandoning module WindowsNoEditorTargetPlatform (26)
[2016.05.28-22.24.15:154][899]LogModuleManager: Shutting down and abandoning module WindowsClientTargetPlatform (25)
[2016.05.28-22.24.15:154][899]LogModuleManager: Shutting down and abandoning module AllDesktopTargetPlatform (24)
[2016.05.28-22.24.15:154][899]LogModuleManager: Shutting down and abandoning module TargetPlatform (23)
[2016.05.28-22.24.15:154][899]LogModuleManager: Shutting down and abandoning module InputCore (22)
[2016.05.28-22.24.15:154][899]LogModuleManager: Shutting down and abandoning module Settings (21)
[2016.05.28-22.24.15:154][899]LogModuleManager: Shutting down and abandoning module OnlineSubsystem (19)
[2016.05.28-22.24.15:154][899]LogModuleManager: Shutting down and abandoning module HTTP (18)
[2016.05.28-22.24.17:156][899]LogModuleManager: Shutting down and abandoning module XMPP (17)
[2016.05.28-22.24.17:156][899]LogModuleManager: Shutting down and abandoning module OculusRift (16)
[2016.05.28-22.24.17:156][899]LogModuleManager: Shutting down and abandoning module ExampleDeviceProfileSelector (15)
[2016.05.28-22.24.17:156][899]LogModuleManager: Shutting down and abandoning module TextureCompressor (14)
[2016.05.28-22.24.17:157][899]LogModuleManager: Shutting down and abandoning module ShaderCore (13)
[2016.05.28-22.24.17:157][899]LogModuleManager: Shutting down and abandoning module Landscape (12)
[2016.05.28-22.24.17:157][899]LogModuleManager: Shutting down and abandoning module SlateRHIRenderer (11)
[2016.05.28-22.24.17:159][899]LogModuleManager: Shutting down and abandoning module OpenGLDrv (10)
[2016.05.28-22.24.17:159][899]LogModuleManager: Shutting down and abandoning module D3D11RHI (9)
[2016.05.28-22.24.17:160][899]LogModuleManager: Shutting down and abandoning module AnimGraphRuntime (8)
[2016.05.28-22.24.17:160][899]LogModuleManager: Shutting down and abandoning module Renderer (7)
[2016.05.28-22.24.17:160][899]LogModuleManager: Shutting down and abandoning module Engine (6)
[2016.05.28-22.24.17:160][899]LogModuleManager: Shutting down and abandoning module CoreUObject (5)
[2016.05.28-22.24.17:160][899]LogModuleManager: Shutting down and abandoning module NetworkFile (4)
[2016.05.28-22.24.17:160][899]LogModuleManager: Shutting down and abandoning module StreamingFile (3)
[2016.05.28-22.24.17:160][899]LogModuleManager: Shutting down and abandoning module SandboxFile (2)
[2016.05.28-22.24.17:160][899]LogModuleManager: Shutting down and abandoning module PakFile (1)
[2016.05.28-22.24.17:162][899]LogExit: Exiting.
[2016.05.28-22.24.17:164][899]Log file closed, 05/29/16 00:24:17
