[2016.02.13-15.38.38:054][  0]Log file open, 02/13/16 16:38:38
[2016.02.13-15.38.38:054][  0]LogInit:Display: Running engine for game: Runner
[2016.02.13-15.38.38:054][  0]LogPlatformFile: Not using cached read wrapper
[2016.02.13-15.38.38:054][  0]LogInit:Display: RandInit(468263904) SRandInit(468263905).
[2016.02.13-15.38.38:054][  0]LogTaskGraph: Started task graph with 4 named threads and 7 total threads.
[2016.02.13-15.38.38:054][  0]LogStats: Stats thread started at 0.074588
[2016.02.13-15.38.38:054][  0]LogInit: Version: 4.10.2-2818068+++depot+UE4-Releases+4.10
[2016.02.13-15.38.38:054][  0]LogInit: API Version: 2758231
[2016.02.13-15.38.38:054][  0]LogInit: Compiled (64-bit): Jan  6 2016 17:36:42
[2016.02.13-15.38.38:054][  0]LogInit: Compiled with Visual C++: 19.00.23026.00
[2016.02.13-15.38.38:054][  0]LogInit: Build Configuration: Development
[2016.02.13-15.38.38:054][  0]LogInit: Branch Name: ++depot+UE4-Releases+4.10
[2016.02.13-15.38.38:054][  0]LogInit: Command line:  
[2016.02.13-15.38.38:054][  0]LogInit: Base directory: C:/Program Files/Epic Games/4.10/Engine/Binaries/Win64/
[2016.02.13-15.38.38:054][  0]LogInit: Rocket: 1
[2016.02.13-15.38.38:060][  0]LogInit: Using libcurl 7.41.0
[2016.02.13-15.38.38:060][  0]LogInit:  - built for x86_64-pc-win32
[2016.02.13-15.38.38:060][  0]LogInit:  - supports SSL with WinSSL
[2016.02.13-15.38.38:060][  0]LogInit:  - other features:
[2016.02.13-15.38.38:060][  0]LogInit:      CURL_VERSION_SSL
[2016.02.13-15.38.38:060][  0]LogInit:      CURL_VERSION_IPV6
[2016.02.13-15.38.38:060][  0]LogInit:      CURL_VERSION_ASYNCHDNS
[2016.02.13-15.38.38:060][  0]LogInit:      CURL_VERSION_LARGEFILE
[2016.02.13-15.38.38:060][  0]LogInit:      CURL_VERSION_IDN
[2016.02.13-15.38.38:061][  0]LogInit:  CurlRequestOptions (configurable via config and command line):
[2016.02.13-15.38.38:061][  0]LogInit:  - bVerifyPeer = true  - Libcurl will verify peer certificate
[2016.02.13-15.38.38:061][  0]LogInit:  - bUseHttpProxy = false  - Libcurl will NOT use HTTP proxy
[2016.02.13-15.38.38:061][  0]LogInit:  - bDontReuseConnections = false  - Libcurl will reuse connections
[2016.02.13-15.38.38:061][  0]LogInit:  - CertBundlePath = nullptr  - Libcurl will use whatever was configured at build time.
[2016.02.13-15.38.38:068][  0]LogInit: Presizing for 0 objects not considered by GC, pre-allocating 0 bytes.
[2016.02.13-15.38.38:074][  0]LogInit: Object subsystem initialized
[2016.02.13-15.38.38:075][  0]LogInit: Selected Device Profile: [Windows]
[2016.02.13-15.38.38:075][  0]LogInit: Applying CVar settings loaded from the selected device profile: [Windows]
[2016.02.13-15.38.38:083][  0]LogInit: Computer: JOHANS_MONSTER
[2016.02.13-15.38.38:083][  0]LogInit: User: Johan
[2016.02.13-15.38.38:083][  0]LogInit: CPU Page size=4096, Cores=4
[2016.02.13-15.38.38:083][  0]LogInit: High frequency timer resolution =3.312790 MHz
[2016.02.13-15.38.38:083][  0]LogMemory: Memory total: Physical=16.0GB (16GB approx)
[2016.02.13-15.38.38:083][  0]LogMemory: Platform Memory Stats for Windows
[2016.02.13-15.38.38:083][  0]LogMemory: Process Physical Memory: 56.18 MB used, 56.18 MB peak
[2016.02.13-15.38.38:083][  0]LogMemory: Process Virtual Memory: 58.63 MB used, 58.63 MB peak
[2016.02.13-15.38.38:083][  0]LogMemory: Physical Memory: 3381.43 MB used, 16337.33 MB total
[2016.02.13-15.38.38:083][  0]LogMemory: Virtual Memory: 384.78 MB used, 134217728.00 MB total
[2016.02.13-15.38.38:117][  0]LogTextLocalizationManager: No translations for ('sv-SE') exist, falling back to 'en' for localization and internationalization data.
[2016.02.13-15.38.38:556][  0]LogD3D11RHI: Found D3D11 adapter 0: NVIDIA GeForce GTX 560 SE (Feature Level 11_0)
[2016.02.13-15.38.38:556][  0]LogD3D11RHI: Adapter has 977MB of dedicated video memory, 0MB of dedicated system memory, and 8168MB of shared system memory, 1 output[s]
[2016.02.13-15.38.38:557][  0]LogD3D11RHI: Found D3D11 adapter 1: Microsoft Basic Render Driver (Feature Level 11_0)
[2016.02.13-15.38.38:557][  0]LogD3D11RHI: Adapter has 0MB of dedicated video memory, 0MB of dedicated system memory, and 8168MB of shared system memory, 0 output[s]
[2016.02.13-15.38.38:557][  0]LogD3D11RHI: Chosen D3D11 Adapter Id = 0
[2016.02.13-15.38.38:560][  0]LogD3D11RHI: !Direct3DDevice
[2016.02.13-15.38.38:560][  0]LogRHI: Texture pool is 684 MB (70% of 977 MB)
[2016.02.13-15.38.38:572][  0]LogD3D11RHI: Async texture creation enabled
[2016.02.13-15.38.38:581][  0]LogShaderCompilers: Guid format shader working directory is -7 characters bigger than the processId version (../../../../../../Users/Johan/Documents/GitHub/Runner/Intermediate/Shaders/WorkingDirectory/8556/).
[2016.02.13-15.38.38:582][  0]LogShaderCompilers: Cleaned the shader compiler working directory 'C:/Users/Johan/AppData/Local/Temp/UnrealShaderWorkingDir/7DC7D54D4864561FF1CEE494A97A9F1A/'.
[2016.02.13-15.38.38:582][  0]LogShaderCompilers:Display: Using Local Shader Compiler.
[2016.02.13-15.38.39:354][  0]LogTemp:Display: Loaded TP AllDesktopTargetPlatform
[2016.02.13-15.38.39:359][  0]LogTemp:Display: Loaded TP WindowsClientTargetPlatform
[2016.02.13-15.38.39:364][  0]LogTemp:Display: Loaded TP WindowsNoEditorTargetPlatform
[2016.02.13-15.38.39:369][  0]LogTemp:Display: Loaded TP WindowsServerTargetPlatform
[2016.02.13-15.38.39:373][  0]LogTemp:Display: Loaded TP WindowsTargetPlatform
[2016.02.13-15.38.39:376][  0]LogTemp:Display: Loaded TP AndroidTargetPlatform
[2016.02.13-15.38.39:379][  0]LogTemp:Display: Loaded TP Android_ASTCTargetPlatform
[2016.02.13-15.38.39:381][  0]LogTemp:Display: Loaded TP Android_ATCTargetPlatform
[2016.02.13-15.38.39:384][  0]LogTemp:Display: Loaded TP Android_DXTTargetPlatform
[2016.02.13-15.38.39:387][  0]LogTemp:Display: Loaded TP Android_ETC1TargetPlatform
[2016.02.13-15.38.39:390][  0]LogTemp:Display: Loaded TP Android_ETC2TargetPlatform
[2016.02.13-15.38.39:396][  0]LogTemp:Display: Loaded TP Android_MultiTargetPlatform
[2016.02.13-15.38.39:396][  0]LogTemp:Display: Loaded TP Android_PVRTCTargetPlatform
[2016.02.13-15.38.39:396][  0]LogTemp:Display: Loaded TP HTML5TargetPlatform
[2016.02.13-15.38.39:414][  0]LogTemp:Display: Loaded TP IOSTargetPlatform
[2016.02.13-15.38.39:417][  0]LogTemp:Display: Loaded TP LinuxNoEditorTargetPlatform
[2016.02.13-15.38.39:419][  0]LogTemp:Display: Loaded TP LinuxServerTargetPlatform
[2016.02.13-15.38.39:422][  0]LogTemp:Display: Loaded TP LinuxTargetPlatform
[2016.02.13-15.38.39:422][  0]LogTargetPlatformManager:Display: Building Assets For Windows
[2016.02.13-15.38.39:510][  0]LogDerivedDataCache:Display: Max Cache Size: 512 MB
[2016.02.13-15.38.39:552][  0]LogDerivedDataCache: Loaded boot cache 0.04s 41MB C:/Users/Johan/AppData/Local/UnrealEngine/4.10/DerivedDataCache/Boot.ddc.
[2016.02.13-15.38.39:552][  0]LogDerivedDataCache:Display: Loaded Boot cache: C:/Users/Johan/AppData/Local/UnrealEngine/4.10/DerivedDataCache/Boot.ddc
[2016.02.13-15.38.39:552][  0]LogDerivedDataCache: FDerivedDataBackendGraph:  Pak pak cache file ../../../../../../Users/Johan/Documents/GitHub/Runner/DerivedDataCache/DDC.ddp not found, will not use a pak cache.
[2016.02.13-15.38.39:552][  0]LogDerivedDataCache: Unable to find inner node Pak for hierarchical cache Hierarchy.
[2016.02.13-15.38.39:552][  0]LogDerivedDataCache: FDerivedDataBackendGraph:  CompressedPak pak cache file ../../../../../../Users/Johan/Documents/GitHub/Runner/DerivedDataCache/Compressed.ddp not found, will not use a pak cache.
[2016.02.13-15.38.39:552][  0]LogDerivedDataCache: Unable to find inner node CompressedPak for hierarchical cache Hierarchy.
[2016.02.13-15.38.39:607][  0]LogDerivedDataCache:Display: Pak cache opened for reading ../../../Engine/DerivedDataCache/Compressed.ddp.
[2016.02.13-15.38.39:619][  0]LogDerivedDataCache: Using Local data cache path C:/Users/Johan/AppData/Local/UnrealEngine/Common/DerivedDataCache: Writable
[2016.02.13-15.38.39:799][  0]LogInit: Selected Device Profile: [Windows]
[2016.02.13-15.38.39:801][  0]LogContentStreaming: Texture pool size is 0.000000MB
[2016.02.13-15.38.39:905][  0]LogMeshUtilities: No automatic mesh reduction module available
[2016.02.13-15.38.39:905][  0]LogMeshUtilities: No automatic mesh merging module available
[2016.02.13-15.38.40:110][  0]LogInit: WinSock: version 1.1 (2.2), MaxSocks=32767, MaxUdp=65467
[2016.02.13-15.38.40:798][  0]UdpMessaging: Initializing bridge on interface 0.0.0.0:0 to multicast group 230.0.0.1:6666.
[2016.02.13-15.38.40:909][  0]LogAssetRegistry: FAssetRegistry took 0.0111 seconds to start up
[2016.02.13-15.38.41:069][  0]SourceControl: Info Source control is disabled
[2016.02.13-15.38.41:070][  0]SourceControl: Info Source control is disabled
[2016.02.13-15.38.41:084][  0]SourceControl: Info Source control is disabled
[2016.02.13-15.38.41:099][  0]SourceControl: Info Source control is disabled
[2016.02.13-15.38.41:357][  0]LogObj: 28633 objects as part of root set at end of initial load.
[2016.02.13-15.38.41:357][  0]LogUObjectAllocator: 6099752 out of 0 bytes used by permanent object pool.
[2016.02.13-15.38.41:411][  0]LogEngine: Initializing Engine...
[2016.02.13-15.38.41:414][  0]LogHMD: Can't find Oculus library dev build: is proper Runtime installed? Version: 0.8.0.0
[2016.02.13-15.38.41:414][  0]LogHMD: SteamVR failed to initialize.  Err: 110
[2016.02.13-15.38.41:524][  0]LogAIModule: Creating AISystem for world NewWorld
[2016.02.13-15.38.41:529][  0]LogInit: XAudio2 using 'Speakers (Realtek High Definition Audio)' : 2 channels at 48 kHz using 32 bits per sample (channel mask 0x3)
[2016.02.13-15.38.41:599][  0]LogInit: FAudioDevice initialized.
[2016.02.13-15.38.41:622][  0]LogDerivedDataCache: Saved boot cache 0.02s 41MB C:/Users/Johan/AppData/Local/UnrealEngine/4.10/DerivedDataCache/Boot.ddc.
[2016.02.13-15.38.41:628][  0]LogInit: Texture streaming: Enabled
[2016.02.13-15.38.41:635][  0]LogAnalytics: Creating configured Analytics provider AnalyticsET
[2016.02.13-15.38.41:635][  0]LogAnalytics: [UEEditor.Rocket.Release] APIServer = http://et2.epicgames.com/ET2/. AppVersion = 4.10.2-2818068+++depot+UE4-Releases+4.10
[2016.02.13-15.38.41:635][  0]LogAnalytics: [UEEditor.Rocket.Release] SetUserId e13f53c54a08433fc09043aa962b451a|75ba5683578c43329a0522a4b145a097|e6dac55f-4bf9-412a-b229-53d1a5ef9356
[2016.02.13-15.38.41:635][  0]LogAnalytics: [UEEditor.Rocket.Release] AnalyticsET::StartSession
[2016.02.13-15.38.41:644][  0]LogInit: Transaction tracking system initialized
[2016.02.13-15.38.41:673][  0]BlueprintLog: New page: Editor Load
[2016.02.13-15.38.41:753][  0]LocalizationService: Info Localization service is disabled
[2016.02.13-15.38.41:832][  0]LogConsoleResponse:Display: 
[2016.02.13-15.38.41:930][  0]LogCook:Display: Done creating registry. It took  0.00s.
[2016.02.13-15.38.41:991][  0]LogFileCache: Scanning file cache for directory 'C:/Users/Johan/Documents/GitHub/Runner/Content/' took 0.01s
[2016.02.13-15.38.41:991][  0]SourceControl: Info Source control is disabled
[2016.02.13-15.38.41:991][  0]Cmd: MAP LOAD FILE="../../../../../../Users/Johan/Documents/GitHub/Runner/Content/RunnerAssets/RunnerMap.umap" TEMPLATE=0 SHOWPROGRESS=1 FEATURELEVEL=3
[2016.02.13-15.38.41:992][  0]LightingResults: New page: Lighting Build
[2016.02.13-15.38.41:995][  0]MapCheck: New page: Map Check
[2016.02.13-15.38.41:995][  0]LightingResults: New page: Lighting Build
[2016.02.13-15.38.42:005][  0]LogParticles: Destroying 0 GPU particle simulations for FXSystem 0x0000022A4F303B00
[2016.02.13-15.38.42:542][  0]LogAIModule: Creating AISystem for world RunnerMap
[2016.02.13-15.38.42:549][  0]LogEditorServer: Finished looking for orphan Actors (0.000 secs)
[2016.02.13-15.38.42:549][  0]Cmd: MAP CHECKDEP NOCLEARLOG
[2016.02.13-15.38.42:600][  0]MapCheck: Info Map check complete: 0 Error(s), 0 Warning(s), took 50.329ms to complete.
[2016.02.13-15.38.42:600][  0]LogFileHelpers: Loading map 'RunnerMap' took 0.608
[2016.02.13-15.38.42:697][  0]LogCollectionManager: Loaded 0 collections in 0.002474 seconds
[2016.02.13-15.38.42:734][  0]LogFileCache: Scanning file cache for directory 'C:/Users/Johan/Documents/GitHub/Runner/Saved/Collections/' took 0.01s