[2016.06.03-22.53.16:192][  0]Log file open, 06/04/16 00:53:16
[2016.06.03-22.53.16:192][  0]LogInit:Display: Running engine for game: Runner
[2016.06.03-22.53.16:192][  0]LogPlatformFile: Not using cached read wrapper
[2016.06.03-22.53.16:192][  0]LogInit:Display: RandInit(-1277005017) SRandInit(-1277005015).
[2016.06.03-22.53.16:192][  0]LogTaskGraph: Started task graph with 4 named threads and 7 total threads.
[2016.06.03-22.53.16:192][  0]LogStats: Stats thread started at 0.083198
[2016.06.03-22.53.16:192][  0]LogInit: Version: 4.10.4-2872498+++depot+UE4-Releases+4.10
[2016.06.03-22.53.16:192][  0]LogInit: API Version: 2758231
[2016.06.03-22.53.16:192][  0]LogInit: Compiled (64-bit): Feb 18 2016 15:47:04
[2016.06.03-22.53.16:192][  0]LogInit: Compiled with Visual C++: 19.00.23026.00
[2016.06.03-22.53.16:192][  0]LogInit: Build Configuration: Development
[2016.06.03-22.53.16:192][  0]LogInit: Branch Name: ++depot+UE4-Releases+4.10
[2016.06.03-22.53.16:192][  0]LogInit: Command line:  
[2016.06.03-22.53.16:192][  0]LogInit: Base directory: C:/Program Files/Epic Games/4.10/Engine/Binaries/Win64/
[2016.06.03-22.53.16:192][  0]LogInit: Rocket: 1
[2016.06.03-22.53.16:227][  0]LogInit: Using libcurl 7.41.0
[2016.06.03-22.53.16:227][  0]LogInit:  - built for x86_64-pc-win32
[2016.06.03-22.53.16:227][  0]LogInit:  - supports SSL with WinSSL
[2016.06.03-22.53.16:227][  0]LogInit:  - other features:
[2016.06.03-22.53.16:227][  0]LogInit:      CURL_VERSION_SSL
[2016.06.03-22.53.16:227][  0]LogInit:      CURL_VERSION_IPV6
[2016.06.03-22.53.16:227][  0]LogInit:      CURL_VERSION_ASYNCHDNS
[2016.06.03-22.53.16:227][  0]LogInit:      CURL_VERSION_LARGEFILE
[2016.06.03-22.53.16:227][  0]LogInit:      CURL_VERSION_IDN
[2016.06.03-22.53.16:227][  0]LogInit:  CurlRequestOptions (configurable via config and command line):
[2016.06.03-22.53.16:227][  0]LogInit:  - bVerifyPeer = true  - Libcurl will verify peer certificate
[2016.06.03-22.53.16:227][  0]LogInit:  - bUseHttpProxy = false  - Libcurl will NOT use HTTP proxy
[2016.06.03-22.53.16:227][  0]LogInit:  - bDontReuseConnections = false  - Libcurl will reuse connections
[2016.06.03-22.53.16:227][  0]LogInit:  - CertBundlePath = nullptr  - Libcurl will use whatever was configured at build time.
[2016.06.03-22.53.16:234][  0]LogInit: Presizing for 0 objects not considered by GC, pre-allocating 0 bytes.
[2016.06.03-22.53.16:241][  0]LogInit: Object subsystem initialized
[2016.06.03-22.53.16:242][  0]LogInit: Selected Device Profile: [Windows]
[2016.06.03-22.53.16:242][  0]LogInit: Applying CVar settings loaded from the selected device profile: [Windows]
[2016.06.03-22.53.16:250][  0]LogInit: Computer: JOHANS_MONSTER
[2016.06.03-22.53.16:250][  0]LogInit: User: Johan
[2016.06.03-22.53.16:250][  0]LogInit: CPU Page size=4096, Cores=4
[2016.06.03-22.53.16:250][  0]LogInit: High frequency timer resolution =3.312791 MHz
[2016.06.03-22.53.16:250][  0]LogMemory: Memory total: Physical=16.0GB (16GB approx)
[2016.06.03-22.53.16:250][  0]LogMemory: Platform Memory Stats for Windows
[2016.06.03-22.53.16:250][  0]LogMemory: Process Physical Memory: 56.35 MB used, 56.35 MB peak
[2016.06.03-22.53.16:250][  0]LogMemory: Process Virtual Memory: 56.85 MB used, 56.85 MB peak
[2016.06.03-22.53.16:250][  0]LogMemory: Physical Memory: 3712.93 MB used, 16337.33 MB total
[2016.06.03-22.53.16:250][  0]LogMemory: Virtual Memory: 383.84 MB used, 134217728.00 MB total
[2016.06.03-22.53.16:285][  0]LogTextLocalizationManager: No translations for ('sv-SE') exist, falling back to 'en' for localization and internationalization data.
[2016.06.03-22.53.16:729][  0]LogD3D11RHI: Found D3D11 adapter 0: NVIDIA GeForce GTX 560 SE (Feature Level 11_0)
[2016.06.03-22.53.16:729][  0]LogD3D11RHI: Adapter has 977MB of dedicated video memory, 0MB of dedicated system memory, and 8168MB of shared system memory, 1 output[s]
[2016.06.03-22.53.16:730][  0]LogD3D11RHI: Found D3D11 adapter 1: Microsoft Basic Render Driver (Feature Level 11_0)
[2016.06.03-22.53.16:730][  0]LogD3D11RHI: Adapter has 0MB of dedicated video memory, 0MB of dedicated system memory, and 8168MB of shared system memory, 0 output[s]
[2016.06.03-22.53.16:730][  0]LogD3D11RHI: Chosen D3D11 Adapter Id = 0
[2016.06.03-22.53.16:734][  0]LogD3D11RHI: !Direct3DDevice
[2016.06.03-22.53.16:734][  0]LogRHI: Texture pool is 684 MB (70% of 977 MB)
[2016.06.03-22.53.16:746][  0]LogD3D11RHI: Async texture creation enabled
[2016.06.03-22.53.16:762][  0]LogShaderCompilers: Guid format shader working directory is -7 characters bigger than the processId version (../../../../../../Users/Johan/Documents/GitHub/Runner/Intermediate/Shaders/WorkingDirectory/4880/).
[2016.06.03-22.53.16:762][  0]LogShaderCompilers: Cleaned the shader compiler working directory 'C:/Users/Johan/AppData/Local/Temp/UnrealShaderWorkingDir/42662FF8494436F67D024080B0A018B0/'.
[2016.06.03-22.53.16:762][  0]LogShaderCompilers:Display: Using Local Shader Compiler.
[2016.06.03-22.53.20:718][  0]LogTemp:Display: Loaded TP AllDesktopTargetPlatform
[2016.06.03-22.53.20:723][  0]LogTemp:Display: Loaded TP WindowsClientTargetPlatform
[2016.06.03-22.53.20:728][  0]LogTemp:Display: Loaded TP WindowsNoEditorTargetPlatform
[2016.06.03-22.53.20:732][  0]LogTemp:Display: Loaded TP WindowsServerTargetPlatform
[2016.06.03-22.53.20:736][  0]LogTemp:Display: Loaded TP WindowsTargetPlatform
[2016.06.03-22.53.20:739][  0]LogTemp:Display: Loaded TP AndroidTargetPlatform
[2016.06.03-22.53.20:742][  0]LogTemp:Display: Loaded TP Android_ASTCTargetPlatform
[2016.06.03-22.53.20:745][  0]LogTemp:Display: Loaded TP Android_ATCTargetPlatform
[2016.06.03-22.53.20:747][  0]LogTemp:Display: Loaded TP Android_DXTTargetPlatform
[2016.06.03-22.53.20:750][  0]LogTemp:Display: Loaded TP Android_ETC1TargetPlatform
[2016.06.03-22.53.20:752][  0]LogTemp:Display: Loaded TP Android_ETC2TargetPlatform
[2016.06.03-22.53.20:758][  0]LogTemp:Display: Loaded TP Android_MultiTargetPlatform
[2016.06.03-22.53.20:758][  0]LogTemp:Display: Loaded TP Android_PVRTCTargetPlatform
[2016.06.03-22.53.20:759][  0]LogTemp:Display: Loaded TP HTML5TargetPlatform
[2016.06.03-22.53.20:775][  0]LogTemp:Display: Loaded TP IOSTargetPlatform
[2016.06.03-22.53.20:778][  0]LogTemp:Display: Loaded TP LinuxNoEditorTargetPlatform
[2016.06.03-22.53.20:780][  0]LogTemp:Display: Loaded TP LinuxServerTargetPlatform
[2016.06.03-22.53.20:783][  0]LogTemp:Display: Loaded TP LinuxTargetPlatform
[2016.06.03-22.53.20:783][  0]LogTargetPlatformManager:Display: Building Assets For Windows
[2016.06.03-22.53.20:872][  0]LogDerivedDataCache:Display: Max Cache Size: 512 MB
[2016.06.03-22.53.21:250][  0]LogDerivedDataCache: Loaded boot cache 0.38s 41MB C:/Users/Johan/AppData/Local/UnrealEngine/4.10/DerivedDataCache/Boot.ddc.
[2016.06.03-22.53.21:251][  0]LogDerivedDataCache:Display: Loaded Boot cache: C:/Users/Johan/AppData/Local/UnrealEngine/4.10/DerivedDataCache/Boot.ddc
[2016.06.03-22.53.21:283][  0]LogDerivedDataCache: FDerivedDataBackendGraph:  Pak pak cache file ../../../../../../Users/Johan/Documents/GitHub/Runner/DerivedDataCache/DDC.ddp not found, will not use a pak cache.
[2016.06.03-22.53.21:283][  0]LogDerivedDataCache: Unable to find inner node Pak for hierarchical cache Hierarchy.
[2016.06.03-22.53.21:283][  0]LogDerivedDataCache: FDerivedDataBackendGraph:  CompressedPak pak cache file ../../../../../../Users/Johan/Documents/GitHub/Runner/DerivedDataCache/Compressed.ddp not found, will not use a pak cache.
[2016.06.03-22.53.21:283][  0]LogDerivedDataCache: Unable to find inner node CompressedPak for hierarchical cache Hierarchy.
[2016.06.03-22.53.21:391][  0]LogDerivedDataCache:Display: Pak cache opened for reading ../../../Engine/DerivedDataCache/Compressed.ddp.
[2016.06.03-22.53.21:404][  0]LogDerivedDataCache: Using Local data cache path C:/Users/Johan/AppData/Local/UnrealEngine/Common/DerivedDataCache: Writable
[2016.06.03-22.53.26:945][  0]LogInit: Selected Device Profile: [Windows]
[2016.06.03-22.53.27:021][  0]LogContentStreaming: Texture pool size is 0.000000MB
[2016.06.03-22.53.28:068][  0]LogMeshUtilities: No automatic mesh reduction module available
[2016.06.03-22.53.28:068][  0]LogMeshUtilities: No automatic mesh merging module available
[2016.06.03-22.53.30:540][  0]LogInit: WinSock: version 1.1 (2.2), MaxSocks=32767, MaxUdp=65467
[2016.06.03-22.54.06:070][  0]UdpMessaging: Initializing bridge on interface 0.0.0.0:0 to multicast group 230.0.0.1:6666.
[2016.06.03-22.54.06:708][  0]LogAssetRegistry: FAssetRegistry took 0.0110 seconds to start up
[2016.06.03-22.54.09:058][  0]SourceControl: Info Source control is disabled
[2016.06.03-22.54.09:059][  0]SourceControl: Info Source control is disabled
[2016.06.03-22.54.09:204][  0]SourceControl: Info Source control is disabled
[2016.06.03-22.54.09:296][  0]SourceControl: Info Source control is disabled
[2016.06.03-22.54.10:381][  0]LogObj: 28633 objects as part of root set at end of initial load.
[2016.06.03-22.54.10:381][  0]LogUObjectAllocator: 6099752 out of 0 bytes used by permanent object pool.
[2016.06.03-22.54.11:081][  0]LogEngine: Initializing Engine...
[2016.06.03-22.54.11:132][  0]LogHMD: Can't find Oculus library dev build: is proper Runtime installed? Version: 0.8.0.0
[2016.06.03-22.54.11:151][  0]LogHMD: SteamVR failed to initialize.  Err: 110
[2016.06.03-22.54.11:615][  0]LogAIModule: Creating AISystem for world NewWorld
[2016.06.03-22.54.11:641][  0]LogInit: XAudio2 using 'Speakers (USB Sound Device        )' : 2 channels at 44.1 kHz using 16 bits per sample (channel mask 0x3)
[2016.06.03-22.54.11:678][  0]LogInit: FAudioDevice initialized.
[2016.06.03-22.54.11:699][  0]LogDerivedDataCache: Saved boot cache 0.02s 41MB C:/Users/Johan/AppData/Local/UnrealEngine/4.10/DerivedDataCache/Boot.ddc.
[2016.06.03-22.54.11:705][  0]LogInit: Texture streaming: Enabled
[2016.06.03-22.54.12:022][  0]LogAnalytics: Creating configured Analytics provider AnalyticsET
[2016.06.03-22.54.12:022][  0]LogAnalytics: [UEEditor.Rocket.Release] APIServer = http://et2.epicgames.com/ET2/. AppVersion = 4.10.4-2872498+++depot+UE4-Releases+4.10
[2016.06.03-22.54.12:022][  0]LogAnalytics: [UEEditor.Rocket.Release] SetUserId e13f53c54a08433fc09043aa962b451a|75ba5683578c43329a0522a4b145a097|e6dac55f-4bf9-412a-b229-53d1a5ef9356
[2016.06.03-22.54.12:023][  0]LogAnalytics: [UEEditor.Rocket.Release] AnalyticsET::StartSession
[2016.06.03-22.54.12:121][  0]LogInit: Transaction tracking system initialized
[2016.06.03-22.54.12:326][  0]BlueprintLog: New page: Editor Load
[2016.06.03-22.54.13:470][  0]LocalizationService: Info Localization service is disabled
[2016.06.03-22.54.14:285][  0]LogConsoleResponse:Display: 
[2016.06.03-22.54.19:584][  0]LogFileCache: Scanning file cache for directory 'C:/Users/Johan/Documents/GitHub/Runner/Content/' took 0.03s
[2016.06.03-22.54.19:584][  0]LogCook:Display: Done creating registry. It took  0.00s.
[2016.06.03-22.54.20:651][  0]SourceControl: Info Source control is disabled
[2016.06.03-22.54.20:676][  0]Cmd: MAP LOAD FILE="../../../../../../Users/Johan/Documents/GitHub/Runner/Content/RunnerAssets/RunnerMap.umap" TEMPLATE=0 SHOWPROGRESS=1 FEATURELEVEL=3
[2016.06.03-22.54.20:740][  0]LightingResults: New page: Lighting Build
[2016.06.03-22.54.20:803][  0]MapCheck: New page: Map Check
[2016.06.03-22.54.20:803][  0]LightingResults: New page: Lighting Build
[2016.06.03-22.54.20:812][  0]LogParticles: Destroying 0 GPU particle simulations for FXSystem 0x0000017E378DFB00
[2016.06.03-22.54.31:432][  0]LogAIModule: Creating AISystem for world RunnerMap
[2016.06.03-22.54.31:684][  0]LogEditorServer: Finished looking for orphan Actors (0.000 secs)
[2016.06.03-22.54.31:758][  0]Cmd: MAP CHECKDEP NOCLEARLOG
[2016.06.03-22.54.31:885][  0]MapCheck: Info Map check complete: 0 Error(s), 0 Warning(s), took 127.13ms to complete.
[2016.06.03-22.54.31:886][  0]LogFileHelpers: Loading map 'RunnerMap' took 11.209
[2016.06.03-22.54.32:952][  0]LogCollectionManager: Loaded 0 collections in 0.002673 seconds
[2016.06.03-22.54.33:030][  0]LogFileCache: Scanning file cache for directory 'C:/Users/Johan/Documents/GitHub/Runner/Saved/Collections/' took 0.01s
[2016.06.03-22.54.33:030][  0]LogFileCache: Scanning file cache for directory 'C:/Users/Johan/Documents/GitHub/Runner/Content/Developers/Johan/Collections/' took 0.01s
[2016.06.03-22.54.33:030][  0]LogFileCache: Scanning file cache for directory 'C:/Users/Johan/Documents/GitHub/Runner/Content/Collections/' took 0.01s
[2016.06.03-22.54.33:030][  0]LogCollectionManager: Rebuilt the GUID cache for 0 collections in 0.000187 seconds
[2016.06.03-22.54.33:054][  0]LogContentBrowser: Native class hierarchy populated in 0.0227 seconds. Added 1893 classes and 338 folders.
[2016.06.03-22.54.33:107][  0]LogContentBrowser: Native class hierarchy updated for 'WidgetCarousel' in 0.0004 seconds. Added 0 classes and 0 folders.
[2016.06.03-22.54.34:577][  0]LogContentBrowser: Native class hierarchy updated for 'AddContentDialog' in 0.0003 seconds. Added 0 classes and 0 folders.
[2016.06.03-22.54.34:634][  0]LogContentBrowser: Native class hierarchy updated for 'SceneOutliner' in 0.0007 seconds. Added 1 classes and 2 folders.
[2016.06.03-22.54.34:949][  0]LogCrashTracker: Crashtracker disabled due to settings.
[2016.06.03-22.54.35:046][  0]LogUObjectGlobals:Warning: Failed to find object 'Class None.'
[2016.06.03-22.54.35:107][  0]LogLoad: Full Startup: 79.39 seconds (BP compile: 1.52 seconds)
[2016.06.03-22.54.35:117][  0]LogWindowsTextInputMethodSystem:Display: IME system now deactivated.
[2016.06.03-22.54.35:117][  0]LogWindowsTextInputMethodSystem:Display: IME system now deactivated.
[2016.06.03-22.54.35:121][  0]LogOcInput: Can't find Oculus library dev build: is proper Runtime installed? Version: 0.8.0.0
[2016.06.03-22.54.35:375][  0]LogContentStreaming: Texture pool size now 1000 MB
[2016.06.03-22.54.35:771][  1]LogRenderer: Reallocating scene render targets to support 1208x644 (Frame:2).
[2016.06.03-22.54.37:429][ 16]LogAssetRegistry: Asset discovery search completed in 30.7322 seconds
[2016.06.03-22.54.37:699][ 16]LogCollectionManager: Rebuilt the object cache for 0 collections in 0.000002 seconds (found 0 objects)
[2016.06.03-22.54.37:699][ 16]LogCollectionManager: Fixed up redirectors for 0 collections in 0.000078 seconds (updated 0 objects)
[2016.06.03-23.13.11:088][886]LogAIModule: Creating AISystem for world MainMenu
[2016.06.03-23.13.11:127][886]LogActorComponent: UnregisterComponent: (/Engine/Transient.CharMoveComp) Not registered. Aborting.
[2016.06.03-23.13.11:254][886]Cmd: MAP LOAD FILE="../../../../../../Users/Johan/Documents/GitHub/Runner/Content/RunnerAssets/MainMenu.umap" TEMPLATE=0 SHOWPROGRESS=1 FEATURELEVEL=3
[2016.06.03-23.13.11:254][886]LightingResults: New page: Lighting Build
[2016.06.03-23.13.11:288][886]LoadErrors: New page: Loading map: MainMenu.umap
[2016.06.03-23.13.11:289][886]MapCheck: New page: Map Check
[2016.06.03-23.13.11:289][886]LightingResults: New page: Lighting Build
[2016.06.03-23.13.11:306][886]LogParticles: Destroying 0 GPU particle simulations for FXSystem 0x0000017E425B7380
[2016.06.03-23.13.11:352][886]LogEditorServer: Finished looking for orphan Actors (0.000 secs)
[2016.06.03-23.13.11:385][886]Cmd: MAP CHECKDEP NOCLEARLOG
[2016.06.03-23.13.11:452][886]MapCheck: Info Map check complete: 0 Error(s), 0 Warning(s), took 66.791ms to complete.
[2016.06.03-23.13.11:452][886]LogFileHelpers: Loading map 'MainMenu' took 0.203
[2016.06.03-23.13.12:452][956]LogBlueprintUserMessages: Early PlayInEditor Detection: Level '/Game/RunnerAssets/MainMenu.MainMenu:PersistentLevel' has LevelScriptBlueprint '/Game/RunnerAssets/MainMenu.MainMenu:PersistentLevel.MainMenu' with GeneratedClass '/Game/RunnerAssets/MainMenu.MainMenu_C' with ClassGeneratedBy '/Game/RunnerAssets/MainMenu.MainMenu:PersistentLevel.MainMenu'
[2016.06.03-23.13.12:452][956]LogPlayLevel: PlayLevel: No blueprints needed recompiling
[2016.06.03-23.13.12:468][956]PIE: New page: PIE session: MainMenu (Jun 4, 2016, 3:13:12 AM)
[2016.06.03-23.13.12:468][956]LogPlayLevel: Creating play world package: /Game/RunnerAssets/UEDPIE_0_MainMenu
[2016.06.03-23.13.12:471][956]LogPlayLevel: PIE: StaticDuplicateObject took: (0.003500s)
[2016.06.03-23.13.12:472][956]LogAIModule: Creating AISystem for world MainMenu
[2016.06.03-23.13.12:472][956]LogPlayLevel: PIE: World Init took: (0.000799s)
[2016.06.03-23.13.12:472][956]LogPlayLevel: PIE: Created PIE world by copying editor world from /Game/RunnerAssets/MainMenu.MainMenu to /Game/RunnerAssets/UEDPIE_0_MainMenu.MainMenu (0.004594s)
[2016.06.03-23.13.12:494][956]LogInit: XAudio2 using 'Speakers (USB Sound Device        )' : 2 channels at 44.1 kHz using 16 bits per sample (channel mask 0x3)
[2016.06.03-23.13.12:501][956]LogInit: FAudioDevice initialized.
[2016.06.03-23.13.12:683][956]LogLinker:Warning: Can't find file '/Game/SideScrollerBP/Blueprints/SideScrollerGameMode'
[2016.06.03-23.13.12:684][956]LogLinker:Warning: Can't find file '/Game/SideScrollerBP/Blueprints/SideScrollerGameMode'
[2016.06.03-23.13.12:684][956]LogUObjectGlobals:Warning: Failed to find object 'Class /Game/SideScrollerBP/Blueprints/SideScrollerGameMode.SideScrollerGameMode_C'
[2016.06.03-23.13.12:684][956]LogWorld: Game class is 'GameMode'
[2016.06.03-23.13.12:685][956]LogWorld: Bringing World /Game/RunnerAssets/UEDPIE_0_MainMenu.MainMenu up for play (max tick rate 0) at 2016.06.04-01.13.12
[2016.06.03-23.13.12:685][956]LogActor:Warning: GameSession /Game/RunnerAssets/UEDPIE_0_MainMenu.MainMenu:PersistentLevel.GameSession_0 has natively added scene component(s), but none of them were set as the actor's RootComponent - picking one arbitrarily
[2016.06.03-23.13.12:686][956]LogActor:Warning: GameNetworkManager /Game/RunnerAssets/UEDPIE_0_MainMenu.MainMenu:PersistentLevel.GameNetworkManager_0 has natively added scene component(s), but none of them were set as the actor's RootComponent - picking one arbitrarily
[2016.06.03-23.13.12:686][956]LogWorld: Bringing up level for play took: 0.000821
[2016.06.03-23.13.12:748][956]PIE: Info Play in editor start time for /Game/RunnerAssets/UEDPIE_0_MainMenu -0.409
[2016.06.03-23.13.12:749][956]LogBlueprintUserMessages: Late PlayInEditor Detection: Level '/Game/RunnerAssets/MainMenu.MainMenu:PersistentLevel' has LevelScriptBlueprint '/Game/RunnerAssets/MainMenu.MainMenu:PersistentLevel.MainMenu' with GeneratedClass '/Game/RunnerAssets/MainMenu.MainMenu_C' with ClassGeneratedBy '/Game/RunnerAssets/MainMenu.MainMenu:PersistentLevel.MainMenu'
[2016.06.03-23.13.12:825][957]LogRenderer: Reallocating scene render targets to support 1280x720 (Frame:61883).
[2016.06.03-23.13.15:733][182]LogPackageName: SearchForPackageOnDisk took   0.087s to resolve RunnerMap.umap.
[2016.06.03-23.13.15:817][182]LogPackageName: SearchForPackageOnDisk took   0.084s to resolve RunnerMap.umap.
[2016.06.03-23.13.15:817][182]LogNet: Browse: /Game/RunnerAssets/RunnerMap
[2016.06.03-23.13.15:817][182]LogLoad: LoadMap: /Game/RunnerAssets/RunnerMap
[2016.06.03-23.13.15:867][182]LogParticles: Destroying 0 GPU particle simulations for FXSystem 0x0000017E5529D9E0
[2016.06.03-23.13.15:867][182]Cmd: MEM
[2016.06.03-23.13.15:885][182]LogMemory: Platform Memory Stats for Windows
[2016.06.03-23.13.15:885][182]LogMemory: Process Physical Memory: 992.45 MB used, 997.92 MB peak
[2016.06.03-23.13.15:885][182]LogMemory: Process Virtual Memory: 1532.35 MB used, 1737.61 MB peak
[2016.06.03-23.13.15:885][182]LogMemory: Physical Memory: 4782.78 MB used, 16337.33 MB total
[2016.06.03-23.13.15:885][182]LogMemory: Virtual Memory: 2420.45 MB used, 134217728.00 MB total
[2016.06.03-23.13.15:885][182]LogMemory: 
[2016.06.03-23.13.15:885][182]Allocator Stats for TBB: (not implemented)
[2016.06.03-23.13.17:087][182]LogAIModule: Creating AISystem for world RunnerMap
[2016.06.03-23.13.17:090][182]LogLinker:Warning: Can't find file '/Game/SideScrollerBP/Blueprints/SideScrollerGameMode'
[2016.06.03-23.13.17:090][182]LogLinker:Warning: Can't find file '/Game/SideScrollerBP/Blueprints/SideScrollerGameMode'
[2016.06.03-23.13.17:090][182]LogUObjectGlobals:Warning: Failed to find object 'Class /Game/SideScrollerBP/Blueprints/SideScrollerGameMode.SideScrollerGameMode_C'
[2016.06.03-23.13.17:090][182]LogWorld: Game class is 'GameMode'
[2016.06.03-23.13.17:102][182]LogWorld: Bringing World /Game/RunnerAssets/UEDPIE_0_RunnerMap.RunnerMap up for play (max tick rate 0) at 2016.06.04-01.13.17
[2016.06.03-23.13.17:102][182]LogActor:Warning: GameSession /Game/RunnerAssets/UEDPIE_0_RunnerMap.RunnerMap:PersistentLevel.GameSession_1 has natively added scene component(s), but none of them were set as the actor's RootComponent - picking one arbitrarily
[2016.06.03-23.13.17:103][182]LogActor:Warning: GameNetworkManager /Game/RunnerAssets/UEDPIE_0_RunnerMap.RunnerMap:PersistentLevel.GameNetworkManager_1 has natively added scene component(s), but none of them were set as the actor's RootComponent - picking one arbitrarily
[2016.06.03-23.13.17:103][182]LogWorld: Bringing up level for play took: 0.012484
[2016.06.03-23.13.17:121][182]LogGameMode: Warning - PATHS NOT DEFINED or NO PLAYERSTART with positive rating
[2016.06.03-23.13.17:124][182]LogScript:Warning: Cannot access 'Wall_Windowless_C_12'. It is pending kill. Property: 'lastWall'
	SpawnWalls_Blueprint_C /Game/RunnerAssets/UEDPIE_0_RunnerMap.RunnerMap:PersistentLevel.SpawnWalls_Blueprint_C_1
	Function /Game/RunnerAssets/Blueprints/Spawners/SpawnWalls_Blueprint.SpawnWalls_Blueprint_C:ExecuteUbergraph_SpawnWalls_Blueprint:023B
[2016.06.03-23.13.17:154][182]PIE:Error: Error Cannot access 'Wall_Windowless_C_12'. It is pending kill. Property: 'lastWall' from node SpawnActor Wall Windowless in graph 'EventGraph' in blueprint SpawnWalls_Blueprint
[2016.06.03-23.13.17:154][182]LogScript:Warning: Accessed None
	SpawnWalls_Blueprint_C /Game/RunnerAssets/UEDPIE_0_RunnerMap.RunnerMap:PersistentLevel.SpawnWalls_Blueprint_C_1
	Function /Game/RunnerAssets/Blueprints/Spawners/SpawnWalls_Blueprint.SpawnWalls_Blueprint_C:ExecuteUbergraph_SpawnWalls_Blueprint:0250
[2016.06.03-23.13.17:154][182]PIE:Error: Error Accessed None from node SpawnActor Wall Windowless in graph 'EventGraph' in blueprint SpawnWalls_Blueprint
[2016.06.03-23.13.17:154][182]LogScript:Warning: Cannot access 'Wall_Windowless_C_12'. It is pending kill. Property: 'lastWall'
	SpawnWalls_Blueprint_C /Game/RunnerAssets/UEDPIE_0_RunnerMap.RunnerMap:PersistentLevel.SpawnWalls_Blueprint_C_1
	Function /Game/RunnerAssets/Blueprints/Spawners/SpawnWalls_Blueprint.SpawnWalls_Blueprint_C:ExecuteUbergraph_SpawnWalls_Blueprint:0304
[2016.06.03-23.13.17:154][182]PIE:Error: Error Cannot access 'Wall_Windowless_C_12'. It is pending kill. Property: 'lastWall' from node SpawnActor Wall Windowless in graph 'EventGraph' in blueprint SpawnWalls_Blueprint
[2016.06.03-23.13.17:154][182]LogScript:Warning: Accessed None
	SpawnWalls_Blueprint_C /Game/RunnerAssets/UEDPIE_0_RunnerMap.RunnerMap:PersistentLevel.SpawnWalls_Blueprint_C_1
	Function /Game/RunnerAssets/Blueprints/Spawners/SpawnWalls_Blueprint.SpawnWalls_Blueprint_C:ExecuteUbergraph_SpawnWalls_Blueprint:0319
[2016.06.03-23.13.17:154][182]PIE:Error: Error Accessed None from node SpawnActor Wall Windowless in graph 'EventGraph' in blueprint SpawnWalls_Blueprint
[2016.06.03-23.13.38:308][  0]LogBlueprintUserMessages: Early EndPlayMap Detection: Level '/Game/RunnerAssets/MainMenu.MainMenu:PersistentLevel' has LevelScriptBlueprint '/Game/RunnerAssets/MainMenu.MainMenu:PersistentLevel.MainMenu' with GeneratedClass '/Game/RunnerAssets/MainMenu.MainMenu_C' with ClassGeneratedBy '/Game/RunnerAssets/MainMenu.MainMenu:PersistentLevel.MainMenu'
[2016.06.03-23.13.38:402][  0]LogBlueprintUserMessages: Late EndPlayMap Detection: Level '/Game/RunnerAssets/MainMenu.MainMenu:PersistentLevel' has LevelScriptBlueprint '/Game/RunnerAssets/MainMenu.MainMenu:PersistentLevel.MainMenu' with GeneratedClass '/Game/RunnerAssets/MainMenu.MainMenu_C' with ClassGeneratedBy '/Game/RunnerAssets/MainMenu.MainMenu:PersistentLevel.MainMenu'
[2016.06.03-23.13.38:445][  0]LogParticles: Destroying 0 GPU particle simulations for FXSystem 0x0000017E3F21C7C0
[2016.06.03-23.15.10:743][988]LogActorComponent: UnregisterComponent: (/Engine/Transient.CharMoveComp) Not registered. Aborting.
[2016.06.03-23.15.11:245][989]Cmd: QUIT_EDITOR
[2016.06.03-23.15.11:758][989]LogWindowsTextInputMethodSystem:Display: IME system now deactivated.
[2016.06.03-23.15.11:759][989]LogWindowsTextInputMethodSystem:Display: IME system now deactivated.
[2016.06.03-23.15.11:845][989]LogExit: Preparing to exit.
[2016.06.03-23.20.13:079][989]LogExit: Editor shut down
[2016.06.03-23.20.13:080][989]LogExit: Transaction tracking system shut down
[2016.06.03-23.20.13:106][989]LogParticles: Destroying 0 GPU particle simulations for FXSystem 0x0000017E521254E0
[2016.06.03-23.20.13:107][989]LogParticles: Destroying 0 GPU particle simulations for FXSystem 0x0000017E522E1F80
[2016.06.03-23.20.13:108][989]LogParticles: Destroying 0 GPU particle simulations for FXSystem 0x0000017E578BB1A0
[2016.06.03-23.20.13:147][989]LogParticles: Destroying 0 GPU particle simulations for FXSystem 0x0000017E522E05E0
[2016.06.03-23.20.13:721][989]LogExit: Object subsystem successfully closed.
[2016.06.03-23.20.13:892][989]LogD3D11RHI: Shutdown
[2016.06.03-23.20.13:892][989]LogD3D11RHI: CleanupD3DDevice
[2016.06.03-23.20.14:107][989]LogD3D11RHI: ~FD3D11DynamicRHI
[2016.06.03-23.20.14:381][989]LogModuleManager: Shutting down and abandoning module CrashTracker (198)
[2016.06.03-23.20.14:381][989]LogModuleManager: Shutting down and abandoning module SceneOutliner (197)
[2016.06.03-23.20.14:381][989]LogModuleManager: Shutting down and abandoning module SuperSearch (196)
[2016.06.03-23.20.14:381][989]LogModuleManager: Shutting down and abandoning module WidgetCarousel (195)
[2016.06.03-23.20.14:381][989]LogModuleManager: Shutting down and abandoning module AddContentDialog (194)
[2016.06.03-23.20.14:385][989]LogModuleManager: Shutting down and abandoning module EditorWidgets (193)
[2016.06.03-23.20.14:385][989]LogModuleManager: Shutting down and abandoning module CollectionManager (192)
[2016.06.03-23.20.14:385][989]LogModuleManager: Shutting down and abandoning module StatsViewer (191)
[2016.06.03-23.20.14:385][989]LogModuleManager: Shutting down and abandoning module FoliageEdit (190)
[2016.06.03-23.20.14:385][989]LogModuleManager: Shutting down and abandoning module LandscapeEditor (189)
[2016.06.03-23.20.14:391][989]LogModuleManager: Shutting down and abandoning module ActorPickerMode (188)
[2016.06.03-23.20.14:391][989]LogModuleManager: Shutting down and abandoning module GeometryMode (187)
[2016.06.03-23.20.14:391][989]LogModuleManager: Shutting down and abandoning module TextureAlignMode (186)
[2016.06.03-23.20.14:391][989]LogModuleManager: Shutting down and abandoning module BspMode (185)
[2016.06.03-23.20.14:391][989]LogModuleManager: Shutting down and abandoning module PlacementMode (184)
[2016.06.03-23.20.14:391][989]LogModuleManager: Shutting down and abandoning module AutomationWorker (183)
[2016.06.03-23.20.14:391][989]LogModuleManager: Shutting down and abandoning module CharacterAI (182)
[2016.06.03-23.20.14:391][989]LogModuleManager: Shutting down and abandoning module SmartSnapping (181)
[2016.06.03-23.20.14:391][989]LogModuleManager: Shutting down and abandoning module ViewportSnapping (180)
[2016.06.03-23.20.14:391][989]LogModuleManager: Shutting down and abandoning module LogVisualizer (179)
[2016.06.03-23.20.14:391][989]LogModuleManager: Shutting down and abandoning module GameProjectGeneration (178)
[2016.06.03-23.20.14:418][989]LogModuleManager: Shutting down and abandoning module IntroTutorials (177)
[2016.06.03-23.20.14:419][989]LogModuleManager: Shutting down and abandoning module EditorLiveStreaming (176)
[2016.06.03-23.20.14:419][989]LogModuleManager: Shutting down and abandoning module IOSPlatformEditor (175)
[2016.06.03-23.20.14:419][989]LogModuleManager: Shutting down and abandoning module HTML5PlatformEditor (174)
[2016.06.03-23.20.14:419][989]LogModuleManager: Shutting down and abandoning module AndroidDeviceDetection (173)
[2016.06.03-23.20.15:313][989]LogModuleManager: Shutting down and abandoning module AndroidPlatformEditor (172)
[2016.06.03-23.20.15:313][989]LogModuleManager: Shutting down and abandoning module IOSRuntimeSettings (171)
[2016.06.03-23.20.15:313][989]LogModuleManager: Shutting down and abandoning module AndroidRuntimeSettings (170)
[2016.06.03-23.20.15:313][989]LogModuleManager: Shutting down and abandoning module MergeActors (169)
[2016.06.03-23.20.15:313][989]LogModuleManager: Shutting down and abandoning module SizeMap (168)
[2016.06.03-23.20.15:313][989]LogModuleManager: Shutting down and abandoning module TreeMap (167)
[2016.06.03-23.20.15:313][989]LogModuleManager: Shutting down and abandoning module ReferenceViewer (166)
[2016.06.03-23.20.15:313][989]LogModuleManager: Shutting down and abandoning module LocalizationService (165)
[2016.06.03-23.20.15:313][989]LogModuleManager: Shutting down and abandoning module LocalizationDashboard (164)
[2016.06.03-23.20.15:385][989]LogModuleManager: Shutting down and abandoning module HardwareTargeting (163)
[2016.06.03-23.20.15:385][989]LogModuleManager: Shutting down and abandoning module DeviceProfileEditor (162)
[2016.06.03-23.20.15:385][989]LogModuleManager: Shutting down and abandoning module UndoHistory (161)
[2016.06.03-23.20.15:385][989]LogModuleManager: Shutting down and abandoning module GameplayTagsEditor (160)
[2016.06.03-23.20.15:385][989]LogModuleManager: Shutting down and abandoning module UserFeedback (159)
[2016.06.03-23.20.15:385][989]LogModuleManager: Shutting down and abandoning module XmlParser (158)
[2016.06.03-23.20.15:385][989]LogModuleManager: Shutting down and abandoning module Blutility (157)
[2016.06.03-23.20.15:385][989]LogModuleManager: Shutting down and abandoning module ProjectTargetPlatformEditor (156)
[2016.06.03-23.20.15:385][989]LogModuleManager: Shutting down and abandoning module ProjectSettingsViewer (155)
[2016.06.03-23.20.15:385][989]LogModuleManager: Shutting down and abandoning module InputBindingEditor (154)
[2016.06.03-23.20.15:419][989]LogModuleManager: Shutting down and abandoning module EditorSettingsViewer (153)
[2016.06.03-23.20.15:419][989]LogModuleManager: Shutting down and abandoning module SettingsEditor (152)
[2016.06.03-23.20.15:419][989]LogModuleManager: Shutting down and abandoning module ProjectLauncher (151)
[2016.06.03-23.20.15:422][989]LogModuleManager: Shutting down and abandoning module SessionFrontend (150)
[2016.06.03-23.20.15:422][989]LogModuleManager: Shutting down and abandoning module ProfilerClient (149)
[2016.06.03-23.20.15:434][989]LogModuleManager: Shutting down and abandoning module TargetDeviceServices (148)
[2016.06.03-23.20.15:434][989]LogModuleManager: Shutting down and abandoning module DeviceManager (147)
[2016.06.03-23.20.15:434][989]LogModuleManager: Shutting down and abandoning module AutomationController (146)
[2016.06.03-23.20.15:434][989]LogModuleManager: Shutting down and abandoning module AutomationWindow (145)
[2016.06.03-23.20.15:448][989]LogModuleManager: Shutting down and abandoning module Layers (144)
[2016.06.03-23.20.15:481][989]LogModuleManager: Shutting down and abandoning module ComponentVisualizers (143)
[2016.06.03-23.20.15:481][989]LogModuleManager: Shutting down and abandoning module DetailCustomizations (142)
[2016.06.03-23.20.15:481][989]LogModuleManager: Shutting down and abandoning module PackagesDialog (141)
[2016.06.03-23.20.15:481][989]LogModuleManager: Shutting down and abandoning module Persona (140)
[2016.06.03-23.20.15:501][989]LogModuleManager: Shutting down and abandoning module Kismet (139)
[2016.06.03-23.20.15:513][989]LogModuleManager: Shutting down and abandoning module GraphEditor (138)
[2016.06.03-23.20.15:513][989]LogModuleManager: Shutting down and abandoning module ClassViewer (137)
[2016.06.03-23.20.15:513][989]LogModuleManager: Shutting down and abandoning module Toolbox (136)
[2016.06.03-23.20.15:513][989]LogModuleManager: Shutting down and abandoning module ModuleUI (135)
[2016.06.03-23.20.15:518][989]LogModuleManager: Shutting down and abandoning module MovieSceneTools (134)
[2016.06.03-23.20.15:518][989]LogModuleManager: Shutting down and abandoning module OutputLog (133)
[2016.06.03-23.20.15:518][989]LogModuleManager: Shutting down and abandoning module GammaUI (132)
[2016.06.03-23.20.15:531][989]LogModuleManager: Shutting down and abandoning module Documentation (131)
[2016.06.03-23.20.15:531][989]LogModuleManager: Shutting down and abandoning module GameLiveStreaming (130)
[2016.06.03-23.20.15:531][989]LogModuleManager: Shutting down and abandoning module StreamingPauseRendering (129)
[2016.06.03-23.20.15:531][989]LogModuleManager: Shutting down and abandoning module AnalyticsET (128)
[2016.06.03-23.20.15:531][989]LogModuleManager: Shutting down and abandoning module Analytics (127)
[2016.06.03-23.20.15:531][989]LogModuleManager: Shutting down and abandoning module AITestSuite (126)
[2016.06.03-23.20.15:531][989]LogModuleManager: Shutting down and abandoning module GameplayDebugger (125)
[2016.06.03-23.20.15:531][989]LogModuleManager: Shutting down and abandoning module AIModule (124)
[2016.06.03-23.20.15:531][989]LogModuleManager: Shutting down and abandoning module ProfilerService (123)
[2016.06.03-23.20.15:668][989]LogModuleManager: Shutting down and abandoning module TaskGraph (122)
[2016.06.03-23.20.15:696][989]LogModuleManager: Shutting down and abandoning module SlateRemote (121)
[2016.06.03-23.20.15:697][989]LogModuleManager: Shutting down and abandoning module SteamVRController (120)
[2016.06.03-23.20.15:697][989]LogModuleManager: Shutting down and abandoning module SteamVR (119)
[2016.06.03-23.20.15:697][989]LogModuleManager: Shutting down and abandoning module ProceduralMeshComponent (118)
[2016.06.03-23.20.15:697][989]LogModuleManager: Shutting down and abandoning module OculusLibrary (117)
[2016.06.03-23.20.15:697][989]LogModuleManager: Shutting down and abandoning module OculusInput (116)
[2016.06.03-23.20.15:697][989]LogModuleManager: Shutting down and abandoning module LeapMotionController (115)
[2016.06.03-23.20.15:725][989]LogModuleManager: Shutting down and abandoning module CustomMeshComponent (114)
[2016.06.03-23.20.15:725][989]LogModuleManager: Shutting down and abandoning module CableComponent (113)
[2016.06.03-23.20.15:725][989]LogModuleManager: Shutting down and abandoning module ArchVisCharacter (112)
[2016.06.03-23.20.15:725][989]LogModuleManager: Shutting down and abandoning module MessagingDebugger (111)
[2016.06.03-23.20.15:734][989]LogModuleManager: Shutting down and abandoning module MediaPlayerEditor (110)
[2016.06.03-23.20.15:744][989]LogModuleManager: Shutting down and abandoning module HTML5Networking (109)
[2016.06.03-23.20.15:744][989]LogModuleManager: Shutting down and abandoning module SpeedTreeImporter (108)
[2016.06.03-23.20.15:744][989]LogModuleManager: Shutting down and abandoning module PluginBrowser (107)
[2016.06.03-23.20.15:751][989]LogModuleManager: Shutting down and abandoning module EpicSurvey (106)
[2016.06.03-23.20.15:751][989]LogModuleManager: Shutting down and abandoning module DesktopPlatform (105)
[2016.06.03-23.20.15:758][989]LogModuleManager: Shutting down and abandoning module VisualStudioSourceCodeAccess (104)
[2016.06.03-23.20.15:758][989]LogModuleManager: Shutting down and abandoning module UObjectPlugin (103)
[2016.06.03-23.20.15:758][989]LogModuleManager: Shutting down and abandoning module SubversionSourceControl (102)
[2016.06.03-23.20.15:758][989]LogModuleManager: Shutting down and abandoning module PerforceSourceControl (101)
[2016.06.03-23.20.15:758][989]LogModuleManager: Shutting down and abandoning module SourceControl (100)
[2016.06.03-23.20.15:763][989]LogModuleManager: Shutting down and abandoning module GitSourceControl (99)
[2016.06.03-23.20.15:763][989]LogModuleManager: Shutting down and abandoning module LightPropagationVolumeEditor (98)
[2016.06.03-23.20.15:763][989]LogModuleManager: Shutting down and abandoning module PaperTiledImporter (97)
[2016.06.03-23.20.15:763][989]LogModuleManager: Shutting down and abandoning module PaperSpriteSheetImporter (96)
[2016.06.03-23.20.15:763][989]LogModuleManager: Shutting down and abandoning module MeshPaint (95)
[2016.06.03-23.20.15:763][989]LogModuleManager: Shutting down and abandoning module SlateReflector (94)
[2016.06.03-23.20.15:773][989]LogModuleManager: Shutting down and abandoning module HotReload (93)
[2016.06.03-23.20.15:773][989]LogModuleManager: Shutting down and abandoning module MainFrame (92)
[2016.06.03-23.20.15:773][989]LogModuleManager: Shutting down and abandoning module LevelEditor (91)
[2016.06.03-23.20.15:774][989]LogModuleManager: Shutting down and abandoning module DirectoryWatcher (90)
[2016.06.03-23.20.15:777][989]LogModuleManager: Shutting down and abandoning module AssetRegistry (89)
[2016.06.03-23.20.15:867][989]LogModuleManager: Shutting down and abandoning module ContentBrowser (88)
[2016.06.03-23.20.15:868][989]LogModuleManager: Shutting down and abandoning module Paper2DEditor (87)
[2016.06.03-23.20.15:868][989]LogModuleManager: Shutting down and abandoning module UdpMessaging (86)
[2016.06.03-23.20.15:968][989]LogModuleManager: Shutting down and abandoning module LightPropagationVolumeRuntime (85)
[2016.06.03-23.20.15:968][989]LogModuleManager: Shutting down and abandoning module Paper2D (84)
[2016.06.03-23.20.15:970][989]LogModuleManager: Shutting down and abandoning module WindowsMoviePlayer (83)
[2016.06.03-23.20.15:974][989]LogModuleManager: Shutting down and abandoning module Media (82)
[2016.06.03-23.20.15:974][989]LogModuleManager: Shutting down and abandoning module WmfMedia (81)
[2016.06.03-23.20.15:974][989]LogModuleManager: Shutting down and abandoning module OnlineBlueprintSupport (80)
[2016.06.03-23.20.15:974][989]LogModuleManager: Shutting down and abandoning module GameplayTasksEditor (79)
[2016.06.03-23.20.15:974][989]LogModuleManager: Shutting down and abandoning module PropertyEditor (78)
[2016.06.03-23.20.15:975][989]LogModuleManager: Shutting down and abandoning module BehaviorTreeEditor (77)
[2016.06.03-23.20.15:982][989]LogModuleManager: Shutting down and abandoning module FunctionalTesting (76)
[2016.06.03-23.20.15:982][989]LogModuleManager: Shutting down and abandoning module CollisionAnalyzer (75)
[2016.06.03-23.20.15:983][989]LogModuleManager: Shutting down and abandoning module WorkspaceMenuStructure (74)
[2016.06.03-23.20.15:983][989]LogModuleManager: Shutting down and abandoning module MessageLog (73)
[2016.06.03-23.20.15:983][989]LogModuleManager: Shutting down and abandoning module Sequencer (72)
[2016.06.03-23.20.15:984][989]LogModuleManager: Shutting down and abandoning module AssetTools (71)
[2016.06.03-23.20.15:997][989]LogModuleManager: Shutting down and abandoning module UMGEditor (70)
[2016.06.03-23.20.16:015][989]LogModuleManager: Shutting down and abandoning module UMG (69)
[2016.06.03-23.20.16:015][989]LogModuleManager: Shutting down and abandoning module Slate (68)
[2016.06.03-23.20.16:015][989]LogModuleManager: Shutting down and abandoning module EditorStyle (67)
[2016.06.03-23.20.16:018][989]LogModuleManager: Shutting down and abandoning module SessionServices (66)
[2016.06.03-23.20.16:018][989]LogModuleManager: Shutting down and abandoning module SourceCodeAccess (65)
[2016.06.03-23.20.16:018][989]LogModuleManager: Shutting down and abandoning module HeadMountedDisplay (64)
[2016.06.03-23.20.16:019][989]LogModuleManager: Shutting down and abandoning module XAudio2 (63)
[2016.06.03-23.20.16:019][989]LogModuleManager: Shutting down and abandoning module Networking (61)
[2016.06.03-23.20.16:019][989]LogModuleManager: Shutting down and abandoning module Core (60)
[2016.06.03-23.20.16:019][989]LogModuleManager: Shutting down and abandoning module KismetCompiler (59)
[2016.06.03-23.20.16:019][989]LogModuleManager: Shutting down and abandoning module PhysXFormats (58)
[2016.06.03-23.20.16:019][989]LogModuleManager: Shutting down and abandoning module MeshUtilities (57)
[2016.06.03-23.20.16:020][989]LogModuleManager: Shutting down and abandoning module DerivedDataCache (56)
[2016.06.03-23.20.16:030][989]LogDerivedDataCache: Shutdown
[2016.06.03-23.20.16:030][989]LogModuleManager: Shutting down and abandoning module ShaderFormatOpenGL (55)
[2016.06.03-23.20.16:053][989]LogModuleManager: Shutting down and abandoning module ShaderFormatD3D (54)
[2016.06.03-23.20.16:053][989]LogModuleManager: Shutting down and abandoning module MetalShaderFormat (53)
[2016.06.03-23.20.16:066][989]LogModuleManager: Shutting down and abandoning module TextureFormatUncompressed (52)
[2016.06.03-23.20.16:066][989]LogModuleManager: Shutting down and abandoning module TextureFormatPVR (51)
[2016.06.03-23.20.16:066][989]LogModuleManager: Shutting down and abandoning module TextureFormatIntelISPCTexComp (50)
[2016.06.03-23.20.16:066][989]LogModuleManager: Shutting down and abandoning module TextureFormatDXT (49)
[2016.06.03-23.20.16:066][989]LogModuleManager: Shutting down and abandoning module ImageWrapper (48)
[2016.06.03-23.20.16:066][989]LogModuleManager: Shutting down and abandoning module TextureFormatASTC (47)
[2016.06.03-23.20.16:066][989]LogModuleManager: Shutting down and abandoning module TextureFormatAndroid (46)
[2016.06.03-23.20.16:066][989]LogModuleManager: Shutting down and abandoning module AudioFormatOpus (45)
[2016.06.03-23.20.16:066][989]LogModuleManager: Shutting down and abandoning module AudioFormatOgg (44)
[2016.06.03-23.20.16:067][989]LogModuleManager: Shutting down and abandoning module AudioFormatADPCM (43)
[2016.06.03-23.20.16:067][989]LogModuleManager: Shutting down and abandoning module LinuxTargetPlatform (42)
[2016.06.03-23.20.16:067][989]LogModuleManager: Shutting down and abandoning module LinuxServerTargetPlatform (41)
[2016.06.03-23.20.16:067][989]LogModuleManager: Shutting down and abandoning module LinuxNoEditorTargetPlatform (40)
[2016.06.03-23.20.16:067][989]LogModuleManager: Shutting down and abandoning module Messaging (39)
[2016.06.03-23.20.16:067][989]LogModuleManager: Shutting down and abandoning module IOSTargetPlatform (38)
[2016.06.03-23.20.16:067][989]LogModuleManager: Shutting down and abandoning module HTML5TargetPlatform (37)
[2016.06.03-23.20.16:067][989]LogModuleManager: Shutting down and abandoning module Android_PVRTCTargetPlatform (36)
[2016.06.03-23.20.16:067][989]LogModuleManager: Shutting down and abandoning module Android_MultiTargetPlatform (35)
[2016.06.03-23.20.16:067][989]LogModuleManager: Shutting down and abandoning module Android_ETC2TargetPlatform (34)
[2016.06.03-23.20.16:067][989]LogModuleManager: Shutting down and abandoning module Android_ETC1TargetPlatform (33)
[2016.06.03-23.20.16:067][989]LogModuleManager: Shutting down and abandoning module Android_DXTTargetPlatform (32)
[2016.06.03-23.20.16:067][989]LogModuleManager: Shutting down and abandoning module Android_ATCTargetPlatform (31)
[2016.06.03-23.20.16:067][989]LogModuleManager: Shutting down and abandoning module Android_ASTCTargetPlatform (30)
[2016.06.03-23.20.16:067][989]LogModuleManager: Shutting down and abandoning module AndroidTargetPlatform (29)
[2016.06.03-23.20.16:067][989]LogModuleManager: Shutting down and abandoning module WindowsTargetPlatform (28)
[2016.06.03-23.20.16:067][989]LogModuleManager: Shutting down and abandoning module WindowsServerTargetPlatform (27)
[2016.06.03-23.20.16:067][989]LogModuleManager: Shutting down and abandoning module WindowsNoEditorTargetPlatform (26)
[2016.06.03-23.20.16:067][989]LogModuleManager: Shutting down and abandoning module WindowsClientTargetPlatform (25)
[2016.06.03-23.20.16:067][989]LogModuleManager: Shutting down and abandoning module AllDesktopTargetPlatform (24)
[2016.06.03-23.20.16:067][989]LogModuleManager: Shutting down and abandoning module TargetPlatform (23)
[2016.06.03-23.20.16:067][989]LogModuleManager: Shutting down and abandoning module InputCore (22)
[2016.06.03-23.20.16:067][989]LogModuleManager: Shutting down and abandoning module Settings (21)
[2016.06.03-23.20.16:067][989]LogModuleManager: Shutting down and abandoning module OnlineSubsystem (19)
[2016.06.03-23.20.16:067][989]LogModuleManager: Shutting down and abandoning module HTTP (18)
[2016.06.03-23.20.18:070][989]LogModuleManager: Shutting down and abandoning module XMPP (17)
[2016.06.03-23.20.18:074][989]LogModuleManager: Shutting down and abandoning module OculusRift (16)
[2016.06.03-23.20.18:082][989]LogModuleManager: Shutting down and abandoning module ExampleDeviceProfileSelector (15)
[2016.06.03-23.20.18:082][989]LogModuleManager: Shutting down and abandoning module TextureCompressor (14)
[2016.06.03-23.20.18:082][989]LogModuleManager: Shutting down and abandoning module ShaderCore (13)
[2016.06.03-23.20.18:082][989]LogModuleManager: Shutting down and abandoning module Landscape (12)
[2016.06.03-23.20.18:082][989]LogModuleManager: Shutting down and abandoning module SlateRHIRenderer (11)
[2016.06.03-23.20.18:094][989]LogModuleManager: Shutting down and abandoning module OpenGLDrv (10)
[2016.06.03-23.20.18:098][989]LogModuleManager: Shutting down and abandoning module D3D11RHI (9)
[2016.06.03-23.20.18:099][989]LogModuleManager: Shutting down and abandoning module AnimGraphRuntime (8)
[2016.06.03-23.20.18:099][989]LogModuleManager: Shutting down and abandoning module Renderer (7)
[2016.06.03-23.20.18:099][989]LogModuleManager: Shutting down and abandoning module Engine (6)
[2016.06.03-23.20.18:099][989]LogModuleManager: Shutting down and abandoning module CoreUObject (5)
[2016.06.03-23.20.18:099][989]LogModuleManager: Shutting down and abandoning module NetworkFile (4)
[2016.06.03-23.20.18:110][989]LogModuleManager: Shutting down and abandoning module StreamingFile (3)
[2016.06.03-23.20.18:110][989]LogModuleManager: Shutting down and abandoning module SandboxFile (2)
[2016.06.03-23.20.18:115][989]LogModuleManager: Shutting down and abandoning module PakFile (1)
[2016.06.03-23.20.18:123][989]LogExit: Exiting.
[2016.06.03-23.20.18:129][989]Log file closed, 06/04/16 01:20:18
