[2016.02.13-15.39.22:071][  0]Log file open, 02/13/16 16:39:22
[2016.02.13-15.39.22:071][  0]LogInit:Display: Running engine for game: Runner
[2016.02.13-15.39.22:071][  0]LogPlatformFile: Not using cached read wrapper
[2016.02.13-15.39.22:071][  0]LogInit:Display: RandInit(614211481) SRandInit(614211482).
[2016.02.13-15.39.22:071][  0]LogTaskGraph: Started task graph with 4 named threads and 7 total threads.
[2016.02.13-15.39.22:071][  0]LogStats: Stats thread started at 0.071260
[2016.02.13-15.39.22:071][  0]LogInit: Version: 4.10.2-2818068+++depot+UE4-Releases+4.10
[2016.02.13-15.39.22:071][  0]LogInit: API Version: 2758231
[2016.02.13-15.39.22:071][  0]LogInit: Compiled (64-bit): Jan  6 2016 17:36:42
[2016.02.13-15.39.22:071][  0]LogInit: Compiled with Visual C++: 19.00.23026.00
[2016.02.13-15.39.22:071][  0]LogInit: Build Configuration: Development
[2016.02.13-15.39.22:071][  0]LogInit: Branch Name: ++depot+UE4-Releases+4.10
[2016.02.13-15.39.22:071][  0]LogInit: Command line:  
[2016.02.13-15.39.22:071][  0]LogInit: Base directory: C:/Program Files/Epic Games/4.10/Engine/Binaries/Win64/
[2016.02.13-15.39.22:071][  0]LogInit: Rocket: 1
[2016.02.13-15.39.22:077][  0]LogInit: Using libcurl 7.41.0
[2016.02.13-15.39.22:077][  0]LogInit:  - built for x86_64-pc-win32
[2016.02.13-15.39.22:077][  0]LogInit:  - supports SSL with WinSSL
[2016.02.13-15.39.22:077][  0]LogInit:  - other features:
[2016.02.13-15.39.22:077][  0]LogInit:      CURL_VERSION_SSL
[2016.02.13-15.39.22:077][  0]LogInit:      CURL_VERSION_IPV6
[2016.02.13-15.39.22:077][  0]LogInit:      CURL_VERSION_ASYNCHDNS
[2016.02.13-15.39.22:077][  0]LogInit:      CURL_VERSION_LARGEFILE
[2016.02.13-15.39.22:077][  0]LogInit:      CURL_VERSION_IDN
[2016.02.13-15.39.22:077][  0]LogInit:  CurlRequestOptions (configurable via config and command line):
[2016.02.13-15.39.22:077][  0]LogInit:  - bVerifyPeer = true  - Libcurl will verify peer certificate
[2016.02.13-15.39.22:077][  0]LogInit:  - bUseHttpProxy = false  - Libcurl will NOT use HTTP proxy
[2016.02.13-15.39.22:077][  0]LogInit:  - bDontReuseConnections = false  - Libcurl will reuse connections
[2016.02.13-15.39.22:078][  0]LogInit:  - CertBundlePath = nullptr  - Libcurl will use whatever was configured at build time.
[2016.02.13-15.39.22:084][  0]LogInit: Presizing for 0 objects not considered by GC, pre-allocating 0 bytes.
[2016.02.13-15.39.22:090][  0]LogInit: Object subsystem initialized
[2016.02.13-15.39.22:090][  0]LogInit: Selected Device Profile: [Windows]
[2016.02.13-15.39.22:090][  0]LogInit: Applying CVar settings loaded from the selected device profile: [Windows]
[2016.02.13-15.39.22:099][  0]LogInit: Computer: JOHANS_MONSTER
[2016.02.13-15.39.22:099][  0]LogInit: User: Johan
[2016.02.13-15.39.22:099][  0]LogInit: CPU Page size=4096, Cores=4
[2016.02.13-15.39.22:099][  0]LogInit: High frequency timer resolution =3.312790 MHz
[2016.02.13-15.39.22:099][  0]LogMemory: Memory total: Physical=16.0GB (16GB approx)
[2016.02.13-15.39.22:099][  0]LogMemory: Platform Memory Stats for Windows
[2016.02.13-15.39.22:099][  0]LogMemory: Process Physical Memory: 56.20 MB used, 56.20 MB peak
[2016.02.13-15.39.22:099][  0]LogMemory: Process Virtual Memory: 58.68 MB used, 58.68 MB peak
[2016.02.13-15.39.22:099][  0]LogMemory: Physical Memory: 3389.14 MB used, 16337.33 MB total
[2016.02.13-15.39.22:099][  0]LogMemory: Virtual Memory: 384.78 MB used, 134217728.00 MB total
[2016.02.13-15.39.22:136][  0]LogTextLocalizationManager: No translations for ('sv-SE') exist, falling back to 'en' for localization and internationalization data.
[2016.02.13-15.39.22:485][  0]LogD3D11RHI: Found D3D11 adapter 0: NVIDIA GeForce GTX 560 SE (Feature Level 11_0)
[2016.02.13-15.39.22:485][  0]LogD3D11RHI: Adapter has 977MB of dedicated video memory, 0MB of dedicated system memory, and 8168MB of shared system memory, 1 output[s]
[2016.02.13-15.39.22:486][  0]LogD3D11RHI: Found D3D11 adapter 1: Microsoft Basic Render Driver (Feature Level 11_0)
[2016.02.13-15.39.22:486][  0]LogD3D11RHI: Adapter has 0MB of dedicated video memory, 0MB of dedicated system memory, and 8168MB of shared system memory, 0 output[s]
[2016.02.13-15.39.22:486][  0]LogD3D11RHI: Chosen D3D11 Adapter Id = 0
[2016.02.13-15.39.22:489][  0]LogD3D11RHI: !Direct3DDevice
[2016.02.13-15.39.22:489][  0]LogRHI: Texture pool is 684 MB (70% of 977 MB)
[2016.02.13-15.39.22:501][  0]LogD3D11RHI: Async texture creation enabled
[2016.02.13-15.39.22:517][  0]LogShaderCompilers: Guid format shader working directory is -7 characters bigger than the processId version (../../../../../../Users/Johan/Documents/GitHub/Runner/Intermediate/Shaders/WorkingDirectory/9284/).
[2016.02.13-15.39.22:517][  0]LogShaderCompilers: Cleaned the shader compiler working directory 'C:/Users/Johan/AppData/Local/Temp/UnrealShaderWorkingDir/AF7B2FF3451DCF4775A9F8A3F6300653/'.
[2016.02.13-15.39.22:517][  0]LogShaderCompilers:Display: Using Local Shader Compiler.
[2016.02.13-15.39.23:297][  0]LogTemp:Display: Loaded TP AllDesktopTargetPlatform
[2016.02.13-15.39.23:302][  0]LogTemp:Display: Loaded TP WindowsClientTargetPlatform
[2016.02.13-15.39.23:306][  0]LogTemp:Display: Loaded TP WindowsNoEditorTargetPlatform
[2016.02.13-15.39.23:311][  0]LogTemp:Display: Loaded TP WindowsServerTargetPlatform
[2016.02.13-15.39.23:315][  0]LogTemp:Display: Loaded TP WindowsTargetPlatform
[2016.02.13-15.39.23:318][  0]LogTemp:Display: Loaded TP AndroidTargetPlatform
[2016.02.13-15.39.23:321][  0]LogTemp:Display: Loaded TP Android_ASTCTargetPlatform
[2016.02.13-15.39.23:323][  0]LogTemp:Display: Loaded TP Android_ATCTargetPlatform
[2016.02.13-15.39.23:326][  0]LogTemp:Display: Loaded TP Android_DXTTargetPlatform
[2016.02.13-15.39.23:329][  0]LogTemp:Display: Loaded TP Android_ETC1TargetPlatform
[2016.02.13-15.39.23:331][  0]LogTemp:Display: Loaded TP Android_ETC2TargetPlatform
[2016.02.13-15.39.23:337][  0]LogTemp:Display: Loaded TP Android_MultiTargetPlatform
[2016.02.13-15.39.23:337][  0]LogTemp:Display: Loaded TP Android_PVRTCTargetPlatform
[2016.02.13-15.39.23:338][  0]LogTemp:Display: Loaded TP HTML5TargetPlatform
[2016.02.13-15.39.23:355][  0]LogTemp:Display: Loaded TP IOSTargetPlatform
[2016.02.13-15.39.23:357][  0]LogTemp:Display: Loaded TP LinuxNoEditorTargetPlatform
[2016.02.13-15.39.23:360][  0]LogTemp:Display: Loaded TP LinuxServerTargetPlatform
[2016.02.13-15.39.23:362][  0]LogTemp:Display: Loaded TP LinuxTargetPlatform
[2016.02.13-15.39.23:362][  0]LogTargetPlatformManager:Display: Building Assets For Windows
[2016.02.13-15.39.23:445][  0]LogDerivedDataCache:Display: Max Cache Size: 512 MB
[2016.02.13-15.39.23:487][  0]LogDerivedDataCache: Loaded boot cache 0.04s 41MB C:/Users/Johan/AppData/Local/UnrealEngine/4.10/DerivedDataCache/Boot.ddc.
[2016.02.13-15.39.23:487][  0]LogDerivedDataCache:Display: Loaded Boot cache: C:/Users/Johan/AppData/Local/UnrealEngine/4.10/DerivedDataCache/Boot.ddc
[2016.02.13-15.39.23:487][  0]LogDerivedDataCache: FDerivedDataBackendGraph:  Pak pak cache file ../../../../../../Users/Johan/Documents/GitHub/Runner/DerivedDataCache/DDC.ddp not found, will not use a pak cache.
[2016.02.13-15.39.23:487][  0]LogDerivedDataCache: Unable to find inner node Pak for hierarchical cache Hierarchy.
[2016.02.13-15.39.23:487][  0]LogDerivedDataCache: FDerivedDataBackendGraph:  CompressedPak pak cache file ../../../../../../Users/Johan/Documents/GitHub/Runner/DerivedDataCache/Compressed.ddp not found, will not use a pak cache.
[2016.02.13-15.39.23:487][  0]LogDerivedDataCache: Unable to find inner node CompressedPak for hierarchical cache Hierarchy.
[2016.02.13-15.39.23:542][  0]LogDerivedDataCache:Display: Pak cache opened for reading ../../../Engine/DerivedDataCache/Compressed.ddp.
[2016.02.13-15.39.23:554][  0]LogDerivedDataCache: Using Local data cache path C:/Users/Johan/AppData/Local/UnrealEngine/Common/DerivedDataCache: Writable
[2016.02.13-15.39.23:736][  0]LogInit: Selected Device Profile: [Windows]
[2016.02.13-15.39.23:738][  0]LogContentStreaming: Texture pool size is 0.000000MB
[2016.02.13-15.39.23:840][  0]LogMeshUtilities: No automatic mesh reduction module available
[2016.02.13-15.39.23:840][  0]LogMeshUtilities: No automatic mesh merging module available
[2016.02.13-15.39.24:036][  0]LogInit: WinSock: version 1.1 (2.2), MaxSocks=32767, MaxUdp=65467
[2016.02.13-15.39.24:720][  0]UdpMessaging: Initializing bridge on interface 0.0.0.0:0 to multicast group 230.0.0.1:6666.
[2016.02.13-15.39.24:832][  0]LogAssetRegistry: FAssetRegistry took 0.0114 seconds to start up
[2016.02.13-15.39.24:986][  0]SourceControl: Info Source control is disabled
[2016.02.13-15.39.24:987][  0]SourceControl: Info Source control is disabled
[2016.02.13-15.39.25:001][  0]SourceControl: Info Source control is disabled
[2016.02.13-15.39.25:014][  0]SourceControl: Info Source control is disabled
[2016.02.13-15.39.25:265][  0]LogObj: 28633 objects as part of root set at end of initial load.
[2016.02.13-15.39.25:265][  0]LogUObjectAllocator: 6099752 out of 0 bytes used by permanent object pool.
[2016.02.13-15.39.25:316][  0]LogEngine: Initializing Engine...
[2016.02.13-15.39.25:319][  0]LogHMD: Can't find Oculus library dev build: is proper Runtime installed? Version: 0.8.0.0
[2016.02.13-15.39.25:319][  0]LogHMD: SteamVR failed to initialize.  Err: 110
[2016.02.13-15.39.25:426][  0]LogAIModule: Creating AISystem for world NewWorld
[2016.02.13-15.39.25:431][  0]LogInit: XAudio2 using 'Speakers (Realtek High Definition Audio)' : 2 channels at 48 kHz using 32 bits per sample (channel mask 0x3)
[2016.02.13-15.39.25:454][  0]LogInit: FAudioDevice initialized.
[2016.02.13-15.39.25:473][  0]LogDerivedDataCache: Saved boot cache 0.02s 41MB C:/Users/Johan/AppData/Local/UnrealEngine/4.10/DerivedDataCache/Boot.ddc.
[2016.02.13-15.39.25:479][  0]LogInit: Texture streaming: Enabled
[2016.02.13-15.39.25:485][  0]LogAnalytics: Creating configured Analytics provider AnalyticsET
[2016.02.13-15.39.25:485][  0]LogAnalytics: [UEEditor.Rocket.Release] APIServer = http://et2.epicgames.com/ET2/. AppVersion = 4.10.2-2818068+++depot+UE4-Releases+4.10
[2016.02.13-15.39.25:485][  0]LogAnalytics: [UEEditor.Rocket.Release] SetUserId e13f53c54a08433fc09043aa962b451a|75ba5683578c43329a0522a4b145a097|e6dac55f-4bf9-412a-b229-53d1a5ef9356
[2016.02.13-15.39.25:485][  0]LogAnalytics: [UEEditor.Rocket.Release] AnalyticsET::StartSession
[2016.02.13-15.39.25:493][  0]LogInit: Transaction tracking system initialized
[2016.02.13-15.39.25:521][  0]BlueprintLog: New page: Editor Load
[2016.02.13-15.39.25:602][  0]LocalizationService: Info Localization service is disabled
[2016.02.13-15.39.25:676][  0]LogConsoleResponse:Display: 
[2016.02.13-15.39.25:773][  0]LogCook:Display: Done creating registry. It took  0.00s.
[2016.02.13-15.39.25:840][  0]LogFileCache: Scanning file cache for directory 'C:/Users/Johan/Documents/GitHub/Runner/Content/' took 0.01s
[2016.02.13-15.39.25:840][  0]SourceControl: Info Source control is disabled
[2016.02.13-15.39.25:840][  0]Cmd: MAP LOAD FILE="../../../../../../Users/Johan/Documents/GitHub/Runner/Content/RunnerAssets/RunnerMap.umap" TEMPLATE=0 SHOWPROGRESS=1 FEATURELEVEL=3
[2016.02.13-15.39.25:840][  0]LightingResults: New page: Lighting Build
[2016.02.13-15.39.25:844][  0]MapCheck: New page: Map Check
[2016.02.13-15.39.25:844][  0]LightingResults: New page: Lighting Build
[2016.02.13-15.39.25:854][  0]LogParticles: Destroying 0 GPU particle simulations for FXSystem 0x000001EB2137BB00
[2016.02.13-15.39.26:385][  0]LogAIModule: Creating AISystem for world RunnerMap
[2016.02.13-15.39.26:392][  0]LogEditorServer: Finished looking for orphan Actors (0.000 secs)
[2016.02.13-15.39.26:392][  0]Cmd: MAP CHECKDEP NOCLEARLOG
[2016.02.13-15.39.26:440][  0]MapCheck: Info Map check complete: 0 Error(s), 0 Warning(s), took 47.887ms to complete.
[2016.02.13-15.39.26:440][  0]LogFileHelpers: Loading map 'RunnerMap' took 0.600
[2016.02.13-15.39.26:605][  0]LogCollectionManager: Loaded 0 collections in 0.002198 seconds
[2016.02.13-15.39.26:643][  0]LogFileCache: Scanning file cache for directory 'C:/Users/Johan/Documents/GitHub/Runner/Saved/Collections/' took 0.01s
[2016.02.13-15.39.26:643][  0]LogFileCache: Scanning file cache for directory 'C:/Users/Johan/Documents/GitHub/Runner/Content/Developers/Johan/Collections/' took 0.01s
[2016.02.13-15.39.26:643][  0]LogFileCache: Scanning file cache for directory 'C:/Users/Johan/Documents/GitHub/Runner/Content/Collections/' took 0.01s
[2016.02.13-15.39.26:643][  0]LogCollectionManager: Rebuilt the GUID cache for 0 collections in 0.000002 seconds
[2016.02.13-15.39.26:651][  0]LogContentBrowser: Native class hierarchy populated in 0.0073 seconds. Added 1893 classes and 338 folders.
[2016.02.13-15.39.26:657][  0]LogContentBrowser: Native class hierarchy updated for 'WidgetCarousel' in 0.0003 seconds. Added 0 classes and 0 folders.
[2016.02.13-15.39.26:701][  0]LogContentBrowser: Native class hierarchy updated for 'AddContentDialog' in 0.0003 seconds. Added 0 classes and 0 folders.
[2016.02.13-15.39.26:705][  0]LogContentBrowser: Native class hierarchy updated for 'SceneOutliner' in 0.0003 seconds. Added 1 classes and 2 folders.
[2016.02.13-15.39.26:725][  0]LogCrashTracker: Crashtracker disabled due to settings.
[2016.02.13-15.39.26:729][  0]LogUObjectGlobals:Warning: Failed to find object 'Class None.'
[2016.02.13-15.39.26:751][  0]LogLoad: Full Startup: 5.05 seconds (BP compile: 0.13 seconds)
[2016.02.13-15.39.26:761][  0]LogWindowsTextInputMethodSystem:Display: IME system now deactivated.
[2016.02.13-15.39.26:761][  0]LogWindowsTextInputMethodSystem:Display: IME system now deactivated.
[2016.02.13-15.39.26:763][  0]LogOcInput: Can't find Oculus library dev build: is proper Runtime installed? Version: 0.8.0.0
[2016.02.13-15.39.26:813][  0]LogContentStreaming: Texture pool size now 1000 MB
[2016.02.13-15.39.26:959][  1]LogRenderer: Reallocating scene render targets to support 948x508 (Frame:2).
[2016.02.13-15.39.27:169][  4]LogAssetRegistry: Asset discovery search completed in 2.3488 seconds
[2016.02.13-15.39.27:169][  4]LogCollectionManager: Rebuilt the object cache for 0 collections in 0.000001 seconds (found 0 objects)
[2016.02.13-15.39.27:169][  4]LogCollectionManager: Fixed up redirectors for 0 collections in 0.000018 seconds (updated 0 objects)
[2016.02.13-15.42.05:851][998]LogBlueprintUserMessages: Early PlayInEditor Detection: Level '/Game/RunnerAssets/RunnerMap.RunnerMap:PersistentLevel' has LevelScriptBlueprint '/Game/RunnerAssets/RunnerMap.RunnerMap:PersistentLevel.RunnerMap' with GeneratedClass '/Game/RunnerAssets/RunnerMap.RunnerMap_C' with ClassGeneratedBy '/Game/RunnerAssets/RunnerMap.RunnerMap:PersistentLevel.RunnerMap'
[2016.02.13-15.42.05:851][998]LogPlayLevel: PlayLevel: No blueprints needed recompiling
[2016.02.13-15.42.05:852][998]PIE: New page: PIE session: RunnerMap (Feb 13, 2016, 5:42:05 PM)
[2016.02.13-15.42.05:852][998]LogPlayLevel: Creating play world package: /Game/RunnerAssets/UEDPIE_0_RunnerMap
[2016.02.13-15.42.05:881][998]LogPlayLevel: PIE: StaticDuplicateObject took: (0.028901s)
[2016.02.13-15.42.05:882][998]LogAIModule: Creating AISystem for world RunnerMap
[2016.02.13-15.42.05:882][998]LogPlayLevel: PIE: World Init took: (0.001336s)
[2016.02.13-15.42.05:882][998]LogPlayLevel: PIE: Created PIE world by copying editor world from /Game/RunnerAssets/RunnerMap.RunnerMap to /Game/RunnerAssets/UEDPIE_0_RunnerMap.RunnerMap (0.030697s)
[2016.02.13-15.42.05:916][998]LogInit: XAudio2 using 'Speakers (Realtek High Definition Audio)' : 2 channels at 48 kHz using 32 bits per sample (channel mask 0x3)
[2016.02.13-15.42.05:926][998]LogInit: FAudioDevice initialized.
[2016.02.13-15.42.05:974][998]LogLinker:Warning: Can't find file '/Game/SideScrollerBP/Blueprints/SideScrollerGameMode'
[2016.02.13-15.42.05:974][998]LogLinker:Warning: Can't find file '/Game/SideScrollerBP/Blueprints/SideScrollerGameMode'
[2016.02.13-15.42.05:975][998]LogUObjectGlobals:Warning: Failed to find object 'Class /Game/SideScrollerBP/Blueprints/SideScrollerGameMode.SideScrollerGameMode_C'
[2016.02.13-15.42.05:975][998]LogWorld: Game class is 'GameMode'
[2016.02.13-15.42.05:978][998]LogWorld: Bringing World /Game/RunnerAssets/UEDPIE_0_RunnerMap.RunnerMap up for play (max tick rate 0) at 2016.02.13-16.42.05
[2016.02.13-15.42.05:979][998]LogActor:Warning: GameSession /Game/RunnerAssets/UEDPIE_0_RunnerMap.RunnerMap:PersistentLevel.GameSession_0 has natively added scene component(s), but none of them were set as the actor's RootComponent - picking one arbitrarily
[2016.02.13-15.42.05:979][998]LogActor:Warning: GameNetworkManager /Game/RunnerAssets/UEDPIE_0_RunnerMap.RunnerMap:PersistentLevel.GameNetworkManager_0 has natively added scene component(s), but none of them were set as the actor's RootComponent - picking one arbitrarily
[2016.02.13-15.42.05:979][998]LogWorld: Bringing up level for play took: 0.003280
[2016.02.13-15.42.05:980][998]LogGameMode: Warning - PATHS NOT DEFINED or NO PLAYERSTART with positive rating
[2016.02.13-15.42.05:980][998]PIE: Info Play in editor start time for /Game/RunnerAssets/UEDPIE_0_RunnerMap -0.179
[2016.02.13-15.42.05:980][998]LogBlueprintUserMessages: Late PlayInEditor Detection: Level '/Game/RunnerAssets/RunnerMap.RunnerMap:PersistentLevel' has LevelScriptBlueprint '/Game/RunnerAssets/RunnerMap.RunnerMap:PersistentLevel.RunnerMap' with GeneratedClass '/Game/RunnerAssets/RunnerMap.RunnerMap_C' with ClassGeneratedBy '/Game/RunnerAssets/RunnerMap.RunnerMap:PersistentLevel.RunnerMap'
[2016.02.13-15.43.53:271][747]LogBlueprintUserMessages: Early EndPlayMap Detection: Level '/Game/RunnerAssets/RunnerMap.RunnerMap:PersistentLevel' has LevelScriptBlueprint '/Game/RunnerAssets/RunnerMap.RunnerMap:PersistentLevel.RunnerMap' with GeneratedClass '/Game/RunnerAssets/RunnerMap.RunnerMap_C' with ClassGeneratedBy '/Game/RunnerAssets/RunnerMap.RunnerMap:PersistentLevel.RunnerMap'
[2016.02.13-15.43.53:305][747]LogBlueprintUserMessages: Late EndPlayMap Detection: Level '/Game/RunnerAssets/RunnerMap.RunnerMap:PersistentLevel' has LevelScriptBlueprint '/Game/RunnerAssets/RunnerMap.RunnerMap:PersistentLevel.RunnerMap' with GeneratedClass '/Game/RunnerAssets/RunnerMap.RunnerMap_C' with ClassGeneratedBy '/Game/RunnerAssets/RunnerMap.RunnerMap:PersistentLevel.RunnerMap'
[2016.02.13-15.43.53:326][747]LogParticles: Destroying 0 GPU particle simulations for FXSystem 0x000001EB2F5293A0
[2016.02.13-15.44.38:584][  9]LogWindowsTextInputMethodSystem:Display: IME system now deactivated.
[2016.02.13-15.44.38:584][  9]LogWindowsTextInputMethodSystem:Display: IME system now deactivated.
[2016.02.13-15.44.38:766][ 10]Cmd: QUIT_EDITOR
[2016.02.13-15.44.39:637][ 10]LogExit: Preparing to exit.
[2016.02.13-15.49.39:998][ 10]LogExit: Editor shut down
[2016.02.13-15.49.39:998][ 10]LogExit: Transaction tracking system shut down
[2016.02.13-15.49.40:001][ 10]LogParticles: Destroying 0 GPU particle simulations for FXSystem 0x000001EB139C54E0
[2016.02.13-15.49.40:001][ 10]LogParticles: Destroying 0 GPU particle simulations for FXSystem 0x000001EB2F8A3880
[2016.02.13-15.49.40:130][ 10]LogParticles: Destroying 0 GPU particle simulations for FXSystem 0x000001EB305BE0C0
[2016.02.13-15.49.40:130][ 10]LogParticles: Destroying 0 GPU particle simulations for FXSystem 0x000001EB305BE200
[2016.02.13-15.49.40:130][ 10]LogExit: Object subsystem successfully closed.
[2016.02.13-15.49.40:150][ 10]LogD3D11RHI: Shutdown
[2016.02.13-15.49.40:150][ 10]LogD3D11RHI: CleanupD3DDevice
[2016.02.13-15.49.40:275][ 10]LogD3D11RHI: ~FD3D11DynamicRHI
[2016.02.13-15.49.40:290][ 10]LogModuleManager: Shutting down and abandoning module CrashTracker (198)
[2016.02.13-15.49.40:290][ 10]LogModuleManager: Shutting down and abandoning module SceneOutliner (197)
[2016.02.13-15.49.40:290][ 10]LogModuleManager: Shutting down and abandoning module SuperSearch (196)
[2016.02.13-15.49.40:290][ 10]LogModuleManager: Shutting down and abandoning module WidgetCarousel (195)
[2016.02.13-15.49.40:290][ 10]LogModuleManager: Shutting down and abandoning module AddContentDialog (194)
[2016.02.13-15.49.40:292][ 10]LogModuleManager: Shutting down and abandoning module EditorWidgets (193)
[2016.02.13-15.49.40:292][ 10]LogModuleManager: Shutting down and abandoning module CollectionManager (192)
[2016.02.13-15.49.40:292][ 10]LogModuleManager: Shutting down and abandoning module StatsViewer (191)
[2016.02.13-15.49.40:292][ 10]LogModuleManager: Shutting down and abandoning module FoliageEdit (190)
[2016.02.13-15.49.40:292][ 10]LogModuleManager: Shutting down and abandoning module LandscapeEditor (189)
[2016.02.13-15.49.40:293][ 10]LogModuleManager: Shutting down and abandoning module ActorPickerMode (188)
[2016.02.13-15.49.40:293][ 10]LogModuleManager: Shutting down and abandoning module GeometryMode (187)
[2016.02.13-15.49.40:293][ 10]LogModuleManager: Shutting down and abandoning module TextureAlignMode (186)
[2016.02.13-15.49.40:293][ 10]LogModuleManager: Shutting down and abandoning module BspMode (185)
[2016.02.13-15.49.40:293][ 10]LogModuleManager: Shutting down and abandoning module PlacementMode (184)
[2016.02.13-15.49.40:293][ 10]LogModuleManager: Shutting down and abandoning module AutomationWorker (183)
[2016.02.13-15.49.40:293][ 10]LogModuleManager: Shutting down and abandoning module CharacterAI (182)
[2016.02.13-15.49.40:293][ 10]LogModuleManager: Shutting down and abandoning module SmartSnapping (181)
[2016.02.13-15.49.40:293][ 10]LogModuleManager: Shutting down and abandoning module ViewportSnapping (180)
[2016.02.13-15.49.40:293][ 10]LogModuleManager: Shutting down and abandoning module LogVisualizer (179)
[2016.02.13-15.49.40:293][ 10]LogModuleManager: Shutting down and abandoning module GameProjectGeneration (178)
[2016.02.13-15.49.40:293][ 10]LogModuleManager: Shutting down and abandoning module IntroTutorials (177)
[2016.02.13-15.49.40:293][ 10]LogModuleManager: Shutting down and abandoning module EditorLiveStreaming (176)
[2016.02.13-15.49.40:293][ 10]LogModuleManager: Shutting down and abandoning module IOSPlatformEditor (175)
[2016.02.13-15.49.40:293][ 10]LogModuleManager: Shutting down and abandoning module HTML5PlatformEditor (174)
[2016.02.13-15.49.40:293][ 10]LogModuleManager: Shutting down and abandoning module AndroidDeviceDetection (173)
[2016.02.13-15.49.40:838][ 10]LogModuleManager: Shutting down and abandoning module AndroidPlatformEditor (172)
[2016.02.13-15.49.40:839][ 10]LogModuleManager: Shutting down and abandoning module IOSRuntimeSettings (171)
[2016.02.13-15.49.40:839][ 10]LogModuleManager: Shutting down and abandoning module AndroidRuntimeSettings (170)
[2016.02.13-15.49.40:839][ 10]LogModuleManager: Shutting down and abandoning module MergeActors (169)
[2016.02.13-15.49.40:839][ 10]LogModuleManager: Shutting down and abandoning module SizeMap (168)
[2016.02.13-15.49.40:839][ 10]LogModuleManager: Shutting down and abandoning module TreeMap (167)
[2016.02.13-15.49.40:839][ 10]LogModuleManager: Shutting down and abandoning module ReferenceViewer (166)
[2016.02.13-15.49.40:839][ 10]LogModuleManager: Shutting down and abandoning module LocalizationService (165)
[2016.02.13-15.49.40:839][ 10]LogModuleManager: Shutting down and abandoning module LocalizationDashboard (164)
[2016.02.13-15.49.40:839][ 10]LogModuleManager: Shutting down and abandoning module HardwareTargeting (163)
[2016.02.13-15.49.40:839][ 10]LogModuleManager: Shutting down and abandoning module DeviceProfileEditor (162)
[2016.02.13-15.49.40:839][ 10]LogModuleManager: Shutting down and abandoning module UndoHistory (161)
[2016.02.13-15.49.40:839][ 10]LogModuleManager: Shutting down and abandoning module GameplayTagsEditor (160)
[2016.02.13-15.49.40:839][ 10]LogModuleManager: Shutting down and abandoning module UserFeedback (159)
[2016.02.13-15.49.40:839][ 10]LogModuleManager: Shutting down and abandoning module XmlParser (158)
[2016.02.13-15.49.40:839][ 10]LogModuleManager: Shutting down and abandoning module Blutility (157)
[2016.02.13-15.49.40:839][ 10]LogModuleManager: Shutting down and abandoning module ProjectTargetPlatformEditor (156)
[2016.02.13-15.49.40:839][ 10]LogModuleManager: Shutting down and abandoning module ProjectSettingsViewer (155)
[2016.02.13-15.49.40:839][ 10]LogModuleManager: Shutting down and abandoning module InputBindingEditor (154)
[2016.02.13-15.49.40:839][ 10]LogModuleManager: Shutting down and abandoning module EditorSettingsViewer (153)
[2016.02.13-15.49.40:839][ 10]LogModuleManager: Shutting down and abandoning module SettingsEditor (152)
[2016.02.13-15.49.40:839][ 10]LogModuleManager: Shutting down and abandoning module ProjectLauncher (151)
[2016.02.13-15.49.40:839][ 10]LogModuleManager: Shutting down and abandoning module SessionFrontend (150)
[2016.02.13-15.49.40:839][ 10]LogModuleManager: Shutting down and abandoning module ProfilerClient (149)
[2016.02.13-15.49.40:839][ 10]LogModuleManager: Shutting down and abandoning module TargetDeviceServices (148)
[2016.02.13-15.49.40:839][ 10]LogModuleManager: Shutting down and abandoning module DeviceManager (147)
[2016.02.13-15.49.40:839][ 10]LogModuleManager: Shutting down and abandoning module AutomationController (146)
[2016.02.13-15.49.40:839][ 10]LogModuleManager: Shutting down and abandoning module AutomationWindow (145)
[2016.02.13-15.49.40:839][ 10]LogModuleManager: Shutting down and abandoning module Layers (144)
[2016.02.13-15.49.40:839][ 10]LogModuleManager: Shutting down and abandoning module ComponentVisualizers (143)
[2016.02.13-15.49.40:839][ 10]LogModuleManager: Shutting down and abandoning module DetailCustomizations (142)
[2016.02.13-15.49.40:839][ 10]LogModuleManager: Shutting down and abandoning module PackagesDialog (141)
[2016.02.13-15.49.40:839][ 10]LogModuleManager: Shutting down and abandoning module Persona (140)
[2016.02.13-15.49.40:839][ 10]LogModuleManager: Shutting down and abandoning module Kismet (139)
[2016.02.13-15.49.40:839][ 10]LogModuleManager: Shutting down and abandoning module GraphEditor (138)
[2016.02.13-15.49.40:839][ 10]LogModuleManager: Shutting down and abandoning module ClassViewer (137)
[2016.02.13-15.49.40:840][ 10]LogModuleManager: Shutting down and abandoning module Toolbox (136)
[2016.02.13-15.49.40:840][ 10]LogModuleManager: Shutting down and abandoning module ModuleUI (135)
[2016.02.13-15.49.40:840][ 10]LogModuleManager: Shutting down and abandoning module MovieSceneTools (134)
[2016.02.13-15.49.40:840][ 10]LogModuleManager: Shutting down and abandoning module OutputLog (133)
[2016.02.13-15.49.40:840][ 10]LogModuleManager: Shutting down and abandoning module GammaUI (132)
[2016.02.13-15.49.40:840][ 10]LogModuleManager: Shutting down and abandoning module Documentation (131)
[2016.02.13-15.49.40:840][ 10]LogModuleManager: Shutting down and abandoning module GameLiveStreaming (130)
[2016.02.13-15.49.40:840][ 10]LogModuleManager: Shutting down and abandoning module StreamingPauseRendering (129)
[2016.02.13-15.49.40:840][ 10]LogModuleManager: Shutting down and abandoning module AnalyticsET (128)
[2016.02.13-15.49.40:840][ 10]LogModuleManager: Shutting down and abandoning module Analytics (127)
[2016.02.13-15.49.40:840][ 10]LogModuleManager: Shutting down and abandoning module AITestSuite (126)
[2016.02.13-15.49.40:840][ 10]LogModuleManager: Shutting down and abandoning module GameplayDebugger (125)
[2016.02.13-15.49.40:840][ 10]LogModuleManager: Shutting down and abandoning module AIModule (124)
[2016.02.13-15.49.40:840][ 10]LogModuleManager: Shutting down and abandoning module ProfilerService (123)
[2016.02.13-15.49.40:952][ 10]LogModuleManager: Shutting down and abandoning module TaskGraph (122)
[2016.02.13-15.49.40:952][ 10]LogModuleManager: Shutting down and abandoning module SlateRemote (121)
[2016.02.13-15.49.40:952][ 10]LogModuleManager: Shutting down and abandoning module SteamVRController (120)
[2016.02.13-15.49.40:952][ 10]LogModuleManager: Shutting down and abandoning module SteamVR (119)
[2016.02.13-15.49.40:952][ 10]LogModuleManager: Shutting down and abandoning module ProceduralMeshComponent (118)
[2016.02.13-15.49.40:952][ 10]LogModuleManager: Shutting down and abandoning module OculusLibrary (117)
[2016.02.13-15.49.40:952][ 10]LogModuleManager: Shutting down and abandoning module OculusInput (116)
[2016.02.13-15.49.40:952][ 10]LogModuleManager: Shutting down and abandoning module LeapMotionController (115)
[2016.02.13-15.49.40:976][ 10]LogModuleManager: Shutting down and abandoning module CustomMeshComponent (114)
[2016.02.13-15.49.40:976][ 10]LogModuleManager: Shutting down and abandoning module CableComponent (113)
[2016.02.13-15.49.40:976][ 10]LogModuleManager: Shutting down and abandoning module ArchVisCharacter (112)
[2016.02.13-15.49.40:976][ 10]LogModuleManager: Shutting down and abandoning module MessagingDebugger (111)
[2016.02.13-15.49.40:976][ 10]LogModuleManager: Shutting down and abandoning module MediaPlayerEditor (110)
[2016.02.13-15.49.40:976][ 10]LogModuleManager: Shutting down and abandoning module HTML5Networking (109)
[2016.02.13-15.49.40:976][ 10]LogModuleManager: Shutting down and abandoning module SpeedTreeImporter (108)
[2016.02.13-15.49.40:976][ 10]LogModuleManager: Shutting down and abandoning module PluginBrowser (107)
[2016.02.13-15.49.40:976][ 10]LogModuleManager: Shutting down and abandoning module EpicSurvey (106)
[2016.02.13-15.49.40:976][ 10]LogModuleManager: Shutting down and abandoning module DesktopPlatform (105)
[2016.02.13-15.49.40:976][ 10]LogModuleManager: Shutting down and abandoning module VisualStudioSourceCodeAccess (104)
[2016.02.13-15.49.40:976][ 10]LogModuleManager: Shutting down and abandoning module UObjectPlugin (103)
[2016.02.13-15.49.40:976][ 10]LogModuleManager: Shutting down and abandoning module SubversionSourceControl (102)
[2016.02.13-15.49.40:976][ 10]LogModuleManager: Shutting down and abandoning module PerforceSourceControl (101)
[2016.02.13-15.49.40:976][ 10]LogModuleManager: Shutting down and abandoning module SourceControl (100)
[2016.02.13-15.49.40:976][ 10]LogModuleManager: Shutting down and abandoning module GitSourceControl (99)
[2016.02.13-15.49.40:976][ 10]LogModuleManager: Shutting down and abandoning module LightPropagationVolumeEditor (98)
[2016.02.13-15.49.40:976][ 10]LogModuleManager: Shutting down and abandoning module PaperTiledImporter (97)
[2016.02.13-15.49.40:976][ 10]LogModuleManager: Shutting down and abandoning module PaperSpriteSheetImporter (96)
[2016.02.13-15.49.40:976][ 10]LogModuleManager: Shutting down and abandoning module MeshPaint (95)
[2016.02.13-15.49.40:976][ 10]LogModuleManager: Shutting down and abandoning module SlateReflector (94)
[2016.02.13-15.49.40:976][ 10]LogModuleManager: Shutting down and abandoning module HotReload (93)
[2016.02.13-15.49.40:976][ 10]LogModuleManager: Shutting down and abandoning module MainFrame (92)
[2016.02.13-15.49.40:977][ 10]LogModuleManager: Shutting down and abandoning module LevelEditor (91)
[2016.02.13-15.49.40:978][ 10]LogModuleManager: Shutting down and abandoning module DirectoryWatcher (90)
[2016.02.13-15.49.40:981][ 10]LogModuleManager: Shutting down and abandoning module AssetRegistry (89)
[2016.02.13-15.49.41:083][ 10]LogModuleManager: Shutting down and abandoning module ContentBrowser (88)
[2016.02.13-15.49.41:084][ 10]LogModuleManager: Shutting down and abandoning module Paper2DEditor (87)
[2016.02.13-15.49.41:084][ 10]LogModuleManager: Shutting down and abandoning module UdpMessaging (86)
[2016.02.13-15.49.41:184][ 10]LogModuleManager: Shutting down and abandoning module LightPropagationVolumeRuntime (85)
[2016.02.13-15.49.41:184][ 10]LogModuleManager: Shutting down and abandoning module Paper2D (84)
[2016.02.13-15.49.41:184][ 10]LogModuleManager: Shutting down and abandoning module WindowsMoviePlayer (83)
[2016.02.13-15.49.41:189][ 10]LogModuleManager: Shutting down and abandoning module Media (82)
[2016.02.13-15.49.41:189][ 10]LogModuleManager: Shutting down and abandoning module WmfMedia (81)
[2016.02.13-15.49.41:189][ 10]LogModuleManager: Shutting down and abandoning module OnlineBlueprintSupport (80)
[2016.02.13-15.49.41:190][ 10]LogModuleManager: Shutting down and abandoning module GameplayTasksEditor (79)
[2016.02.13-15.49.41:190][ 10]LogModuleManager: Shutting down and abandoning module PropertyEditor (78)
[2016.02.13-15.49.41:190][ 10]LogModuleManager: Shutting down and abandoning module BehaviorTreeEditor (77)
[2016.02.13-15.49.41:190][ 10]LogModuleManager: Shutting down and abandoning module FunctionalTesting (76)
[2016.02.13-15.49.41:190][ 10]LogModuleManager: Shutting down and abandoning module CollisionAnalyzer (75)
[2016.02.13-15.49.41:190][ 10]LogModuleManager: Shutting down and abandoning module WorkspaceMenuStructure (74)
[2016.02.13-15.49.41:190][ 10]LogModuleManager: Shutting down and abandoning module MessageLog (73)
[2016.02.13-15.49.41:190][ 10]LogModuleManager: Shutting down and abandoning module Sequencer (72)
[2016.02.13-15.49.41:190][ 10]LogModuleManager: Shutting down and abandoning module AssetTools (71)
[2016.02.13-15.49.41:190][ 10]LogModuleManager: Shutting down and abandoning module UMGEditor (70)
[2016.02.13-15.49.41:190][ 10]LogModuleManager: Shutting down and abandoning module UMG (69)
[2016.02.13-15.49.41:190][ 10]LogModuleManager: Shutting down and abandoning module Slate (68)
[2016.02.13-15.49.41:190][ 10]LogModuleManager: Shutting down and abandoning module EditorStyle (67)
[2016.02.13-15.49.41:194][ 10]LogModuleManager: Shutting down and abandoning module SessionServices (66)
[2016.02.13-15.49.41:194][ 10]LogModuleManager: Shutting down and abandoning module SourceCodeAccess (65)
[2016.02.13-15.49.41:194][ 10]LogModuleManager: Shutting down and abandoning module HeadMountedDisplay (64)
[2016.02.13-15.49.41:194][ 10]LogModuleManager: Shutting down and abandoning module XAudio2 (63)
[2016.02.13-15.49.41:194][ 10]LogModuleManager: Shutting down and abandoning module Networking (61)
[2016.02.13-15.49.41:194][ 10]LogModuleManager: Shutting down and abandoning module Core (60)
[2016.02.13-15.49.41:195][ 10]LogModuleManager: Shutting down and abandoning module KismetCompiler (59)
[2016.02.13-15.49.41:195][ 10]LogModuleManager: Shutting down and abandoning module PhysXFormats (58)
[2016.02.13-15.49.41:195][ 10]LogModuleManager: Shutting down and abandoning module MeshUtilities (57)
[2016.02.13-15.49.41:195][ 10]LogModuleManager: Shutting down and abandoning module DerivedDataCache (56)
[2016.02.13-15.49.41:206][ 10]LogDerivedDataCache: Shutdown
[2016.02.13-15.49.41:206][ 10]LogModuleManager: Shutting down and abandoning module ShaderFormatOpenGL (55)
[2016.02.13-15.49.41:206][ 10]LogModuleManager: Shutting down and abandoning module ShaderFormatD3D (54)
[2016.02.13-15.49.41:206][ 10]LogModuleManager: Shutting down and abandoning module MetalShaderFormat (53)
[2016.02.13-15.49.41:206][ 10]LogModuleManager: Shutting down and abandoning module TextureFormatUncompressed (52)
[2016.02.13-15.49.41:206][ 10]LogModuleManager: Shutting down and abandoning module TextureFormatPVR (51)
[2016.02.13-15.49.41:206][ 10]LogModuleManager: Shutting down and abandoning module TextureFormatIntelISPCTexComp (50)
[2016.02.13-15.49.41:207][ 10]LogModuleManager: Shutting down and abandoning module TextureFormatDXT (49)
[2016.02.13-15.49.41:207][ 10]LogModuleManager: Shutting down and abandoning module ImageWrapper (48)
[2016.02.13-15.49.41:207][ 10]LogModuleManager: Shutting down and abandoning module TextureFormatASTC (47)
[2016.02.13-15.49.41:207][ 10]LogModuleManager: Shutting down and abandoning module TextureFormatAndroid (46)
[2016.02.13-15.49.41:207][ 10]LogModuleManager: Shutting down and abandoning module AudioFormatOpus (45)
[2016.02.13-15.49.41:207][ 10]LogModuleManager: Shutting down and abandoning module AudioFormatOgg (44)
[2016.02.13-15.49.41:207][ 10]LogModuleManager: Shutting down and abandoning module AudioFormatADPCM (43)
[2016.02.13-15.49.41:207][ 10]LogModuleManager: Shutting down and abandoning module LinuxTargetPlatform (42)
[2016.02.13-15.49.41:207][ 10]LogModuleManager: Shutting down and abandoning module LinuxServerTargetPlatform (41)
[2016.02.13-15.49.41:207][ 10]LogModuleManager: Shutting down and abandoning module LinuxNoEditorTargetPlatform (40)
[2016.02.13-15.49.41:207][ 10]LogModuleManager: Shutting down and abandoning module Messaging (39)
[2016.02.13-15.49.41:207][ 10]LogModuleManager: Shutting down and abandoning module IOSTargetPlatform (38)
[2016.02.13-15.49.41:207][ 10]LogModuleManager: Shutting down and abandoning module HTML5TargetPlatform (37)
[2016.02.13-15.49.41:207][ 10]LogModuleManager: Shutting down and abandoning module Android_PVRTCTargetPlatform (36)
[2016.02.13-15.49.41:207][ 10]LogModuleManager: Shutting down and abandoning module Android_MultiTargetPlatform (35)
[2016.02.13-15.49.41:207][ 10]LogModuleManager: Shutting down and abandoning module Android_ETC2TargetPlatform (34)
[2016.02.13-15.49.41:207][ 10]LogModuleManager: Shutting down and abandoning module Android_ETC1TargetPlatform (33)
[2016.02.13-15.49.41:207][ 10]LogModuleManager: Shutting down and abandoning module Android_DXTTargetPlatform (32)
[2016.02.13-15.49.41:207][ 10]LogModuleManager: Shutting down and abandoning module Android_ATCTargetPlatform (31)
[2016.02.13-15.49.41:207][ 10]LogModuleManager: Shutting down and abandoning module Android_ASTCTargetPlatform (30)
[2016.02.13-15.49.41:207][ 10]LogModuleManager: Shutting down and abandoning module AndroidTargetPlatform (29)
[2016.02.13-15.49.41:207][ 10]LogModuleManager: Shutting down and abandoning module WindowsTargetPlatform (28)
[2016.02.13-15.49.41:207][ 10]LogModuleManager: Shutting down and abandoning module WindowsServerTargetPlatform (27)
[2016.02.13-15.49.41:207][ 10]LogModuleManager: Shutting down and abandoning module WindowsNoEditorTargetPlatform (26)
[2016.02.13-15.49.41:207][ 10]LogModuleManager: Shutting down and abandoning module WindowsClientTargetPlatform (25)
[2016.02.13-15.49.41:207][ 10]LogModuleManager: Shutting down and abandoning module AllDesktopTargetPlatform (24)
[2016.02.13-15.49.41:207][ 10]LogModuleManager: Shutting down and abandoning module TargetPlatform (23)
[2016.02.13-15.49.41:207][ 10]LogModuleManager: Shutting down and abandoning module InputCore (22)
[2016.02.13-15.49.41:207][ 10]LogModuleManager: Shutting down and abandoning module Settings (21)
[2016.02.13-15.49.41:207][ 10]LogModuleManager: Shutting down and abandoning module OnlineSubsystem (19)
[2016.02.13-15.49.41:207][ 10]LogModuleManager: Shutting down and abandoning module HTTP (18)
[2016.02.13-15.49.43:211][ 10]LogModuleManager: Shutting down and abandoning module XMPP (17)
[2016.02.13-15.49.43:211][ 10]LogModuleManager: Shutting down and abandoning module OculusRift (16)
[2016.02.13-15.49.43:211][ 10]LogModuleManager: Shutting down and abandoning module ExampleDeviceProfileSelector (15)
[2016.02.13-15.49.43:211][ 10]LogModuleManager: Shutting down and abandoning module TextureCompressor (14)
[2016.02.13-15.49.43:211][ 10]LogModuleManager: Shutting down and abandoning module ShaderCore (13)
[2016.02.13-15.49.43:211][ 10]LogModuleManager: Shutting down and abandoning module Landscape (12)
[2016.02.13-15.49.43:211][ 10]LogModuleManager: Shutting down and abandoning module SlateRHIRenderer (11)
[2016.02.13-15.49.43:214][ 10]LogModuleManager: Shutting down and abandoning module OpenGLDrv (10)
[2016.02.13-15.49.43:214][ 10]LogModuleManager: Shutting down and abandoning module D3D11RHI (9)
[2016.02.13-15.49.43:214][ 10]LogModuleManager: Shutting down and abandoning module AnimGraphRuntime (8)
[2016.02.13-15.49.43:214][ 10]LogModuleManager: Shutting down and abandoning module Renderer (7)
[2016.02.13-15.49.43:214][ 10]LogModuleManager: Shutting down and abandoning module Engine (6)
[2016.02.13-15.49.43:214][ 10]LogModuleManager: Shutting down and abandoning module CoreUObject (5)
[2016.02.13-15.49.43:214][ 10]LogModuleManager: Shutting down and abandoning module NetworkFile (4)
[2016.02.13-15.49.43:214][ 10]LogModuleManager: Shutting down and abandoning module StreamingFile (3)
[2016.02.13-15.49.43:214][ 10]LogModuleManager: Shutting down and abandoning module SandboxFile (2)
[2016.02.13-15.49.43:214][ 10]LogModuleManager: Shutting down and abandoning module PakFile (1)
[2016.02.13-15.49.43:216][ 10]LogExit: Exiting.
[2016.02.13-15.49.43:219][ 10]Log file closed, 02/13/16 16:49:43
