[2016.02.13-22.12.46:930][  0]Log file open, 02/13/16 23:12:46
[2016.02.13-22.12.46:930][  0]LogInit:Display: Running engine for game: Runner
[2016.02.13-22.12.46:930][  0]LogPlatformFile: Not using cached read wrapper
[2016.02.13-22.12.46:930][  0]LogInit:Display: RandInit(1503053371) SRandInit(1503053373).
[2016.02.13-22.12.46:930][  0]LogTaskGraph: Started task graph with 4 named threads and 7 total threads.
[2016.02.13-22.12.46:930][  0]LogStats: Stats thread started at 0.091778
[2016.02.13-22.12.46:930][  0]LogInit: Version: 4.10.2-2818068+++depot+UE4-Releases+4.10
[2016.02.13-22.12.46:930][  0]LogInit: API Version: 2758231
[2016.02.13-22.12.46:930][  0]LogInit: Compiled (64-bit): Jan  6 2016 17:36:42
[2016.02.13-22.12.46:930][  0]LogInit: Compiled with Visual C++: 19.00.23026.00
[2016.02.13-22.12.46:930][  0]LogInit: Build Configuration: Development
[2016.02.13-22.12.46:930][  0]LogInit: Branch Name: ++depot+UE4-Releases+4.10
[2016.02.13-22.12.46:930][  0]LogInit: Command line:  /Temp/Autosaves/Game/RunnerAssets/UEDPCRunnerMap -game -PIEVIACONSOLE -ResX=1280 -ResY=720  -Multiprocess 
[2016.02.13-22.12.46:930][  0]LogInit: Base directory: C:/Program Files/Epic Games/4.10/Engine/Binaries/Win64/
[2016.02.13-22.12.46:930][  0]LogInit: Rocket: 1
[2016.02.13-22.12.46:938][  0]LogInit: Using libcurl 7.41.0
[2016.02.13-22.12.46:938][  0]LogInit:  - built for x86_64-pc-win32
[2016.02.13-22.12.46:938][  0]LogInit:  - supports SSL with WinSSL
[2016.02.13-22.12.46:938][  0]LogInit:  - other features:
[2016.02.13-22.12.46:938][  0]LogInit:      CURL_VERSION_SSL
[2016.02.13-22.12.46:938][  0]LogInit:      CURL_VERSION_IPV6
[2016.02.13-22.12.46:938][  0]LogInit:      CURL_VERSION_ASYNCHDNS
[2016.02.13-22.12.46:938][  0]LogInit:      CURL_VERSION_LARGEFILE
[2016.02.13-22.12.46:938][  0]LogInit:      CURL_VERSION_IDN
[2016.02.13-22.12.46:938][  0]LogInit:  CurlRequestOptions (configurable via config and command line):
[2016.02.13-22.12.46:938][  0]LogInit:  - bVerifyPeer = true  - Libcurl will verify peer certificate
[2016.02.13-22.12.46:938][  0]LogInit:  - bUseHttpProxy = false  - Libcurl will NOT use HTTP proxy
[2016.02.13-22.12.46:938][  0]LogInit:  - bDontReuseConnections = false  - Libcurl will reuse connections
[2016.02.13-22.12.46:938][  0]LogInit:  - CertBundlePath = nullptr  - Libcurl will use whatever was configured at build time.
[2016.02.13-22.12.46:946][  0]LogInit: Presizing for 0 objects not considered by GC, pre-allocating 0 bytes.
[2016.02.13-22.12.46:955][  0]LogInit: Object subsystem initialized
[2016.02.13-22.12.46:956][  0]LogInit: Selected Device Profile: [Windows]
[2016.02.13-22.12.46:956][  0]LogInit: Applying CVar settings loaded from the selected device profile: [Windows]
[2016.02.13-22.12.46:959][  0]LogInit: Computer: JOHANS_MONSTER
[2016.02.13-22.12.46:959][  0]LogInit: User: Johan
[2016.02.13-22.12.46:959][  0]LogInit: CPU Page size=4096, Cores=4
[2016.02.13-22.12.46:959][  0]LogInit: High frequency timer resolution =3.312790 MHz
[2016.02.13-22.12.46:959][  0]LogMemory: Memory total: Physical=16.0GB (16GB approx)
[2016.02.13-22.12.46:959][  0]LogMemory: Platform Memory Stats for Windows
[2016.02.13-22.12.46:959][  0]LogMemory: Process Physical Memory: 56.54 MB used, 56.54 MB peak
[2016.02.13-22.12.46:959][  0]LogMemory: Process Virtual Memory: 56.83 MB used, 56.83 MB peak
[2016.02.13-22.12.46:959][  0]LogMemory: Physical Memory: 6521.70 MB used, 16337.33 MB total
[2016.02.13-22.12.46:959][  0]LogMemory: Virtual Memory: 383.71 MB used, 134217728.00 MB total
[2016.02.13-22.12.46:995][  0]LogTextLocalizationManager: No translations for ('sv-SE') exist, falling back to 'en' for localization and internationalization data.
[2016.02.13-22.12.47:364][  0]LogD3D11RHI: Found D3D11 adapter 0: NVIDIA GeForce GTX 560 SE (Feature Level 11_0)
[2016.02.13-22.12.47:365][  0]LogD3D11RHI: Adapter has 977MB of dedicated video memory, 0MB of dedicated system memory, and 8168MB of shared system memory, 1 output[s]
[2016.02.13-22.12.47:366][  0]LogD3D11RHI: Found D3D11 adapter 1: Microsoft Basic Render Driver (Feature Level 11_0)
[2016.02.13-22.12.47:366][  0]LogD3D11RHI: Adapter has 0MB of dedicated video memory, 0MB of dedicated system memory, and 8168MB of shared system memory, 0 output[s]
[2016.02.13-22.12.47:366][  0]LogD3D11RHI: Chosen D3D11 Adapter Id = 0
[2016.02.13-22.12.47:370][  0]LogD3D11RHI: !Direct3DDevice
[2016.02.13-22.12.47:370][  0]LogRHI: Texture pool is 684 MB (70% of 977 MB)
[2016.02.13-22.12.47:382][  0]LogD3D11RHI: Async texture creation enabled
[2016.02.13-22.12.47:397][  0]LogShaderCompilers: Guid format shader working directory is -7 characters bigger than the processId version (../../../../../../Users/Johan/Documents/GitHub/Runner/Intermediate/Shaders/WorkingDirectory/7872/).
[2016.02.13-22.12.47:397][  0]LogShaderCompilers: Cleaned the shader compiler working directory 'C:/Users/Johan/AppData/Local/Temp/UnrealShaderWorkingDir/2FAC06314850C9BEF11282AF109AEF4B/'.
[2016.02.13-22.12.47:397][  0]LogShaderCompilers:Display: Using Local Shader Compiler.
[2016.02.13-22.12.48:159][  0]LogTemp:Display: Loaded TP AllDesktopTargetPlatform
[2016.02.13-22.12.48:164][  0]LogTemp:Display: Loaded TP WindowsClientTargetPlatform
[2016.02.13-22.12.48:169][  0]LogTemp:Display: Loaded TP WindowsNoEditorTargetPlatform
[2016.02.13-22.12.48:174][  0]LogTemp:Display: Loaded TP WindowsServerTargetPlatform
[2016.02.13-22.12.48:178][  0]LogTemp:Display: Loaded TP WindowsTargetPlatform
[2016.02.13-22.12.48:181][  0]LogTemp:Display: Loaded TP AndroidTargetPlatform
[2016.02.13-22.12.48:183][  0]LogTemp:Display: Loaded TP Android_ASTCTargetPlatform
[2016.02.13-22.12.48:186][  0]LogTemp:Display: Loaded TP Android_ATCTargetPlatform
[2016.02.13-22.12.48:189][  0]LogTemp:Display: Loaded TP Android_DXTTargetPlatform
[2016.02.13-22.12.48:192][  0]LogTemp:Display: Loaded TP Android_ETC1TargetPlatform
[2016.02.13-22.12.48:195][  0]LogTemp:Display: Loaded TP Android_ETC2TargetPlatform
[2016.02.13-22.12.48:201][  0]LogTemp:Display: Loaded TP Android_MultiTargetPlatform
[2016.02.13-22.12.48:201][  0]LogTemp:Display: Loaded TP Android_PVRTCTargetPlatform
[2016.02.13-22.12.48:201][  0]LogTemp:Display: Loaded TP HTML5TargetPlatform
[2016.02.13-22.12.48:218][  0]LogTemp:Display: Loaded TP IOSTargetPlatform
[2016.02.13-22.12.48:220][  0]LogTemp:Display: Loaded TP LinuxNoEditorTargetPlatform
[2016.02.13-22.12.48:223][  0]LogTemp:Display: Loaded TP LinuxServerTargetPlatform
[2016.02.13-22.12.48:226][  0]LogTemp:Display: Loaded TP LinuxTargetPlatform
[2016.02.13-22.12.48:226][  0]LogTargetPlatformManager:Display: Building Assets For Windows
[2016.02.13-22.12.48:311][  0]LogDerivedDataCache:Display: Max Cache Size: 512 MB
[2016.02.13-22.12.48:355][  0]LogDerivedDataCache: Loaded boot cache 0.04s 41MB C:/Users/Johan/AppData/Local/UnrealEngine/4.10/DerivedDataCache/Boot.ddc.
[2016.02.13-22.12.48:355][  0]LogDerivedDataCache:Display: Loaded Boot cache: C:/Users/Johan/AppData/Local/UnrealEngine/4.10/DerivedDataCache/Boot.ddc
[2016.02.13-22.12.48:355][  0]LogDerivedDataCache: FDerivedDataBackendGraph:  Pak pak cache file ../../../../../../Users/Johan/Documents/GitHub/Runner/DerivedDataCache/DDC.ddp not found, will not use a pak cache.
[2016.02.13-22.12.48:355][  0]LogDerivedDataCache: Unable to find inner node Pak for hierarchical cache Hierarchy.
[2016.02.13-22.12.48:355][  0]LogDerivedDataCache: FDerivedDataBackendGraph:  CompressedPak pak cache file ../../../../../../Users/Johan/Documents/GitHub/Runner/DerivedDataCache/Compressed.ddp not found, will not use a pak cache.
[2016.02.13-22.12.48:355][  0]LogDerivedDataCache: Unable to find inner node CompressedPak for hierarchical cache Hierarchy.
[2016.02.13-22.12.48:410][  0]LogDerivedDataCache:Display: Pak cache opened for reading ../../../Engine/DerivedDataCache/Compressed.ddp.
[2016.02.13-22.12.48:422][  0]LogDerivedDataCache: Using Local data cache path C:/Users/Johan/AppData/Local/UnrealEngine/Common/DerivedDataCache: Writable
[2016.02.13-22.12.48:615][  0]LogInit: Selected Device Profile: [Windows]
[2016.02.13-22.12.48:617][  0]LogContentStreaming: Texture pool size is 1000.000000MB
[2016.02.13-22.12.48:718][  0]LogMeshUtilities: No automatic mesh reduction module available
[2016.02.13-22.12.48:718][  0]LogMeshUtilities: No automatic mesh merging module available
[2016.02.13-22.12.48:900][  0]LogInit: WinSock: version 1.1 (2.2), MaxSocks=32767, MaxUdp=65467
[2016.02.13-22.12.49:090][  0]LogWindowsMoviePlayer: Unable to load movie: ../../../../../../Users/Johan/Documents/GitHub/Runner/Content/Movies/Default_Startup.mp4
[2016.02.13-22.12.49:194][  0]SourceControl: Info Source control is disabled
[2016.02.13-22.12.49:194][  0]SourceControl: Info Source control is disabled
[2016.02.13-22.12.49:207][  0]SourceControl: Info Source control is disabled
[2016.02.13-22.12.49:407][  0]LogObj: 27935 objects as part of root set at end of initial load.
[2016.02.13-22.12.49:407][  0]LogUObjectAllocator: 5830064 out of 0 bytes used by permanent object pool.
[2016.02.13-22.12.49:459][  0]LogEngine: Initializing Engine...
[2016.02.13-22.12.49:462][  0]LogHMD: Can't find Oculus library dev build: is proper Runtime installed? Version: 0.8.0.0
[2016.02.13-22.12.49:462][  0]LogHMD: SteamVR failed to initialize.  Err: 110
[2016.02.13-22.12.49:557][  0]LogInit: XAudio2 using 'Speakers (USB Sound Device        )' : 2 channels at 44.1 kHz using 16 bits per sample (channel mask 0x3)
[2016.02.13-22.12.49:565][  0]LogInit: FAudioDevice initialized.
[2016.02.13-22.12.49:570][  0]LogInit: Texture streaming: Enabled
[2016.02.13-22.12.49:631][  0]LogNet: Browse: /Temp/Autosaves/Game/RunnerAssets/UEDPCRunnerMap?Name=Player
[2016.02.13-22.12.49:631][  0]LogLoad: LoadMap: /Temp/Autosaves/Game/RunnerAssets/UEDPCRunnerMap?Name=Player
[2016.02.13-22.12.49:641][  0]LogParticles: Destroying 0 GPU particle simulations for FXSystem 0x000001732B89EC00
[2016.02.13-22.12.49:651][  0]LogMemory: Platform Memory Stats for Windows
[2016.02.13-22.12.49:651][  0]LogMemory: Process Physical Memory: 397.91 MB used, 397.91 MB peak
[2016.02.13-22.12.49:651][  0]LogMemory: Process Virtual Memory: 445.94 MB used, 445.94 MB peak
[2016.02.13-22.12.49:651][  0]LogMemory: Physical Memory: 6804.93 MB used, 16337.33 MB total
[2016.02.13-22.12.49:651][  0]LogMemory: Virtual Memory: 1007.46 MB used, 134217728.00 MB total
[2016.02.13-22.12.49:651][  0]LogMemory: 
[2016.02.13-22.12.49:651][  0]Allocator Stats for TBB: (not implemented)
[2016.02.13-22.12.49:874][  0]LogLinker:Warning: CreateImport: Failed to load Outer for resource 'Arrow': SideScrollerCharacter_C /Game/RunnerAssets/SideScrollerCharacter.Default__SideScrollerCharacter_C
[2016.02.13-22.12.49:885][  0]LogLinker:Warning: CreateImport: Failed to load Outer for resource 'Sprite': DeleteBox_Blueprint_C /Game/RunnerAssets/Blueprints/DeleteBox_Blueprint.Default__DeleteBox_Blueprint_C
[2016.02.13-22.12.50:077][  0]LogAIModule: Creating AISystem for world RunnerMap
[2016.02.13-22.12.50:077][  0]LogLinker:Warning: Can't find file '/Game/SideScrollerBP/Blueprints/SideScrollerGameMode'
[2016.02.13-22.12.50:077][  0]LogUObjectGlobals:Warning: Failed to load '/Game/SideScrollerBP/Blueprints/SideScrollerGameMode': Can't find file '/Game/SideScrollerBP/Blueprints/SideScrollerGameMode'
[2016.02.13-22.12.50:077][  0]LogLinker:Warning: Can't find file '/Game/SideScrollerBP/Blueprints/SideScrollerGameMode'
[2016.02.13-22.12.50:077][  0]LogUObjectGlobals:Warning: Failed to load '/Game/SideScrollerBP/Blueprints/SideScrollerGameMode': Can't find file '/Game/SideScrollerBP/Blueprints/SideScrollerGameMode'
[2016.02.13-22.12.50:077][  0]LogUObjectGlobals:Warning: Failed to find object 'Class /Game/SideScrollerBP/Blueprints/SideScrollerGameMode.SideScrollerGameMode_C'
[2016.02.13-22.12.50:077][  0]LogWorld: Game class is 'GameMode'
[2016.02.13-22.12.50:080][  0]LogWorld: Bringing World /Temp/Autosaves/Game/RunnerAssets/UEDPCRunnerMap.RunnerMap up for play (max tick rate 0) at 2016.02.13-23.12.50
[2016.02.13-22.12.50:081][  0]LogWorld: Bringing up level for play took: 0.002626
[2016.02.13-22.12.50:081][  0]LogGameMode: Warning - PATHS NOT DEFINED or NO PLAYERSTART with positive rating
[2016.02.13-22.12.50:082][  0]LogInit:Display: Game Engine Initialized.
[2016.02.13-22.12.50:303][  0]LogLoad: Full Startup: 3.67 seconds (BP compile: 0.11 seconds)
[2016.02.13-22.12.50:320][  0]LogWindowsTextInputMethodSystem:Display: IME system now deactivated.
[2016.02.13-22.12.50:320][  0]LogWindowsTextInputMethodSystem:Display: IME system now deactivated.
[2016.02.13-22.12.50:323][  0]LogOcInput: Can't find Oculus library dev build: is proper Runtime installed? Version: 0.8.0.0
[2016.02.13-22.12.50:414][  0]LogRenderer: Reallocating scene render targets to support 128x128 (Frame:1).
[2016.02.13-22.12.50:486][  1]LogRenderer: Reallocating scene render targets to support 1280x720 (Frame:2).
[2016.02.13-22.13.35:520][695]LogWindowsTextInputMethodSystem:Display: IME system now deactivated.
[2016.02.13-22.13.35:520][695]LogWindowsTextInputMethodSystem:Display: IME system now deactivated.
[2016.02.13-22.13.35:523][695]LogEngine: All Windows Closed
[2016.02.13-22.13.35:523][695]LogWindows: FPlatformMisc::RequestExit(0)
[2016.02.13-22.13.36:479][696]LogExit: Preparing to exit.
[2016.02.13-22.13.36:566][696]LogExit: Game engine shut down
[2016.02.13-22.13.36:567][696]LogParticles: Destroying 0 GPU particle simulations for FXSystem 0x000001732A67D620
[2016.02.13-22.13.36:692][696]LogExit: Object subsystem successfully closed.
[2016.02.13-22.13.36:701][696]LogD3D11RHI: Shutdown
[2016.02.13-22.13.36:701][696]LogD3D11RHI: CleanupD3DDevice
[2016.02.13-22.13.36:752][696]LogD3D11RHI: ~FD3D11DynamicRHI
[2016.02.13-22.13.36:765][696]LogModuleManager: Shutting down and abandoning module AndroidDeviceDetection (117)
[2016.02.13-22.13.37:335][696]LogModuleManager: Shutting down and abandoning module AutomationController (116)
[2016.02.13-22.13.37:335][696]LogModuleManager: Shutting down and abandoning module AutomationWorker (115)
[2016.02.13-22.13.37:335][696]LogModuleManager: Shutting down and abandoning module CharacterAI (114)
[2016.02.13-22.13.37:335][696]LogModuleManager: Shutting down and abandoning module AITestSuite (113)
[2016.02.13-22.13.37:335][696]LogModuleManager: Shutting down and abandoning module GameplayDebugger (112)
[2016.02.13-22.13.37:335][696]LogModuleManager: Shutting down and abandoning module AIModule (111)
[2016.02.13-22.13.37:335][696]LogModuleManager: Shutting down and abandoning module MovieSceneCapture (110)
[2016.02.13-22.13.37:335][696]LogModuleManager: Shutting down and abandoning module GameLiveStreaming (109)
[2016.02.13-22.13.37:335][696]LogModuleManager: Shutting down and abandoning module StreamingPauseRendering (108)
[2016.02.13-22.13.37:335][696]LogModuleManager: Shutting down and abandoning module ProfilerService (107)
[2016.02.13-22.13.37:465][696]LogModuleManager: Shutting down and abandoning module TaskGraph (106)
[2016.02.13-22.13.37:465][696]LogModuleManager: Shutting down and abandoning module SlateRemote (105)
[2016.02.13-22.13.37:465][696]LogModuleManager: Shutting down and abandoning module SteamVRController (104)
[2016.02.13-22.13.37:465][696]LogModuleManager: Shutting down and abandoning module SteamVR (103)
[2016.02.13-22.13.37:465][696]LogModuleManager: Shutting down and abandoning module ProceduralMeshComponent (102)
[2016.02.13-22.13.37:465][696]LogModuleManager: Shutting down and abandoning module OculusLibrary (101)
[2016.02.13-22.13.37:465][696]LogModuleManager: Shutting down and abandoning module OculusInput (100)
[2016.02.13-22.13.37:465][696]LogModuleManager: Shutting down and abandoning module LeapMotionController (99)
[2016.02.13-22.13.37:482][696]LogModuleManager: Shutting down and abandoning module CustomMeshComponent (98)
[2016.02.13-22.13.37:482][696]LogModuleManager: Shutting down and abandoning module CableComponent (97)
[2016.02.13-22.13.37:482][696]LogModuleManager: Shutting down and abandoning module ArchVisCharacter (96)
[2016.02.13-22.13.37:482][696]LogModuleManager: Shutting down and abandoning module HTML5Networking (95)
[2016.02.13-22.13.37:482][696]LogModuleManager: Shutting down and abandoning module DesktopPlatform (94)
[2016.02.13-22.13.37:482][696]LogModuleManager: Shutting down and abandoning module DirectoryWatcher (93)
[2016.02.13-22.13.37:482][696]LogModuleManager: Shutting down and abandoning module HotReload (92)
[2016.02.13-22.13.37:482][696]LogModuleManager: Shutting down and abandoning module VisualStudioSourceCodeAccess (91)
[2016.02.13-22.13.37:482][696]LogModuleManager: Shutting down and abandoning module UObjectPlugin (90)
[2016.02.13-22.13.37:482][696]LogModuleManager: Shutting down and abandoning module SubversionSourceControl (89)
[2016.02.13-22.13.37:482][696]LogModuleManager: Shutting down and abandoning module SourceControl (88)
[2016.02.13-22.13.37:482][696]LogModuleManager: Shutting down and abandoning module PerforceSourceControl (87)
[2016.02.13-22.13.37:482][696]LogModuleManager: Shutting down and abandoning module UdpMessaging (86)
[2016.02.13-22.13.37:482][696]LogModuleManager: Shutting down and abandoning module LightPropagationVolumeRuntime (85)
[2016.02.13-22.13.37:482][696]LogModuleManager: Shutting down and abandoning module Paper2D (84)
[2016.02.13-22.13.37:482][696]LogModuleManager: Shutting down and abandoning module WindowsMoviePlayer (83)
[2016.02.13-22.13.37:485][696]LogModuleManager: Shutting down and abandoning module Media (82)
[2016.02.13-22.13.37:485][696]LogModuleManager: Shutting down and abandoning module WmfMedia (81)
[2016.02.13-22.13.37:485][696]LogModuleManager: Shutting down and abandoning module OnlineBlueprintSupport (80)
[2016.02.13-22.13.37:485][696]LogModuleManager: Shutting down and abandoning module GameplayTasksEditor (79)
[2016.02.13-22.13.37:485][696]LogModuleManager: Shutting down and abandoning module PropertyEditor (78)
[2016.02.13-22.13.37:485][696]LogModuleManager: Shutting down and abandoning module BehaviorTreeEditor (77)
[2016.02.13-22.13.37:485][696]LogModuleManager: Shutting down and abandoning module FunctionalTesting (76)
[2016.02.13-22.13.37:485][696]LogModuleManager: Shutting down and abandoning module CollisionAnalyzer (75)
[2016.02.13-22.13.37:485][696]LogModuleManager: Shutting down and abandoning module WorkspaceMenuStructure (74)
[2016.02.13-22.13.37:486][696]LogModuleManager: Shutting down and abandoning module MessageLog (73)
[2016.02.13-22.13.37:486][696]LogModuleManager: Shutting down and abandoning module Sequencer (72)
[2016.02.13-22.13.37:486][696]LogModuleManager: Shutting down and abandoning module AssetTools (71)
[2016.02.13-22.13.37:486][696]LogModuleManager: Shutting down and abandoning module UMGEditor (70)
[2016.02.13-22.13.37:486][696]LogModuleManager: Shutting down and abandoning module UMG (69)
[2016.02.13-22.13.37:486][696]LogModuleManager: Shutting down and abandoning module Slate (68)
[2016.02.13-22.13.37:486][696]LogModuleManager: Shutting down and abandoning module EditorStyle (67)
[2016.02.13-22.13.37:487][696]LogModuleManager: Shutting down and abandoning module SessionServices (66)
[2016.02.13-22.13.37:488][696]LogModuleManager: Shutting down and abandoning module SourceCodeAccess (65)
[2016.02.13-22.13.37:488][696]LogModuleManager: Shutting down and abandoning module HeadMountedDisplay (64)
[2016.02.13-22.13.37:488][696]LogModuleManager: Shutting down and abandoning module XAudio2 (63)
[2016.02.13-22.13.37:488][696]LogModuleManager: Shutting down and abandoning module Networking (61)
[2016.02.13-22.13.37:488][696]LogModuleManager: Shutting down and abandoning module Core (60)
[2016.02.13-22.13.37:488][696]LogModuleManager: Shutting down and abandoning module KismetCompiler (59)
[2016.02.13-22.13.37:488][696]LogModuleManager: Shutting down and abandoning module PhysXFormats (58)
[2016.02.13-22.13.37:488][696]LogModuleManager: Shutting down and abandoning module MeshUtilities (57)
[2016.02.13-22.13.37:488][696]LogModuleManager: Shutting down and abandoning module DerivedDataCache (56)
[2016.02.13-22.13.37:945][696]LogDerivedDataCache: Shutdown
[2016.02.13-22.13.37:945][696]LogModuleManager: Shutting down and abandoning module ShaderFormatOpenGL (55)
[2016.02.13-22.13.37:945][696]LogModuleManager: Shutting down and abandoning module ShaderFormatD3D (54)
[2016.02.13-22.13.37:945][696]LogModuleManager: Shutting down and abandoning module MetalShaderFormat (53)
[2016.02.13-22.13.37:945][696]LogModuleManager: Shutting down and abandoning module TextureFormatUncompressed (52)
[2016.02.13-22.13.37:945][696]LogModuleManager: Shutting down and abandoning module TextureFormatPVR (51)
[2016.02.13-22.13.37:945][696]LogModuleManager: Shutting down and abandoning module TextureFormatIntelISPCTexComp (50)
[2016.02.13-22.13.37:945][696]LogModuleManager: Shutting down and abandoning module TextureFormatDXT (49)
[2016.02.13-22.13.37:945][696]LogModuleManager: Shutting down and abandoning module ImageWrapper (48)
[2016.02.13-22.13.37:945][696]LogModuleManager: Shutting down and abandoning module TextureFormatASTC (47)
[2016.02.13-22.13.37:945][696]LogModuleManager: Shutting down and abandoning module TextureFormatAndroid (46)
[2016.02.13-22.13.37:945][696]LogModuleManager: Shutting down and abandoning module AudioFormatOpus (45)
[2016.02.13-22.13.37:945][696]LogModuleManager: Shutting down and abandoning module AudioFormatOgg (44)
[2016.02.13-22.13.37:945][696]LogModuleManager: Shutting down and abandoning module AudioFormatADPCM (43)
[2016.02.13-22.13.37:945][696]LogModuleManager: Shutting down and abandoning module LinuxTargetPlatform (42)
[2016.02.13-22.13.37:945][696]LogModuleManager: Shutting down and abandoning module LinuxServerTargetPlatform (41)
[2016.02.13-22.13.37:945][696]LogModuleManager: Shutting down and abandoning module LinuxNoEditorTargetPlatform (40)
[2016.02.13-22.13.37:945][696]LogModuleManager: Shutting down and abandoning module Messaging (39)
[2016.02.13-22.13.37:945][696]LogModuleManager: Shutting down and abandoning module IOSTargetPlatform (38)
[2016.02.13-22.13.37:945][696]LogModuleManager: Shutting down and abandoning module HTML5TargetPlatform (37)
[2016.02.13-22.13.37:945][696]LogModuleManager: Shutting down and abandoning module Android_PVRTCTargetPlatform (36)
[2016.02.13-22.13.37:945][696]LogModuleManager: Shutting down and abandoning module Android_MultiTargetPlatform (35)
[2016.02.13-22.13.37:945][696]LogModuleManager: Shutting down and abandoning module Android_ETC2TargetPlatform (34)
[2016.02.13-22.13.37:945][696]LogModuleManager: Shutting down and abandoning module Android_ETC1TargetPlatform (33)
[2016.02.13-22.13.37:945][696]LogModuleManager: Shutting down and abandoning module Android_DXTTargetPlatform (32)
[2016.02.13-22.13.37:945][696]LogModuleManager: Shutting down and abandoning module Android_ATCTargetPlatform (31)
[2016.02.13-22.13.37:945][696]LogModuleManager: Shutting down and abandoning module Android_ASTCTargetPlatform (30)
[2016.02.13-22.13.37:945][696]LogModuleManager: Shutting down and abandoning module AndroidTargetPlatform (29)
[2016.02.13-22.13.37:945][696]LogModuleManager: Shutting down and abandoning module WindowsTargetPlatform (28)
[2016.02.13-22.13.37:945][696]LogModuleManager: Shutting down and abandoning module WindowsServerTargetPlatform (27)
[2016.02.13-22.13.37:945][696]LogModuleManager: Shutting down and abandoning module WindowsNoEditorTargetPlatform (26)
[2016.02.13-22.13.37:945][696]LogModuleManager: Shutting down and abandoning module WindowsClientTargetPlatform (25)
[2016.02.13-22.13.37:945][696]LogModuleManager: Shutting down and abandoning module AllDesktopTargetPlatform (24)
[2016.02.13-22.13.37:945][696]LogModuleManager: Shutting down and abandoning module TargetPlatform (23)
[2016.02.13-22.13.37:945][696]LogModuleManager: Shutting down and abandoning module InputCore (22)
[2016.02.13-22.13.37:945][696]LogModuleManager: Shutting down and abandoning module Settings (21)
[2016.02.13-22.13.37:945][696]LogModuleManager: Shutting down and abandoning module OnlineSubsystem (19)
[2016.02.13-22.13.37:945][696]LogModuleManager: Shutting down and abandoning module HTTP (18)
[2016.02.13-22.13.37:945][696]LogModuleManager: Shutting down and abandoning module XMPP (17)
[2016.02.13-22.13.37:945][696]LogModuleManager: Shutting down and abandoning module OculusRift (16)
[2016.02.13-22.13.37:946][696]LogModuleManager: Shutting down and abandoning module ExampleDeviceProfileSelector (15)
[2016.02.13-22.13.37:946][696]LogModuleManager: Shutting down and abandoning module TextureCompressor (14)
[2016.02.13-22.13.37:946][696]LogModuleManager: Shutting down and abandoning module ShaderCore (13)
[2016.02.13-22.13.37:946][696]LogModuleManager: Shutting down and abandoning module Landscape (12)
[2016.02.13-22.13.37:946][696]LogModuleManager: Shutting down and abandoning module SlateRHIRenderer (11)
[2016.02.13-22.13.37:946][696]LogModuleManager: Shutting down and abandoning module OpenGLDrv (10)
[2016.02.13-22.13.37:946][696]LogModuleManager: Shutting down and abandoning module D3D11RHI (9)
[2016.02.13-22.13.37:946][696]LogModuleManager: Shutting down and abandoning module AnimGraphRuntime (8)
[2016.02.13-22.13.37:946][696]LogModuleManager: Shutting down and abandoning module Renderer (7)
[2016.02.13-22.13.37:946][696]LogModuleManager: Shutting down and abandoning module Engine (6)
[2016.02.13-22.13.37:946][696]LogModuleManager: Shutting down and abandoning module CoreUObject (5)
[2016.02.13-22.13.37:946][696]LogModuleManager: Shutting down and abandoning module NetworkFile (4)
[2016.02.13-22.13.37:946][696]LogModuleManager: Shutting down and abandoning module StreamingFile (3)
[2016.02.13-22.13.37:946][696]LogModuleManager: Shutting down and abandoning module SandboxFile (2)
[2016.02.13-22.13.37:946][696]LogModuleManager: Shutting down and abandoning module PakFile (1)
[2016.02.13-22.13.37:947][696]LogExit: Exiting.
[2016.02.13-22.13.37:948][696]Log file closed, 02/13/16 23:13:37
