[2016.05.07-10.02.33:538][  0]Log file open, 05/07/16 12:02:33
[2016.05.07-10.02.33:538][  0]LogInit:Display: Running engine for game: Runner
[2016.05.07-10.02.33:538][  0]LogPlatformFile: Not using cached read wrapper
[2016.05.07-10.02.33:538][  0]LogInit:Display: RandInit(1190956106) SRandInit(1190956110).
[2016.05.07-10.02.33:538][  0]LogTaskGraph: Started task graph with 4 named threads and 7 total threads.
[2016.05.07-10.02.33:538][  0]LogStats: Stats thread started at 0.370591
[2016.05.07-10.02.33:538][  0]LogInit: Version: 4.10.4-2872498+++depot+UE4-Releases+4.10
[2016.05.07-10.02.33:538][  0]LogInit: API Version: 2758231
[2016.05.07-10.02.33:538][  0]LogInit: Compiled (64-bit): Feb 18 2016 15:47:04
[2016.05.07-10.02.33:538][  0]LogInit: Compiled with Visual C++: 19.00.23026.00
[2016.05.07-10.02.33:538][  0]LogInit: Build Configuration: Development
[2016.05.07-10.02.33:538][  0]LogInit: Branch Name: ++depot+UE4-Releases+4.10
[2016.05.07-10.02.33:538][  0]LogInit: Command line:  
[2016.05.07-10.02.33:538][  0]LogInit: Base directory: C:/Program Files/Epic Games/4.10/Engine/Binaries/Win64/
[2016.05.07-10.02.33:538][  0]LogInit: Rocket: 1
[2016.05.07-10.02.33:741][  0]LogInit: Using libcurl 7.41.0
[2016.05.07-10.02.33:741][  0]LogInit:  - built for x86_64-pc-win32
[2016.05.07-10.02.33:741][  0]LogInit:  - supports SSL with WinSSL
[2016.05.07-10.02.33:741][  0]LogInit:  - other features:
[2016.05.07-10.02.33:741][  0]LogInit:      CURL_VERSION_SSL
[2016.05.07-10.02.33:741][  0]LogInit:      CURL_VERSION_IPV6
[2016.05.07-10.02.33:741][  0]LogInit:      CURL_VERSION_ASYNCHDNS
[2016.05.07-10.02.33:741][  0]LogInit:      CURL_VERSION_LARGEFILE
[2016.05.07-10.02.33:741][  0]LogInit:      CURL_VERSION_IDN
[2016.05.07-10.02.33:741][  0]LogInit:  CurlRequestOptions (configurable via config and command line):
[2016.05.07-10.02.33:741][  0]LogInit:  - bVerifyPeer = true  - Libcurl will verify peer certificate
[2016.05.07-10.02.33:741][  0]LogInit:  - bUseHttpProxy = false  - Libcurl will NOT use HTTP proxy
[2016.05.07-10.02.33:741][  0]LogInit:  - bDontReuseConnections = false  - Libcurl will reuse connections
[2016.05.07-10.02.33:741][  0]LogInit:  - CertBundlePath = nullptr  - Libcurl will use whatever was configured at build time.
[2016.05.07-10.02.33:915][  0]LogInit: Presizing for 0 objects not considered by GC, pre-allocating 0 bytes.
[2016.05.07-10.02.33:930][  0]LogInit: Object subsystem initialized
[2016.05.07-10.02.33:930][  0]LogInit: Selected Device Profile: [Windows]
[2016.05.07-10.02.33:930][  0]LogInit: Applying CVar settings loaded from the selected device profile: [Windows]
[2016.05.07-10.02.33:948][  0]LogInit: Computer: JOHANS_MONSTER
[2016.05.07-10.02.33:948][  0]LogInit: User: Johan
[2016.05.07-10.02.33:948][  0]LogInit: CPU Page size=4096, Cores=4
[2016.05.07-10.02.33:948][  0]LogInit: High frequency timer resolution =3.312788 MHz
[2016.05.07-10.02.33:948][  0]LogMemory: Memory total: Physical=16.0GB (16GB approx)
[2016.05.07-10.02.33:948][  0]LogMemory: Platform Memory Stats for Windows
[2016.05.07-10.02.33:948][  0]LogMemory: Process Physical Memory: 56.17 MB used, 56.17 MB peak
[2016.05.07-10.02.33:948][  0]LogMemory: Process Virtual Memory: 56.67 MB used, 56.67 MB peak
[2016.05.07-10.02.33:948][  0]LogMemory: Physical Memory: 2956.58 MB used, 16337.33 MB total
[2016.05.07-10.02.33:948][  0]LogMemory: Virtual Memory: 382.85 MB used, 134217728.00 MB total
[2016.05.07-10.02.35:559][  0]LogTextLocalizationManager: No translations for ('sv-SE') exist, falling back to 'en' for localization and internationalization data.
[2016.05.07-10.02.36:518][  0]LogD3D11RHI: Found D3D11 adapter 0: NVIDIA GeForce GTX 560 SE (Feature Level 11_0)
[2016.05.07-10.02.36:518][  0]LogD3D11RHI: Adapter has 977MB of dedicated video memory, 0MB of dedicated system memory, and 8168MB of shared system memory, 1 output[s]
[2016.05.07-10.02.36:695][  0]LogD3D11RHI: Found D3D11 adapter 1: Microsoft Basic Render Driver (Feature Level 11_0)
[2016.05.07-10.02.36:695][  0]LogD3D11RHI: Adapter has 0MB of dedicated video memory, 0MB of dedicated system memory, and 8168MB of shared system memory, 0 output[s]
[2016.05.07-10.02.36:695][  0]LogD3D11RHI: Chosen D3D11 Adapter Id = 0
[2016.05.07-10.02.36:700][  0]LogD3D11RHI: !Direct3DDevice
[2016.05.07-10.02.36:700][  0]LogRHI: Texture pool is 684 MB (70% of 977 MB)
[2016.05.07-10.02.36:715][  0]LogD3D11RHI: Async texture creation enabled
[2016.05.07-10.02.36:731][  0]LogShaderCompilers: Guid format shader working directory is -8 characters bigger than the processId version (../../../../../../Users/Johan/Documents/GitHub/Runner/Intermediate/Shaders/WorkingDirectory/10264/).
[2016.05.07-10.02.36:731][  0]LogShaderCompilers: Cleaned the shader compiler working directory 'C:/Users/Johan/AppData/Local/Temp/UnrealShaderWorkingDir/C9ECD7194F4314AE1A1E2696ACC81202/'.
[2016.05.07-10.02.36:731][  0]LogShaderCompilers:Display: Using Local Shader Compiler.
[2016.05.07-10.02.54:533][  0]LogTemp:Display: Loaded TP AllDesktopTargetPlatform
[2016.05.07-10.02.54:543][  0]LogTemp:Display: Loaded TP WindowsClientTargetPlatform
[2016.05.07-10.02.54:552][  0]LogTemp:Display: Loaded TP WindowsNoEditorTargetPlatform
[2016.05.07-10.02.54:562][  0]LogTemp:Display: Loaded TP WindowsServerTargetPlatform
[2016.05.07-10.02.54:569][  0]LogTemp:Display: Loaded TP WindowsTargetPlatform
[2016.05.07-10.02.54:573][  0]LogTemp:Display: Loaded TP AndroidTargetPlatform
[2016.05.07-10.02.54:575][  0]LogTemp:Display: Loaded TP Android_ASTCTargetPlatform
[2016.05.07-10.02.54:578][  0]LogTemp:Display: Loaded TP Android_ATCTargetPlatform
[2016.05.07-10.02.54:581][  0]LogTemp:Display: Loaded TP Android_DXTTargetPlatform
[2016.05.07-10.02.54:583][  0]LogTemp:Display: Loaded TP Android_ETC1TargetPlatform
[2016.05.07-10.02.54:586][  0]LogTemp:Display: Loaded TP Android_ETC2TargetPlatform
[2016.05.07-10.02.54:592][  0]LogTemp:Display: Loaded TP Android_MultiTargetPlatform
[2016.05.07-10.02.54:592][  0]LogTemp:Display: Loaded TP Android_PVRTCTargetPlatform
[2016.05.07-10.02.54:592][  0]LogTemp:Display: Loaded TP HTML5TargetPlatform
[2016.05.07-10.02.54:685][  0]LogTemp:Display: Loaded TP IOSTargetPlatform
[2016.05.07-10.02.54:690][  0]LogTemp:Display: Loaded TP LinuxNoEditorTargetPlatform
[2016.05.07-10.02.54:696][  0]LogTemp:Display: Loaded TP LinuxServerTargetPlatform
[2016.05.07-10.02.54:703][  0]LogTemp:Display: Loaded TP LinuxTargetPlatform
[2016.05.07-10.02.54:703][  0]LogTargetPlatformManager:Display: Building Assets For Windows
[2016.05.07-10.02.56:745][  0]LogDerivedDataCache:Display: Max Cache Size: 512 MB
[2016.05.07-10.03.02:941][  0]LogDerivedDataCache: Loaded boot cache 6.20s 41MB C:/Users/Johan/AppData/Local/UnrealEngine/4.10/DerivedDataCache/Boot.ddc.
[2016.05.07-10.03.02:941][  0]LogDerivedDataCache:Display: Loaded Boot cache: C:/Users/Johan/AppData/Local/UnrealEngine/4.10/DerivedDataCache/Boot.ddc
[2016.05.07-10.03.03:031][  0]LogDerivedDataCache: FDerivedDataBackendGraph:  Pak pak cache file ../../../../../../Users/Johan/Documents/GitHub/Runner/DerivedDataCache/DDC.ddp not found, will not use a pak cache.
[2016.05.07-10.03.03:031][  0]LogDerivedDataCache: Unable to find inner node Pak for hierarchical cache Hierarchy.
[2016.05.07-10.03.03:031][  0]LogDerivedDataCache: FDerivedDataBackendGraph:  CompressedPak pak cache file ../../../../../../Users/Johan/Documents/GitHub/Runner/DerivedDataCache/Compressed.ddp not found, will not use a pak cache.
[2016.05.07-10.03.03:031][  0]LogDerivedDataCache: Unable to find inner node CompressedPak for hierarchical cache Hierarchy.
[2016.05.07-10.03.04:593][  0]LogDerivedDataCache:Display: Pak cache opened for reading ../../../Engine/DerivedDataCache/Compressed.ddp.
[2016.05.07-10.03.04:693][  0]LogDerivedDataCache: Using Local data cache path C:/Users/Johan/AppData/Local/UnrealEngine/Common/DerivedDataCache: Writable
[2016.05.07-10.04.20:028][  0]LogInit: Selected Device Profile: [Windows]
[2016.05.07-10.04.21:355][  0]LogContentStreaming: Texture pool size is 0.000000MB
[2016.05.07-10.04.32:809][  0]LogMeshUtilities: No automatic mesh reduction module available
[2016.05.07-10.04.32:809][  0]LogMeshUtilities: No automatic mesh merging module available
[2016.05.07-10.04.50:652][  0]LogInit: WinSock: version 1.1 (2.2), MaxSocks=32767, MaxUdp=65467
[2016.05.07-10.07.00:935][  0]UdpMessaging: Initializing bridge on interface 0.0.0.0:0 to multicast group 230.0.0.1:6666.
[2016.05.07-10.07.05:589][  0]LogAssetRegistry: FAssetRegistry took 0.0577 seconds to start up
[2016.05.07-10.07.12:622][  0]SourceControl: Info Source control is disabled
[2016.05.07-10.07.12:637][  0]SourceControl: Info Source control is disabled
[2016.05.07-10.07.12:908][  0]SourceControl: Info Source control is disabled
[2016.05.07-10.07.13:097][  0]SourceControl: Info Source control is disabled
[2016.05.07-10.07.17:416][  0]LogObj: 28633 objects as part of root set at end of initial load.
[2016.05.07-10.07.17:416][  0]LogUObjectAllocator: 6099744 out of 0 bytes used by permanent object pool.
[2016.05.07-10.07.21:663][  0]LogAutomationTest:Warning: Smoke tests took > 1s to run: 2.39s
[2016.05.07-10.07.21:953][  0]LogEngine: Initializing Engine...
[2016.05.07-10.07.22:169][  0]LogHMD: Can't find Oculus library dev build: is proper Runtime installed? Version: 0.8.0.0
[2016.05.07-10.07.22:266][  0]LogHMD: SteamVR failed to initialize.  Err: 110
[2016.05.07-10.07.26:498][  0]LogAIModule: Creating AISystem for world NewWorld
[2016.05.07-10.07.27:506][  0]LogInit: XAudio2 using 'Speakers (USB Sound Device        )' : 2 channels at 44.1 kHz using 16 bits per sample (channel mask 0x3)
[2016.05.07-10.07.27:571][  0]LogInit: FAudioDevice initialized.
[2016.05.07-10.07.27:602][  0]LogDerivedDataCache: Saved boot cache 0.03s 41MB C:/Users/Johan/AppData/Local/UnrealEngine/4.10/DerivedDataCache/Boot.ddc.
[2016.05.07-10.07.27:687][  0]LogInit: Texture streaming: Enabled
[2016.05.07-10.07.27:916][  0]LogAnalytics: Creating configured Analytics provider AnalyticsET
[2016.05.07-10.07.28:005][  0]LogAnalytics: [UEEditor.Rocket.Release] APIServer = http://et2.epicgames.com/ET2/. AppVersion = 4.10.4-2872498+++depot+UE4-Releases+4.10
[2016.05.07-10.07.28:005][  0]LogAnalytics: [UEEditor.Rocket.Release] SetUserId e13f53c54a08433fc09043aa962b451a|75ba5683578c43329a0522a4b145a097|e6dac55f-4bf9-412a-b229-53d1a5ef9356
[2016.05.07-10.07.28:065][  0]LogAnalytics: [UEEditor.Rocket.Release] AnalyticsET::StartSession
[2016.05.07-10.07.28:809][  0]LogInit: Transaction tracking system initialized
[2016.05.07-10.07.31:977][  0]BlueprintLog: New page: Editor Load
[2016.05.07-10.07.47:320][  0]LocalizationService: Info Localization service is disabled
[2016.05.07-10.07.52:930][  0]LogConsoleResponse:Display: 
[2016.05.07-10.08.05:139][  0]LogFileCache: Scanning file cache for directory 'C:/Users/Johan/Documents/GitHub/Runner/Content/' took 0.11s
[2016.05.07-10.08.05:139][  0]LogCook:Display: Done creating registry. It took  0.00s.
[2016.05.07-10.08.10:768][  0]SourceControl: Info Source control is disabled
[2016.05.07-10.08.10:980][  0]Cmd: MAP LOAD FILE="../../../../../../Users/Johan/Documents/GitHub/Runner/Content/RunnerAssets/RunnerMap.umap" TEMPLATE=0 SHOWPROGRESS=1 FEATURELEVEL=3
[2016.05.07-10.08.11:053][  0]LightingResults: New page: Lighting Build
[2016.05.07-10.08.11:749][  0]MapCheck: New page: Map Check
[2016.05.07-10.08.11:749][  0]LightingResults: New page: Lighting Build
[2016.05.07-10.08.12:952][  0]LogParticles: Destroying 0 GPU particle simulations for FXSystem 0x0000027B5148BB00
[2016.05.07-10.08.44:563][  0]LogAIModule: Creating AISystem for world RunnerMap
[2016.05.07-10.08.47:566][  0]LogEditorServer: Finished looking for orphan Actors (0.000 secs)
[2016.05.07-10.08.47:728][  0]Cmd: MAP CHECKDEP NOCLEARLOG
[2016.05.07-10.08.47:943][  0]MapCheck: Info Map check complete: 0 Error(s), 0 Warning(s), took 214.967ms to complete.
[2016.05.07-10.08.47:943][  0]LogFileHelpers: Loading map 'RunnerMap' took 37.057
[2016.05.07-10.08.54:250][  0]LogCollectionManager: Loaded 0 collections in 0.002566 seconds
[2016.05.07-10.08.55:216][  0]LogFileCache: Scanning file cache for directory 'C:/Users/Johan/Documents/GitHub/Runner/Saved/Collections/' took 0.01s
[2016.05.07-10.08.55:216][  0]LogFileCache: Scanning file cache for directory 'C:/Users/Johan/Documents/GitHub/Runner/Content/Developers/Johan/Collections/' took 0.01s
[2016.05.07-10.08.55:216][  0]LogFileCache: Scanning file cache for directory 'C:/Users/Johan/Documents/GitHub/Runner/Content/Collections/' took 0.01s
[2016.05.07-10.08.55:216][  0]LogCollectionManager: Rebuilt the GUID cache for 0 collections in 0.000002 seconds
[2016.05.07-10.08.55:394][  0]LogContentBrowser: Native class hierarchy populated in 0.0502 seconds. Added 1893 classes and 338 folders.
[2016.05.07-10.08.55:728][  0]LogContentBrowser: Native class hierarchy updated for 'WidgetCarousel' in 0.0006 seconds. Added 0 classes and 0 folders.
[2016.05.07-10.09.01:601][  0]LogContentBrowser: Native class hierarchy updated for 'AddContentDialog' in 0.0003 seconds. Added 0 classes and 0 folders.
[2016.05.07-10.09.02:694][  0]LogContentBrowser: Native class hierarchy updated for 'SceneOutliner' in 0.0007 seconds. Added 1 classes and 2 folders.
[2016.05.07-10.09.07:874][  0]LogCrashTracker: Crashtracker disabled due to settings.
[2016.05.07-10.09.08:951][  0]LogUObjectGlobals:Warning: Failed to find object 'Class None.'
[2016.05.07-10.09.09:442][  0]LogLoad: Full Startup: 401.09 seconds (BP compile: 4.22 seconds)
[2016.05.07-10.09.09:936][  0]LogOcInput: Can't find Oculus library dev build: is proper Runtime installed? Version: 0.8.0.0
[2016.05.07-10.09.11:201][  0]LogContentStreaming: Texture pool size now 1000 MB
[2016.05.07-10.09.12:920][  0]LogRenderer: Reallocating scene render targets to support 1036x600 (Frame:2).
[2016.05.07-10.09.18:218][ 13]LogAssetRegistry: Asset discovery search completed in 132.6407 seconds
[2016.05.07-10.09.18:353][ 13]LogCollectionManager: Rebuilt the object cache for 0 collections in 0.000001 seconds (found 0 objects)
[2016.05.07-10.09.18:380][ 13]LogCollectionManager: Fixed up redirectors for 0 collections in 0.000060 seconds (updated 0 objects)
[2016.05.07-10.09.30:685][ 47]LogBlueprintUserMessages: Early PlayInEditor Detection: Level '/Game/RunnerAssets/RunnerMap.RunnerMap:PersistentLevel' has LevelScriptBlueprint '/Game/RunnerAssets/RunnerMap.RunnerMap:PersistentLevel.RunnerMap' with GeneratedClass '/Game/RunnerAssets/RunnerMap.RunnerMap_C' with ClassGeneratedBy '/Game/RunnerAssets/RunnerMap.RunnerMap:PersistentLevel.RunnerMap'
[2016.05.07-10.09.30:686][ 47]LogPlayLevel: PlayLevel: No blueprints needed recompiling
[2016.05.07-10.09.30:756][ 47]PIE: New page: PIE session: RunnerMap (May 7, 2016, 2:09:30 PM)
[2016.05.07-10.09.30:757][ 47]LogPlayLevel: Creating play world package: /Game/RunnerAssets/UEDPIE_0_RunnerMap
[2016.05.07-10.09.30:834][ 47]LogPlayLevel: PIE: StaticDuplicateObject took: (0.077430s)
[2016.05.07-10.09.30:835][ 47]LogAIModule: Creating AISystem for world RunnerMap
[2016.05.07-10.09.30:835][ 47]LogPlayLevel: PIE: World Init took: (0.001052s)
[2016.05.07-10.09.30:836][ 47]LogPlayLevel: PIE: Created PIE world by copying editor world from /Game/RunnerAssets/RunnerMap.RunnerMap to /Game/RunnerAssets/UEDPIE_0_RunnerMap.RunnerMap (0.079266s)
[2016.05.07-10.09.31:251][ 47]LogInit: XAudio2 using 'Speakers (USB Sound Device        )' : 2 channels at 44.1 kHz using 16 bits per sample (channel mask 0x3)
[2016.05.07-10.09.31:256][ 47]LogInit: FAudioDevice initialized.
[2016.05.07-10.09.31:584][ 47]LogLinker:Warning: Can't find file '/Game/SideScrollerBP/Blueprints/SideScrollerGameMode'
[2016.05.07-10.09.31:584][ 47]LogLinker:Warning: Can't find file '/Game/SideScrollerBP/Blueprints/SideScrollerGameMode'
[2016.05.07-10.09.31:584][ 47]LogUObjectGlobals:Warning: Failed to find object 'Class /Game/SideScrollerBP/Blueprints/SideScrollerGameMode.SideScrollerGameMode_C'
[2016.05.07-10.09.31:584][ 47]LogWorld: Game class is 'GameMode'
[2016.05.07-10.09.31:669][ 47]LogWorld: Bringing World /Game/RunnerAssets/UEDPIE_0_RunnerMap.RunnerMap up for play (max tick rate 0) at 2016.05.07-12.09.31
[2016.05.07-10.09.31:669][ 47]LogActor:Warning: GameSession /Game/RunnerAssets/UEDPIE_0_RunnerMap.RunnerMap:PersistentLevel.GameSession_0 has natively added scene component(s), but none of them were set as the actor's RootComponent - picking one arbitrarily
[2016.05.07-10.09.31:670][ 47]LogActor:Warning: GameNetworkManager /Game/RunnerAssets/UEDPIE_0_RunnerMap.RunnerMap:PersistentLevel.GameNetworkManager_0 has natively added scene component(s), but none of them were set as the actor's RootComponent - picking one arbitrarily
[2016.05.07-10.09.31:689][ 47]LogWorld: Bringing up level for play took: 0.031320
[2016.05.07-10.09.31:849][ 47]LogGameMode: Warning - PATHS NOT DEFINED or NO PLAYERSTART with positive rating
[2016.05.07-10.09.32:945][ 47]PIE: Info Play in editor start time for /Game/RunnerAssets/UEDPIE_0_RunnerMap 1.787
[2016.05.07-10.09.32:945][ 47]LogBlueprintUserMessages: Late PlayInEditor Detection: Level '/Game/RunnerAssets/RunnerMap.RunnerMap:PersistentLevel' has LevelScriptBlueprint '/Game/RunnerAssets/RunnerMap.RunnerMap:PersistentLevel.RunnerMap' with GeneratedClass '/Game/RunnerAssets/RunnerMap.RunnerMap_C' with ClassGeneratedBy '/Game/RunnerAssets/RunnerMap.RunnerMap:PersistentLevel.RunnerMap'
[2016.05.07-10.09.34:129][ 48]LogRenderer: Reallocating scene render targets to support 1280x720 (Frame:8).
[2016.05.07-10.10.05:386][406]LogCharacterMovement: SideScrollerCharacter_C_2 is stuck and failed to move!
[2016.05.07-10.10.06:458][436]LogPackageName: SearchForPackageOnDisk took   0.079s to resolve Death.umap.
[2016.05.07-10.10.06:542][437]LogPackageName: SearchForPackageOnDisk took   0.076s to resolve Death.umap.
[2016.05.07-10.10.06:542][437]LogNet: Browse: /Game/RunnerAssets/Death
[2016.05.07-10.10.06:543][437]LogLoad: LoadMap: /Game/RunnerAssets/Death
[2016.05.07-10.10.06:684][437]LogParticles: Destroying 0 GPU particle simulations for FXSystem 0x0000027B601F5440
[2016.05.07-10.10.06:709][437]Cmd: MEM
[2016.05.07-10.10.06:875][437]LogMemory: Platform Memory Stats for Windows
[2016.05.07-10.10.06:875][437]LogMemory: Process Physical Memory: 747.27 MB used, 755.19 MB peak
[2016.05.07-10.10.06:875][437]LogMemory: Process Virtual Memory: 1372.53 MB used, 1470.16 MB peak
[2016.05.07-10.10.06:875][437]LogMemory: Physical Memory: 3967.84 MB used, 16337.33 MB total
[2016.05.07-10.10.06:875][437]LogMemory: Virtual Memory: 2173.89 MB used, 134217728.00 MB total
[2016.05.07-10.10.06:875][437]LogMemory: 
[2016.05.07-10.10.06:875][437]Allocator Stats for TBB: (not implemented)
[2016.05.07-10.10.16:023][437]LogAIModule: Creating AISystem for world Death
[2016.05.07-10.10.16:027][437]LogLinker:Warning: Can't find file '/Game/SideScrollerBP/Blueprints/SideScrollerGameMode'
[2016.05.07-10.10.16:027][437]LogLinker:Warning: Can't find file '/Game/SideScrollerBP/Blueprints/SideScrollerGameMode'
[2016.05.07-10.10.16:028][437]LogUObjectGlobals:Warning: Failed to find object 'Class /Game/SideScrollerBP/Blueprints/SideScrollerGameMode.SideScrollerGameMode_C'
[2016.05.07-10.10.16:028][437]LogWorld: Game class is 'GameMode'
[2016.05.07-10.10.16:104][437]LogWorld: Bringing World /Game/RunnerAssets/UEDPIE_0_Death.Death up for play (max tick rate 0) at 2016.05.07-12.10.16
[2016.05.07-10.10.16:104][437]LogActor:Warning: GameSession /Game/RunnerAssets/UEDPIE_0_Death.Death:PersistentLevel.GameSession_1 has natively added scene component(s), but none of them were set as the actor's RootComponent - picking one arbitrarily
[2016.05.07-10.10.16:104][437]LogActor:Warning: GameNetworkManager /Game/RunnerAssets/UEDPIE_0_Death.Death:PersistentLevel.GameNetworkManager_1 has natively added scene component(s), but none of them were set as the actor's RootComponent - picking one arbitrarily
[2016.05.07-10.10.16:104][437]LogWorld: Bringing up level for play took: 0.001823
[2016.05.07-10.10.16:206][437]LogGameMode: Warning - PATHS NOT DEFINED or NO PLAYERSTART with positive rating
[2016.05.07-10.10.34:585][115]LogPackageName: SearchForPackageOnDisk took   0.076s to resolve MainMenu.umap.
[2016.05.07-10.10.34:660][115]LogPackageName: SearchForPackageOnDisk took   0.074s to resolve MainMenu.umap.
[2016.05.07-10.10.34:660][115]LogNet: Browse: /Game/RunnerAssets/MainMenu
[2016.05.07-10.10.34:661][115]LogLoad: LoadMap: /Game/RunnerAssets/MainMenu
[2016.05.07-10.10.34:755][115]LogParticles: Destroying 0 GPU particle simulations for FXSystem 0x0000027B56B7C860
[2016.05.07-10.10.34:755][115]Cmd: MEM
[2016.05.07-10.10.34:769][115]LogMemory: Platform Memory Stats for Windows
[2016.05.07-10.10.34:769][115]LogMemory: Process Physical Memory: 827.36 MB used, 882.81 MB peak
[2016.05.07-10.10.34:769][115]LogMemory: Process Virtual Memory: 1432.50 MB used, 1672.95 MB peak
[2016.05.07-10.10.34:769][115]LogMemory: Physical Memory: 4099.90 MB used, 16337.33 MB total
[2016.05.07-10.10.34:769][115]LogMemory: Virtual Memory: 2296.52 MB used, 134217728.00 MB total
[2016.05.07-10.10.34:769][115]LogMemory: 
[2016.05.07-10.10.34:769][115]Allocator Stats for TBB: (not implemented)
[2016.05.07-10.10.35:872][115]LogAIModule: Creating AISystem for world MainMenu
[2016.05.07-10.10.35:873][115]LogLinker:Warning: Can't find file '/Game/SideScrollerBP/Blueprints/SideScrollerGameMode'
[2016.05.07-10.10.35:874][115]LogLinker:Warning: Can't find file '/Game/SideScrollerBP/Blueprints/SideScrollerGameMode'
[2016.05.07-10.10.35:874][115]LogUObjectGlobals:Warning: Failed to find object 'Class /Game/SideScrollerBP/Blueprints/SideScrollerGameMode.SideScrollerGameMode_C'
[2016.05.07-10.10.35:874][115]LogWorld: Game class is 'GameMode'
[2016.05.07-10.10.35:875][115]LogWorld: Bringing World /Game/RunnerAssets/UEDPIE_0_MainMenu.MainMenu up for play (max tick rate 0) at 2016.05.07-12.10.35
[2016.05.07-10.10.35:875][115]LogActor:Warning: GameSession /Game/RunnerAssets/UEDPIE_0_MainMenu.MainMenu:PersistentLevel.GameSession_2 has natively added scene component(s), but none of them were set as the actor's RootComponent - picking one arbitrarily
[2016.05.07-10.10.35:876][115]LogActor:Warning: GameNetworkManager /Game/RunnerAssets/UEDPIE_0_MainMenu.MainMenu:PersistentLevel.GameNetworkManager_2 has natively added scene component(s), but none of them were set as the actor's RootComponent - picking one arbitrarily
[2016.05.07-10.10.35:876][115]LogWorld: Bringing up level for play took: 0.001139
[2016.05.07-10.10.35:876][115]LogGameMode: Warning - PATHS NOT DEFINED or NO PLAYERSTART with positive rating
[2016.05.07-10.10.38:382][339]LogPackageName: SearchForPackageOnDisk took   0.083s to resolve RunnerMap.umap.
[2016.05.07-10.10.38:457][339]LogPackageName: SearchForPackageOnDisk took   0.075s to resolve RunnerMap.umap.
[2016.05.07-10.10.38:457][339]LogNet: Browse: /Game/RunnerAssets/RunnerMap
[2016.05.07-10.10.38:457][339]LogLoad: LoadMap: /Game/RunnerAssets/RunnerMap
[2016.05.07-10.10.38:477][339]LogParticles: Destroying 0 GPU particle simulations for FXSystem 0x0000027B55B213A0
[2016.05.07-10.10.38:477][339]Cmd: MEM
[2016.05.07-10.10.38:491][339]LogMemory: Platform Memory Stats for Windows
[2016.05.07-10.10.38:491][339]LogMemory: Process Physical Memory: 843.51 MB used, 882.81 MB peak
[2016.05.07-10.10.38:491][339]LogMemory: Process Virtual Memory: 1512.03 MB used, 1672.95 MB peak
[2016.05.07-10.10.38:491][339]LogMemory: Physical Memory: 4121.82 MB used, 16337.33 MB total
[2016.05.07-10.10.38:491][339]LogMemory: Virtual Memory: 2318.08 MB used, 134217728.00 MB total
[2016.05.07-10.10.38:491][339]LogMemory: 
[2016.05.07-10.10.38:491][339]Allocator Stats for TBB: (not implemented)
[2016.05.07-10.10.38:491][339]LogPlayLevel: Creating play world package: /Game/RunnerAssets/UEDPIE_0_RunnerMap
[2016.05.07-10.10.38:522][339]LogPlayLevel: PIE: StaticDuplicateObject took: (0.030289s)
[2016.05.07-10.10.38:523][339]LogAIModule: Creating AISystem for world RunnerMap
[2016.05.07-10.10.38:523][339]LogPlayLevel: PIE: World Init took: (0.001036s)
[2016.05.07-10.10.38:523][339]LogPlayLevel: PIE: Created PIE world by copying editor world from /Game/RunnerAssets/RunnerMap.RunnerMap to /Game/RunnerAssets/UEDPIE_0_RunnerMap.RunnerMap (0.031648s)
[2016.05.07-10.10.38:533][339]LogLinker:Warning: Can't find file '/Game/SideScrollerBP/Blueprints/SideScrollerGameMode'
[2016.05.07-10.10.38:533][339]LogLinker:Warning: Can't find file '/Game/SideScrollerBP/Blueprints/SideScrollerGameMode'
[2016.05.07-10.10.38:533][339]LogUObjectGlobals:Warning: Failed to find object 'Class /Game/SideScrollerBP/Blueprints/SideScrollerGameMode.SideScrollerGameMode_C'
[2016.05.07-10.10.38:533][339]LogWorld: Game class is 'GameMode'
[2016.05.07-10.10.38:540][339]LogWorld: Bringing World /Game/RunnerAssets/UEDPIE_0_RunnerMap.RunnerMap up for play (max tick rate 0) at 2016.05.07-12.10.38
[2016.05.07-10.10.38:540][339]LogActor:Warning: GameSession /Game/RunnerAssets/UEDPIE_0_RunnerMap.RunnerMap:PersistentLevel.GameSession_3 has natively added scene component(s), but none of them were set as the actor's RootComponent - picking one arbitrarily
[2016.05.07-10.10.38:540][339]LogActor:Warning: GameNetworkManager /Game/RunnerAssets/UEDPIE_0_RunnerMap.RunnerMap:PersistentLevel.GameNetworkManager_3 has natively added scene component(s), but none of them were set as the actor's RootComponent - picking one arbitrarily
[2016.05.07-10.10.38:540][339]LogWorld: Bringing up level for play took: 0.006441
[2016.05.07-10.10.38:541][339]LogGameMode: Warning - PATHS NOT DEFINED or NO PLAYERSTART with positive rating
[2016.05.07-10.10.56:453][245]LogBlueprintUserMessages: Early EndPlayMap Detection: Level '/Game/RunnerAssets/RunnerMap.RunnerMap:PersistentLevel' has LevelScriptBlueprint '/Game/RunnerAssets/RunnerMap.RunnerMap:PersistentLevel.RunnerMap' with GeneratedClass '/Game/RunnerAssets/RunnerMap.RunnerMap_C' with ClassGeneratedBy '/Game/RunnerAssets/RunnerMap.RunnerMap:PersistentLevel.RunnerMap'
[2016.05.07-10.10.56:523][245]LogBlueprintUserMessages: Late EndPlayMap Detection: Level '/Game/RunnerAssets/RunnerMap.RunnerMap:PersistentLevel' has LevelScriptBlueprint '/Game/RunnerAssets/RunnerMap.RunnerMap:PersistentLevel.RunnerMap' with GeneratedClass '/Game/RunnerAssets/RunnerMap.RunnerMap_C' with ClassGeneratedBy '/Game/RunnerAssets/RunnerMap.RunnerMap:PersistentLevel.RunnerMap'
[2016.05.07-10.10.56:589][246]LogParticles: Destroying 0 GPU particle simulations for FXSystem 0x0000027B56D918A0
[2016.05.07-10.16.28:369][938]LogBlueprintUserMessages: Early PlayInEditor Detection: Level '/Game/RunnerAssets/RunnerMap.RunnerMap:PersistentLevel' has LevelScriptBlueprint '/Game/RunnerAssets/RunnerMap.RunnerMap:PersistentLevel.RunnerMap' with GeneratedClass '/Game/RunnerAssets/RunnerMap.RunnerMap_C' with ClassGeneratedBy '/Game/RunnerAssets/RunnerMap.RunnerMap:PersistentLevel.RunnerMap'
[2016.05.07-10.16.28:369][938]LogPlayLevel: PlayLevel: No blueprints needed recompiling
[2016.05.07-10.16.28:369][938]PIE: New page: PIE session: RunnerMap (May 7, 2016, 2:16:28 PM)
[2016.05.07-10.16.28:369][938]LogPlayLevel: Creating play world package: /Game/RunnerAssets/UEDPIE_0_RunnerMap
[2016.05.07-10.16.28:400][938]LogPlayLevel: PIE: StaticDuplicateObject took: (0.031248s)
[2016.05.07-10.16.28:401][938]LogAIModule: Creating AISystem for world RunnerMap
[2016.05.07-10.16.28:402][938]LogPlayLevel: PIE: World Init took: (0.001330s)
[2016.05.07-10.16.28:402][938]LogPlayLevel: PIE: Created PIE world by copying editor world from /Game/RunnerAssets/RunnerMap.RunnerMap to /Game/RunnerAssets/UEDPIE_0_RunnerMap.RunnerMap (0.032982s)
[2016.05.07-10.16.28:428][938]LogInit: XAudio2 using 'Speakers (USB Sound Device        )' : 2 channels at 44.1 kHz using 16 bits per sample (channel mask 0x3)
[2016.05.07-10.16.28:436][938]LogInit: FAudioDevice initialized.
[2016.05.07-10.16.28:517][938]LogLinker:Warning: Can't find file '/Game/SideScrollerBP/Blueprints/SideScrollerGameMode'
[2016.05.07-10.16.28:518][938]LogLinker:Warning: Can't find file '/Game/SideScrollerBP/Blueprints/SideScrollerGameMode'
[2016.05.07-10.16.28:518][938]LogUObjectGlobals:Warning: Failed to find object 'Class /Game/SideScrollerBP/Blueprints/SideScrollerGameMode.SideScrollerGameMode_C'
[2016.05.07-10.16.28:518][938]LogWorld: Game class is 'GameMode'
[2016.05.07-10.16.28:526][938]LogWorld: Bringing World /Game/RunnerAssets/UEDPIE_0_RunnerMap.RunnerMap up for play (max tick rate 0) at 2016.05.07-12.16.28
[2016.05.07-10.16.28:526][938]LogActor:Warning: GameSession /Game/RunnerAssets/UEDPIE_0_RunnerMap.RunnerMap:PersistentLevel.GameSession_4 has natively added scene component(s), but none of them were set as the actor's RootComponent - picking one arbitrarily
[2016.05.07-10.16.28:526][938]LogActor:Warning: GameNetworkManager /Game/RunnerAssets/UEDPIE_0_RunnerMap.RunnerMap:PersistentLevel.GameNetworkManager_4 has natively added scene component(s), but none of them were set as the actor's RootComponent - picking one arbitrarily
[2016.05.07-10.16.28:527][938]LogWorld: Bringing up level for play took: 0.007884
[2016.05.07-10.16.28:527][938]LogGameMode: Warning - PATHS NOT DEFINED or NO PLAYERSTART with positive rating
[2016.05.07-10.16.28:549][938]PIE: Info Play in editor start time for /Game/RunnerAssets/UEDPIE_0_RunnerMap -0.608
[2016.05.07-10.16.28:550][938]LogBlueprintUserMessages: Late PlayInEditor Detection: Level '/Game/RunnerAssets/RunnerMap.RunnerMap:PersistentLevel' has LevelScriptBlueprint '/Game/RunnerAssets/RunnerMap.RunnerMap:PersistentLevel.RunnerMap' with GeneratedClass '/Game/RunnerAssets/RunnerMap.RunnerMap_C' with ClassGeneratedBy '/Game/RunnerAssets/RunnerMap.RunnerMap:PersistentLevel.RunnerMap'
[2016.05.07-10.16.31:058][ 84]LogBlueprintUserMessages: Early EndPlayMap Detection: Level '/Game/RunnerAssets/RunnerMap.RunnerMap:PersistentLevel' has LevelScriptBlueprint '/Game/RunnerAssets/RunnerMap.RunnerMap:PersistentLevel.RunnerMap' with GeneratedClass '/Game/RunnerAssets/RunnerMap.RunnerMap_C' with ClassGeneratedBy '/Game/RunnerAssets/RunnerMap.RunnerMap:PersistentLevel.RunnerMap'
[2016.05.07-10.16.31:105][ 84]LogBlueprintUserMessages: Late EndPlayMap Detection: Level '/Game/RunnerAssets/RunnerMap.RunnerMap:PersistentLevel' has LevelScriptBlueprint '/Game/RunnerAssets/RunnerMap.RunnerMap:PersistentLevel.RunnerMap' with GeneratedClass '/Game/RunnerAssets/RunnerMap.RunnerMap_C' with ClassGeneratedBy '/Game/RunnerAssets/RunnerMap.RunnerMap:PersistentLevel.RunnerMap'
[2016.05.07-10.16.31:129][ 84]LogParticles: Destroying 0 GPU particle simulations for FXSystem 0x0000027B60154360
[2016.05.07-10.16.32:896][292]MapCheck: New page: Map Check
[2016.05.07-10.16.33:042][292]Cmd: MAP REBUILD ALLVISIBLE
[2016.05.07-10.16.33:053][292]LogEditorServer: Rebuildmap Clear paths rebuilt
[2016.05.07-10.16.33:187][292]MapCheck:Warning: Warning WorldInfo_0 Hierarchical LOD System is disabled or no HLOD level settings available, unable to build LOD actors. 
[2016.05.07-10.16.33:187][292]LogStats:          STAT_HLOD_BuildClusters - 13.629 ms
[2016.05.07-10.16.33:214][292]LightingResults: New page: Lighting Build - May 7, 2016, 2:16:33 PM
[2016.05.07-10.16.42:967][292]LogStaticLightingSystem: Running Lightmass w/ ImmediateImport mode ENABLED
[2016.05.07-10.16.42:968][292]LogStaticLightingSystem: Running Lightmass w/ ImmediateProcess mode ENABLED
[2016.05.07-10.16.42:968][292]LogStaticLightingSystem: Running Lightmass w/ Sorting mode ENABLED
[2016.05.07-10.16.42:968][292]LogStaticLightingSystem: Running Lightmass w/ Mapping paddings ENABLED
[2016.05.07-10.16.42:968][292]LogStaticLightingSystem: Running Lightmass w/ Mapping debug paddings DISABLED
[2016.05.07-10.16.43:522][292]LogEditorBuildUtils: Build time 0:00:10
[2016.05.07-10.16.43:542][292]LogMaterial: Missing cached shader map for material FLightmassMaterialRenderer rustyFloorTexture2, compiling. 
[2016.05.07-10.16.43:618][292]LogMaterial: Missing cached shader map for material FLightmassMaterialRenderer rustyFloorTexture2, compiling. 
[2016.05.07-10.16.52:932][ 44]LightingResults:Error: Error gate Object has overlapping UVs.
[2016.05.07-10.16.52:932][ 44]LightingResults: Info gate Lightmap UV are overlapping by 3.2%. Please adjust content - Enable Error Coloring to visualize.
[2016.05.07-10.16.53:057][ 59]Job is a success!
[2016.05.07-10.16.53:190][ 60]LogTexture:Display: Building textures: SkyOcclusion1_1 (AutoDXT)
[2016.05.07-10.16.53:260][ 60]LogTexture:Display: Building textures: LQ_Lightmap_1_1 (DXT1)
[2016.05.07-10.16.53:318][ 60]LogTexture:Display: Building textures: HQ_Lightmap1_1 (AutoDXT)
[2016.05.07-10.16.53:460][ 60]LogTexture:Display: Building textures: ShadowMapTexture2D_1 (BGRA8)
[2016.05.07-10.16.58:758][ 60]Lightmass on JOHANS_MONSTER: 6.83 sec total, 4.74 sec importing, 8 ms setup, 281 ms photons, 1.51 sec processing, 0 ms extra exporting [11/11 mappings]. Threads: 10.4 sec total, 3.77 sec processing.
[2016.05.07-10.16.58:790][ 60]LogStaticLightingSystem: Illumination: 25.5 sec (321 ms encoding lightmaps)
[2016.05.07-10.16.58:790][ 60]LogStaticLightingSystem: Lightmap texture memory:  0.3 MB (0.3 MB streaming, 0.0 MB non-streaming), 2 textures
[2016.05.07-10.16.58:790][ 60]LogStaticLightingSystem: Shadowmap texture memory: 0.7 MB (0.7 MB streaming, 0.0 MB non-streaming), 1 textures
[2016.05.07-10.16.59:002][ 61]Cmd: MAP CHECK NOTIFYRESULTS
[2016.05.07-10.16.59:002][ 61]MapCheck: New page: RunnerMap - May 7, 2016, 2:16:59 PM
[2016.05.07-10.16.59:026][ 61]MapCheck:Warning: Warning BG_01_One 'BG_Scrolling01_01_Sprite' has simple collision but is being scaled non-uniformly - collision creation will fail 
[2016.05.07-10.16.59:026][ 61]MapCheck:Warning: Warning BG_02_One 'BG_Scrolling02_01_Sprite' has simple collision but is being scaled non-uniformly - collision creation will fail 
[2016.05.07-10.16.59:116][ 61]MapCheck: Info Map check complete: 0 Error(s), 2 Warning(s), took 113.172ms to complete.
[2016.05.07-10.17.13:545][553]Cmd: OBJ SAVEPACKAGE PACKAGE="/Game/RunnerAssets/RunnerMap" FILE="../../../../../../Users/Johan/Documents/GitHub/Runner/Content/RunnerAssets/RunnerMap.umap" SILENT=true AUTOSAVING=false KEEPDIRTY=false
[2016.05.07-10.17.14:014][553]LogSavePackage: Save=371.196411ms
[2016.05.07-10.17.14:014][553]LogSavePackage: Moving '../../../../../../Users/Johan/Documents/GitHub/Runner/Saved/RunnerMap8CE948674D3BE5AF0C033CA0184AFC0F.tmp' to '../../../../../../Users/Johan/Documents/GitHub/Runner/Content/RunnerAssets/RunnerMap.umap'
[2016.05.07-10.17.14:017][553]LogSavePackage: Total save time: 452.342257ms
[2016.05.07-10.17.14:017][553]LogSavePackage:Display: Finished SavePackage ../../../../../../Users/Johan/Documents/GitHub/Runner/Content/RunnerAssets/RunnerMap.umap
[2016.05.07-10.17.14:095][553]LogFileHelpers: Saving map 'RunnerMap' took 0.683
[2016.05.07-10.17.14:236][553]LogWindowsTextInputMethodSystem:Display: IME system now deactivated.
[2016.05.07-10.17.14:236][553]LogWindowsTextInputMethodSystem:Display: IME system now deactivated.
[2016.05.07-10.17.14:593][554]Cmd: QUIT_EDITOR
[2016.05.07-10.17.15:401][554]LogExit: Preparing to exit.
[2016.05.07-10.22.16:601][554]LogExit: Editor shut down
[2016.05.07-10.22.16:601][554]LogExit: Transaction tracking system shut down
[2016.05.07-10.22.16:637][554]LogParticles: Destroying 0 GPU particle simulations for FXSystem 0x0000027B5B99F4C0
[2016.05.07-10.22.16:637][554]LogParticles: Destroying 0 GPU particle simulations for FXSystem 0x0000027B6045ADE0
[2016.05.07-10.22.16:637][554]LogParticles: Destroying 0 GPU particle simulations for FXSystem 0x0000027B60606C00
[2016.05.07-10.22.16:637][554]LogParticles: Destroying 0 GPU particle simulations for FXSystem 0x0000027B6D7BDEE0
[2016.05.07-10.22.17:028][554]LogExit: Object subsystem successfully closed.
[2016.05.07-10.22.17:154][554]LogD3D11RHI: Shutdown
[2016.05.07-10.22.17:154][554]LogD3D11RHI: CleanupD3DDevice
[2016.05.07-10.22.17:267][554]LogD3D11RHI: ~FD3D11DynamicRHI
[2016.05.07-10.22.17:477][554]LogModuleManager: Shutting down and abandoning module CookingStats (199)
[2016.05.07-10.22.17:477][554]LogModuleManager: Shutting down and abandoning module CrashTracker (198)
[2016.05.07-10.22.17:477][554]LogModuleManager: Shutting down and abandoning module SceneOutliner (197)
[2016.05.07-10.22.17:477][554]LogModuleManager: Shutting down and abandoning module SuperSearch (196)
[2016.05.07-10.22.17:477][554]LogModuleManager: Shutting down and abandoning module WidgetCarousel (195)
[2016.05.07-10.22.17:477][554]LogModuleManager: Shutting down and abandoning module AddContentDialog (194)
[2016.05.07-10.22.17:479][554]LogModuleManager: Shutting down and abandoning module EditorWidgets (193)
[2016.05.07-10.22.17:479][554]LogModuleManager: Shutting down and abandoning module CollectionManager (192)
[2016.05.07-10.22.17:489][554]LogModuleManager: Shutting down and abandoning module StatsViewer (191)
[2016.05.07-10.22.17:489][554]LogModuleManager: Shutting down and abandoning module FoliageEdit (190)
[2016.05.07-10.22.17:489][554]LogModuleManager: Shutting down and abandoning module LandscapeEditor (189)
[2016.05.07-10.22.17:495][554]LogModuleManager: Shutting down and abandoning module ActorPickerMode (188)
[2016.05.07-10.22.17:495][554]LogModuleManager: Shutting down and abandoning module GeometryMode (187)
[2016.05.07-10.22.17:495][554]LogModuleManager: Shutting down and abandoning module TextureAlignMode (186)
[2016.05.07-10.22.17:495][554]LogModuleManager: Shutting down and abandoning module BspMode (185)
[2016.05.07-10.22.17:495][554]LogModuleManager: Shutting down and abandoning module PlacementMode (184)
[2016.05.07-10.22.17:495][554]LogModuleManager: Shutting down and abandoning module AutomationWorker (183)
[2016.05.07-10.22.17:495][554]LogModuleManager: Shutting down and abandoning module CharacterAI (182)
[2016.05.07-10.22.17:495][554]LogModuleManager: Shutting down and abandoning module SmartSnapping (181)
[2016.05.07-10.22.17:495][554]LogModuleManager: Shutting down and abandoning module ViewportSnapping (180)
[2016.05.07-10.22.17:495][554]LogModuleManager: Shutting down and abandoning module LogVisualizer (179)
[2016.05.07-10.22.17:496][554]LogModuleManager: Shutting down and abandoning module GameProjectGeneration (178)
[2016.05.07-10.22.17:509][554]LogModuleManager: Shutting down and abandoning module IntroTutorials (177)
[2016.05.07-10.22.17:509][554]LogModuleManager: Shutting down and abandoning module EditorLiveStreaming (176)
[2016.05.07-10.22.17:509][554]LogModuleManager: Shutting down and abandoning module IOSPlatformEditor (175)
[2016.05.07-10.22.17:509][554]LogModuleManager: Shutting down and abandoning module HTML5PlatformEditor (174)
[2016.05.07-10.22.17:509][554]LogModuleManager: Shutting down and abandoning module AndroidDeviceDetection (173)
[2016.05.07-10.22.18:008][554]LogModuleManager: Shutting down and abandoning module AndroidPlatformEditor (172)
[2016.05.07-10.22.18:008][554]LogModuleManager: Shutting down and abandoning module IOSRuntimeSettings (171)
[2016.05.07-10.22.18:008][554]LogModuleManager: Shutting down and abandoning module AndroidRuntimeSettings (170)
[2016.05.07-10.22.18:008][554]LogModuleManager: Shutting down and abandoning module MergeActors (169)
[2016.05.07-10.22.18:008][554]LogModuleManager: Shutting down and abandoning module SizeMap (168)
[2016.05.07-10.22.18:008][554]LogModuleManager: Shutting down and abandoning module TreeMap (167)
[2016.05.07-10.22.18:008][554]LogModuleManager: Shutting down and abandoning module ReferenceViewer (166)
[2016.05.07-10.22.18:008][554]LogModuleManager: Shutting down and abandoning module LocalizationService (165)
[2016.05.07-10.22.18:008][554]LogModuleManager: Shutting down and abandoning module LocalizationDashboard (164)
[2016.05.07-10.22.18:012][554]LogModuleManager: Shutting down and abandoning module HardwareTargeting (163)
[2016.05.07-10.22.18:012][554]LogModuleManager: Shutting down and abandoning module DeviceProfileEditor (162)
[2016.05.07-10.22.18:012][554]LogModuleManager: Shutting down and abandoning module UndoHistory (161)
[2016.05.07-10.22.18:012][554]LogModuleManager: Shutting down and abandoning module GameplayTagsEditor (160)
[2016.05.07-10.22.18:012][554]LogModuleManager: Shutting down and abandoning module UserFeedback (159)
[2016.05.07-10.22.18:012][554]LogModuleManager: Shutting down and abandoning module XmlParser (158)
[2016.05.07-10.22.18:012][554]LogModuleManager: Shutting down and abandoning module Blutility (157)
[2016.05.07-10.22.18:012][554]LogModuleManager: Shutting down and abandoning module ProjectTargetPlatformEditor (156)
[2016.05.07-10.22.18:012][554]LogModuleManager: Shutting down and abandoning module ProjectSettingsViewer (155)
[2016.05.07-10.22.18:012][554]LogModuleManager: Shutting down and abandoning module InputBindingEditor (154)
[2016.05.07-10.22.18:012][554]LogModuleManager: Shutting down and abandoning module EditorSettingsViewer (153)
[2016.05.07-10.22.18:012][554]LogModuleManager: Shutting down and abandoning module SettingsEditor (152)
[2016.05.07-10.22.18:012][554]LogModuleManager: Shutting down and abandoning module ProjectLauncher (151)
[2016.05.07-10.22.18:020][554]LogModuleManager: Shutting down and abandoning module SessionFrontend (150)
[2016.05.07-10.22.18:020][554]LogModuleManager: Shutting down and abandoning module ProfilerClient (149)
[2016.05.07-10.22.18:025][554]LogModuleManager: Shutting down and abandoning module TargetDeviceServices (148)
[2016.05.07-10.22.18:025][554]LogModuleManager: Shutting down and abandoning module DeviceManager (147)
[2016.05.07-10.22.18:025][554]LogModuleManager: Shutting down and abandoning module AutomationController (146)
[2016.05.07-10.22.18:025][554]LogModuleManager: Shutting down and abandoning module AutomationWindow (145)
[2016.05.07-10.22.18:029][554]LogModuleManager: Shutting down and abandoning module Layers (144)
[2016.05.07-10.22.18:046][554]LogModuleManager: Shutting down and abandoning module ComponentVisualizers (143)
[2016.05.07-10.22.18:046][554]LogModuleManager: Shutting down and abandoning module DetailCustomizations (142)
[2016.05.07-10.22.18:046][554]LogModuleManager: Shutting down and abandoning module PackagesDialog (141)
[2016.05.07-10.22.18:046][554]LogModuleManager: Shutting down and abandoning module Persona (140)
[2016.05.07-10.22.18:065][554]LogModuleManager: Shutting down and abandoning module Kismet (139)
[2016.05.07-10.22.18:065][554]LogModuleManager: Shutting down and abandoning module GraphEditor (138)
[2016.05.07-10.22.18:065][554]LogModuleManager: Shutting down and abandoning module ClassViewer (137)
[2016.05.07-10.22.18:065][554]LogModuleManager: Shutting down and abandoning module Toolbox (136)
[2016.05.07-10.22.18:065][554]LogModuleManager: Shutting down and abandoning module ModuleUI (135)
[2016.05.07-10.22.18:070][554]LogModuleManager: Shutting down and abandoning module MovieSceneTools (134)
[2016.05.07-10.22.18:070][554]LogModuleManager: Shutting down and abandoning module OutputLog (133)
[2016.05.07-10.22.18:070][554]LogModuleManager: Shutting down and abandoning module GammaUI (132)
[2016.05.07-10.22.18:083][554]LogModuleManager: Shutting down and abandoning module Documentation (131)
[2016.05.07-10.22.18:083][554]LogModuleManager: Shutting down and abandoning module GameLiveStreaming (130)
[2016.05.07-10.22.18:083][554]LogModuleManager: Shutting down and abandoning module StreamingPauseRendering (129)
[2016.05.07-10.22.18:083][554]LogModuleManager: Shutting down and abandoning module AnalyticsET (128)
[2016.05.07-10.22.18:083][554]LogModuleManager: Shutting down and abandoning module Analytics (127)
[2016.05.07-10.22.18:083][554]LogModuleManager: Shutting down and abandoning module AITestSuite (126)
[2016.05.07-10.22.18:083][554]LogModuleManager: Shutting down and abandoning module GameplayDebugger (125)
[2016.05.07-10.22.18:083][554]LogModuleManager: Shutting down and abandoning module AIModule (124)
[2016.05.07-10.22.18:083][554]LogModuleManager: Shutting down and abandoning module ProfilerService (123)
[2016.05.07-10.22.18:120][554]LogModuleManager: Shutting down and abandoning module TaskGraph (122)
[2016.05.07-10.22.18:132][554]LogModuleManager: Shutting down and abandoning module SlateRemote (121)
[2016.05.07-10.22.18:132][554]LogModuleManager: Shutting down and abandoning module SteamVRController (120)
[2016.05.07-10.22.18:132][554]LogModuleManager: Shutting down and abandoning module SteamVR (119)
[2016.05.07-10.22.18:132][554]LogModuleManager: Shutting down and abandoning module ProceduralMeshComponent (118)
[2016.05.07-10.22.18:132][554]LogModuleManager: Shutting down and abandoning module OculusLibrary (117)
[2016.05.07-10.22.18:132][554]LogModuleManager: Shutting down and abandoning module OculusInput (116)
[2016.05.07-10.22.18:132][554]LogModuleManager: Shutting down and abandoning module LeapMotionController (115)
[2016.05.07-10.22.18:145][554]LogModuleManager: Shutting down and abandoning module CustomMeshComponent (114)
[2016.05.07-10.22.18:145][554]LogModuleManager: Shutting down and abandoning module CableComponent (113)
[2016.05.07-10.22.18:145][554]LogModuleManager: Shutting down and abandoning module ArchVisCharacter (112)
[2016.05.07-10.22.18:145][554]LogModuleManager: Shutting down and abandoning module MessagingDebugger (111)
[2016.05.07-10.22.18:154][554]LogModuleManager: Shutting down and abandoning module MediaPlayerEditor (110)
[2016.05.07-10.22.18:160][554]LogModuleManager: Shutting down and abandoning module HTML5Networking (109)
[2016.05.07-10.22.18:160][554]LogModuleManager: Shutting down and abandoning module SpeedTreeImporter (108)
[2016.05.07-10.22.18:160][554]LogModuleManager: Shutting down and abandoning module PluginBrowser (107)
[2016.05.07-10.22.18:169][554]LogModuleManager: Shutting down and abandoning module EpicSurvey (106)
[2016.05.07-10.22.18:169][554]LogModuleManager: Shutting down and abandoning module DesktopPlatform (105)
[2016.05.07-10.22.18:175][554]LogModuleManager: Shutting down and abandoning module VisualStudioSourceCodeAccess (104)
[2016.05.07-10.22.18:175][554]LogModuleManager: Shutting down and abandoning module UObjectPlugin (103)
[2016.05.07-10.22.18:175][554]LogModuleManager: Shutting down and abandoning module SubversionSourceControl (102)
[2016.05.07-10.22.18:175][554]LogModuleManager: Shutting down and abandoning module PerforceSourceControl (101)
[2016.05.07-10.22.18:175][554]LogModuleManager: Shutting down and abandoning module SourceControl (100)
[2016.05.07-10.22.18:186][554]LogModuleManager: Shutting down and abandoning module GitSourceControl (99)
[2016.05.07-10.22.18:186][554]LogModuleManager: Shutting down and abandoning module LightPropagationVolumeEditor (98)
[2016.05.07-10.22.18:186][554]LogModuleManager: Shutting down and abandoning module PaperTiledImporter (97)
[2016.05.07-10.22.18:186][554]LogModuleManager: Shutting down and abandoning module PaperSpriteSheetImporter (96)
[2016.05.07-10.22.18:186][554]LogModuleManager: Shutting down and abandoning module MeshPaint (95)
[2016.05.07-10.22.18:186][554]LogModuleManager: Shutting down and abandoning module SlateReflector (94)
[2016.05.07-10.22.18:189][554]LogModuleManager: Shutting down and abandoning module HotReload (93)
[2016.05.07-10.22.18:189][554]LogModuleManager: Shutting down and abandoning module MainFrame (92)
[2016.05.07-10.22.18:189][554]LogModuleManager: Shutting down and abandoning module LevelEditor (91)
[2016.05.07-10.22.18:203][554]LogModuleManager: Shutting down and abandoning module DirectoryWatcher (90)
[2016.05.07-10.22.18:204][554]LogModuleManager: Shutting down and abandoning module AssetRegistry (89)
[2016.05.07-10.22.18:284][554]LogModuleManager: Shutting down and abandoning module ContentBrowser (88)
[2016.05.07-10.22.18:285][554]LogModuleManager: Shutting down and abandoning module Paper2DEditor (87)
[2016.05.07-10.22.18:314][554]LogModuleManager: Shutting down and abandoning module UdpMessaging (86)
[2016.05.07-10.22.18:415][554]LogModuleManager: Shutting down and abandoning module LightPropagationVolumeRuntime (85)
[2016.05.07-10.22.18:415][554]LogModuleManager: Shutting down and abandoning module Paper2D (84)
[2016.05.07-10.22.18:415][554]LogModuleManager: Shutting down and abandoning module WindowsMoviePlayer (83)
[2016.05.07-10.22.18:419][554]LogModuleManager: Shutting down and abandoning module Media (82)
[2016.05.07-10.22.18:419][554]LogModuleManager: Shutting down and abandoning module WmfMedia (81)
[2016.05.07-10.22.18:419][554]LogModuleManager: Shutting down and abandoning module OnlineBlueprintSupport (80)
[2016.05.07-10.22.18:419][554]LogModuleManager: Shutting down and abandoning module GameplayTasksEditor (79)
[2016.05.07-10.22.18:419][554]LogModuleManager: Shutting down and abandoning module PropertyEditor (78)
[2016.05.07-10.22.18:419][554]LogModuleManager: Shutting down and abandoning module BehaviorTreeEditor (77)
[2016.05.07-10.22.18:423][554]LogModuleManager: Shutting down and abandoning module FunctionalTesting (76)
[2016.05.07-10.22.18:424][554]LogModuleManager: Shutting down and abandoning module CollisionAnalyzer (75)
[2016.05.07-10.22.18:424][554]LogModuleManager: Shutting down and abandoning module WorkspaceMenuStructure (74)
[2016.05.07-10.22.18:424][554]LogModuleManager: Shutting down and abandoning module MessageLog (73)
[2016.05.07-10.22.18:424][554]LogModuleManager: Shutting down and abandoning module Sequencer (72)
[2016.05.07-10.22.18:438][554]LogModuleManager: Shutting down and abandoning module AssetTools (71)
[2016.05.07-10.22.18:451][554]LogModuleManager: Shutting down and abandoning module UMGEditor (70)
[2016.05.07-10.22.18:468][554]LogModuleManager: Shutting down and abandoning module UMG (69)
[2016.05.07-10.22.18:468][554]LogModuleManager: Shutting down and abandoning module Slate (68)
[2016.05.07-10.22.18:468][554]LogModuleManager: Shutting down and abandoning module EditorStyle (67)
[2016.05.07-10.22.18:470][554]LogModuleManager: Shutting down and abandoning module SessionServices (66)
[2016.05.07-10.22.18:470][554]LogModuleManager: Shutting down and abandoning module SourceCodeAccess (65)
[2016.05.07-10.22.18:470][554]LogModuleManager: Shutting down and abandoning module HeadMountedDisplay (64)
[2016.05.07-10.22.18:470][554]LogModuleManager: Shutting down and abandoning module XAudio2 (63)
[2016.05.07-10.22.18:470][554]LogModuleManager: Shutting down and abandoning module Networking (61)
[2016.05.07-10.22.18:470][554]LogModuleManager: Shutting down and abandoning module Core (60)
[2016.05.07-10.22.18:470][554]LogModuleManager: Shutting down and abandoning module KismetCompiler (59)
[2016.05.07-10.22.18:470][554]LogModuleManager: Shutting down and abandoning module PhysXFormats (58)
[2016.05.07-10.22.18:470][554]LogModuleManager: Shutting down and abandoning module MeshUtilities (57)
[2016.05.07-10.22.18:471][554]LogModuleManager: Shutting down and abandoning module DerivedDataCache (56)
[2016.05.07-10.22.18:533][554]LogDerivedDataCache: Shutdown
[2016.05.07-10.22.18:533][554]LogModuleManager: Shutting down and abandoning module ShaderFormatOpenGL (55)
[2016.05.07-10.22.18:537][554]LogModuleManager: Shutting down and abandoning module ShaderFormatD3D (54)
[2016.05.07-10.22.18:537][554]LogModuleManager: Shutting down and abandoning module MetalShaderFormat (53)
[2016.05.07-10.22.18:550][554]LogModuleManager: Shutting down and abandoning module TextureFormatUncompressed (52)
[2016.05.07-10.22.18:550][554]LogModuleManager: Shutting down and abandoning module TextureFormatPVR (51)
[2016.05.07-10.22.18:550][554]LogModuleManager: Shutting down and abandoning module TextureFormatIntelISPCTexComp (50)
[2016.05.07-10.22.18:550][554]LogModuleManager: Shutting down and abandoning module TextureFormatDXT (49)
[2016.05.07-10.22.18:550][554]LogModuleManager: Shutting down and abandoning module ImageWrapper (48)
[2016.05.07-10.22.18:550][554]LogModuleManager: Shutting down and abandoning module TextureFormatASTC (47)
[2016.05.07-10.22.18:550][554]LogModuleManager: Shutting down and abandoning module TextureFormatAndroid (46)
[2016.05.07-10.22.18:550][554]LogModuleManager: Shutting down and abandoning module AudioFormatOpus (45)
[2016.05.07-10.22.18:550][554]LogModuleManager: Shutting down and abandoning module AudioFormatOgg (44)
[2016.05.07-10.22.18:550][554]LogModuleManager: Shutting down and abandoning module AudioFormatADPCM (43)
[2016.05.07-10.22.18:550][554]LogModuleManager: Shutting down and abandoning module LinuxTargetPlatform (42)
[2016.05.07-10.22.18:550][554]LogModuleManager: Shutting down and abandoning module LinuxServerTargetPlatform (41)
[2016.05.07-10.22.18:550][554]LogModuleManager: Shutting down and abandoning module LinuxNoEditorTargetPlatform (40)
[2016.05.07-10.22.18:550][554]LogModuleManager: Shutting down and abandoning module Messaging (39)
[2016.05.07-10.22.18:550][554]LogModuleManager: Shutting down and abandoning module IOSTargetPlatform (38)
[2016.05.07-10.22.18:550][554]LogModuleManager: Shutting down and abandoning module HTML5TargetPlatform (37)
[2016.05.07-10.22.18:550][554]LogModuleManager: Shutting down and abandoning module Android_PVRTCTargetPlatform (36)
[2016.05.07-10.22.18:550][554]LogModuleManager: Shutting down and abandoning module Android_MultiTargetPlatform (35)
[2016.05.07-10.22.18:550][554]LogModuleManager: Shutting down and abandoning module Android_ETC2TargetPlatform (34)
[2016.05.07-10.22.18:550][554]LogModuleManager: Shutting down and abandoning module Android_ETC1TargetPlatform (33)
[2016.05.07-10.22.18:550][554]LogModuleManager: Shutting down and abandoning module Android_DXTTargetPlatform (32)
[2016.05.07-10.22.18:550][554]LogModuleManager: Shutting down and abandoning module Android_ATCTargetPlatform (31)
[2016.05.07-10.22.18:550][554]LogModuleManager: Shutting down and abandoning module Android_ASTCTargetPlatform (30)
[2016.05.07-10.22.18:550][554]LogModuleManager: Shutting down and abandoning module AndroidTargetPlatform (29)
[2016.05.07-10.22.18:550][554]LogModuleManager: Shutting down and abandoning module WindowsTargetPlatform (28)
[2016.05.07-10.22.18:550][554]LogModuleManager: Shutting down and abandoning module WindowsServerTargetPlatform (27)
[2016.05.07-10.22.18:550][554]LogModuleManager: Shutting down and abandoning module WindowsNoEditorTargetPlatform (26)
[2016.05.07-10.22.18:550][554]LogModuleManager: Shutting down and abandoning module WindowsClientTargetPlatform (25)
[2016.05.07-10.22.18:550][554]LogModuleManager: Shutting down and abandoning module AllDesktopTargetPlatform (24)
[2016.05.07-10.22.18:550][554]LogModuleManager: Shutting down and abandoning module TargetPlatform (23)
[2016.05.07-10.22.18:550][554]LogModuleManager: Shutting down and abandoning module InputCore (22)
[2016.05.07-10.22.18:550][554]LogModuleManager: Shutting down and abandoning module Settings (21)
[2016.05.07-10.22.18:550][554]LogModuleManager: Shutting down and abandoning module OnlineSubsystem (19)
[2016.05.07-10.22.18:550][554]LogModuleManager: Shutting down and abandoning module HTTP (18)
[2016.05.07-10.22.20:552][554]LogModuleManager: Shutting down and abandoning module XMPP (17)
[2016.05.07-10.22.20:583][554]LogModuleManager: Shutting down and abandoning module OculusRift (16)
[2016.05.07-10.22.20:603][554]LogModuleManager: Shutting down and abandoning module ExampleDeviceProfileSelector (15)
[2016.05.07-10.22.20:603][554]LogModuleManager: Shutting down and abandoning module TextureCompressor (14)
[2016.05.07-10.22.20:603][554]LogModuleManager: Shutting down and abandoning module ShaderCore (13)
[2016.05.07-10.22.20:603][554]LogModuleManager: Shutting down and abandoning module Landscape (12)
[2016.05.07-10.22.20:603][554]LogModuleManager: Shutting down and abandoning module SlateRHIRenderer (11)
[2016.05.07-10.22.20:617][554]LogModuleManager: Shutting down and abandoning module OpenGLDrv (10)
[2016.05.07-10.22.20:620][554]LogModuleManager: Shutting down and abandoning module D3D11RHI (9)
[2016.05.07-10.22.20:620][554]LogModuleManager: Shutting down and abandoning module AnimGraphRuntime (8)
[2016.05.07-10.22.20:620][554]LogModuleManager: Shutting down and abandoning module Renderer (7)
[2016.05.07-10.22.20:620][554]LogModuleManager: Shutting down and abandoning module Engine (6)
[2016.05.07-10.22.20:620][554]LogModuleManager: Shutting down and abandoning module CoreUObject (5)
[2016.05.07-10.22.20:620][554]LogModuleManager: Shutting down and abandoning module NetworkFile (4)
[2016.05.07-10.22.20:622][554]LogModuleManager: Shutting down and abandoning module StreamingFile (3)
[2016.05.07-10.22.20:622][554]LogModuleManager: Shutting down and abandoning module SandboxFile (2)
[2016.05.07-10.22.20:622][554]LogModuleManager: Shutting down and abandoning module PakFile (1)
[2016.05.07-10.22.20:624][554]LogExit: Exiting.
[2016.05.07-10.22.20:625][554]Log file closed, 05/07/16 12:22:20
