[2016.05.31-11.22.01:755][  0]Log file open, 05/31/16 13:22:01
[2016.05.31-11.22.01:755][  0]LogInit:Display: Running engine for game: Runner
[2016.05.31-11.22.01:755][  0]LogPlatformFile: Not using cached read wrapper
[2016.05.31-11.22.01:755][  0]LogInit:Display: RandInit(1813326322) SRandInit(1813326323).
[2016.05.31-11.22.01:755][  0]LogTaskGraph: Started task graph with 4 named threads and 7 total threads.
[2016.05.31-11.22.01:755][  0]LogStats: Stats thread started at 0.107183
[2016.05.31-11.22.01:755][  0]LogInit: Version: 4.10.4-2872498+++depot+UE4-Releases+4.10
[2016.05.31-11.22.01:755][  0]LogInit: API Version: 2758231
[2016.05.31-11.22.01:755][  0]LogInit: Compiled (64-bit): Feb 18 2016 15:47:04
[2016.05.31-11.22.01:755][  0]LogInit: Compiled with Visual C++: 19.00.23026.00
[2016.05.31-11.22.01:755][  0]LogInit: Build Configuration: Development
[2016.05.31-11.22.01:755][  0]LogInit: Branch Name: ++depot+UE4-Releases+4.10
[2016.05.31-11.22.01:755][  0]LogInit: Command line:  
[2016.05.31-11.22.01:755][  0]LogInit: Base directory: C:/Program Files/Epic Games/4.10/Engine/Binaries/Win64/
[2016.05.31-11.22.01:755][  0]LogInit: Rocket: 1
[2016.05.31-11.22.01:835][  0]LogInit: Using libcurl 7.41.0
[2016.05.31-11.22.01:836][  0]LogInit:  - built for x86_64-pc-win32
[2016.05.31-11.22.01:836][  0]LogInit:  - supports SSL with WinSSL
[2016.05.31-11.22.01:836][  0]LogInit:  - other features:
[2016.05.31-11.22.01:836][  0]LogInit:      CURL_VERSION_SSL
[2016.05.31-11.22.01:836][  0]LogInit:      CURL_VERSION_IPV6
[2016.05.31-11.22.01:836][  0]LogInit:      CURL_VERSION_ASYNCHDNS
[2016.05.31-11.22.01:836][  0]LogInit:      CURL_VERSION_LARGEFILE
[2016.05.31-11.22.01:836][  0]LogInit:      CURL_VERSION_IDN
[2016.05.31-11.22.01:836][  0]LogInit:  CurlRequestOptions (configurable via config and command line):
[2016.05.31-11.22.01:836][  0]LogInit:  - bVerifyPeer = true  - Libcurl will verify peer certificate
[2016.05.31-11.22.01:836][  0]LogInit:  - bUseHttpProxy = false  - Libcurl will NOT use HTTP proxy
[2016.05.31-11.22.01:836][  0]LogInit:  - bDontReuseConnections = false  - Libcurl will reuse connections
[2016.05.31-11.22.01:836][  0]LogInit:  - CertBundlePath = nullptr  - Libcurl will use whatever was configured at build time.
[2016.05.31-11.22.01:886][  0]LogInit: Presizing for 0 objects not considered by GC, pre-allocating 0 bytes.
[2016.05.31-11.22.01:900][  0]LogInit: Object subsystem initialized
[2016.05.31-11.22.01:902][  0]LogInit: Selected Device Profile: [Windows]
[2016.05.31-11.22.01:902][  0]LogInit: Applying CVar settings loaded from the selected device profile: [Windows]
[2016.05.31-11.22.01:920][  0]LogInit: Computer: JOHANS_MONSTER
[2016.05.31-11.22.01:920][  0]LogInit: User: Johan
[2016.05.31-11.22.01:920][  0]LogInit: CPU Page size=4096, Cores=4
[2016.05.31-11.22.01:920][  0]LogInit: High frequency timer resolution =3.312786 MHz
[2016.05.31-11.22.01:920][  0]LogMemory: Memory total: Physical=16.0GB (16GB approx)
[2016.05.31-11.22.01:920][  0]LogMemory: Platform Memory Stats for Windows
[2016.05.31-11.22.01:920][  0]LogMemory: Process Physical Memory: 56.26 MB used, 56.26 MB peak
[2016.05.31-11.22.01:920][  0]LogMemory: Process Virtual Memory: 56.75 MB used, 56.75 MB peak
[2016.05.31-11.22.01:920][  0]LogMemory: Physical Memory: 3291.47 MB used, 16337.33 MB total
[2016.05.31-11.22.01:920][  0]LogMemory: Virtual Memory: 382.84 MB used, 134217728.00 MB total
[2016.05.31-11.22.02:070][  0]LogTextLocalizationManager: No translations for ('sv-SE') exist, falling back to 'en' for localization and internationalization data.
[2016.05.31-11.22.02:581][  0]LogD3D11RHI: Found D3D11 adapter 0: NVIDIA GeForce GTX 560 SE (Feature Level 11_0)
[2016.05.31-11.22.02:581][  0]LogD3D11RHI: Adapter has 977MB of dedicated video memory, 0MB of dedicated system memory, and 8168MB of shared system memory, 1 output[s]
[2016.05.31-11.22.02:583][  0]LogD3D11RHI: Found D3D11 adapter 1: Microsoft Basic Render Driver (Feature Level 11_0)
[2016.05.31-11.22.02:583][  0]LogD3D11RHI: Adapter has 0MB of dedicated video memory, 0MB of dedicated system memory, and 8168MB of shared system memory, 0 output[s]
[2016.05.31-11.22.02:583][  0]LogD3D11RHI: Chosen D3D11 Adapter Id = 0
[2016.05.31-11.22.02:586][  0]LogD3D11RHI: !Direct3DDevice
[2016.05.31-11.22.02:586][  0]LogRHI: Texture pool is 684 MB (70% of 977 MB)
[2016.05.31-11.22.02:597][  0]LogD3D11RHI: Async texture creation enabled
[2016.05.31-11.22.02:608][  0]LogShaderCompilers: Guid format shader working directory is -7 characters bigger than the processId version (../../../../../../Users/Johan/Documents/GitHub/Runner/Intermediate/Shaders/WorkingDirectory/2656/).
[2016.05.31-11.22.02:608][  0]LogShaderCompilers: Cleaned the shader compiler working directory 'C:/Users/Johan/AppData/Local/Temp/UnrealShaderWorkingDir/BE07861044D758063FC38F991479678A/'.
[2016.05.31-11.22.02:608][  0]LogShaderCompilers:Display: Using Local Shader Compiler.
[2016.05.31-11.22.04:703][  0]LogTemp:Display: Loaded TP AllDesktopTargetPlatform
[2016.05.31-11.22.04:708][  0]LogTemp:Display: Loaded TP WindowsClientTargetPlatform
[2016.05.31-11.22.04:713][  0]LogTemp:Display: Loaded TP WindowsNoEditorTargetPlatform
[2016.05.31-11.22.04:718][  0]LogTemp:Display: Loaded TP WindowsServerTargetPlatform
[2016.05.31-11.22.04:722][  0]LogTemp:Display: Loaded TP WindowsTargetPlatform
[2016.05.31-11.22.04:726][  0]LogTemp:Display: Loaded TP AndroidTargetPlatform
[2016.05.31-11.22.04:729][  0]LogTemp:Display: Loaded TP Android_ASTCTargetPlatform
[2016.05.31-11.22.04:732][  0]LogTemp:Display: Loaded TP Android_ATCTargetPlatform
[2016.05.31-11.22.04:735][  0]LogTemp:Display: Loaded TP Android_DXTTargetPlatform
[2016.05.31-11.22.04:737][  0]LogTemp:Display: Loaded TP Android_ETC1TargetPlatform
[2016.05.31-11.22.04:740][  0]LogTemp:Display: Loaded TP Android_ETC2TargetPlatform
[2016.05.31-11.22.04:746][  0]LogTemp:Display: Loaded TP Android_MultiTargetPlatform
[2016.05.31-11.22.04:746][  0]LogTemp:Display: Loaded TP Android_PVRTCTargetPlatform
[2016.05.31-11.22.04:747][  0]LogTemp:Display: Loaded TP HTML5TargetPlatform
[2016.05.31-11.22.04:775][  0]LogTemp:Display: Loaded TP IOSTargetPlatform
[2016.05.31-11.22.04:777][  0]LogTemp:Display: Loaded TP LinuxNoEditorTargetPlatform
[2016.05.31-11.22.04:780][  0]LogTemp:Display: Loaded TP LinuxServerTargetPlatform
[2016.05.31-11.22.04:783][  0]LogTemp:Display: Loaded TP LinuxTargetPlatform
[2016.05.31-11.22.04:783][  0]LogTargetPlatformManager:Display: Building Assets For Windows
[2016.05.31-11.22.05:115][  0]LogDerivedDataCache:Display: Max Cache Size: 512 MB
[2016.05.31-11.22.05:573][  0]LogDerivedDataCache: Loaded boot cache 0.46s 41MB C:/Users/Johan/AppData/Local/UnrealEngine/4.10/DerivedDataCache/Boot.ddc.
[2016.05.31-11.22.05:574][  0]LogDerivedDataCache:Display: Loaded Boot cache: C:/Users/Johan/AppData/Local/UnrealEngine/4.10/DerivedDataCache/Boot.ddc
[2016.05.31-11.22.05:574][  0]LogDerivedDataCache: FDerivedDataBackendGraph:  Pak pak cache file ../../../../../../Users/Johan/Documents/GitHub/Runner/DerivedDataCache/DDC.ddp not found, will not use a pak cache.
[2016.05.31-11.22.05:574][  0]LogDerivedDataCache: Unable to find inner node Pak for hierarchical cache Hierarchy.
[2016.05.31-11.22.05:574][  0]LogDerivedDataCache: FDerivedDataBackendGraph:  CompressedPak pak cache file ../../../../../../Users/Johan/Documents/GitHub/Runner/DerivedDataCache/Compressed.ddp not found, will not use a pak cache.
[2016.05.31-11.22.05:574][  0]LogDerivedDataCache: Unable to find inner node CompressedPak for hierarchical cache Hierarchy.
[2016.05.31-11.22.05:714][  0]LogDerivedDataCache:Display: Pak cache opened for reading ../../../Engine/DerivedDataCache/Compressed.ddp.
[2016.05.31-11.22.05:726][  0]LogDerivedDataCache: Using Local data cache path C:/Users/Johan/AppData/Local/UnrealEngine/Common/DerivedDataCache: Writable
[2016.05.31-11.22.16:170][  0]LogInit: Selected Device Profile: [Windows]
[2016.05.31-11.22.16:173][  0]LogContentStreaming: Texture pool size is 0.000000MB
[2016.05.31-11.22.16:284][  0]LogMeshUtilities: No automatic mesh reduction module available
[2016.05.31-11.22.16:284][  0]LogMeshUtilities: No automatic mesh merging module available
[2016.05.31-11.22.17:103][  0]LogInit: WinSock: version 1.1 (2.2), MaxSocks=32767, MaxUdp=65467
[2016.05.31-11.22.35:855][  0]UdpMessaging: Initializing bridge on interface 0.0.0.0:0 to multicast group 230.0.0.1:6666.
[2016.05.31-11.22.36:704][  0]LogAssetRegistry: FAssetRegistry took 0.0116 seconds to start up
[2016.05.31-11.22.36:874][  0]SourceControl: Info Source control is disabled
[2016.05.31-11.22.36:875][  0]SourceControl: Info Source control is disabled
[2016.05.31-11.22.36:887][  0]SourceControl: Info Source control is disabled
[2016.05.31-11.22.36:899][  0]SourceControl: Info Source control is disabled
[2016.05.31-11.22.37:924][  0]LogObj: 28633 objects as part of root set at end of initial load.
[2016.05.31-11.22.37:924][  0]LogUObjectAllocator: 6099752 out of 0 bytes used by permanent object pool.
[2016.05.31-11.22.38:032][  0]LogEngine: Initializing Engine...
[2016.05.31-11.22.38:035][  0]LogHMD: Can't find Oculus library dev build: is proper Runtime installed? Version: 0.8.0.0
[2016.05.31-11.22.38:069][  0]LogHMD: SteamVR failed to initialize.  Err: 110
[2016.05.31-11.22.38:194][  0]LogAIModule: Creating AISystem for world NewWorld
[2016.05.31-11.22.38:200][  0]LogInit: XAudio2 using 'Speakers (USB Sound Device        )' : 2 channels at 44.1 kHz using 16 bits per sample (channel mask 0x3)
[2016.05.31-11.22.38:215][  0]LogInit: FAudioDevice initialized.
[2016.05.31-11.22.38:232][  0]LogDerivedDataCache: Saved boot cache 0.02s 41MB C:/Users/Johan/AppData/Local/UnrealEngine/4.10/DerivedDataCache/Boot.ddc.
[2016.05.31-11.22.38:239][  0]LogInit: Texture streaming: Enabled
[2016.05.31-11.22.38:244][  0]LogAnalytics: Creating configured Analytics provider AnalyticsET
[2016.05.31-11.22.38:244][  0]LogAnalytics: [UEEditor.Rocket.Release] APIServer = http://et2.epicgames.com/ET2/. AppVersion = 4.10.4-2872498+++depot+UE4-Releases+4.10
[2016.05.31-11.22.38:244][  0]LogAnalytics: [UEEditor.Rocket.Release] SetUserId e13f53c54a08433fc09043aa962b451a|75ba5683578c43329a0522a4b145a097|e6dac55f-4bf9-412a-b229-53d1a5ef9356
[2016.05.31-11.22.38:244][  0]LogAnalytics: [UEEditor.Rocket.Release] AnalyticsET::StartSession
[2016.05.31-11.22.38:254][  0]LogWindowsTextInputMethodSystem:Display: IME system now deactivated.
[2016.05.31-11.22.38:254][  0]LogWindowsTextInputMethodSystem:Display: IME system now deactivated.
[2016.05.31-11.22.38:273][  0]LogInit: Transaction tracking system initialized
[2016.05.31-11.22.38:300][  0]BlueprintLog: New page: Editor Load
[2016.05.31-11.22.38:422][  0]LocalizationService: Info Localization service is disabled
[2016.05.31-11.22.39:050][  0]LogConsoleResponse:Display: 
[2016.05.31-11.22.42:555][  0]LogCook:Display: Done creating registry. It took  0.00s.
[2016.05.31-11.22.43:156][  0]LogFileCache: Scanning file cache for directory 'C:/Users/Johan/Documents/GitHub/Runner/Content/' took 0.02s
[2016.05.31-11.22.43:157][  0]SourceControl: Info Source control is disabled
[2016.05.31-11.22.43:157][  0]Cmd: MAP LOAD FILE="../../../../../../Users/Johan/Documents/GitHub/Runner/Content/RunnerAssets/RunnerMap.umap" TEMPLATE=0 SHOWPROGRESS=1 FEATURELEVEL=3
[2016.05.31-11.22.43:158][  0]LightingResults: New page: Lighting Build
[2016.05.31-11.22.43:163][  0]MapCheck: New page: Map Check
[2016.05.31-11.22.43:163][  0]LightingResults: New page: Lighting Build
[2016.05.31-11.22.43:173][  0]LogParticles: Destroying 0 GPU particle simulations for FXSystem 0x000001E58C937B00
[2016.05.31-11.22.59:880][  0]LogAIModule: Creating AISystem for world RunnerMap
[2016.05.31-11.23.00:294][  0]LogEditorServer: Finished looking for orphan Actors (0.000 secs)
[2016.05.31-11.23.00:295][  0]Cmd: MAP CHECKDEP NOCLEARLOG
[2016.05.31-11.23.00:363][  0]MapCheck: Info Map check complete: 0 Error(s), 0 Warning(s), took 67.857ms to complete.
[2016.05.31-11.23.00:363][  0]LogFileHelpers: Loading map 'RunnerMap' took 17.206
[2016.05.31-11.23.00:686][  0]LogCollectionManager: Loaded 0 collections in 0.002164 seconds
[2016.05.31-11.23.00:724][  0]LogFileCache: Scanning file cache for directory 'C:/Users/Johan/Documents/GitHub/Runner/Saved/Collections/' took 0.01s
[2016.05.31-11.23.00:724][  0]LogFileCache: Scanning file cache for directory 'C:/Users/Johan/Documents/GitHub/Runner/Content/Developers/Johan/Collections/' took 0.01s
[2016.05.31-11.23.00:724][  0]LogFileCache: Scanning file cache for directory 'C:/Users/Johan/Documents/GitHub/Runner/Content/Collections/' took 0.01s
[2016.05.31-11.23.00:724][  0]LogCollectionManager: Rebuilt the GUID cache for 0 collections in 0.000002 seconds
[2016.05.31-11.23.00:732][  0]LogContentBrowser: Native class hierarchy populated in 0.0075 seconds. Added 1893 classes and 338 folders.
[2016.05.31-11.23.00:738][  0]LogContentBrowser: Native class hierarchy updated for 'WidgetCarousel' in 0.0003 seconds. Added 0 classes and 0 folders.
[2016.05.31-11.23.04:284][  0]LogContentBrowser: Native class hierarchy updated for 'AddContentDialog' in 0.0003 seconds. Added 0 classes and 0 folders.
[2016.05.31-11.23.04:288][  0]LogContentBrowser: Native class hierarchy updated for 'SceneOutliner' in 0.0003 seconds. Added 1 classes and 2 folders.
[2016.05.31-11.23.07:834][  0]LogCrashTracker: Crashtracker disabled due to settings.
[2016.05.31-11.23.07:844][  0]LogUObjectGlobals:Warning: Failed to find object 'Class None.'
[2016.05.31-11.23.07:867][  0]LogLoad: Full Startup: 67.03 seconds (BP compile: 0.64 seconds)
[2016.05.31-11.23.07:881][  0]LogOcInput: Can't find Oculus library dev build: is proper Runtime installed? Version: 0.8.0.0
[2016.05.31-11.23.08:488][  0]LogContentStreaming: Texture pool size now 1000 MB
[2016.05.31-11.23.10:421][  1]LogRenderer: Reallocating scene render targets to support 1208x644 (Frame:2).
[2016.05.31-11.23.12:549][ 12]LogAssetRegistry: Asset discovery search completed in 35.8560 seconds
[2016.05.31-11.23.12:549][ 12]LogCollectionManager: Rebuilt the object cache for 0 collections in 0.000001 seconds (found 0 objects)
[2016.05.31-11.23.12:549][ 12]LogCollectionManager: Fixed up redirectors for 0 collections in 0.000019 seconds (updated 0 objects)
[2016.05.31-12.02.10:770][972]LogBlueprintUserMessages: Early PlayInEditor Detection: Level '/Game/RunnerAssets/RunnerMap.RunnerMap:PersistentLevel' has LevelScriptBlueprint '/Game/RunnerAssets/RunnerMap.RunnerMap:PersistentLevel.RunnerMap' with GeneratedClass '/Game/RunnerAssets/RunnerMap.RunnerMap_C' with ClassGeneratedBy '/Game/RunnerAssets/RunnerMap.RunnerMap:PersistentLevel.RunnerMap'
[2016.05.31-12.02.10:770][972]LogPlayLevel: PlayLevel: No blueprints needed recompiling
[2016.05.31-12.02.10:770][972]PIE: New page: PIE session: RunnerMap (May 31, 2016, 4:02:10 PM)
[2016.05.31-12.02.10:771][972]LogPlayLevel: Creating play world package: /Game/RunnerAssets/UEDPIE_0_RunnerMap
[2016.05.31-12.02.10:810][972]LogPlayLevel: PIE: StaticDuplicateObject took: (0.039891s)
[2016.05.31-12.02.10:812][972]LogAIModule: Creating AISystem for world RunnerMap
[2016.05.31-12.02.10:812][972]LogPlayLevel: PIE: World Init took: (0.001600s)
[2016.05.31-12.02.10:813][972]LogPlayLevel: PIE: Created PIE world by copying editor world from /Game/RunnerAssets/RunnerMap.RunnerMap to /Game/RunnerAssets/UEDPIE_0_RunnerMap.RunnerMap (0.042003s)
[2016.05.31-12.02.10:895][972]LogInit: XAudio2 using 'Speakers (USB Sound Device        )' : 2 channels at 44.1 kHz using 16 bits per sample (channel mask 0x3)
[2016.05.31-12.02.10:901][972]LogInit: FAudioDevice initialized.
[2016.05.31-12.02.10:979][972]LogLinker:Warning: Can't find file '/Game/SideScrollerBP/Blueprints/SideScrollerGameMode'
[2016.05.31-12.02.10:979][972]LogLinker:Warning: Can't find file '/Game/SideScrollerBP/Blueprints/SideScrollerGameMode'
[2016.05.31-12.02.10:979][972]LogUObjectGlobals:Warning: Failed to find object 'Class /Game/SideScrollerBP/Blueprints/SideScrollerGameMode.SideScrollerGameMode_C'
[2016.05.31-12.02.10:979][972]LogWorld: Game class is 'GameMode'
[2016.05.31-12.02.10:986][972]LogWorld: Bringing World /Game/RunnerAssets/UEDPIE_0_RunnerMap.RunnerMap up for play (max tick rate 0) at 2016.05.31-14.02.10
[2016.05.31-12.02.10:986][972]LogActor:Warning: GameSession /Game/RunnerAssets/UEDPIE_0_RunnerMap.RunnerMap:PersistentLevel.GameSession_0 has natively added scene component(s), but none of them were set as the actor's RootComponent - picking one arbitrarily
[2016.05.31-12.02.10:987][972]LogActor:Warning: GameNetworkManager /Game/RunnerAssets/UEDPIE_0_RunnerMap.RunnerMap:PersistentLevel.GameNetworkManager_0 has natively added scene component(s), but none of them were set as the actor's RootComponent - picking one arbitrarily
[2016.05.31-12.02.10:987][972]LogWorld: Bringing up level for play took: 0.006551
[2016.05.31-12.02.10:988][972]LogGameMode: Warning - PATHS NOT DEFINED or NO PLAYERSTART with positive rating
[2016.05.31-12.02.11:004][972]PIE: Info Play in editor start time for /Game/RunnerAssets/UEDPIE_0_RunnerMap 0.846
[2016.05.31-12.02.11:004][972]LogBlueprintUserMessages: Late PlayInEditor Detection: Level '/Game/RunnerAssets/RunnerMap.RunnerMap:PersistentLevel' has LevelScriptBlueprint '/Game/RunnerAssets/RunnerMap.RunnerMap:PersistentLevel.RunnerMap' with GeneratedClass '/Game/RunnerAssets/RunnerMap.RunnerMap_C' with ClassGeneratedBy '/Game/RunnerAssets/RunnerMap.RunnerMap:PersistentLevel.RunnerMap'
[2016.05.31-12.02.11:045][973]LogRenderer: Reallocating scene render targets to support 1280x720 (Frame:148956).
[2016.05.31-12.02.42:275][194]LogCharacterMovement: SideScrollerCharacter_C_1 is stuck and failed to move!
[2016.05.31-12.02.58:296][699]LogCharacterMovement: SideScrollerCharacter_C_1 is stuck and failed to move!
[2016.05.31-12.03.10:757][ 77]LogCharacterMovement: SideScrollerCharacter_C_1 is stuck and failed to move!
[2016.05.31-12.03.11:709][103]LogScript:Warning: Attempted to get an item from array list out of bounds [4/3]!
[2016.05.31-12.03.11:709][103]LogScript:Warning: Attempted to get an item from array list out of bounds [4/3]!
[2016.05.31-12.03.11:794][103]LogPackageName: SearchForPackageOnDisk took   0.084s to resolve Death.umap.
[2016.05.31-12.03.11:881][104]LogPackageName: SearchForPackageOnDisk took   0.078s to resolve Death.umap.
[2016.05.31-12.03.11:881][104]LogNet: Browse: /Game/RunnerAssets/Death
[2016.05.31-12.03.11:881][104]LogLoad: LoadMap: /Game/RunnerAssets/Death
[2016.05.31-12.03.11:929][104]LogParticles: Destroying 0 GPU particle simulations for FXSystem 0x000001E5F1654A40
[2016.05.31-12.03.11:939][104]Cmd: MEM
[2016.05.31-12.03.11:952][104]LogMemory: Platform Memory Stats for Windows
[2016.05.31-12.03.11:952][104]LogMemory: Process Physical Memory: 1178.84 MB used, 1188.68 MB peak
[2016.05.31-12.03.11:952][104]LogMemory: Process Virtual Memory: 1751.68 MB used, 1966.23 MB peak
[2016.05.31-12.03.11:952][104]LogMemory: Physical Memory: 4759.99 MB used, 16337.33 MB total
[2016.05.31-12.03.11:952][104]LogMemory: Virtual Memory: 2654.98 MB used, 134217728.00 MB total
[2016.05.31-12.03.11:952][104]LogMemory: 
[2016.05.31-12.03.11:952][104]Allocator Stats for TBB: (not implemented)
[2016.05.31-12.03.12:638][104]LogAIModule: Creating AISystem for world Death
[2016.05.31-12.03.12:639][104]LogLinker:Warning: Can't find file '/Game/SideScrollerBP/Blueprints/SideScrollerGameMode'
[2016.05.31-12.03.12:639][104]LogLinker:Warning: Can't find file '/Game/SideScrollerBP/Blueprints/SideScrollerGameMode'
[2016.05.31-12.03.12:639][104]LogUObjectGlobals:Warning: Failed to find object 'Class /Game/SideScrollerBP/Blueprints/SideScrollerGameMode.SideScrollerGameMode_C'
[2016.05.31-12.03.12:639][104]LogWorld: Game class is 'GameMode'
[2016.05.31-12.03.12:641][104]LogWorld: Bringing World /Game/RunnerAssets/UEDPIE_0_Death.Death up for play (max tick rate 0) at 2016.05.31-14.03.12
[2016.05.31-12.03.12:641][104]LogActor:Warning: GameSession /Game/RunnerAssets/UEDPIE_0_Death.Death:PersistentLevel.GameSession_1 has natively added scene component(s), but none of them were set as the actor's RootComponent - picking one arbitrarily
[2016.05.31-12.03.12:641][104]LogActor:Warning: GameNetworkManager /Game/RunnerAssets/UEDPIE_0_Death.Death:PersistentLevel.GameNetworkManager_1 has natively added scene component(s), but none of them were set as the actor's RootComponent - picking one arbitrarily
[2016.05.31-12.03.12:641][104]LogWorld: Bringing up level for play took: 0.001191
[2016.05.31-12.03.12:642][104]LogGameMode: Warning - PATHS NOT DEFINED or NO PLAYERSTART with positive rating
[2016.05.31-12.03.19:675][715]LogPackageName: SearchForPackageOnDisk took   0.080s to resolve MainMenu.umap.
[2016.05.31-12.03.19:756][715]LogPackageName: SearchForPackageOnDisk took   0.080s to resolve MainMenu.umap.
[2016.05.31-12.03.19:756][715]LogNet: Browse: /Game/RunnerAssets/MainMenu
[2016.05.31-12.03.19:756][715]LogLoad: LoadMap: /Game/RunnerAssets/MainMenu
[2016.05.31-12.03.19:784][715]LogParticles: Destroying 0 GPU particle simulations for FXSystem 0x000001E59392EC00
[2016.05.31-12.03.19:784][715]Cmd: MEM
[2016.05.31-12.03.19:798][715]LogMemory: Platform Memory Stats for Windows
[2016.05.31-12.03.19:798][715]LogMemory: Process Physical Memory: 1283.61 MB used, 1343.28 MB peak
[2016.05.31-12.03.19:798][715]LogMemory: Process Virtual Memory: 1794.04 MB used, 2085.15 MB peak
[2016.05.31-12.03.19:798][715]LogMemory: Physical Memory: 4855.87 MB used, 16337.33 MB total
[2016.05.31-12.03.19:798][715]LogMemory: Virtual Memory: 2648.29 MB used, 134217728.00 MB total
[2016.05.31-12.03.19:798][715]LogMemory: 
[2016.05.31-12.03.19:798][715]Allocator Stats for TBB: (not implemented)
[2016.05.31-12.03.20:208][715]LogAIModule: Creating AISystem for world MainMenu
[2016.05.31-12.03.20:208][715]LogLinker:Warning: Can't find file '/Game/SideScrollerBP/Blueprints/SideScrollerGameMode'
[2016.05.31-12.03.20:209][715]LogLinker:Warning: Can't find file '/Game/SideScrollerBP/Blueprints/SideScrollerGameMode'
[2016.05.31-12.03.20:209][715]LogUObjectGlobals:Warning: Failed to find object 'Class /Game/SideScrollerBP/Blueprints/SideScrollerGameMode.SideScrollerGameMode_C'
[2016.05.31-12.03.20:209][715]LogWorld: Game class is 'GameMode'
[2016.05.31-12.03.20:210][715]LogWorld: Bringing World /Game/RunnerAssets/UEDPIE_0_MainMenu.MainMenu up for play (max tick rate 0) at 2016.05.31-14.03.20
[2016.05.31-12.03.20:210][715]LogActor:Warning: GameSession /Game/RunnerAssets/UEDPIE_0_MainMenu.MainMenu:PersistentLevel.GameSession_2 has natively added scene component(s), but none of them were set as the actor's RootComponent - picking one arbitrarily
[2016.05.31-12.03.20:211][715]LogActor:Warning: GameNetworkManager /Game/RunnerAssets/UEDPIE_0_MainMenu.MainMenu:PersistentLevel.GameNetworkManager_2 has natively added scene component(s), but none of them were set as the actor's RootComponent - picking one arbitrarily
[2016.05.31-12.03.20:211][715]LogWorld: Bringing up level for play took: 0.001130
[2016.05.31-12.03.20:211][715]LogGameMode: Warning - PATHS NOT DEFINED or NO PLAYERSTART with positive rating
[2016.05.31-12.03.28:185][414]LogPackageName: SearchForPackageOnDisk took   0.068s to resolve RunnerMap.umap.
[2016.05.31-12.03.28:253][414]LogPackageName: SearchForPackageOnDisk took   0.067s to resolve RunnerMap.umap.
[2016.05.31-12.03.28:253][414]LogNet: Browse: /Game/RunnerAssets/RunnerMap
[2016.05.31-12.03.28:253][414]LogLoad: LoadMap: /Game/RunnerAssets/RunnerMap
[2016.05.31-12.03.28:270][414]LogParticles: Destroying 0 GPU particle simulations for FXSystem 0x000001E593C99BC0
[2016.05.31-12.03.28:270][414]Cmd: MEM
[2016.05.31-12.03.28:284][414]LogMemory: Platform Memory Stats for Windows
[2016.05.31-12.03.28:284][414]LogMemory: Process Physical Memory: 1286.36 MB used, 1343.28 MB peak
[2016.05.31-12.03.28:284][414]LogMemory: Process Virtual Memory: 1808.28 MB used, 2085.15 MB peak
[2016.05.31-12.03.28:284][414]LogMemory: Physical Memory: 4861.80 MB used, 16337.33 MB total
[2016.05.31-12.03.28:284][414]LogMemory: Virtual Memory: 2668.85 MB used, 134217728.00 MB total
[2016.05.31-12.03.28:284][414]LogMemory: 
[2016.05.31-12.03.28:284][414]Allocator Stats for TBB: (not implemented)
[2016.05.31-12.03.28:284][414]LogPlayLevel: Creating play world package: /Game/RunnerAssets/UEDPIE_0_RunnerMap
[2016.05.31-12.03.28:315][414]LogPlayLevel: PIE: StaticDuplicateObject took: (0.030904s)
[2016.05.31-12.03.28:316][414]LogAIModule: Creating AISystem for world RunnerMap
[2016.05.31-12.03.28:316][414]LogPlayLevel: PIE: World Init took: (0.001072s)
[2016.05.31-12.03.28:316][414]LogPlayLevel: PIE: Created PIE world by copying editor world from /Game/RunnerAssets/RunnerMap.RunnerMap to /Game/RunnerAssets/UEDPIE_0_RunnerMap.RunnerMap (0.032330s)
[2016.05.31-12.03.28:327][414]LogLinker:Warning: Can't find file '/Game/SideScrollerBP/Blueprints/SideScrollerGameMode'
[2016.05.31-12.03.28:328][414]LogLinker:Warning: Can't find file '/Game/SideScrollerBP/Blueprints/SideScrollerGameMode'
[2016.05.31-12.03.28:328][414]LogUObjectGlobals:Warning: Failed to find object 'Class /Game/SideScrollerBP/Blueprints/SideScrollerGameMode.SideScrollerGameMode_C'
[2016.05.31-12.03.28:328][414]LogWorld: Game class is 'GameMode'
[2016.05.31-12.03.28:335][414]LogWorld: Bringing World /Game/RunnerAssets/UEDPIE_0_RunnerMap.RunnerMap up for play (max tick rate 0) at 2016.05.31-14.03.28
[2016.05.31-12.03.28:335][414]LogActor:Warning: GameSession /Game/RunnerAssets/UEDPIE_0_RunnerMap.RunnerMap:PersistentLevel.GameSession_3 has natively added scene component(s), but none of them were set as the actor's RootComponent - picking one arbitrarily
[2016.05.31-12.03.28:335][414]LogActor:Warning: GameNetworkManager /Game/RunnerAssets/UEDPIE_0_RunnerMap.RunnerMap:PersistentLevel.GameNetworkManager_3 has natively added scene component(s), but none of them were set as the actor's RootComponent - picking one arbitrarily
[2016.05.31-12.03.28:336][414]LogWorld: Bringing up level for play took: 0.007005
[2016.05.31-12.03.28:337][414]LogGameMode: Warning - PATHS NOT DEFINED or NO PLAYERSTART with positive rating
[2016.05.31-12.03.40:725][ 26]LogCharacterMovement: SideScrollerCharacter_C_1 is stuck and failed to move!
[2016.05.31-12.04.54:931][315]LogCharacterMovement: SideScrollerCharacter_C_1 is stuck and failed to move!
[2016.05.31-12.04.55:005][317]LogCharacterMovement: SideScrollerCharacter_C_1 is stuck and failed to move!
[2016.05.31-12.04.56:288][355]LogScript:Warning: Attempted to get an item from array list out of bounds [4/3]!
[2016.05.31-12.04.56:288][355]LogScript:Warning: Attempted to get an item from array list out of bounds [4/3]!
[2016.05.31-12.04.56:288][355]LogScript:Warning: Attempted to get an item from array list out of bounds [4/3]!
[2016.05.31-12.04.56:368][355]LogPackageName: SearchForPackageOnDisk took   0.079s to resolve Death.umap.
[2016.05.31-12.04.56:461][356]LogPackageName: SearchForPackageOnDisk took   0.084s to resolve Death.umap.
[2016.05.31-12.04.56:461][356]LogNet: Browse: /Game/RunnerAssets/Death
[2016.05.31-12.04.56:461][356]LogLoad: LoadMap: /Game/RunnerAssets/Death
[2016.05.31-12.04.56:571][356]LogParticles: Destroying 0 GPU particle simulations for FXSystem 0x000001E593D454E0
[2016.05.31-12.04.56:571][356]Cmd: MEM
[2016.05.31-12.04.56:595][356]LogMemory: Platform Memory Stats for Windows
[2016.05.31-12.04.56:595][356]LogMemory: Process Physical Memory: 1279.96 MB used, 1343.28 MB peak
[2016.05.31-12.04.56:595][356]LogMemory: Process Virtual Memory: 1870.08 MB used, 2085.15 MB peak
[2016.05.31-12.04.56:595][356]LogMemory: Physical Memory: 4898.72 MB used, 16337.33 MB total
[2016.05.31-12.04.56:595][356]LogMemory: Virtual Memory: 2717.10 MB used, 134217728.00 MB total
[2016.05.31-12.04.56:595][356]LogMemory: 
[2016.05.31-12.04.56:595][356]Allocator Stats for TBB: (not implemented)
[2016.05.31-12.04.56:636][356]LogAIModule: Creating AISystem for world Death
[2016.05.31-12.04.56:637][356]LogLinker:Warning: Can't find file '/Game/SideScrollerBP/Blueprints/SideScrollerGameMode'
[2016.05.31-12.04.56:637][356]LogLinker:Warning: Can't find file '/Game/SideScrollerBP/Blueprints/SideScrollerGameMode'
[2016.05.31-12.04.56:637][356]LogUObjectGlobals:Warning: Failed to find object 'Class /Game/SideScrollerBP/Blueprints/SideScrollerGameMode.Side