[2016.02.28-01.51.48:200][  0]Log file open, 02/28/16 02:51:48
[2016.02.28-01.51.48:200][  0]LogInit:Display: Running engine for game: Runner
[2016.02.28-01.51.48:200][  0]LogPlatformFile: Not using cached read wrapper
[2016.02.28-01.51.48:200][  0]LogInit:Display: RandInit(-1196737401) SRandInit(-1196737399).
[2016.02.28-01.51.48:200][  0]LogTaskGraph: Started task graph with 4 named threads and 7 total threads.
[2016.02.28-01.51.48:200][  0]LogStats: Stats thread started at 0.074882
[2016.02.28-01.51.48:200][  0]LogInit: Version: 4.10.2-2818068+++depot+UE4-Releases+4.10
[2016.02.28-01.51.48:200][  0]LogInit: API Version: 2758231
[2016.02.28-01.51.48:200][  0]LogInit: Compiled (64-bit): Jan  6 2016 17:36:42
[2016.02.28-01.51.48:200][  0]LogInit: Compiled with Visual C++: 19.00.23026.00
[2016.02.28-01.51.48:200][  0]LogInit: Build Configuration: Development
[2016.02.28-01.51.48:200][  0]LogInit: Branch Name: ++depot+UE4-Releases+4.10
[2016.02.28-01.51.48:200][  0]LogInit: Command line:  
[2016.02.28-01.51.48:200][  0]LogInit: Base directory: C:/Program Files/Epic Games/4.10/Engine/Binaries/Win64/
[2016.02.28-01.51.48:200][  0]LogInit: Rocket: 1
[2016.02.28-01.51.48:207][  0]LogInit: Using libcurl 7.41.0
[2016.02.28-01.51.48:207][  0]LogInit:  - built for x86_64-pc-win32
[2016.02.28-01.51.48:207][  0]LogInit:  - supports SSL with WinSSL
[2016.02.28-01.51.48:207][  0]LogInit:  - other features:
[2016.02.28-01.51.48:207][  0]LogInit:      CURL_VERSION_SSL
[2016.02.28-01.51.48:207][  0]LogInit:      CURL_VERSION_IPV6
[2016.02.28-01.51.48:207][  0]LogInit:      CURL_VERSION_ASYNCHDNS
[2016.02.28-01.51.48:207][  0]LogInit:      CURL_VERSION_LARGEFILE
[2016.02.28-01.51.48:207][  0]LogInit:      CURL_VERSION_IDN
[2016.02.28-01.51.48:207][  0]LogInit:  CurlRequestOptions (configurable via config and command line):
[2016.02.28-01.51.48:207][  0]LogInit:  - bVerifyPeer = true  - Libcurl will verify peer certificate
[2016.02.28-01.51.48:207][  0]LogInit:  - bUseHttpProxy = false  - Libcurl will NOT use HTTP proxy
[2016.02.28-01.51.48:207][  0]LogInit:  - bDontReuseConnections = false  - Libcurl will reuse connections
[2016.02.28-01.51.48:207][  0]LogInit:  - CertBundlePath = nullptr  - Libcurl will use whatever was configured at build time.
[2016.02.28-01.51.48:214][  0]LogInit: Presizing for 0 objects not considered by GC, pre-allocating 0 bytes.
[2016.02.28-01.51.48:221][  0]LogInit: Object subsystem initialized
[2016.02.28-01.51.48:222][  0]LogInit: Selected Device Profile: [Windows]
[2016.02.28-01.51.48:222][  0]LogInit: Applying CVar settings loaded from the selected device profile: [Windows]
[2016.02.28-01.51.48:231][  0]LogInit: Computer: JOHANS_MONSTER
[2016.02.28-01.51.48:231][  0]LogInit: User: Johan
[2016.02.28-01.51.48:231][  0]LogInit: CPU Page size=4096, Cores=4
[2016.02.28-01.51.48:231][  0]LogInit: High frequency timer resolution =3.312787 MHz
[2016.02.28-01.51.48:231][  0]LogMemory: Memory total: Physical=16.0GB (16GB approx)
[2016.02.28-01.51.48:231][  0]LogMemory: Platform Memory Stats for Windows
[2016.02.28-01.51.48:231][  0]LogMemory: Process Physical Memory: 56.24 MB used, 56.24 MB peak
[2016.02.28-01.51.48:231][  0]LogMemory: Process Virtual Memory: 56.79 MB used, 56.79 MB peak
[2016.02.28-01.51.48:231][  0]LogMemory: Physical Memory: 3453.95 MB used, 16337.33 MB total
[2016.02.28-01.51.48:231][  0]LogMemory: Virtual Memory: 382.84 MB used, 134217728.00 MB total
[2016.02.28-01.51.48:266][  0]LogTextLocalizationManager: No translations for ('sv-SE') exist, falling back to 'en' for localization and internationalization data.
[2016.02.28-01.51.48:683][  0]LogD3D11RHI: Found D3D11 adapter 0: NVIDIA GeForce GTX 560 SE (Feature Level 11_0)
[2016.02.28-01.51.48:683][  0]LogD3D11RHI: Adapter has 977MB of dedicated video memory, 0MB of dedicated system memory, and 8168MB of shared system memory, 1 output[s]
[2016.02.28-01.51.48:684][  0]LogD3D11RHI: Found D3D11 adapter 1: Microsoft Basic Render Driver (Feature Level 11_0)
[2016.02.28-01.51.48:684][  0]LogD3D11RHI: Adapter has 0MB of dedicated video memory, 0MB of dedicated system memory, and 8168MB of shared system memory, 0 output[s]
[2016.02.28-01.51.48:684][  0]LogD3D11RHI: Chosen D3D11 Adapter Id = 0
[2016.02.28-01.51.48:687][  0]LogD3D11RHI: !Direct3DDevice
[2016.02.28-01.51.48:687][  0]LogRHI: Texture pool is 684 MB (70% of 977 MB)
[2016.02.28-01.51.48:701][  0]LogD3D11RHI: Async texture creation enabled
[2016.02.28-01.51.48:718][  0]LogShaderCompilers: Guid format shader working directory is -7 characters bigger than the processId version (../../../../../../Users/Johan/Documents/GitHub/Runner/Intermediate/Shaders/WorkingDirectory/2588/).
[2016.02.28-01.51.48:719][  0]LogShaderCompilers: Cleaned the shader compiler working directory 'C:/Users/Johan/AppData/Local/Temp/UnrealShaderWorkingDir/0416F8364622613436D4289EFA78A403/'.
[2016.02.28-01.51.48:719][  0]LogShaderCompilers:Display: Using Local Shader Compiler.
[2016.02.28-01.51.49:464][  0]LogTemp:Display: Loaded TP AllDesktopTargetPlatform
[2016.02.28-01.51.49:469][  0]LogTemp:Display: Loaded TP WindowsClientTargetPlatform
[2016.02.28-01.51.49:474][  0]LogTemp:Display: Loaded TP WindowsNoEditorTargetPlatform
[2016.02.28-01.51.49:478][  0]LogTemp:Display: Loaded TP WindowsServerTargetPlatform
[2016.02.28-01.51.49:483][  0]LogTemp:Display: Loaded TP WindowsTargetPlatform
[2016.02.28-01.51.49:486][  0]LogTemp:Display: Loaded TP AndroidTargetPlatform
[2016.02.28-01.51.49:489][  0]LogTemp:Display: Loaded TP Android_ASTCTargetPlatform
[2016.02.28-01.51.49:491][  0]LogTemp:Display: Loaded TP Android_ATCTargetPlatform
[2016.02.28-01.51.49:494][  0]LogTemp:Display: Loaded TP Android_DXTTargetPlatform
[2016.02.28-01.51.49:497][  0]LogTemp:Display: Loaded TP Android_ETC1TargetPlatform
[2016.02.28-01.51.49:500][  0]LogTemp:Display: Loaded TP Android_ETC2TargetPlatform
[2016.02.28-01.51.49:506][  0]LogTemp:Display: Loaded TP Android_MultiTargetPlatform
[2016.02.28-01.51.49:506][  0]LogTemp:Display: Loaded TP Android_PVRTCTargetPlatform
[2016.02.28-01.51.49:507][  0]LogTemp:Display: Loaded TP HTML5TargetPlatform
[2016.02.28-01.51.49:523][  0]LogTemp:Display: Loaded TP IOSTargetPlatform
[2016.02.28-01.51.49:526][  0]LogTemp:Display: Loaded TP LinuxNoEditorTargetPlatform
[2016.02.28-01.51.49:529][  0]LogTemp:Display: Loaded TP LinuxServerTargetPlatform
[2016.02.28-01.51.49:532][  0]LogTemp:Display: Loaded TP LinuxTargetPlatform
[2016.02.28-01.51.49:532][  0]LogTargetPlatformManager:Display: Building Assets For Windows
[2016.02.28-01.51.49:620][  0]LogDerivedDataCache:Display: Max Cache Size: 512 MB
[2016.02.28-01.51.49:665][  0]LogDerivedDataCache: Loaded boot cache 0.04s 41MB C:/Users/Johan/AppData/Local/UnrealEngine/4.10/DerivedDataCache/Boot.ddc.
[2016.02.28-01.51.49:665][  0]LogDerivedDataCache:Display: Loaded Boot cache: C:/Users/Johan/AppData/Local/UnrealEngine/4.10/DerivedDataCache/Boot.ddc
[2016.02.28-01.51.49:665][  0]LogDerivedDataCache: FDerivedDataBackendGraph:  Pak pak cache file ../../../../../../Users/Johan/Documents/GitHub/Runner/DerivedDataCache/DDC.ddp not found, will not use a pak cache.
[2016.02.28-01.51.49:665][  0]LogDerivedDataCache: Unable to find inner node Pak for hierarchical cache Hierarchy.
[2016.02.28-01.51.49:665][  0]LogDerivedDataCache: FDerivedDataBackendGraph:  CompressedPak pak cache file ../../../../../../Users/Johan/Documents/GitHub/Runner/DerivedDataCache/Compressed.ddp not found, will not use a pak cache.
[2016.02.28-01.51.49:665][  0]LogDerivedDataCache: Unable to find inner node CompressedPak for hierarchical cache Hierarchy.
[2016.02.28-01.51.49:721][  0]LogDerivedDataCache:Display: Pak cache opened for reading ../../../Engine/DerivedDataCache/Compressed.ddp.
[2016.02.28-01.51.49:733][  0]LogDerivedDataCache: Using Local data cache path C:/Users/Johan/AppData/Local/UnrealEngine/Common/DerivedDataCache: Writable
[2016.02.28-01.51.49:915][  0]LogInit: Selected Device Profile: [Windows]
[2016.02.28-01.51.49:918][  0]LogContentStreaming: Texture pool size is 0.000000MB
[2016.02.28-01.51.50:022][  0]LogMeshUtilities: No automatic mesh reduction module available
[2016.02.28-01.51.50:022][  0]LogMeshUtilities: No automatic mesh merging module available
[2016.02.28-01.51.50:217][  0]LogInit: WinSock: version 1.1 (2.2), MaxSocks=32767, MaxUdp=65467
[2016.02.28-01.51.50:896][  0]UdpMessaging: Initializing bridge on interface 0.0.0.0:0 to multicast group 230.0.0.1:6666.
[2016.02.28-01.51.51:008][  0]LogAssetRegistry: FAssetRegistry took 0.0116 seconds to start up
[2016.02.28-01.51.51:167][  0]SourceControl: Info Source control is disabled
[2016.02.28-01.51.51:168][  0]SourceControl: Info Source control is disabled
[2016.02.28-01.51.51:182][  0]SourceControl: Info Source control is disabled
[2016.02.28-01.51.51:195][  0]SourceControl: Info Source control is disabled
[2016.02.28-01.51.51:453][  0]LogObj: 28633 objects as part of root set at end of initial load.
[2016.02.28-01.51.51:453][  0]LogUObjectAllocator: 6099744 out of 0 bytes used by permanent object pool.
[2016.02.28-01.51.51:506][  0]LogEngine: Initializing Engine...
[2016.02.28-01.51.51:508][  0]LogHMD: Can't find Oculus library dev build: is proper Runtime installed? Version: 0.8.0.0
[2016.02.28-01.51.51:509][  0]LogHMD: SteamVR failed to initialize.  Err: 110
[2016.02.28-01.51.51:616][  0]LogAIModule: Creating AISystem for world NewWorld
[2016.02.28-01.51.51:620][  0]LogInit: XAudio2 using 'Speakers (USB Sound Device        )' : 2 channels at 44.1 kHz using 16 bits per sample (channel mask 0x3)
[2016.02.28-01.51.51:635][  0]LogInit: FAudioDevice initialized.
[2016.02.28-01.51.51:654][  0]LogDerivedDataCache: Saved boot cache 0.02s 41MB C:/Users/Johan/AppData/Local/UnrealEngine/4.10/DerivedDataCache/Boot.ddc.
[2016.02.28-01.51.51:660][  0]LogInit: Texture streaming: Enabled
[2016.02.28-01.51.51:666][  0]LogAnalytics: Creating configured Analytics provider AnalyticsET
[2016.02.28-01.51.51:666][  0]LogAnalytics: [UEEditor.Rocket.Release] APIServer = http://et2.epicgames.com/ET2/. AppVersion = 4.10.2-2818068+++depot+UE4-Releases+4.10
[2016.02.28-01.51.51:666][  0]LogAnalytics: [UEEditor.Rocket.Release] SetUserId e13f53c54a08433fc09043aa962b451a|75ba5683578c43329a0522a4b145a097|e6dac55f-4bf9-412a-b229-53d1a5ef9356
[2016.02.28-01.51.51:666][  0]LogAnalytics: [UEEditor.Rocket.Release] AnalyticsET::StartSession
[2016.02.28-01.51.51:674][  0]LogWindowsTextInputMethodSystem:Display: IME system now deactivated.
[2016.02.28-01.51.51:674][  0]LogWindowsTextInputMethodSystem:Display: IME system now deactivated.
[2016.02.28-01.51.51:691][  0]LogInit: Transaction tracking system initialized
[2016.02.28-01.51.51:721][  0]BlueprintLog: New page: Editor Load
[2016.02.28-01.51.51:801][  0]LocalizationService: Info Localization service is disabled
[2016.02.28-01.51.51:877][  0]LogConsoleResponse:Display: 
[2016.02.28-01.51.51:989][  0]LogCook:Display: Done creating registry. It took  0.00s.
[2016.02.28-01.51.52:054][  0]LogFileCache: Scanning file cache for directory 'C:/Users/Johan/Documents/GitHub/Runner/Content/' took 0.01s
[2016.02.28-01.51.52:054][  0]SourceControl: Info Source control is disabled
[2016.02.28-01.51.52:054][  0]Cmd: MAP LOAD FILE="../../../../../../Users/Johan/Documents/GitHub/Runner/Content/RunnerAssets/RunnerMap.umap" TEMPLATE=0 SHOWPROGRESS=1 FEATURELEVEL=3
[2016.02.28-01.51.52:054][  0]LightingResults: New page: Lighting Build
[2016.02.28-01.51.52:057][  0]MapCheck: New page: Map Check
[2016.02.28-01.51.52:057][  0]LightingResults: New page: Lighting Build
[2016.02.28-01.51.52:069][  0]LogParticles: Destroying 0 GPU particle simulations for FXSystem 0x000001839D487B00
[2016.02.28-01.51.52:949][  0]LogAIModule: Creating AISystem for world RunnerMap
[2016.02.28-01.51.52:958][  0]LogEditorServer: Finished looking for orphan Actors (0.000 secs)
[2016.02.28-01.51.52:959][  0]Cmd: MAP CHECKDEP NOCLEARLOG
[2016.02.28-01.51.53:014][  0]MapCheck: Info Map check complete: 0 Error(s), 0 Warning(s), took 54.595ms to complete.
[2016.02.28-01.51.53:014][  0]LogFileHelpers: Loading map 'RunnerMap' took 0.960
[2016.02.28-01.51.53:108][  0]LogCollectionManager: Loaded 0 collections in 0.002520 seconds
[2016.02.28-01.51.53:147][  0]LogFileCache: Scanning file cache for directory 'C:/Users/Johan/Documents/GitHub/Runner/Saved/Collections/' took 0.01s
[2016.02.28-01.51.53:147][  0]LogFileCache: Scanning file cache for directory 'C:/Users/Johan/Documents/GitHub/Runner/Content/Developers/Johan/Collections/' took 0.01s
[2016.02.28-01.51.53:147][  0]LogFileCache: Scanning file cache for directory 'C:/Users/Johan/Documents/GitHub/Runner/Content/Collections/' took 0.01s
[2016.02.28-01.51.53:148][  0]LogCollectionManager: Rebuilt the GUID cache for 0 collections in 0.000002 seconds
[2016.02.28-01.51.53:155][  0]LogContentBrowser: Native class hierarchy populated in 0.0076 seconds. Added 1893 classes and 338 folders.
[2016.02.28-01.51.53:162][  0]LogContentBrowser: Native class hierarchy updated for 'WidgetCarousel' in 0.0003 seconds. Added 0 classes and 0 folders.
[2016.02.28-01.51.53:207][  0]LogContentBrowser: Native class hierarchy updated for 'AddContentDialog' in 0.0003 seconds. Added 0 classes and 0 folders.
[2016.02.28-01.51.53:211][  0]LogContentBrowser: Native class hierarchy updated for 'SceneOutliner' in 0.0003 seconds. Added 1 classes and 2 folders.
[2016.02.28-01.51.53:231][  0]LogCrashTracker: Crashtracker disabled due to settings.
[2016.02.28-01.51.53:236][  0]LogUObjectGlobals:Warning: Failed to find object 'Class None.'
[2016.02.28-01.51.53:258][  0]LogLoad: Full Startup: 5.47 seconds (BP compile: 0.23 seconds)
[2016.02.28-01.51.53:271][  0]LogOcInput: Can't find Oculus library dev build: is proper Runtime installed? Version: 0.8.0.0
[2016.02.28-01.51.53:326][  0]LogContentStreaming: Texture pool size now 1000 MB
[2016.02.28-01.51.53:473][  0]LogRenderer: Reallocating scene render targets to support 1208x652 (Frame:2).
[2016.02.28-01.51.53:841][  8]LogAssetRegistry: Asset discovery search completed in 2.8450 seconds
[2016.02.28-01.51.53:842][  8]LogCollectionManager: Rebuilt the object cache for 0 collections in 0.000001 seconds (found 0 objects)
[2016.02.28-01.51.53:842][  8]LogCollectionManager: Fixed up redirectors for 0 collections in 0.000021 seconds (updated 0 objects)
[2016.02.28-01.51.55:979][131]LogBlueprintUserMessages: Early PlayInEditor Detection: Level '/Game/RunnerAssets/RunnerMap.RunnerMap:PersistentLevel' has LevelScriptBlueprint '/Game/RunnerAssets/RunnerMap.RunnerMap:PersistentLevel.RunnerMap' with GeneratedClass '/Game/RunnerAssets/RunnerMap.RunnerMap_C' with ClassGeneratedBy '/Game/RunnerAssets/RunnerMap.RunnerMap:PersistentLevel.RunnerMap'
[2016.02.28-01.51.55:979][131]LogPlayLevel: PlayLevel: No blueprints needed recompiling
[2016.02.28-01.51.55:979][131]PIE: New page: PIE session: RunnerMap (Feb 28, 2016, 3:51:55 AM)
[2016.02.28-01.51.55:979][131]LogPlayLevel: Creating play world package: /Game/RunnerAssets/UEDPIE_0_RunnerMap
[2016.02.28-01.51.56:009][131]LogPlayLevel: PIE: StaticDuplicateObject took: (0.030099s)
[2016.02.28-01.51.56:010][131]LogAIModule: Creating AISystem for world RunnerMap
[2016.02.28-01.51.56:010][131]LogPlayLevel: PIE: World Init took: (0.001130s)
[2016.02.28-01.51.56:011][131]LogPlayLevel: PIE: Created PIE world by copying editor world from /Game/RunnerAssets/RunnerMap.RunnerMap to /Game/RunnerAssets/UEDPIE_0_RunnerMap.RunnerMap (0.031579s)
[2016.02.28-01.51.56:050][131]LogInit: XAudio2 using 'Speakers (USB Sound Device        )' : 2 channels at 44.1 kHz using 16 bits per sample (channel mask 0x3)
[2016.02.28-01.51.56:055][131]LogInit: FAudioDevice initialized.
[2016.02.28-01.51.56:100][131]LogLinker:Warning: Can't find file '/Game/SideScrollerBP/Blueprints/SideScrollerGameMode'
[2016.02.28-01.51.56:100][131]LogLinker:Warning: Can't find file '/Game/SideScrollerBP/Blueprints/SideScrollerGameMode'
[2016.02.28-01.51.56:100][131]LogUObjectGlobals:Warning: Failed to find object 'Class /Game/SideScrollerBP/Blueprints/SideScrollerGameMode.SideScrollerGameMode_C'
[2016.02.28-01.51.56:100][131]LogWorld: Game class is 'GameMode'
[2016.02.28-01.51.56:106][131]LogWorld: Bringing World /Game/Runn