[2016.06.05-01.38.00:415][  0]Log file open, 06/05/16 03:38:00
[2016.06.05-01.38.00:415][  0]LogInit:Display: Running engine for game: Runner
[2016.06.05-01.38.00:415][  0]LogPlatformFile: Not using cached read wrapper
[2016.06.05-01.38.00:415][  0]LogInit:Display: RandInit(-1524572786) SRandInit(-1524572784).
[2016.06.05-01.38.00:415][  0]LogTaskGraph: Started task graph with 4 named threads and 7 total threads.
[2016.06.05-01.38.00:415][  0]LogStats: Stats thread started at 0.075077
[2016.06.05-01.38.00:415][  0]LogInit: Version: 4.10.4-2872498+++depot+UE4-Releases+4.10
[2016.06.05-01.38.00:415][  0]LogInit: API Version: 2758231
[2016.06.05-01.38.00:415][  0]LogInit: Compiled (64-bit): Feb 18 2016 15:47:04
[2016.06.05-01.38.00:415][  0]LogInit: Compiled with Visual C++: 19.00.23026.00
[2016.06.05-01.38.00:415][  0]LogInit: Build Configuration: Development
[2016.06.05-01.38.00:415][  0]LogInit: Branch Name: ++depot+UE4-Releases+4.10
[2016.06.05-01.38.00:415][  0]LogInit: Command line:  
[2016.06.05-01.38.00:415][  0]LogInit: Base directory: C:/Program Files/Epic Games/4.10/Engine/Binaries/Win64/
[2016.06.05-01.38.00:415][  0]LogInit: Rocket: 1
[2016.06.05-01.38.00:422][  0]LogInit: Using libcurl 7.41.0
[2016.06.05-01.38.00:422][  0]LogInit:  - built for x86_64-pc-win32
[2016.06.05-01.38.00:422][  0]LogInit:  - supports SSL with WinSSL
[2016.06.05-01.38.00:422][  0]LogInit:  - other features:
[2016.06.05-01.38.00:422][  0]LogInit:      CURL_VERSION_SSL
[2016.06.05-01.38.00:422][  0]LogInit:      CURL_VERSION_IPV6
[2016.06.05-01.38.00:422][  0]LogInit:      CURL_VERSION_ASYNCHDNS
[2016.06.05-01.38.00:422][  0]LogInit:      CURL_VERSION_LARGEFILE
[2016.06.05-01.38.00:422][  0]LogInit:      CURL_VERSION_IDN
[2016.06.05-01.38.00:422][  0]LogInit:  CurlRequestOptions (configurable via config and command line):
[2016.06.05-01.38.00:422][  0]LogInit:  - bVerifyPeer = true  - Libcurl will verify peer certificate
[2016.06.05-01.38.00:422][  0]LogInit:  - bUseHttpProxy = false  - Libcurl will NOT use HTTP proxy
[2016.06.05-01.38.00:422][  0]LogInit:  - bDontReuseConnections = false  - Libcurl will reuse connections
[2016.06.05-01.38.00:422][  0]LogInit:  - CertBundlePath = nullptr  - Libcurl will use whatever was configured at build time.
[2016.06.05-01.38.00:429][  0]LogInit: Presizing for 0 objects not considered by GC, pre-allocating 0 bytes.
[2016.06.05-01.38.00:436][  0]LogInit: Object subsystem initialized
[2016.06.05-01.38.00:436][  0]LogInit: Selected Device Profile: [Windows]
[2016.06.05-01.38.00:436][  0]LogInit: Applying CVar settings loaded from the selected device profile: [Windows]
[2016.06.05-01.38.00:444][  0]LogInit: Computer: JOHANS_MONSTER
[2016.06.05-01.38.00:444][  0]LogInit: User: Johan
[2016.06.05-01.38.00:444][  0]LogInit: CPU Page size=4096, Cores=4
[2016.06.05-01.38.00:444][  0]LogInit: High frequency timer resolution =3.312787 MHz
[2016.06.05-01.38.00:444][  0]LogMemory: Memory total: Physical=16.0GB (16GB approx)
[2016.06.05-01.38.00:444][  0]LogMemory: Platform Memory Stats for Windows
[2016.06.05-01.38.00:444][  0]LogMemory: Process Physical Memory: 56.32 MB used, 56.32 MB peak
[2016.06.05-01.38.00:444][  0]LogMemory: Process Virtual Memory: 56.66 MB used, 56.66 MB peak
[2016.06.05-01.38.00:444][  0]LogMemory: Physical Memory: 3556.00 MB used, 16337.33 MB total
[2016.06.05-01.38.00:444][  0]LogMemory: Virtual Memory: 382.84 MB used, 134217728.00 MB total
[2016.06.05-01.38.00:476][  0]LogTextLocalizationManager: No translations for ('sv-SE') exist, falling back to 'en' for localization and internationalization data.
[2016.06.05-01.38.00:905][  0]LogD3D11RHI: Found D3D11 adapter 0: NVIDIA GeForce GTX 560 SE (Feature Level 11_0)
[2016.06.05-01.38.00:905][  0]LogD3D11RHI: Adapter has 977MB of dedicated video memory, 0MB of dedicated system memory, and 8168MB of shared system memory, 1 output[s]
[2016.06.05-01.38.00:907][  0]LogD3D11RHI: Found D3D11 adapter 1: Microsoft Basic Render Driver (Feature Level 11_0)
[2016.06.05-01.38.00:907][  0]LogD3D11RHI: Adapter has 0MB of dedicated video memory, 0MB of dedicated system memory, and 8168MB of shared system memory, 0 output[s]
[2016.06.05-01.38.00:907][  0]LogD3D11RHI: Chosen D3D11 Adapter Id = 0
[2016.06.05-01.38.00:910][  0]LogD3D11RHI: !Direct3DDevice
[2016.06.05-01.38.00:910][  0]LogRHI: Texture pool is 684 MB (70% of 977 MB)
[2016.06.05-01.38.00:921][  0]LogD3D11RHI: Async texture creation enabled
[2016.06.05-01.38.00:931][  0]LogShaderCompilers: Guid format shader working directory is -7 characters bigger than the processId version (../../../../../../Users/Johan/Documents/GitHub/Runner/Intermediate/Shaders/WorkingDirectory/4908/).
[2016.06.05-01.38.00:931][  0]LogShaderCompilers: Cleaned the shader compiler working directory 'C:/Users/Johan/AppData/Local/Temp/UnrealShaderWorkingDir/393F28674B558DBC0848F2BCAA858C50/'.
[2016.06.05-01.38.00:931][  0]LogShaderCompilers:Display: Using Local Shader Compiler.
[2016.06.05-01.38.01:663][  0]LogTemp:Display: Loaded TP AllDesktopTargetPlatform
[2016.06.05-01.38.01:668][  0]LogTemp:Display: Loaded TP WindowsClientTargetPlatform
[2016.06.05-01.38.01:672][  0]LogTemp:Display: Loaded TP WindowsNoEditorTargetPlatform
[2016.06.05-01.38.01:677][  0]LogTemp:Display: Loaded TP WindowsServerTargetPlatform
[2016.06.05-01.38.01:681][  0]LogTemp:Display: Loaded TP WindowsTargetPlatform
[2016.06.05-01.38.01:684][  0]LogTemp:Display: Loaded TP AndroidTargetPlatform
[2016.06.05-01.38.01:687][  0]LogTemp:Display: Loaded TP Android_ASTCTargetPlatform
[2016.06.05-01.38.01:690][  0]LogTemp:Display: Loaded TP Android_ATCTargetPlatform
[2016.06.05-01.38.01:692][  0]LogTemp:Display: Loaded TP Android_DXTTargetPlatform
[2016.06.05-01.38.01:695][  0]LogTemp:Display: Loaded TP Android_ETC1TargetPlatform
[2016.06.05-01.38.01:698][  0]LogTemp:Display: Loaded TP Android_ETC2TargetPlatform
[2016.06.05-01.38.01:704][  0]LogTemp:Display: Loaded TP Android_MultiTargetPlatform
[2016.06.05-01.38.01:704][  0]LogTemp:Display: Loaded TP Android_PVRTCTargetPlatform
[2016.06.05-01.38.01:705][  0]LogTemp:Display: Loaded TP HTML5TargetPlatform
[2016.06.05-01.38.01:722][  0]LogTemp:Display: Loaded TP IOSTargetPlatform
[2016.06.05-01.38.01:724][  0]LogTemp:Display: Loaded TP LinuxNoEditorTargetPlatform
[2016.06.05-01.38.01:726][  0]LogTemp:Display: Loaded TP LinuxServerTargetPlatform
[2016.06.05-01.38.01:729][  0]LogTemp:Display: Loaded TP LinuxTargetPlatform
[2016.06.05-01.38.01:729][  0]LogTargetPlatformManager:Display: Building Assets For Windows
[2016.06.05-01.38.01:815][  0]LogDerivedDataCache:Display: Max Cache Size: 512 MB
[2016.06.05-01.38.01:860][  0]LogDerivedDataCache: Loaded boot cache 0.04s 41MB C:/Users/Johan/AppData/Local/UnrealEngine/4.10/DerivedDataCache/Boot.ddc.
[2016.06.05-01.38.01:860][  0]LogDerivedDataCache:Display: Loaded Boot cache: C:/Users/Johan/AppData/Local/UnrealEngine/4.10/DerivedDataCache/Boot.ddc
[2016.06.05-01.38.01:860][  0]LogDerivedDataCache: FDerivedDataBackendGraph:  Pak pak cache file ../../../../../../Users/Johan/Documents/GitHub/Runner/DerivedDataCache/DDC.ddp not found, will not use a pak cache.
[2016.06.05-01.38.01:860][  0]LogDerivedDataCache: Unable to find inner node Pak for hierarchical cache Hierarchy.
[2016.06.05-01.38.01:860][  0]LogDerivedDataCache: FDerivedDataBackendGraph:  CompressedPak pak cache file ../../../../../../Users/Johan/Documents/GitHub/Runner/DerivedDataCache/Compressed.ddp not found, will not use a pak cache.
[2016.06.05-01.38.01:860][  0]LogDerivedDataCache: Unable to find inner node CompressedPak for hierarchical cache Hierarchy.
[2016.06.05-01.38.01:915][  0]LogDerivedDataCache:Display: Pak cache opened for reading ../../../Engine/DerivedDataCache/Compressed.ddp.
[2016.06.05-01.38.01:928][  0]LogDerivedDataCache: Using Local data cache path C:/Users/Johan/AppData/Local/UnrealEngine/Common/DerivedDataCache: Writable
[2016.06.05-01.38.02:113][  0]LogInit: Selected Device Profile: [Windows]
[2016.06.05-01.38.02:115][  0]LogContentStreaming: Texture pool size is 0.000000MB
[2016.06.05-01.38.02:216][  0]LogMeshUtilities: No automatic mesh reduction module available
[2016.06.05-01.38.02:216][  0]LogMeshUtilities: No automatic mesh merging module available
[2016.06.05-01.38.02:411][  0]LogInit: WinSock: version 1.1 (2.2), MaxSocks=32767, MaxUdp=65467
[2016.06.05-01.38.03:096][  0]UdpMessaging: Initializing bridge on interface 0.0.0.0:0 to multicast group 230.0.0.1:6666.
[2016.06.05-01.38.03:213][  0]LogAssetRegistry: FAssetRegistry took 0.0113 seconds to start up
[2016.06.05-01.38.03:376][  0]SourceControl: Info Source control is disabled
[2016.06.05-01.38.03:377][  0]SourceControl: Info Source control is disabled
[2016.06.05-01.38.03:391][  0]SourceControl: Info Source control is disabled
[2016.06.05-01.38.03:404][  0]SourceControl: Info Source control is disabled
[2016.06.05-01.38.03:652][  0]LogObj: 28633 objects as part of root set at end of initial load.
[2016.06.05-01.38.03:652][  0]LogUObjectAllocator: 6099752 out of 0 bytes used by permanent object pool.
[2016.06.05-01.38.03:704][  0]LogEngine: Initializing Engine...
[2016.06.05-01.38.03:707][  0]LogHMD: Can't find Oculus library dev build: is proper Runtime installed? Version: 0.8.0.0
[2016.06.05-01.38.03:707][  0]LogHMD: SteamVR failed to initialize.  Err: 110
[2016.06.05-01.38.03:814][  0]LogAIModule: Creating AISystem for world NewWorld
[2016.06.05-01.38.03:819][  0]LogInit: XAudio2 using 'Speakers (USB Sound Device        )' : 2 channels at 44.1 kHz using 16 bits per sample (channel mask 0x3)
[2016.06.05-01.38.03:833][  0]LogInit: FAudioDevice initialized.
[2016.06.05-01.38.03:852][  0]LogDerivedDataCache: Saved boot cache 0.02s 41MB C:/Users/Johan/AppData/Local/UnrealEngine/4.10/DerivedDataCache/Boot.ddc.
[2016.06.05-01.38.03:858][  0]LogInit: Texture streaming: Enabled
[2016.06.05-01.38.03:864][  0]LogAnalytics: Creating configured Analytics provider AnalyticsET
[2016.06.05-01.38.03:864][  0]LogAnalytics: [UEEditor.Rocket.Release] APIServer = http://et2.epicgames.com/ET2/. AppVersion = 4.10.4-2872498+++depot+UE4-Releases+4.10
[2016.06.05-01.38.03:864][  0]LogAnalytics: [UEEditor.Rocket.Release] SetUserId e13f53c54a08433fc09043aa962b451a|75ba5683578c43329a0522a4b145a097|e6dac55f-4bf9-412a-b229-53d1a5ef9356
[2016.06.05-01.38.03:864][  0]LogAnalytics: [UEEditor.Rocket.Release] AnalyticsET::StartSession
[2016.06.05-01.38.03:873][  0]LogWindowsTextInputMethodSystem:Display: IME system now deactivated.
[2016.06.05-01.38.03:873][  0]LogWindowsTextInputMethodSystem:Display: IME system now deactivated.
[2016.06.05-01.38.03:889][  0]LogInit: Transaction tracking system initialized
[2016.06.05-01.38.03:922][  0]BlueprintLog: New page: Editor Load
[2016.06.05-01.38.04:007][  0]LocalizationService: Info Localization service is disabled
[2016.06.05-01.38.04:086][  0]LogConsoleResponse:Display: 
[2016.06.05-01.38.04:185][  0]LogCook:Display: Done creating registry. It took  0.00s.
[2016.06.05-01.38.04:255][  0]LogFileCache: Scanning file cache for directory 'C:/Users/Johan/Documents/GitHub/Runner/Content/' took 0.01s
[2016.06.05-01.38.04:255][  0]SourceControl: Info Source control is disabled
[2016.06.05-01.38.04:255][  0]Cmd: MAP LOAD FILE="../../../../../../Users/Johan/Documents/GitHub/Runner/Content/RunnerAssets/RunnerMap.umap" TEMPLATE=0 SHOWPROGRESS=1 FEATURELEVEL=3
[2016.06.05-01.38.04:256][  0]LightingResults: New page: Lighting Build
[2016.06.05-01.38.04:260][  0]MapCheck: New page: Map Check
[2016.06.05-01.38.04:260][  0]LightingResults: New page: Lighting Build
[2016.06.05-01.38.04:272][  0]LogParticles: Destroying 0 GPU particle simulations for FXSystem 0x0000018CEFE2FB00
[2016.06.05-01.38.06:215][  0]LogAIModule: Creating AISystem for world RunnerMap
[2016.06.05-01.38.06:268][  0]LogEditorServer: Finished looking for orphan Actors (0.000 secs)
[2016.06.05-01.38.06:268][  0]Cmd: MAP CHECKDEP NOCLEARLOG
[2016.06.05-01.38.06:336][  0]MapCheck: Info Map check complete: 0 Error(s), 0 Warning(s), took 67.356ms to complete.
[2016.06.05-01.38.06:336][  0]LogFileHelpers: Loading map 'RunnerMap' took 2.081
[2016.06.05-01.38.06:436][  0]LogCollectionManager: Loaded 0 collections in 0.002392 seconds
[2016.06.05-01.38.06:474][  0]LogFileCache: Scanning file cache for directory 'C:/Users/Johan/Documents/GitHub/Runner/Saved/Collections/' took 0.01s
[2016.06.05-01.38.06:474][  0]LogFileCache: Scanning file cache for directory 'C:/Users/Johan/Documents/GitHub/Runner/Content/Developers/Johan/Collections/' took 0.01s
[2016.06.05-01.38.06:474][  0]LogFileCache: Scanning file cache for directory 'C:/Users/Johan/Documents/GitHub/Runner/Content/Collections/' took 0.01s
[2016.06.05-01.38.06:474][  0]LogCollectionManager: Rebuilt the GUID cache for 0 collections in 0.000002 seconds
[2016.06.05-01.38.06:482][  0]LogContentBrowser: Native class hierarchy populated in 0.0080 seconds. Added 1893 classes and 338 folders.
[2016.06.05-01.38.06:489][  0]LogContentBrowser: Native class hierarchy updated for 'WidgetCarousel' in 0.0003 seconds. Added 0 classes and 0 folders.
[2016.06.05-01.38.06:533][  0]LogContentBrowser: Native class hierarchy updated for 'AddContentDialog' in 0.0003 seconds. Added 0 classes and 0 folders.
[2016.06.05-01.38.06:537][  0]LogContentBrowser: Native class hierarchy updated for 'SceneOutliner' in 0.0003 seconds. Added 1 classes and 2 folders.
[2016.06.05-01.38.06:560][  0]LogCrashTracker: Crashtracker disabled due to settings.
[2016.06.05-01.38.06:565][  0]LogUObjectGlobals:Warning: Failed to find object 'Class None.'
[2016.06.05-01.38.06:587][  0]LogLoad: Full Startup: 6.56 seconds (BP compile: 0.60 seconds)
[2016.06.05-01.38.06:599][  0]LogOcInput: Can't find Oculus library dev build: is proper Runtime installed? Version: 0.8.0.0
[2016.06.05-01.38.06:650][  0]LogContentStreaming: Texture pool size now 1000 MB
[2016.06.05-01.38.06:811][  2]LogRenderer: Reallocating scene render targets to support 1208x644 (Frame:2).
[2016.06.05-01.38.07:306][ 15]LogAssetRegistry: Asset discovery search completed in 4.1036 seconds
[2016.06.05-01.38.07:306][ 15]LogCollectionManager: Rebuilt the object cache for 0 collections in 0.000001 seconds (found 0 objects)
[2016.06.05-01.38.07:306][ 15]LogCollectionManager: Fixed up redirectors for 0 collections in 0.000030 seconds (updated 0 objects)
[2016.06.05-01.38.13:539][384]LogLinker:Warning: Asset '../../../Engine/Content/ArtTools/RenderToTexture/Macros/RenderToTextureMacros.uasset' has been saved with empty engine version. The asset will be loaded but may be incompatible.
[2016.06.05-01.38.13:970][384]LogContentBrowser: Native class hierarchy updated for 'BlueprintGraph' in 0.0007 seconds. Added 107 classes and 0 folders.
[2016.06.05-01.41.34:745][869]BlueprintLog: New page: Compile SpawnWalls_Blueprint
[2016.06.05-01.41.35:005][869]BlueprintEditorCompileResults: Info Event Tick (K2Node_Event_139) had an invalid function signature - it has now been fixed.
[2016.06.05-01.41.35:005][869]BlueprintEditorCompileResults: Info The execution path doesn't end with a return node.  Default 
[2016.06.05-01.41.35:005][869]BlueprintEditorCompileResults: Info The execution path doesn't end with a return node.  False 
[2016.06.05-01.41.35:005][869]BlueprintEditorCompileResults: Info The execution path doesn't end with a return node.  Default 
[2016.06.05-01.41.35:005][869]BlueprintEditorCompileResults: Info [0214.97] Compile of SpawnWalls_Blueprint successful! [in 260 ms]
[2016.06.05-01.41.36:289][989]LogBlueprintUserMessages: Early PlayInEditor Detection: Level '/Game/RunnerAssets/RunnerMap.RunnerMap:PersistentLevel' has LevelScriptBlueprint '/Game/RunnerAssets/RunnerMap.RunnerMap:PersistentLevel.RunnerMap' with GeneratedClass '/Game/RunnerAssets/RunnerMap.RunnerMap_C' with ClassGeneratedBy '/Game/RunnerAssets/RunnerMap.RunnerMap:PersistentLevel.RunnerMap'
[2016.06.05-01.41.36:289][989]LogPlayLevel: PlayLevel: No blueprints needed recompiling
[2016.06.05-01.41.36:289][989]PIE: New page: PIE session: RunnerMap (Jun 5, 2016, 5:41:36 AM)
[2016.06.05-01.41.36:289][989]LogPlayLevel: Creating play world package: /Game/RunnerAssets/UEDPIE_0_RunnerMap
[2016.06.05-01.41.36:331][989]LogPlayLevel: PIE: StaticDuplicateObject took: (0.041558s)
[2016.06.05-01.41.36:332][989]LogAIModule: Creating AISystem for world RunnerMap
[2016.06.05-01.41.36:332][989]LogPlayLevel: PIE: World Init took: (0.001258s)
[2016.06.05-01.41.36:333][989]LogPlayLevel: PIE: Created PIE world by copying editor world from /Game/RunnerAssets/RunnerMap.RunnerMap to /Game/RunnerAssets/UEDPIE_0_RunnerMap.RunnerMap (0.043367s)
[2016.06.05-01.41.36:383][989]LogInit: XAudio2 using 'Speakers (USB Sound Device        )' : 2 channels at 44.1 kHz using 16 bits per sample (channel mask 0x3)
[2016.06.05-01.41.36:393][989]LogInit: FAudioDevice initialized.
[2016.06.05-01.41.36:491][989]LogLinker:Warning: Can't find file '/Game/SideScrollerBP/Blueprints/SideScrollerGameMode'
[2016.06.05-01.41.36:491][989]LogLinker:Warning: Can't find file '/Game/SideScrollerBP/Blueprints/SideScrollerGameMode'
[2016.06.05-01.41.36:491][989]LogUObjectGlobals:Warning: Failed to find object 'Class /Game/SideScrollerBP/Blueprints/SideScrollerGameMode.SideScrollerGameMode_C'
[2016.06.05-01.41.36:491][989]LogWorld: Game class is 'GameMode'
[2016.06.05-01.41.36:501][989]LogWorld: Bringing World /Game/RunnerAssets/UEDPIE_0_RunnerMap.RunnerMap up for play (max tick rate 0) at 2016.06.05-03.41.36
[2016.06.05-01.41.36:502][989]LogActor:Warning: GameSession /Game/RunnerAssets/UEDPIE_0_RunnerMap.RunnerMap:PersistentLevel.GameSession_0 has natively added scene component(s), but none of them were set as the actor's RootComponent - picking one arbitrarily
[2016.06.05-01.41.36:502][989]LogActor:Warning: GameNetworkManager /Game/RunnerAssets/UEDPIE_0_RunnerMap.RunnerMap:PersistentLevel.GameNetworkManager_0 has natively added scene component(s), but none of them were set as the actor's RootComponent - picking one arbitrarily
[2016.06.05-01.41.36:503][989]LogWorld: Bringing up level for play took: 0.010142
[2016.06.05-01.41.36:503][989]LogGameMode: Warning - PATHS NOT DEFINED or NO PLAYERSTART with positive rating
[2016.06.05-01.41.36:537][989]PIE: Info Play in editor start time for /Game/RunnerAssets/UEDPIE_0_RunnerMap 0.379
[2016.06.05-01.41.36:538][989]LogBlueprintUserMessages: Late PlayInEditor Detection: Level '/Game/RunnerAssets/RunnerMap.RunnerMap:PersistentLevel' has LevelScriptBlueprint '/Game/RunnerAssets/RunnerMap.RunnerMap:PersistentLevel.RunnerMap' with GeneratedClass '/Game/RunnerAssets/RunnerMap.RunnerMap_C' with ClassGeneratedBy '/Game/RunnerAssets/RunnerMap.RunnerMap:PersistentLevel.RunnerMap'
[2016.06.05-01.41.36:589][991]LogRenderer: Reallocating scene render targets to support 1280x720 (Frame:444).
[2016.06.05-01.41.42:499][282]LogCharacterMovement: SideScrollerCharacter_C_1 is stuck and failed to move!
[2016.06.05-01.41.51:647][606]LogCharacterMovement: SideScrollerCharacter_C_1 is stuck and failed to move!
[2016.06.05-01.41.58:574][810]LogCharacterMovement: SideScrollerCharacter_C_1 is stuck and failed to move!
[2016.06.05-01.41.59:245][827]LogScript:Warning: Attempted to get an item from array list out of bounds [4/3]!
[2016.06.05-01.41.59:328][827]LogPackageName: SearchForPackageOnDisk took   0.082s to resolve Death.umap.
[2016.06.05-01.41.59:430][828]LogPackageName: SearchForPackageOnDisk took   0.087s to resolve Death.umap.
[2016.06.05-01.41.59:430][828]LogNet: Browse: /Game/RunnerAssets/Death
[2016.06.05-01.41.59:430][828]LogLoad: LoadMap: /Game/RunnerAssets/Death
[2016.06.05-01.41.59:484][828]LogParticles: Destroying 0 GPU particle simulations for FXSystem 0x0000018CC2D35C60
[2016.06.05-01.41.59:484][828]Cmd: MEM
[2016.06.05-01.41.59:513][828]LogMemory: Platform Memory Stats for Windows
[2016.06.05-01.41.59:513][828]LogMemory: Process Physical Memory: 1224.94 MB used, 1256.22 MB peak
[2016.06.05-01.41.59:513][828]LogMemory: Process Virtual Memory: 1783.64 MB used, 1991.63 MB peak
[2016.06.05-01.41.59:513][828]LogMemory: Physical Memory: 5121.68 MB used, 16337.33 MB total
[2016.06.05-01.41.59:513][828]LogMemory: Virtual Memory: 2684.92 MB used, 134217728.00 MB total
[2016.06.05-01.41.59:513][828]LogMemory: 
[2016.06.05-01.41.59:513][828]Allocator Stats for TBB: (not implemented)
[2016.06.05-01.41.59:847][828]LogAIModule: Creating AISystem for world Death
[2016.06.05-01.41.59:847][828]LogLinker:Warning: Can't find file '/Game/SideScrollerBP/Blueprints/SideScrollerGameMode'
[2016.06.05-01.41.59:848][828]LogLinker:Warning: Can't find file '/Game/SideScrollerBP/Blueprints/SideScrollerGameMode'
[2016.06.05-01.41.59:848][828]LogUObjectGlobals:Warning: Failed to find object 'Class /Game/SideScrollerBP/Blueprints/SideScrollerGameMode.SideScrollerGameMode_C'
[2016.06.05-01.41.59:848][828]LogWorld: Game class is 'GameMode'
[2016.06.05-01.41.59:850][828]LogWorld: Bringing World /Game/RunnerAssets/UEDPIE_0_Death.Death up for play (max tick rate 0) at 2016.06.05-03.41.59
[2016.06.05-01.41.59:850][828]LogActor:Warning: GameSession /Game/RunnerAssets/UEDPIE_0_Death.Death:PersistentLevel.GameSession_1 has natively added scene component(s), but none of them were set as the actor's RootComponent - picking one arbitrarily
[2016.06.05-01.41.59:850][828]LogActor:Warning: GameNetworkManager /Game/RunnerAssets/UEDPIE_0_Death.Death:PersistentLevel.GameNetworkManager_1 has natively added scene component(s), but none of them were set as the actor's RootComponent - picking one arbitrarily
[2016.06.05-01.41.59:850][828]LogWorld: Bringing up level for play took: 0.001179
[2016.06.05-01.41.59:851][828]LogGameMode: Warning - PATHS NOT DEFINED or NO PLAYERSTART with positive rating
[2016.06.05-01.42.04:905][222]LogBlueprintUserMessages: Early EndPlayMap Detection: Level '/Game/RunnerAssets/RunnerMap.RunnerMap:PersistentLevel' has LevelScriptBlueprint '/Game/RunnerAssets/RunnerMap.RunnerMap:PersistentLevel.RunnerMap' with GeneratedClass '/Game/RunnerAssets/RunnerMap.RunnerMap_C' with ClassGeneratedBy '/Game/RunnerAssets/RunnerMap.RunnerMap:PersistentLevel.RunnerMap'
[2016.06.05-01.42.04:960][222]LogBlueprintUserMessages: Late EndPlayMap Detection: Level '/Game/RunnerAssets/RunnerMap.RunnerMap:PersistentLevel' has LevelScriptBlueprint '/Game/RunnerAssets/RunnerMap.RunnerMap:PersistentLevel.RunnerMap' with GeneratedClass '/Game/RunnerAssets/RunnerMap.RunnerMap_C' with ClassGeneratedBy '/Game/RunnerAssets/RunnerMap.RunnerMap:PersistentLevel.RunnerMap'
[2016.06.05-01.42.05:010][223]LogParticles: Destroying 0 GPU particle simulations for FXSystem 0x0000018CF5CA3C40
[2016.06.05-01.42.19:236][263]LogAIModule: Creating AISystem for world MainMenu
[2016.06.05-01.42.19:241][263]LogActorComponent: UnregisterComponent: (/Engine/Transient.CharMoveComp) Not registered. Aborting.
[2016.06.05-01.42.21:318][263]LogSavePackage: Save=293.167053ms
[2016.06.05-01.42.21:318][263]LogSavePackage: Moving '../../../../../../Users/Johan/Documents/GitHub/Runner/Saved/SpawnWalls_Blueprint13C43927461ABAB0C6E415B33629F6DA.tmp' to '../../../../../../Users/Johan/Documents/GitHub/Runner/Content/RunnerAssets/Blueprints/Spawners/SpawnWalls_Blueprint.uasset'
[2016.06.05-01.42.21:321][263]LogSavePackage: Total save time: 309.119783ms
[2016.06.05-01.42.21:321][263]LogSavePackage:Display: Finished SavePackage ../../../../../../Users/Johan/Documents/GitHub/Runner/Content/RunnerAssets/Blueprints/Spawners/SpawnWalls_Blueprint.uasset
[2016.06.05-01.42.21:323][263]Cmd: MAP LOAD FILE="../../../../../../Users/Johan/Documents/GitHub/Runner/Content/RunnerAssets/MainMenu.umap" TEMPLATE=0 SHOWPROGRESS=1 FEATURELEVEL=3
[2016.06.05-01.42.21:323][263]LightingResults: New page: Lighting Build
[2016.06.05-01.42.21:344][263]LoadErrors: New page: Loading map: MainMenu.umap
[2016.06.05-01.42.21:345][263]MapCheck: New page: Map Check
[2016.06.05-01.42.21:345][263]LightingResults: New page: Lighting Build
[2016.06.05-01.42.21:370][263]LogParticles: Destroying 0 GPU particle simulations for FXSystem 0x0000018CF8A7A020
[2016.06.05-01.42.21:379][263]LogEditorServer: Finished looking for orphan Actors (0.000 secs)
[2016.06.05-01.42.21:419][263]Cmd: MAP CHECKDEP NOCLEARLOG
[2016.06.05-01.42.21:505][263]MapCheck: Info Map check complete: 0 Error(s), 0 Warning(s), took 85.236ms to complete.
[2016.06.05-01.42.21:510][263]LogFileHelpers: Loading map 'MainMenu' took 0.188
[2016.06.05-01.42.22:932][381]LogBlueprintUserMessages: Early PlayInEditor Detection: Level '/Game/RunnerAssets/MainMenu.MainMenu:PersistentLevel' has LevelScriptBlueprint '/Game/RunnerAssets/MainMenu.MainMenu:PersistentLevel.MainMenu' with GeneratedClass '/Game/RunnerAssets/MainMenu.MainMenu_C' with ClassGeneratedBy '/Game/RunnerAssets/MainMenu.MainMenu:PersistentLevel.MainMenu'
[2016.06.05-01.42.22:932][381]LogPlayLevel: PlayLevel: No blueprints needed recompiling
[2016.06.05-01.42.22:932][381]PIE: New page: PIE session: MainMenu (Jun 5, 2016, 5:42:22 AM)
[2016.06.05-01.42.22:932][381]LogPlayLevel: Creating play world package: /Game/RunnerAssets/UEDPIE_0_MainMenu
[2016.06.05-01.42.22:936][381]LogPlayLevel: PIE: StaticDuplicateObject took: (0.003524s)
[2016.06.05-01.42.22:936][381]LogAIModule: Creating AISystem for world MainMenu
[2016.06.05-01.42.22:937][381]LogPlayLevel: PIE: World Init took: (0.000671s)
[2016.06.05-01.42.22:937][381]LogPlayLevel: PIE: Created PIE world by copying editor world from /Game/RunnerAssets/MainMenu.MainMenu to /Game/RunnerAssets/UEDPIE_0_MainMenu.MainMenu (0.004418s)
[2016.06.05-01.42.22:967][381]LogInit: XAudio2 using 'Speakers (USB Sound Device        )' : 2 channels at 44.1 kHz using 16 bits per sample (channel mask 0x3)
[2016.06.05-01.42.22:973][381]LogInit: FAudioDevice initialized.
[2016.06.05-01.42.23:049][381]LogLinker:Warning: Can't find file '/Game/SideScrollerBP/Blueprints/SideScrollerGameMode'
[2016.06.05-01.42.23:050][381]LogLinker:Warning: Can't find file '/Game/SideScrollerBP/Blueprints/SideScrollerGameMode'
[2016.06.05-01.42.23:050][381]LogUObjectGlobals:Warning: Failed to find object 'Class /Game/SideScrollerBP/Blueprints/SideScrollerGameMode.SideScrollerGameMode_C'
[2016.06.05-01.42.23:050][381]LogWorld: Game class is 'GameMode'
[2016.06.05-01.42.23:052][381]LogWorld: Bringing World /Game/RunnerAssets/UEDPIE_0_MainMenu.MainMenu up for play (max tick rate 0) at 2016.06.05-03.42.23
[2016.06.05-01.42.23:052][381]LogActor:Warning: GameSession /Game/RunnerAssets/UEDPIE_0_MainMenu.MainMenu:PersistentLevel.GameSession_2 has natively added scene component(s), but none of them were set as the actor's RootComponent - picking one arbitrarily
[2016.06.05-01.42.23:052][381]LogActor:Warning: GameNetworkManager /Game/RunnerAssets/UEDPIE_0_MainMenu.MainMenu:PersistentLevel.GameNetworkManager_2 has natively added scene component(s), but none of them were set as the actor's RootComponent - picking one arbitrarily
[2016.06.05-01.42.23:052][381]LogWorld: Bringing up level for play took: 0.000804
[2016.06.05-01.42.23:066][381]PIE: Info Play in editor start time for /Game/RunnerAssets/UEDPIE_0_MainMenu 0.907
[2016.06.05-01.42.23:066][381]LogBlueprintUserMessages: Late PlayInEditor Detection: Level '/Game/RunnerAssets/MainMenu.MainMenu:PersistentLevel' has LevelScriptBlueprint '/Game/RunnerAssets/MainMenu.MainMenu:PersistentLevel.MainMenu' with GeneratedClass '/Game/RunnerAssets/MainMenu.MainMenu_C' with ClassGeneratedBy '/Game/RunnerAssets/MainMenu.MainMenu:PersistentLevel.MainMenu'
[2016.06.05-01.42.24:772][521]LogPackageName: SearchForPackageOnDisk took   0.083s to resolve RunnerMap.umap.
[2016.06.05-01.42.24:852][521]LogPackageName: SearchForPackageOnDisk took   0.080s to resolve RunnerMap.umap.
[2016.06.05-01.42.24:852][521]LogNet: Browse: /Game/RunnerAssets/RunnerMap
[2016.06.05-01.42.24:852][521]LogLoad: LoadMap: /Game/RunnerAssets/RunnerMap
[2016.06.05-01.42.24:878][521]LogParticles: Destroying 0 GPU particle simulations for FXSystem 0x0000018CE1590680
[2016.06.05-01.42.24:883][521]Cmd: MEM
[2016.06.05-01.42.24:924][521]LogMemory: Platform Memory Stats for Windows
[2016.06.05-01.42.24:924][521]LogMemory: Process Physical Memory: 1340.21 MB used, 1345.16 MB peak
[2016.06.05-01.42.24:924][521]LogMemory: Process Virtual Memory: 1929.68 MB used, 2054.88 MB peak
[2016.06.05-01.42.24:924][521]LogMemory: Physical Memory: 5215.54 MB used, 16337.33 MB total
[2016.06.05-01.42.24:924][521]LogMemory: Virtual Memory: 2751.60 MB used, 134217728.00 MB