[2016.06.04-20.03.57:388][  0]Log file open, 06/04/16 22:03:57
[2016.06.04-20.03.57:388][  0]LogInit:Display: Running engine for game: Runner
[2016.06.04-20.03.57:388][  0]LogPlatformFile: Not using cached read wrapper
[2016.06.04-20.03.57:388][  0]LogInit:Display: RandInit(794961664) SRandInit(794961667).
[2016.06.04-20.03.57:388][  0]LogTaskGraph: Started task graph with 4 named threads and 7 total threads.
[2016.06.04-20.03.57:388][  0]LogStats: Stats thread started at 0.136843
[2016.06.04-20.03.57:388][  0]LogInit: Version: 4.10.4-2872498+++depot+UE4-Releases+4.10
[2016.06.04-20.03.57:388][  0]LogInit: API Version: 2758231
[2016.06.04-20.03.57:388][  0]LogInit: Compiled (64-bit): Feb 18 2016 15:47:04
[2016.06.04-20.03.57:388][  0]LogInit: Compiled with Visual C++: 19.00.23026.00
[2016.06.04-20.03.57:388][  0]LogInit: Build Configuration: Development
[2016.06.04-20.03.57:388][  0]LogInit: Branch Name: ++depot+UE4-Releases+4.10
[2016.06.04-20.03.57:388][  0]LogInit: Command line:  
[2016.06.04-20.03.57:388][  0]LogInit: Base directory: C:/Program Files/Epic Games/4.10/Engine/Binaries/Win64/
[2016.06.04-20.03.57:388][  0]LogInit: Rocket: 1
[2016.06.04-20.03.57:446][  0]LogInit: Using libcurl 7.41.0
[2016.06.04-20.03.57:446][  0]LogInit:  - built for x86_64-pc-win32
[2016.06.04-20.03.57:446][  0]LogInit:  - supports SSL with WinSSL
[2016.06.04-20.03.57:446][  0]LogInit:  - other features:
[2016.06.04-20.03.57:446][  0]LogInit:      CURL_VERSION_SSL
[2016.06.04-20.03.57:446][  0]LogInit:      CURL_VERSION_IPV6
[2016.06.04-20.03.57:446][  0]LogInit:      CURL_VERSION_ASYNCHDNS
[2016.06.04-20.03.57:446][  0]LogInit:      CURL_VERSION_LARGEFILE
[2016.06.04-20.03.57:446][  0]LogInit:      CURL_VERSION_IDN
[2016.06.04-20.03.57:446][  0]LogInit:  CurlRequestOptions (configurable via config and command line):
[2016.06.04-20.03.57:446][  0]LogInit:  - bVerifyPeer = true  - Libcurl will verify peer certificate
[2016.06.04-20.03.57:446][  0]LogInit:  - bUseHttpProxy = false  - Libcurl will NOT use HTTP proxy
[2016.06.04-20.03.57:446][  0]LogInit:  - bDontReuseConnections = false  - Libcurl will reuse connections
[2016.06.04-20.03.57:446][  0]LogInit:  - CertBundlePath = nullptr  - Libcurl will use whatever was configured at build time.
[2016.06.04-20.03.57:502][  0]LogInit: Presizing for 0 objects not considered by GC, pre-allocating 0 bytes.
[2016.06.04-20.03.57:509][  0]LogInit: Object subsystem initialized
[2016.06.04-20.03.57:509][  0]LogInit: Selected Device Profile: [Windows]
[2016.06.04-20.03.57:509][  0]LogInit: Applying CVar settings loaded from the selected device profile: [Windows]
[2016.06.04-20.03.57:525][  0]LogInit: Computer: JOHANS_MONSTER
[2016.06.04-20.03.57:525][  0]LogInit: User: Johan
[2016.06.04-20.03.57:525][  0]LogInit: CPU Page size=4096, Cores=4
[2016.06.04-20.03.57:525][  0]LogInit: High frequency timer resolution =3.312787 MHz
[2016.06.04-20.03.57:525][  0]LogMemory: Memory total: Physical=16.0GB (16GB approx)
[2016.06.04-20.03.57:525][  0]LogMemory: Platform Memory Stats for Windows
[2016.06.04-20.03.57:525][  0]LogMemory: Process Physical Memory: 56.32 MB used, 56.32 MB peak
[2016.06.04-20.03.57:525][  0]LogMemory: Process Virtual Memory: 58.64 MB used, 58.64 MB peak
[2016.06.04-20.03.57:525][  0]LogMemory: Physical Memory: 3227.73 MB used, 16337.33 MB total
[2016.06.04-20.03.57:525][  0]LogMemory: Virtual Memory: 384.78 MB used, 134217728.00 MB total
[2016.06.04-20.03.57:700][  0]LogTextLocalizationManager: No translations for ('sv-SE') exist, falling back to 'en' for localization and internationalization data.
[2016.06.04-20.03.58:166][  0]LogD3D11RHI: Found D3D11 adapter 0: NVIDIA GeForce GTX 560 SE (Feature Level 11_0)
[2016.06.04-20.03.58:166][  0]LogD3D11RHI: Adapter has 977MB of dedicated video memory, 0MB of dedicated system memory, and 8168MB of shared system memory, 1 output[s]
[2016.06.04-20.03.58:215][  0]LogD3D11RHI: Found D3D11 adapter 1: Microsoft Basic Render Driver (Feature Level 11_0)
[2016.06.04-20.03.58:215][  0]LogD3D11RHI: Adapter has 0MB of dedicated video memory, 0MB of dedicated system memory, and 8168MB of shared system memory, 0 output[s]
[2016.06.04-20.03.58:215][  0]LogD3D11RHI: Chosen D3D11 Adapter Id = 0
[2016.06.04-20.03.58:219][  0]LogD3D11RHI: !Direct3DDevice
[2016.06.04-20.03.58:219][  0]LogRHI: Texture pool is 684 MB (70% of 977 MB)
[2016.06.04-20.03.58:230][  0]LogD3D11RHI: Async texture creation enabled
[2016.06.04-20.03.58:245][  0]LogShaderCompilers: Guid format shader working directory is -7 characters bigger than the processId version (../../../../../../Users/Johan/Documents/GitHub/Runner/Intermediate/Shaders/WorkingDirectory/9236/).
[2016.06.04-20.03.58:246][  0]LogShaderCompilers: Cleaned the shader compiler working directory 'C:/Users/Johan/AppData/Local/Temp/UnrealShaderWorkingDir/E1F21F2544AB8CBFD38E42A4F0162AB2/'.
[2016.06.04-20.03.58:246][  0]LogShaderCompilers:Display: Using Local Shader Compiler.
[2016.06.04-20.03.59:735][  0]LogTemp:Display: Loaded TP AllDesktopTargetPlatform
[2016.06.04-20.03.59:744][  0]LogTemp:Display: Loaded TP WindowsClientTargetPlatform
[2016.06.04-20.03.59:754][  0]LogTemp:Display: Loaded TP WindowsNoEditorTargetPlatform
[2016.06.04-20.03.59:762][  0]LogTemp:Display: Loaded TP WindowsServerTargetPlatform
[2016.06.04-20.03.59:766][  0]LogTemp:Display: Loaded TP WindowsTargetPlatform
[2016.06.04-20.03.59:770][  0]LogTemp:Display: Loaded TP AndroidTargetPlatform
[2016.06.04-20.03.59:773][  0]LogTemp:Display: Loaded TP Android_ASTCTargetPlatform
[2016.06.04-20.03.59:775][  0]LogTemp:Display: Loaded TP Android_ATCTargetPlatform
[2016.06.04-20.03.59:778][  0]LogTemp:Display: Loaded TP Android_DXTTargetPlatform
[2016.06.04-20.03.59:780][  0]LogTemp:Display: Loaded TP Android_ETC1TargetPlatform
[2016.06.04-20.03.59:783][  0]LogTemp:Display: Loaded TP Android_ETC2TargetPlatform
[2016.06.04-20.03.59:788][  0]LogTemp:Display: Loaded TP Android_MultiTargetPlatform
[2016.06.04-20.03.59:788][  0]LogTemp:Display: Loaded TP Android_PVRTCTargetPlatform
[2016.06.04-20.03.59:789][  0]LogTemp:Display: Loaded TP HTML5TargetPlatform
[2016.06.04-20.03.59:819][  0]LogTemp:Display: Loaded TP IOSTargetPlatform
[2016.06.04-20.03.59:821][  0]LogTemp:Display: Loaded TP LinuxNoEditorTargetPlatform
[2016.06.04-20.03.59:824][  0]LogTemp:Display: Loaded TP LinuxServerTargetPlatform
[2016.06.04-20.03.59:827][  0]LogTemp:Display: Loaded TP LinuxTargetPlatform
[2016.06.04-20.03.59:827][  0]LogTargetPlatformManager:Display: Building Assets For Windows
[2016.06.04-20.04.00:459][  0]LogDerivedDataCache:Display: Max Cache Size: 512 MB
[2016.06.04-20.04.00:816][  0]LogDerivedDataCache: Loaded boot cache 0.36s 41MB C:/Users/Johan/AppData/Local/UnrealEngine/4.10/DerivedDataCache/Boot.ddc.
[2016.06.04-20.04.00:816][  0]LogDerivedDataCache:Display: Loaded Boot cache: C:/Users/Johan/AppData/Local/UnrealEngine/4.10/DerivedDataCache/Boot.ddc
[2016.06.04-20.04.00:817][  0]LogDerivedDataCache: FDerivedDataBackendGraph:  Pak pak cache file ../../../../../../Users/Johan/Documents/GitHub/Runner/DerivedDataCache/DDC.ddp not found, will not use a pak cache.
[2016.06.04-20.04.00:817][  0]LogDerivedDataCache: Unable to find inner node Pak for hierarchical cache Hierarchy.
[2016.06.04-20.04.00:817][  0]LogDerivedDataCache: FDerivedDataBackendGraph:  CompressedPak pak cache file ../../../../../../Users/Johan/Documents/GitHub/Runner/DerivedDataCache/Compressed.ddp not found, will not use a pak cache.
[2016.06.04-20.04.00:817][  0]LogDerivedDataCache: Unable to find inner node CompressedPak for hierarchical cache Hierarchy.
[2016.06.04-20.04.00:953][  0]LogDerivedDataCache:Display: Pak cache opened for reading ../../../Engine/DerivedDataCache/Compressed.ddp.
[2016.06.04-20.04.00:965][  0]LogDerivedDataCache: Using Local data cache path C:/Users/Johan/AppData/Local/UnrealEngine/Common/DerivedDataCache: Writable
[2016.06.04-20.04.08:700][  0]LogInit: Selected Device Profile: [Windows]
[2016.06.04-20.04.08:703][  0]LogContentStreaming: Texture pool size is 0.000000MB
[2016.06.04-20.04.08:814][  0]LogMeshUtilities: No automatic mesh reduction module available
[2016.06.04-20.04.08:814][  0]LogMeshUtilities: No automatic mesh merging module available
[2016.06.04-20.04.09:158][  0]LogInit: WinSock: version 1.1 (2.2), MaxSocks=32767, MaxUdp=65467
[2016.06.04-20.04.27:330][  0]UdpMessaging: Initializing bridge on interface 0.0.0.0:0 to multicast group 230.0.0.1:6666.
[2016.06.04-20.04.27:825][  0]LogAssetRegistry: FAssetRegistry took 0.0112 seconds to start up
[2016.06.04-20.04.28:003][  0]SourceControl: Info Source control is disabled
[2016.06.04-20.04.28:003][  0]SourceControl: Info Source control is disabled
[2016.06.04-20.04.28:016][  0]SourceControl: Info Source control is disabled
[2016.06.04-20.04.28:029][  0]SourceControl: Info Source control is disabled
[2016.06.04-20.04.28:608][  0]LogObj: 28633 objects as part of root set at end of initial load.
[2016.06.04-20.04.28:608][  0]LogUObjectAllocator: 6099752 out of 0 bytes used by permanent object pool.
[2016.06.04-20.04.28:751][  0]LogEngine: Initializing Engine...
[2016.06.04-20.04.28:754][  0]LogHMD: Can't find Oculus library dev build: is proper Runtime installed? Version: 0.8.0.0
[2016.06.04-20.04.28:771][  0]LogHMD: SteamVR failed to initialize.  Err: 110
[2016.06.04-20.04.28:904][  0]LogAIModule: Creating AISystem for world NewWorld
[2016.06.04-20.04.28:910][  0]LogInit: XAudio2 using 'Speakers (USB Sound Device        )' : 2 channels at 44.1 kHz using 16 bits per sample (channel mask 0x3)
[2016.06.04-20.04.28:972][  0]LogInit: FAudioDevice initialized.
[2016.06.04-20.04.28:990][  0]LogDerivedDataCache: Saved boot cache 0.02s 41MB C:/Users/Johan/AppData/Local/UnrealEngine/4.10/DerivedDataCache/Boot.ddc.
[2016.06.04-20.04.28:996][  0]LogInit: Texture streaming: Enabled
[2016.06.04-20.04.29:002][  0]LogAnalytics: Creating configured Analytics provider AnalyticsET
[2016.06.04-20.04.29:002][  0]LogAnalytics: [UEEditor.Rocket.Release] APIServer = http://et2.epicgames.com/ET2/. AppVersion = 4.10.4-2872498+++depot+UE4-Releases+4.10
[2016.06.04-20.04.29:002][  0]LogAnalytics: [UEEditor.Rocket.Release] SetUserId e13f53c54a08433fc09043aa962b451a|75ba5683578c43329a0522a4b145a097|e6dac55f-4bf9-412a-b229-53d1a5ef9356
[2016.06.04-20.04.29:002][  0]LogAnalytics: [UEEditor.Rocket.Release] AnalyticsET::StartSession
[2016.06.04-20.04.29:011][  0]LogWindowsTextInputMethodSystem:Display: IME system now deactivated.
[2016.06.04-20.04.29:011][  0]LogWindowsTextInputMethodSystem:Display: IME system now deactivated.
[2016.06.04-20.04.29:028][  0]LogInit: Transaction tracking system initialized
[2016.06.04-20.04.29:055][  0]BlueprintLog: New page: Editor Load
[2016.06.04-20.04.29:215][  0]LocalizationService: Info Localization service is disabled
[2016.06.04-20.04.31:660][  0]LogConsoleResponse:Display: 
[2016.06.04-20.04.33:167][  0]LogCook:Display: Done creating registry. It took  0.00s.
[2016.06.04-20.04.33:418][  0]LogFileCache: Scanning file cache for directory 'C:/Users/Johan/Documents/GitHub/Runner/Content/' took 0.02s
[2016.06.04-20.04.33:418][  0]SourceControl: Info Source control is disabled
[2016.06.04-20.04.33:418][  0]Cmd: MAP LOAD FILE="../../../../../../Users/Johan/Documents/GitHub/Runner/Content/RunnerAssets/RunnerMap.umap" TEMPLATE=0 SHOWPROGRESS=1 FEATURELEVEL=3
[2016.06.04-20.04.33:449][  0]LightingResults: New page: Lighting Build
[2016.06.04-20.04.33:452][  0]MapCheck: New page: Map Check
[2016.06.04-20.04.33:452][  0]LightingResults: New page: Lighting Build
[2016.06.04-20.04.33:464][  0]LogParticles: Destroying 0 GPU particle simulations for FXSystem 0x00000289023FFB00
[2016.06.04-20.04.55:494][  0]LogAIModule: Creating AISystem for world RunnerMap
[2016.06.04-20.04.55:633][  0]LogEditorServer: Finished looking for orphan Actors (0.000 secs)
[2016.06.04-20.04.55:634][  0]Cmd: MAP CHECKDEP NOCLEARLOG
[2016.06.04-20.04.55:702][  0]MapCheck: Info Map check complete: 0 Error(s), 0 Warning(s), took 67.955ms to complete.
[2016.06.04-20.04.55:702][  0]LogFileHelpers: Loading map 'RunnerMap' took 22.284
[2016.06.04-20.04.55:884][  0]LogCollectionManager: Loaded 0 collections in 0.002393 seconds
[2016.06.04-20.04.55:922][  0]LogFileCache: Scanning file cache for directory 'C:/Users/Johan/Documents/GitHub/Runner/Saved/Collections/' took 0.01s
[2016.06.04-20.04.55:922][  0]LogFileCache: Scanning file cache for directory 'C:/Users/Johan/Documents/GitHub/Runner/Content/Developers/Johan/Collections/' took 0.01s
[2016.06.04-20.04.55:922][  0]LogFileCache: Scanning file cache for directory 'C:/Users/Johan/Documents/GitHub/Runner/Content/Collections/' took 0.01s
[2016.06.04-20.04.55:922][  0]LogCollectionManager: Rebuilt the GUID cache for 0 collections in 0.000002 seconds
[2016.06.04-20.04.55:930][  0]LogContentBrowser: Native class hierarchy populated in 0.0078 seconds. Added 1893 classes and 338 folders.
[2016.06.04-20.04.55:937][  0]LogContentBrowser: Native class hierarchy updated for 'WidgetCarousel' in 0.0003 seconds. Added 0 classes and 0 folders.
[2016.06.04-20.04.56:772][  0]LogContentBrowser: Native class hierarchy updated for 'AddContentDialog' in 0.0003 seconds. Added 0 classes and 0 folders.
[2016.06.04-20.04.56:776][  0]LogContentBrowser: Native class hierarchy updated for 'SceneOutliner' in 0.0003 seconds. Added 1 classes and 2 folders.
[2016.06.04-20.04.56:891][  0]LogCrashTracker: Crashtracker disabled due to settings.
[2016.06.04-20.04.56:895][  0]LogUObjectGlobals:Warning: Failed to find object 'Class None.'
[2016.06.04-20.04.56:917][  0]LogLoad: Full Startup: 60.48 seconds (BP compile: 0.66 seconds)
[2016.06.04-20.04.56:929][  0]LogOcInput: Can't find Oculus library dev build: is proper Runtime installed? Version: 0.8.0.0
[2016.06.04-20.04.57:035][  0]LogContentStreaming: Texture pool size now 1000 MB
[2016.06.04-20.04.57:268][  1]LogRenderer: Reallocating scene render targets to support 1208x644 (Frame:2).
[2016.06.04-20.04.58:537][ 13]LogAssetRegistry: Asset discovery search completed in 30.7229 seconds
[2016.06.04-20.04.58:537][ 13]LogCollectionManager: Rebuilt the object cache for 0 collections in 0.000001 seconds (found 0 objects)
[2016.06.04-20.04.58:537][ 13]LogCollectionManager: Fixed up redirectors for 0 collections in 0.000019 seconds (updated 0 objects)
[2016.06.04-20.13.03:277][502]LogMaterial: Missing cached shader map for material steam3, compiling. 
[2016.06.04-20.13.03:489][502]LogMaterial: Missing cached shader map for material steam3, compiling. 
[2016.06.04-20.13.03:491][502]LogMaterial: 0.000071 seconds spent updating 1 materials, 1 interfaces, 0 instances, 0 with static permutations.
[2016.06.04-20.13.03:517][502]LogMaterial: Missing cached shader map for material FMatExpressionPreview MaterialExpressionTextureSample_0, compiling. 
[2016.06.04-20.13.05:912][646]MaterialEditorStats: Info Base pass shader without light map: 6 instructions
[2016.06.04-20.13.05:912][646]MaterialEditorStats: Info Vertex shader: 70 instructions
[2016.06.04-20.13.05:912][646]MaterialEditorStats: Info Texture samplers: 3/16
[2016.06.04-20.13.18:219][119]LogMaterial: Missing cached shader map for material steam3, compiling. 
[2016.06.04-20.13.18:222][119]LogMaterial: 0.000078 seconds spent updating 1 materials, 1 interfaces, 0 instances, 0 with static permutations.
[2016.06.04-20.13.19:345][250]MaterialEditorStats: Info Base pass shader without light map: 6 instructions
[2016.06.04-20.13.19:345][250]MaterialEditorStats: Info Vertex shader: 70 instructions
[2016.06.04-20.13.19:345][250]MaterialEditorStats: Info Texture samplers: 3/16
[2016.06.04-20.13.23:978][806]LogEditorTransaction: Undo Material Editor: Delete
[2016.06.04-20.13.23:980][806]LogMaterial: Missing cached shader map for material steam3, compiling. 
[2016.06.04-20.13.23:984][806]LogMaterial: Missing cached shader map for material steam3, compiling. 
[2016.06.04-20.13.23:986][806]LogMaterial: 0.000028 seconds spent updating 1 materials, 1 interfaces, 0 instances, 0 with static permutations.
[2016.06.04-20.13.24:848][883]MaterialEditorStats: Info Base pass shader without light map: 6 instructions
[2016.06.04-20.13.24:848][883]MaterialEditorStats: Info Vertex shader: 70 instructions
[2016.06.04-20.13.24:848][883]MaterialEditorStats: Info Texture samplers: 3/16
[2016.06.04-20.13.31:074][629]LogMaterial: Missing cached shader map for material steam3, compiling. 
[2016.06.04-20.13.31:077][629]LogMaterial: 0.000064 seconds spent updating 1 materials, 1 interfaces, 0 instances, 0 with static permutations.
[2016.06.04-20.13.32:367][777]MaterialEditorStats: Info Base pass shader without light map: 6 instructions
[2016.06.04-20.13.32:367][777]MaterialEditorStats: Info Vertex shader: 70 instructions
[2016.06.04-20.13.32:367][777]MaterialEditorStats: Info Texture samplers: 3/16
[2016.06.04-20.13.35:089][103]LogMaterialEditor: Saving and Compiling material steam3
[2016.06.04-20.13.35:471][103]LogMaterial: Missing cached shader map for material steam3, compiling. 
[2016.06.04-20.13.35:477][103]LogMaterial: 0.000073 seconds spent updating 1 materials, 1 interfaces, 0 instances, 0 with static permutations.
[2016.06.04-20.13.35:513][103]LogMaterial: Missing cached shader map for material steam3, compiling. 
[2016.06.04-20.13.35:526][103]LogMaterial: Missing cached shader map for material steam3, compiling. 
[2016.06.04-20.13.35:538][103]LogMaterial: 0.002828 seconds spent updating 1 materials, 1 interfaces, 0 instances, 0 with static permutations.
[2016.06.04-20.13.37:923][103]Cmd: OBJ SAVEPACKAGE PACKAGE="/Game/RunnerAssets/Materials/steam3" FILE="../../../../../../Users/Johan/Documents/GitHub/Runner/Content/RunnerAssets/Materials/steam3.uasset" SILENT=true
[2016.06.04-20.13.37:951][103]LogSavePackage: Save=12.320744ms
[2016.06.04-20.13.37:951][103]LogSavePackage: Moving '../../../../../../Users/Johan/Documents/GitHub/Runner/Saved/steam3AF56A46547DC3AF808E8EFA8036EB366.tmp' to '../../../../../../Users/Johan/Documents/GitHub/Runner/Content/RunnerAssets/Materials/steam3.uasset'
[2016.06.04-20.13.37:954][103]LogSavePackage: Total save time: 29.330291ms
[2016.06.04-20.13.37:954][103]LogSavePackage:Display: Finished SavePackage ../../../../../../Users/Johan/Documents/GitHub/Runner/Content/RunnerAssets/Materials/steam3.uasset
[2016.06.04-20.13.37:957][103]MaterialEditorStats: Info Base pass shader without light map: 25 instructions
[2016.06.04-20.13.37:957][103]MaterialEditorStats: Info Vertex shader: 70 instructions
[2016.06.04-20.13.37:957][103]MaterialEditorStats: Info Texture samplers: 7/16
[2016.06.04-20.17.03:629][142]LogMaterial: Missing cached shader map for material lambert1, compiling. 
[2016.06.04-20.17.03:729][142]LogMaterial: Missing cached shader map for material lambert1, compiling. 
[2016.06.04-20.17.03:734][142]LogMaterial: 0.000082 seconds spent updating 1 materials, 1 interfaces, 0 instances, 0 with static permutations.
[2016.06.04-20.17.03:762][142]LogMaterial: Missing cached shader map for material FMatExpressionPreview MaterialExpressionVectorParameter_1, compiling. 
[2016.06.04-20.17.05:268][203]MaterialEditorStats: Info Base pass shader with only dynamic lighting: 31 instructions
[2016.06.04-20.17.05:268][203]MaterialEditorStats: Info Vertex shader: 31 instructions
[2016.06.04-20.17.05:268][203]MaterialEditorStats: Info Texture samplers: 0/16
[2016.06.04-20.17.20:381][181]LogMaterial: Missing cached shader map for material steam3, compiling. 
[2016.06.04-20.17.20:384][181]LogMaterial: 0.000101 seconds spent updating 1 materials, 1 interfaces, 0 instances, 0 with static permutations.
[2016.06.04-20.17.20:385][181]LogMaterial: Missing cached shader map for material FMatExpressionPreview MaterialExpressionVectorParameter_2, compiling. 
[2016.06.04-20.17.21:666][314]MaterialEditorStats: Info Base pass shader without light map: 6 instructions
[2016.06.04-20.17.21:666][314]MaterialEditorStats: Info Vertex shader: 70 instructions
[2016.06.04-20.17.21:666][314]MaterialEditorStats: Info Texture samplers: 3/16
[2016.06.04-20.17.29:788][286]LogMaterial: Missing cached shader map for material steam3, compiling. 
[2016.06.04-20.17.29:791][286]LogMaterial: 0.000066 seconds spent updating 1 materials, 1 interfaces, 0 instances, 0 with static permutations.
[2016.06.04-20.17.29:821][286]LogMaterial: Missing cached shader map for material FMatExpressionPreview MaterialExpressionVectorParameter_2, compiling. 
[2016.06.04-20.17.31:049][417]MaterialEditorStats: Info Base pass shader without light map: 6 instructions
[2016.06.04-20.17.31:049][417]MaterialEditorStats: Info Vertex shader: 70 instructions
[2016.06.04-20.17.31:049][417]MaterialEditorStats: Info Texture samplers: 3/16
[2016.06.04-20.17.41:808][706]LogMaterial: Missing cached shader map for material steam3, compiling. 
[2016.06.04-20.17.41:811][706]LogMaterial: 0.000052 seconds spent updating 1 materials, 1 interfaces, 0 instances, 0 with static permutations.
[2016.06.04-20.17.41:836][706]LogMaterial: Missing cached shader map for material FMatExpressionPreview MaterialExpressionVectorParameter_2, compiling. 
[2016.06.04-20.17.43:238][853]MaterialEditorStats: Info Base pass shader without light map: 7 instructions
[2016.06.04-20.17.43:238][853]MaterialEditorStats: Info Vertex shader: 70 instructions
[2016.06.04-20.17.43:238][853]MaterialEditorStats: Info Texture samplers: 3/16
[2016.06.04-20.17.55:414][310]LogMaterial: Missing cached shader map for material steam3, compiling. 
[2016.06.04-20.17.55:417][310]LogMaterial: 0.000087 seconds spent updating 1 materials, 1 interfaces, 0 instances, 0 with static permutations.
[2016.06.04-20.17.55:443][310]LogMaterial: Missing cached shader map for material FMatExpressionPreview MaterialExpressionVectorParameter_2, compiling. 
[2016.06.04-20.17.56:818][452]MaterialEditorStats: Info Base pass shader without light map: 7 instructions
[2016.06.04-20.17.56:818][452]MaterialEditorStats: Info Vertex shader: 70 instructions
[2016.06.04-20.17.56:818][452]MaterialEditorStats: Info Texture samplers: 3/16
[2016.06.04-20.18.01:514][  5]LogMaterial: Missing cached shader map for material steam3, compiling. 
[2016.06.04-20.18.01:517][  5]LogMaterial: 0.000045 seconds spent updating 1 materials, 1 interfaces, 0 instances, 0 with static permutations.
[2016.06.04-20.18.01:545][  5]LogMaterial: Missing cached shader map for material FMatExpressionPreview MaterialExpressionVectorParameter_2, compiling. 
[2016.06.04-20.18.02:810][134]MaterialEditorStats: Info Base pass shader without light map: 7 instructions
[2016.06.04-20.18.02:810][134]MaterialEditorStats: Info Vertex shader: 70 instructions
[2016.06.04-20.18.02:810][134]MaterialEditorStats: Info Texture samplers: 3/16
[2016.06.04-20.18.13:113][363]LogMaterial: Missing cached shader map for material steam3, compiling. 
[2016.06.04-20.18.13:116][363]LogMaterial: 0.000088 seconds spent updating 1 materials, 1 interfaces, 0 instances, 0 with static permutations.
[2016.06.04-20.18.13:141][363]LogMaterial: Missing cached shader map for material FMatExpressionPreview MaterialExpressionVectorParameter_2, compiling. 
[2016.06.04-20.18.14:531][496]MaterialEditorStats: Info Base pass shader without light map: 7 instructions
[2016.06.04-20.18.14:531][496]MaterialEditorStats: Info Vertex shader: 70 instructions
[2016.06.04-20.18.14:531][496]MaterialEditorStats: Info Texture samplers: 3/16
[2016.06.04-20.18.19:023][ 26]LogMaterialEditor: Saving and Compiling material steam3
[2016.06.04-20.18.19:517][ 26]LogMaterial: Missing cached shader map for material steam3, compiling. 
[2016.06.04-20.18.19:525][ 26]LogMaterial: 0.000068 seconds spent updating 1 materials, 1 interfaces, 0 instances, 0 with static permutations.
[2016.06.04-20.18.19:548][ 26]LogMaterial: Missing cached shader map for material steam3, compiling. 
[2016.06.04-20.18.19:559][ 26]LogMaterial: Missing cached shader map for material steam3, compiling. 
[2016.06.04-20.18.19:569][ 26]LogMaterial: 0.003313 seconds spent updating 1 materials, 1 interfaces, 0 instances, 0 with static permutations.
[2016.06.04-20.18.22:686][ 26]Cmd: OBJ SAVEPACKAGE PACKAGE="/Game/RunnerAssets/Materials/steam3" FILE="../../../../../../Users/Johan/Documents/GitHub/Runner/Content/RunnerAssets/Materials/steam3.uasset" SILENT=true
[2016.06.04-20.18.22:719][ 26]LogSavePackage: Save=16.361450ms
[2016.06.04-20.18.22:719][ 26]LogSavePackage: Moving '../../../../../../Users/Johan/Documents/GitHub/Runner/Saved/steam3BBC0067F4A6F4924A747BC8E068DB839.tmp' to '../../../../../../Users/Johan/Documents/GitHub/Runner/Content/RunnerAssets/Materials/steam3.uasset'
[2016.06.04-20.18.22:722][ 26]LogSavePackage: Total save time: 34.720916ms
[2016.06.04-20.18.22:722][ 26]LogSavePackage:Display: Finished SavePackage ../../../../../../Users/Johan/Documents/GitHub/Runner/Content/RunnerAssets/Materials/steam3.uasset
[2016.06.04-20.18.22:726][ 26]MaterialEditorStats: Info Base pass shader without light map: 26 instructions
[2016.06.04-20.18.22:726][ 26]MaterialEditorStats: Info Vertex shader: 70 instructions
[2016.06.04-20.18.22:726][ 26]MaterialEditorStats: Info Texture samplers: 7/16
[2016.06.04-20.43.13:198][308]LogEditorViewport: Clicking on Actor (LMB): LightmassImportanceVolume (LightmassImportanceVolume)
[2016.06.04-20.43.14:065][361]LogEditorViewport: Clicking on Actor (LMB): fogplane_C (fogplane)
[2016.06.04-20.43.25:457][406]LogMaterial: Missing cached shader map for material steam3, compiling. 
[2016.06.04-20.43.25:460][406]LogMaterial: 0.000051 seconds spent updating 1 materials, 1 interfaces, 0 instances, 0 with static permutations.
[2016.06.04-20.43.25:484][406]LogMaterial: Missing cached shader map for material FMatExpressionPreview MaterialExpressionVectorParameter_2, compiling. 
[2016.06.04-20.43.27:252][586]MaterialEditorStats: Info Base pass shader without light map: 7 instructions
[2016.06.04-20.43.27:252][586]MaterialEditorStats: Info Vertex shader: 70 instructions
[2016.06.04-20.43.27:252][586]MaterialEditorStats: Info Texture samplers: 3/16
[2016.06.04-20.43.27:695][639]LogMaterialEditor: Saving and Compiling material steam3
[2016.06.04-20.43.28:111][639]LogMaterial: Missing cached shader map for material steam3, compiling. 
[2016.06.04-20.43.28:117][639]LogMaterial: 0.000059 seconds spent updating 1 materials, 1 interfaces, 0 instances, 0 with static permutations.
[2016.06.04-20.43.28:133][639]LogMaterial: Missing cached shader map for material steam3, compiling. 
[2016.06.04-20.43.28:140][639]LogMaterial: Missing cached shader map for material steam3, compiling. 
[2016.06.04-20.43.28:148][639]LogMaterial: 0.001809 seconds spent updating 1 materials, 1 interfaces, 0 instances, 0 with static permutations.
[2016.06.04-20.43.31:168][639]Cmd: OBJ SAVEPACKAGE PACKAGE="/Game/RunnerAssets/Materials/steam3" FILE="../../../../../../Users/Johan/Documents/GitHub/Runner/Content/RunnerAssets/Materials/steam3.uasset" SILENT=true
[2016.06.04-20.43.31:198][639]LogSavePackage: Save=13.317488ms
[2016.06.04-20.43.31:198][639]LogSavePackage: Moving '../../../../../../Users/Johan/Documents/GitHub/Runner/Saved/steam36CA288A44D057E2CABF2579CFA2FFB3E.tmp' to '../../../../../../Users/Johan/Documents/GitHub/Runner/Content/RunnerAssets/Materials/steam3.uasset'
[2016.06.04-20.43.31:202][639]LogSavePackage: Total save time: 31.883426ms
[2016.06.04-20.43.31:202][639]LogSavePackage:Display: Finished SavePackage ../../../../../../Users/Johan/Documents/GitHub/Runner/Content/RunnerAssets/Materials/steam3.uasset
[2016.06.04-20.43.31:206][639]MaterialEditorStats: Info Base pass shader without light map: 26 instructions
[2016.06.04-20.43.31:206][639]MaterialEditorStats: Info Vertex shader: 70 instructions
[2016.06.04-20.43.31:206][639]MaterialEditorStats: Info Texture samplers: 7/16
[2016.06.04-20.43.37:161][ 44]LogBlueprintUserMessages: Early PlayInEditor Detection: Level '/Game/RunnerAssets/RunnerMap.RunnerMap:PersistentLevel' has LevelScriptBlueprint '/Game/RunnerAssets/RunnerMap.RunnerMap:PersistentLevel.RunnerMap' with GeneratedClass '/Game/RunnerAssets/RunnerMap.RunnerMap_C' with ClassGeneratedBy '/Game/RunnerAssets/RunnerMap.RunnerMap:PersistentLevel.RunnerMap'
[2016.06.04-20.43.37:161][ 44]LogPlayLevel: PlayLevel: No blueprints needed recompiling
[2016.06.04-20.43.37:162][ 44]PIE: New page: PIE session: RunnerMap (Jun 5, 2016, 12:43:37 AM)
[2016.06.04-20.43.37:162][ 44]LogPlayLevel: Creating play world package: /Game/RunnerAssets/UEDPIE_0_RunnerMap
[2016.06.04-20.43.37:202][ 44]LogPlayLevel: PIE: StaticDuplicateObject took: (0.039663s)
[2016.06.04-20.43.37:203][ 44]LogAIModule: Creating AISystem for world RunnerMap
[2016.06.04-20.43.37:203][ 44]LogPlayLevel: PIE: World Init took: (0.001313s)
[2016.06.04-20.43.37:204][ 44]LogPlayLevel: PIE: Created PIE world by copying editor world from /Game/RunnerAssets/RunnerMap.RunnerMap to /Game/RunnerAssets/UEDPIE_0_RunnerMap.RunnerMap (0.041505s)
[2016.06.04-20.43.37:288][ 44]LogInit: XAudio2 using 'Speakers (USB Sound Device        )' : 2 channels at 44.1 kHz using 16 bits per sample (channel mask 0x3)
[2016.06.04-20.43.37:294][ 44]LogInit: FAudioDevice initialized.
[2016.06.04-20.43.37:389][ 44]LogLinker:Warning: Can't find file '/Game/SideScrollerBP/Blueprints/SideScrollerGameMode'
[2016.06.04-20.43.37:389][ 44]LogLinker:Warning: Can't find file '/Game/SideScrollerBP/Blueprints/SideScrollerGameMode'
[2016.06.04-20.43.37:389][ 44]LogUObjectGlobals:Warning: Failed to find object 'Class /Game/SideScrollerBP/Blueprints/SideScrollerGameMode.SideScrollerGameMode_C'
[2016.06.04-20.43.37:389][ 44]LogWorld: Game class is 'GameMode'
[2016.06.04-20.43.37:397][ 44]LogWorld: Bringing World /Game/RunnerAssets/UEDPIE_0_RunnerMap.RunnerMap up for play (max tick rate 0) at 2016.06.04-22.43.37
[2016.06.04-20.43.37:398][ 44]LogActor:Warning: GameSession /Game/RunnerAssets/UEDPIE_0_RunnerMap.RunnerMap:PersistentLevel.GameSession_0 has natively added scene component(s), but none of them were set as the actor's RootComponent - picking one arbitrarily
[2016.06.04-20.43.37:398][ 44]LogActor:Warning: GameNetworkManager /Game/RunnerAssets/UEDPIE_0_RunnerMap.RunnerMap:PersistentLevel.GameNetworkManager_0 has natively added scene component(s), but none of them were set as the actor's RootComponent - picking one arbitrarily
[2016.06.04-20.43.37:398][ 44]LogWorld: Bringing up level for play took: 0.007885
[2016.06.04-20.43.37:399][ 44]LogGameMode: Warning - PATHS NOT DEFINED or NO PLAYERSTART with positive rating
[2016.06.04-20.43.37:421][ 44]PIE: Info Play in editor start time for /Game/RunnerAssets/UEDPIE_0_RunnerMap -0.737
[2016.06.04-20.43.37:421][ 44]LogBlueprintUserMessages: Late PlayInEditor Detection: Level '/Game/RunnerAssets/RunnerMap.RunnerMap:PersistentLevel' has LevelScriptBlueprint '/Game/RunnerAssets/RunnerMap.RunnerMap:PersistentLevel.RunnerMap' with GeneratedClass '/Game/RunnerAssets/RunnerMap.RunnerMap_C' with ClassGeneratedBy '/Game/RunnerAssets/RunnerMap.RunnerMap:PersistentLevel.RunnerMap'
[2016.06.04-20.43.37:477][ 45]LogRenderer: Reallocating scene render targets to support 1280x720 (Frame:175812).
[2016.06.04-20.43.38:778][106]LogBlueprintUserMessages: Early EndPlayMap Detection: Level '/Game/RunnerAssets/RunnerMap.RunnerMap:PersistentLevel' has LevelScriptBlueprint '/Game/RunnerAssets/RunnerMap.RunnerMap:PersistentLevel.RunnerMap' with GeneratedClass '/Game/RunnerAssets/RunnerMap.RunnerMap_C' with ClassGeneratedBy '/Game/RunnerAssets/RunnerMap.RunnerMap:PersistentLevel.RunnerMap'
[2016.06.04-20.43.38:841][106]LogBlueprintUserMessages: Late EndPlayMap Detection: Level '/Game/RunnerAssets/RunnerMap.RunnerMap:PersistentLevel' has LevelScriptBlueprint '/Game/RunnerAssets/RunnerMap.RunnerMap:PersistentLevel.RunnerMap' with GeneratedClass '/Game/RunnerAssets/RunnerMap.RunnerMap_C' with ClassGeneratedBy '/Game/RunnerAssets/RunnerMap.RunnerMap:PersistentLevel.RunnerMap'
[2016.06.04-20.43.38:861][106]LogParticles: Destroying 0 GPU particle simulations for FXSystem 0x000002895A44C540
[2016.06.04-20.45.31:948][656]LogBlueprintUserMessages: Early PlayInEditor Detection: Level '/Game/RunnerAssets/RunnerMap.RunnerMap:PersistentLevel' has LevelScriptBlueprint '/Game/RunnerAssets/RunnerMap.RunnerMap:PersistentLevel.RunnerMap' with GeneratedClass '/Game/RunnerAssets/RunnerMap.RunnerMap_C' with ClassGeneratedBy '/Game/RunnerAssets/RunnerMap.RunnerMap:PersistentLevel.RunnerMap'
[2016.06.04-20.45.31:948][656]LogPlayLevel: PlayLevel: No blueprints needed recompiling
[2016.06.04-20.45.31:948][656]PIE: New page: PIE session: RunnerMap (Jun 5, 2016, 12:45:31 AM)
[2016.06.04-20.45.31:948][656]LogPlayLevel: Creating play world package: /Game/RunnerAssets/UEDPIE_0_RunnerMap
[2016.06.04-20.45.31:985][656]LogPlayLevel: PIE: StaticDuplicateObject took: (0.036967s)
[2016.06.04-20.45.31:986][656]LogAIModule: Creating AISystem for world RunnerMap
[2016.06.04-20.45.31:986][656]LogPlayLevel: PIE: World Init took: (0.001224s)
[2016.06.04-20.45.31:987][656]LogPlayLevel: PIE: Created PIE world by copying editor world from /Game/RunnerAssets/RunnerMap.RunnerMap to /Game/RunnerAssets/UEDPIE_0_RunnerMap.RunnerMap (0.038551s)
[2016.06.04-20.45.32:010][656]LogInit: XAudio2 using 'Speakers (USB Sound Device        )' : 2 channels at 44.1 kHz using 16 bits per sample (channel mask 0x3)
[2016.06.04-20.45.32:016][656]LogInit: FAudioDevice initialized.
[2016.06.04-20.45.32:089][656]LogLinker:Warning: Can't find file '/Game/SideScrollerBP/Blueprints/SideScrollerGameMode'
[2016.06.04-20.45.32:089][656]LogLinker:Warning: Can't find file '/Game/SideScrollerBP/Blueprints/SideScrollerGameMode'
[2016.06.04-20.45.32:089][656]LogUObjectGlobals:Warning: Failed to find object 'Class /Game/SideScrollerBP/Blueprints/SideScrollerGameMode.SideScrollerGameMode_C'
[2016.06.04-20.45.32:089][656]LogWorld: Game class is 'GameMode'
[2016.06.04-20.45.32:097][656]LogWorld: Bringing World /Game/RunnerAssets/UEDPIE_0_RunnerMap.RunnerMap up for play (max tick rate 0) at 2016.06.04-22.45.32
[2016.06.04-20.45.32:097][656]LogActor:Warning: GameSession /Game/RunnerAssets/UEDPIE_0_RunnerMap.RunnerMap:PersistentLevel.GameSession_1 has natively added scene component(s), but none of them were set as the actor's RootComponent - picking one arbitrarily
[2016.06.04-20.45.32:098][656]LogActor:Warning: GameNetworkManager /Game/RunnerAssets/UEDPIE_0_RunnerMap.RunnerMap:PersistentLevel.GameNetworkManager_1 has natively added scene component(s), but none of them were set as the actor's RootComponent - picking one arbitrarily
[2016.06.04-20.45.32:098][656]LogWorld: Bringing up level for play took: 0.007501
[2016.06.04-20.45.32:099][656]LogGameMode: Warning - PATHS NOT DEFINED or NO PLAYERSTART with positive rating
[2016.06.04-20.45.32:118][656]PIE: Info Play in editor start time for /Game/RunnerAssets/UEDPIE_0_RunnerMap -0.04
[2016.06.04-20.45.32:118][656]LogBlueprintUserMessages: Late PlayInEditor Detection: Level '/Game/RunnerAssets/RunnerMap.RunnerMap:PersistentLevel' has LevelScriptBlueprint '/Game/RunnerAssets/RunnerMap.RunnerMap:PersistentLevel.RunnerMap' with GeneratedClass '/Game/RunnerAssets/RunnerMap.RunnerMap_C' with ClassGeneratedBy '/Game/RunnerAssets/RunnerMap.RunnerMap:PersistentLevel.RunnerMap'
[2016.06.04-20.45.45:337][245]LogBlueprintUserMessages: Early EndPlayMap Detection: Level '/Game/RunnerAssets/RunnerMap.RunnerMap:PersistentLevel' has LevelScriptBlueprint '/Game/RunnerAssets/RunnerMap.RunnerMap:PersistentLevel.RunnerMap' with GeneratedClass '/Game/RunnerAssets/RunnerMap.RunnerMap_C' with ClassGeneratedBy '/Game/RunnerAssets/RunnerMap.RunnerMap:PersistentLevel.RunnerMap'
[2016.06.04-20.45.45:402][245]LogBlueprintUserMessages: Late EndPlayMap Detection: Level '/Game/RunnerAssets/RunnerMap.RunnerMap:PersistentLevel' has LevelScriptBlueprint '/Game/RunnerAssets/RunnerMap.RunnerMap:PersistentLevel.RunnerMap' with GeneratedClass '/Game/RunnerAssets/RunnerMap.RunnerMap_C' with ClassGeneratedBy '/Game/RunnerAssets/RunnerMap.RunnerMap:PersistentLevel.RunnerMap'
[2016.06.04-20.45.45:456][246]LogParticles: Destroying 0 GPU particle simulations for FXSystem 0x000002895A44E480
[2016.06.04-20.46.09:611][685]LogBlueprintUserMessages: Early PlayInEditor Detection: Level '/Game/RunnerAssets/RunnerMap.RunnerMap:PersistentLevel' has LevelScriptBlueprint '/Game/RunnerAssets/RunnerMap.RunnerMap:PersistentLevel.RunnerMap' with GeneratedClass '/Game/RunnerAssets/RunnerMap.RunnerMap_C' with ClassGeneratedBy '/Game/RunnerAssets/RunnerMap.RunnerMap:PersistentLevel.RunnerMap'
[2016.06.04-20.46.09:611][685]LogPlayLevel: PlayLevel: No blueprints needed recompiling
[2016.06.04-20.46.09:611][685]PIE: New page: PIE session: RunnerMap (Jun 5, 2016, 12:46:09 AM)
[2016.06.04-20.46.09:611][685]LogPlayLevel: Creating play world package: /Game/RunnerAssets/UEDPIE_0_RunnerMap
[2016.06.04-20.46.09:647][685]LogPlayLevel: PIE: StaticDuplicateObject took: (0.035289s)
[2016.06.04-20.46.09:648][685]LogAIModule: Creating AISystem for world RunnerMap
[2016.06.04-20.46.09:648][685]LogPlayLevel: PIE: World Init took: (0.001093s)
[2016.06.04-20.46.09:648][685]LogPlayLevel: PIE: Created PIE world by copying editor world from /Game/RunnerAssets/RunnerMap.RunnerMap to /Game/RunnerAssets/UEDPIE_0_RunnerMap.RunnerMap (0.036743s)
[2016.06.04-20.46.09:673][685]LogInit: XAudio2 using 'Speakers (USB Sound Device        )' : 2 channels at 44.1 kHz using 16 bits per sample (channel mask 0x3)
[2016.06.04-20.46.09:679][685]LogInit: FAudioDevice initialized.
[2016.06.04-20.46.09:756][685]LogLinker:Warning: Can't find file '/Game/SideScrollerBP/Blueprints/SideScrollerGameMode'
[2016.06.04-20.46.09:756][685]LogLinker:Warning: Can't find file '/Game/SideScrollerBP/Blueprints/SideScrollerGameMode'
[2016.06.04-20.46.09:756][685]LogUObjectGlobals:Warning: Failed to find object 'Class /Game/SideScrollerBP/Blueprints/SideScrollerGameMode.SideScrollerGameMode_C'
[2016.06.04-20.46.09:756][685]LogWorld: Game class is 'GameMode'
[2016.06.04-20.46.09:764][685]LogWorld: Bringing World /Game/RunnerAssets/UEDPIE_0_RunnerMap.RunnerMap up for play (max tick rate 0) at 2016.06.04-22.46.09
[2016.06.04-20.46.09:764][685]LogActor:Warning: GameSession /Game/RunnerAssets/UEDPIE_0_RunnerMap.RunnerMap:PersistentLevel.GameSession_2 has natively added scene component(s), but none of them were set as the actor's RootComponent - picking one arbitrarily
[2016.06.04-20.46.09:765][685]LogActor:Warning: GameNetworkManager /Game/RunnerAssets/UEDPIE_0_RunnerMap.RunnerMap:PersistentLevel.GameNetworkManager_2 has natively added scene component(s), but none of them were set as the actor's RootComponent - picking one arbitrarily
[2016.06.04-20.46.09:765][685]LogWorld: Bringing up level for play took: 0.008116
[2016.06.04-20.46.09:766][685]LogGameMode: Warning - PATHS NOT DEFINED or NO PLAYERSTART with positive rating
[2016.06.04-20.46.09:788][685]PIE: Info Play in editor start time for /Game/RunnerAssets/UEDPIE_0_RunnerMap -0.37
[2016.06.04-20.46.09:789][685]LogBlueprintUserMessages: Late PlayInEditor Detection: Level '/Game/RunnerAssets/RunnerMap.RunnerMap:PersistentLevel' has LevelScriptBlueprint '/Game/RunnerAssets/RunnerMap.RunnerMap:PersistentLevel.RunnerMap' with GeneratedClass '/Game/RunnerAssets/RunnerMap.RunnerMap_C' with ClassGeneratedBy '/Game/RunnerAssets/RunnerMap.RunnerMap:PersistentLevel.RunnerMap'
[2016.06.04-20.46.23:656][314]LogBlueprintUserMessages: Early EndPlayMap Detection: Level '/Game/RunnerAssets/RunnerMap.RunnerMap:PersistentLevel' has LevelScriptBlueprint '/Game/RunnerAssets/RunnerMap.RunnerMap:PersistentLevel.RunnerMap' with GeneratedClass '/Game/RunnerAssets/RunnerMap.RunnerMap_C' with ClassGeneratedBy '/Game/RunnerAssets/RunnerMap.RunnerMap:PersistentLevel.RunnerMap'
[2016.06.04-20.46.23:729][314]LogBlueprintUserMessages: Late EndPlayMap Detection: Level '/Game/RunnerAssets/RunnerMap.RunnerMap:PersistentLevel' has LevelScriptBlueprint '/Game/RunnerAssets/RunnerMap.RunnerMap:PersistentLevel.RunnerMap' with GeneratedClass '/Game/RunnerAssets/RunnerMap.RunnerMap_C' with ClassGeneratedBy '/Game/RunnerAssets/RunnerMap.RunnerMap:PersistentLevel.RunnerMap'
[2016.06.04-20.46.23:759][314]LogParticles: Destroying 0 GPU particle simulations for FXSystem 0x00000289760D8180
[2016.06.04-20.46.29:920][805]LogMaterial: Missing cached shader map for material steam3, compiling. 
[2016.06.04-20.46.29:924][805]LogMaterial: 0.000075 seconds spent updating 1 materials, 1 interfaces, 0 instances, 0 with static permutations.
[2016.06.04-20.46.29:948][805]LogMaterial: Missing cached shader map for material FMatExpressionPreview MaterialExpressionVectorParameter_2, compiling. 
[2016.06.04-20.46.31:719][987]MaterialEditorStats: Info Base pass shader without light map: 7 instructions
[2016.06.04-20.46.31:719][987]MaterialEditorStats: Info Vertex shader: 70 instructions
[2016.06.04-20.46.31:719][987]MaterialEditorStats: Info Texture samplers: 3/16
[2016.06.04-20.46.34:124][275]LogMaterialEditor: Saving and Compiling material steam3
[2016.06.04-20.46.34:493][275]LogMaterial: Missing cached shader map for material steam3, compiling. 
[2016.06.04-20.46.34:499][275]LogMaterial: 0.000049 seconds spent updating 1 materials, 1 interfaces, 0 instances, 0 with static permutations.
[2016.06.04-20.46.34:526][275]LogMaterial: Missing cached shader map for material steam3, compiling. 
[2016.06.04-20.46.34:539][275]LogMaterial: Missing cached shader map for material steam3, compiling. 
[2016.06.04-20.46.34:549][275]LogMaterial: 0.002937 seconds spent updating 1 materials, 1 interfaces, 0 instances, 0 with static permutations.
[2016.06.04-20.46.37:425][275]Cmd: OBJ SAVEPACKAGE PACKAGE="/Game/RunnerAssets/Materials/steam3" FILE="../../../../../../Users/Johan/Documents/GitHub/Runner/Content/RunnerAssets/Materials/steam3.uasset" SILENT=true
[2016.06.04-20.46.37:445][275]LogSavePackage: Save=11.640954ms
[2016.06.04-20.46.37:445][275]LogSavePackage: Moving '../../../../../../Users/Johan/Documents/GitHub/Runner/Saved/steam37E2DA6FB40A1BAFEA6C9B2A0921B3181.tmp' to '../../../../../../Users/Johan/Documents/GitHub/Runner/Content/RunnerAssets/Materials/steam3.uasset'
[2016.06.04-20.46.37:448][275]LogSavePackage: Total save time: 22.293918ms
[2016.06.04-20.46.37:448][275]LogSavePackage:Display: Finished SavePackage ../../../../../../Users/Johan/Documents/GitHub/Runner/Content/RunnerAssets/Materials/steam3.uasset
[2016.06.04-20.46.37:452][275]MaterialEditorStats: Info Base pass shader without light map: 26 instructions
[2016.06.04-20.46.37:452][275]MaterialEditorStats: Info Vertex shader: 70 instructions
[2016.06.04-20.46.37:452][275]MaterialEditorStats: Info Texture samplers: 7/16
[2016.06.04-20.46.43:187][608]LogEditorViewport: Clicking on Actor (LMB): fogplane_C (fogplane)
[2016.06.04-20.46.46:753][784]LogEditorViewport: Clicking on Actor (LMB): fogplane_C (fogplane)
[2016.06.04-20.46.47:755][840]LogEditorViewport: Clicking Background
[2016.06.04-20.46.48:328][873]LogEditorViewport: Clicking on Actor (LMB): fogplane_C (fogplane)
[2016.06.04-20.47.26:032][320]LogActorComponent: UnregisterComponent: (/Engine/Transient.CharMoveComp) Not registered. Aborting.
[2016.06.04-20.47.26:327][320]LogSavePackage: Save=235.653854ms
[2016.06.04-20.47.26:327][320]LogSavePackage: Moving '../../../../../../Users/Johan/Documents/GitHub/Runner/Saved/RunnerMap_Auto1A2D8295847C3AB93EE9CF78FC37EFF66.tmp' to '../../../../../../Users/Johan/Documents/GitHub/Runner/Saved/Autosaves/Game/RunnerAssets/RunnerMap_Auto1.umap'
[2016.06.04-20.47.26:329][320]LogSavePackage: Total save time: 276.820697ms
[2016.06.04-20.47.26:329][320]LogSavePackage:Display: Finished SavePackage ../../../../../../Users/Johan/Documents/GitHub/Runner/Saved/Autosaves/Game/RunnerAssets/RunnerMap_Auto1.umap
[2016.06.04-20.47.26:331][320]LogFileHelpers: Editor autosave (incl. sublevels) for '/Game/RunnerAssets/RunnerMap' took 0.299
[2016.06.04-20.47.26:331][320]LogFileHelpers: Editor autosave (incl. sublevels) for all levels took 0.299
[2016.06.04-20.47.36:512][632]LogLinker:Warning: Asset '../../../Engine/Content/ArtTools/RenderToTexture/Macros/RenderToTextureMacros.uasset' has been saved with empty engine version. The asset will be loaded but may be incompatible.
[2016.06.04-20.47.36:920][632]LogContentBrowser: Native class hierarchy updated for 'BlueprintGraph' in 0.0008 seconds. Added 107 classes and 0 folders.
[2016.06.04-20.47.41:914][114]LogRenderer: Reallocating scene render targets to support 1280x800 (Frame:192304).
[2016.06.04-20.48.08:442][557]LogTexture:Display: Building textures: BG_Scrolling01 (AutoDXT)
[2016.06.04-20.48.18:587][506]LogBlueprintUserMessages: Early PlayInEditor Detection: Level '/Game/RunnerAssets/RunnerMap.RunnerMap:PersistentLevel' has LevelScriptBlueprint '/Game/RunnerAssets/RunnerMap.RunnerMap:PersistentLevel.RunnerMap' with GeneratedClass '/Game/RunnerAssets/RunnerMap.RunnerMap_C' with ClassGeneratedBy '/Game/RunnerAssets/RunnerMap.RunnerMap:PersistentLevel.RunnerMap'
[2016.06.04-20.48.18:587][506]BlueprintLog: New page: Pre-Play auto-recompile
[2016.06.04-20.48.18:592][506]LogPlayLevel: [PlayLevel] Compiling fogplane before play...
[2016.06.04-20.48.18:665][506]LogPlayLevel: PlayLevel: Blueprint regeneration took 77 ms (1 blueprints)
[2016.06.04-20.48.18:710][506]PIE: New page: PIE session: RunnerMap (Jun 5, 2016, 12:48:18 AM)
[2016.06.04-20.48.18:710][506]LogPlayLevel: Creating play world package: /Game/RunnerAssets/UEDPIE_0_RunnerMap
[2016.06.04-20.48.18:747][506]LogPlayLevel: PIE: StaticDuplicateObject took: (0.037488s)
[2016.06.04-20.48.18:748][506]LogAIModule: Creating AISystem for world RunnerMap
[2016.06.04-20.48.18:748][506]LogPlayLevel: PIE: World Init took: (0.001200s)
[2016.06.04-20.48.18:749][506]LogPlayLevel: PIE: Created PIE world by copying editor world from /Game/RunnerAssets/RunnerMap.RunnerMap to /Game/RunnerAssets/UEDPIE_0_RunnerMap.RunnerMap (0.039038s)
[2016.06.04-20.48.18:784][506]LogInit: XAudio2 using 'Speakers (USB Sound Device        )' : 2 channels at 44.1 kHz using 16 bits per sample (channel mask 0x3)
[2016.06.04-20.48.18:791][506]LogInit: FAudioDevice initialized.
[2016.06.04-20.48.18:865][506]LogLinker:Warning: Can't find file '/Game/SideScrollerBP/Blueprints/SideScrollerGameMode'
[2016.06.04-20.48.18:865][506]LogLinker:Warning: Can't find file '/Game/SideScrollerBP/Blueprints/SideScrollerGameMode'
[2016.06.04-20.48.18:865][506]LogUObjectGlobals:Warning: Failed to find object 'Class /Game/SideScrollerBP/Blueprints/SideScrollerGameMode.SideScrollerGameMode_C'
[2016.06.04-20.48.18:865][506]LogWorld: Game class is 'GameMode'
[2016.06.04-20.48.18:874][506]LogWorld: Bringing World /Game/RunnerAssets/UEDPIE_0_RunnerMap.RunnerMap up for play (max tick rate 0) at 2016.06.04-22.48.18
[2016.06.04-20.48.18:874][506]LogActor:Warning: GameSession /Game/RunnerAssets/UEDPIE_0_RunnerMap.RunnerMap:PersistentLevel.GameSession_3 has natively added scene component(s), but none of them were set as the actor's RootComponent - picking one arbitrarily
[2016.06.04-20.48.18:874][506]LogActor:Warning: GameNetworkManager /Game/RunnerAssets/UEDPIE_0_RunnerMap.RunnerMap:PersistentLevel.GameNetworkManager_3 has natively added scene component(s), but none of them were set as the actor's RootComponent - picking one arbitrarily
[2016.06.04-20.48.18:875][506]LogWorld: Bringing up level for play took: 0.008452
[2016.06.04-20.48.18:876][506]LogGameMode: Warning - PATHS NOT DEFINED or NO PLAYERSTART with positive rating
[2016.06.04-20.48.18:890][506]PIE: Info Play in editor start time for /Game/RunnerAssets/UEDPIE_0_RunnerMap 0.732
[2016.06.04-20.48.18:891][506]LogBlueprintUserMessages: Late PlayInEditor Detection: Level '/Game/RunnerAssets/RunnerMap.RunnerMap:PersistentLevel' has LevelScriptBlueprint '/Game/RunnerAssets/RunnerMap.RunnerMap:PersistentLevel.RunnerMap' with GeneratedClass '/Game/RunnerAssets/RunnerMap.RunnerMap_C' with ClassGeneratedBy '/Game/RunnerAssets/RunnerMap.RunnerMap:PersistentLevel.RunnerMap'
[2016.06.04-20.48.23:083][734]LogBlueprintUserMessages: Early EndPlayMap Detection: Level '/Game/RunnerAssets/RunnerMap.RunnerMap:PersistentLevel' has LevelScriptBlueprint '/Game/RunnerAssets/RunnerMap.RunnerMap:PersistentLevel.RunnerMap' with GeneratedClass '/Game/RunnerAssets/RunnerMap.RunnerMap_C' with ClassGeneratedBy '/Game/RunnerAssets/RunnerMap.RunnerMap:PersistentLevel.RunnerMap'
[2016.06.04-20.48.23:145][734]LogBlueprintUserMessages: Late EndPlayMap Detection: Level '/Game/RunnerAssets/RunnerMap.RunnerMap:PersistentLevel' has LevelScriptBlueprint '/Game/RunnerAssets/RunnerMap.RunnerMap:PersistentLevel.RunnerMap' with GeneratedClass '/Game/RunnerAssets/RunnerMap.RunnerMap_C' with ClassGeneratedBy '/Game/RunnerAssets/RunnerMap.RunnerMap:PersistentLevel.RunnerMap'
[2016.06.04-20.48.23:223][735]LogParticles: Destroying 0 GPU particle simulations for FXSystem 0x000002890EA00180
[2016.06.04-20.48.38:271][478]LogMaterial: Missing cached shader map for material steam3, compiling. 
[2016.06.04-20.48.38:274][478]LogMaterial: 0.000099 seconds spent updating 1 materials, 1 interfaces, 0 instances, 0 with static permutations.
[2016.06.04-20.48.38:302][478]LogMaterial: Missing cached shader map for material FMatExpressionPreview MaterialExpressionVectorParameter_2, compiling. 
[2016.06.04-20.48.40:174][663]MaterialEditorStats: Info Base pass shader without light map: 7 instructions
[2016.06.04-20.48.40:174][663]MaterialEditorStats: Info Vertex shader: 70 instructions
[2016.06.04-20.48.40:174][663]MaterialEditorStats: Info Texture samplers: 3/16
[2016.06.04-20.48.42:604][954]LogMaterialEditor: Saving and Compiling material steam3
[2016.06.04-20.48.43:047][954]LogMaterial: Missing cached shader map for material steam3, compiling. 
[2016.06.04-20.48.43:054][954]LogMaterial: 0.000093 seconds spent updating 1 materials, 1 interfaces, 0 instances, 0 with static permutations.
[2016.06.04-20.48.43:090][954]LogMaterial: Missing cached shader map for material steam3, compiling. 
[2016.06.04-20.48.43:103][954]LogMaterial: Missing cached shader map for material steam3, compiling. 
[2016.06.04-20.48.43:118][954]LogMaterial: 0.003753 seconds spent updating 1 materials, 1 interfaces, 0 instances, 0 with static permutations.
[2016.06.04-20.48.46:101][954]Cmd: OBJ SAVEPACKAGE PACKAGE="/Game/RunnerAssets/Materials/steam3" FILE="../../../../../../Users/Johan/Documents/GitHub/Runner/Content/RunnerAssets/Materials/steam3.uasset" SILENT=true
[2016.06.04-20.48.46:131][954]LogSavePackage: Save=17.039732ms
[2016.06.04-20.48.46:131][954]LogSavePackage: Moving '../../../../../../Users/Johan/Documents/GitHub/Runner/Saved/steam34C1169C340ACC11BBE930B9DD6C6C00E.tmp' to '../../../../../../Users/Johan/Documents/GitHub/Runner/Content/RunnerAssets/Materials/steam3.uasset'
[2016.06.04-20.48.46:135][954]LogSavePackage: Total save time: 32.668568ms
[2016.06.04-20.48.46:135][954]LogSavePackage:Display: Finished SavePackage ../../../../../../Users/Johan/Documents/GitHub/Runner/Content/RunnerAssets/Materials/steam3.uasset
[2016.06.04-20.48.46:139][954]MaterialEditorStats: Info Base pass shader without light map: 26 instructions
[2016.06.04-20.48.46:139][954]MaterialEditorStats: Info Vertex shader: 70 instructions
[2016.06.04-20.48.46:139][954]MaterialEditorStats: Info Texture samplers: 7/16
[2016.06.04-20.48.47:852][ 89]LogBlueprintUserMessages: Early PlayInEditor Detection: Level '/Game/RunnerAssets/RunnerMap.RunnerMap:PersistentLevel' has LevelScriptBlueprint '/Game/RunnerAssets/RunnerMap.RunnerMap:PersistentLevel.RunnerMap' with GeneratedClass '/Game/RunnerAssets/RunnerMap.RunnerMap_C' with ClassGeneratedBy '/Game/RunnerAssets/RunnerMap.RunnerMap:PersistentLevel.RunnerMap'
[2016.06.04-20.48.47:852][ 89]LogPlayLevel: PlayLevel: No blueprints needed recompiling
[2016.06.04-20.48.47:852][ 89]PIE: New page: PIE session: RunnerMap (Jun 5, 2016, 12:48:47 AM)
[2016.06.04-20.48.47:852][ 89]LogPlayLevel: Creating play world package: /Game/RunnerAssets/UEDPIE_0_RunnerMap
[2016.06.04-20.48.47:890][ 89]LogPlayLevel: PIE: StaticDuplicateObject took: (0.037462s)
[2016.06.04-20.48.47:891][ 89]LogAIModule: Creating AISystem for world RunnerMap
[2016.06.04-20.48.47:891][ 89]LogPlayLevel: PIE: World Init took: (0.001098s)
[2016.06.04-20.48.47:891][ 89]LogPlayLevel: PIE: Created PIE world by copying editor world from /Game/RunnerAssets/RunnerMap.RunnerMap to /Game/RunnerAssets/UEDPIE_0_RunnerMap.RunnerMap (0.038878s)
[2016.06.04-20.48.47:924][ 89]LogInit: XAudio2 using 'Speakers (USB Sound Device        )' : 2 channels at 44.1 kHz using 16 bits per sample (channel mask 0x3)
[2016.06.04-20.48.47:929][ 89]LogInit: FAudioDevice initialized.
[2016.06.04-20.48.48:006][ 89]LogLinker:Warning: Can't find file '/Game/SideScrollerBP/Blueprints/SideScrollerGameMode'
[2016.06.04-20.48.48:006][ 89]LogLinker:Warning: Can't find file '/Game/SideScrollerBP/Blueprints/SideScrollerGameMode'
[2016.06.04-20.48.48:007][ 89]LogUObjectGlobals:Warning: Failed to find object 'Class /Game/SideScrollerBP/Blueprints/SideScrollerGameMode.SideScrollerGameMode_C'
[2016.06.04-20.48.48:007][ 89]LogWorld: Game class is 'GameMode'
[2016.06.04-20.48.48:015][ 89]LogWorld: Bringing World /Game/RunnerAssets/UEDPIE_0_RunnerMap.RunnerMap up for play (max tick rate 0) at 2016.06.04-22.48.48
[2016.06.04-20.48.48:015][ 89]LogActor:Warning: GameSession /Game/RunnerAssets/UEDPIE_0_RunnerMap.RunnerMap:PersistentLevel.GameSession_4 has natively added scene component(s), but none of them were set as the actor's RootComponent - picking one arbitrarily
[2016.06.04-20.48.48:015][ 89]LogActor:Warning: GameNetworkManager /Game/RunnerAssets/UEDPIE_0_RunnerMap.RunnerMap:PersistentLevel.GameNetworkManager_4 has natively added scene component(s), but none of them were set as the actor's RootComponent - picking one arbitrarily
[2016.06.04-20.48.48:016][ 89]LogWorld: Bringing up level for play took: 0.008360
[2016.06.04-20.48.48:017][ 89]LogGameMode: Warning - PATHS NOT DEFINED or NO PLAYERSTART with positive rating
[2016.06.04-20.48.48:040][ 89]PIE: Info Play in editor start time for /Game/RunnerAssets/UEDPIE_0_RunnerMap -0.118
[2016.06.04-20.48.48:040][ 89]LogBlueprintUserMessages: Late PlayInEditor Detection: Level '/Game/RunnerAssets/RunnerMap.RunnerMap:PersistentLevel' has LevelScriptBlueprint '/Game/RunnerAssets/RunnerMap.RunnerMap:PersistentLevel.RunnerMap' with GeneratedClass '/Game/RunnerAssets/RunnerMap.RunnerMap_C' with ClassGeneratedBy '/Game/RunnerAssets/RunnerMap.RunnerMap:PersistentLevel.RunnerMap'
[2016.06.04-20.48.59:772][634]LogBlueprintUserMessages: Early EndPlayMap Detection: Level '/Game/RunnerAssets/RunnerMap.RunnerMap:PersistentLevel' has LevelScriptBlueprint '/Game/RunnerAssets/RunnerMap.RunnerMap:PersistentLevel.RunnerMap' with GeneratedClass '/Game/RunnerAssets/RunnerMap.RunnerMap_C' with ClassGeneratedBy '/Game/RunnerAssets/RunnerMap.RunnerMap:PersistentLevel.RunnerMap'
[2016.06.04-20.48.59:849][634]LogBlueprintUserMessages: Late EndPlayMap Detection: Level '/Game/RunnerAssets/RunnerMap.RunnerMap:PersistentLevel' has LevelScriptBlueprint '/Game/RunnerAssets/RunnerMap.RunnerMap:PersistentLevel.RunnerMap' with GeneratedClass '/Game/RunnerAssets/RunnerMap.RunnerMap_C' with ClassGeneratedBy '/Game/RunnerAssets/RunnerMap.RunnerMap:PersistentLevel.RunnerMap'
[2016.06.04-20.48.59:929][635]LogParticles: Destroying 0 GPU particle simulations for FXSystem 0x00000289760DAC00
[2016.06.04-20.49.05:496][ 77]LogMetaData: Removing '/Game/RunnerAssets/Blueprints/fogplane.fogplane_C' ref from Metadata '/Game/RunnerAssets/Blueprints/Props/fogplane.PackageMetaData'
[2016.06.04-20.49.05:496][ 77]LogMetaData: Removing '/Game/RunnerAssets/Blueprints/fogplane.SKEL_fogplane_C' ref from Metadata '/Game/RunnerAssets/Blueprints/Props/fogplane.PackageMetaData'
[2016.06.04-20.49.05:533][ 77]Cmd: OBJ SAVEPACKAGE PACKAGE="/Game/RunnerAssets/Blueprints/fogplane" FILE="../../../../../../Users/Johan/Documents/GitHub/Runner/Content/RunnerAssets/Blueprints/fogplane.uasset" SILENT=true
[2016.06.04-20.49.05:564][ 77]LogSavePackage: Save=29.409376ms
[2016.06.04-20.49.05:564][ 77]LogSavePackage: Moving '../../../../../../Users/Johan/Documents/GitHub/Runner/Saved/fogplane15E70FA14AB4CCD403286CBC93D7CB9D.tmp' to '../../../../../../Users/Johan/Documents/GitHub/Runner/Content/RunnerAssets/Blueprints/fogplane.uasset'
[2016.06.04-20.49.05:566][ 77]LogSavePackage: Total save time: 32.209739ms
[2016.06.04-20.49.05:566][ 77]LogSavePackage:Display: Finished SavePackage ../../../../../../Users/Johan/Documents/GitHub/Runner/Content/RunnerAssets/Blueprints/fogplane.uasset
[2016.06.04-20.49.05:575][ 77]Cmd: OBJ SAVEPACKAGE PACKAGE="/Game/RunnerAssets/Blueprints/Props/fogplane" FILE="../../../../../../Users/Johan/Documents/GitHub/Runner/Content/RunnerAssets/Blueprints/Props/fogplane.uasset" SILENT=true
[2016.06.04-20.49.05:586][ 77]LogSavePackage: Save=2.441449ms
[2016.06.04-20.49.05:586][ 77]LogSavePackage: Moving '../../../../../../Users/Johan/Documents/GitHub/Runner/Saved/fogplane9271FC7B468EC7443DB819AA5982F934.tmp' to '../../../../../../Users/Johan/Documents/GitHub/Runner/Content/RunnerAssets/Blueprints/Props/fogplane.uasset'
[2016.06.04-20.49.05:589][ 77]LogSavePackage: Total save time: 12.211170ms
[2016.06.04-20.49.05:589][ 77]LogSavePackage:Display: Finished SavePackage ../../../../../../Users/Johan/Documents/GitHub/Runner/Content/RunnerAssets/Blueprints/Props/fogplane.uasset
[2016.06.04-20.49.54:317][811]LogActorComponent: UnregisterComponent: (/Engine/Transient.CharMoveComp) Not registered. Aborting.
[2016.06.04-20.49.54:356][811]LogMetaData: Removing '/Game/RunnerAssets/fogplane.fogplane_C' ref from Metadata '/Game/RunnerAssets/Blueprints/fogplane.PackageMetaData'
[2016.06.04-20.49.54:356][811]LogMetaData: Removing '/Game/RunnerAssets/fogplane.SKEL_fogplane_C' ref from Metadata '/Game/RunnerAssets/Blueprints/fogplane.PackageMetaData'
[2016.06.04-20.49.54:390][811]Cmd: OBJ SAVEPACKAGE PACKAGE="/Game/RunnerAssets/fogplane" FILE="../../../../../../Users/Johan/Documents/GitHub/Runner/Content/RunnerAssets/fogplane.uasset" SILENT=true
[2016.06.04-20.49.54:436][811]LogSavePackage: Save=43.700363ms
[2016.06.04-20.49.54:436][811]LogSavePackage: Moving '../../../../../../Users/Johan/Documents/GitHub/Runner/Saved/fogplaneFC00F9C34E24FEA82E26C19D2C722387.tmp' to '../../../../../../Users/Johan/Documents/GitHub/Runner/Content/RunnerAssets/fogplane.uasset'
[2016.06.04-20.49.54:439][811]LogSavePackage: Total save time: 47.586821ms
[2016.06.04-20.49.54:439][811]LogSavePackage:Display: Finished SavePackage ../../../../../../Users/Johan/Documents/GitHub/Runner/Content/RunnerAssets/fogplane.uasset
[2016.06.04-20.49.54:656][811]Cmd: OBJ SAVEPACKAGE PACKAGE="/Game/RunnerAssets/Blueprints/Props/fogplane" FILE="../../../../../../Users/Johan/Documents/GitHub/Runner/Content/RunnerAssets/Blueprints/Props/fogplane.uasset" SILENT=true
[2016.06.04-20.49.54:667][811]LogSavePackage: Save=3.014682ms
[2016.06.04-20.49.54:667][811]LogSavePackage: Moving '../../../../../../Users/Johan/Documents/GitHub/Runner/Saved/fogplane3AC799BF4471E6079B9221AC54A50D3B.tmp' to '../../../../../../Users/Johan/Documents/GitHub/Runner/Content/RunnerAssets/Blueprints/Props/fogplane.uasset'
[2016.06.04-20.49.54:668][811]LogSavePackage: Total save time: 10.998897ms
[2016.06.04-20.49.54:668][811]LogSavePackage:Display: Finished SavePackage ../../../../../../Users/Johan/Documents/GitHub/Runner/Content/RunnerAssets/Blueprints/Props/fogplane.uasset
[2016.06.04-20.50.09:528][694]LogMaterial: Missing cached shader map for material steam3, compiling. 
[2016.06.04-20.50.09:532][694]LogMaterial: 0.000111 seconds spent updating 1 materials, 1 interfaces, 0 instances, 0 with static permutations.
[2016.06.04-20.50.09:558][694]LogMaterial: Missing cached shader map for material FMatExpressionPreview MaterialExpressionVectorParameter_2, compiling. 
[2016.06.04-20.50.11:307][828]MaterialEditorStats: Info Base pass shader without light map: 7 instructions
[2016.06.04-20.50.11:308][828]MaterialEditorStats: Info Vertex shader: 70 instructions
[2016.06.04-20.50.11:308][828]MaterialEditorStats: Info Texture samplers: 3/16
[2016.06.04-20.50.13:923][ 26]LogMaterialEditor: Saving and Compiling material steam3
[2016.06.04-20.50.14:338][ 26]LogMaterial: Missing cached shader map for material steam3, compiling. 
[2016.06.04-20.50.14:344][ 26]LogMaterial: 0.000049 seconds spent updating 1 materials, 1 interfaces, 0 instances, 0 with static permutations.
[2016.06.04-20.50.14:380][ 26]LogMaterial: Missing cached shader map for material steam3, compiling. 
[2016.06.04-20.50.14:396][ 26]LogMaterial: Missing cached shader map for material steam3, compiling. 
[2016.06.04-20.50.14:408][ 26]LogMaterial: 0.003260 seconds spent updating 1 materials, 1 interfaces, 0 instances, 0 with static permutations.
[2016.06.04-20.50.17:346][ 26]Cmd: OBJ SAVEPACKAGE PACKAGE="/Game/RunnerAssets/Materials/steam3" FILE="../../../../../../Users/Johan/Documents/GitHub/Runner/Content/RunnerAssets/Materials/steam3.uasset" SILENT=true
[2016.06.04-20.50.17:369][ 26]LogSavePackage: Save=14.062480ms
[2016.06.04-20.50.17:369][ 26]LogSavePackage: Moving '../../../../../../Users/Johan/Documents/GitHub/Runner/Saved/steam3C0E44B9B4E09FEFF00E75BAC5CDA3BC6.tmp' to '../../../../../../Users/Johan/Documents/GitHub/Runner/Content/RunnerAssets/Materials/steam3.uasset'
[2016.06.04-20.50.17:372][ 26]LogSavePackage: Total save time: 25.151327ms
[2016.06.04-20.50.17:372][ 26]LogSavePackage:Display: Finished SavePackage ../../../../../../Users/Johan/Documents/GitHub/Runner/Content/RunnerAssets/Materials/steam3.uasset
[2016.06.04-20.50.17:378][ 26]MaterialEditorStats: Info Base pass shader without light map: 26 instructions
[2016.06.04-20.50.17:378][ 26]MaterialEditorStats: Info Vertex shader: 70 instructions
[2016.06.04-20.50.17:378][ 26]MaterialEditorStats: Info Texture samplers: 7/16
[2016.06.04-20.50.26:830][524]LogBlueprintUserMessages: Early PlayInEditor Detection: Level '/Game/RunnerAssets/RunnerMap.RunnerMap:PersistentLevel' has LevelScriptBlueprint '/Game/RunnerAssets/RunnerMap.RunnerMap:PersistentLevel.RunnerMap' with GeneratedClass '/Game/RunnerAssets/RunnerMap.RunnerMap_C' with ClassGeneratedBy '/Game/RunnerAssets/RunnerMap.RunnerMap:PersistentLevel.RunnerMap'
[2016.06.04-20.50.26:830][524]LogPlayLevel: PlayLevel: No blueprints needed recompiling
[2016.06.04-20.50.26:831][524]PIE: New page: PIE session: RunnerMap (Jun 5, 2016, 12:50:26 AM)
[2016.06.04-20.50.26:831][524]LogPlayLevel: Creating play world package: /Game/RunnerAssets/UEDPIE_0_RunnerMap
[2016.06.04-20.50.26:866][524]LogPlayLevel: PIE: StaticDuplicateObject took: (0.035390s)
[2016.06.04-20.50.26:866][524]LogAIModule: Creating AISystem for world RunnerMap
[2016.06.04-20.50.26:867][524]LogPlayLevel: PIE: World Init took: (0.001167s)
[2016.06.04-20.50.26:868][524]LogPlayLevel: PIE: Created PIE world by copying editor world from /Game/RunnerAssets/RunnerMap.RunnerMap to /Game/RunnerAssets/UEDPIE_0_RunnerMap.RunnerMap (0.036980s)
[2016.06.04-20.50.26:868][524]LogActorComponent: UnregisterComponent: (/Engine/Transient.CharMoveComp) Not registered. Aborting.
[2016.06.04-20.50.26:904][524]LogInit: XAudio2 using 'Speakers (USB Sound Device        )' : 2 channels at 44.1 kHz using 16 bits per sample (channel mask 0x3)
[2016.06.04-20.50.26:911][524]LogInit: FAudioDevice initialized.
[2016.06.04-20.50.26:990][524]LogLinker:Warning: Can't find file '/Game/SideScrollerBP/Blueprints/SideScrollerGameMode'
[2016.06.04-20.50.26:991][524]LogLinker:Warning: Can't find file '/Game/SideScrollerBP/Blueprints/SideScrollerGameMode'
[2016.06.04-20.50.26:991][524]LogUObjectGlobals:Warning: Failed to find object 'Class /Game/SideScrollerBP/Blueprints/SideScrollerGameMode.SideScrollerGameMode_C'
[2016.06.04-20.50.26:991][524]LogWorld: Game class is 'GameMode'
[2016.06.04-20.50.27:001][524]LogWorld: Bringing World /Game/RunnerAssets/UEDPIE_0_RunnerMap.RunnerMap up for play (max tick rate 0) at 2016.06.04-22.50.27
[2016.06.04-20.50.27:001][524]LogActor:Warning: GameSession /Game/RunnerAssets/UEDPIE_0_RunnerMap.RunnerMap:PersistentLevel.GameSession_5 has natively added scene component(s), but none of them were set as the actor's RootComponent - picking one arbitrarily
[2016.06.04-20.50.27:001][524]LogActor:Warning: GameNetworkManager /Game/RunnerAssets/UEDPIE_0_RunnerMap.RunnerMap:PersistentLevel.GameNetworkManager_5 has natively added scene component(s), but none of them were set as the actor's RootComponent - picking one arbitrarily
[2016.06.04-20.50.27:002][524]LogWorld: Bringing up level for play took: 0.010090
[2016.06.04-20.50.27:003][524]LogGameMode: Warning - PATHS NOT DEFINED or NO PLAYERSTART with positive rating
[2016.06.04-20.50.27:028][524]PIE: Info Play in editor start time for /Game/RunnerAssets/UEDPIE_0_RunnerMap 0.87
[2016.06.04-20.50.27:029][524]LogBlueprintUserMessages: Late PlayInEditor Detection: Level '/Game/RunnerAssets/RunnerMap.RunnerMap:PersistentLevel' has LevelScriptBlueprint '/Game/RunnerAssets/RunnerMap.RunnerMap:PersistentLevel.RunnerMap' with GeneratedClass '/Game/RunnerAssets/RunnerMap.RunnerMap_C' with ClassGeneratedBy '/Game/RunnerAssets/RunnerMap.RunnerMap:PersistentLevel.RunnerMap'
[2016.06.04-20.51.04:021][664]LogBlueprintUserMessages: Early EndPlayMap Detection: Level '/Game/RunnerAssets/RunnerMap.RunnerMap:PersistentLevel' has LevelScriptBlueprint '/Game/RunnerAssets/RunnerMap.RunnerMap:PersistentLevel.RunnerMap' with GeneratedClass '/Game/RunnerAssets/RunnerMap.RunnerMap_C' with ClassGeneratedBy '/Game/RunnerAssets/RunnerMap.RunnerMap:PersistentLevel.RunnerMap'
[2016.06.04-20.51.04:115][664]LogBlueprintUserMessages: Late EndPlayMap Detection: Level '/Game/RunnerAssets/RunnerMap.RunnerMap:PersistentLevel' has LevelScriptBlueprint '/Game/RunnerAssets/RunnerMap.RunnerMap:PersistentLevel.RunnerMap' with GeneratedClass '/Game/RunnerAssets/RunnerMap.RunnerMap_C' with ClassGeneratedBy '/Game/RunnerAssets/RunnerMap.RunnerMap:PersistentLevel.RunnerMap'
[2016.06.04-20.51.04:172][664]LogParticles: Destroying 0 GPU particle simulations for FXSystem 0x0000028989D2D620
[2016.06.04-20.51.15:015][310]LogBlueprintUserMessages: Early PlayInEditor Detection: Level '/Game/RunnerAssets/RunnerMap.RunnerMap:PersistentLevel' has LevelScriptBlueprint '/Game/RunnerAssets/RunnerMap.RunnerMap:PersistentLevel.RunnerMap' with GeneratedClass '/Game/RunnerAssets/RunnerMap.RunnerMap_C' with ClassGeneratedBy '/Game/RunnerAssets/RunnerMap.RunnerMap:PersistentLevel.RunnerMap'
[2016.06.04-20.51.15:015][310]LogPlayLevel: PlayLevel: No blueprints needed recompiling
[2016.06.04-20.51.15:015][310]PIE: New page: PIE session: RunnerMap (Jun 5, 2016, 12:51:15 AM)
[2016.06.04-20.51.15:015][310]LogPlayLevel: Creating play world package: /Game/RunnerAssets/UEDPIE_0_RunnerMap
[2016.06.04-20.51.15:050][310]LogPlayLevel: PIE: StaticDuplicateObject took: (0.035109s)
[2016.06.04-20.51.15:051][310]LogAIModule: Creating AISystem for world RunnerMap
[2016.06.04-20.51.15:051][310]LogPlayLevel: PIE: World Init took: (0.001119s)
[2016.06.04-20.51.15:052][310]LogPlayLevel: PIE: Created PIE world by copying editor world from /Game/RunnerAssets/RunnerMap.RunnerMap to /Game/RunnerAssets/UEDPIE_0_RunnerMap.RunnerMap (0.036591s)
[2016.06.04-20.51.15:052][310]LogActorComponent: UnregisterComponent: (/Engine/Transient.CharMoveComp) Not registered. Aborting.
[2016.06.04-20.51.15:088][310]LogInit: XAudio2 using 'Speakers (USB Sound Device        )' : 2 channels at 44.1 kHz using 16 bits per sample (channel mask 0x3)
[2016.06.04-20.51.15:093][310]LogInit: FAudioDevice initialized.
[2016.06.04-20.51.15:162][310]LogLinker:Warning: Can't find file '/Game/SideScrollerBP/Blueprints/SideScrollerGameMode'
[2016.06.04-20.51.15:162][310]LogLinker:Warning: Can't find file '/Game/SideScrollerBP/Blueprints/SideScrollerGameMode'
[2016.06.04-20.51.15:162][310]LogUObjectGlobals:Warning: Failed to find object 'Class /Game/SideScrollerBP/Blueprints/SideScrollerGameMode.SideScrollerGameMode_C'
[2016.06.04-20.51.15:162][310]LogWorld: Game class is 'GameMode'
[2016.06.04-20.51.15:170][310]LogWorld: Bringing World /Game/RunnerAssets/UEDPIE_0_RunnerMap.RunnerMap up for play (max tick rate 0) at 2016.06.04-22.51.15
[2016.06.04-20.51.15:171][310]LogActor:Warning: GameSession /Game/RunnerAssets/UEDPIE_0_RunnerMap.RunnerMap:PersistentLevel.GameSession_6 has natively added scene component(s), but none of them were set as the actor's RootComponent - picking one arbitrarily
[2016.06.04-20.51.15:171][310]LogActor:Warning: GameNetworkManager /Game/RunnerAssets/UEDPIE_0_RunnerMap.RunnerMap:PersistentLevel.GameNetworkManager_6 has natively added scene component(s), but none of them were set as the actor's RootComponent - picking one arbitrarily
[2016.06.04-20.51.15:171][310]LogWorld: Bringing up level for play took: 0.008010
[2016.06.04-20.51.15:172][310]LogGameMode: Warning - PATHS NOT DEFINED or NO PLAYERSTART with positive rating
[2016.06.04-20.51.15:193][310]PIE: Info Play in editor start time for /Game/RunnerAssets/UEDPIE_0_RunnerMap 1.035
[2016.06.04-20.51.15:193][310]LogBlueprintUserMessages: Late PlayInEditor Detection: Level '/Game/RunnerAssets/RunnerMap.RunnerMap:PersistentLevel' has LevelScriptBlueprint '/Game/RunnerAssets/RunnerMap.RunnerMap:PersistentLevel.RunnerMap' with GeneratedClass '/Game/RunnerAssets/RunnerMap.RunnerMap_C' with ClassGeneratedBy '/Game/RunnerAssets/RunnerMap.RunnerMap:PersistentLevel.RunnerMap'
[2016.06.04-20.52.00:320][767]LogScript:Warning: Attempted to get an item from array list out of bounds [4/3]!
[2016.06.04-20.52.00:419][767]LogPackageName: SearchForPackageOnDisk took   0.098s to resolve Death.umap.
[2016.06.04-20.52.00:538][768]LogPackageName: SearchForPackageOnDisk took   0.103s to resolve Death.umap.
[2016.06.04-20.52.00:538][768]LogNet: Browse: /Game/RunnerAssets/Death
[2016.06.04-20.52.00:538][768]LogLoad: LoadMap: /Game/RunnerAssets/Death
[2016.06.04-20.52.00:618][768]LogParticles: Destroying 0 GPU particle simulations for FXSystem 0x0000028988A64680
[2016.06.04-20.52.00:632][768]Cmd: MEM
[2016.06.04-20.52.00:660][768]LogMemory: Platform Memory Stats for Windows
[2016.06.04-20.52.00:660][768]LogMemory: Process Physical Memory: 1706.48 MB used, 1896.93 MB peak
[2016.06.04-20.52.00:660][768]LogMemory: Process Virtual Memory: 2513.88 MB used, 2660.71 MB peak
[2016.06.04-20.52.00:660][768]LogMemory: Physical Memory: 5282.88 MB used, 16337.33 MB total
[2016.06.04-20.52.00:660][768]LogMemory: Virtual Memory: 3363.76 MB used, 134217728.00 MB total
[2016.06.04-20.52.00:660][768]LogMemory: 
[2016.06.04-20.52.00:660][768]Allocator Stats for TBB: (not implemented)
[2016.06.04-20.52.01:342][768]LogAIModule: Creating AISystem for world Death
[2016.06.04-20.52.01:343][768]LogLinker:Warning: Can't find file '/Game/SideScrollerBP/Blueprints/SideScrollerGameMode'
[2016.06.04-20.52.01:343][768]LogLinker:Warning: Can't find file '/Game/SideScrollerBP/Blueprints/SideScrollerGameMode'
[2016.06.04-20.52.01:343][768]LogUObjectGlobals:Warning: Failed to find object 'Class /Game/SideScrollerBP/Blueprints/SideScrollerGameMode.SideScrollerGameMode_C'
[2016.06.04-20.52.01:343][768]LogWorld: Game class is 'GameMode'
[2016.06.04-20.52.01:345][768]LogWorld: Bringing World /Game/RunnerAssets/UEDPIE_0_Death.Death up for play (max tick rate 0) at 2016.06.04-22.52.01
[2016.06.04-20.52.01:345][768]LogActor:Warning: GameSession /Game/RunnerAssets/UEDPIE_0_Death.Death:PersistentLevel.GameSession_7 has natively added scene component(s), but none of them were set as the actor's RootComponent - picking one arbitrarily
[2016.06.04-20.52.01:345][768]LogActor:Warning: GameNetworkManager /Game/RunnerAssets/UEDPIE_0_Death.Death:PersistentLevel.GameNetworkManager_7 has natively added scene component(s), but none of them were set as the actor's RootComponent - picking one arbitrarily
[2016.06.04-20.52.01:345][768]LogWorld: Bringing up level for play took: 0.001012
[2016.06.04-20.52.01:346][768]LogGameMode: Warning - PATHS NOT DEFINED or NO PLAYERSTART with positive rating
[2016.06.04-20.52.11:338][606]LogBlueprintUserMessages: Early EndPlayMap Detection: Level '/Game/RunnerAssets/RunnerMap.RunnerMap:PersistentLevel' has LevelScriptBlueprint '/Game/RunnerAssets/RunnerMap.RunnerMap:PersistentLevel.RunnerMap' with GeneratedClass '/Game/RunnerAssets/RunnerMap.RunnerMap_C' with ClassGeneratedBy '/Game/RunnerAssets/RunnerMap.RunnerMap:PersistentLevel.RunnerMap'
[2016.06.04-20.52.11:405][606]LogBlueprintUserMessages: Late EndPlayMap Detection: Level '/Game/RunnerAssets/RunnerMap.RunnerMap:PersistentLevel' has LevelScriptBlueprint '/Game/RunnerAssets/RunnerMap.RunnerMap:PersistentLevel.RunnerMap' with GeneratedClass '/Game/RunnerAssets/RunnerMap.RunnerMap_C' with ClassGeneratedBy '/Game/RunnerAssets/RunnerMap.RunnerMap:PersistentLevel.RunnerMap'
[2016.06.04-20.52.11:477][607]LogParticles: Destroying 0 GPU particle simulations for FXSystem 0x000002899E9CA160
[2016.06.04-20.52.24:214][309]LogEditorViewport: Clicking on Actor (LMB): fogplane_C (fogplane)
[2016.06.04-20.52.36:592][ 11]LogEditorViewport: Clicking Background
[2016.06.04-20.52.56:025][276]LogEditorViewport: Clicking on Actor (LMB): fogplane_C (fogplane)
[2016.06.04-20.54.30:205][107]LogActorComponent: UnregisterComponent: (/Engine/Transient.CharMoveComp) Not registered. Aborting.
[2016.06.04-20.54.32:706][324]LogEditorTransaction: Undo Duplicate Components
[2016.06.04-20.54.32:739][324]LogMaterial: Missing cached shader map for material steam3, compiling. 
[2016.06.04-20.54.32:742][324]LogMaterial: 0.000063 seconds spent updating 1 materials, 1 interfaces, 0 instances, 0 with static permutations.
[2016.06.04-20.54.32:757][324]LogMaterial: Missing cached shader map for material lambert1, compiling. 
[2016.06.04-20.54.32:768][324]LogMaterial: 0.000082 seconds spent updating 1 materials, 1 interfaces, 0 instances, 0 with static permutations.
[2016.06.04-20.54.32:799][324]LogMaterial: Missing cached shader map for material FMatExpressionPreview MaterialExpressionVectorParameter_1, compiling. 
[2016.06.04-20.54.34:851][476]MaterialEditorStats: Info Base pass shader without light map: 7 instructions
[2016.06.04-20.54.34:851][476]MaterialEditorStats: Info Vertex shader: 70 instructions
[2016.06.04-20.54.34:851][476]MaterialEditorStats: Info Texture samplers: 3/16
[2016.06.04-20.54.34:992][485]MaterialEditorStats: Info Base pass shader with only dynamic lighting: 31 instructions
[2016.06.04-20.54.34:992][485]MaterialEditorStats: Info Vertex shader: 31 instructions
[2016.06.04-20.54.34:992][485]MaterialEditorStats: Info Texture samplers: 0/16
[2016.06.04-20.54.37:145][669]LogWindows:Error: Windows GetLastError: The operation completed successfully. (0)
[2016.06.04-20.54.43:759][669]LogCrashTracker: 


[2016.06.04-20.54.44:588][669]LogCrashTracker: 


[2016.06.04-20.54.44:588][669]LogWindows:Error: === Critical error: ===
Fatal error: [File:D:\BuildFarm\buildmachine_++depot+UE4-Releases+4.10\Engine\Source\Runtime\CoreUObject\Private\UObject\Obj.cpp] [Line: 167] 
Renaming an object (StaticMeshComponent /Engine/Transient.GearLarge_GEN_VARIABLE) on top of an existing object (StaticMeshComponent /Game/RunnerAssets/Blueprints/Block/Block_Treadmill2.Block_Treadmill2_C:StaticMesh_GEN_VARIABLE) is not allowed




[2016.06.04-20.54.44:658][669]LogExit: Executing StaticShutdownAfterError
[2016.06.04-20.54.45:866][669]LogPhysics:Warning: PHYSX: ..\..\PhysX\src\NpScene.cpp (2946) 8 : PxScene::unlockWrite() called without matching call to PxScene::lockWrite(), behaviour will be undefined.
[2016.06.04-20.54.45:866][669]LogPhysics:Warning: PHYSX: ..\..\PhysX\src\NpScene.cpp (2946) 8 : PxScene::unlockWrite() called without matching call to PxScene::lockWrite(), behaviour will be undefined.
[2016.06.04-20.54.45:866][669]LogPhysics:Warning: PHYSX: ..\..\PhysX\src\NpScene.cpp (2946) 8 : PxScene::unlockWrite() called without matching call to PxScene::lockWrite(), behaviour will be undefined.
[2016.06.04-20.54.45:867][669]LogPhysics:Warning: PHYSX: ..\..\PhysX\src\NpScene.cpp (2946) 8 : PxScene::unlockWrite() called without matching call to PxScene::lockWrite(), behaviour will be undefined.
[2016.06.04-20.54.45:867][669]LogPhysics:Warning: PHYSX: ..\..\PhysX\src\NpScene.cpp (2946) 8 : PxScene::unlockWrite() called without matching call to PxScene::lockWrite(), behaviour will be undefined.
[2016.06.04-20.54.45:867][669]LogPhysics:Warning: PHYSX: ..\..\PhysX\src\NpScene.cpp (2946) 8 : PxScene::unlockWrite() called without matching call to PxScene::lockWrite(), behaviour will be undefined.
[2016.06.04-20.54.45:868][669]LogPhysics:Warning: PHYSX: ..\..\PhysX\src\NpScene.cpp (2946) 8 : PxScene::unlockWrite() called without matching call to PxScene::lockWrite(), behaviour will be undefined.
[2016.06.04-20.54.45:868][669]LogPhysics:Warning: PHYSX: ..\..\PhysX\src\NpScene.cpp (2946) 8 : PxScene::unlockWrite() called without matching call to PxScene::lockWrite(), behaviour will be undefined.
[2016.06.04-20.54.45:868][669]LogPhysics:Warning: PHYSX: ..\..\PhysX\src\NpScene.cpp (2946) 8 : PxScene::unlockWrite() called without matching call to PxScene::lockWrite(), behaviour will be undefined.
[2016.06.04-20.54.45:868][669]LogPhysics:Warning: PHYSX: ..\..\PhysX\src\NpScene.cpp (2946) 8 : PxScene::unlockWrite() called without matching call to PxScene::lockWrite(), behaviour will be undefined.
[2016.06.04-20.54.45:868][669]LogWindows: FPlatformMisc::RequestExit(1)
[2016.06.04-20.54.45:868][669]Log file closed, 06/04/16 22:54:45
