[2016.06.09-17.30.11:210][  0]Log file open, 06/09/16 19:30:11
[2016.06.09-17.30.11:210][  0]LogInit:Display: Running engine for game: Runner
[2016.06.09-17.30.11:210][  0]LogPlatformFile: Not using cached read wrapper
[2016.06.09-17.30.11:210][  0]LogInit:Display: RandInit(-1044517468) SRandInit(-1044517466).
[2016.06.09-17.30.11:210][  0]LogTaskGraph: Started task graph with 4 named threads and 7 total threads.
[2016.06.09-17.30.11:210][  0]LogStats: Stats thread started at 0.144316
[2016.06.09-17.30.11:210][  0]LogInit: Version: 4.10.4-2872498+++depot+UE4-Releases+4.10
[2016.06.09-17.30.11:210][  0]LogInit: API Version: 2758231
[2016.06.09-17.30.11:210][  0]LogInit: Compiled (64-bit): Feb 18 2016 15:47:04
[2016.06.09-17.30.11:210][  0]LogInit: Compiled with Visual C++: 19.00.23026.00
[2016.06.09-17.30.11:210][  0]LogInit: Build Configuration: Development
[2016.06.09-17.30.11:210][  0]LogInit: Branch Name: ++depot+UE4-Releases+4.10
[2016.06.09-17.30.11:210][  0]LogInit: Command line:  
[2016.06.09-17.30.11:210][  0]LogInit: Base directory: C:/Program Files/Epic Games/4.10/Engine/Binaries/Win64/
[2016.06.09-17.30.11:210][  0]LogInit: Rocket: 1
[2016.06.09-17.30.11:390][  0]LogInit: Using libcurl 7.41.0
[2016.06.09-17.30.11:390][  0]LogInit:  - built for x86_64-pc-win32
[2016.06.09-17.30.11:390][  0]LogInit:  - supports SSL with WinSSL
[2016.06.09-17.30.11:390][  0]LogInit:  - other features:
[2016.06.09-17.30.11:390][  0]LogInit:      CURL_VERSION_SSL
[2016.06.09-17.30.11:390][  0]LogInit:      CURL_VERSION_IPV6
[2016.06.09-17.30.11:390][  0]LogInit:      CURL_VERSION_ASYNCHDNS
[2016.06.09-17.30.11:390][  0]LogInit:      CURL_VERSION_LARGEFILE
[2016.06.09-17.30.11:390][  0]LogInit:      CURL_VERSION_IDN
[2016.06.09-17.30.11:390][  0]LogInit:  CurlRequestOptions (configurable via config and command line):
[2016.06.09-17.30.11:390][  0]LogInit:  - bVerifyPeer = true  - Libcurl will verify peer certificate
[2016.06.09-17.30.11:390][  0]LogInit:  - bUseHttpProxy = false  - Libcurl will NOT use HTTP proxy
[2016.06.09-17.30.11:390][  0]LogInit:  - bDontReuseConnections = false  - Libcurl will reuse connections
[2016.06.09-17.30.11:390][  0]LogInit:  - CertBundlePath = nullptr  - Libcurl will use whatever was configured at build time.
[2016.06.09-17.30.11:449][  0]LogInit: Presizing for 0 objects not considered by GC, pre-allocating 0 bytes.
[2016.06.09-17.30.11:456][  0]LogInit: Object subsystem initialized
[2016.06.09-17.30.11:457][  0]LogInit: Selected Device Profile: [Windows]
[2016.06.09-17.30.11:457][  0]LogInit: Applying CVar settings loaded from the selected device profile: [Windows]
[2016.06.09-17.30.11:483][  0]LogInit: Computer: JOHANS_MONSTER
[2016.06.09-17.30.11:483][  0]LogInit: User: Johan
[2016.06.09-17.30.11:483][  0]LogInit: CPU Page size=4096, Cores=4
[2016.06.09-17.30.11:483][  0]LogInit: High frequency timer resolution =3.312789 MHz
[2016.06.09-17.30.11:483][  0]LogMemory: Memory total: Physical=16.0GB (16GB approx)
[2016.06.09-17.30.11:483][  0]LogMemory: Platform Memory Stats for Windows
[2016.06.09-17.30.11:483][  0]LogMemory: Process Physical Memory: 56.31 MB used, 56.31 MB peak
[2016.06.09-17.30.11:483][  0]LogMemory: Process Virtual Memory: 56.73 MB used, 56.73 MB peak
[2016.06.09-17.30.11:483][  0]LogMemory: Physical Memory: 3010.65 MB used, 16337.33 MB total
[2016.06.09-17.30.11:483][  0]LogMemory: Virtual Memory: 382.84 MB used, 134217728.00 MB total
[2016.06.09-17.30.11:779][  0]LogTextLocalizationManager: No translations for ('sv-SE') exist, falling back to 'en' for localization and internationalization data.
[2016.06.09-17.30.12:224][  0]LogD3D11RHI: Found D3D11 adapter 0: NVIDIA GeForce GTX 560 SE (Feature Level 11_0)
[2016.06.09-17.30.12:224][  0]LogD3D11RHI: Adapter has 977MB of dedicated video memory, 0MB of dedicated system memory, and 8168MB of shared system memory, 1 output[s]
[2016.06.09-17.30.12:269][  0]LogD3D11RHI: Found D3D11 adapter 1: Microsoft Basic Render Driver (Feature Level 11_0)
[2016.06.09-17.30.12:269][  0]LogD3D11RHI: Adapter has 0MB of dedicated video memory, 0MB of dedicated system memory, and 8168MB of shared system memory, 0 output[s]
[2016.06.09-17.30.12:269][  0]LogD3D11RHI: Chosen D3D11 Adapter Id = 0
[2016.06.09-17.30.12:272][  0]LogD3D11RHI: !Direct3DDevice
[2016.06.09-17.30.12:272][  0]LogRHI: Texture pool is 684 MB (70% of 977 MB)
[2016.06.09-17.30.12:284][  0]LogD3D11RHI: Async texture creation enabled
[2016.06.09-17.30.12:300][  0]LogShaderCompilers: Guid format shader working directory is -7 characters bigger than the processId version (../../../../../../Users/Johan/Documents/GitHub/Runner/Intermediate/Shaders/WorkingDirectory/6680/).
[2016.06.09-17.30.12:300][  0]LogShaderCompilers: Cleaned the shader compiler working directory 'C:/Users/Johan/AppData/Local/Temp/UnrealShaderWorkingDir/0EEC4677454BF465589CA98E0F4F4C72/'.
[2016.06.09-17.30.12:300][  0]LogShaderCompilers:Display: Using Local Shader Compiler.
[2016.06.09-17.30.13:773][  0]LogTemp:Display: Loaded TP AllDesktopTargetPlatform
[2016.06.09-17.30.13:778][  0]LogTemp:Display: Loaded TP WindowsClientTargetPlatform
[2016.06.09-17.30.13:782][  0]LogTemp:Display: Loaded TP WindowsNoEditorTargetPlatform
[2016.06.09-17.30.13:787][  0]LogTemp:Display: Loaded TP WindowsServerTargetPlatform
[2016.06.09-17.30.13:791][  0]LogTemp:Display: Loaded TP WindowsTargetPlatform
[2016.06.09-17.30.13:795][  0]LogTemp:Display: Loaded TP AndroidTargetPlatform
[2016.06.09-17.30.13:797][  0]LogTemp:Display: Loaded TP Android_ASTCTargetPlatform
[2016.06.09-17.30.13:800][  0]LogTemp:Display: Loaded TP Android_ATCTargetPlatform
[2016.06.09-17.30.13:802][  0]LogTemp:Display: Loaded TP Android_DXTTargetPlatform
[2016.06.09-17.30.13:805][  0]LogTemp:Display: Loaded TP Android_ETC1TargetPlatform
[2016.06.09-17.30.13:808][  0]LogTemp:Display: Loaded TP Android_ETC2TargetPlatform
[2016.06.09-17.30.13:814][  0]LogTemp:Display: Loaded TP Android_MultiTargetPlatform
[2016.06.09-17.30.13:814][  0]LogTemp:Display: Loaded TP Android_PVRTCTargetPlatform
[2016.06.09-17.30.13:814][  0]LogTemp:Display: Loaded TP HTML5TargetPlatform
[2016.06.09-17.30.13:848][  0]LogTemp:Display: Loaded TP IOSTargetPlatform
[2016.06.09-17.30.13:850][  0]LogTemp:Display: Loaded TP LinuxNoEditorTargetPlatform
[2016.06.09-17.30.13:853][  0]LogTemp:Display: Loaded TP LinuxServerTargetPlatform
[2016.06.09-17.30.13:857][  0]LogTemp:Display: Loaded TP LinuxTargetPlatform
[2016.06.09-17.30.13:857][  0]LogTargetPlatformManager:Display: Building Assets For Windows
[2016.06.09-17.30.14:177][  0]LogDerivedDataCache:Display: Max Cache Size: 512 MB
[2016.06.09-17.30.14:576][  0]LogDerivedDataCache: Loaded boot cache 0.40s 41MB C:/Users/Johan/AppData/Local/UnrealEngine/4.10/DerivedDataCache/Boot.ddc.
[2016.06.09-17.30.14:576][  0]LogDerivedDataCache:Display: Loaded Boot cache: C:/Users/Johan/AppData/Local/UnrealEngine/4.10/DerivedDataCache/Boot.ddc
[2016.06.09-17.30.14:576][  0]LogDerivedDataCache: FDerivedDataBackendGraph:  Pak pak cache file ../../../../../../Users/Johan/Documents/GitHub/Runner/DerivedDataCache/DDC.ddp not found, will not use a pak cache.
[2016.06.09-17.30.14:576][  0]LogDerivedDataCache: Unable to find inner node Pak for hierarchical cache Hierarchy.
[2016.06.09-17.30.14:576][  0]LogDerivedDataCache: FDerivedDataBackendGraph:  CompressedPak pak cache file ../../../../../../Users/Johan/Documents/GitHub/Runner/DerivedDataCache/Compressed.ddp not found, will not use a pak cache.
[2016.06.09-17.30.14:576][  0]LogDerivedDataCache: Unable to find inner node CompressedPak for hierarchical cache Hierarchy.
[2016.06.09-17.30.14:739][  0]LogDerivedDataCache:Display: Pak cache opened for reading ../../../Engine/DerivedDataCache/Compressed.ddp.
[2016.06.09-17.30.14:761][  0]LogDerivedDataCache: Using Local data cache path C:/Users/Johan/AppData/Local/UnrealEngine/Common/DerivedDataCache: Writable
[2016.06.09-17.30.19:591][  0]LogInit: Selected Device Profile: [Windows]
[2016.06.09-17.30.19:595][  0]LogContentStreaming: Texture pool size is 0.000000MB
[2016.06.09-17.30.19:953][  0]LogMeshUtilities: No automatic mesh reduction module available
[2016.06.09-17.30.19:953][  0]LogMeshUtilities: No automatic mesh merging module available
[2016.06.09-17.30.21:469][  0]LogInit: WinSock: version 1.1 (2.2), MaxSocks=32767, MaxUdp=65467
[2016.06.09-17.30.44:790][  0]UdpMessaging: Initializing bridge on interface 0.0.0.0:0 to multicast group 230.0.0.1:6666.
[2016.06.09-17.30.45:307][  0]LogAssetRegistry: FAssetRegistry took 0.0116 seconds to start up
[2016.06.09-17.30.47:790][  0]SourceControl: Info Source control is disabled
[2016.06.09-17.30.47:791][  0]SourceControl: Info Source control is disabled
[2016.06.09-17.30.47:804][  0]SourceControl: Info Source control is disabled
[2016.06.09-17.30.47:816][  0]SourceControl: Info Source control is disabled
[2016.06.09-17.30.49:498][  0]LogObj: 28633 objects as part of root set at end of initial load.
[2016.06.09-17.30.49:498][  0]LogUObjectAllocator: 6099752 out of 0 bytes used by permanent object pool.
[2016.06.09-17.30.49:715][  0]LogEngine: Initializing Engine...
[2016.06.09-17.30.49:717][  0]LogHMD: Can't find Oculus library dev build: is proper Runtime installed? Version: 0.8.0.0
[2016.06.09-17.30.49:729][  0]LogHMD: SteamVR failed to initialize.  Err: 110
[2016.06.09-17.30.50:704][  0]LogAIModule: Creating AISystem for world NewWorld
[2016.06.09-17.30.50:847][  0]LogInit: XAudio2 using 'Speakers (USB Sound Device        )' : 2 channels at 44.1 kHz using 16 bits per sample (channel mask 0x3)
[2016.06.09-17.30.50:887][  0]LogInit: FAudioDevice initialized.
[2016.06.09-17.30.50:907][  0]LogDerivedDataCache: Saved boot cache 0.02s 41MB C:/Users/Johan/AppData/Local/UnrealEngine/4.10/DerivedDataCache/Boot.ddc.
[2016.06.09-17.30.50:913][  0]LogInit: Texture streaming: Enabled
[2016.06.09-17.30.50:918][  0]LogAnalytics: Creating configured Analytics provider AnalyticsET
[2016.06.09-17.30.50:918][  0]LogAnalytics: [UEEditor.Rocket.Release] APIServer = http://et2.epicgames.com/ET2/. AppVersion = 4.10.4-2872498+++depot+UE4-Releases+4.10
[2016.06.09-17.30.50:918][  0]LogAnalytics: [UEEditor.Rocket.Release] SetUserId e13f53c54a08433fc09043aa962b451a|75ba5683578c43329a0522a4b145a097|e6dac55f-4bf9-412a-b229-53d1a5ef9356
[2016.06.09-17.30.50:918][  0]LogAnalytics: [UEEditor.Rocket.Release] AnalyticsET::StartSession
[2016.06.09-17.30.50:927][  0]LogWindowsTextInputMethodSystem:Display: IME system now deactivated.
[2016.06.09-17.30.50:927][  0]LogWindowsTextInputMethodSystem:Display: IME system now deactivated.
[2016.06.09-17.30.50:944][  0]LogInit: Transaction tracking system initialized
[2016.06.09-17.30.50:971][  0]BlueprintLog: New page: Editor Load
[2016.06.09-17.30.51:555][  0]LocalizationService: Info Localization service is disabled
[2016.06.09-17.30.52:140][  0]LogConsoleResponse:Display: 
[2016.06.09-17.31.00:149][  0]LogCook:Display: Done creating registry. It took  0.00s.
[2016.06.09-17.31.01:178][  0]LogFileCache: Scanning file cache for directory 'C:/Users/Johan/Documents/GitHub/Runner/Content/' took 0.02s
[2016.06.09-17.31.01:178][  0]SourceControl: Info Source control is disabled
[2016.06.09-17.31.01:178][  0]Cmd: MAP LOAD FILE="../../../../../../Users/Johan/Documents/GitHub/Runner/Content/RunnerAssets/RunnerMap.umap" TEMPLATE=0 SHOWPROGRESS=1 FEATURELEVEL=3
[2016.06.09-17.31.01:369][  0]LightingResults: New page: Lighting Build
[2016.06.09-17.31.01:372][  0]MapCheck: New page: Map Check
[2016.06.09-17.31.01:372][  0]LightingResults: New page: Lighting Build
[2016.06.09-17.31.01:381][  0]LogParticles: Destroying 0 GPU particle simulations for FXSystem 0x0000026C136FFB00
[2016.06.09-17.31.39:484][  0]LogAIModule: Creating AISystem for world RunnerMap
[2016.06.09-17.31.39:771][  0]LogEditorServer: Finished looking for orphan Actors (0.000 secs)
[2016.06.09-17.31.39:771][  0]Cmd: MAP CHECKDEP NOCLEARLOG
[2016.06.09-17.31.39:841][  0]MapCheck: Info Map check complete: 0 Error(s), 0 Warning(s), took 69.671ms to complete.
[2016.06.09-17.31.39:841][  0]LogFileHelpers: Loading map 'RunnerMap' took 38.663
[2016.06.09-17.31.41:603][  0]LogCollectionManager: Loaded 0 collections in 0.005181 seconds
[2016.06.09-17.31.42:640][  0]LogFileCache: Scanning file cache for directory 'C:/Users/Johan/Documents/GitHub/Runner/Saved/Collections/' took 0.01s
[2016.06.09-17.31.42:640][  0]LogFileCache: Scanning file cache for directory 'C:/Users/Johan/Documents/GitHub/Runner/Content/Developers/Johan/Collections/' took 0.01s
[2016.06.09-17.31.42:640][  0]LogFileCache: Scanning file cache for directory 'C:/Users/Johan/Documents/GitHub/Runner/Content/Collections/' took 0.01s
[2016.06.09-17.31.42:640][  0]LogCollectionManager: Rebuilt the GUID cache for 0 collections in 0.000002 seconds
[2016.06.09-17.31.42:648][  0]LogContentBrowser: Native class hierarchy populated in 0.0085 seconds. Added 1893 classes and 338 folders.
[2016.06.09-17.31.42:655][  0]LogContentBrowser: Native class hierarchy updated for 'WidgetCarousel' in 0.0003 seconds. Added 0 classes and 0 folders.
[2016.06.09-17.31.54:919][  0]LogContentBrowser: Native class hierarchy updated for 'AddContentDialog' in 0.0003 seconds. Added 0 classes and 0 folders.
[2016.06.09-17.31.54:924][  0]LogContentBrowser: Native class hierarchy updated for 'SceneOutliner' in 0.0003 seconds. Added 1 classes and 2 folders.
[2016.06.09-17.31.55:825][  0]LogCrashTracker: Crashtracker disabled due to settings.
[2016.06.09-17.31.55:833][  0]LogUObjectGlobals:Warning: Failed to find object 'Class None.'
[2016.06.09-17.31.55:855][  0]LogLoad: Full Startup: 105.69 seconds (BP compile: 0.84 seconds)
[2016.06.09-17.31.55:868][  0]LogOcInput: Can't find Oculus library dev build: is proper Runtime installed? Version: 0.8.0.0
[2016.06.09-17.31.56:850][  0]LogContentStreaming: Texture pool size now 1000 MB
[2016.06.09-17.31.58:393][  1]LogRenderer: Reallocating scene render targets to support 1208x644 (Frame:2).
[2016.06.09-17.31.59:801][ 13]LogAssetRegistry: Asset discovery search completed in 74.5055 seconds
[2016.06.09-17.31.59:802][ 13]LogCollectionManager: Rebuilt the object cache for 0 collections in 0.000001 seconds (found 0 objects)
[2016.06.09-17.31.59:802][ 13]LogCollectionManager: Fixed up redirectors for 0 collections in 0.000018 seconds (updated 0 objects)
[2016.06.09-17.32.02:873][171]LogBlueprintUserMessages: Early PlayInEditor Detection: Level '/Game/RunnerAssets/RunnerMap.RunnerMap:PersistentLevel' has LevelScriptBlueprint '/Game/RunnerAssets/RunnerMap.RunnerMap:PersistentLevel.RunnerMap' with GeneratedClass '/Game/RunnerAssets/RunnerMap.RunnerMap_C' with ClassGeneratedBy '/Game/RunnerAssets/RunnerMap.RunnerMap:PersistentLevel.RunnerMap'
[2016.06.09-17.32.02:873][171]LogPlayLevel: PlayLevel: No blueprints needed recompiling
[2016.06.09-17.32.02:873][171]PIE: New page: PIE session: RunnerMap (Jun 9, 2016, 9:32:02 PM)
[2016.06.09-17.32.02:873][171]LogPlayLevel: Creating play world package: /Game/RunnerAssets/UEDPIE_0_RunnerMap
[2016.06.09-17.32.02:908][171]LogPlayLevel: PIE: StaticDuplicateObject took: (0.034505s)
[2016.06.09-17.32.02:909][171]LogAIModule: Creating AISystem for world RunnerMap
[2016.06.09-17.32.02:909][171]LogPlayLevel: PIE: World Init took: (0.001037s)
[2016.06.09-17.32.02:909][171]LogPlayLevel: PIE: Created PIE world by copying editor world from /Game/RunnerAssets/RunnerMap.RunnerMap to /Game/RunnerAssets/UEDPIE_0_RunnerMap.RunnerMap (0.035889s)
[2016.06.09-17.32.02:909][171]LogActorComponent: UnregisterComponent: (/Engine/Transient.CharMoveComp) Not registered. Aborting.
[2016.06.09-17.32.02:979][171]LogInit: XAudio2 using 'Speakers (USB Sound Device        )' : 2 channels at 44.1 kHz using 16 bits per sample (channel mask 0x3)
[2016.06.09-17.32.02:984][171]LogInit: FAudioDevice initialized.
[2016.06.09-17.32.04:838][171]LogLinker:Warning: Can't find file '/Game/SideScrollerBP/Blueprints/SideScrollerGameMode'
[2016.06.09-17.32.04:839][171]LogLinker:Warning: Can't find file '/Game/SideScrollerBP/Blueprints/SideScrollerGameMode'
[2016.06.09-17.32.04:839][171]LogUObjectGlobals:Warning: Failed to find object 'Class /Game/SideScrollerBP/Blueprints/SideScrollerGameMode.SideScrollerGameMode_C'
[2016.06.09-17.32.04:839][171]LogWorld: Game class is 'GameMode'
[2016.06.09-17.32.04:858][171]LogWorld: Bringing World /Game/RunnerAssets/UEDPIE_0_RunnerMap.RunnerMap up for play (max tick rate 0) at 2016.06.09-19.32.04
[2016.06.09-17.32.04:858][171]LogActor:Warning: GameSession /Game/RunnerAssets/UEDPIE_0_RunnerMap.RunnerMap:PersistentLevel.GameSession_0 has natively added scene component(s), but none of them were set as the actor's RootComponent - picking one arbitrarily
[2016.06.09-17.32.04:858][171]LogActor:Warning: GameNetworkManager /Game/RunnerAssets/UEDPIE_0_RunnerMap.RunnerMap:PersistentLevel.GameNetworkManager_0 has natively added scene component(s), but none of them were set as the actor's RootComponent - picking one arbitrarily
[2016.06.09-17.32.04:859][171]LogWorld: Bringing up level for play took: 0.017464
[2016.06.09-17.32.04:860][171]LogGameMode: Warning - PATHS NOT DEFINED or NO PLAYERSTART with positive rating
[2016.06.09-17.32.04:878][171]PIE: Info Play in editor start time for /Game/RunnerAssets/UEDPIE_0_RunnerMap 1.72
[2016.06.09-17.32.04:878][171]LogBlueprintUserMessages: Late PlayInEditor Detection: Level '/Game/RunnerAssets/RunnerMap.RunnerMap:PersistentLevel' has LevelScriptBlueprint '/Game/RunnerAssets/RunnerMap.RunnerMap:PersistentLevel.RunnerMap' with GeneratedClass '/Game/RunnerAssets/RunnerMap.RunnerMap_C' with ClassGeneratedBy '/Game/RunnerAssets/RunnerMap.RunnerMap:PersistentLevel.RunnerMap'
[2016.06.09-17.32.04:936][172]LogRenderer: Reallocating scene render targets to support 1280x720 (Frame:175).
[2016.06.09-17.32.05:943][205]LogBlueprintUserMessages: Early EndPlayMap Detection: Level '/Game/RunnerAssets/RunnerMap.RunnerMap:PersistentLevel' has LevelScriptBlueprint '/Game/RunnerAssets/RunnerMap.RunnerMap:PersistentLevel.RunnerMap' with GeneratedClass '/Game/RunnerAssets/RunnerMap.RunnerMap_C' with ClassGeneratedBy '/Game/RunnerAssets/RunnerMap.RunnerMap:PersistentLevel.RunnerMap'
[2016.06.09-17.32.05:999][205]LogBlueprintUserMessages: Late EndPlayMap Detection: Level '/Game/RunnerAssets/RunnerMap.RunnerMap:PersistentLevel' has LevelScriptBlueprint '/Game/RunnerAssets/RunnerMap.RunnerMap:PersistentLevel.RunnerMap' with GeneratedClass '/Game/RunnerAssets/RunnerMap.RunnerMap_C' with ClassGeneratedBy '/Game/RunnerAssets/RunnerMap.RunnerMap:PersistentLevel.RunnerMap'
[2016.06.09-17.32.06:019][205]LogParticles: Destroying 0 GPU particle simulations for FXSystem 0x0000026C2B428680
[2016.06.09-17.32.11:880][281]LogBlueprintUserMessages: Early PlayInEditor Detection: Level '/Game/RunnerAssets/RunnerMap.RunnerMap:PersistentLevel' has LevelScriptBlueprint '/Game/RunnerAssets/RunnerMap.RunnerMap:PersistentLevel.RunnerMap' with GeneratedClass '/Game/RunnerAssets/RunnerMap.RunnerMap_C' with ClassGeneratedBy '/Game/RunnerAssets/RunnerMap.RunnerMap:PersistentLevel.RunnerMap'
[2016.06.09-17.32.11:880][281]LogPlayLevel: PlayLevel: No blueprints needed recompiling
[2016.06.09-17.32.11:880][281]PIE: New page: PIE session: RunnerMap (Jun 9, 2016, 9:32:11 PM)
[2016.06.09-17.32.11:880][281]LogPlayLevel: Creating play world package: /Game/RunnerAssets/UEDPIE_0_RunnerMap
[2016.06.09-17.32.11:914][281]LogPlayLevel: PIE: StaticDuplicateObject took: (0.034073s)
[2016.06.09-17.32.11:915][281]LogAIModule: Creating AISystem for world RunnerMap
[2016.06.09-17.32.11:915][281]LogPlayLevel: PIE: World Init took: (0.001011s)
[2016.06.09-17.32.11:916][281]LogPlayLevel: PIE: Created PIE world by copying editor world from /Game/RunnerAssets/RunnerMap.RunnerMap to /Game/RunnerAssets/UEDPIE_0_RunnerMap.RunnerMap (0.035417s)
[2016.06.09-17.32.11:916][281]LogActorComponent: UnregisterComponent: (/Engine/Transient.CharMoveComp) Not registered. Aborting.
[2016.06.09-17.32.11:938][281]LogInit: XAudio2 using 'Speakers (USB Sound Device        )' : 2 channels at 44.1 kHz using 16 bits per sample (channel mask 0x3)
[2016.06.09-17.32.11:943][281]LogInit: FAudioDevice initialized.
[2016.06.09-17.32.12:015][281]LogLinker:Warning: Can't find file '/Game/SideScrollerBP/Blueprints/SideScrollerGameMode'
[2016.06.09-17.32.12:015][281]LogLinker:Warning: Can't find file '/Game/SideScrollerBP/Blueprints/SideScrollerGameMode'
[2016.06.09-17.32.12:015][281]LogUObjectGlobals:Warning: Failed to find object 'Class /Game/SideScrollerBP/Blueprints/SideScrollerGameMode.SideScrollerGameMode_C'
[2016.06.09-17.32.12:015][281]LogWorld: Game class is 'GameMode'
[2016.06.09-17.32.12:025][281]LogWorld: Bringing World /Game/RunnerAssets/UEDPIE_0_RunnerMap.RunnerMap up for play (max tick rate 0) at 2016.06.09-19.32.12
[2016.06.09-17.32.12:025][281]LogActor:Warning: GameSession /Game/RunnerAssets/UEDPIE_0_RunnerMap.RunnerMap:PersistentLevel.GameSession_1 has natively added scene component(s), but none of them were set as the actor's RootComponent - picking one arbitrarily
[2016.06.09-17.32.12:025][281]LogActor:Warning: GameNetworkManager /Game/RunnerAssets/UEDPIE_0_RunnerMap.RunnerMap:PersistentLevel.GameNetworkManager_1 has natively added scene component(s), but none of them were set as the actor's RootComponent - picking one arbitrarily
[2016.06.09-17.32.12:025][281]LogWorld: Bringing up level for play took: 0.009062
[2016.06.09-17.32.12:026][281]LogGameMode: Warning - PATHS NOT DEFINED or NO PLAYERSTART with positive rating
[2016.06.09-17.32.12:045][281]PIE: Info Play in editor start time for /Game/RunnerAssets/UEDPIE_0_RunnerMap 0.887
[2016.06.09-17.32.12:045][281]LogBlueprintUserMessages: Late PlayInEditor Detection: Level '/Game/RunnerAssets/RunnerMap.RunnerMap:PersistentLevel' has LevelScriptBlueprint '/Game/RunnerAssets/RunnerMap.RunnerMap:PersistentLevel.RunnerMap' with GeneratedClass '/Game/RunnerAssets/RunnerMap.RunnerMap_C' with ClassGeneratedBy '/Game/RunnerAssets/RunnerMap.RunnerMap:PersistentLevel.RunnerMap'
[2016.06.09-17.33.05:281][126]LogCharacterMovement: SideScrollerCharacter_C_1 is stuck and failed to move!
[2016.06.09-17.33.06:299][150]LogScript:Warning: Attempted to get an item from array list out of bounds [4/3]!
[2016.06.09-17.33.06:388][150]LogPackageName: SearchForPackageOnDisk took   0.088s to resolve Death.umap.
[2016.06.09-17.33.06:473][151]LogPackageName: SearchForPackageOnDisk took   0.074s to resolve Death.umap.
[2016.06.09-17.33.06:473][151]LogNet: Browse: /Game/RunnerAssets/Death
[2016.06.09-17.33.06:473][151]LogLoad: LoadMap: /Game/RunnerAssets/Death
[2016.06.09-17.33.06:535][151]LogParticles: Destroying 0 GPU particle simulations for FXSystem 0x0000026C19F7A840
[2016.06.09-17.33.06:547][151]Cmd: MEM
[2016.06.09-17.33.06:559][151]LogMemory: Platform Memory Stats for Windows
[2016.06.09-17.33.06:559][151]LogMemory: Process Physical Memory: 1001.87 MB used, 1120.78 MB peak
[2016.06.09-17.33.06:559][151]LogMemory: Process Virtual Memory: 1495.32 MB used, 1733.44 MB peak
[2016.06.09-17.33.06:559][151]LogMemory: Physical Memory: 4985.15 MB used, 16337.33 MB total
[2016.06.09-17.33.06:559][151]LogMemory: Virtual Memory: 2345.72 MB used, 134217728.00 MB total
[2016.06.09-17.33.06:559][151]LogMemory: 
[2016.06.09-17.33.06:559][151]Allocator Stats for TBB: (not implemented)
[2016.06.09-17.33.07:597][151]LogAIModule: Creating AISystem for world Death
[2016.06.09-17.33.07:600][151]LogLinker:Warning: Can't find file '/Game/SideScrollerBP/Blueprints/SideScrollerGameMode'
[2016.06.09-17.33.07:600][151]LogLinker:Warning: Can't find file '/Game/SideScrollerBP/Blueprints/SideScrollerGameMode'
[2016.06.09-17.33.07:601][151]LogUObjectGlobals:Warning: Failed to find object 'Class /Game/SideScrollerBP/Blueprints/SideScrollerGameMode.SideScrollerGameMode_C'
[2016.06.09-17.33.07:601][151]LogWorld: Game class is 'GameMode'
[2016.06.09-17.33.07:603][151]LogWorld: Bringing World /Game/RunnerAssets/UEDPIE_0_Death.Death up for play (max tick rate 0) at 2016.06.09-19.33.07
[2016.06.09-17.33.07:603][151]LogActor:Warning: GameSession /Game/RunnerAssets/UEDPIE_0_Death.Death:PersistentLevel.GameSession_2 has natively added scene component(s), but none of them were set as the actor's RootComponent - picking one arbitrarily
[2016.06.09-17.33.07:604][151]LogActor:Warning: GameNetworkManager /Game/RunnerAssets/UEDPIE_0_Death.Death:PersistentLevel.GameNetworkManager_2 has natively added scene component(s), but none of them were set as the actor's RootComponent - picking one arbitrarily
[2016.06.09-17.33.07:604][151]LogWorld: Bringing up level for play took: 0.001682
[2016.06.09-17.33.07:605][151]LogGameMode: Warning - PATHS NOT DEFINED or NO PLAYERSTART with positive rating
[2016.06.09-17.33.13:815][687]LogBlueprintUserMessages: Early EndPlayMap Detection: Level '/Game/RunnerAssets/RunnerMap.RunnerMap:PersistentLevel' has LevelScriptBlueprint '/Game/RunnerAssets/RunnerMap.RunnerMap:PersistentLevel.RunnerMap' with GeneratedClass '/Game/RunnerAssets/RunnerMap.RunnerMap_C' with ClassGeneratedBy '/Game/RunnerAssets/RunnerMap.RunnerMap:PersistentLevel.RunnerMap'
[2016.06.09-17.33.13:867][687]LogBlueprintUserMessages: Late EndPlayMap Detection: Level '/Game/RunnerAssets/RunnerMap.RunnerMap:PersistentLevel' has LevelScriptBlueprint '/Game/RunnerAssets/RunnerMap.RunnerMap:PersistentLevel.RunnerMap' with GeneratedClass '/Game/RunnerAssets/RunnerMap.RunnerMap_C' with ClassGeneratedBy '/Game/RunnerAssets/RunnerMap.RunnerMap:PersistentLevel.RunnerMap'
[2016.06.09-17.33.13:902][688]LogParticles: Destroying 0 GPU particle simulations for FXSystem 0x0000026C18FAC9A0
[2016.06.09-17.33.32:074][800]LogLinker:Warning: Can't find file '/Game/SideScrollerBP/Blueprints/SideScrollerGameMode'
[2016.06.09-17.33.32:074][800]LogLinker:Warning: Can't find file '/Game/SideScrollerBP/Blueprints/SideScrollerGameMode'
[2016.06.09-17.33.32:074][800]LogUObjectGlobals:Warning: Failed to find object 'Object /Game/SideScrollerBP/Blueprints/SideScrollerGameMode.SideScrollerGameMode_C'
[2016.06.09-17.33.32:075][800]LogLinker:Warning: Can't find file '/Game/SideScrollerBP/Blueprints/SideScrollerGameMode'
[2016.06.09-17.33.32:075][800]LogUObjectGlobals:Warning: Failed to find object 'Object /Game/SideScrollerBP/Blueprints/SideScrollerGameMode.SideScrollerGameMode_C'
[2016.06.09-17.33.32:595][859]LogLinker:Warning: Can't find file '/Game/SideScrollerBP/Blueprints/SideScrollerGameMode'
[2016.06.09-17.33.32:595][859]LogUObjectGlobals:Warning: Failed to find object 'Object /Game/SideScrollerBP/Blueprints/SideScrollerGameMode.SideScrollerGameMode_C'
[2016.06.09-17.33.32:596][859]LogLinker:Warning: Can't find file '/Game/SideScrollerBP/Blueprints/SideScrollerGameMode'
[2016.06.09-17.33.32:596][859]LogUObjectGlobals:Warning: Failed to find object 'Object /Game/SideScrollerBP/Blueprints/SideScrollerGameMode.SideScrollerGameMode_C'
[2016.06.09-17.33.33:633][983]LogLinker:Warning: Can't find file '/Game/SideScrollerBP/Blueprints/SideScrollerGameMode'
[2016.06.09-17.33.33:633][983]LogUObjectGlobals:Warning: Failed to find object 'Object /Game/SideScrollerBP/Blueprints/SideScrollerGameMode.SideScrollerGameMode_C'
[2016.06.09-17.33.33:634][983]LogLinker:Warning: Can't find file '/Game/SideScrollerBP/Blueprints/SideScrollerGameMode'
[2016.06.09-17.33.33:634][983]LogUObjectGlobals:Warning: Failed to find object 'Object /Game/SideScrollerBP/Blueprints/SideScrollerGameMode.SideScrollerGameMode_C'
[2016.06.09-17.33.34:503][ 74]LogLinker:Warning: Asset '../../../Engine/Content/ArtTools/RenderToTexture/Macros/RenderToTextureMacros.uasset' has been saved with empty engine version. The asset will be loaded but may be incompatible.
[2016.06.09-17.33.35:083][ 74]LogContentBrowser: Native class hierarchy updated for 'BlueprintGraph' in 0.0008 seconds. Added 107 classes and 0 folders.
[2016.06.09-17.34.00:460][ 11]LogEditorTransaction: Undo Move Nodes
[2016.06.09-17.34.13:706][577]LogEditorTransaction: Undo Move Nodes
[2016.06.09-17.34.16:059][834]LogEditorTransaction: Undo Move Node
[2016.06.09-17.43.01:575][783]LogSavePackage: Save=350.378174ms
[2016.06.09-17.43.01:575][783]LogSavePackage: Moving '../../../../../../Users/Johan/Documents/GitHub/Runner/Saved/RunnerMap_Auto1E30C63B94A78392F443817B2E9A2B147.tmp' to '../../../../../../Users/Johan/Documents/GitHub/Runner/Saved/Autosaves/Game/RunnerAssets/RunnerMap_Auto1.umap'
[2016.06.09-17.43.01:577][783]LogSavePackage: Total save time: 387.343410ms
[2016.06.09-17.43.01:577][783]LogSavePackage:Display: Finished SavePackage ../../../../../../Users/Johan/Documents/GitHub/Runner/Saved/Autosaves/Game/RunnerAssets/RunnerMap_Auto1.umap
[2016.06.09-17.43.01:579][783]LogFileHelpers: Editor autosave (incl. sublevels) for '/Game/RunnerAssets/RunnerMap' took 0.440
[2016.06.09-17.43.01:579][783]LogFileHelpers: Editor autosave (incl. sublevels) for all levels took 0.440
[2016.06.09-18.07.22:512][993]BlueprintLog: New page: Compile RunnerMap
[2016.06.09-18.07.22:640][993]BlueprintEditorCompileResults: Info [2232.48] Compile of RunnerMap successful! [in 128 ms]
[2016.06.09-18.07.27:600][156]LogBlueprintUserMessages: Early PlayInEditor Detection: Level '/Game/RunnerAssets/RunnerMap.RunnerMap:PersistentLevel' has LevelScriptBlueprint '/Game/RunnerAssets/RunnerMap.RunnerMap:PersistentLevel.RunnerMap' with GeneratedClass '/Game/RunnerAssets/RunnerMap.RunnerMap_C' with ClassGeneratedBy '/Game/RunnerAssets/RunnerMap.RunnerMap:PersistentLevel.RunnerMap'
[2016.06.09-18.07.27:600][156]LogPlayLevel: PlayLevel: No blueprints needed recompiling
[2016.06.09-18.07.27:600][156]PIE: New page: PIE session: RunnerMap (Jun 9, 2016, 10:07:27 PM)
[2016.06.09-18.07.27:600][156]LogPlayLevel: Creating play world package: /Game/RunnerAssets/UEDPIE_0_RunnerMap
[2016.06.09-18.07.27:640][156]LogPlayLevel: PIE: StaticDuplicateObject took: (0.039204s)
[2016.06.09-18.07.27:641][156]LogAIModule: Creating AISystem for world RunnerMap
[2016.06.09-18.07.27:641][156]LogPlayLevel: PIE: World Init took: (0.001627s)
[2016.06.09-18.07.27:642][156]LogPlayLevel: PIE: Created PIE world by copying editor world from /Game/RunnerAssets/RunnerMap.RunnerMap to /Game/RunnerAssets/UEDPIE_0_RunnerMap.RunnerMap (0.041299s)
[2016.06.09-18.07.27:679][156]LogInit: XAudio2 using 'Speakers (USB Sound Device        )' : 2 channels at 44.1 kHz using 16 bits per sample (channel mask 0x3)
[2016.06.09-18.07.27:687][156]LogInit: FAudioDevice initialized.
[2016.06.09-18.07.27:762][156]LogLinker:Warning: Can't find file '/Game/SideScrollerBP/Blueprints/SideScrollerGameMode'
[2016.06.09-18.07.27:762][156]LogLinker:Warning: Can't find file '/Game/SideScrollerBP/Blueprints/SideScrollerGameMode'
[2016.06.09-18.07.27:763][156]LogUObjectGlobals:Warning: Failed to find object 'Class /Game/SideScrollerBP/Blueprints/SideScrollerGameMode.SideScrollerGameMode_C'
[2016.06.09-18.07.27:763][156]LogWorld: Game class is 'GameMode'
[2016.06.09-18.07.27:773][156]LogWorld: Bringing World /Game/RunnerAssets/UEDPIE_0_RunnerMap.RunnerMap up for play (max tick rate 0) at 2016.06.09-20.07.27
[2016.06.09-18.07.27:773][156]LogActor:Warning: GameSession /Game/RunnerAssets/UEDPIE_0_RunnerMap.RunnerMap:PersistentLevel.GameSession_3 has natively added scene component(s), but none of them were set as the actor's RootComponent - picking one arbitrarily
[2016.06.09-18.07.27:773][156]LogActor:Warning: GameNetworkManager /Game/RunnerAssets/UEDPIE_0_RunnerMap.RunnerMap:PersistentLevel.GameNetworkManager_3 has natively added scene component(s), but none of them were set as the actor's RootComponent - picking one arbitrarily
[2016.06.09-18.07.27:774][156]LogWorld: Bringing up level for play took: 0.010211
[2016.06.09-18.07.27:775][156]LogGameMode: Warning - PATHS NOT DEFINED or NO PLAYERSTART with positive rating
[2016.06.09-18.07.27:794][156]PIE: Info Play in editor start time for /Game/RunnerAssets/UEDPIE_0_RunnerMap 0.636
[2016.06.09-18.07.27:794][156]LogBlueprintUserMessages: Late PlayInEditor Detection: Level '/Game/RunnerAssets/RunnerMap.RunnerMap:PersistentLevel' has LevelScriptBlueprint '/Game/RunnerAssets/RunnerMap.RunnerMap:PersistentLevel.RunnerMap' with GeneratedClass '/Game/RunnerAssets/RunnerMap.RunnerMap_C' with ClassGeneratedBy '/Game/RunnerAssets/RunnerMap.RunnerMap:PersistentLevel.RunnerMap'
[2016.06.09-18.07.57:609][224]LogCharacterMovement: SideScrollerCharacter_C_1 is stuck and failed to move!
[2016.06.09-18.09.45:928][116]LogScript:Warning: Attempted to get an item from array list out of bounds [4/3]!
[2016.06.09-18.09.45:928][116]LogScript:Warning: Attempted to get an item from array list out of bounds [4/3]!
[2016.06.09-18.09.46:046][116]LogPackageName: SearchForPackageOnDisk took   0.116s to resolve Death.umap.
[2016.06.09-18.09.46:166][117]LogPackageName: SearchForPackageOnDisk took   0.102s to resolve Death.umap.
[2016.06.09-18.09.46:167][117]LogNet: Browse: /Game/RunnerAssets/Death
[2016.06.09-18.09.46:167][117]LogLoad: LoadMap: /Game/RunnerAssets/Death
[2016.06.09-18.09.46:306][117]LogParticles: Destroying 0 GPU particle simulations for FXSystem 0x0000026C711DE480
[2016.06.09-18.09.46:337][117]Cmd: MEM
[2016.06.09-18.09.46:364][117]LogMemory: Platform Memory Stats for Windows
[2016.06.09-18.09.46:364][117]LogMemory: Process Physical Memory: 1686.55 MB used, 1687.21 MB peak
[2016.06.09-18.09.46:364][117]LogMemory: Process Virtual Memory: 2364.43 MB used, 2365.43 MB peak
[2016.06.09-18.09.46:364][117]LogMemory: Physical Memory: 5345.80 MB used, 16337.33 MB total
[2016.06.09-18.09.46:364][117]LogMemory: Virtual Memory: 3219.29 MB used, 134217728.00 MB total
[2016.06.09-18.09.46:364][117]LogMemory: 
[2016.06.09-18.09.46:364][117]Allocator Stats for TBB: (not implemented)
[2016.06.09-18.09.46:395][117]LogAIModule: Creating AISystem for world Death
[2016.06.09-18.09.46:395][117]LogLinker:Warning: Can't find file '/Game/SideScrollerBP/Blueprints/SideScrollerGameMode'
[2016.06.09-18.09.46:395][117]LogLinker:Warning: Can't find file '/Game/SideScrollerBP/Blueprints/SideScrollerGameMode'
[2016.06.09-18.09.46:395][117]LogUObjectGlobals:Warning: Failed to find object 'Class /Game/SideScrollerBP/Blueprints/SideScrollerGameMode.SideScrollerGameMode_C'
[2016.06.09-18.09.46:396][117]LogWorld: Game class is 'GameMode'
[2016.06.09-18.09.46:397][117]LogWorld: Bringing World /Game/RunnerAssets/UEDPIE_0_Death.Death up for play (max tick rate 0) at 2016.06.09-20.09.46
[2016.06.09-18.09.46:397][117]LogActor:Warning: GameSession /Game/RunnerAssets/UEDPIE_0_Death.Death:PersistentLevel.GameSession_4 has natively added scene component(s), but none of them were set as the actor's RootComponent - picking one arbitrarily
[2016.06.09-18.09.46:397][117]LogActor:Warning: GameNetworkManager /Game/RunnerAssets/UEDPIE_0_Death.Death:PersistentLevel.GameNetworkManager_4 has natively added scene component(s), but none of them were set as the actor's RootComponent - picking one arbitrarily
[2016.06.09-18.09.46:398][117]LogWorld: Bringing up level for play took: 0.000973
[2016.06.09-18.09.46:398][117]LogGameMode: Warning - PATHS NOT DEFINED or NO PLAYERSTART with positive rating
[2016.06.09-18.09.52:759][645]LogPackageName: SearchForPackageOnDisk took   0.095s to resolve MainMenu.umap.
[2016.06.09-18.09.52:856][645]LogPackageName: SearchForPackageOnDisk took   0.096s to resolve MainMenu.umap.
[2016.06.09-18.09.52:856][645]LogNet: Browse: /Game/RunnerAssets/MainMenu
[2016.06.09-18.09.52:856][645]LogLoad: LoadMap: /Game/RunnerAssets/MainMenu
[2016.06.09-18.09.52:890][645]LogParticles: Destroying 0 GPU particle simulations for FXSystem 0x0000026CA30A7880
[2016.06.09-18.09.52:890][645]Cmd: MEM
[2016.06.09-18.09.52:926][645]LogMemory: Platform Memory Stats for Windows
[2016.06.09-18.09.52:926][645]LogMemory: Process Physical Memory: 1658.36 MB used, 1689.45 MB peak
[2016.06.09-18.09.52:926][645]LogMemory: Process Virtual Memory: 2299.84 MB used, 2494.72 MB peak
[2016.06.09-18.09.52:926][645]LogMemory: Physical Memory: 5345.79 MB used, 16337.33 MB total
[2016.06.09-18.09.52:926][645]LogMemory: Virtual Memory: 3245.36 MB used, 134217728.00 MB total
[2016.06.09-18.09.52:926][645]LogMemory: 
[2016.06.09-18.09.52:926][645]Allocator Stats for TBB: (not implemented)
[2016.06.09-18.09.53:658][645]LogAIModule: Creating AISystem for world MainMenu
[2016.06.09-18.09.53:659][645]LogLinker:Warning: Can't find file '/Game/SideScrollerBP/Blueprints/SideScrollerGameMode'
[2016.06.09-18.09.53:659][645]LogLinker:Warning: Can't find file '/Game/SideScrollerBP/Blueprints/SideScrollerGameMode'
[2016.06.09-18.09.53:659][645]LogUObjectGlobals:Warning: Failed to find object 'Class /Game/SideScrollerBP/Blueprints/SideScrollerGameMode.SideScrollerGameMode_C'
[2016.06.09-18.09.53:659][645]LogWorld: Game class is 'GameMode'
[2016.06.09-18.09.53:661][645]LogWorld: Bringing World /Game/RunnerAssets/UEDPIE_0_MainMenu.MainMenu up for play (max tick rate 0) at 2016.06.09-20.09.53
[2016.06.09-18.09.53:661][645]LogActor:Warning: GameSession /Game/RunnerAssets/UEDPIE_0_MainMenu.MainMenu:PersistentLevel.GameSession_5 has natively added scene component(s), but none of them were set as the actor's RootComponent - picking one arbitrarily
[2016.06.09-18.09.53:661][645]LogActor:Warning: GameNetworkManager /Game/RunnerAssets/UEDPIE_0_MainMenu.MainMenu:PersistentLevel.GameNetworkManager_5 has natively added scene component(s), but none of them were set as the actor's RootComponent - picking one arbitrarily
[2016.06.09-18.09.53:661][645]LogWorld: Bringing up level for play took: 0.001076
[2016.06.09-18.09.53:662][645]LogGameMode: Warning - PATHS NOT DEFINED or NO PLAYERSTART with positive rating
[2016.06.09-18.10.01:839][331]LogBlueprintUserMessages: Early EndPlayMap Detection: Level '/Game/RunnerAssets/RunnerMap.RunnerMap:PersistentLevel' has LevelScriptBlueprint '/Game/RunnerAssets/RunnerMap.RunnerMap:PersistentLevel.RunnerMap' with GeneratedClass '/Game/RunnerAssets/RunnerMap.RunnerMap_C' with ClassGeneratedBy '/Game/RunnerAssets/RunnerMap.RunnerMap:PersistentLevel.RunnerMap'
[2016.06.09-18.10.01:874][331]LogBlueprintUserMessages: Late EndPlayMap Detection: Level '/Game/RunnerAssets/RunnerMap.RunnerMap:PersistentLevel' has LevelScriptBlueprint '/Game/RunnerAssets/RunnerMap.RunnerMap:PersistentLevel.RunnerMap' with GeneratedClass '/Game/RunnerAssets/RunnerMap.RunnerMap_C' with ClassGeneratedBy '/Game/RunnerAssets/RunnerMap.RunnerMap:PersistentLevel.RunnerMap'
[2016.06.09-18.10.01:923][332]LogParticles: Destroying 0 GPU particle simulations for FXSystem 0x0000026CA1287A60
[2016.06.09-18.10.12:940][421]Cmd: OBJ SAVEPACKAGE PACKAGE="/Game/RunnerAssets/RunnerMap" FILE="../../../../../../Users/Johan/Documents/GitHub/Runner/Content/RunnerAssets/RunnerMap.umap" SILENT=true AUTOSAVING=false KEEPDIRTY=false
[2016.06.09-18.10.13:329][421]LogSavePackage: Save=336.760040ms
[2016.06.09-18.10.13:329][421]LogSavePackage: Moving '../../../../../../Users/Johan/Documents/GitHub/Runner/Saved/RunnerMap537EFFFF49A8AEC3BFCF66A138196C3B.tmp' to '../../../../../../Users/Johan/Documents/GitHub/Runner/Content/RunnerAssets/RunnerMap.umap'
[2016.06.09-18.10.13:332][421]LogSavePackage: Total save time: 360.291887ms
[2016.06.09-18.10.13:332][421]LogSavePackage:Display: Finished SavePackage ../../../../../../Users/Johan/Documents/GitHub/Runner/Content/RunnerAssets/RunnerMap.umap
[2016.06.09-18.10.13:368][421]LogFileHelpers: Saving map 'RunnerMap' took 0.526
[2016.06.09-18.10.16:542][758]Cmd: QUIT_EDITOR
[2016.06.09-18.10.16:713][758]LogWindowsTextInputMethodSystem:Display: IME system now deactivated.
[2016.06.09-18.10.16:714][758]LogWindowsTextInputMethodSystem:Display: IME system now deactivated.
[2016.06.09-18.10.16:810][758]LogExit: Preparing to exit.
[2016.06.09-18.15.18:728][758]LogExit: Editor shut down
[2016.06.09-18.15.18:729][758]LogExit: Transaction tracking system shut down
[2016.06.09-18.15.18:750][758]LogParticles: Destroying 0 GPU particle simulations for FXSystem 0x0000026C1CF90900
[2016.06.09-18.15.18:751][758]LogParticles: Destroying 0 GPU particle simulations for FXSystem 0x0000026C2C1E5620
[2016.06.09-18.15.18:751][758]LogParticles: Destroying 0 GPU particle simulations for FXSystem 0x0000026C2C0B6E80
[2016.06.09-18.15.18:751][758]LogParticles: Destroying 0 GPU particle simulations for FXSystem 0x0000026C1CFFE980
[2016.06.09-18.15.18:753][758]LogParticles: Destroying 0 GPU particle simulations for FXSystem 0x0000026C1931CCC0
[2016.06.09-18.15.20:564][758]LogExit: Object subsystem successfully closed.
[2016.06.09-18.15.20:581][758]LogD3D11RHI: Shutdown
[2016.06.09-18.15.20:581][758]LogD3D11RHI: CleanupD3DDevice
[2016.06.09-18.15.20:732][758]LogD3D11RHI: ~FD3D11DynamicRHI
[2016.06.09-18.15.21:851][758]LogModuleManager: Shutting down and abandoning module CookingStats (200)
[2016.06.09-18.15.21:851][758]LogModuleManager: Shutting down and abandoning module BlueprintGraph (199)
[2016.06.09-18.15.21:851][758]LogModuleManager: Shutting down and abandoning module CrashTracker (198)
[2016.06.09-18.15.21:851][758]LogModuleManager: Shutting down and abandoning module SceneOutliner (197)
[2016.06.09-18.15.21:851][758]LogModuleManager: Shutting down and abandoning module SuperSearch (196)
[2016.06.09-18.15.21:851][758]LogModuleManager: Shutting down and abandoning module WidgetCarousel (195)
[2016.06.09-18.15.21:904][758]LogModuleManager: Shutting down and abandoning module AddContentDialog (194)
[2016.06.09-18.15.21:907][758]LogModuleManager: Shutting down and abandoning module EditorWidgets (193)
[2016.06.09-18.15.21:907][758]LogModuleManager: Shutting down and abandoning module CollectionManager (192)
[2016.06.09-18.15.22:094][758]LogModuleManager: Shutting down and abandoning module StatsViewer (191)
[2016.06.09-18.15.22:163][758]LogModuleManager: Shutting down and abandoning module FoliageEdit (190)
[2016.06.09-18.15.22:211][758]LogModuleManager: Shutting down and abandoning module LandscapeEditor (189)
[2016.06.09-18.15.22:212][758]LogModuleManager: Shutting down and abandoning module ActorPickerMode (188)
[2016.06.09-18.15.22:212][758]LogModuleManager: Shutting down and abandoning module GeometryMode (187)
[2016.06.09-18.15.22:212][758]LogModuleManager: Shutting down and abandoning module TextureAlignMode (186)
[2016.06.09-18.15.22:212][758]LogModuleManager: Shutting down and abandoning module BspMode (185)
[2016.06.09-18.15.22:212][758]LogModuleManager: Shutting down and abandoning module PlacementMode (184)
[2016.06.09-18.15.22:212][758]LogModuleManager: Shutting down and abandoning module AutomationWorker (183)
[2016.06.09-18.15.22:212][758]LogModuleManager: Shutting down and abandoning module CharacterAI (182)
[2016.06.09-18.15.22:212][758]LogModuleManager: Shutting down and abandoning module SmartSnapping (181)
[2016.06.09-18.15.22:212][758]LogModuleManager: Shutting down and abandoning module ViewportSnapping (180)
[2016.06.09-18.15.22:212][758]LogModuleManager: Shutting down and abandoning module LogVisualizer (179)
[2016.06.09-18.15.22:212][758]LogModuleManager: Shutting down and abandoning module GameProjectGeneration (178)
[2016.06.09-18.15.22:453][758]LogModuleManager: Shutting down and abandoning module IntroTutorials (177)
[2016.06.09-18.15.22:595][758]LogModuleManager: Shutting down and abandoning module EditorLiveStreaming (176)
[2016.06.09-18.15.22:595][758]LogModuleManager: Shutting down and abandoning module IOSPlatformEditor (175)
[2016.06.09-18.15.22:595][758]LogModuleManager: Shutting down and abandoning module HTML5PlatformEditor (174)
[2016.06.09-18.15.22:595][758]LogModuleManager: Shutting down and abandoning module AndroidDeviceDetection (173)
[2016.06.09-18.15.22:878][758]LogModuleManager: Shutting down and abandoning module AndroidPlatformEditor (172)
[2016.06.09-18.15.22:878][758]LogModuleManager: Shutting down and abandoning module IOSRuntimeSettings (171)
[2016.06.09-18.15.22:878][758]LogModuleManager: Shutting down and abandoning module AndroidRuntimeSettings (170)
[2016.06.09-18.15.22:878][758]LogModuleManager: Shutting down and abandoning module MergeActors (169)
[2016.06.09-18.15.22:878][758]LogModuleManager: Shutting down and abandoning module SizeMap (168)
[2016.06.09-18.15.22:878][758]LogModuleManager: Shutting down and abandoning module TreeMap (167)
[2016.06.09-18.15.22:878][758]LogModuleManager: Shutting down and abandoning module ReferenceViewer (166)
[2016.06.09-18.15.22:878][758]LogModuleManager: Shutting down and abandoning module LocalizationService (165)
[2016.06.09-18.15.22:972][758]LogModuleManager: Shutting down and abandoning module LocalizationDashboard (164)
[2016.06.09-18.15.22:973][758]LogModuleManager: Shutting down and abandoning module HardwareTargeting (163)
[2016.06.09-18.15.22:973][758]LogModuleManager: Shutting down and abandoning module DeviceProfileEditor (162)
[2016.06.09-18.15.22:973][758]LogModuleManager: Shutting down and abandoning module UndoHistory (161)
[2016.06.09-18.15.22:973][758]LogModuleManager: Shutting down and abandoning module GameplayTagsEditor (160)
[2016.06.09-18.15.22:973][758]LogModuleManager: Shutting down and abandoning module UserFeedback (159)
[2016.06.09-18.15.22:973][758]LogModuleManager: Shutting down and abandoning module XmlParser (158)
[2016.06.09-18.15.22:973][758]LogModuleManager: Shutting down and abandoning module Blutility (157)
[2016.06.09-18.15.22:973][758]LogModuleManager: Shutting down and abandoning module ProjectTargetPlatformEditor (156)
[2016.06.09-18.15.22:973][758]LogModuleManager: Shutting down and abandoning module ProjectSettingsViewer (155)
[2016.06.09-18.15.22:973][758]LogModuleManager: Shutting down and abandoning module InputBindingEditor (154)
[2016.06.09-18.15.22:973][758]LogModuleManager: Shutting down and abandoning module EditorSettingsViewer (153)
[2016.06.09-18.15.22:973][758]LogModuleManager: Shutting down and abandoning module SettingsEditor (152)
[2016.06.09-18.15.22:973][758]LogModuleManager: Shutting down and abandoning module ProjectLauncher (151)
[2016.06.09-18.15.22:973][758]LogModuleManager: Shutting down and abandoning module SessionFrontend (150)
[2016.06.09-18.15.22:973][758]LogModuleManager: Shutting down and abandoning module ProfilerClient (149)
[2016.06.09-18.15.22:973][758]LogModuleManager: Shutting down and abandoning module TargetDeviceServices (148)
[2016.06.09-18.15.22:973][758]LogModuleManager: Shutting down and abandoning module DeviceManager (147)
[2016.06.09-18.15.22:973][758]LogModuleManager: Shutting down and abandoning module AutomationController (146)
[2016.06.09-18.15.23:044][758]LogModuleManager: Shutting down and abandoning module AutomationWindow (145)
[2016.06.09-18.15.23:044][758]LogModuleManager: Shutting down and abandoning module Layers (144)
[2016.06.09-18.15.23:045][758]LogModuleManager: Shutting down and abandoning module ComponentVisualizers (143)
[2016.06.09-18.15.23:045][758]LogModuleManager: Shutting down and abandoning module DetailCustomizations (142)
[2016.06.09-18.15.23:045][758]LogModuleManager: Shutting down and abandoning module PackagesDialog (141)
[2016.06.09-18.15.23:045][758]LogModuleManager: Shutting down and abandoning module Persona (140)
[2016.06.09-18.15.23:045][758]LogModuleManager: Shutting down and abandoning module Kismet (139)
[2016.06.09-18.15.23:045][758]LogModuleManager: Shutting down and abandoning module GraphEditor (138)
[2016.06.09-18.15.23:045][758]LogModuleManager: Shutting down and abandoning module ClassViewer (137)
[2016.06.09-18.15.23:045][758]LogModuleManager: Shutting down and abandoning module Toolbox (136)
[2016.06.09-18.15.23:045][758]LogModuleManager: Shutting down and abandoning module ModuleUI (135)
[2016.06.09-18.15.23:045][758]LogModuleManager: Shutting down and abandoning module MovieSceneTools (134)
[2016.06.09-18.15.23:045][758]LogModuleManager: Shutting down and abandoning module OutputLog (133)
[2016.06.09-18.15.23:045][758]LogModuleManager: Shutting down and abandoning module GammaUI (132)
[2016.06.09-18.15.23:045][758]LogModuleManager: Shutting down and abandoning module Documentation (131)
[2016.06.09-18.15.23:045][758]LogModuleManager: Shutting down and abandoning module GameLiveStreaming (130)
[2016.06.09-18.15.23:699][758]LogModuleManager: Shutting down and abandoning module StreamingPauseRendering (129)
[2016.06.09-18.15.23:699][758]LogModuleManager: Shutting down and abandoning module AnalyticsET (128)
[2016.06.09-18.15.23:699][758]LogModuleManager: Shutting down and abandoning module Analytics (127)
[2016.06.09-18.15.23:699][758]LogModuleManager: Shutting down and abandoning module AITestSuite (126)
[2016.06.09-18.15.23:699][758]LogModuleManager: Shutting down and abandoning module GameplayDebugger (125)
[2016.06.09-18.15.23:701][758]LogModuleManager: Shutting down and abandoning module AIModule (124)
[2016.06.09-18.15.23:701][758]LogModuleManager: Shutting down and abandoning module ProfilerService (123)
[2016.06.09-18.15.23:905][758]LogModuleManager: Shutting down and abandoning module TaskGraph (122)
[2016.06.09-18.15.23:905][758]LogModuleManager: Shutting down and abandoning module SlateRemote (121)
[2016.06.09-18.15.23:905][758]LogModuleManager: Shutting down and abandoning module SteamVRController (120)
[2016.06.09-18.15.23:905][758]LogModuleManager: Shutting down and abandoning module SteamVR (119)
[2016.06.09-18.15.23:905][758]LogModuleManager: Shutting down and abandoning module ProceduralMeshComponent (118)
[2016.06.09-18.15.23:905][758]LogModuleManager: Shutting down and abandoning module OculusLibrary (117)
[2016.06.09-18.15.23:905][758]LogModuleManager: Shutting down and abandoning module OculusInput (116)
[2016.06.09-18.15.23:905][758]LogModuleManager: Shutting down and abandoning module LeapMotionController (115)
[2016.06.09-18.15.23:917][758]LogModuleManager: Shutting down and abandoning module CustomMeshComponent (114)
[2016.06.09-18.15.23:917][758]LogModuleManager: Shutting down and abandoning module CableComponent (113)
[2016.06.09-18.15.23:920][758]LogModuleManager: Shutting down and abandoning module ArchVisCharacter (112)
[2016.06.09-18.15.23:920][758]LogModuleManager: Shutting down and abandoning module MessagingDebugger (111)
[2016.06.09-18.15.23:920][758]LogModuleManager: Shutting down and abandoning module MediaPlayerEditor (110)
[2016.06.09-18.15.23:920][758]LogModuleManager: Shutting down and abandoning module HTML5Networking (109)
[2016.06.09-18.15.23:920][758]LogModuleManager: Shutting down and abandoning module SpeedTreeImporter (108)
[2016.06.09-18.15.23:920][758]LogModuleManager: Shutting down and abandoning module PluginBrowser (107)
[2016.06.09-18.15.23:920][758]LogModuleManager: Shutting down and abandoning module EpicSurvey (106)
[2016.06.09-18.15.23:920][758]LogModuleManager: Shutting down and abandoning module DesktopPlatform (105)
[2016.06.09-18.15.23:920][758]LogModuleManager: Shutting down and abandoning module VisualStudioSourceCodeAccess (104)
[2016.06.09-18.15.23:920][758]LogModuleManager: Shutting down and abandoning module UObjectPlugin (103)
[2016.06.09-18.15.23:920][758]LogModuleManager: Shutting down and abandoning module SubversionSourceControl (102)
[2016.06.09-18.15.23:920][758]LogModuleManager: Shutting down and abandoning module PerforceSourceControl (101)
[2016.06.09-18.15.23:920][758]LogModuleManager: Shutting down and abandoning module SourceControl (100)
[2016.06.09-18.15.23:920][758]LogModuleManager: Shutting down and abandoning module GitSourceControl (99)
[2016.06.09-18.15.23:920][758]LogModuleManager: Shutting down and abandoning module LightPropagationVolumeEditor (98)
[2016.06.09-18.15.23:920][758]LogModuleManager: Shutting down and abandoning module PaperTiledImporter (97)
[2016.06.09-18.15.23:958][758]LogModuleManager: Shutting down and abandoning module PaperSpriteSheetImporter (96)
[2016.06.09-18.15.23:958][758]LogModuleManager: Shutting down and abandoning module MeshPaint (95)
[2016.06.09-18.15.23:958][758]LogModuleManager: Shutting down and abandoning module SlateReflector (94)
[2016.06.09-18.15.23:958][758]LogModuleManager: Shutting down and abandoning module HotReload (93)
[2016.06.09-18.15.23:963][758]LogModuleManager: Shutting down and abandoning module MainFrame (92)
[2016.06.09-18.15.23:963][758]LogModuleManager: Shutting down and abandoning module LevelEditor (91)
[2016.06.09-18.15.23:963][758]LogModuleManager: Shutting down and abandoning module DirectoryWatcher (90)
[2016.06.09-18.15.23:965][758]LogModuleManager: Shutting down and abandoning module AssetRegistry (89)
[2016.06.09-18.15.24:050][758]LogModuleManager: Shutting down and abandoning module ContentBrowser (88)
[2016.06.09-18.15.24:051][758]LogModuleManager: Shutting down and abandoning module Paper2DEditor (87)
[2016.06.09-18.15.24:051][758]LogModuleManager: Shutting down and abandoning module UdpMessaging (86)
[2016.06.09-18.15.24:152][758]LogModuleManager: Shutting down and abandoning module LightPropagationVolumeRuntime (85)
[2016.06.09-18.15.24:152][758]LogModuleManager: Shutting down and abandoning module Paper2D (84)
[2016.06.09-18.15.24:231][758]LogModuleManager: Shutting down and abandoning module WindowsMoviePlayer (83)
[2016.06.09-18.15.24:234][758]LogModuleManager: Shutting down and abandoning module Media (82)
[2016.06.09-18.15.24:234][758]LogModuleManager: Shutting down and abandoning module WmfMedia (81)
[2016.06.09-18.15.24:259][758]LogModuleManager: Shutting down and abandoning module OnlineBlueprintSupport (80)
[2016.06.09-18.15.24:259][758]LogModuleManager: Shutting down and abandoning module GameplayTasksEditor (79)
[2016.06.09-18.15.24:259][758]LogModuleManager: Shutting down and abandoning module PropertyEditor (78)
[2016.06.09-18.15.24:259][758]LogModuleManager: Shutting down and abandoning module BehaviorTreeEditor (77)
[2016.06.09-18.15.24:259][758]LogModuleManager: Shutting down and abandoning module FunctionalTesting (76)
[2016.06.09-18.15.24:259][758]LogModuleManager: Shutting down and abandoning module CollisionAnalyzer (75)
[2016.06.09-18.15.24:259][758]LogModuleManager: Shutting down and abandoning module WorkspaceMenuStructure (74)
[2016.06.09-18.15.24:259][758]LogModuleManager: Shutting down and abandoning module MessageLog (73)
[2016.06.09-18.15.24:259][758]LogModuleManager: Shutting down and abandoning module Sequencer (72)
[2016.06.09-18.15.24:259][758]LogModuleManager: Shutting down and abandoning module AssetTools (71)
[2016.06.09-18.15.24:747][758]LogModuleManager: Shutting down and abandoning module UMGEditor (70)
[2016.06.09-18.15.24:995][758]LogModuleManager: Shutting down and abandoning module UMG (69)
[2016.06.09-18.15.24:995][758]LogModuleManager: Shutting down and abandoning module Slate (68)
[2016.06.09-18.15.24:995][758]LogModuleManager: Shutting down and abandoning module EditorStyle (67)
[2016.06.09-18.15.24:997][758]LogModuleManager: Shutting down and abandoning module SessionServices (66)
[2016.06.09-18.15.24:997][758]LogModuleManager: Shutting down and abandoning module SourceCodeAccess (65)
[2016.06.09-18.15.24:997][758]LogModuleManager: Shutting down and abandoning module HeadMountedDisplay (64)
[2016.06.09-18.15.24:997][758]LogModuleManager: Shutting down and abandoning module XAudio2 (63)
[2016.06.09-18.15.24:997][758]LogModuleManager: Shutting down and abandoning module Networking (61)
[2016.06.09-18.15.24:997][758]LogModuleManager: Shutting down and abandoning module Core (60)
[2016.06.09-18.15.24:997][758]LogModuleManager: Shutting down and abandoning module KismetCompiler (59)
[2016.06.09-18.15.24:997][758]LogModuleManager: Shutting down and abandoning module PhysXFormats (58)
[2016.06.09-18.15.24:997][758]LogModuleManager: Shutting down and abandoning module MeshUtilities (57)
[2016.06.09-18.15.24:997][758]LogModuleManager: Shutting down and abandoning module DerivedDataCache (56)
[2016.06.09-18.15.25:055][758]LogDerivedDataCache: Shutdown
[2016.06.09-18.15.25:055][758]LogModuleManager: Shutting down and abandoning module ShaderFormatOpenGL (55)
[2016.06.09-18.15.25:055][758]LogModuleManager: Shutting down and abandoning module ShaderFormatD3D (54)
[2016.06.09-18.15.25:055][758]LogModuleManager: Shutting down and abandoning module MetalShaderFormat (53)
[2016.06.09-18.15.25:055][758]LogModuleManager: Shutting down and abandoning module TextureFormatUncompressed (52)
[2016.06.09-18.15.25:055][758]LogModuleManager: Shutting down and abandoning module TextureFormatPVR (51)
[2016.06.09-18.15.25:055][758]LogModuleManager: Shutting down and abandoning module TextureFormatIntelISPCTexComp (50)
[2016.06.09-18.15.25:055][758]LogModuleManager: Shutting down and abandoning module TextureFormatDXT (49)
[2016.06.09-18.15.25:055][758]LogModuleManager: Shutting down and abandoning module ImageWrapper (48)
[2016.06.09-18.15.25:055][758]LogModuleManager: Shutting down and abandoning module TextureFormatASTC (47)
[2016.06.09-18.15.25:055][758]LogModuleManager: Shutting down and abandoning module TextureFormatAndroid (46)
[2016.06.09-18.15.25:055][758]LogModuleManager: Shutting down and abandoning module AudioFormatOpus (45)
[2016.06.09-18.15.25:107][758]LogModuleManager: Shutting down and abandoning module AudioFormatOgg (44)
[2016.06.09-18.15.25:107][758]LogModuleManager: Shutting down and abandoning module AudioFormatADPCM (43)
[2016.06.09-18.15.25:107][758]LogModuleManager: Shutting down and abandoning module LinuxTargetPlatform (42)
[2016.06.09-18.15.25:107][758]LogModuleManager: Shutting down and abandoning module LinuxServerTargetPlatform (41)
[2016.06.09-18.15.25:107][758]LogModuleManager: Shutting down and abandoning module LinuxNoEditorTargetPlatform (40)
[2016.06.09-18.15.25:107][758]LogModuleManager: Shutting down and abandoning module Messaging (39)
[2016.06.09-18.15.25:107][758]LogModuleManager: Shutting down and abandoning module IOSTargetPlatform (38)
[2016.06.09-18.15.25:107][758]LogModuleManager: Shutting down and abandoning module HTML5TargetPlatform (37)
[2016.06.09-18.15.25:107][758]LogModuleManager: Shutting down and abandoning module Android_PVRTCTargetPlatform (36)
[2016.06.09-18.15.25:107][758]LogModuleManager: Shutting down and abandoning module Android_MultiTargetPlatform (35)
[2016.06.09-18.15.25:107][758]LogModuleManager: Shutting down and abandoning module Android_ETC2TargetPlatform (34)
[2016.06.09-18.15.25:107][758]LogModuleManager: Shutting down and abandoning module Android_ETC1TargetPlatform (33)
[2016.06.09-18.15.25:107][758]LogModuleManager: Shutting down and abandoning module Android_DXTTargetPlatform (32)
[2016.06.09-18.15.25:107][758]LogModuleManager: Shutting down and abandoning module Android_ATCTargetPlatform (31)
[2016.06.09-18.15.25:107][758]LogModuleManager: Shutting down and abandoning module Android_ASTCTargetPlatform (30)
[2016.06.09-18.15.25:107][758]LogModuleManager: Shutting down and abandoning module AndroidTargetPlatform (29)
[2016.06.09-18.15.25:107][758]LogModuleManager: Shutting down and abandoning module WindowsTargetPlatform (28)
[2016.06.09-18.15.25:107][758]LogModuleManager: Shutting down and abandoning module WindowsServerTargetPlatform (27)
[2016.06.09-18.15.25:107][758]LogModuleManager: Shutting down and abandoning module WindowsNoEditorTargetPlatform (26)
[2016.06.09-18.15.25:107][758]LogModuleManager: Shutting down and abandoning module WindowsClientTargetPlatform (25)
[2016.06.09-18.15.25:107][758]LogModuleManager: Shutting down and abandoning module AllDesktopTargetPlatform (24)
[2016.06.09-18.15.25:107][758]LogModuleManager: Shutting down and abandoning module TargetPlatform (23)
[2016.06.09-18.15.25:107][758]LogModuleManager: Shutting down and abandoning module InputCore (22)
[2016.06.09-18.15.25:107][758]LogModuleManager: Shutting down and abandoning module Settings (21)
[2016.06.09-18.15.25:107][758]LogModuleManager: Shutting down and abandoning module OnlineSubsystem (19)
[2016.06.09-18.15.25:107][758]LogModuleManager: Shutting down and abandoning module HTTP (18)
[2016.06.09-18.15.27:110][758]LogModuleManager: Shutting down and abandoning module XMPP (17)
[2016.06.09-18.15.27:110][758]LogModuleManager: Shutting down and abandoning module OculusRift (16)
[2016.06.09-18.15.27:110][758]LogModuleManager: Shutting down and abandoning module ExampleDeviceProfileSelector (15)
[2016.06.09-18.15.27:110][758]LogModuleManager: Shutting down and abandoning module TextureCompressor (14)
[2016.06.09-18.15.27:110][758]LogModuleManager: Shutting down and abandoning module ShaderCore (13)
[2016.06.09-18.15.27:110][758]LogModuleManager: Shutting down and abandoning module Landscape (12)
[2016.06.09-18.15.27:110][758]LogModuleManager: Shutting down and abandoning module SlateRHIRenderer (11)
[2016.06.09-18.15.27:116][758]LogModuleManager: Shutting down and abandoning module OpenGLDrv (10)
[2016.06.09-18.15.27:116][758]LogModuleManager: Shutting down and abandoning module D3D11RHI (9)
[2016.06.09-18.15.27:116][758]LogModuleManager: Shutting down and abandoning module AnimGraphRuntime (8)
[2016.06.09-18.15.27:116][758]LogModuleManager: Shutting down and abandoning module Renderer (7)
[2016.06.09-18.15.27:116][758]LogModuleManager: Shutting down and abandoning module Engine (6)
[2016.06.09-18.15.27:116][758]LogModuleManager: Shutting down and abandoning module CoreUObject (5)
[2016.06.09-18.15.27:116][758]LogModuleManager: Shutting down and abandoning module NetworkFile (4)
[2016.06.09-18.15.27:116][758]LogModuleManager: Shutting down and abandoning module StreamingFile (3)
[2016.06.09-18.15.27:116][758]LogModuleManager: Shutting down and abandoning module SandboxFile (2)
[2016.06.09-18.15.27:116][758]LogModuleManager: Shutting down and abandoning module PakFile (1)
[2016.06.09-18.15.27:118][758]LogExit: Exiting.
[2016.06.09-18.15.27:121][758]Log file closed, 06/09/16 20:15:27
