[2016.05.20-21.35.37:096][  0]Log file open, 05/20/16 23:35:37
[2016.05.20-21.35.37:096][  0]LogInit:Display: Running engine for game: Runner
[2016.05.20-21.35.37:096][  0]LogPlatformFile: Not using cached read wrapper
[2016.05.20-21.35.37:096][  0]LogInit:Display: RandInit(1992378412) SRandInit(1992378414).
[2016.05.20-21.35.37:096][  0]LogTaskGraph: Started task graph with 4 named threads and 7 total threads.
[2016.05.20-21.35.37:096][  0]LogStats: Stats thread started at 0.133859
[2016.05.20-21.35.37:096][  0]LogInit: Version: 4.10.4-2872498+++depot+UE4-Releases+4.10
[2016.05.20-21.35.37:096][  0]LogInit: API Version: 2758231
[2016.05.20-21.35.37:096][  0]LogInit: Compiled (64-bit): Feb 18 2016 15:47:04
[2016.05.20-21.35.37:096][  0]LogInit: Compiled with Visual C++: 19.00.23026.00
[2016.05.20-21.35.37:096][  0]LogInit: Build Configuration: Development
[2016.05.20-21.35.37:096][  0]LogInit: Branch Name: ++depot+UE4-Releases+4.10
[2016.05.20-21.35.37:096][  0]LogInit: Command line:  
[2016.05.20-21.35.37:096][  0]LogInit: Base directory: C:/Program Files/Epic Games/4.10/Engine/Binaries/Win64/
[2016.05.20-21.35.37:096][  0]LogInit: Rocket: 1
[2016.05.20-21.35.37:220][  0]LogInit: Using libcurl 7.41.0
[2016.05.20-21.35.37:220][  0]LogInit:  - built for x86_64-pc-win32
[2016.05.20-21.35.37:220][  0]LogInit:  - supports SSL with WinSSL
[2016.05.20-21.35.37:220][  0]LogInit:  - other features:
[2016.05.20-21.35.37:220][  0]LogInit:      CURL_VERSION_SSL
[2016.05.20-21.35.37:220][  0]LogInit:      CURL_VERSION_IPV6
[2016.05.20-21.35.37:220][  0]LogInit:      CURL_VERSION_ASYNCHDNS
[2016.05.20-21.35.37:220][  0]LogInit:      CURL_VERSION_LARGEFILE
[2016.05.20-21.35.37:220][  0]LogInit:      CURL_VERSION_IDN
[2016.05.20-21.35.37:220][  0]LogInit:  CurlRequestOptions (configurable via config and command line):
[2016.05.20-21.35.37:220][  0]LogInit:  - bVerifyPeer = true  - Libcurl will verify peer certificate
[2016.05.20-21.35.37:220][  0]LogInit:  - bUseHttpProxy = false  - Libcurl will NOT use HTTP proxy
[2016.05.20-21.35.37:220][  0]LogInit:  - bDontReuseConnections = false  - Libcurl will reuse connections
[2016.05.20-21.35.37:220][  0]LogInit:  - CertBundlePath = nullptr  - Libcurl will use whatever was configured at build time.
[2016.05.20-21.35.37:285][  0]LogInit: Presizing for 0 objects not considered by GC, pre-allocating 0 bytes.
[2016.05.20-21.35.37:292][  0]LogInit: Object subsystem initialized
[2016.05.20-21.35.37:293][  0]LogInit: Selected Device Profile: [Windows]
[2016.05.20-21.35.37:293][  0]LogInit: Applying CVar settings loaded from the selected device profile: [Windows]
[2016.05.20-21.35.37:306][  0]LogInit: Computer: JOHANS_MONSTER
[2016.05.20-21.35.37:306][  0]LogInit: User: Johan
[2016.05.20-21.35.37:306][  0]LogInit: CPU Page size=4096, Cores=4
[2016.05.20-21.35.37:306][  0]LogInit: High frequency timer resolution =3.312783 MHz
[2016.05.20-21.35.37:306][  0]LogMemory: Memory total: Physical=16.0GB (16GB approx)
[2016.05.20-21.35.37:306][  0]LogMemory: Platform Memory Stats for Windows
[2016.05.20-21.35.37:306][  0]LogMemory: Process Physical Memory: 56.31 MB used, 56.31 MB peak
[2016.05.20-21.35.37:306][  0]LogMemory: Process Virtual Memory: 56.74 MB used, 56.74 MB peak
[2016.05.20-21.35.37:306][  0]LogMemory: Physical Memory: 3218.36 MB used, 16337.33 MB total
[2016.05.20-21.35.37:306][  0]LogMemory: Virtual Memory: 382.84 MB used, 134217728.00 MB total
[2016.05.20-21.35.37:530][  0]LogTextLocalizationManager: No translations for ('sv-SE') exist, falling back to 'en' for localization and internationalization data.
[2016.05.20-21.35.38:003][  0]LogD3D11RHI: Found D3D11 adapter 0: NVIDIA GeForce GTX 560 SE (Feature Level 11_0)
[2016.05.20-21.35.38:003][  0]LogD3D11RHI: Adapter has 977MB of dedicated video memory, 0MB of dedicated system memory, and 8168MB of shared system memory, 1 output[s]
[2016.05.20-21.35.38:005][  0]LogD3D11RHI: Found D3D11 adapter 1: Microsoft Basic Render Driver (Feature Level 11_0)
[2016.05.20-21.35.38:005][  0]LogD3D11RHI: Adapter has 0MB of dedicated video memory, 0MB of dedicated system memory, and 8168MB of shared system memory, 0 output[s]
[2016.05.20-21.35.38:005][  0]LogD3D11RHI: Chosen D3D11 Adapter Id = 0
[2016.05.20-21.35.38:008][  0]LogD3D11RHI: !Direct3DDevice
[2016.05.20-21.35.38:008][  0]LogRHI: Texture pool is 684 MB (70% of 977 MB)
[2016.05.20-21.35.38:021][  0]LogD3D11RHI: Async texture creation enabled
[2016.05.20-21.35.38:036][  0]LogShaderCompilers: Guid format shader working directory is -7 characters bigger than the processId version (../../../../../../Users/Johan/Documents/GitHub/Runner/Intermediate/Shaders/WorkingDirectory/2192/).
[2016.05.20-21.35.38:036][  0]LogShaderCompilers: Cleaned the shader compiler working directory 'C:/Users/Johan/AppData/Local/Temp/UnrealShaderWorkingDir/7D53C1A240B2E56F71B78885BE518EA4/'.
[2016.05.20-21.35.38:036][  0]LogShaderCompilers:Display: Using Local Shader Compiler.
[2016.05.20-21.35.39:555][  0]LogTemp:Display: Loaded TP AllDesktopTargetPlatform
[2016.05.20-21.35.39:564][  0]LogTemp:Display: Loaded TP WindowsClientTargetPlatform
[2016.05.20-21.35.39:574][  0]LogTemp:Display: Loaded TP WindowsNoEditorTargetPlatform
[2016.05.20-21.35.39:583][  0]LogTemp:Display: Loaded TP WindowsServerTargetPlatform
[2016.05.20-21.35.39:592][  0]LogTemp:Display: Loaded TP WindowsTargetPlatform
[2016.05.20-21.35.39:596][  0]LogTemp:Display: Loaded TP AndroidTargetPlatform
[2016.05.20-21.35.39:598][  0]LogTemp:Display: Loaded TP Android_ASTCTargetPlatform
[2016.05.20-21.35.39:601][  0]LogTemp:Display: Loaded TP Android_ATCTargetPlatform
[2016.05.20-21.35.39:604][  0]LogTemp:Display: Loaded TP Android_DXTTargetPlatform
[2016.05.20-21.35.39:607][  0]LogTemp:Display: Loaded TP Android_ETC1TargetPlatform
[2016.05.20-21.35.39:609][  0]LogTemp:Display: Loaded TP Android_ETC2TargetPlatform
[2016.05.20-21.35.39:615][  0]LogTemp:Display: Loaded TP Android_MultiTargetPlatform
[2016.05.20-21.35.39:615][  0]LogTemp:Display: Loaded TP Android_PVRTCTargetPlatform
[2016.05.20-21.35.39:616][  0]LogTemp:Display: Loaded TP HTML5TargetPlatform
[2016.05.20-21.35.39:647][  0]LogTemp:Display: Loaded TP IOSTargetPlatform
[2016.05.20-21.35.39:649][  0]LogTemp:Display: Loaded TP LinuxNoEditorTargetPlatform
[2016.05.20-21.35.39:652][  0]LogTemp:Display: Loaded TP LinuxServerTargetPlatform
[2016.05.20-21.35.39:656][  0]LogTemp:Display: Loaded TP LinuxTargetPlatform
[2016.05.20-21.35.39:656][  0]LogTargetPlatformManager:Display: Building Assets For Windows
[2016.05.20-21.35.40:053][  0]LogDerivedDataCache:Display: Max Cache Size: 512 MB
[2016.05.20-21.35.40:619][  0]LogDerivedDataCache: Loaded boot cache 0.57s 41MB C:/Users/Johan/AppData/Local/UnrealEngine/4.10/DerivedDataCache/Boot.ddc.
[2016.05.20-21.35.40:619][  0]LogDerivedDataCache:Display: Loaded Boot cache: C:/Users/Johan/AppData/Local/UnrealEngine/4.10/DerivedDataCache/Boot.ddc
[2016.05.20-21.35.40:619][  0]LogDerivedDataCache: FDerivedDataBackendGraph:  Pak pak cache file ../../../../../../Users/Johan/Documents/GitHub/Runner/DerivedDataCache/DDC.ddp not found, will not use a pak cache.
[2016.05.20-21.35.40:619][  0]LogDerivedDataCache: Unable to find inner node Pak for hierarchical cache Hierarchy.
[2016.05.20-21.35.40:619][  0]LogDerivedDataCache: FDerivedDataBackendGraph:  CompressedPak pak cache file ../../../../../../Users/Johan/Documents/GitHub/Runner/DerivedDataCache/Compressed.ddp not found, will not use a pak cache.
[2016.05.20-21.35.40:619][  0]LogDerivedDataCache: Unable to find inner node CompressedPak for hierarchical cache Hierarchy.
[2016.05.20-21.35.40:771][  0]LogDerivedDataCache:Display: Pak cache opened for reading ../../../Engine/DerivedDataCache/Compressed.ddp.
[2016.05.20-21.35.40:784][  0]LogDerivedDataCache: Using Local data cache path C:/Users/Johan/AppData/Local/UnrealEngine/Common/DerivedDataCache: Writable
[2016.05.20-21.35.47:609][  0]LogInit: Selected Device Profile: [Windows]
[2016.05.20-21.35.47:611][  0]LogContentStreaming: Texture pool size is 0.000000MB
[2016.05.20-21.35.47:728][  0]LogMeshUtilities: No automatic mesh reduction module available
[2016.05.20-21.35.47:728][  0]LogMeshUtilities: No automatic mesh merging module available
[2016.05.20-21.35.48:100][  0]LogInit: WinSock: version 1.1 (2.2), MaxSocks=32767, MaxUdp=65467
[2016.05.20-21.36.06:415][  0]UdpMessaging: Initializing bridge on interface 0.0.0.0:0 to multicast group 230.0.0.1:6666.
[2016.05.20-21.36.06:887][  0]LogAssetRegistry: FAssetRegistry took 0.0111 seconds to start up
[2016.05.20-21.36.07:088][  0]SourceControl: Info Source control is disabled
[2016.05.20-21.36.07:089][  0]SourceControl: Info Source control is disabled
[2016.05.20-21.36.07:104][  0]SourceControl: Info Source control is disabled
[2016.05.20-21.36.07:118][  0]SourceControl: Info Source control is disabled
[2016.05.20-21.36.08:220][  0]LogObj: 28633 objects as part of root set at end of initial load.
[2016.05.20-21.36.08:220][  0]LogUObjectAllocator: 6099744 out of 0 bytes used by permanent object pool.
[2016.05.20-21.36.08:301][  0]LogEngine: Initializing Engine...
[2016.05.20-21.36.08:304][  0]LogHMD: Can't find Oculus library dev build: is proper Runtime installed? Version: 0.8.0.0
[2016.05.20-21.36.08:336][  0]LogHMD: SteamVR failed to initialize.  Err: 110
[2016.05.20-21.36.08:468][  0]LogAIModule: Creating AISystem for world NewWorld
[2016.05.20-21.36.08:537][  0]LogInit: XAudio2 using 'Speakers (USB Sound Device        )' : 2 channels at 44.1 kHz using 16 bits per sample (channel mask 0x3)
[2016.05.20-21.36.08:585][  0]LogInit: FAudioDevice initialized.
[2016.05.20-21.36.08:604][  0]LogDerivedDataCache: Saved boot cache 0.02s 41MB C:/Users/Johan/AppData/Local/UnrealEngine/4.10/DerivedDataCache/Boot.ddc.
[2016.05.20-21.36.08:610][  0]LogInit: Texture streaming: Enabled
[2016.05.20-21.36.08:616][  0]LogAnalytics: Creating configured Analytics provider AnalyticsET
[2016.05.20-21.36.08:616][  0]LogAnalytics: [UEEditor.Rocket.Release] APIServer = http://et2.epicgames.com/ET2/. AppVersion = 4.10.4-2872498+++depot+UE4-Releases+4.10
[2016.05.20-21.36.08:616][  0]LogAnalytics: [UEEditor.Rocket.Release] SetUserId e13f53c54a08433fc09043aa962b451a|75ba5683578c43329a0522a4b145a097|e6dac55f-4bf9-412a-b229-53d1a5ef9356
[2016.05.20-21.36.08:616][  0]LogAnalytics: [UEEditor.Rocket.Release] AnalyticsET::StartSession
[2016.05.20-21.36.08:625][  0]LogInit: Transaction tracking system initialized
[2016.05.20-21.36.08:656][  0]BlueprintLog: New page: Editor Load
[2016.05.20-21.36.08:788][  0]LocalizationService: Info Localization service is disabled
[2016.05.20-21.36.09:241][  0]LogConsoleResponse:Display: 
[2016.05.20-21.36.11:995][  0]LogCook:Display: Done creating registry. It took  0.00s.
[2016.05.20-21.36.12:450][  0]LogFileCache: Scanning file cache for directory 'C:/Users/Johan/Documents/GitHub/Runner/Content/' took 0.01s
[2016.05.20-21.36.12:450][  0]SourceControl: Info Source control is disabled
[2016.05.20-21.36.12:450][  0]Cmd: MAP LOAD FILE="../../../../../../Users/Johan/Documents/GitHub/Runner/Content/RunnerAssets/RunnerMap.umap" TEMPLATE=0 SHOWPROGRESS=1 FEATURELEVEL=3
[2016.05.20-21.36.12:451][  0]LightingResults: New page: Lighting Build
[2016.05.20-21.36.12:458][  0]MapCheck: New page: Map Check
[2016.05.20-21.36.12:458][  0]LightingResults: New page: Lighting Build
[2016.05.20-21.36.12:476][  0]LogParticles: Destroying 0 GPU particle simulations for FXSystem 0x000001D5BB47BB00
[2016.05.20-21.36.24:136][  0]LogMaterial: Missing cached shader map for material Prop_runner_Light_Mat, compiling. 
[2016.05.20-21.36.27:569][  0]LogAIModule: Creating AISystem for world RunnerMap
[2016.05.20-21.36.27:653][  0]LogEditorServer: Finished looking for orphan Actors (0.000 secs)
[2016.05.20-21.36.27:654][  0]Cmd: MAP CHECKDEP NOCLEARLOG
[2016.05.20-21.36.27:726][  0]MapCheck: Info Map check complete: 0 Error(s), 0 Warning(s), took 71.857ms to complete.
[2016.05.20-21.36.27:726][  0]LogFileHelpers: Loading map 'RunnerMap' took 15.276
[2016.05.20-21.36.28:002][  0]LogCollectionManager: Loaded 0 collections in 0.002478 seconds
[2016.05.20-21.36.28:043][  0]LogFileCache: Scanning file cache for directory 'C:/Users/Johan/Documents/GitHub/Runner/Saved/Collections/' took 0.01s
[2016.05.20-21.36.28:043][  0]LogFileCache: Scanning file cache for directory 'C:/Users/Johan/Documents/GitHub/Runner/Content/Developers/Johan/Collections/' took 0.01s
[2016.05.20-21.36.28:043][  0]LogFileCache: Scanning file cache for directory 'C:/Users/Johan/Documents/GitHub/Runner/Content/Collections/' took 0.01s
[2016.05.20-21.36.28:043][  0]LogCollectionManager: Rebuilt the GUID cache for 0 collections in 0.000002 seconds
[2016.05.20-21.36.28:053][  0]LogContentBrowser: Native class hierarchy populated in 0.0105 seconds. Added 1893 classes and 338 folders.
[2016.05.20-21.36.28:061][  0]LogContentBrowser: Native class hierarchy updated for 'WidgetCarousel' in 0.0003 seconds. Added 0 classes and 0 folders.
[2016.05.20-21.36.30:867][  0]LogContentBrowser: Native class hierarchy updated for 'AddContentDialog' in 0.0004 seconds. Added 0 classes and 0 folders.
[2016.05.20-21.36.30:872][  0]LogContentBrowser: Native class hierarchy updated for 'SceneOutliner' in 0.0003 seconds. Added 1 classes and 2 folders.
[2016.05.20-21.36.31:431][  0]LogCrashTracker: Crashtracker disabled due to settings.
[2016.05.20-21.36.31:435][  0]LogUObjectGlobals:Warning: Failed to find object 'Class None.'
[2016.05.20-21.36.31:458][  0]LogLoad: Full Startup: 55.17 seconds (BP compile: 0.59 seconds)
[2016.05.20-21.36.31:467][  0]LogWindowsTextInputMethodSystem:Display: IME system now deactivated.
[2016.05.20-21.36.31:468][  0]LogWindowsTextInputMethodSystem:Display: IME system now deactivated.
[2016.05.20-21.36.31:471][  0]LogOcInput: Can't find Oculus library dev build: is proper Runtime installed? Version: 0.8.0.0
[2016.05.20-21.36.31:576][  0]LogContentStreaming: Texture pool size now 1000 MB
[2016.05.20-21.36.31:951][  0]LogRenderer: Reallocating scene render targets to support 1208x644 (Frame:2).
[2016.05.20-21.36.50:579][216]LogBlueprintUserMessages: Early PlayInEditor Detection: Level '/Game/RunnerAssets/RunnerMap.RunnerMap:PersistentLevel' has LevelScriptBlueprint '/Game/RunnerAssets/RunnerMap.RunnerMap:PersistentLevel.RunnerMap' with GeneratedClass '/Game/RunnerAssets/RunnerMap.RunnerMap_C' with ClassGeneratedBy '/Game/RunnerAssets/RunnerMap.RunnerMap:PersistentLevel.RunnerMap'
[2016.05.20-21.36.50:580][216]LogPlayLevel: PlayLevel: No blueprints needed recompiling
[2016.05.20-21.36.51:079][216]PIE: New page: PIE session: RunnerMap (May 21, 2016, 1:36:50 AM)
[2016.05.20-21.36.51:079][216]LogPlayLevel: Creating play world package: /Game/RunnerAssets/UEDPIE_0_RunnerMap
[2016.05.20-21.36.51:108][216]LogPlayLevel: PIE: StaticDuplicateObject took: (0.029537s)
[2016.05.20-21.36.51:109][216]LogAIModule: Creating AISystem for world RunnerMap
[2016.05.20-21.36.51:109][216]LogPlayLevel: PIE: World Init took: (0.000971s)
[2016.05.20-21.36.51:110][216]LogPlayLevel: PIE: Created PIE world by copying editor world from /Game/RunnerAssets/RunnerMap.RunnerMap to /Game/RunnerAssets/UEDPIE_0_RunnerMap.RunnerMap (0.030886s)
[2016.05.20-21.36.51:171][216]LogInit: XAudio2 using 'Speakers (USB Sound Device        )' : 2 channels at 44.1 kHz using 16 bits per sample (channel mask 0x3)
[2016.05.20-21.36.51:176][216]LogInit: FAudioDevice initialized.
[2016.05.20-21.36.51:269][216]LogLinker:Warning: Can't find file '/Game/SideScrollerBP/Blueprints/SideScrollerGameMode'
[2016.05.20-21.36.51:270][216]LogLinker:Warning: Can't find file '/Game/SideScrollerBP/Blueprints/SideScrollerGameMode'
[2016.05.20-21.36.51:270][216]LogUObjectGlobals:Warning: Failed to find object 'Class /Game/SideScrollerBP/Blueprints/SideScrollerGameMode.SideScrollerGameMode_C'
[2016.05.20-21.36.51:270][216]LogWorld: Game class is 'GameMode'
[2016.05.20-21.36.51:284][216]LogWorld: Bringing World /Game/RunnerAssets/UEDPIE_0_RunnerMap.RunnerMap up for play (max tick rate 0) at 2016.05.20-23.36.51
[2016.05.20-21.36.51:284][216]LogActor:Warning: GameSession /Game/RunnerAssets/UEDPIE_0_RunnerMap.RunnerMap:PersistentLevel.GameSession_0 has natively added scene component(s), but none of them were set as the actor's RootComponent - picking one arbitrarily
[2016.05.20-21.36.51:285][216]LogActor:Warning: GameNetworkManager /Game/RunnerAssets/UEDPIE_0_RunnerMap.RunnerMap:PersistentLevel.GameNetworkManager_0 has natively added scene component(s), but none of them were set as the actor's RootComponent - picking one arbitrarily
[2016.05.20-21.36.51:286][216]LogWorld: Bringing up level for play took: 0.013600
[2016.05.20-21.36.51:287][216]LogGameMode: Warning - PATHS NOT DEFINED or NO PLAYERSTART with positive rating
[2016.05.20-21.36.51:310][216]PIE: Info Play in editor start time for /Game/RunnerAssets/UEDPIE_0_RunnerMap 0.152
[2016.05.20-21.36.51:310][216]LogBlueprintUserMessages: Late PlayInEditor Detection: Level '/Game/RunnerAssets/RunnerMap.RunnerMap:PersistentLevel' has LevelScriptBlueprint '/Game/RunnerAssets/RunnerMap.RunnerMap:PersistentLevel.RunnerMap' with GeneratedClass '/Game/RunnerAssets/RunnerMap.RunnerMap_C' with ClassGeneratedBy '/Game/RunnerAssets/RunnerMap.RunnerMap:PersistentLevel.RunnerMap'
[2016.05.20-21.36.52:985][217]LogRenderer: Reallocating scene render targets to support 1280x720 (Frame:8).
[2016.05.20-21.36.58:009][466]LogFileCache: Retrieving MD5 hashes for directory 'C:/Users/Johan/Documents/GitHub/Runner/Content/' took 26.53s
[2016.05.20-21.37.00:438][579]LogAssetRegistry: Asset discovery search completed in 53.5618 seconds
[2016.05.20-21.37.00:438][579]LogCollectionManager: Rebuilt the object cache for 0 collections in 0.000001 seconds (found 0 objects)
[2016.05.20-21.37.00:438][579]LogCollectionManager: Fixed up redirectors for 0 collections in 0.000029 seconds (updated 0 objects)
[2016.05.20-21.37.00:631][580]AssetReimport: New page: Outstanding source content changes 1:37:00 AM
[2016.05.20-21.37.03:602][756]LogCharacterMovement: SideScrollerCharacter_C_1 is stuck and failed to move!
[2016.05.20-21.37.03:685][759]AssetReimport:Warning: Warning Can't create a new asset at /Game/RunnerAssets/Movie/Splach02__konverterad_ - one already exists.
[2016.05.20-21.37.03:685][759]AssetReimport:Warning: Warning Can't create a new asset at /Game/RunnerAssets/Movie/Splash02 - one already exists.
[2016.05.20-21.37.04:628][792]LogPackageName: SearchForPackageOnDisk took   0.077s to resolve Death.umap.
[2016.05.20-21.37.04:711][793]LogPackageName: SearchForPackageOnDisk took   0.075s to resolve Death.umap.
[2016.05.20-21.37.04:711][793]LogNet: Browse: /Game/RunnerAssets/Death
[2016.05.20-21.37.04:711][793]LogLoad: LoadMap: /Game/RunnerAssets/Death
[2016.05.20-21.37.04:733][793]LogParticles: Destroying 0 GPU particle simulations for FXSystem 0x000001D5C7A4E480
[2016.05.20-21.37.04:737][793]Cmd: MEM
[2016.05.20-21.37.04:751][793]LogMemory: Platform Memory Stats for Windows
[2016.05.20-21.37.04:751][793]LogMemory: Process Physical Memory: 880.16 MB used, 887.65 MB peak
[2016.05.20-21.37.04:751][793]LogMemory: Process Virtual Memory: 1457.87 MB used, 1645.84 MB peak
[2016.05.20-21.37.04:751][793]LogMemory: Physical Memory: 4259.68 MB used, 16337.33 MB total
[2016.05.20-21.37.04:751][793]LogMemory: Virtual Memory: 2398.63 MB used, 134217728.00 MB total
[2016.05.20-21.37.04:751][793]LogMemory: 
[2016.05.20-21.37.04:751][793]Allocator Stats for TBB: (not implemented)
[2016.05.20-21.37.05:224][793]LogAIModule: Creating AISystem for world Death
[2016.05.20-21.37.05:225][793]LogLinker:Warning: Can't find file '/Game/SideScrollerBP/Blueprints/SideScrollerGameMode'
[2016.05.20-21.37.05:225][793]LogLinker:Warning: Can't find file '/Game/SideScrollerBP/Blueprints/SideScrollerGameMode'
[2016.05.20-21.37.05:226][793]LogUObjectGlobals:Warning: Failed to find object 'Class /Game/SideScrollerBP/Blueprints/SideScrollerGameMode.SideScrollerGameMode_C'
[2016.05.20-21.37.05:226][793]LogWorld: Game class is 'GameMode'
[2016.05.20-21.37.05:229][793]LogWorld: Bringing World /Game/RunnerAssets/UEDPIE_0_Death.Death up for play (max tick rate 0) at 2016.05.20-23.37.05
[2016.05.20-21.37.05:229][793]LogActor:Warning: GameSession /Game/RunnerAssets/UEDPIE_0_Death.Death:PersistentLevel.GameSession_1 has natively added scene component(s), but none of them were set as the actor's RootComponent - picking one arbitrarily
[2016.05.20-21.37.05:229][793]LogActor:Warning: GameNetworkManager /Game/RunnerAssets/UEDPIE_0_Death.Death:PersistentLevel.GameNetworkManager_1 has natively added scene component(s), but none of them were set as the actor's RootComponent - picking one arbitrarily
[2016.05.20-21.37.05:230][793]LogWorld: Bringing up level for play took: 0.001838
[2016.05.20-21.37.05:231][793]LogGameMode: Warning - PATHS NOT DEFINED or NO PLAYERSTART with positive rating
[2016.05.20-21.37.12:941][290]LogPackageName: SearchForPackageOnDisk took   0.075s to resolve MainMenu.umap.
[2016.05.20-21.37.13:016][290]LogPackageName: SearchForPackageOnDisk took   0.074s to resolve MainMenu.umap.
[2016.05.20-21.37.13:016][290]LogNet: Browse: /Game/RunnerAssets/MainMenu
[2016.05.20-21.37.13:016][290]LogLoad: LoadMap: /Game/RunnerAssets/MainMenu
[2016.05.20-21.37.13:036][290]LogParticles: Destroying 0 GPU particle simulations for FXSystem 0x000001D5C1206200
[2016.05.20-21.37.13:036][290]Cmd: MEM
[2016.05.20-21.37.13:049][290]LogMemory: Platform Memory Stats for Windows
[2016.05.20-21.37.13:049][290]LogMemory: Process Physical Memory: 933.93 MB used, 991.96 MB peak
[2016.05.20-21.37.13:049][290]LogMemory: Process Virtual Memory: 1495.80 MB used, 1735.41 MB peak
[2016.05.20-21.37.13:049][290]LogMemory: Physical Memory: 4297.38 MB used, 16337.33 MB total
[2016.05.20-21.37.13:049][290]LogMemory: Virtual Memory: 2334.76 MB used, 134217728.00 MB total
[2016.05.20-21.37.13:049][290]LogMemory: 
[2016.05.20-21.37.13:049][290]Allocator Stats for TBB: (not implemented)
[2016.05.20-21.37.13:287][290]LogAIModule: Creating AISystem for world MainMenu
[2016.05.20-21.37.13:287][290]LogLinker:Warning: Can't find file '/Game/SideScrollerBP/Blueprints/SideScrollerGameMode'
[2016.05.20-21.37.13:288][290]LogLinker:Warning: Can't find file '/Game/SideScrollerBP/Blueprints/SideScrollerGameMode'
[2016.05.20-21.37.13:288][290]LogUObjectGlobals:Warning: Failed to find object 'Class /Game/SideScrollerBP/Blueprints/SideScrollerGameMode.SideScrollerGameMode_C'
[2016.05.20-21.37.13:288][290]LogWorld: Game class is 'GameMode'
[2016.05.20-21.37.13:289][290]LogWorld: Bringing World /Game/RunnerAssets/UEDPIE_0_MainMenu.MainMenu up for play (max tick rate 0) at 2016.05.20-23.37.13
[2016.05.20-21.37.13:289][290]LogActor:Warning: GameSession /Game/RunnerAssets/UEDPIE_0_MainMenu.MainMenu:PersistentLevel.GameSession_2 has natively added scene component(s), but none of them were set as the actor's RootComponent - picking one arbitrarily
[2016.05.20-21.37.13:290][290]LogActor:Warning: GameNetworkManager /Game/RunnerAssets/UEDPIE_0_MainMenu.MainMenu:PersistentLevel.GameNetworkManager_2 has natively added scene component(s), but none of them were set as the actor's RootComponent - picking one arbitrarily
[2016.05.20-21.37.13:290][290]LogWorld: Bringing up level for play took: 0.001013
[2016.05.20-21.37.13:290][290]LogGameMode: Warning - PATHS NOT DEFINED or NO PLAYERSTART with positive rating
[2016.05.20-21.37.14:297][367]LogPackageName: SearchForPackageOnDisk took   0.071s to resolve RunnerMap.umap.
[2016.05.20-21.37.14:366][367]LogPackageName: SearchForPackageOnDisk took   0.070s to resolve RunnerMap.umap.
[2016.05.20-21.37.14:367][367]LogNet: Browse: /Game/RunnerAssets/RunnerMap
[2016.05.20-21.37.14:367][367]LogLoad: LoadMap: /Game/RunnerAssets/RunnerMap
[2016.05.20-21.37.14:383][367]LogParticles: Destroying 0 GPU particle simulations for FXSystem 0x000001D5C11B9B20
[2016.05.20-21.37.14:383][367]Cmd: MEM
[2016.05.20-21.37.14:396][367]LogMemory: Platform Memory Stats for Windows
[2016.05.20-21.37.14:396][367]LogMemory: Process Physical Memory: 959.14 MB used, 991.96 MB peak
[2016.05.20-21.37.14:396][367]LogMemory: Process Virtual Memory: 1583.23 MB used, 1735.41 MB peak
[2016.05.20-21.37.14:396][367]LogMemory: Physical Memory: 4308.01 MB used, 16337.33 MB total
[2016.05.20-21.37.14:396][367]LogMemory: Virtual Memory: 2382.13 MB used, 134217728.00 MB total
[2016.05.20-21.37.14:396][367]LogMemory: 
[2016.05.20-21.37.14:396][367]Allocator Stats for TBB: (not implemented)
[2016.05.20-21.37.14:396][367]LogPlayLevel: Creating play world package: /Game/RunnerAssets/UEDPIE_0_RunnerMap
[2016.05.20-21.37.14:426][367]LogPlayLevel: PIE: StaticDuplicateObject took: (0.029862s)
[2016.05.20-21.37.14:427][367]LogAIModule: Creating AISystem for world RunnerMap
[2016.05.20-21.37.14:427][367]LogPlayLevel: PIE: World Init took: (0.001204s)
[2016.05.20-21.37.14:428][367]LogPlayLevel: PIE: Created PIE world by copying editor world from /Game/RunnerAssets/RunnerMap.RunnerMap to /Game/RunnerAssets/UEDPIE_0_RunnerMap.RunnerMap (0.031402s)
[2016.05.20-21.37.14:435][367]LogLinker:Warning: Can't find file '/Game/SideScrollerBP/Blueprints/SideScrollerGameMode'
[2016.05.20-21.37.14:435][367]LogLinker:Warning: Can't find file '/Game/SideScrollerBP/Blueprints/SideScrollerGameMode'
[2016.05.20-21.37.14:435][367]LogUObjectGlobals:Warning: Failed to find object 'Class /Game/SideScrollerBP/Blueprints/SideScrollerGameMode.SideScrollerGameMode_C'
[2016.05.20-21.37.14:435][367]LogWorld: Game class is 'GameMode'
[2016.05.20-21.37.14:442][367]LogWorld: Bringing World /Game/RunnerAssets/UEDPIE_0_RunnerMap.RunnerMap up for play (max tick rate 0) at 2016.05.20-23.37.14
[2016.05.20-21.37.14:442][367]LogActor:Warning: GameSession /Game/RunnerAssets/UEDPIE_0_RunnerMap.RunnerMap:PersistentLevel.GameSession_3 has natively added scene component(s), but none of them were set as the actor's RootComponent - picking one arbitrarily
[2016.05.20-21.37.14:442][367]LogActor:Warning: GameNetworkManager /Game/RunnerAssets/UEDPIE_0_RunnerMap.RunnerMap:PersistentLevel.GameNetworkManager_3 has natively added scene component(s), but none of them were set as the actor's RootComponent - picking one arbitrarily
[2016.05.20-21.37.14:442][367]LogWorld: Bringing up level for play took: 0.006308
[2016.05.20-21.37.14:443][367]LogGameMode: Warning - PATHS NOT DEFINED or NO PLAYERSTART with positive rating
[2016.05.20-21.37.26:648][954]LogCharacterMovement: SideScrollerCharacter_C_1 is stuck and failed to move!
[2016.05.20-21.37.27:532][979]LogPackageName: SearchForPackageOnDisk took   0.089s to resolve Death.umap.
[2016.05.20-21.37.27:615][980]LogPackageName: SearchForPackageOnDisk took   0.075s to resolve Death.umap.
[2016.05.20-21.37.27:615][980]LogNet: Browse: /Game/RunnerAssets/Death
[2016.05.20-21.37.27:615][980]LogLoad: LoadMap: /Game/RunnerAssets/Death
[2016.05.20-21.37.27:643][980]LogParticles: Destroying 0 GPU particle simulations for FXSystem 0x000001D5C1250220
[2016.05.20-21.37.27:643][980]Cmd: MEM
[2016.05.20-21.37.27:658][980]LogMemory: Platform Memory Stats for Windows
[2016.05.20-21.37.27:658][980]LogMemory: Process Physical Memory: 966.68 MB used, 991.96 MB peak
[2016.05.20-21.37.27:658][980]LogMemory: Process Virtual Memory: 1546.98 MB used, 1735.41 MB peak
[2016.05.20-21.37.27:658][980]LogMemory: Physical Memory: 4328.89 MB used, 16337.33 MB total
[2016.05.20-21.37.27:658][980]LogMemory: Virtual Memory: 2357.45 MB used, 134217728.00 MB total
[2016.05.20-21.37.27:658][980]LogMemory: 
[2016.05.20-21.37.27:658][980]Allocator Stats for TBB: (not implemented)
[2016.05.20-21.37.27:678][980]LogAIModule: Creating AISystem for world Death
[2016.05.20-21.37.27:679][980]LogLinker:Warning: Can't find file '/Game/SideScrollerBP/Blueprints/SideScrollerGameMode'
[2016.05.20-21.37.27:679][980]LogLinker:Warning: Can't find file '/Game/SideScrollerBP/Blueprints/SideScrollerGameMode'
[2016.05.20-21.37.27:679][980]LogUObjectGlobals:Warning: Failed to find object 'Class /Game/SideScrollerBP/Blueprints/SideScrollerGameMode.SideScrollerGameMode_C'
[2016.05.20-21.37.27:679][980]LogWorld: Game class is 'GameMode'
[2016.05.20-21.37.27:681][980]LogWorld: Bringing World /Game/RunnerAssets/UEDPIE_0_Death.Death up for play (max tick rate 0) at 2016.05.20-23.37.27
[2016.05.20-21.37.27:681][980]LogActor:Warning: GameSession /Game/RunnerAssets/UEDPIE_0_Death.Death:PersistentLevel.GameSession_4 has natively added scene component(s), but none of them were set as the actor's RootComponent - picking one arbitrarily
[2016.05.20-21.37.27:681][980]LogActor:Warning: GameNetworkManager /Game/RunnerAssets/UEDPIE_0_Death.Death:PersistentLevel.GameNetworkManager_4 has natively added scene component(s), but none of them were set as the actor's RootComponent - picking one arbitrarily
[2016.05.20-21.37.27:681][980]LogWorld: Bringing up level for play took: 0.000946
[2016.05.20-21.37.27:682][980]LogGameMode: Warning - PATHS NOT DEFINED or NO PLAYERSTART with positive rating
[2016.05.20-21.37.30:913][248]LogPackageName: SearchForPackageOnDisk took   0.074s to resolve MainMenu.umap.
[2016.05.20-21.37.30:991][248]LogPackageName: SearchForPackageOnDisk took   0.077s to resolve MainMenu.umap.
[2016.05.20-21.37.30:991][248]LogNet: Browse: /Game/RunnerAssets/MainMenu
[2016.05.20-21.37.30:991][248]LogLoad: LoadMap: /Game/RunnerAssets/MainMenu
[2016.05.20-21.37.31:010][248]LogParticles: Destroying 0 GPU particle simulations for FXSystem 0x000001D5C1185580
[2016.05.20-21.37.31:010][248]Cmd: MEM
[2016.05.20-21.37.31:026][248]LogMemory: Platform Memory Stats for Windows
[2016.05.20-21.37.31:026][248]LogMemory: Process Physical Memory: 948.51 MB used, 991.96 MB peak
[2016.05.20-21.37.31:026][248]LogMemory: Process Virtual Memory: 1483.58 MB used, 1735.41 MB peak
[2016.05.20-21.37.31:026][248]LogMemory: Physical Memory: 4313.46 MB used, 16337.33 MB total
[2016.05.20-21.37.31:026][248]LogMemory: Virtual Memory: 2402.95 MB used, 134217728.00 MB total
[2016.05.20-21.37.31:026][248]LogMemory: 
[2016.05.20-21.37.31:026][248]Allocator Stats for TBB: (not implemented)
[2016.05.20-21.37.31:051][248]LogAIModule: Creating AISystem for world MainMenu
[2016.05.20-21.37.31:052][248]LogLinker:Warning: Can't find file '/Game/SideScrollerBP/Blueprints/SideScrollerGameMode'
[2016.05.20-21.37.31:052][248]LogLinker:Warning: Can't find file '/Game/SideScrollerBP/Blueprints/SideScrollerGameMode'
[2016.05.20-21.37.31:052][248]LogUObjectGlobals:Warning: Failed to find object 'Class /Game/SideScrollerBP/Blueprints/SideScrollerGameMode.SideScrollerGameMode_C'
[2016.05.20-21.37.31:052][248]LogWorld: Game class is 'GameMode'
[2016.05.20-21.37.31:054][248]LogWorld: Bringing World /Game/RunnerAssets/UEDPIE_0_MainMenu.MainMenu up for play (max tick rate 0) at 2016.05.20-23.37.31
[2016.05.20-21.37.31:054][248]LogActor:Warning: GameSession /Game/RunnerAssets/UEDPIE_0_MainMenu.MainMenu:PersistentLevel.GameSession_5 has natively added scene component(s), but none of them were set as the actor's RootComponent - picking one arbitrarily
[2016.05.20-21.37.31:054][248]LogActor:Warning: GameNetworkManager /Game/RunnerAssets/UEDPIE_0_MainMenu.MainMenu:PersistentLevel.GameNetworkManager_5 has natively added scene component(s), but none of them were set as the actor's RootComponent - picking one arbitrarily
[2016.05.20-21.37.31:054][248]LogWorld: Bringing up level for play took: 0.001418
[2016.05.20-21.37.31:055][248]LogGameMode: Warning - PATHS NOT DEFINED or NO PLAYERSTART with positive rating
[2016.05.20-21.37.32:461][359]LogPackageName: SearchForPackageOnDisk took   0.075s to resolve RunnerMap.umap.
[2016.05.20-21.37.32:536][359]LogPackageName: SearchForPackageOnDisk took   0.074s to resolve RunnerMap.umap.
[2016.05.20-21.37.32:536][359]LogNet: Browse: /Game/RunnerAssets/RunnerMap
[2016.05.20-21.37.32:536][359]LogLoad: LoadMap: /Game/RunnerAssets/RunnerMap
[2016.05.20-21.37.32:554][359]LogParticles: Destroying 0 GPU particle simulations for FXSystem 0x000001D5AF988180
[2016.05.20-21.37.32:554][359]Cmd: MEM
[2016.05.20-21.37.32:568][359]LogMemory: Platform Memory Stats for Windows
[2016.05.20-21.37.32:568][359]LogMemory: Process Physical Memory: 954.24 MB used, 991.96 MB peak
[2016.05.20-21.37.32:568][359]LogMemory: Process Virtual Memory: 1549.71 MB used, 1735.41 MB peak
[2016.05.20-21.37.32:568][359]LogMemory: Physical Memory: 4317.23 MB used, 16337.33 MB total
[2016.05.20-21.37.32:568][359]LogMemory: Virtual Memory: 2402.95 MB used, 134217728.00 MB total
[2016.05.20-21.37.32:568][359]LogMemory: 
[2016.05.20-21.37.32:568][359]Allocator Stats for TBB: (not implemented)
[2016.05.20-21.37.32:568][359]LogPlayLevel: Creating play world package: /Game/RunnerAssets/UEDPIE_0_RunnerMap
[2016.05.20-21.37.32:600][359]LogPlayLevel: PIE: StaticDuplicateObject took: (0.031867s)
[2016.05.20-21.37.32:601][359]LogAIModule: Creating AISystem for world RunnerMap
[2016.05.20-21.37.32:601][359]LogPlayLevel: PIE: World Init took: (0.001133s)
[2016.05.20-21.37.32:601][359]LogPlayLevel: PIE: Created PIE world by copying editor world from /Game/RunnerAssets/RunnerMap.RunnerMap to /Game/RunnerAssets/UEDPIE_0_RunnerMap.RunnerMap (0.033387s)
[2016.05.20-21.37.32:610][359]LogLinker:Warning: Can't find file '/Game/SideScrollerBP/Blueprints/SideScrollerGameMode'
[2016.05.20-21.37.32:610][359]LogLinker:Warning: Can't find file '/Game/SideScrollerBP/Blueprints/SideScrollerGameMode'
[2016.05.20-21.37.32:610][359]LogUObjectGlobals:Warning: Failed to find object 'Class /Game/SideScrollerBP/Blueprints/SideScrollerGameMode.SideScrollerGameMode_C'
[2016.05.20-21.37.32:610][359]LogWorld: Game class is 'GameMode'
[2016.05.20-21.37.32:617][359]LogWorld: Bringing World /Game/RunnerAssets/UEDPIE_0_RunnerMap.RunnerMap up for play (max tick rate 0) at 2016.05.20-23.37.32
[2016.05.20-21.37.32:617][359]LogActor:Warning: GameSession /Game/RunnerAssets/UEDPIE_0_RunnerMap.RunnerMap:PersistentLevel.GameSession_6 has natively added scene component(s), but none of them were set as the actor's RootComponent - picking one arbitrarily
[2016.05.20-21.37.32:617][359]LogActor:Warning: GameNetworkManager /Game/RunnerAssets/UEDPIE_0_RunnerMap.RunnerMap:PersistentLevel.GameNetworkManager_6 has natively added scene component(s), but none of them were set as the actor's RootComponent - picking one arbitrarily
[2016.05.20-21.37.32:618][359]LogWorld: Bringing up level for play took: 0.006160
[2016.05.20-21.37.32:618][359]LogGameMode: Warning - PATHS NOT DEFINED or NO PLAYERSTART with positive rating
[2016.05.20-21.38.06:329][638]LogPackageName: SearchForPackageOnDisk took   0.074s to resolve Death.umap.
[2016.05.20-21.38.06:416][639]LogPackageName: SearchForPackageOnDisk took   0.076s to resolve Death.umap.
[2016.05.20-21.38.06:416][639]LogNet: Browse: /Game/RunnerAssets/Death
[2016.05.20-21.38.06:416][639]LogLoad: LoadMap: /Game/RunnerAssets/Death
[2016.05.20-21.38.06:464][639]LogParticles: Destroying 0 GPU particle simulations for FXSystem 0x000001D5C1206700
[2016.05.20-21.38.06:464][639]Cmd: MEM
[2016.05.20-21.38.06:478][639]LogMemory: Platform Memory Stats for Windows
[2016.05.20-21.38.06:478][639]LogMemory: Process Physical Memory: 943.55 MB used, 991.96 MB peak
[2016.05.20-21.38.06:478][639]LogMemory: Process Virtual Memory: 1502.21 MB used, 1735.41 MB peak
[2016.05.20-21.38.06:478][639]LogMemory: Physical Memory: 4312.25 MB used, 16337.33 MB total
[2016.05.20-21.38.06:478][639]LogMemory: Virtual Memory: 2413.01 MB used, 134217728.00 MB total
[2016.05.20-21.38.06:478][639]LogMemory: 
[2016.05.20-21.38.06:478][639]Allocator Stats for TBB: (not implemented)
[2016.05.20-21.38.06:499][639]LogAIModule: Creating AISystem for world Death
[2016.05.20-21.38.06:500][639]LogLinker:Warning: Can't find file '/Game/SideScrollerBP/Blueprints/SideScrollerGameMode'
[2016.05.20-21.38.06:500][639]LogLinker:Warning: Can't find file '/Game/SideScrollerBP/Blueprints/SideScrollerGameMode'
[2016.05.20-21.38.06:500][639]LogUObjectGlobals:Warning: Failed to find object 'Class /Game/SideScrollerBP/Blueprints/SideScrollerGameMode.SideScrollerGameMode_C'
[2016.05.20-21.38.06:500][639]LogWorld: Game class is 'GameMode'
[2016.05.20-21.38.06:501][639]LogWorld: Bringing World /Game/RunnerAssets/UEDPIE_0_Death.Death up for play (max tick rate 0) at 2016.05.20-23.38.06
[2016.05.20-21.38.06:501][639]LogActor:Warning: GameSession /Game/RunnerAssets/UEDPIE_0_Death.Death:PersistentLevel.GameSession_7 has natively added scene component(s), but none of them were set as the actor's RootComponent - picking one arbitrarily
[2016.05.20-21.38.06:501][639]LogActor:Warning: GameNetworkManager /Game/RunnerAssets/UEDPIE_0_Death.Death:PersistentLevel.GameNetworkManager_7 has natively added scene component(s), but none of them were set as the actor's RootComponent - picking one arbitrarily
[2016.05.20-21.38.06:502][639]LogWorld: Bringing up level for play took: 0.000861
[2016.05.20-21.38.06:502][639]LogGameMode: Warning - PATHS NOT DEFINED or NO PLAYERSTART with positive rating
[2016.05.20-21.38.09:330][876]LogBlueprintUserMessages: Early EndPlayMap Detection: Level '/Game/RunnerAssets/RunnerMap.RunnerMap:PersistentLevel' has LevelScriptBlueprint '/Game/RunnerAssets/RunnerMap.RunnerMap:PersistentLevel.RunnerMap' with GeneratedClass '/Game/RunnerAssets/RunnerMap.RunnerMap_C' with ClassGeneratedBy '/Game/RunnerAssets/RunnerMap.RunnerMap:PersistentLevel.RunnerMap'
[2016.05.20-21.38.09:358][876]LogBlueprintUserMessages: Late EndPlayMap Detection: Level '/Game/RunnerAssets/RunnerMap.RunnerMap:PersistentLevel' has LevelScriptBlueprint '/Game/RunnerAssets/RunnerMap.RunnerMap:PersistentLevel.RunnerMap' with GeneratedClass '/Game/RunnerAssets/RunnerMap.RunnerMap_C' with ClassGeneratedBy '/Game/RunnerAssets/RunnerMap.RunnerMap:PersistentLevel.RunnerMap'
[2016.05.20-21.38.09:378][876]LogParticles: Destroying 0 GPU particle simulations for FXSystem 0x000001D5C0E62660
[2016.05.20-22.32.59:423][923]LogLinker:Warning: Asset '../../../Engine/Content/ArtTools/RenderToTexture/Macros/RenderToTextureMacros.uasset' has been saved with empty engine version. The asset will be loaded but may be incompatible.
[2016.05.20-22.32.59:911][923]LogContentBrowser: Native class hierarchy updated for 'BlueprintGraph' in 0.0007 seconds. Added 107 classes and 0 folders.
[2016.05.20-22.36.07:792][ 67]LogFileHelpers: Editor autosave (incl. sublevels) for '/Game/RunnerAssets/RunnerMap' took 0.036
[2016.05.20-22.36.07:798][ 67]OBJ SavePackage: Generating thumbnails for [1] asset(s) in package [/Game/RunnerAssets/Blueprints/Block/Block_Treadmill] ([1] browsable assets)...
[2016.05.20-22.36.07:818][ 67]OBJ SavePackage:     Rendered thumbnail for [Blueprint /Game/RunnerAssets/Blueprints/Block/Block_Treadmill.Block_Treadmill]
[2016.05.20-22.36.07:818][ 67]OBJ SavePackage: Finished generating thumbnails for package [/Game/RunnerAssets/Blueprints/Block/Block_Treadmill]
[2016.05.20-22.36.07:881][ 67]LogSavePackage: Save=44.406471ms
[2016.05.20-22.36.07:881][ 67]LogSavePackage: Moving '../../../../../../Users/Johan/Documents/GitHub/Runner/Saved/Block_Treadmill_Auto1FDC6A1FA45957383C7EA81AECCA444B4.tmp' to '../../../../../../Users/Johan/Documents/GitHub/Runner/Saved/Autosaves/Game/RunnerAssets/Blueprints/Block/Block_Treadmill_Auto1.uasset'
[2016.05.20-22.36.07:883][ 67]LogSavePackage: Total save time: 63.595172ms
[2016.05.20-22.36.07:883][ 67]LogSavePackage:Display: Finished SavePackage ../../../../../../Users/Johan/Documents/GitHub/Runner/Saved/Autosaves/Game/RunnerAssets/Blueprints/Block/Block_Treadmill_Auto1.uasset
[2016.05.20-22.36.07:883][ 67]LogFileHelpers: Auto-saving content packages took 0.091
[2016.05.20-23.55.14:352][651]LogEditorViewport: Clicking on Actor (LMB): SideScrollerCharacter_C (SideScrollerCharacter)
[2016.05.20-23.55.15:905][777]LogEditorViewport: Clicking on Actor (LMB): BG_Static_C (BG_Static)
[2016.05.20-23.55.17:319][930]LogEditorViewport: Clicking on Actor (LMB): SideScrollerCharacter_C (SideScrollerCharacter)
[2016.05.20-23.58.33:358][743]LogFileHelpers: Editor autosave (incl. sublevels) for '/Game/RunnerAssets/RunnerMap' took 0.047
[2016.05.20-23.58.33:367][743]OBJ SavePackage: Generating thumbnails for [1] asset(s) in package [/Game/RunnerAssets/Blueprints/Block/Block_Treadmill] ([1] browsable assets)...
[2016.05.20-23.58.33:388][743]OBJ SavePackage:     Rendered thumbnail for [Blueprint /Game/RunnerAssets/Blueprints/Block/Block_Treadmill.Block_Treadmill]
[2016.05.20-23.58.33:389][743]OBJ SavePackage: Finished generating thumbnails for package [/Game/RunnerAssets/Blueprints/Block/Block_Treadmill]
[2016.05.20-23.58.33:452][743]LogSavePackage: Save=48.228935ms
[2016.05.20-23.58.33:452][743]LogSavePackage: Moving '../../../../../../Users/Johan/Documents/GitHub/Runner/Saved/Block_Treadmill_Auto22F9376FD4985763371083FA54246DCE3.tmp' to '../../../../../../Users/Johan/Documents/GitHub/Runner/Saved/Autosaves/Game/RunnerAssets/Blueprints/Block/Block_Treadmill_Auto2.uasset'
[2016.05.20-23.58.33:453][743]LogSavePackage: Total save time: 63.384771ms
[2016.05.20-23.58.33:453][743]LogSavePackage:Display: Finished SavePackage ../../../../../../Users/Johan/Documents/GitHub/Runner/Saved/Autosaves/Game/RunnerAssets/Blueprints/Block/Block_Treadmill_Auto2.uasset
[2016.05.20-23.58.33:454][743]LogFileHelpers: Auto-saving content packages took 0.094
[2016.05.21-00.08.33:430][658]LogFileHelpers: Editor autosave (incl. sublevels) for '/Game/RunnerAssets/RunnerMap' took 0.047
[2016.05.21-00.08.33:437][658]OBJ SavePackage: Generating thumbnails for [1] asset(s) in package [/Game/RunnerAssets/Blueprints/Block/Block_Treadmill] ([1] browsable assets)...
[2016.05.21-00.08.33:461][658]OBJ SavePackage:     Rendered thumbnail for [Blueprint /Game/RunnerAssets/Blueprints/Block/Block_Treadmill.Block_Treadmill]
[2016.05.21-00.08.33:461][658]OBJ SavePackage: Finished generating thumbnails for package [/Game/RunnerAssets/Blueprints/Block/Block_Treadmill]
[2016.05.21-00.08.33:529][658]LogSavePackage: Save=53.269714ms
[2016.05.21-00.08.33:529][658]LogSavePackage: Moving '../../../../../../Users/Johan/Documents/GitHub/Runner/Saved/Block_Treadmill_Auto33422D42C429FA8FB95F157AB77C2528E.tmp' to '../../../../../../Users/Johan/Documents/GitHub/Runner/Saved/Autosaves/Game/RunnerAssets/Blueprints/Block/Block_Treadmill_Auto3.uasset'
[2016.05.21-00.08.33:531][658]LogSavePackage: Total save time: 68.085048ms
[2016.05.21-00.08.33:531][658]LogSavePackage:Display: Finished SavePackage ../../../../../../Users/Johan/Documents/GitHub/Runner/Saved/Autosaves/Game/RunnerAssets/Blueprints/Block/Block_Treadmill_Auto3.uasset
[2016.05.21-00.08.33:531][658]LogFileHelpers: Auto-saving content packages took 0.100
[2016.05.21-00.20.46:733][440]LogFileHelpers: Editor autosave (incl. sublevels) for '/Game/RunnerAssets/RunnerMap' took 0.034
[2016.05.21-00.20.46:740][440]OBJ SavePackage: Generating thumbnails for [1] asset(s) in package [/Game/RunnerAssets/Blueprints/Block/Block_Treadmill] ([1] browsable assets)...
[2016.05.21-00.20.46:770][440]OBJ SavePackage:     Rendered thumbnail for [Blueprint /Game/RunnerAssets/Blueprints/Block/Block_Treadmill.Block_Treadmill]
[2016.05.21-00.20.46:770][440]OBJ SavePackage: Finished generating thumbnails for package [/Game/RunnerAssets/Blueprints/Block/Block_Treadmill]
[2016.05.21-00.20.46:850][440]LogSavePackage: Save=55.859077ms
[2016.05.21-00.20.46:850][440]LogSavePackage: Moving '../../../../../../Users/Johan/Documents/GitHub/Runner/Saved/Block_Treadmill_Auto4CA5968D644F75BBF9B60C490F6E530C9.tmp' to '../../../../../../Users/Johan/Documents/GitHub/Runner/Saved/Autosaves/Game/RunnerAssets/Blueprints/Block/Block_Treadmill_Auto4.uasset'
[2016.05.21-00.20.46:852][440]LogSavePackage: Total save time: 79.959963ms
[2016.05.21-00.20.46:852][440]LogSavePackage:Display: Finished SavePackage ../../../../../../Users/Johan/Documents/GitHub/Runner/Saved/Autosaves/Game/RunnerAssets/Blueprints/Block/Block_Treadmill_Auto4.uasset
[2016.05.21-00.20.46:852][440]LogFileHelpers: Auto-saving content packages took 0.118
[2016.05.21-00.24.41:731][958]LogEditorTransaction: Undo Create Pin Link
[2016.05.21-00.24.42:327][  6]LogEditorTransaction: Undo Move Nodes
[2016.05.21-00.24.54:174][401]LogUObjectHash:Warning: Ambiguous search, could be K2Node_VariableGet /Game/RunnerAssets/Blueprints/Block/Block_Treadmill.Block_Treadmill:EventGraph.K2Node_VariableGet_434 or K2Node_VariableGet /Game/RunnerAssets/Blueprints/Block/Block_Treadmill.Block_Treadmill:actionOff.K2Node_VariableGet_434
[2016.05.21-00.24.54:174][401]LogUObjectHash:Warning: Ambiguous search, could be K2Node_DynamicCast /Game/RunnerAssets/Blueprints/Block/Block_Treadmill.Block_Treadmill:EventGraph.K2Node_DynamicCast_548 or K2Node_DynamicCast /Game/RunnerAssets/Blueprints/Block/Block_Treadmill.Block_Treadmill:actionOff.K2Node_DynamicCast_548
[2016.05.21-00.24.54:175][401]LogUObjectHash:Warning: Ambiguous search, could be K2Node_CallFunction /Game/RunnerAssets/Blueprints/SetPhysics_Blueprint.SetPhysics_Blueprint:EventGraph.K2Node_CallFunction_3580 or K2Node_CallFunction /Game/RunnerAssets/Blueprints/Block/Block_Treadmill.Block_Treadmill:EventGraph.K2Node_CallFunction_3580
[2016.05.21-00.24.54:175][401]LogUObjectHash:Warning: Ambiguous search, could be K2Node_CallFunction /Game/RunnerAssets/Blueprints/SetPhysics_Blueprint.SetPhysics_Blueprint:EventGraph.K2Node_CallFunction_3580 or K2Node_CallFunction /Game/RunnerAssets/Blueprints/Block/Block_Treadmill.Block_Treadmill:actionOff.K2Node_CallFunction_3580
[2016.05.21-00.24.54:175][401]LogUObjectHash:Warning: Ambiguous search, could be K2Node_CallFunction /Game/RunnerAssets/Blueprints/SetPhysics_Blueprint.SetPhysics_Blueprint:EventGraph.K2Node_CallFunction_3580 or K2Node_CallFunction /Game/RunnerAssets/Blueprints/Block/Block_Treadmill.Block_Treadmill:EventGraph.K2Node_CallFunction_3580
[2016.05.21-00.24.54:175][401]LogUObjectHash:Warning: Ambiguous search, could be K2Node_CallFunction /Game/RunnerAssets/Blueprints/SetPhysics_Blueprint.SetPhysics_Blueprint:EventGraph.K2Node_CallFunction_3580 or K2Node_CallFunction /Game/RunnerAssets/Blueprints/Block/Block_Treadmill.Block_Treadmill:actionOff.K2Node_CallFunction_3580
[2016.05.21-00.25.17:633][189]LogUObjectHash:Warning: Ambiguous search, could be K2Node_VariableGet /Game/RunnerAssets/Blueprints/Block/Block_Treadmill.Block_Treadmill:EventGraph.K2Node_VariableGet_434 or K2Node_VariableGet /Game/RunnerAssets/Blueprints/Block/Block_Treadmill.Block_Treadmill:actionOff.K2Node_VariableGet_434
[2016.05.21-00.25.17:633][189]LogUObjectHash:Warning: Ambiguous search, could be K2Node_VariableGet /Game/RunnerAssets/Blueprints/Block/Block_Treadmill.Block_Treadmill:EventGraph.K2Node_VariableGet_434 or K2Node_VariableGet /Game/RunnerAssets/Blueprints/Block/Block_Treadmill.Block_Treadmill:actionOn.K2Node_VariableGet_434
[2016.05.21-00.25.17:633][189]LogUObjectHash:Warning: Ambiguous search, could be K2Node_DynamicCast /Game/RunnerAssets/Blueprints/Block/Block_Treadmill.Block_Treadmill:EventGraph.K2Node_DynamicCast_548 or K2Node_DynamicCast /Game/RunnerAssets/Blueprints/Block/Block_Treadmill.Block_Treadmill:actionOff.K2Node_DynamicCast_548
[2016.05.21-00.25.17:633][189]LogUObjectHash:Warning: Ambiguous search, could be K2Node_DynamicCast /Game/RunnerAssets/Blueprints/Block/Block_Treadmill.Block_Treadmill:EventGraph.K2Node_DynamicCast_548 or K2Node_DynamicCast /Game/RunnerAssets/Blueprints/Block/Block_Treadmill.Block_Treadmill:actionOn.K2Node_DynamicCast_548
[2016.05.21-00.25.17:634][189]LogUObjectHash:Warning: Ambiguous search, could be K2Node_CallFunction /Game/RunnerAssets/Blueprints/SetPhysics_Blueprint.SetPhysics_Blueprint:EventGraph.K2Node_CallFunction_3580 or K2Node_CallFunction /Game/RunnerAssets/Blueprints/Block/Block_Treadmill.Block_Treadmill:EventGraph.K2Node_CallFunction_3580
[2016.05.21-00.25.17:634][189]LogUObjectHash:Warning: Ambiguous search, could be K2Node_CallFunction /Game/RunnerAssets/Blueprints/SetPhysics_Blueprint.SetPhysics_Blueprint:EventGraph.K2Node_CallFunction_3580 or K2Node_CallFunction /Game/RunnerAssets/Blueprints/Block/Block_Treadmill.Block_Treadmill:actionOff.K2Node_CallFunction_3580
[2016.05.21-00.25.17:634][189]LogUObjectHash:Warning: Ambiguous search, could be K2Node_CallFunction /Game/RunnerAssets/Blueprints/SetPhysics_Blueprint.SetPhysics_Blueprint:EventGraph.K2Node_CallFunction_3580 or K2Node_CallFunction /Game/RunnerAssets/Blueprints/Block/Block_Treadmill.Block_Treadmill:actionOn.K2Node_CallFunction_3580
[2016.05.21-00.25.17:634][189]LogUObjectHash:Warning: Ambiguous search, could be K2Node_CallFunction /Game/RunnerAssets/Blueprints/SetPhysics_Blueprint.SetPhysics_Blueprint:EventGraph.K2Node_CallFunction_3580 or K2Node_CallFunction /Game/RunnerAssets/Blueprints/Block/Block_Treadmill.Block_Treadmill:EventGraph.K2Node_CallFunction_3580
[2016.05.21-00.25.17:634][189]LogUObjectHash:Warning: Ambiguous search, could be K2Node_CallFunction /Game/RunnerAssets/Blueprints/SetPhysics_Blueprint.SetPhysics_Blueprint:EventGraph.K2Node_CallFunction_3580 or K2Node_CallFunction /Game/RunnerAssets/Blueprints/Block/Block_Treadmill.Block_Treadmill:actionOff.K2Node_CallFunction_3580
[2016.05.21-00.25.17:634][189]LogUObjectHash:Warning: Ambiguous search, could be K2Node_CallFunction /Game/RunnerAssets/Blueprints/SetPhysics_Blueprint.SetPhysics_Blueprint:EventGraph.K2Node_CallFunction_3580 or K2Node_CallFunction /Game/RunnerAssets/Blueprints/Block/Block_Treadmill.Block_Treadmill:actionOn.K2Node_CallFunction_3580
[2016.05.21-00.25.17:634][189]LogUObjectHash:Warning: Ambiguous search, could be K2Node_VariableSet /Game/RunnerAssets/Blueprints/Block/Block_Treadmill.Block_Treadmill:actionOn.K2Node_VariableSet_863 or K2Node_VariableSet /Game/RunnerAssets/Blueprints/Block/Block_Treadmill.Block_Treadmill:actionOff.K2Node_VariableSet_863
[2016.05.21-00.25.17:634][189]LogUObjectHash:Warning: Ambiguous search, could be K2Node_VariableSet /Game/RunnerAssets/Blueprints/Block/Block_Treadmill.Block_Treadmill:actionOn.K2Node_VariableSet_863 or K2Node_VariableSet /Game/RunnerAssets/Blueprints/Block/Block_Treadmill.Block_Treadmill:EdGraph_418.K2Node_VariableSet_863
[2016.05.21-00.25.17:634][189]LogUObjectHash:Warning: Ambiguous search, could be K2Node_VariableSet /Game/RunnerAssets/Blueprints/Block/Block_Treadmill.Block_Treadmill:actionOn.K2Node_VariableSet_863 or K2Node_VariableSet /Game/RunnerAssets/Blueprints/Block/Block_Treadmill.Block_Treadmill:EdGraph_417.K2Node_VariableSet_863
[2016.05.21-00.25.17:634][189]LogUObjectHash:Warning: Ambiguous search, could be K2Node_VariableSet /Game/RunnerAssets/Blueprints/Block/Block_Treadmill.Block_Treadmill:actionOn.K2Node_VariableSet_863 or K2Node_VariableSet /Game/RunnerAssets/Blueprints/Block/Block_Treadmill.Block_Treadmill:EdGraph_412.K2Node_VariableSet_863
[2016.05.21-00.25.17:634][189]LogUObjectHash:Warning: Ambiguous search, could be K2Node_VariableSet /Game/RunnerAssets/Blueprints/Block/Block_Treadmill.Block_Treadmill:actionOn.K2Node_VariableSet_863 or K2Node_VariableSet /Game/RunnerAssets/Blueprints/Block/Block_Treadmill.Block_Treadmill:EdGraph_411.K2Node_VariableSet_863
[2016.05.21-00.25.17:634][189]LogUObjectHash:Warning: Ambiguous search, could be K2Node_VariableSet /Game/RunnerAssets/Blueprints/Block/Block_Treadmill.Block_Treadmill:actionOn.K2Node_VariableSet_863 or K2Node_VariableSet /Game/RunnerAssets/Blueprints/Block/Block_Treadmill.Block_Treadmill:EdGraph_406.K2Node_VariableSet_863
[2016.05.21-00.25.17:634][189]LogUObjectHash:Warning: Ambiguous search, could be K2Node_VariableSet /Game/RunnerAssets/Blueprints/Block/Block_Treadmill.Block_Treadmill:actionOn.K2Node_VariableSet_863 or K2Node_VariableSet /Game/RunnerAssets/Blueprints/Block/Block_Treadmill.Block_Treadmill:EdGraph_405.K2Node_VariableSet_863
[2016.05.21-00.25.17:634][189]LogUObjectHash:Warning: Ambiguous search, could be K2Node_VariableSet /Game/RunnerAssets/Blueprints/Block/Block_Treadmill.Block_Treadmill:actionOn.K2Node_VariableSet_863 or K2Node_VariableSet /Game/RunnerAssets/Blueprints/Block/Block_Treadmill.Block_Treadmill:EdGraph_423.K2Node_VariableSet_863
[2016.05.21-00.25.17:634][189]LogUObjectHash:Warning: Ambiguous search, could be K2Node_VariableSet /Game/RunnerAssets/Blueprints/Block/Block_Treadmill.Block_Treadmill:actionOn.K2Node_VariableSet_863 or K2Node_VariableSet /Game/RunnerAssets/Blueprints/Block/Block_Treadmill.Block_Treadmill:EdGraph_424.K2Node_VariableSet_863
[2016.05.21-00.25.17:634][189]LogUObjectHash:Warning: Ambiguous search, could be K2Node_VariableSet /Game/RunnerAssets/Blueprints/Block/Block_Treadmill.Block_Treadmill:actionOn.K2Node_VariableSet_863 or K2Node_VariableSet /Game/RunnerAssets/Blueprints/Block/Block_Treadmill.Block_Treadmill:EdGraph_429.K2Node_VariableSet_863
[2016.05.21-00.25.17:634][189]LogUObjectHash:Warning: Ambiguous search, could be K2Node_VariableSet /Game/RunnerAssets/Blueprints/Block/Block_Treadmill.Block_Treadmill:actionOn.K2Node_VariableSet_863 or K2Node_VariableSet /Game/RunnerAssets/Blueprints/Block/Block_Treadmill.Block_Treadmill:EdGraph_430.K2Node_VariableSet_863
[2016.05.21-00.25.17:634][189]LogUObjectHash:Warning: Ambiguous search, could be K2Node_VariableSet /Game/RunnerAssets/Blueprints/Block/Block_Treadmill.Block_Treadmill:actionOn.K2Node_VariableSet_863 or K2Node_VariableSet /Game/RunnerAssets/Blueprints/Block/Block_Treadmill.Block_Treadmill:EdGraph_435.K2Node_VariableSet_863
[2016.05.21-00.25.17:634][189]LogUObjectHash:Warning: Ambiguous search, could be K2Node_VariableSet /Game/RunnerAssets/Blueprints/Block/Block_Treadmill.Block_Treadmill:actionOn.K2Node_VariableSet_863 or K2Node_VariableSet /Game/RunnerAssets/Blueprints/Block/Block_Treadmill.Block_Treadmill:EdGraph_436.K2Node_VariableSet_863
[2016.05.21-00.25.17:634][189]LogUObjectHash:Warning: Ambiguous search, could be K2Node_VariableSet /Game/RunnerAssets/Blueprints/Block/Block_Treadmill.Block_Treadmill:actionOn.K2Node_VariableSet_863 or K2Node_VariableSet /Game/RunnerAssets/Blueprints/Block/Block_Treadmill.Block_Treadmill:EdGraph_441.K2Node_VariableSet_863
[2016.05.21-00.25.17:634][189]LogUObjectHash:Warning: Ambiguous search, could be K2Node_VariableSet /Game/RunnerAssets/Blueprints/Block/Block_Treadmill.Block_Treadmill:actionOn.K2Node_VariableSet_863 or K2Node_VariableSet /Game/RunnerAssets/Blueprints/Block/Block_Treadmill.Block_Treadmill:EdGraph_442.K2Node_VariableSet_863
[2016.05.21-00.25.17:634][189]LogUObjectHash:Warning: Ambiguous search, could be K2Node_VariableSet /Game/RunnerAssets/Blueprints/Block/Block_Treadmill.Block_Treadmill:actionOn.K2Node_VariableSet_863 or K2Node_VariableSet /Game/RunnerAssets/Blueprints/Block/Block_Treadmill.Block_Treadmill:EdGraph_447.K2Node_VariableSet_863
[2016.05.21-00.25.17:634][189]LogUObjectHash:Warning: Ambiguous search, could be K2Node_VariableSet /Game/RunnerAssets/Blueprints/Block/Block_Treadmill.Block_Treadmill:actionOn.K2Node_VariableSet_863 or K2Node_VariableSet /Game/RunnerAssets/Blueprints/Block/Block_Treadmill.Block_Treadmill:EdGraph_448.K2Node_VariableSet_863
[2016.05.21-00.25.17:634][189]LogUObjectHash:Warning: Ambiguous search, could be K2Node_VariableSet /Game/RunnerAssets/Blueprints/Block/Block_Treadmill.Block_Treadmill:actionOn.K2Node_VariableSet_863 or K2Node_VariableSet /Game/RunnerAssets/Blueprints/Block/Block_Treadmill.Block_Treadmill:EdGraph_453.K2Node_VariableSet_863
[2016.05.21-00.25.17:634][189]LogUObjectHash:Warning: Ambiguous search, could be K2Node_VariableSet /Game/RunnerAssets/Blueprints/Block/Block_Treadmill.Block_Treadmill:actionOn.K2Node_VariableSet_863 or K2Node_VariableSet /Game/RunnerAssets/Blueprints/Block/Block_Treadmill.Block_Treadmill:EdGraph_454.K2Node_VariableSet_863
[2016.05.21-00.25.17:634][189]LogUObjectHash:Warning: Ambiguous search, could be K2Node_VariableSet /Game/RunnerAssets/Blueprints/Block/Block_Treadmill.Block_Treadmill:actionOn.K2Node_VariableSet_863 or K2Node_VariableSet /Game/RunnerAssets/Blueprints/Block/Block_Treadmill.Block_Treadmill:EdGraph_459.K2Node_VariableSet_863
[2016.05.21-00.25.17:634][189]LogUObjectHash:Warning: Ambiguous search, could be K2Node_VariableSet /Game/RunnerAssets/Blueprints/Block/Block_Treadmill.Block_Treadmill:actionOn.K2Node_VariableSet_863 or K2Node_VariableSet /Game/RunnerAssets/Blueprints/Block/Block_Treadmill.Block_Treadmill:EdGraph_460.K2Node_VariableSet_863
[2016.05.21-00.25.17:634][189]LogUObjectHash:Warning: Ambiguous search, could be K2Node_VariableSet /Game/RunnerAssets/Blueprints/Block/Block_Treadmill.Block_Treadmill:actionOn.K2Node_VariableSet_863 or K2Node_VariableSet /Game/RunnerAssets/Blueprints/Block/Block_Treadmill.Block_Treadmill:EdGraph_465.K2Node_VariableSet_863
[2016.05.21-00.25.17:634][189]LogUObjectHash:Warning: Ambiguous search, could be K2Node_VariableSet /Game/RunnerAssets/Blueprints/Block/Block_Treadmill.Block_Treadmill:actionOn.K2Node_VariableSet_863 or K2Node_VariableSet /Game/RunnerAssets/Blueprints/Block/Block_Treadmill.Block_Treadmill:EdGraph_466.K2Node_VariableSet_863
[2016.05.21-00.25.17:634][189]LogUObjectHash:Warning: Ambiguous search, could be K2Node_VariableSet /Game/RunnerAssets/Blueprints/Block/Block_Treadmill.Block_Treadmill:actionOn.K2Node_VariableSet_863 or K2Node_VariableSet /Game/RunnerAssets/Blueprints/Block/Block_Treadmill.Block_Treadmill:EdGraph_471.K2Node_VariableSet_863
[2016.05.21-00.25.17:634][189]LogUObjectHash:Warning: Ambiguous search, could be K2Node_VariableSet /Game/RunnerAssets/Blueprints/Block/Block_Treadmill.Block_Treadmill:actionOn.K2Node_VariableSet_863 or K2Node_VariableSet /Game/RunnerAssets/Blueprints/Block/Block_Treadmill.Block_Treadmill:EdGraph_472.K2Node_VariableSet_863
[2016.05.21-00.25.17:635][189]LogUObjectHash:Warning: Ambiguous search, could be K2Node_VariableSet /Game/RunnerAssets/Blueprints/Block/Block_Treadmill.Block_Treadmill:actionOn.K2Node_VariableSet_863 or K2Node_VariableSet /Game/RunnerAssets/Blueprints/Block/Block_Treadmill.Block_Treadmill:EdGraph_477.K2Node_VariableSet_863
[2016.05.21-00.25.17:635][189]LogUObjectHash:Warning: Ambiguous search, could be K2Node_VariableSet /Game/RunnerAssets/Blueprints/Block/Block_Treadmill.Block_Treadmill:actionOn.K2Node_VariableSet_863 or K2Node_VariableSet /Game/RunnerAssets/Blueprints/Block/Block_Treadmill.Block_Treadmill:EdGraph_478.K2Node_VariableSet_863
[2016.05.21-00.25.17:635][189]LogUObjectHash:Warning: Ambiguous search, could be K2Node_VariableSet /Game/RunnerAssets/Blueprints/Block/Block_Treadmill.Block_Treadmill:actionOn.K2Node_VariableSet_863 or K2Node_VariableSet /Game/RunnerAssets/Blueprints/Block/Block_Treadmill.Block_Treadmill:EdGraph_483.K2Node_VariableSet_863
[2016.05.21-00.25.17:635][189]LogUObjectHash:Warning: Ambiguous search, could be K2Node_VariableSet /Game/RunnerAssets/Blueprints/Block/Block_Treadmill.Block_Treadmill:actionOn.K2Node_VariableSet_863 or K2Node_VariableSet /Game/RunnerAssets/Blueprints/Block/Block_Treadmill.Block_Treadmill:EdGraph_484.K2Node_VariableSet_863
[2016.05.21-00.25.17:635][189]LogUObjectHash:Warning: Ambiguous search, could be K2Node_VariableSet /Game/RunnerAssets/Blueprints/Block/Block_Treadmill.Block_Treadmill:actionOn.K2Node_VariableSet_863 or K2Node_VariableSet /Game/RunnerAssets/Blueprints/Block/Block_Treadmill.Block_Treadmill:EdGraph_489.K2Node_VariableSet_863
[2016.05.21-00.25.17:635][189]LogUObjectHash:Warning: Ambiguous search, could be K2Node_VariableSet /Game/RunnerAssets/Blueprints/Block/Block_Treadmill.Block_Treadmill:actionOn.K2Node_VariableSet_863 or K2Node_VariableSet /Game/RunnerAssets/Blueprints/Block/Block_Treadmill.Block_Treadmill:EdGraph_490.K2Node_VariableSet_863
[2016.05.21-00.25.17:635][189]LogUObjectHash:Warning: Ambiguous search, could be K2Node_VariableSet /Game/RunnerAssets/Blueprints/Block/Block_Treadmill.Block_Treadmill:actionOn.K2Node_VariableSet_863 or K2Node_VariableSet /Game/RunnerAssets/Blueprints/Block/Block_Treadmill.Block_Treadmill:EdGraph_495.K2Node_VariableSet_863
[2016.05.21-00.25.17:635][189]LogUObjectHash:Warning: Ambiguous search, could be K2Node_VariableSet /Game/RunnerAssets/Blueprints/Block/Block_Treadmill.Block_Treadmill:actionOn.K2Node_VariableSet_863 or K2Node_VariableSet /Game/RunnerAssets/Blueprints/Block/Block_Treadmill.Block_Treadmill:EdGraph_496.K2Node_VariableSet_863
[2016.05.21-00.25.17:635][189]LogUObjectHash:Warning: Ambiguous search, could be K2Node_VariableSet /Game/RunnerAssets/Blueprints/Block/Block_Treadmill.Block_Treadmill:actionOn.K2Node_VariableSet_863 or K2Node_VariableSet /Game/RunnerAssets/Blueprints/Block/Block_Treadmill.Block_Treadmill:EdGraph_574.K2Node_VariableSet_863
[2016.05.21-00.25.17:635][189]LogUObjectHash:Warning: Ambiguous search, could be K2Node_VariableSet /Game/RunnerAssets/Blueprints/Block/Block_Treadmill.Block_Treadmill:actionOn.K2Node_VariableSet_863 or K2Node_VariableSet /Game/RunnerAssets/Blueprints/Block/Block_Treadmill.Block_Treadmill:EdGraph_573.K2Node_VariableSet_863
[2016.05.21-00.25.17:635][189]LogUObjectHash:Warning: Ambiguous search, could be K2Node_VariableSet /Game/RunnerAssets/Blueprints/Block/Block_Treadmill.Block_Treadmill:actionOn.K2Node_VariableSet_863 or K2Node_VariableSet /Game/RunnerAssets/Blueprints/Block/Block_Treadmill.Block_Treadmill:EdGraph_568.K2Node_VariableSet_863
[2016.05.21-00.25.17:635][189]LogUObjectHash:Warning: Ambiguous search, could be K2Node_VariableSet /Game/RunnerAssets/Blueprints/Block/Block_Treadmill.Block_Treadmill:actionOn.K2Node_VariableSet_863 or K2Node_VariableSet /Game/RunnerAssets/Blueprints/Block/Block_Treadmill.Block_Treadmill:EdGraph_567.K2Node_VariableSet_863
[2016.05.21-00.25.17:635][189]LogUObjectHash:Warning: Ambiguous search, could be K2Node_VariableSet /Game/RunnerAssets/Blueprints/Block/Block_Treadmill.Block_Treadmill:actionOn.K2Node_VariableSet_863 or K2Node_VariableSet /Game/RunnerAssets/Blueprints/Block/Block_Treadmill.Block_Treadmill:EdGraph_537.K2Node_VariableSet_863
[2016.05.21-00.25.17:635][189]LogUObjectHash:Warning: Ambiguous search, could be K2Node_VariableSet /Game/RunnerAssets/Blueprints/Block/Block_Treadmill.Block_Treadmill:actionOn.K2Node_VariableSet_863 or K2Node_VariableSet /Game/RunnerAssets/Blueprints/Block/Block_Treadmill.Block_Treadmill:EdGraph_538.K2Node_VariableSet_863
[2016.05.21-00.25.17:635][189]LogUObjectHash:Warning: Ambiguous search, could be K2Node_VariableSet /Game/RunnerAssets/Blueprints/Block/Block_Treadmill.Block_Treadmill:actionOn.K2Node_VariableSet_863 or K2Node_VariableSet /Game/RunnerAssets/Blueprints/Block/Block_Treadmill.Block_Treadmill:EdGraph_543.K2Node_VariableSet_863
[2016.05.21-00.25.17:635][189]LogUObjectHash:Warning: Ambiguous search, could be K2Node_VariableSet /Game/RunnerAssets/Blueprints/Block/Block_Treadmill.Block_Treadmill:actionOn.K2Node_VariableSet_863 or K2Node_VariableSet /Game/RunnerAssets/Blueprints/Block/Block_Treadmill.Block_Treadmill:EdGraph_544.K2Node_VariableSet_863
[2016.05.21-00.25.17:635][189]LogUObjectHash:Warning: Ambiguous search, could be K2Node_VariableSet /Game/RunnerAssets/Blueprints/Block/Block_Treadmill.Block_Treadmill:actionOn.K2Node_VariableSet_863 or K2Node_VariableSet /Game/RunnerAssets/Blueprints/Block/Block_Treadmill.Block_Treadmill:EdGraph_549.K2Node_VariableSet_863
[2016.05.21-00.25.17:635][189]LogUObjectHash:Warning: Ambiguous search, could be K2Node_VariableSet /Game/RunnerAssets/Blueprints/Block/Block_Treadmill.Block_Treadmill:actionOn.K2Node_VariableSet_863 or K2Node_VariableSet /Game/RunnerAssets/Blueprints/Block/Block_Treadmill.Block_Treadmill:EdGraph_550.K2Node_VariableSet_863
[2016.05.21-00.25.17:635][189]LogUObjectHash:Warning: Ambiguous search, could be K2Node_VariableSet /Game/RunnerAssets/Blueprints/Block/Block_Treadmill.Block_Treadmill:actionOn.K2Node_VariableSet_863 or K2Node_VariableSet /Game/RunnerAssets/Blueprints/Block/Block_Treadmill.Block_Treadmill:EdGraph_555.K2Node_VariableSet_863
[2016.05.21-00.25.17:635][189]LogUObjectHash:Warning: Ambiguous search, could be K2Node_VariableSet /Game/RunnerAssets/Blueprints/Block/Block_Treadmill.Block_Treadmill:actionOn.K2Node_VariableSet_863 or K2Node_VariableSet /Game/RunnerAssets/Blueprints/Block/Block_Treadmill.Block_Treadmill:EdGraph_556.K2Node_VariableSet_863
[2016.05.21-00.25.17:635][189]LogUObjectHash:Warning: Ambiguous search, could be K2Node_VariableSet /Game/RunnerAssets/Blueprints/Block/Block_Treadmill.Block_Treadmill:actionOn.K2Node_VariableSet_863 or K2Node_VariableSet /Game/RunnerAssets/Blueprints/Block/Block_Treadmill.Block_Treadmill:EdGraph_561.K2Node_VariableSet_863
[2016.05.21-00.25.17:635][189]LogUObjectHash:Warning: Ambiguous search, could be K2Node_VariableSet /Game/RunnerAssets/Blueprints/Block/Block_Treadmill.Block_Treadmill:actionOn.K2Node_VariableSet_863 or K2Node_VariableSet /Game/RunnerAssets/Blueprints/Block/Block_Treadmill.Block_Treadmill:EdGraph_562.K2Node_VariableSet_863
[2016.05.21-00.25.17:635][189]LogUObjectHash:Warning: Ambiguous search, could be EdGraphPin /Game/RunnerAssets/Blueprints/Block/Block_Treadmill.Block_Treadmill:actionOff.K2Node_VariableSet_863.EdGraphPin_7599 or EdGraphPin /Game/RunnerAssets/Blueprints/Block/Block_Treadmill.Block_Treadmill:EdGraph_406.K2Node_VariableSet_863.EdGraphPin_7599
[2016.05.21-00.25.17:635][189]LogUObjectHash:Warning: Ambiguous search, could be EdGraphPin /Game/RunnerAssets/Blueprints/Block/Block_Treadmill.Block_Treadmill:actionOff.K2Node_VariableSet_863.EdGraphPin_7599 or EdGraphPin /Game/RunnerAssets/Blueprints/Block/Block_Treadmill.Block_Treadmill:EdGraph_412.K2Node_VariableSet_863.EdGraphPin_7599
[2016.05.21-00.25.17:635][189]LogUObjectHash:Warning: Ambiguous search, could be EdGraphPin /Game/RunnerAssets/Blueprints/Block/Block_Treadmill.Block_Treadmill:actionOff.K2Node_VariableSet_863.EdGraphPin_7599 or EdGraphPin /Game/RunnerAssets/Blueprints/Block/Block_Treadmill.Block_Treadmill:EdGraph_418.K2Node_VariableSet_863.EdGraphPin_7599
[2016.05.21-00.25.17:635][189]LogUObjectHash:Warning: Ambiguous search, could be EdGraphPin /Game/RunnerAssets/Blueprints/Block/Block_Treadmill.Block_Treadmill:actionOff.K2Node_VariableSet_863.EdGraphPin_7599 or EdGraphPin /Game/RunnerAssets/Blueprints/Block/Block_Treadmill.Block_Treadmill:EdGraph_424.K2Node_VariableSet_863.EdGraphPin_7599
[2016.05.21-00.25.17:635][189]LogUObjectHash:Warning: Ambiguous search, could be EdGraphPin /Game/RunnerAssets/Blueprints/Block/Block_Treadmill.Block_Treadmill:actionOff.K2Node_VariableSet_863.EdGraphPin_7599 or EdGraphPin /Game/RunnerAssets/Blueprints/Block/Block_Treadmill.Block_Treadmill:EdGraph_430.K2Node_VariableSet_863.EdGraphPin_7599
[2016.05.21-00.25.17:635][189]LogUObjectHash:Warning: Ambiguous search, could be EdGraphPin /Game/RunnerAssets/Blueprints/Block/Block_Treadmill.Block_Treadmill:actionOff.K2Node_VariableSet_863.EdGraphPin_7599 or EdGraphPin /Game/RunnerAssets/Blueprints/Block/Block_Treadmill.Block_Treadmill:EdGraph_436.K2Node_VariableSet_863.EdGraphPin_7599
[2016.05.21-00.25.17:635][189]LogUObjectHash:Warning: Ambiguous search, could be EdGraphPin /Game/RunnerAssets/Blueprints/Block/Block_Treadmill.Block_Treadmill:actionOff.K2Node_VariableSet_863.EdGraphPin_7599 or EdGraphPin /Game/RunnerAssets/Blueprints/Block/Block_Treadmill.Block_Treadmill:EdGraph_442.K2Node_VariableSet_863.EdGraphPin_7599
[2016.05.21-00.25.17:635][189]LogUObjectHash:Warning: Ambiguous search, could be EdGraphPin /Game/RunnerAssets/Blueprints/Block/Block_Treadmill.Block_Treadmill:actionOff.K2Node_VariableSet_863.EdGraphPin_7599 or EdGraphPin /Game/RunnerAssets/Blueprints/Block/Block_Treadmill.Block_Treadmill:EdGraph_448.K2Node_VariableSet_863.EdGraphPin_7599
[2016.05.21-00.25.17:635][189]LogUObjectHash:Warning: Ambiguous search, could be EdGraphPin /Game/RunnerAssets/Blueprints/Block/Block_Treadmill.Block_Treadmill:actionOff.K2Node_VariableSet_863.EdGraphPin_7599 or EdGraphPin /Game/RunnerAssets/Blueprints/Block/Block_Treadmill.Block_Treadmill:EdGraph_454.K2Node_VariableSet_863.EdGraphPin_7599
[2016.05.21-00.25.17:635][189]LogUObjectHash:Warning: Ambiguous search, could be EdGraphPin /Game/RunnerAssets/Blueprints/Block/Block_Treadmill.Block_Treadmill:actionOff.K2Node_VariableSet_863.EdGraphPin_7599 or EdGraphPin /Game/RunnerAssets/Blueprints/Block/Block_Treadmill.Block_Treadmill:EdGraph_460.K2Node_VariableSet_863.EdGraphPin_7599
[2016.05.21-00.25.17:635][189]LogUObjectHash:Warning: Ambiguous search, could be EdGraphPin /Game/RunnerAssets/Blueprints/Block/Block_Treadmill.Block_Treadmill:actionOff.K2Node_VariableSet_863.EdGraphPin_7599 or EdGraphPin /Game/RunnerAssets/Blueprints/Block/Block_Treadmill.Block_Treadmill:EdGraph_466.K2Node_VariableSet_863.EdGraphPin_7599
[2016.05.21-00.25.17:635][189]LogUObjectHash:Warning: Ambiguous search, could be EdGraphPin /Game/RunnerAssets/Blueprints/Block/Block_Treadmill.Block_Treadmill:actionOff.K2Node_VariableSet_863.EdGraphPin_7599 or EdGraphPin /Game/RunnerAssets/Blueprints/Block/Block_Treadmill.Block_Treadmill:EdGraph_472.K2Node_VariableSet_863.EdGraphPin_7599
[2016.05.21-00.25.17:635][189]LogUObjectHash:Warning: Ambiguous search, could be EdGraphPin /Game/RunnerAssets/Blueprints/Block/Block_Treadmill.Block_Treadmill:actionOff.K2Node_VariableSet_863.EdGraphPin_7599 or EdGraphPin /Game/RunnerAssets/Blueprints/Block/Block_Treadmill.Block_Treadmill:EdGraph_478.K2Node_VariableSet_863.EdGraphPin_7599
[2016.05.21-00.25.17:635][189]LogUObjectHash:Warning: Ambiguous search, could be EdGraphPin /Game/RunnerAssets/Blueprints/Block/Block_Treadmill.Block_Treadmill:actionOff.K2Node_VariableSet_863.EdGraphPin_7599 or EdGraphPin /Game/RunnerAssets/Blueprints/Block/Block_Treadmill.Block_Treadmill:EdGraph_484.K2Node_VariableSet_863.EdGraphPin_7599
[2016.05.21-00.25.17:635][189]LogUObjectHash:Warning: Ambiguous search, could be EdGraphPin /Game/RunnerAssets/Blueprints/Block/Block_Treadmill.Block_Treadmill:actionOff.K2Node_VariableSet_863.EdGraphPin_7599 or EdGraphPin /Game/RunnerAssets/Blueprints/Block/Block_Treadmill.Block_Treadmill:EdGraph_490.K2Node_VariableSet_863.EdGraphPin_7599
[2016.05.21-00.25.17:635][189]LogUObjectHash:Warning: Ambiguous search, could be EdGraphPin /Game/RunnerAssets/Blueprints/Block/Block_Treadmill.Block_Treadmill:actionOff.K2Node_VariableSet_863.EdGraphPin_7599 or EdGraphPin /Game/RunnerAssets/Blueprints/Block/Block_Treadmill.Block_Treadmill:EdGraph_496.K2Node_VariableSet_863.EdGraphPin_7599
[2016.05.21-00.25.17:635][189]LogUObjectHash:Warning: Ambiguous search, could be EdGraphPin /Game/RunnerAssets/Blueprints/Block/Block_Treadmill.Block_Treadmill:actionOff.K2Node_VariableSet_863.EdGraphPin_7599 or EdGraphPin /Game/RunnerAssets/Blueprints/Block/Block_Treadmill.Block_Treadmill:EdGraph_574.K2Node_VariableSet_863.EdGraphPin_7599
[2016.05.21-00.25.17:635][189]LogUObjectHash:Warning: Ambiguous search, could be EdGraphPin /Game/RunnerAssets/Blueprints/Block/Block_Treadmill.Block_Treadmill:actionOff.K2Node_VariableSet_863.EdGraphPin_7599 or EdGraphPin /Game/RunnerAssets/Blueprints/Block/Block_Treadmill.Block_Treadmill:EdGraph_568.K2Node_VariableSet_863.EdGraphPin_7599
[2016.05.21-00.25.17:635][189]LogUObjectHash:Warning: Ambiguous search, could be EdGraphPin /Game/RunnerAssets/Blueprints/Block/Block_Treadmill.Block_Treadmill:actionOff.K2Node_VariableSet_863.EdGraphPin_7599 or EdGraphPin /Game/RunnerAssets/Blueprints/Block/Block_Treadmill.Block_Treadmill:EdGraph_538.K2Node_VariableSet_863.EdGraphPin_7599
[2016.05.21-00.25.17:635][189]LogUObjectHash:Warning: Ambiguous search, could be EdGraphPin /Game/RunnerAssets/Blueprints/Block/Block_Treadmill.Block_Treadmill:actionOff.K2Node_VariableSet_863.EdGraphPin_7599 or EdGraphPin /Game/RunnerAssets/Blueprints/Block/Block_Treadmill.Block_Treadmill:EdGraph_544.K2Node_VariableSet_863.EdGraphPin_7599
[2016.05.21-00.25.17:635][189]LogUObjectHash:Warning: Ambiguous search, could be EdGraphPin /Game/RunnerAssets/Blueprints/Block/Block_Treadmill.Block_Treadmill:actionOff.K2Node_VariableSet_863.EdGraphPin_7599 or EdGraphPin /Game/RunnerAssets/Blueprints/Block/Block_Treadmill.Block_Treadmill:EdGraph_550.K2Node_VariableSet_863.EdGraphPin_7599
[2016.05.21-00.25.17:636][189]LogUObjectHash:Warning: Ambiguous search, could be EdGraphPin /Game/RunnerAssets/Blueprints/Block/Block_Treadmill.Block_Treadmill:actionOff.K2Node_VariableSet_863.EdGraphPin_7599 or EdGraphPin /Game/RunnerAssets/Blueprints/Block/Block_Treadmill.Block_Treadmill:EdGraph_556.K2Node_VariableSet_863.EdGraphPin_7599
[2016.05.21-00.25.17:636][189]LogUObjectHash:Warning: Ambiguous search, could be EdGraphPin /Game/RunnerAssets/Blueprints/Block/Block_Treadmill.Block_Treadmill:actionOff.K2Node_VariableSet_863.EdGraphPin_7599 or EdGraphPin /Game/RunnerAssets/Blueprints/Block/Block_Treadmill.Block_Treadmill:EdGraph_562.K2Node_VariableSet_863.EdGraphPin_7599
[2016.05.21-00.25.41:520][  8]BlueprintLog: New page: Compile Block_Treadmill
[2016.05.21-00.25.41:750][  8]BlueprintEditorCompileResults: Info [0205.46] Compile of Block_Treadmill successful! [in 230 ms]
[2016.05.21-00.25.44:173][281]LogSavePackage: Save=62.976658ms
[2016.05.21-00.25.44:173][281]LogSavePackage: Moving '../../../../../../Users/Johan/Documents/GitHub/Runner/Saved/Block_Treadmill0A14105F4F4FB096EEB3F29B7BDE3E01.tmp' to '../../../../../../Users/Johan/Documents/GitHub/Runner/Content/RunnerAssets/Blueprints/Block/Block_Treadmill.uasset'
[2016.05.21-00.25.44:177][281]LogSavePackage: Total save time: 75.835936ms
[2016.05.21-00.25.44:177][281]LogSavePackage:Display: Finished SavePackage ../../../../../../Users/Johan/Documents/GitHub/Runner/Content/RunnerAssets/Blueprints/Block/Block_Treadmill.uasset
[2016.05.21-00.25.45:162][396]LogBlueprintUserMessages: Early PlayInEditor Detection: Level '/Game/RunnerAssets/RunnerMap.RunnerMap:PersistentLevel' has LevelScriptBlueprint '/Game/RunnerAssets/RunnerMap.RunnerMap:PersistentLevel.RunnerMap' with GeneratedClass '/Game/RunnerAssets/RunnerMap.RunnerMap_C' with ClassGeneratedBy '/Game/RunnerAssets/RunnerMap.RunnerMap:PersistentLevel.RunnerMap'
[2016.05.21-00.25.45:162][396]LogPlayLevel: PlayLevel: No blueprints needed recompiling
[2016.05.21-00.25.45:162][396]PIE: New page: PIE session: RunnerMap (May 21, 2016, 4:25:45 AM)
[2016.05.21-00.25.45:162][396]LogPlayLevel: Creating play world package: /Game/RunnerAssets/UEDPIE_0_RunnerMap
[2016.05.21-00.25.45:204][396]LogPlayLevel: PIE: StaticDuplicateObject took: (0.041438s)
[2016.05.21-00.25.45:205][396]LogAIModule: Creating AISystem for world RunnerMap
[2016.05.21-00.25.45:206][396]LogPlayLevel: PIE: World Init took: (0.001704s)
[2016.05.21-00.25.45:206][396]LogPlayLevel: PIE: Created PIE world by copying editor world from /Game/RunnerAssets/RunnerMap.RunnerMap to /Game/RunnerAssets/UEDPIE_0_RunnerMap.RunnerMap (0.043591s)
[2016.05.21-00.25.45:268][396]LogInit: XAudio2 using 'Speakers (USB Sound Device        )' : 2 channels at 44.1 kHz using 16 bits per sample (channel mask 0x3)
[2016.05.21-00.25.45:274][396]LogInit: FAudioDevice initialized.
[2016.05.21-00.25.45:346][396]LogLinker:Warning: Can't find file '/Game/SideScrollerBP/Blueprints/SideScrollerGameMode'
[2016.05.21-00.25.45:346][396]LogLinker:Warning: Can't find file '/Game/SideScrollerBP/Blueprints/SideScrollerGameMode'
[2016.05.21-00.25.45:347][396]LogUObjectGlobals:Warning: Failed to find object 'Class /Game/SideScrollerBP/Blueprints/SideScrollerGameMode.SideScrollerGameMode_C'
[2016.05.21-00.25.45:347][396]LogWorld: Game class is 'GameMode'
[2016.05.21-00.25.45:355][396]LogWorld: Bringing World /Game/RunnerAssets/UEDPIE_0_RunnerMap.RunnerMap up for play (max tick rate 0) at 2016.05.21-02.25.45
[2016.05.21-00.25.45:355][396]LogActor:Warning: GameSession /Game/RunnerAssets/UEDPIE_0_RunnerMap.RunnerMap:PersistentLevel.GameSession_8 has natively added scene component(s), but none of them were set as the actor's RootComponent - picking one arbitrarily
[2016.05.21-00.25.45:355][396]LogActor:Warning: GameNetworkManager /Game/RunnerAssets/UEDPIE_0_RunnerMap.RunnerMap:PersistentLevel.GameNetworkManager_8 has natively added scene component(s), but none of them were set as the actor's RootComponent - picking one arbitrarily
[2016.05.21-00.25.45:355][396]LogWorld: Bringing up level for play took: 0.007463
[2016.05.21-00.25.45:356][396]LogGameMode: Warning - PATHS NOT DEFINED or NO PLAYERSTART with positive rating
[2016.05.21-00.25.45:366][396]PIE: Info Play in editor start time for /Game/RunnerAssets/UEDPIE_0_RunnerMap 0.209
[2016.05.21-00.25.45:367][396]LogBlueprintUserMessages: Late PlayInEditor Detection: Level '/Game/RunnerAssets/RunnerMap.RunnerMap:PersistentLevel' has LevelScriptBlueprint '/Game/RunnerAssets/RunnerMap.RunnerMap:PersistentLevel.RunnerMap' with GeneratedClass '/Game/RunnerAssets/RunnerMap.RunnerMap_C' with ClassGeneratedBy '/Game/RunnerAssets/RunnerMap.RunnerMap:PersistentLevel.RunnerMap'
[2016.05.21-00.27.00:806][ 13]LogCharacterMovement: SideScrollerCharacter_C_1 is stuck and failed to move!
[2016.05.21-00.27.07:825][213]LogPackageName: SearchForPackageOnDisk took   0.088s to resolve Death.umap.
[2016.05.21-00.27.07:928][214]LogPackageName: SearchForPackageOnDisk took   0.092s to resolve Death.umap.
[2016.05.21-00.27.07:928][214]LogNet: Browse: /Game/RunnerAssets/Death
[2016.05.21-00.27.07:928][214]LogLoad: LoadMap: /Game/RunnerAssets/Death
[2016.05.21-00.27.08:018][214]LogParticles: Destroying 0 GPU particle simulations for FXSystem 0x000001D6FFC32D40
[2016.05.21-00.27.08:039][214]Cmd: MEM
[2016.05.21-00.27.08:069][214]LogMemory: Platform Memory Stats for Win