[2016.05.07-19.08.26:252][  0]Log file open, 05/07/16 21:08:26
[2016.05.07-19.08.26:252][  0]LogInit:Display: Running engine for game: Runner
[2016.05.07-19.08.26:252][  0]LogPlatformFile: Not using cached read wrapper
[2016.05.07-19.08.26:252][  0]LogInit:Display: RandInit(-1960453609) SRandInit(-1960453608).
[2016.05.07-19.08.26:252][  0]LogTaskGraph: Started task graph with 4 named threads and 7 total threads.
[2016.05.07-19.08.26:252][  0]LogStats: Stats thread started at 0.082827
[2016.05.07-19.08.26:252][  0]LogInit: Version: 4.10.4-2872498+++depot+UE4-Releases+4.10
[2016.05.07-19.08.26:252][  0]LogInit: API Version: 2758231
[2016.05.07-19.08.26:252][  0]LogInit: Compiled (64-bit): Feb 18 2016 15:47:04
[2016.05.07-19.08.26:252][  0]LogInit: Compiled with Visual C++: 19.00.23026.00
[2016.05.07-19.08.26:252][  0]LogInit: Build Configuration: Development
[2016.05.07-19.08.26:252][  0]LogInit: Branch Name: ++depot+UE4-Releases+4.10
[2016.05.07-19.08.26:252][  0]LogInit: Command line:  
[2016.05.07-19.08.26:252][  0]LogInit: Base directory: C:/Program Files/Epic Games/4.10/Engine/Binaries/Win64/
[2016.05.07-19.08.26:252][  0]LogInit: Rocket: 1
[2016.05.07-19.08.26:260][  0]LogInit: Using libcurl 7.41.0
[2016.05.07-19.08.26:260][  0]LogInit:  - built for x86_64-pc-win32
[2016.05.07-19.08.26:260][  0]LogInit:  - supports SSL with WinSSL
[2016.05.07-19.08.26:260][  0]LogInit:  - other features:
[2016.05.07-19.08.26:260][  0]LogInit:      CURL_VERSION_SSL
[2016.05.07-19.08.26:260][  0]LogInit:      CURL_VERSION_IPV6
[2016.05.07-19.08.26:260][  0]LogInit:      CURL_VERSION_ASYNCHDNS
[2016.05.07-19.08.26:260][  0]LogInit:      CURL_VERSION_LARGEFILE
[2016.05.07-19.08.26:260][  0]LogInit:      CURL_VERSION_IDN
[2016.05.07-19.08.26:260][  0]LogInit:  CurlRequestOptions (configurable via config and command line):
[2016.05.07-19.08.26:260][  0]LogInit:  - bVerifyPeer = true  - Libcurl will verify peer certificate
[2016.05.07-19.08.26:260][  0]LogInit:  - bUseHttpProxy = false  - Libcurl will NOT use HTTP proxy
[2016.05.07-19.08.26:260][  0]LogInit:  - bDontReuseConnections = false  - Libcurl will reuse connections
[2016.05.07-19.08.26:260][  0]LogInit:  - CertBundlePath = nullptr  - Libcurl will use whatever was configured at build time.
[2016.05.07-19.08.26:267][  0]LogInit: Presizing for 0 objects not considered by GC, pre-allocating 0 bytes.
[2016.05.07-19.08.26:274][  0]LogInit: Object subsystem initialized
[2016.05.07-19.08.26:275][  0]LogInit: Selected Device Profile: [Windows]
[2016.05.07-19.08.26:275][  0]LogInit: Applying CVar settings loaded from the selected device profile: [Windows]
[2016.05.07-19.08.26:283][  0]LogInit: Computer: JOHANS_MONSTER
[2016.05.07-19.08.26:283][  0]LogInit: User: Johan
[2016.05.07-19.08.26:283][  0]LogInit: CPU Page size=4096, Cores=4
[2016.05.07-19.08.26:283][  0]LogInit: High frequency timer resolution =3.312788 MHz
[2016.05.07-19.08.26:283][  0]LogMemory: Memory total: Physical=16.0GB (16GB approx)
[2016.05.07-19.08.26:283][  0]LogMemory: Platform Memory Stats for Windows
[2016.05.07-19.08.26:284][  0]LogMemory: Process Physical Memory: 56.38 MB used, 56.38 MB peak
[2016.05.07-19.08.26:284][  0]LogMemory: Process Virtual Memory: 58.98 MB used, 58.98 MB peak
[2016.05.07-19.08.26:284][  0]LogMemory: Physical Memory: 3346.61 MB used, 16337.33 MB total
[2016.05.07-19.08.26:284][  0]LogMemory: Virtual Memory: 385.79 MB used, 134217728.00 MB total
[2016.05.07-19.08.26:317][  0]LogTextLocalizationManager: No translations for ('sv-SE') exist, falling back to 'en' for localization and internationalization data.
[2016.05.07-19.08.26:663][  0]LogD3D11RHI: Found D3D11 adapter 0: NVIDIA GeForce GTX 560 SE (Feature Level 11_0)
[2016.05.07-19.08.26:663][  0]LogD3D11RHI: Adapter has 977MB of dedicated video memory, 0MB of dedicated system memory, and 8168MB of shared system memory, 1 output[s]
[2016.05.07-19.08.26:664][  0]LogD3D11RHI: Found D3D11 adapter 1: Microsoft Basic Render Driver (Feature Level 11_0)
[2016.05.07-19.08.26:664][  0]LogD3D11RHI: Adapter has 0MB of dedicated video memory, 0MB of dedicated system memory, and 8168MB of shared system memory, 0 output[s]
[2016.05.07-19.08.26:664][  0]LogD3D11RHI: Chosen D3D11 Adapter Id = 0
[2016.05.07-19.08.26:668][  0]LogD3D11RHI: !Direct3DDevice
[2016.05.07-19.08.26:668][  0]LogRHI: Texture pool is 684 MB (70% of 977 MB)
[2016.05.07-19.08.26:681][  0]LogD3D11RHI: Async texture creation enabled
[2016.05.07-19.08.26:697][  0]LogShaderCompilers: Guid format shader working directory is -6 characters bigger than the processId version (../../../../../../Users/Johan/Documents/GitHub/Runner/Intermediate/Shaders/WorkingDirectory/816/).
[2016.05.07-19.08.26:697][  0]LogShaderCompilers: Cleaned the shader compiler working directory 'C:/Users/Johan/AppData/Local/Temp/UnrealShaderWorkingDir/B96459634976EE3FC7A964AC3CB23D1F/'.
[2016.05.07-19.08.26:697][  0]LogShaderCompilers:Display: Using Local Shader Compiler.
[2016.05.07-19.08.27:668][  0]LogTemp:Display: Loaded TP AllDesktopTargetPlatform
[2016.05.07-19.08.27:673][  0]LogTemp:Display: Loaded TP WindowsClientTargetPlatform
[2016.05.07-19.08.27:678][  0]LogTemp:Display: Loaded TP WindowsNoEditorTargetPlatform
[2016.05.07-19.08.27:682][  0]LogTemp:Display: Loaded TP WindowsServerTargetPlatform
[2016.05.07-19.08.27:687][  0]LogTemp:Display: Loaded TP WindowsTargetPlatform
[2016.05.07-19.08.27:690][  0]LogTemp:Display: Loaded TP AndroidTargetPlatform
[2016.05.07-19.08.27:692][  0]LogTemp:Display: Loaded TP Android_ASTCTargetPlatform
[2016.05.07-19.08.27:695][  0]LogTemp:Display: Loaded TP Android_ATCTargetPlatform
[2016.05.07-19.08.27:698][  0]LogTemp:Display: Loaded TP Android_DXTTargetPlatform
[2016.05.07-19.08.27:701][  0]LogTemp:Display: Loaded TP Android_ETC1TargetPlatform
[2016.05.07-19.08.27:704][  0]LogTemp:Display: Loaded TP Android_ETC2TargetPlatform
[2016.05.07-19.08.27:710][  0]LogTemp:Display: Loaded TP Android_MultiTargetPlatform
[2016.05.07-19.08.27:710][  0]LogTemp:Display: Loaded TP Android_PVRTCTargetPlatform
[2016.05.07-19.08.27:711][  0]LogTemp:Display: Loaded TP HTML5TargetPlatform
[2016.05.07-19.08.27:728][  0]LogTemp:Display: Loaded TP IOSTargetPlatform
[2016.05.07-19.08.27:730][  0]LogTemp:Display: Loaded TP LinuxNoEditorTargetPlatform
[2016.05.07-19.08.27:733][  0]LogTemp:Display: Loaded TP LinuxServerTargetPlatform
[2016.05.07-19.08.27:735][  0]LogTemp:Display: Loaded TP LinuxTargetPlatform
[2016.05.07-19.08.27:735][  0]LogTargetPlatformManager:Display: Building Assets For Windows
[2016.05.07-19.08.27:826][  0]LogDerivedDataCache:Display: Max Cache Size: 512 MB
[2016.05.07-19.08.28:187][  0]LogDerivedDataCache: Loaded boot cache 0.36s 41MB C:/Users/Johan/AppData/Local/UnrealEngine/4.10/DerivedDataCache/Boot.ddc.
[2016.05.07-19.08.28:187][  0]LogDerivedDataCache:Display: Loaded Boot cache: C:/Users/Johan/AppData/Local/UnrealEngine/4.10/DerivedDataCache/Boot.ddc
[2016.05.07-19.08.28:187][  0]LogDerivedDataCache: FDerivedDataBackendGraph:  Pak pak cache file ../../../../../../Users/Johan/Documents/GitHub/Runner/DerivedDataCache/DDC.ddp not found, will not use a pak cache.
[2016.05.07-19.08.28:187][  0]LogDerivedDataCache: Unable to find inner node Pak for hierarchical cache Hierarchy.
[2016.05.07-19.08.28:187][  0]LogDerivedDataCache: FDerivedDataBackendGraph:  CompressedPak pak cache file ../../../../../../Users/Johan/Documents/GitHub/Runner/DerivedDataCache/Compressed.ddp not found, will not use a pak cache.
[2016.05.07-19.08.28:187][  0]LogDerivedDataCache: Unable to find inner node CompressedPak for hierarchical cache Hierarchy.
[2016.05.07-19.08.28:266][  0]LogDerivedDataCache:Display: Pak cache opened for reading ../../../Engine/DerivedDataCache/Compressed.ddp.
[2016.05.07-19.08.28:278][  0]LogDerivedDataCache: Using Local data cache path C:/Users/Johan/AppData/Local/UnrealEngine/Common/DerivedDataCache: Writable
[2016.05.07-19.08.31:315][  0]LogInit: Selected Device Profile: [Windows]
[2016.05.07-19.08.31:318][  0]LogContentStreaming: Texture pool size is 0.000000MB
[2016.05.07-19.08.31:425][  0]LogMeshUtilities: No automatic mesh reduction module available
[2016.05.07-19.08.31:425][  0]LogMeshUtilities: No automatic mesh merging module available
[2016.05.07-19.08.31:816][  0]LogInit: WinSock: version 1.1 (2.2), MaxSocks=32767, MaxUdp=65467
[2016.05.07-19.08.49:356][  0]UdpMessaging: Initializing bridge on interface 0.0.0.0:0 to multicast group 230.0.0.1:6666.
[2016.05.07-19.08.49:808][  0]LogAssetRegistry: FAssetRegistry took 0.0116 seconds to start up
[2016.05.07-19.08.49:983][  0]SourceControl: Info Source control is disabled
[2016.05.07-19.08.49:984][  0]SourceControl: Info Source control is disabled
[2016.05.07-19.08.49:997][  0]SourceControl: Info Source control is disabled
[2016.05.07-19.08.50:010][  0]SourceControl: Info Source control is disabled
[2016.05.07-19.08.50:605][  0]LogObj: 28633 objects as part of root set at end of initial load.
[2016.05.07-19.08.50:605][  0]LogUObjectAllocator: 6099752 out of 0 bytes used by permanent object pool.
[2016.05.07-19.08.50:688][  0]LogEngine: Initializing Engine...
[2016.05.07-19.08.50:691][  0]LogHMD: Can't find Oculus library dev build: is proper Runtime installed? Version: 0.8.0.0
[2016.05.07-19.08.50:702][  0]LogHMD: SteamVR failed to initialize.  Err: 110
[2016.05.07-19.08.50:812][  0]LogAIModule: Creating AISystem for world NewWorld
[2016.05.07-19.08.50:817][  0]LogInit: XAudio2 using 'Speakers (Realtek High Definition Audio)' : 2 channels at 48 kHz using 32 bits per sample (channel mask 0x3)
[2016.05.07-19.08.50:841][  0]LogInit: FAudioDevice initialized.
[2016.05.07-19.08.50:859][  0]LogDerivedDataCache: Saved boot cache 0.02s 41MB C:/Users/Johan/AppData/Local/UnrealEngine/4.10/DerivedDataCache/Boot.ddc.
[2016.05.07-19.08.50:866][  0]LogInit: Texture streaming: Enabled
[2016.05.07-19.08.50:872][  0]LogAnalytics: Creating configured Analytics provider AnalyticsET
[2016.05.07-19.08.50:872][  0]LogAnalytics: [UEEditor.Rocket.Release] APIServer = http://et2.epicgames.com/ET2/. AppVersion = 4.10.4-2872498+++depot+UE4-Releases+4.10
[2016.05.07-19.08.50:872][  0]LogAnalytics: [UEEditor.Rocket.Release] SetUserId e13f53c54a08433fc09043aa962b451a|75ba5683578c43329a0522a4b145a097|e6dac55f-4bf9-412a-b229-53d1a5ef9356
[2016.05.07-19.08.50:872][  0]LogAnalytics: [UEEditor.Rocket.Release] AnalyticsET::StartSession
[2016.05.07-19.08.50:880][  0]LogInit: Transaction tracking system initialized
[2016.05.07-19.08.50:909][  0]BlueprintLog: New page: Editor Load
[2016.05.07-19.08.51:006][  0]LocalizationService: Info Localization service is disabled
[2016.05.07-19.08.51:185][  0]LogConsoleResponse:Display: 
[2016.05.07-19.08.51:605][  0]LogCook:Display: Done creating registry. It took  0.00s.
[2016.05.07-19.08.51:801][  0]LogFileCache: Scanning file cache for directory 'C:/Users/Johan/Documents/GitHub/Runner/Content/' took 0.04s
[2016.05.07-19.08.51:801][  0]SourceControl: Info Source control is disabled
[2016.05.07-19.08.51:802][  0]Cmd: MAP LOAD FILE="../../../../../../Users/Johan/Documents/GitHub/Runner/Content/RunnerAssets/RunnerMap.umap" TEMPLATE=0 SHOWPROGRESS=1 FEATURELEVEL=3
[2016.05.07-19.08.51:802][  0]LightingResults: New page: Lighting Build
[2016.05.07-19.08.51:805][  0]MapCheck: New page: Map Check
[2016.05.07-19.08.51:805][  0]LightingResults: New page: Lighting Build
[2016.05.07-19.08.51:814][  0]LogParticles: Destroying 0 GPU particle simulations for FXSystem 0x000002309865FB00
[2016.05.07-19.08.59:368][  0]LogAIModule: Creating AISystem for world RunnerMap
[2016.05.07-19.08.59:398][  0]LogEditorServer: Finished looking for orphan Actors (0.000 secs)
[2016.05.07-19.08.59:398][  0]Cmd: MAP CHECKDEP NOCLEARLOG
[2016.05.07-19.08.59:465][  0]MapCheck: Info Map check complete: 0 Error(s), 0 Warning(s), took 66.131ms to complete.
[2016.05.07-19.08.59:465][  0]LogFileHelpers: Loading map 'RunnerMap' took 7.663
[2016.05.07-19.08.59:621][  0]LogCollectionManager: Loaded 0 collections in 0.002351 seconds
[2016.05.07-19.08.59:659][  0]LogFileCache: Scanning file cache for directory 'C:/Users/Johan/Documents/GitHub/Runner/Saved/Collections/' took 0.01s
[2016.05.07-19.08.59:659][  0]LogFileCache: Scanning file cache for directory 'C:/Users/Johan/Documents/GitHub/Runner/Content/Developers/Johan/Collections/' took 0.01s
[2016.05.07-19.08.59:659][  0]LogFileCache: Scanning file cache for directory 'C:/Users/Johan/Documents/GitHub/Runner/Content/Collections/' took 0.01s
[2016.05.07-19.08.59:659][  0]LogCollectionManager: Rebuilt the GUID cache for 0 collections in 0.000002 seconds
[2016.05.07-19.08.59:666][  0]LogContentBrowser: Native class hierarchy populated in 0.0072 seconds. Added 1893 classes and 338 folders.
[2016.05.07-19.08.59:673][  0]LogContentBrowser: Native class hierarchy updated for 'WidgetCarousel' in 0.0003 seconds. Added 0 classes and 0 folders.
[2016.05.07-19.09.00:677][  0]LogContentBrowser: Native class hierarchy updated for 'AddContentDialog' in 0.0003 seconds. Added 0 classes and 0 folders.
[2016.05.07-19.09.00:681][  0]LogContentBrowser: Native class hierarchy updated for 'SceneOutliner' in 0.0003 seconds. Added 1 classes and 2 folders.
[2016.05.07-19.09.00:831][  0]LogCrashTracker: Crashtracker disabled due to settings.
[2016.05.07-19.09.00:839][  0]LogUObjectGlobals:Warning: Failed to find object 'Class None.'
[2016.05.07-19.09.00:861][  0]LogLoad: Full Startup: 35.02 seconds (BP compile: 0.50 seconds)
[2016.05.07-19.09.00:872][  0]LogWindowsTextInputMethodSystem:Display: IME system now deactivated.
[2016.05.07-19.09.00:872][  0]LogWindowsTextInputMethodSystem:Display: IME system now deactivated.
[2016.05.07-19.09.00:878][  0]LogOcInput: Can't find Oculus library dev build: is proper Runtime installed? Version: 0.8.0.0
[2016.05.07-19.09.00:944][  0]LogContentStreaming: Texture pool size now 1000 MB
[2016.05.07-19.09.01:082][  0]LogRenderer: Reallocating scene render targets to support 1048x612 (Frame:2).
[2016.05.07-19.09.01:687][ 10]LogAssetRegistry: Asset discovery search completed in 11.8899 seconds
[2016.05.07-19.09.01:687][ 10]LogCollectionManager: Rebuilt the object cache for 0 collections in 0.000001 seconds (found 0 objects)
[2016.05.07-19.09.01:687][ 10]LogCollectionManager: Fixed up redirectors for 0 collections in 0.000018 seconds (updated 0 objects)
[2016.05.07-19.09.05:086][354]LogLinker:Warning: Asset '../../../Engine/Content/ArtTools/RenderToTexture/Macros/RenderToTextureMacros.uasset' has been saved with empty engine version. The asset will be loaded but may be incompatible.
[2016.05.07-19.09.05:524][354]LogContentBrowser: Native class hierarchy updated for 'BlueprintGraph' in 0.0007 seconds. Added 107 classes and 0 folders.
[2016.05.07-19.09.12:115][919]LogActorComponent: UnregisterComponent: (/Engine/Transient.EditorFloorComp) Not registered. Aborting.
[2016.05.07-19.09.49:927][402]LogRenderer: Reallocating scene render targets to support 1144x800 (Frame:2102).
[2016.05.07-19.10.59:802][588]BlueprintLog: New page: Compile Frac_Block
[2016.05.07-19.10.59:962][588]LogParticles: Destroying 0 GPU particle simulations for FXSystem 0x00000230A745A520
[2016.05.07-19.10.59:964][588]LogParticles: Destroying 0 GPU particle simulations for FXSystem 0x00000230D2083100
[2016.05.07-19.10.59:965][588]LogParticles: Destroying 0 GPU particle simulations for FXSystem 0x00000230D6708B80
[2016.05.07-19.10.59:993][588]BlueprintEditorCompileResults: Info [0154.15] Compile of Frac_Block successful! [in 190 ms]
[2016.05.07-19.11.01:110][663]LogSavePackage: Save=37.219707ms
[2016.05.07-19.11.01:110][663]LogSavePackage: Moving '../../../../../../Users/Johan/Documents/GitHub/Runner/Saved/Frac_Block39B65F3845D580E62020F9952D702D07.tmp' to '../../../../../../Users/Johan/Documents/GitHub/Runner/Content/RunnerAssets/Blueprints/FracturedObjects/Frac_Block.uasset'
[2016.05.07-19.11.01:114][663]LogSavePackage: Total save time: 56.968331ms
[2016.05.07-19.11.01:114][663]LogSavePackage:Display: Finished SavePackage ../../../../../../Users/Johan/Documents/GitHub/Runner/Content/RunnerAssets/Blueprints/FracturedObjects/Frac_Block.uasset
[2016.05.07-19.11.04:932][946]LogBlueprintUserMessages: Early PlayInEditor Detection: Level '/Game/RunnerAssets/RunnerMap.RunnerMap:PersistentLevel' has LevelScriptBlueprint '/Game/RunnerAssets/RunnerMap.RunnerMap:PersistentLevel.RunnerMap' with GeneratedClass '/Game/RunnerAssets/RunnerMap.RunnerMap_C' with ClassGeneratedBy '/Game/RunnerAssets/RunnerMap.RunnerMap:PersistentLevel.RunnerMap'
[2016.05.07-19.11.04:932][946]LogPlayLevel: PlayLevel: No blueprints needed recompiling
[2016.05.07-19.11.04:933][946]PIE: New page: PIE session: RunnerMap (May 7, 2016, 11:11:04 PM)
[2016.05.07-19.11.04:933][946]LogPlayLevel: Creating play world package: /Game/RunnerAssets/UEDPIE_0_RunnerMap
[2016.05.07-19.11.04:968][946]LogPlayLevel: PIE: StaticDuplicateObject took: (0.035698s)
[2016.05.07-19.11.04:969][946]LogAIModule: Creating AISystem for world RunnerMap
[2016.05.07-19.11.04:969][946]LogPlayLevel: PIE: World Init took: (0.001092s)
[2016.05.07-19.11.04:970][946]LogPlayLevel: PIE: Created PIE world by copying editor world from /Game/RunnerAssets/RunnerMap.RunnerMap to /Game/RunnerAssets/UEDPIE_0_RunnerMap.RunnerMap (0.037150s)
[2016.05.07-19.11.05:004][946]LogInit: XAudio2 using 'Speakers (Realtek High Definition Audio)' : 2 channels at 48 kHz using 32 bits per sample (channel mask 0x3)
[2016.05.07-19.11.05:015][946]LogInit: FAudioDevice initialized.
[2016.05.07-19.11.05:104][946]LogLinker:Warning: Can't find file '/Game/SideScrollerBP/Blueprints/SideScrollerGameMode'
[2016.05.07-19.11.05:105][946]LogLinker:Warning: Can't find file '/Game/SideScrollerBP/Blueprints/SideScrollerGameMode'
[2016.05.07-19.11.05:105][946]LogUObjectGlobals:Warning: Failed to find object 'Class /Game/SideScrollerBP/Blueprints/SideScrollerGameMode.SideScrollerGameMode_C'
[2016.05.07-19.11.05:105][946]LogWorld: Game class is 'GameMode'
[2016.05.07-19.11.05:119][946]LogWorld: Bringing World /Game/RunnerAssets/UEDPIE_0_RunnerMap.RunnerMap up for play (max tick rate 0) at 2016.05.07-21.11.05
[2016.05.07-19.11.05:119][946]LogActor:Warning: GameSession /Game/RunnerAssets/UEDPIE_0_RunnerMap.RunnerMap:PersistentLevel.GameSession_0 has natively added scene component(s), but none of them were set as the actor's RootComponent - picking one arbitrarily
[2016.05.07-19.11.05:119][946]LogActor:Warning: GameNetworkManager /Game/RunnerAssets/UEDPIE_0_RunnerMap.RunnerMap:PersistentLevel.GameNetworkManager_0 has natively added scene component(s), but none of them were set as the actor's RootComponent - picking one arbitrarily
[2016.05.07-19.11.05:120][946]LogWorld: Bringing up level for play took: 0.012715
[2016.05.07-19.11.05:121][946]LogGameMode: Warning - PATHS NOT DEFINED or NO PLAYERSTART with positive rating
[2016.05.07-19.11.05:159][946]PIE: Info Play in editor start time for /Game/RunnerAssets/UEDPIE_0_RunnerMap 0.001
[2016.05.07-19.11.05:159][946]LogBlueprintUserMessages: Late PlayInEditor Detection: Level '/Game/RunnerAssets/RunnerMap.RunnerMap:PersistentLevel' has LevelScriptBlueprint '/Game/RunnerAssets/RunnerMap.RunnerMap:PersistentLevel.RunnerMap' with GeneratedClass '/Game/RunnerAssets/RunnerMap.RunnerMap_C' with ClassGeneratedBy '/Game/RunnerAssets/RunnerMap.RunnerMap:PersistentLevel.RunnerMap'
[2016.05.07-19.11.05:216][947]LogRenderer: Reallocating scene render targets to support 1280x800 (Frame:6971).
[2016.05.07-19.11.35:111][ 79]LogPackageName: SearchForPackageOnDisk took   0.075s to resolve Death.umap.
[2016.05.07-19.11.35:208][ 80]LogPackageName: SearchForPackageOnDisk took   0.080s to resolve Death.umap.
[2016.05.07-19.11.35:208][ 80]LogNet: Browse: /Game/RunnerAssets/Death
[2016.05.07-19.11.35:209][ 80]LogLoad: LoadMap: /Game/RunnerAssets/Death
[2016.05.07-19.11.35:248][ 80]LogParticles: Destroying 0 GPU particle simulations for FXSystem 0x00000230FADD22A0
[2016.05.07-19.11.35:255][ 80]Cmd: MEM
[2016.05.07-19.11.35:281][ 80]LogMemory: Platform Memory Stats for Windows
[2016.05.07-19.11.35:281][ 80]LogMemory: Process Physical Memory: 1279.87 MB used, 1342.96 MB peak
[2016.05.07-19.11.35:281][ 80]LogMemory: Process Virtual Memory: 1866.91 MB used, 2128.04 MB peak
[2016.05.07-19.11.35:281][ 80]LogMemory: Physical Memory: 4797.95 MB used, 16337.33 MB total
[2016.05.07-19.11.35:281][ 80]LogMemory: Virtual Memory: 2730.74 MB used, 134217728.00 MB total
[2016.05.07-19.11.35:281][ 80]LogMemory: 
[2016.05.07-19.11.35:281][ 80]Allocator Stats for TBB: (not implemented)
[2016.05.07-19.11.36:062][ 80]LogAIModule: Creating AISystem for world Death
[2016.05.07-19.11.36:062][ 80]LogLinker:Warning: Can't find file '/Game/SideScrollerBP/Blueprints/SideScrollerGameMode'
[2016.05.07-19.11.36:063][ 80]LogLinker:Warning: Can't find file '/Game/SideScrollerBP/Blueprints/SideScrollerGameMode'
[2016.05.07-19.11.36:063][ 80]LogUObjectGlobals:Warning: Failed to find object 'Class /Game/SideScrollerBP/Blueprints/SideScrollerGameMode.SideScrollerGameMode_C'
[2016.05.07-19.11.36:063][ 80]LogWorld: Game class is 'GameMode'
[2016.05.07-19.11.36:064][ 80]LogWorld: Bringing World /Game/RunnerAssets/UEDPIE_0_Death.Death up for play (max tick rate 0) at 2016.05.07-21.11.36
[2016.05.07-19.11.36:064][ 80]LogActor:Warning: GameSession /Game/RunnerAssets/UEDPIE_0_Death.Death:PersistentLevel.GameSession_1 has natively added scene component(s), but none of them were set as the actor's RootComponent - picking one arbitrarily
[2016.05.07-19.11.36:065][ 80]LogActor:Warning: GameNetworkManager /Game/RunnerAssets/UEDPIE_0_Death.Death:PersistentLevel.GameNetworkManager_1 has natively added scene component(s), but none of them were set as the actor's RootComponent - picking one arbitrarily
[2016.05.07-19.11.36:065][ 80]LogWorld: Bringing up level for play took: 0.000857
[2016.05.07-19.11.36:065][ 80]LogGameMode: Warning - PATHS NOT DEFINED or NO PLAYERSTART with positive rating
[2016.05.07-19.11.38:571][223]LogBlueprintUserMessages: Early EndPlayMap Detection: Level '/Game/RunnerAssets/RunnerMap.RunnerMap:PersistentLevel' has LevelScriptBlueprint '/Game/RunnerAssets/RunnerMap.RunnerMap:PersistentLevel.RunnerMap' with GeneratedClass '/Game/RunnerAssets/RunnerMap.RunnerMap_C' with ClassGeneratedBy '/Game/RunnerAssets/RunnerMap.RunnerMap:PersistentLevel.RunnerMap'
[2016.05.07-19.11.38:623][223]LogBlueprintUserMessages: Late EndPlayMap Detection: Level '/Game/RunnerAssets/RunnerMap.RunnerMap:PersistentLevel' has LevelScriptBlueprint '/Game/RunnerAssets/RunnerMap.RunnerMap:PersistentLevel.RunnerMap' with GeneratedClass '/Game/RunnerAssets/RunnerMap.RunnerMap_C' with ClassGeneratedBy '/Game/RunnerAssets/RunnerMap.RunnerMap:PersistentLevel.RunnerMap'
[2016.05.07-19.11.38:661][223]LogParticles: Destroying 0 GPU particle simulations for FXSystem 0x000002308B9C6CA0
[2016.05.07-19.13.36:200][597]BlueprintLog: New page: Compile Frac_Block
[2016.05.07-19.13.36:322][597]BlueprintEditorCompileResults: Info [0310.48] Compile of Frac_Block successful! [in 122 ms]
[2016.05.07-19.13.37:475][678]LogBlueprintUserMessages: Early PlayInEditor Detection: Level '/Game/RunnerAssets/RunnerMap.RunnerMap:PersistentLevel' has LevelScriptBlueprint '/Game/RunnerAssets/RunnerMap.RunnerMap:PersistentLevel.RunnerMap' with GeneratedClass '/Game/RunnerAssets/RunnerMap.RunnerMap_C' with ClassGeneratedBy '/Game/RunnerAssets/RunnerMap.RunnerMap:PersistentLevel.RunnerMap'
[2016.05.07-19.13.37:475][678]LogPlayLevel: PlayLevel: No blueprints needed recompiling
[2016.05.07-19.13.37:475][678]PIE: New page: PIE session: RunnerMap (May 7, 2016, 11:13:37 PM)
[2016.05.07-19.13.37:475][678]LogPlayLevel: Creating play world package: /Game/RunnerAssets/UEDPIE_0_RunnerMap
[2016.05.07-19.13.37:510][678]LogPlayLevel: PIE: StaticDuplicateObject took: (0.034902s)
[2016.05.07-19.13.37:511][678]LogAIModule: Creating AISystem for world RunnerMap
[2016.05.07-19.13.37:511][678]LogPlayLevel: PIE: World Init took: (0.001295s)
[2016.05.07-19.13.37:511][678]LogPlayLevel: PIE: Created PIE world by copying editor world from /Game/RunnerAssets/RunnerMap.RunnerMap to /Game/RunnerAssets/UEDPIE_0_RunnerMap.RunnerMap (0.036514s)
[2016.05.07-19.13.37:555][678]LogInit: XAudio2 using 'Speakers (Realtek High Definition Audio)' : 2 channels at 48 kHz using 32 bits per sample (channel mask 0x3)
[2016.05.07-19.13.37:570][678]LogInit: FAudioDevice initialized.
[2016.05.07-19.13.37:653][678]LogLinker:Warning: Can't find file '/Game/SideScrollerBP/Blueprints/SideScrollerGameMode'
[2016.05.07-19.13.37:653][678]LogLinker:Warning: Can't find file '/Game/SideScrollerBP/Blueprints/SideScrollerGameMode'
[2016.05.07-19.13.37:654][678]LogUObjectGlobals:Warning: Failed to find object 'Class /Game/SideScrollerBP/Blueprints/SideScrollerGameMode.SideScrollerGameMode_C'
[2016.05.07-19.13.37:654][678]LogWorld: Game class is 'GameMode'
[2016.05.07-19.13.37:661][678]LogWorld: Bringing World /Game/RunnerAssets/UEDPIE_0_RunnerMap.RunnerMap up for play (max tick rate 0) at 2016.05.07-21.13.37
[2016.05.07-19.13.37:661][678]LogActor:Warning: GameSession /Game/RunnerAssets/UEDPIE_0_RunnerMap.RunnerMap:PersistentLevel.GameSession_2 has natively added scene component(s), but none of them were set as the actor's RootComponent - picking one arbitrarily
[2016.05.07-19.13.37:661][678]LogActor:Warning: GameNetworkManager /Game/RunnerAssets/UEDPIE_0_RunnerMap.RunnerMap:PersistentLevel.GameNetworkManager_2 has natively added scene component(s), but none of them were set as the actor's RootComponent - picking one arbitrarily
[2016.05.07-19.13.37:662][678]LogWorld: Bringing up level for play took: 0.007317
[2016.05.07-19.13.37:663][678]LogGameMode: Warning - PATHS NOT DEFINED or NO PLAYERSTART with positive rating
[2016.05.07-19.13.37:699][678]PIE: Info Play in editor start time for /Game/RunnerAssets/UEDPIE_0_RunnerMap 0.542
[2016.05.07-19.13.37:700][678]LogBlueprintUserMessages: Late PlayInEditor Detection: Level '/Game/RunnerAssets/RunnerMap.RunnerMap:PersistentLevel' has LevelScriptBlueprint '/Game/RunnerAssets/RunnerMap.RunnerMap:PersistentLevel.RunnerMap' with GeneratedClass '/Game/RunnerAssets/RunnerMap.RunnerMap_C' with ClassGeneratedBy '/Game/RunnerAssets/RunnerMap.RunnerMap:PersistentLevel.RunnerMap'
[2016.05.07-19.14.10:229][916]LogPackageName: SearchForPackageOnDisk took   0.076s to resolve Death.umap.
[2016.05.07-19.14.10:327][917]LogPackageName: SearchForPackageOnDisk took   0.084s to resolve Death.umap.
[2016.05.07-19.14.10:327][917]LogNet: Browse: /Game/RunnerAssets/Death
[2016.05.07-19.14.10:327][917]LogLoad: LoadMap: /Game/RunnerAssets/Death
[2016.05.07-19.14.10:367][917]LogParticles: Destroying 0 GPU particle simulations for FXSystem 0x000002308A53B740
[2016.05.07-19.14.10:375][917]Cmd: MEM
[2016.05.07-19.14.10:401][917]LogMemory: Platform Memory Stats for Windows
[2016.05.07-19.14.10:401][917]LogMemory: Process Physical Memory: 1294.20 MB used, 1523.77 MB peak
[2016.05.07-19.14.10:401][917]LogMemory: Process Virtual Memory: 2038.27 MB used, 2263.46 MB peak
[2016.05.07-19.14.10:401][917]LogMemory: Physical Memory: 4847.12 MB used, 16337.33 MB total
[2016.05.07-19.14.10:401][917]LogMemory: Virtual Memory: 2845.46 MB used, 134217728.00 MB total
[2016.05.07-19.14.10:401][917]LogMemory: 
[2016.05.07-19.14.10:401][917]Allocator Stats for TBB: (not implemented)
[2016.05.07-19.14.10:425][917]LogAIModule: Creating AISystem for world Death
[2016.05.07-19.14.10:426][917]LogLinker:Warning: Can't find file '/Game/SideScrollerBP/Blueprints/SideScrollerGameMode'
[2016.05.07-19.14.10:426][917]LogLinker:Warning: Can't find file '/Game/SideScrollerBP/Blueprints/SideScrollerGameMode'
[2016.05.07-19.14.10:426][917]LogUObjectGlobals:Warning: Failed to find object 'Class /Game/SideScrollerBP/Blueprints/SideScrollerGameMode.SideScrollerGameMode_C'
[2016.05.07-19.14.10:426][917]LogWorld: Game class is 'GameMode'
[2016.05.07-19.14.10:427][917]LogWorld: Bringing World /Game/RunnerAssets/UEDPIE_0_Death.Death up for play (max tick rate 0) at 2016.05.07-21.14.10
[2016.05.07-19.14.10:427][917]LogActor:Warning: GameSession /Game/RunnerAssets/UEDPIE_0_Death.Death:PersistentLevel.GameSession_3 has natively added scene component(s), but none of them were set as the actor's RootComponent - picking one arbitrarily
[2016.05.07-19.14.10:427][917]LogActor:Warning: GameNetworkManager /Game/RunnerAssets/UEDPIE_0_Death.Death:PersistentLevel.GameNetworkManager_3 has natively added scene component(s), but none of them were set as the actor's RootComponent - picking one arbitrarily
[2016.05.07-19.14.10:428][917]LogWorld: Bringing up level for play took: 0.000973
[2016.05.07-19.14.10:428][917]LogGameMode: Warning - PATHS NOT DEFINED or NO PLAYERSTART with positive rating
[2016.05.07-19.14.13:616][115]LogBlueprintUserMessages: Early EndPlayMap Detection: Level '/Game/RunnerAssets/RunnerMap.RunnerMap:PersistentLevel' has LevelScriptBlueprint '/Game/RunnerAssets/RunnerMap.RunnerMap:PersistentLevel.RunnerMap' with GeneratedClass '/Game/RunnerAssets/RunnerMap.RunnerMap_C' with ClassGeneratedBy '/Game/RunnerAssets/RunnerMap.RunnerMap:PersistentLevel.RunnerMap'
[2016.05.07-19.14.13:669][115]LogBlueprintUserMessages: Late EndPlayMap Detection: Level '/Game/RunnerAssets/RunnerMap.RunnerMap:PersistentLevel' has LevelScriptBlueprint '/Game/RunnerAssets/RunnerMap.RunnerMap:PersistentLevel.RunnerMap' with GeneratedClass '/Game/RunnerAssets/RunnerMap.RunnerMap_C' with ClassGeneratedBy '/Game/RunnerAssets/RunnerMap.RunnerMap:PersistentLevel.RunnerMap'
[2016.05.07-19.14.13:713][115]LogParticles: Destroying 0 GPU particle simulations for FXSystem 0x000002308A3B7EC0
[2016.05.07-19.14.58:377][210]LogEditorTransaction: Undo Edit Falloff Distance
[2016.05.07-19.15.01:295][407]LogEditorTransaction: Undo Edit Falloff Distance
[2016.05.07-19.15.01:738][437]LogEditorTransaction: Undo Edit X
[2016.05.07-19.15.32:233][593]BlueprintLog: New page: Compile Frac_Block
[2016.05.07-19.15.32:387][593]BlueprintEditorCompileResults: Info [0426.54] Compile of Frac_Block successful! [in 153 ms]
[2016.05.07-19.15.38:591][ 41]LogBlueprintUserMessages: Early PlayInEditor Detection: Level '/Game/RunnerAssets/RunnerMap.RunnerMap:PersistentLevel' has LevelScriptBlueprint '/Game/RunnerAssets/RunnerMap.RunnerMap:PersistentLevel.RunnerMap' with GeneratedClass '/Game/RunnerAssets/RunnerMap.RunnerMap_C' with ClassGeneratedBy '/Game/RunnerAssets/RunnerMap.RunnerMap:PersistentLevel.RunnerMap'
[2016.05.07-19.15.38:591][ 41]LogPlayLevel: PlayLevel: No blueprints needed recompiling
[2016.05.07-19.15.38:592][ 41]PIE: New page: PIE session: RunnerMap (May 7, 2016, 11:15:38 PM)
[2016.05.07-19.15.38:592][ 41]LogPlayLevel: Creating play world package: /Game/RunnerAssets/UEDPIE_0_RunnerMap
[2016.05.07-19.15.38:627][ 41]LogPlayLevel: PIE: StaticDuplicateObject took: (0.034715s)
[2016.05.07-19.15.38:628][ 41]LogAIModule: Creating AISystem for world RunnerMap
[2016.05.07-19.15.38:628][ 41]LogPlayLevel: PIE: World Init took: (0.001192s)
[2016.05.07-19.15.38:628][ 41]LogPlayLevel: PIE: Created PIE world by copying editor world from /Game/RunnerAssets/RunnerMap.RunnerMap to /Game/RunnerAssets/UEDPIE_0_RunnerMap.RunnerMap (0.036240s)
[2016.05.07-19.15.38:668][ 41]LogInit: XAudio2 using 'Speakers (Realtek High Definition Audio)' : 2 channels at 48 kHz using 32 bits per sample (channel mask 0x3)
[2016.05.07-19.15.38:682][ 41]LogInit: FAudioDevice initialized.
[2016.05.07-19.15.38:773][ 41]LogLinker:Warning: Can't find file '/Game/SideScrollerBP/Blueprints/SideScrollerGameMode'
[2016.05.07-19.15.38:773][ 41]LogLinker:Warning: Can't find file '/Game/SideScrollerBP/Blueprints/SideScrollerGameMode'
[2016.05.07-19.15.38:773][ 41]LogUObjectGlobals:Warning: Failed to find object 'Class /Game/SideScrollerBP/Blueprints/SideScrollerGameMode.SideScrollerGameMode_C'
[2016.05.07-19.15.38:773][ 41]LogWorld: Game class is 'GameMode'
[2016.05.07-19.15.38:780][ 41]LogWorld: Bringing World /Game/RunnerAssets/UEDPIE_0_RunnerMap.RunnerMap up for play (max tick rate 0) at 2016.05.07-21.15.38
[2016.05.07-19.15.38:780][ 41]LogActor:Warning: GameSession /Game/RunnerAssets/UEDPIE_0_RunnerMap.RunnerMap:PersistentLevel.GameSession_4 has natively added scene component(s), but none of them were set as the actor's RootComponent - picking one arbitrarily
[2016.05.07-19.15.38:781][ 41]LogActor:Warning: GameNetworkManager /Game/RunnerAssets/UEDPIE_0_RunnerMap.RunnerMap:PersistentLevel.GameNetworkManager_4 has natively added scene component(s), but none of them were set as the actor's RootComponent - picking one arbitrarily
[2016.05.07-19.15.38:781][ 41]LogWorld: Bringing up level for play took: 0.007062
[2016.05.07-19.15.38:782][ 41]LogGameMode: Warning - PATHS NOT DEFINED or NO PLAYERSTART with positive rating
[2016.05.07-19.15.38:821][ 41]PIE: Info Play in editor start time for /Game/RunnerAssets/UEDPIE_0_RunnerMap -0.337
[2016.05.07-19.15.38:821][ 41]LogBlueprintUserMessages: Late PlayInEditor Detection: Level '/Game/RunnerAssets/RunnerMap.RunnerMap:PersistentLevel' has LevelScriptBlueprint '/Game/RunnerAssets/RunnerMap.RunnerMap:PersistentLevel.RunnerMap' with GeneratedClass '/Game/RunnerAssets/RunnerMap.RunnerMap_C' with ClassGeneratedBy '/Game/RunnerAssets/RunnerMap.RunnerMap:PersistentLevel.RunnerMap'
[2016.05.07-19.16.10:458][225]LogPackageName: SearchForPackageOnDisk took   0.091s to resolve Death.umap.
[2016.05.07-19.16.10:555][226]LogPackageName: SearchForPackageOnDisk took   0.080s to resolve Death.umap.
[2016.05.07-19.16.10:556][226]LogNet: Browse: /Game/RunnerAssets/Death
[2016.05.07-19.16.10:556][226]LogLoad: LoadMap: /Game/RunnerAssets/Death
[2016.05.07-19.16.10:594][226]LogParticles: Destroying 0 GPU particle simulations for FXSystem 0x00000230F7369260
[2016.05.07-19.16.10:600][226]Cmd: MEM
[2016.05.07-19.16.10:626][226]LogMemory: Platform Memory Stats for Windows
[2016.05.07-19.16.10:626][226]LogMemory: Process Physical Memory: 1352.38 MB used, 1523.77 MB peak
[2016.05.07-19.16.10:626][226]LogMemory: Process Virtual Memory: 2077.23 MB used, 2263.46 MB peak
[2016.05.07-19.16.10:626][226]LogMemory: Physical Memory: 4902.60 MB used, 16337.33 MB total
[2016.05.07-19.16.10:626][226]LogMemory: Virtual Memory: 2880.10 MB used, 134217728.00 MB total
[2016.05.07-19.16.10:626][226]LogMemory: 
[2016.05.07-19.16.10:626][226]Allocator Stats for TBB: (not implemented)
[2016.05.07-19.16.10:650][226]LogAIModule: Creating AISystem for world Death
[2016.05.07-19.16.10:650][226]LogLinker:Warning: Can't find file '/Game/SideScrollerBP/Blueprints/SideScrollerGameMode'
[2016.05.07-19.16.10:650][226]LogLinker:Warning: Can't find file '/Game/SideScrollerBP/Blueprints/SideScrollerGameMode'
[2016.05.07-19.16.10:651][226]LogUObjectGlobals:Warning: Failed to find object 'Class /Game/SideScrollerBP/Blueprints/SideScrollerGameMode.SideScrollerGameMode_C'
[2016.05.07-19.16.10:651][226]LogWorld: Game class is 'GameMode'
[2016.05.07-19.16.10:652][226]LogWorld: Bringing World /Game/RunnerAssets/UEDPIE_0_Death.Death up for play (max tick rate 0) at 2016.05.07-21.16.10
[2016.05.07-19.16.10:652][226]LogActor:Warning: GameSession /Game/RunnerAssets/UEDPIE_0_Death.Death:PersistentLevel.GameSession_5 has natively added scene component(s), but none of them were set as the actor's RootComponent - picking one arbitrarily
[2016.05.07-19.16.10:652][226]LogActor:Warning: GameNetworkManager /Game/RunnerAssets/UEDPIE_0_Death.Death:PersistentLevel.GameNetworkManager_5 has natively added scene component(s), but none of them were set as the actor's RootComponent - picking one arbitrarily
[2016.05.07-19.16.10:652][226]LogWorld: Bringing up level for play took: 0.000920
[2016.05.07-19.16.10:653][226]LogGameMode: Warning - PATHS NOT DEFINED or NO PLAYERSTART with positive rating
[2016.05.07-19.16.11:369][266]LogBlueprintUserMessages: Early EndPlayMap Detection: Level '/Game/RunnerAssets/RunnerMap.RunnerMap:PersistentLevel' has LevelScriptBlueprint '/Game/RunnerAssets/RunnerMap.RunnerMap:PersistentLevel.RunnerMap' with GeneratedClass '/Game/RunnerAssets/RunnerMap.RunnerMap_C' with ClassGeneratedBy '/Game/RunnerAssets/RunnerMap.RunnerMap:PersistentLevel.RunnerMap'
[2016.05.07-19.16.11:425][266]LogBlueprintUserMessages: Late EndPlayMap Detection: Level '/Game/RunnerAssets/RunnerMap.RunnerMap:PersistentLevel' has LevelScriptBlueprint '/Game/RunnerAssets/RunnerMap.RunnerMap:PersistentLevel.RunnerMap' with GeneratedClass '/Game/RunnerAssets/RunnerMap.RunnerMap_C' with ClassGeneratedBy '/Game/RunnerAssets/RunnerMap.RunnerMap:PersistentLevel.RunnerMap'
[2016.05.07-19.16.11:462][266]LogParticles: Destroying 0 GPU particle simulations for FXSystem 0x000002308B907E20
[2016.05.07-19.16.20:852][905]LogEditorTransaction: Undo Edit Falloff Distance
[2016.05.07-19.16.39:643][203]BlueprintLog: New page: Compile Frac_Block
[2016.05.07-19.16.39:760][203]BlueprintEditorCompileResults: Info [0493.91] Compile of Frac_Block successful! [in 116 ms]
[2016.05.07-19.16.52:917][139]BlueprintLog: New page: Compile Frac_Block
[2016.05.07-19.16.53:030][139]BlueprintEditorCompileResults: Info [0507.19] Compile of Frac_Block successful! [in 113 ms]
[2016.05.07-19.16.54:009][204]LogBlueprintUserMessages: Early PlayInEditor Detection: Level '/Game/RunnerAssets/RunnerMap.RunnerMap:PersistentLevel' has LevelScriptBlueprint '/Game/RunnerAssets/RunnerMap.RunnerMap:PersistentLevel.RunnerMap' with GeneratedClass '/Game/RunnerAssets/RunnerMap.RunnerMap_C' with ClassGeneratedBy '/Game/RunnerAssets/RunnerMap.RunnerMap:PersistentLevel.RunnerMap'
[2016.05.07-19.16.54:009][204]LogPlayLevel: PlayLevel: No blueprints needed recompiling
[2016.05.07-19.16.54:010][204]PIE: New page: PIE session: RunnerMap (May 7, 2016, 11:16:54 PM)
[2016.05.07-19.16.54:010][204]LogPlayLevel: Creating play world package: /Game/RunnerAssets/UEDPIE_0_RunnerMap
[2016.05.07-19.16.54:047][204]LogPlayLevel: PIE: StaticDuplicateObject took: (0.036901s)
[2016.05.07-19.16.54:048][204]LogAIModule: Creating AISystem for world RunnerMap
[2016.05.07-19.16.54:048][204]LogPlayLevel: PIE: World Init took: (0.001178s)
[2016.05.07-19.16.54:048][204]LogPlayLevel: PIE: Created PIE world by copying editor world from /Game/RunnerAssets/RunnerMap.RunnerMap to /Game/RunnerAssets/UEDPIE_0_RunnerMap.RunnerMap (0.038452s)
[2016.05.07-19.16.54:088][204]LogInit: XAudio2 using 'Speakers (Realtek High Definition Audio)' : 2 channels at 48 kHz using 32 bits per sample (channel mask 0x3)
[2016.05.07-19.16.54:101][204]LogInit: FAudioDevice initialized.
[2016.05.07-19.16.54:185][204]LogLinker:Warning: Can't find file '/Game/SideScrollerBP/Blueprints/SideScrollerGameMode'
[2016.05.07-19.16.54:186][204]LogLinker:Warning: Can't find file '/Game/SideScrollerBP/Blueprints/SideScrollerGameMode'
[2016.05.07-19.16.54:186][204]LogUObjectGlobals:Warning: Failed to find object 'Class /Game/SideScrollerBP/Blueprints/SideScrollerGameMode.SideScrollerGameMode_C'
[2016.05.07-19.16.54:186][204]LogWorld: Game class is 'GameMode'
[2016.05.07-19.16.54:193][204]LogWorld: Bringing World /Game/RunnerAssets/UEDPIE_0_RunnerMap.RunnerMap up for play (max tick rate 0) at 2016.05.07-21.16.54
[2016.05.07-19.16.54:193][204]LogActor:Warning: GameSession /Game/RunnerAssets/UEDPIE_0_RunnerMap.RunnerMap:PersistentLevel.GameSession_6 has natively added scene component(s), but none of them were set as the actor's RootComponent - picking one arbitrarily
[2016.05.07-19.16.54:194][204]LogActor:Warning: GameNetworkManager /Game/RunnerAssets/UEDPIE_0_RunnerMap.RunnerMap:PersistentLevel.GameNetworkManager_6 has natively added scene component(s), but none of them were set as the actor's RootComponent - picking one arbitrarily
[2016.05.07-19.16.54:194][204]LogWorld: Bringing up level for play took: 0.007291
[2016.05.07-19.16.54:195][204]LogGameMode: Warning - PATHS NOT DEFINED or NO PLAYERSTART with positive rating
[2016.05.07-19.16.54:233][204]PIE: Info Play in editor start time for /Game/RunnerAssets/UEDPIE_0_RunnerMap 1.076
[2016.05.07-19.16.54:234][204]LogBlueprintUserMessages: Late PlayInEditor Detection: Level '/Game/RunnerAssets/RunnerMap.RunnerMap:PersistentLevel' has LevelScriptBlueprint '/Game/RunnerAssets/RunnerMap.RunnerMap:PersistentLevel.RunnerMap' with GeneratedClass '/Game/RunnerAssets/RunnerMap.RunnerMap_C' with ClassGeneratedBy '/Game/RunnerAssets/RunnerMap.RunnerMap:PersistentLevel.RunnerMap'
[2016.05.07-19.17.22:658][313]LogPackageName: SearchForPackageOnDisk took   0.084s to resolve Death.umap.
[2016.05.07-19.17.22:767][314]LogPackageName: SearchForPackageOnDisk took   0.090s to resolve Death.umap.
[2016.05.07-19.17.22:767][314]LogNet: Browse: /Game/RunnerAssets/Death
[2016.05.07-19.17.22:767][314]LogLoad: LoadMap: /Game/RunnerAssets/Death
[2016.05.07-19.17.22:813][314]LogParticles: Destroying 0 GPU particle simulations for FXSystem 0x00000230D8D25440
[2016.05.07-19.17.22:820][314]Cmd: MEM
[2016.05.07-19.17.22:854][314]LogMemory: Platform Memory Stats for Windows
[2016.05.07-19.17.22:854][314]LogMemory: Process Physical Memory: 1409.54 MB used, 1523.77 MB peak
[2016.05.07-19.17.22:854][314]LogMemory: Process Virtual Memory: 2103.25 MB used, 2263.46 MB peak
[2016.05.07-19.17.22:854][314]LogMemory: Physical Memory: 4949.42 MB used, 16337.33 MB total
[2016.05.07-19.17.22:854][314]LogMemory: Virtual Memory: 2913.99 MB used, 134217728.00 MB total
[2016.05.07-19.17.22:854][314]LogMemory: 
[2016.05.07-19.17.22:854][314]Allocator Stats for TBB: (not implemented)
[2016.05.07-19.17.22:883][314]LogAIModule: Creating AISystem for world Death
[2016.05.07-19.17.22:884][314]LogLinker:Warning: Can't find file '/Game/SideScrollerBP/Blueprints/SideScrollerGameMode'
[2016.05.07-19.17.22:884][314]LogLinker:Warning: Can't find file '/Game/SideScrollerBP/Blueprints/SideScrollerGameMode'
[2016.05.07-19.17.22:884][314]LogUObjectGlobals:Warning: Failed to find object 'Class /Game/SideScrollerBP/Blueprints/SideScrollerGameMode.SideScrollerGameMode_C'
[2016.05.07-19.17.22:884][314]LogWorld: Game class is 'GameMode'
[2016.05.07-19.17.22:886][314]LogWorld: Bringing World /Game/RunnerAssets/UEDPIE_0_Death.Death up for play (max tick rate 0) at 2016.05.07-21.17.22
[2016.05.07-19.17.22:887][314]LogActor:Warning: GameSession /Game/RunnerAssets/UEDPIE_0_Death.Death:PersistentLevel.GameSession_7 has natively added scene component(s), but none of them were set as the actor's RootComponent - picking one arbitrarily
[2016.05.07-19.17.22:887][314]LogActor:Warning: GameNetworkManager /Game/RunnerAssets/UEDPIE_0_Death.Death:PersistentLevel.GameNetworkManager_7 has natively added scene component(s), but none of them were set as the actor's RootComponent - picking one arbitrarily
[2016.05.07-19.17.22:887][314]LogWorld: Bringing up level for play took: 0.001364
[2016.05.07-19.17.22:888][314]LogGameMode: Warning - PATHS NOT DEFINED or NO PLAYERSTART with positive rating
[2016.05.07-19.17.23:757][364]LogBlueprintUserMessages: Early EndPlayMap Detection: Level '/Game/RunnerAssets/RunnerMap.RunnerMap:PersistentLevel' has LevelScriptBlueprint '/Game/RunnerAssets/RunnerMap.RunnerMap:PersistentLevel.RunnerMap' with GeneratedClass '/Game/RunnerAssets/RunnerMap.RunnerMap_C' with ClassGeneratedBy '/Game/RunnerAssets/RunnerMap.RunnerMap:PersistentLevel.RunnerMap'
[2016.05.07-19.17.23:814][364]LogBlueprintUserMessages: Late EndPlayMap Detection: Level '/Game/RunnerAssets/RunnerMap.RunnerMap:PersistentLevel' has LevelScriptBlueprint '/Game/RunnerAssets/RunnerMap.RunnerMap:PersistentLevel.RunnerMap' with GeneratedClass '/Game/RunnerAssets/RunnerMap.RunnerMap_C' with ClassGeneratedBy '/Game/RunnerAssets/RunnerMap.RunnerMap:PersistentLevel.RunnerMap'
[2016.05.07-19.17.23:853][364]LogParticles: Destroying 0 GPU particle simulations for FXSystem 0x000002308A81F4C0
[2016.05.07-19.17.42:826][704]BlueprintLog: New page: Compile Frac_Block
[2016.05.07-19.17.42:927][704]BlueprintEditorCompileResults: Info [0557.08] Compile of Frac_Block successful! [in 100 ms]
[2016.05.07-19.17.43:756][758]LogBlueprintUserMessages: Early PlayInEditor Detection: Level '/Game/RunnerAssets/RunnerMap.RunnerMap:PersistentLevel' has LevelScriptBlueprint '/Game/RunnerAssets/RunnerMap.RunnerMap:PersistentLevel.RunnerMap' with GeneratedClass '/Game/RunnerAssets/RunnerMap.RunnerMap_C' with ClassGeneratedBy '/Game/RunnerAssets/RunnerMap.RunnerMap:PersistentLevel.RunnerMap'
[2016.05.07-19.17.43:756][758]LogPlayLevel: PlayLevel: No blueprints needed recompiling
[2016.05.07-19.17.43:756][758]PIE: New page: PIE session: RunnerMap (May 7, 2016, 11:17:43 PM)
[2016.05.07-19.17.43:757][758]LogPlayLevel: Creating play world package: /Game/RunnerAssets/UEDPIE_0_RunnerMap
[2016.05.07-19.17.43:791][758]LogPlayLevel: PIE: StaticDuplicateObject took: (0.034420s)
[2016.05.07-19.17.43:792][758]LogAIModule: Creating AISystem for world RunnerMap
[2016.05.07-19.17.43:792][758]LogPlayLevel: PIE: World Init took: (0.001136s)
[2016.05.07-19.17.43:792][758]LogPlayLevel: PIE: Created PIE world by copying editor world from /Game/RunnerAssets/RunnerMap.RunnerMap to /Game/RunnerAssets/UEDPIE_0_RunnerMap.RunnerMap (0.035930s)
[2016.05.07-19.17.43:834][758]LogInit: XAudio2 using 'Speakers (Realtek High Definition Audio)' : 2 channels at 48 kHz using 32 bits per sample (channel mask 0x3)
[2016.05.07-19.17.43:848][758]LogInit: FAudioDevice initialized.
[2016.05.07-19.17.43:928][758]LogLinker:Warning: Can't find file '/Game/SideScrollerBP/Blueprints/SideScrollerGameMode'
[2016.05.07-19.17.43:928][758]LogLinker:Warning: Can't find file '/Game/SideScrollerBP/Blueprints/SideScrollerGameMode'
[2016.05.07-19.17.43:928][758]LogUObjectGlobals:Warning: Failed to find object 'Class /Game/SideScrollerBP/Blueprints/SideScrollerGameMode.SideScrollerGameMode_C'
[2016.05.07-19.17.43:928][758]LogWorld: Game class is 'GameMode'
[2016.05.07-19.17.43:935][758]LogWorld: Bringing World /Game/RunnerAssets/UEDPIE_0_RunnerMap.RunnerMap up for play (max tick rate 0) at 2016.05.07-21.17.43
[2016.05.07-19.17.43:935][758]LogActor:Warning: GameSession /Game/RunnerAssets/UEDPIE_0_RunnerMap.RunnerMap:PersistentLevel.GameSession_8 has natively added scene component(s), but none of them were set as the actor's RootComponent - picking one arbitrarily
[2016.05.07-19.17.43:935][758]LogActor:Warning: GameNetworkManager /Game/RunnerAssets/UEDPIE_0_RunnerMap.RunnerMap:PersistentLevel.GameNetworkManager_8 has natively added scene component(s), but none of them were set as the actor's RootComponent - picking one arbitrarily
[2016.05.07-19.17.43:936][758]LogWorld: Bringing up level for play took: 0.006473
[2016.05.07-19.17.43:936][758]LogGameMode: Warning - PATHS NOT DEFINED or NO PLAYERSTART with positive rating
[2016.05.07-19.17.43:972][758]PIE: Info Play in editor start time for /Game/RunnerAssets/UEDPIE_0_RunnerMap 0.815
[2016.05.07-19.17.43:973][758]LogBlueprintUserMessages: Late PlayInEditor Detection: Level '/Game/RunnerAssets/RunnerMap.RunnerMap:PersistentLevel' has LevelScriptBlueprint '/Game/RunnerAssets/RunnerMap.RunnerMap:PersistentLevel.RunnerMap' with GeneratedClass '/Game/RunnerAssets/RunnerMap.RunnerMap_C' with ClassGeneratedBy '/Game/RunnerAssets/RunnerMap.RunnerMap:PersistentLevel.RunnerMap'
[2016.05.07-19.18.55:487][142]LogPackageName: SearchForPackageOnDisk took   0.086s to resolve Death.umap.
[2016.05.07-19.18.55:589][143]LogPackageName: SearchForPackageOnDisk took   0.083s to resolve Death.umap.
[2016.05.07-19.18.55:589][143]LogNet: Browse: /Game/RunnerAssets/Death
[2016.05.07-19.18.55:589][143]LogLoad: LoadMap: /Game/RunnerAssets/Death
[2016.05.07-19.18.55:654][143]LogParticles: Destroying 0 GPU particle simulations for FXSystem 0x00000230882C4720
[2016.05.07-19.18.55:667][143]Cmd: MEM
[2016.05.07-19.18.55:694][143]LogMemory: Platform Memory Stats for Windows
[2016.05.07-19.18.55:694][143]LogMemory: Process Physical Memory: 1421.70 MB used, 1523.77 MB peak
[2016.05.07-19.18.55:694][143]LogMemory: Process Virtual Memory: 2151.13 MB used, 2293.81 MB peak
[2016.05.07-19.18.55:694][143]LogMemory: Physical Memory: 4973.82 MB used, 16337.33 MB total
[2016.05.07-19.18.55:694][143]LogMemory: Virtual Memory: 2954.38 MB used, 134217728.00 MB total
[2016.05.07-19.18.55:694][143]LogMemory: 
[2016.05.07-19.18.55:694][143]Allocator Stats for TBB: (not implemented)
[2016.05.07-19.18.55:717][143]LogAIModule: Creating AISystem for world Death
[2016.05.07-19.18.55:718][143]LogLinker:Warning: Can't find file '/Game/SideScrollerBP/Blueprints/SideScrollerGameMode'
[2016.05.07-19.18.55:718][143]LogLinker:Warning: Can't find file '/Game/SideScrollerBP/Blueprints/SideScrollerGameMode'
[2016.05.07-19.18.55:718][143]LogUObjectGlobals:Warning: Failed to find object 'Class /Game/SideScrollerBP/Blueprints/SideScrollerGameMode.SideScrollerGameMode_C'
[2016.05.07-19.18.55:718][143]LogWorld: Game class is 'GameMode'
[2016.05.07-19.18.55:720][143]LogWorld: Bringing World /Game/RunnerAssets/UEDPIE_0_Death.Death up for play (max tick rate 0) at 2016.05.07-21.18.55
[2016.05.07-19.18.55:720][143]LogActor:Warning: GameSession /Game/RunnerAssets/UEDPIE_0_Death.Death:PersistentLevel.GameSession_9 has natively added scene component(s), but none of them were set as the actor's RootComponent - picking one arbitrarily
[2016.05.07-19.18.55:720][143]LogActor:Warning: GameNetworkManager /Game/RunnerAssets/UEDPIE_0_Death.Death:PersistentLevel.GameNetworkManager_9 has natively added scene component(s), but none of them were set as the actor's RootComponent - picking one arbitrarily
[2016.05.07-19.18.55:720][143]LogWorld: Bringing up level for play took: 0.000953
[2016.05.07-19.18.55:721][143]LogGameMode: Warning - PATHS NOT DEFINED or NO PLAYERSTART with positive rating
[2016.05.07-19.18.59:638][387]LogBlueprintUserMessages: Early EndPlayMap Detection: Level '/Game/RunnerAssets/RunnerMap.RunnerMap:PersistentLevel' has LevelScriptBlueprint '/Game/RunnerAssets/RunnerMap.RunnerMap:PersistentLevel.RunnerMap' with GeneratedClass '/Game/RunnerAssets/RunnerMap.RunnerMap_C' with ClassGeneratedBy '/Game/RunnerAssets/RunnerMap.RunnerMap:PersistentLevel.RunnerMap'
[2016.05.07-19.18.59:707][387]LogBlueprintUserMessages: Late EndPlayMap Detection: Level '/Game/RunnerAssets/RunnerMap.RunnerMap:PersistentLevel' has LevelScriptBlueprint '/Game/RunnerAssets/RunnerMap.RunnerMap:PersistentLevel.RunnerMap' with GeneratedClass '/Game/RunnerAssets/RunnerMap.RunnerMap_C' with ClassGeneratedBy '/Game/RunnerAssets/RunnerMap.RunnerMap:PersistentLevel.RunnerMap'
[2016.05.07-19.18.59:744][387]LogParticles: Destroying 0 GPU particle simulations for FXSystem 0x000002309CD4EB60
[2016.05.07-19.19.44:221][524]LogSavePackage: Save=43.003658ms
[2016.05.07-19.19.44:221][524]LogSavePackage: Moving '../../../../../../Users/Johan/Documents/GitHub/Runner/Saved/Frac_Block0C1A9CC14D4EA0AF01A151AC5C720F70.tmp' to '../../../../../../Users/Johan/Documents/GitHub/Runner/Content/RunnerAssets/Blueprints/FracturedObjects/Frac_Block.uasset'
[2016.05.07-19.19.44:224][524]LogSavePackage: Total save time: 59.277564ms
[2016.05.07-19.19.44:224][524]LogSavePackage:Display: Finished SavePackage ../../../../../../Users/Johan/Documents/GitHub/Runner/Content/RunnerAssets/Blueprints/FracturedObjects/Frac_Block.uasset
[2016.05.07-19.19.52:711][305]LogAudioDerivedData:Display: Building compressed audio format OGG wave BITbOY_-_Moskau__8-Bit_Cover_...
[2016.05.07-19.20.54:842][436]LogParticles: Destroying 0 GPU particle simulations for FXSystem 0x00000230D6209B20
[2016.05.07-19.20.54:929][436]LogWindowsTextInputMethodSystem:Display: IME system now deactivated.
[2016.05.07-19.20.54:929][436]LogWindowsTextInputMethodSystem:Display: IME system now deactivated.
[2016.05.07-19.20.55:131][437]Cmd: QUIT_EDITOR
[2016.05.07-19.20.56:018][437]LogExit: Preparing to exit.
[2016.05.07-19.25.56:301][437]LogExit: Editor shut down
[2016.05.07-19.25.56:301][437]LogExit: Transaction tracking system shut down
[2016.05.07-19.25.56:310][437]LogParticles: Destroying 0 GPU particle simulations for FXSystem 0x00000230A3113E20
[2016.05.07-19.25.56:310][437]LogParticles: Destroying 0 GPU particle simulations for FXSystem 0x00000230A769C5E0
[2016.05.07-19.25.56:310][437]LogParticles: Destroying 0 GPU particle simulations for FXSystem 0x00000230A78C14E0
[2016.05.07-19.25.56:311][437]LogParticles: Destroying 0 GPU particle simulations for FXSystem 0x00000230A769E480
[2016.05.07-19.25.56:315][437]LogParticles: Destroying 0 GPU particle simulations for FXSystem 0x00000230D620BCE0
[2016.05.07-19.25.56:315][437]LogParticles: Destroying 0 GPU particle simulations for FXSystem 0x00000230D620A160
[2016.05.07-19.25.56:567][437]LogExit: Object subsystem successfully closed.
[2016.05.07-19.25.56:585][437]LogD3D11RHI: Shutdown
[2016.05.07-19.25.56:585][437]LogD3D11RHI: CleanupD3DDevice
[2016.05.07-19.25.56:811][437]LogD3D11RHI: ~FD3D11DynamicRHI
[2016.05.07-19.25.56:880][437]LogModuleManager: Shutting down and abandoning module CookingStats (200)
[2016.05.07-19.25.56:881][437]LogModuleManager: Shutting down and abandoning module BlueprintGraph (199)
[2016.05.07-19.25.56:881][437]LogModuleManager: Shutting down and abandoning module CrashTracker (198)
[2016.05.07-19.25.56:881][437]LogModuleManager: Shutting down and abandoning module SceneOutliner (197)
[2016.05.07-19.25.56:881][437]LogModuleManager: Shutting down and abandoning module SuperSearch (196)
[2016.05.07-19.25.56:881][437]LogModuleManager: Shutting down and abandoning module WidgetCarousel (195)
[2016.05.07-19.25.56:881][437]LogModuleManager: Shutting down and abandoning module AddContentDialog (194)
[2016.05.07-19.25.56:882][437]LogModuleManager: Shutting down and abandoning module EditorWidgets (193)
[2016.05.07-19.25.56:882][437]LogModuleManager: Shutting down and abandoning module CollectionManager (192)
[2016.05.07-19.25.56:882][437]LogModuleManager: Shutting down and abandoning module StatsViewer (191)
[2016.05.07-19.25.56:882][437]LogModuleManager: Shutting down and abandoning module FoliageEdit (190)
[2016.05.07-19.25.56:882][437]LogModuleManager: Shutting down and abandoning module LandscapeEditor (189)
[2016.05.07-19.25.56:882][437]LogModuleManager: Shutting down and abandoning module ActorPickerMode (188)
[2016.05.07-19.25.56:882][437]LogModuleManager: Shutting down and abandoning module GeometryMode (187)
[2016.05.07-19.25.56:882][437]LogModuleManager: Shutting down and abandoning module TextureAlignMode (186)
[2016.05.07-19.25.56:882][437]LogModuleManager: Shutting down and abandoning module BspMode (185)
[2016.05.07-19.25.56:882][437]LogModuleManager: Shutting down and abandoning module PlacementMode (184)
[2016.05.07-19.25.56:882][437]LogModuleManager: Shutting down and abandoning module AutomationWorker (183)
[2016.05.07-19.25.56:882][437]LogModuleManager: Shutting down and abandoning module CharacterAI (182)
[2016.05.07-19.25.56:882][437]LogModuleManager: Shutting down and abandoning module SmartSnapping (181)
[2016.05.07-19.25.56:882][437]LogModuleManager: Shutting down and abandoning module ViewportSnapping (180)
[2016.05.07-19.25.56:882][437]LogModuleManager: Shutting down and abandoning module LogVisualizer (179)
[2016.05.07-19.25.56:883][437]LogModuleManager: Shutting down and abandoning module GameProjectGeneration (178)
[2016.05.07-19.25.56:883][437]LogModuleManager: Shutting down and abandoning module IntroTutorials (177)
[2016.05.07-19.25.56:883][437]LogModuleManager: Shutting down and abandoning module EditorLiveStreaming (176)
[2016.05.07-19.25.56:883][437]LogModuleManager: Shutting down and abandoning module IOSPlatformEditor (175)
[2016.05.07-19.25.56:883][437]LogModuleManager: Shutting down and abandoning module HTML5PlatformEditor (174)
[2016.05.07-19.25.56:883][437]LogModuleManager: Shutting down and abandoning module AndroidDeviceDetection (173)
[2016.05.07-19.25.57:365][437]LogModuleManager: Shutting down and abandoning module AndroidPlatformEditor (172)
[2016.05.07-19.25.57:365][437]LogModuleManager: Shutting down and abandoning module IOSRuntimeSettings (171)
[2016.05.07-19.25.57:365][437]LogModuleManager: Shutting down and abandoning module AndroidRuntimeSettings (170)
[2016.05.07-19.25.57:365][437]LogModuleManager: Shutting down and abandoning module MergeActors (169)
[2016.05.07-19.25.57:365][437]LogModuleManager: Shutting down and abandoning module SizeMap (168)
[2016.05.07-19.25.57:365][437]LogModuleManager: Shutting down and abandoning module TreeMap (167)
[2016.05.07-19.25.57:365][437]LogModuleManager: Shutting down and abandoning module ReferenceViewer (166)
[2016.05.07-19.25.57:365][437]LogModuleManager: Shutting down and abandoning module LocalizationService (165)
[2016.05.07-19.25.57:365][437]LogModuleManager: Shutting down and abandoning module LocalizationDashboard (164)
[2016.05.07-19.25.57:365][437]LogModuleManager: Shutting down and abandoning module HardwareTargeting (163)
[2016.05.07-19.25.57:365][437]LogModuleManager: Shutting down and abandoning module DeviceProfileEditor (162)
[2016.05.07-19.25.57:365][437]LogModuleManager: Shutting down and abandoning module UndoHistory (161)
[2016.05.07-19.25.57:365][437]LogModuleManager: Shutting down and abandoning module GameplayTagsEditor (160)
[2016.05.07-19.25.57:365][437]LogModuleManager: Shutting down and abandoning module UserFeedback (159)
[2016.05.07-19.25.57:365][437]LogModuleManager: Shutting down and abandoning module XmlParser (158)
[2016.05.07-19.25.57:365][437]LogModuleManager: Shutting down and abandoning module Blutility (157)
[2016.05.07-19.25.57:365][437]LogModuleManager: Shutting down and abandoning module ProjectTargetPlatformEditor (156)
[2016.05.07-19.25.57:365][437]LogModuleManager: Shutting down and abandoning module ProjectSettingsViewer (155)
[2016.05.07-19.25.57:365][437]LogModuleManager: Shutting down and abandoning module InputBindingEditor (154)
[2016.05.07-19.25.57:366][437]LogModuleManager: Shutting down and abandoning module EditorSettingsViewer (153)
[2016.05.07-19.25.57:366][437]LogModuleManager: Shutting down and abandoning module SettingsEditor (152)
[2016.05.07-19.25.57:366][437]LogModuleManager: Shutting down and abandoning module ProjectLauncher (151)
[2016.05.07-19.25.57:366][437]LogModuleManager: Shutting down and abandoning module SessionFrontend (150)
[2016.05.07-19.25.57:366][437]LogModuleManager: Shutting down and abandoning module ProfilerClient (149)
[2016.05.07-19.25.57:366][437]LogModuleManager: Shutting down and abandoning module TargetDeviceServices (148)
[2016.05.07-19.25.57:366][437]LogModuleManager: Shutting down and abandoning module DeviceManager (147)
[2016.05.07-19.25.57:366][437]LogModuleManager: Shutting down and abandoning module AutomationController (146)
[2016.05.07-19.25.57:366][437]LogModuleManager: Shutting down and abandoning module AutomationWindow (145)
[2016.05.07-19.25.57:366][437]LogModuleManager: Shutting down and abandoning module Layers (144)
[2016.05.07-19.25.57:366][437]LogModuleManager: Shutting down and abandoning module ComponentVisualizers (143)
[2016.05.07-19.25.57:366][437]LogModuleManager: Shutting down and abandoning module DetailCustomizations (142)
[2016.05.07-19.25.57:366][437]LogModuleManager: Shutting down and abandoning module PackagesDialog (141)
[2016.05.07-19.25.57:366][437]LogModuleManager: Shutting down and abandoning module Persona (140)
[2016.05.07-19.25.57:366][437]LogModuleManager: Shutting down and abandoning module Kismet (139)
[2016.05.07-19.25.57:366][437]LogModuleManager: Shutting down and abandoning module GraphEditor (138)
[2016.05.07-19.25.57:366][437]LogModuleManager: Shutting down and abandoning module ClassViewer (137)
[2016.05.07-19.25.57:366][437]LogModuleManager: Shutting down and abandoning module Toolbox (136)
[2016.05.07-19.25.57:366][437]LogModuleManager: Shutting down and abandoning module ModuleUI (135)
[2016.05.07-19.25.57:366][437]LogModuleManager: Shutting down and abandoning module MovieSceneTools (134)
[2016.05.07-19.25.57:366][437]LogModuleManager: Shutting down and abandoning module OutputLog (133)
[2016.05.07-19.25.57:366][437]LogModuleManager: Shutting down and abandoning module GammaUI (132)
[2016.05.07-19.25.57:366][437]LogModuleManager: Shutting down and abandoning module Documentation (131)
[2016.05.07-19.25.57:366][437]LogModuleManager: Shutting down and abandoning module GameLiveStreaming (130)
[2016.05.07-19.25.57:366][437]LogModuleManager: Shutting down and abandoning module StreamingPauseRendering (129)
[2016.05.07-19.25.57:366][437]LogModuleManager: Shutting down and abandoning module AnalyticsET (128)
[2016.05.07-19.25.57:366][437]LogModuleManager: Shutting down and abandoning module Analytics (127)
[2016.05.07-19.25.57:366][437]LogModuleManager: Shutting down and abandoning module AITestSuite (126)
[2016.05.07-19.25.57:366][437]LogModuleManager: Shutting down and abandoning module GameplayDebugger (125)
[2016.05.07-19.25.57:366][437]LogModuleManager: Shutting down and abandoning module AIModule (124)
[2016.05.07-19.25.57:366][437]LogModuleManager: Shutting down and abandoning module ProfilerService (123)
[2016.05.07-19.25.57:394][437]LogModuleManager: Shutting down and abandoning module TaskGraph (122)
[2016.05.07-19.25.57:394][437]LogModuleManager: Shutting down and abandoning module SlateRemote (121)
[2016.05.07-19.25.57:394][437]LogModuleManager: Shutting down and abandoning module SteamVRController (120)
[2016.05.07-19.25.57:394][437]LogModuleManager: Shutting down and abandoning module SteamVR (119)
[2016.05.07-19.25.57:394][437]LogModuleManager: Shutting down and abandoning module ProceduralMeshComponent (118)
[2016.05.07-19.25.57:394][437]LogModuleManager: Shutting down and abandoning module OculusLibrary (117)
[2016.05.07-19.25.57:394][437]LogModuleManager: Shutting down and abandoning module OculusInput (116)
[2016.05.07-19.25.57:394][437]LogModuleManager: Shutting down and abandoning module LeapMotionController (115)
[2016.05.07-19.25.57:411][437]LogModuleManager: Shutting down and abandoning module CustomMeshComponent (114)
[2016.05.07-19.25.57:411][437]LogModuleManager: Shutting down and abandoning module CableComponent (113)
[2016.05.07-19.25.57:411][437]LogModuleManager: Shutting down and abandoning module ArchVisCharacter (112)
[2016.05.07-19.25.57:411][437]LogModuleManager: Shutting down and abandoning module MessagingDebugger (111)
[2016.05.07-19.25.57:411][437]LogModuleManager: Shutting down and abandoning module MediaPlayerEditor (110)
[2016.05.07-19.25.57:411][437]LogModuleManager: Shutting down and abandoning module HTML5Networking (109)
[2016.05.07-19.25.57:411][437]LogModuleManager: Shutting down and abandoning module SpeedTreeImporter (108)
[2016.05.07-19.25.57:411][437]LogModuleManager: Shutting down and abandoning module PluginBrowser (107)
[2016.05.07-19.25.57:411][437]LogModuleManager: Shutting down and abandoning module EpicSurvey (106)
[2016.05.07-19.25.57:411][437]LogModuleManager: Shutting down and abandoning module DesktopPlatform (105)
[2016.05.07-19.25.57:411][437]LogModuleManager: Shutting down and abandoning module VisualStudioSourceCodeAccess (104)
[2016.05.07-19.25.57:411][437]LogModuleManager: Shutting down and abandoning module UObjectPlugin (103)
[2016.05.07-19.25.57:411][437]LogModuleManager: Shutting down and abandoning module SubversionSourceControl (102)
[2016.05.07-19.25.57:411][437]LogModuleManager: Shutting down and abandoning module PerforceSourceControl (101)
[2016.05.07-19.25.57:411][437]LogModuleManager: Shutting down and abandoning module SourceControl (100)
[2016.05.07-19.25.57:411][437]LogModuleManager: Shutting down and abandoning module GitSourceControl (99)
[2016.05.07-19.25.57:411][437]LogModuleManager: Shutting down and abandoning module LightPropagationVolumeEditor (98)
[2016.05.07-19.25.57:411][437]LogModuleManager: Shutting down and abandoning module PaperTiledImporter (97)
[2016.05.07-19.25.57:411][437]LogModuleManager: Shutting down and abandoning module PaperSpriteSheetImporter (96)
[2016.05.07-19.25.57:411][437]LogModuleManager: Shutting down and abandoning module MeshPaint (95)
[2016.05.07-19.25.57:411][437]LogModuleManager: Shutting down and abandoning module SlateReflector (94)
[2016.05.07-19.25.57:411][437]LogModuleManager: Shutting down and abandoning module HotReload (93)
[2016.05.07-19.25.57:411][437]LogModuleManager: Shutting down and abandoning module MainFrame (92)
[2016.05.07-19.25.57:412][437]LogModuleManager: Shutting down and abandoning module LevelEditor (91)
[2016.05.07-19.25.57:413][437]LogModuleManager: Shutting down and abandoning module DirectoryWatcher (90)
[2016.05.07-19.25.57:414][437]LogModuleManager: Shutting down and abandoning module AssetRegistry (89)
[2016.05.07-19.25.57:463][437]LogModuleManager: Shutting down and abandoning module ContentBrowser (88)
[2016.05.07-19.25.57:463][437]LogModuleManager: Shutting down and abandoning module Paper2DEditor (87)
[2016.05.07-19.25.57:463][437]LogModuleManager: Shutting down and abandoning module UdpMessaging (86)
[2016.05.07-19.25.57:564][437]LogModuleManager: Shutting down and abandoning module LightPropagationVolumeRuntime (85)
[2016.05.07-19.25.57:564][437]LogModuleManager: Shutting down and abandoning module Paper2D (84)
[2016.05.07-19.25.57:564][437]LogModuleManager: Shutting down and abandoning module WindowsMoviePlayer (83)
[2016.05.07-19.25.57:567][437]LogModuleManager: Shutting down and abandoning module Media (82)
[2016.05.07-19.25.57:567][437]LogModuleManager: Shutting down and abandoning module WmfMedia (81)
[2016.05.07-19.25.57:570][437]LogModuleManager: Shutting down and abandoning module OnlineBlueprintSupport (80)
[2016.05.07-19.25.57:570][437]LogModuleManager: Shutting down and abandoning module GameplayTasksEditor (79)
[2016.05.07-19.25.57:570][437]LogModuleManager: Shutting down and abandoning module PropertyEditor (78)
[2016.05.07-19.25.57:570][437]LogModuleManager: Shutting down and abandoning module BehaviorTreeEditor (77)
[2016.05.07-19.25.57:570][437]LogModuleManager: Shutting down and abandoning module FunctionalTesting (76)
[2016.05.07-19.25.57:570][437]LogModuleManager: Shutting down and abandoning module CollisionAnalyzer (75)
[2016.05.07-19.25.57:570][437]LogModuleManager: Shutting down and abandoning module WorkspaceMenuStructure (74)
[2016.05.07-19.25.57:570][437]LogModuleManager: Shutting down and abandoning module MessageLog (73)
[2016.05.07-19.25.57:570][437]LogModuleManager: Shutting down and abandoning module Sequencer (72)
[2016.05.07-19.25.57:570][437]LogModuleManager: Shutting down and abandoning module AssetTools (71)
[2016.05.07-19.25.57:570][437]LogModuleManager: Shutting down and abandoning module UMGEditor (70)
[2016.05.07-19.25.57:570][437]LogModuleManager: Shutting down and abandoning module UMG (69)
[2016.05.07-19.25.57:570][437]LogModuleManager: Shutting down and abandoning module Slate (68)
[2016.05.07-19.25.57:570][437]LogModuleManager: Shutting down and abandoning module EditorStyle (67)
[2016.05.07-19.25.57:573][437]LogModuleManager: Shutting down and abandoning module SessionServices (66)
[2016.05.07-19.25.57:573][437]LogModuleManager: Shutting down and abandoning module SourceCodeAccess (65)
[2016.05.07-19.25.57:573][437]LogModuleManager: Shutting down and abandoning module HeadMountedDisplay (64)
[2016.05.07-19.25.57:573][437]LogModuleManager: Shutting down and abandoning module XAudio2 (63)
[2016.05.07-19.25.57:573][437]LogModuleManager: Shutting down and abandoning module Networking (61)
[2016.05.07-19.25.57:573][437]LogModuleManager: Shutting down and abandoning module Core (60)
[2016.05.07-19.25.57:573][437]LogModuleManager: Shutting down and abandoning module KismetCompiler (59)
[2016.05.07-19.25.57:573][437]LogModuleManager: Shutting down and abandoning module PhysXFormats (58)
[2016.05.07-19.25.57:573][437]LogModuleManager: Shutting down and abandoning module MeshUtilities (57)
[2016.05.07-19.25.57:573][437]LogModuleManager: Shutting down and abandoning module DerivedDataCache (56)
[2016.05.07-19.25.57:661][437]LogDerivedDataCache: Shutdown
[2016.05.07-19.25.57:661][437]LogModuleManager: Shutting down and abandoning module ShaderFormatOpenGL (55)
[2016.05.07-19.25.57:661][437]LogModuleManager: Shutting down and abandoning module ShaderFormatD3D (54)
[2016.05.07-19.25.57:661][437]LogModuleManager: Shutting down and abandoning module MetalShaderFormat (53)
[2016.05.07-19.25.57:661][437]LogModuleManager: Shutting down and abandoning module TextureFormatUncompressed (52)
[2016.05.07-19.25.57:661][437]LogModuleManager: Shutting down and abandoning module TextureFormatPVR (51)
[2016.05.07-19.25.57:661][437]LogModuleManager: Shutting down and abandoning module TextureFormatIntelISPCTexComp (50)
[2016.05.07-19.25.57:661][437]LogModuleManager: Shutting down and abandoning module TextureFormatDXT (49)
[2016.05.07-19.25.57:661][437]LogModuleManager: Shutting down and abandoning module ImageWrapper (48)
[2016.05.07-19.25.57:661][437]LogModuleManager: Shutting down and abandoning module TextureFormatASTC (47)
[2016.05.07-19.25.57:661][437]LogModuleManager: Shutting down and abandoning module TextureFormatAndroid (46)
[2016.05.07-19.25.57:661][437]LogModuleManager: Shutting down and abandoning module AudioFormatOpus (45)
[2016.05.07-19.25.57:666][437]LogModuleManager: Shutting down and abandoning module AudioFormatOgg (44)
[2016.05.07-19.25.57:666][437]LogModuleManager: Shutting down and abandoning module AudioFormatADPCM (43)
[2016.05.07-19.25.57:666][437]LogModuleManager: Shutting down and abandoning module LinuxTargetPlatform (42)
[2016.05.07-19.25.57:666][437]LogModuleManager: Shutting down and abandoning module LinuxServerTargetPlatform (41)
[2016.05.07-19.25.57:666][437]LogModuleManager: Shutting down and abandoning module LinuxNoEditorTargetPlatform (40)
[2016.05.07-19.25.57:666][437]LogModuleManager: Shutting down and abandoning module Messaging (39)
[2016.05.07-19.25.57:666][437]LogModuleManager: Shutting down and abandoning module IOSTargetPlatform (38)
[2016.05.07-19.25.57:666][437]LogModuleManager: Shutting down and abandoning module HTML5TargetPlatform (37)
[2016.05.07-19.25.57:666][437]LogModuleManager: Shutting down and abandoning module Android_PVRTCTargetPlatform (36)
[2016.05.07-19.25.57:666][437]LogModuleManager: Shutting down and abandoning module Android_MultiTargetPlatform (35)
[2016.05.07-19.25.57:666][437]LogModuleManager: Shutting down and abandoning module Android_ETC2TargetPlatform (34)
[2016.05.07-19.25.57:666][437]LogModuleManager: Shutting down and abandoning module Android_ETC1TargetPlatform (33)
[2016.05.07-19.25.57:666][437]LogModuleManager: Shutting down and abandoning module Android_DXTTargetPlatform (32)
[2016.05.07-19.25.57:666][437]LogModuleManager: Shutting down and abandoning module Android_ATCTargetPlatform (31)
[2016.05.07-19.25.57:666][437]LogModuleManager: Shutting down and abandoning module Android_ASTCTargetPlatform (30)
[2016.05.07-19.25.57:666][437]LogModuleManager: Shutting down and abandoning module AndroidTargetPlatform (29)
[2016.05.07-19.25.57:666][437]LogModuleManager: Shutting down and abandoning module WindowsTargetPlatform (28)
[2016.05.07-19.25.57:666][437]LogModuleManager: Shutting down and abandoning module WindowsServerTargetPlatform (27)
[2016.05.07-19.25.57:666][437]LogModuleManager: Shutting down and abandoning module WindowsNoEditorTargetPlatform (26)
[2016.05.07-19.25.57:666][437]LogModuleManager: Shutting down and abandoning module WindowsClientTargetPlatform (25)
[2016.05.07-19.25.57:666][437]LogModuleManager: Shutting down and abandoning module AllDesktopTargetPlatform (24)
[2016.05.07-19.25.57:666][437]LogModuleManager: Shutting down and abandoning module TargetPlatform (23)
[2016.05.07-19.25.57:666][437]LogModuleManager: Shutting down and abandoning module InputCore (22)
[2016.05.07-19.25.57:666][437]LogModuleManager: Shutting down and abandoning module Settings (21)
[2016.05.07-19.25.57:666][437]LogModuleManager: Shutting down and abandoning module OnlineSubsystem (19)
[2016.05.07-19.25.57:666][437]LogModuleManager: Shutting down and abandoning module HTTP (18)
[2016.05.07-19.25.59:669][437]LogModuleManager: Shutting down and abandoning module XMPP (17)
[2016.05.07-19.25.59:669][437]LogModuleManager: Shutting down and abandoning module OculusRift (16)
[2016.05.07-19.25.59:669][437]LogModuleManager: Shutting down and abandoning module ExampleDeviceProfileSelector (15)
[2016.05.07-19.25.59:669][437]LogModuleManager: Shutting down and abandoning module TextureCompressor (14)
[2016.05.07-19.25.59:669][437]LogModuleManager: Shutting down and abandoning module ShaderCore (13)
[2016.05.07-19.25.59:669][437]LogModuleManager: Shutting down and abandoning module Landscape (12)
[2016.05.07-19.25.59:669][437]LogModuleManager: Shutting down and abandoning module SlateRHIRenderer (11)
[2016.05.07-19.25.59:671][437]LogModuleManager: Shutting down and abandoning module OpenGLDrv (10)
[2016.05.07-19.25.59:671][437]LogModuleManager: Shutting down and abandoning module D3D11RHI (9)
[2016.05.07-19.25.59:671][437]LogModuleManager: Shutting down and abandoning module AnimGraphRuntime (8)
[2016.05.07-19.25.59:671][437]LogModuleManager: Shutting down and abandoning module Renderer (7)
[2016.05.07-19.25.59:671][437]LogModuleManager: Shutting down and abandoning module Engine (6)
[2016.05.07-19.25.59:671][437]LogModuleManager: Shutting down and abandoning module CoreUObject (5)
[2016.05.07-19.25.59:671][437]LogModuleManager: Shutting down and abandoning module NetworkFile (4)
[2016.05.07-19.25.59:671][437]LogModuleManager: Shutting down and abandoning module StreamingFile (3)
[2016.05.07-19.25.59:671][437]LogModuleManager: Shutting down and abandoning module SandboxFile (2)
[2016.05.07-19.25.59:671][437]LogModuleManager: Shutting down and abandoning module PakFile (1)
[2016.05.07-19.25.59:672][437]LogExit: Exiting.
[2016.05.07-19.25.59:674][437]Log file closed, 05/07/16 21:25:59
