[2016.02.13-17.32.19:790][  0]Log file open, 02/13/16 18:32:19
[2016.02.13-17.32.19:790][  0]LogInit:Display: Running engine for game: Runner
[2016.02.13-17.32.19:790][  0]LogPlatformFile: Not using cached read wrapper
[2016.02.13-17.32.19:790][  0]LogInit:Display: RandInit(1592349606) SRandInit(1592349608).
[2016.02.13-17.32.19:790][  0]LogTaskGraph: Started task graph with 4 named threads and 7 total threads.
[2016.02.13-17.32.19:790][  0]LogStats: Stats thread started at 0.075256
[2016.02.13-17.32.19:790][  0]LogInit: Version: 4.10.2-2818068+++depot+UE4-Releases+4.10
[2016.02.13-17.32.19:790][  0]LogInit: API Version: 2758231
[2016.02.13-17.32.19:790][  0]LogInit: Compiled (64-bit): Jan  6 2016 17:36:42
[2016.02.13-17.32.19:790][  0]LogInit: Compiled with Visual C++: 19.00.23026.00
[2016.02.13-17.32.19:790][  0]LogInit: Build Configuration: Development
[2016.02.13-17.32.19:790][  0]LogInit: Branch Name: ++depot+UE4-Releases+4.10
[2016.02.13-17.32.19:790][  0]LogInit: Command line:  
[2016.02.13-17.32.19:790][  0]LogInit: Base directory: C:/Program Files/Epic Games/4.10/Engine/Binaries/Win64/
[2016.02.13-17.32.19:790][  0]LogInit: Rocket: 1
[2016.02.13-17.32.19:797][  0]LogInit: Using libcurl 7.41.0
[2016.02.13-17.32.19:797][  0]LogInit:  - built for x86_64-pc-win32
[2016.02.13-17.32.19:797][  0]LogInit:  - supports SSL with WinSSL
[2016.02.13-17.32.19:797][  0]LogInit:  - other features:
[2016.02.13-17.32.19:797][  0]LogInit:      CURL_VERSION_SSL
[2016.02.13-17.32.19:797][  0]LogInit:      CURL_VERSION_IPV6
[2016.02.13-17.32.19:797][  0]LogInit:      CURL_VERSION_ASYNCHDNS
[2016.02.13-17.32.19:797][  0]LogInit:      CURL_VERSION_LARGEFILE
[2016.02.13-17.32.19:797][  0]LogInit:      CURL_VERSION_IDN
[2016.02.13-17.32.19:797][  0]LogInit:  CurlRequestOptions (configurable via config and command line):
[2016.02.13-17.32.19:797][  0]LogInit:  - bVerifyPeer = true  - Libcurl will verify peer certificate
[2016.02.13-17.32.19:797][  0]LogInit:  - bUseHttpProxy = false  - Libcurl will NOT use HTTP proxy
[2016.02.13-17.32.19:797][  0]LogInit:  - bDontReuseConnections = false  - Libcurl will reuse connections
[2016.02.13-17.32.19:797][  0]LogInit:  - CertBundlePath = nullptr  - Libcurl will use whatever was configured at build time.
[2016.02.13-17.32.19:804][  0]LogInit: Presizing for 0 objects not considered by GC, pre-allocating 0 bytes.
[2016.02.13-17.32.19:810][  0]LogInit: Object subsystem initialized
[2016.02.13-17.32.19:811][  0]LogInit: Selected Device Profile: [Windows]
[2016.02.13-17.32.19:811][  0]LogInit: Applying CVar settings loaded from the selected device profile: [Windows]
[2016.02.13-17.32.19:820][  0]LogInit: Computer: JOHANS_MONSTER
[2016.02.13-17.32.19:820][  0]LogInit: User: Johan
[2016.02.13-17.32.19:820][  0]LogInit: CPU Page size=4096, Cores=4
[2016.02.13-17.32.19:820][  0]LogInit: High frequency timer resolution =3.312790 MHz
[2016.02.13-17.32.19:820][  0]LogMemory: Memory total: Physical=16.0GB (16GB approx)
[2016.02.13-17.32.19:820][  0]LogMemory: Platform Memory Stats for Windows
[2016.02.13-17.32.19:820][  0]LogMemory: Process Physical Memory: 56.28 MB used, 56.28 MB peak
[2016.02.13-17.32.19:820][  0]LogMemory: Process Virtual Memory: 58.76 MB used, 58.76 MB peak
[2016.02.13-17.32.19:820][  0]LogMemory: Physical Memory: 3644.45 MB used, 16337.33 MB total
[2016.02.13-17.32.19:820][  0]LogMemory: Virtual Memory: 384.78 MB used, 134217728.00 MB total
[2016.02.13-17.32.19:853][  0]LogTextLocalizationManager: No translations for ('sv-SE') exist, falling back to 'en' for localization and internationalization data.
[2016.02.13-17.32.20:307][  0]LogD3D11RHI: Found D3D11 adapter 0: NVIDIA GeForce GTX 560 SE (Feature Level 11_0)
[2016.02.13-17.32.20:307][  0]LogD3D11RHI: Adapter has 977MB of dedicated video memory, 0MB of dedicated system memory, and 8168MB of shared system memory, 1 output[s]
[2016.02.13-17.32.20:308][  0]LogD3D11RHI: Found D3D11 adapter 1: Microsoft Basic Render Driver (Feature Level 11_0)
[2016.02.13-17.32.20:308][  0]LogD3D11RHI: Adapter has 0MB of dedicated video memory, 0MB of dedicated system memory, and 8168MB of shared system memory, 0 output[s]
[2016.02.13-17.32.20:308][  0]LogD3D11RHI: Chosen D3D11 Adapter Id = 0
[2016.02.13-17.32.20:312][  0]LogD3D11RHI: !Direct3DDevice
[2016.02.13-17.32.20:312][  0]LogRHI: Texture pool is 684 MB (70% of 977 MB)
[2016.02.13-17.32.20:324][  0]LogD3D11RHI: Async texture creation enabled
[2016.02.13-17.32.20:339][  0]LogShaderCompilers: Guid format shader working directory is -7 characters bigger than the processId version (../../../../../../Users/Johan/Documents/GitHub/Runner/Intermediate/Shaders/WorkingDirectory/6116/).
[2016.02.13-17.32.20:339][  0]LogShaderCompilers: Cleaned the shader compiler working directory 'C:/Users/Johan/AppData/Local/Temp/UnrealShaderWorkingDir/3FD3051C4EDC9DF76BB4A2A027CC7A73/'.
[2016.02.13-17.32.20:339][  0]LogShaderCompilers:Display: Using Local Shader Compiler.
[2016.02.13-17.32.21:072][  0]LogTemp:Display: Loaded TP AllDesktopTargetPlatform
[2016.02.13-17.32.21:076][  0]LogTemp:Display: Loaded TP WindowsClientTargetPlatform
[2016.02.13-17.32.21:081][  0]LogTemp:Display: Loaded TP WindowsNoEditorTargetPlatform
[2016.02.13-17.32.21:085][  0]LogTemp:Display: Loaded TP WindowsServerTargetPlatform
[2016.02.13-17.32.21:090][  0]LogTemp:Display: Loaded TP WindowsTargetPlatform
[2016.02.13-17.32.21:092][  0]LogTemp:Display: Loaded TP AndroidTargetPlatform
[2016.02.13-17.32.21:095][  0]LogTemp:Display: Loaded TP Android_ASTCTargetPlatform
[2016.02.13-17.32.21:098][  0]LogTemp:Display: Loaded TP Android_ATCTargetPlatform
[2016.02.13-17.32.21:100][  0]LogTemp:Display: Loaded TP Android_DXTTargetPlatform
[2016.02.13-17.32.21:103][  0]LogTemp:Display: Loaded TP Android_ETC1TargetPlatform
[2016.02.13-17.32.21:106][  0]LogTemp:Display: Loaded TP Android_ETC2TargetPlatform
[2016.02.13-17.32.21:112][  0]LogTemp:Display: Loaded TP Android_MultiTargetPlatform
[2016.02.13-17.32.21:112][  0]LogTemp:Display: Loaded TP Android_PVRTCTargetPlatform
[2016.02.13-17.32.21:112][  0]LogTemp:Display: Loaded TP HTML5TargetPlatform
[2016.02.13-17.32.21:129][  0]LogTemp:Display: Loaded TP IOSTargetPlatform
[2016.02.13-17.32.21:131][  0]LogTemp:Display: Loaded TP LinuxNoEditorTargetPlatform
[2016.02.13-17.32.21:133][  0]LogTemp:Display: Loaded TP LinuxServerTargetPlatform
[2016.02.13-17.32.21:136][  0]LogTemp:Display: Loaded TP LinuxTargetPlatform
[2016.02.13-17.32.21:136][  0]LogTargetPlatformManager:Display: Building Assets For Windows
[2016.02.13-17.32.21:220][  0]LogDerivedDataCache:Display: Max Cache Size: 512 MB
[2016.02.13-17.32.21:264][  0]LogDerivedDataCache: Loaded boot cache 0.04s 41MB C:/Users/Johan/AppData/Local/UnrealEngine/4.10/DerivedDataCache/Boot.ddc.
[2016.02.13-17.32.21:264][  0]LogDerivedDataCache:Display: Loaded Boot cache: C:/Users/Johan/AppData/Local/UnrealEngine/4.10/DerivedDataCache/Boot.ddc
[2016.02.13-17.32.21:264][  0]LogDerivedDataCache: FDerivedDataBackendGraph:  Pak pak cache file ../../../../../../Users/Johan/Documents/GitHub/Runner/DerivedDataCache/DDC.ddp not found, will not use a pak cache.
[2016.02.13-17.32.21:264][  0]LogDerivedDataCache: Unable to find inner node Pak for hierarchical cache Hierarchy.
[2016.02.13-17.32.21:264][  0]LogDerivedDataCache: FDerivedDataBackendGraph:  CompressedPak pak cache file ../../../../../../Users/Johan/Documents/GitHub/Runner/DerivedDataCache/Compressed.ddp not found, will not use a pak cache.
[2016.02.13-17.32.21:264][  0]LogDerivedDataCache: Unable to find inner node CompressedPak for hierarchical cache Hierarchy.
[2016.02.13-17.32.21:322][  0]LogDerivedDataCache:Display: Pak cache opened for reading ../../../Engine/DerivedDataCache/Compressed.ddp.
[2016.02.13-17.32.21:334][  0]LogDerivedDataCache: Using Local data cache path C:/Users/Johan/AppData/Local/UnrealEngine/Common/DerivedDataCache: Writable
[2016.02.13-17.32.21:515][  0]LogInit: Selected Device Profile: [Windows]
[2016.02.13-17.32.21:518][  0]LogContentStreaming: Texture pool size is 0.000000MB
[2016.02.13-17.32.21:618][  0]LogMeshUtilities: No automatic mesh reduction module available
[2016.02.13-17.32.21:619][  0]LogMeshUtilities: No automatic mesh merging module available
[2016.02.13-17.32.21:813][  0]LogInit: WinSock: version 1.1 (2.2), MaxSocks=32767, MaxUdp=65467
[2016.02.13-17.32.22:490][  0]UdpMessaging: Initializing bridge on interface 0.0.0.0:0 to multicast group 230.0.0.1:6666.
[2016.02.13-17.32.22:608][  0]LogAssetRegistry: FAssetRegistry took 0.0108 seconds to start up
[2016.02.13-17.32.22:764][  0]SourceControl: Info Source control is disabled
[2016.02.13-17.32.22:765][  0]SourceControl: Info Source control is disabled
[2016.02.13-17.32.22:780][  0]SourceControl: Info Source control is disabled
[2016.02.13-17.32.22:794][  0]SourceControl: Info Source control is disabled
[2016.02.13-17.32.23:053][  0]LogObj: 28633 objects as part of root set at end of initial load.
[2016.02.13-17.32.23:053][  0]LogUObjectAllocator: 6099752 out of 0 bytes used by permanent object pool.
[2016.02.13-17.32.23:104][  0]LogEngine: Initializing Engine...
[2016.02.13-17.32.23:106][  0]LogHMD: Can't find Oculus library dev build: is proper Runtime installed? Version: 0.8.0.0
[2016.02.13-17.32.23:107][  0]LogHMD: SteamVR failed to initialize.  Err: 110
[2016.02.13-17.32.23:214][  0]LogAIModule: Creating AISystem for world NewWorld
[2016.02.13-17.32.23:219][  0]LogInit: XAudio2 using 'Speakers (USB Sound Device        )' : 2 channels at 44.1 kHz using 16 bits per sample (channel mask 0x3)
[2016.02.13-17.32.23:233][  0]LogInit: FAudioDevice initialized.
[2016.02.13-17.32.23:252][  0]LogDerivedDataCache: Saved boot cache 0.02s 41MB C:/Users/Johan/AppData/Local/UnrealEngine/4.10/DerivedDataCache/Boot.ddc.
[2016.02.13-17.32.23:258][  0]LogInit: Texture streaming: Enabled
[2016.02.13-17.32.23:263][  0]LogAnalytics: Creating configured Analytics provider AnalyticsET
[2016.02.13-17.32.23:263][  0]LogAnalytics: [UEEditor.Rocket.Release] APIServer = http://et2.epicgames.com/ET2/. AppVersion = 4.10.2-2818068+++depot+UE4-Releases+4.10
[2016.02.13-17.32.23:263][  0]LogAnalytics: [UEEditor.Rocket.Release] SetUserId e13f53c54a08433fc09043aa962b451a|75ba5683578c43329a0522a4b145a097|e6dac55f-4bf9-412a-b229-53d1a5ef9356
[2016.02.13-17.32.23:263][  0]LogAnalytics: [UEEditor.Rocket.Release] AnalyticsET::StartSession
[2016.02.13-17.32.23:272][  0]LogWindowsTextInputMethodSystem:Display: IME system now deactivated.
[2016.02.13-17.32.23:272][  0]LogWindowsTextInputMethodSystem:Display: IME system now deactivated.
[2016.02.13-17.32.23:290][  0]LogInit: Transaction tracking system initialized
[2016.02.13-17.32.23:326][  0]BlueprintLog: New page: Editor Load
[2016.02.13-17.32.23:404][  0]LocalizationService: Info Localization service is disabled
[2016.02.13-17.32.23:479][  0]LogConsoleResponse:Display: 
[2016.02.13-17.32.23:578][  0]LogCook:Display: Done creating registry. It took  0.00s.
[2016.02.13-17.32.23:642][  0]LogFileCache: Scanning file cache for directory 'C:/Users/Johan/Documents/GitHub/Runner/Content/' took 0.01s
[2016.02.13-17.32.23:642][  0]SourceControl: Info Source control is disabled
[2016.02.13-17.32.23:642][  0]Cmd: MAP LOAD FILE="../../../../../../Users/Johan/Documents/GitHub/Runner/Content/RunnerAssets/RunnerMap.umap" TEMPLATE=0 SHOWPROGRESS=1 FEATURELEVEL=3
[2016.02.13-17.32.23:642][  0]LightingResults: New page: Lighting Build
[2016.02.13-17.32.23:646][  0]MapCheck: New page: Map Check
[2016.02.13-17.32.23:646][  0]LightingResults: New page: Lighting Build
[2016.02.13-17.32.23:657][  0]LogParticles: Destroying 0 GPU particle simulations for FXSystem 0x000001A49FE4FB00
[2016.02.13-17.32.24:241][  0]LogAIModule: Creating AISystem for world RunnerMap
[2016.02.13-17.32.24:250][  0]LogEditorServer: Finished looking for orphan Actors (0.000 secs)
[2016.02.13-17.32.24:250][  0]Cmd: MAP CHECKDEP NOCLEARLOG
[2016.02.13-17.32.24:302][  0]MapCheck: Info Map check complete: 0 Error(s), 0 Warning(s), took 51.128ms to complete.
[2016.02.13-17.32.24:302][  0]LogFileHelpers: Loading map 'RunnerMap' took 0.660
[2016.02.13-17.32.24:415][  0]LogCollectionManager: Loaded 0 collections in 0.002449 seconds
[2016.02.13-17.32.24:456][  0]LogFileCache: Scanning file cache for directory 'C:/Users/Johan/Documents/GitHub/Runner/Saved/Collections/' took 0.01s
[2016.02.13-17.32.24:456][  0]LogFileCache: Scanning file cache for directory 'C:/Users/Johan/Documents/GitHub/Runner/Content/Developers/Johan/Collections/' took 0.01s
[2016.02.13-17.32.24:456][  0]LogFileCache: Scanning file cache for directory 'C:/Users/Johan/Documents/GitHub/Runner/Content/Collections/' took 0.01s
[2016.02.13-17.32.24:456][  0]LogCollectionManager: Rebuilt the GUID cache for 0 collections in 0.000002 seconds
[2016.02.13-17.32.24:466][  0]LogContentBrowser: Native class hierarchy populated in 0.0101 seconds. Added 1893 classes and 338 folders.
[2016.02.13-17.32.24:474][  0]LogContentBrowser: Native class hierarchy updated for 'WidgetCarousel' in 0.0005 seconds. Added 0 classes and 0 folders.
[2016.02.13-17.32.24:519][  0]LogContentBrowser: Native class hierarchy updated for 'AddContentDialog' in 0.0004 seconds. Added 0 classes and 0 folders.
[2016.02.13-17.32.24:523][  0]LogContentBrowser: Native class hierarchy updated for 'SceneOutliner' in 0.0003 seconds. Added 1 classes and 2 folders.
[2016.02.13-17.32.24:543][  0]LogCrashTracker: Crashtracker disabled due to settings.
[2016.02.13-17.32.24:548][  0]LogUObjectGlobals:Warning: Failed to find object 'Class None.'
[2016.02.13-17.32.24:571][  0]LogLoad: Full Startup: 5.21 seconds (BP compile: 0.14 seconds)
[2016.02.13-17.32.24:584][  0]LogOcInput: Can't find Oculus library dev build: is proper Runtime installed? Version: 0.8.0.0
[2016.02.13-17.32.24:650][  0]LogContentStreaming: Texture pool size now 1000 MB
[2016.02.13-17.32.24:754][  1]LogFileCache: Retrieving MD5 hashes for directory 'C:/Users/Johan/Documents/GitHub/Runner/Content/' took 0.16s
[2016.02.13-17.32.24:801][  2]LogRenderer: Reallocating scene render targets to support 960x520 (Frame:2).
[2016.02.13-17.32.25:047][  5]LogAssetRegistry: Asset discovery search completed in 2.4494 seconds
[2016.02.13-17.32.25:047][  5]LogCollectionManager: Rebuilt the object cache for 0 collections in 0.000001 seconds (found 0 objects)
[2016.02.13-17.32.25:047][  5]LogCollectionManager: Fixed up redirectors for 0 collections in 0.000019 seconds (updated 0 objects)
[2016.02.13-17.32.27:609][238]AssetReimport: New page: Outstanding source content changes 7:32:27 PM
[2016.02.13-17.32.27:639][239]LogFactory: FactoryCreateBinary: SoundWave with ReimportSoundFactory (0 0 C:/Users/Johan/Documents/GitHub/Runner/Content/RunnerAssets/RUNNER test -  - Output - Stereo Out - moscau.wav)
[2016.02.13-17.32.28:659][240]LogSavePackage: Save=7.595109ms
[2016.02.13-17.32.28:659][240]LogSavePackage: Moving '../../../../../../Users/Johan/Documents/GitHub/Runner/Saved/RUNNER_test_-__-_Output_-_Stereo_Out_-_moscau0260BE6245C48171BD1E0885902B0215.tmp' to '../../../../../../Users/Johan/Documents/GitHub/Runner/Content/RunnerAssets/RUNNER_test_-__-_Output_-_Stereo_Out_-_moscau.uasset'
[2016.02.13-17.32.28:661][240]LogSavePackage: Total save time: 13.344344ms
[2016.02.13-17.32.28:661][240]LogSavePackage:Display: Finished SavePackage ../../../../../../Users/Johan/Documents/GitHub/Runner/Content/RunnerAssets/RUNNER_test_-__-_Output_-_Stereo_Out_-_moscau.uasset
[2016.02.13-17.32.31:680][348]AssetReimport: Info Importing new asset /Game/RunnerAssets/RUNNER_test_-__-_Output_-_Stereo_Out_-_moscau.
[2016.02.13-17.33.50:163][345]LogSavePackage: Save=3.690545ms
[2016.02.13-17.33.50:163][345]LogSavePackage: Moving '../../../../../../Users/Johan/Documents/GitHub/Runner/Saved/BITbOY_-_Moskau__8-Bit_Cover__CueBED947814E4265FCD013958510EE443B.tmp' to '../../../../../../Users/Johan/Documents/GitHub/Runner/Content/RunnerAssets/BITbOY_-_Moskau__8-Bit_Cover__Cue.uasset'
[2016.02.13-17.33.50:166][345]LogSavePackage: Total save time: 13.304498ms
[2016.02.13-17.33.50:166][345]LogSavePackage:Display: Finished SavePackage ../../../../../../Users/Johan/Documents/GitHub/Runner/Content/RunnerAssets/BITbOY_-_Moskau__8-Bit_Cover__Cue.uasset
[2016.02.13-17.33.55:746][813]LogBlueprintUserMessages: Early PlayInEditor Detection: Level '/Game/RunnerAssets/RunnerMap.RunnerMap:PersistentLevel' has LevelScriptBlueprint '/Game/RunnerAssets/RunnerMap.RunnerMap:PersistentLevel.RunnerMap' with GeneratedClass '/Game/RunnerAssets/RunnerMap.RunnerMap_C' with ClassGeneratedBy '/Game/RunnerAssets/RunnerMap.RunnerMap:PersistentLevel.RunnerMap'
[2016.02.13-17.33.55:746][813]LogPlayLevel: PlayLevel: No blueprints needed recompiling
[2016.02.13-17.33.55:746][813]PIE: New page: PIE session: RunnerMap (Feb 13, 2016, 7:33:55 PM)
[2016.02.13-17.33.55:746][813]LogPlayLevel: Creating play world package: /Game/RunnerAssets/UEDPIE_0_RunnerMap
[2016.02.13-17.33.55:774][813]LogPlayLevel: PIE: StaticDuplicateObject took: (0.027756s)
[2016.02.13-17.33.55:775][813]LogAIModule: Creating AISystem for world RunnerMap
[2016.02.13-17.33.55:775][813]LogPlayLevel: PIE: World Init took: (0.001088s)
[2016.02.13-17.33.55:775][813]LogPlayLevel: PIE: Created PIE world by copying editor world from /Game/RunnerAssets/RunnerMap.RunnerMap to /Game/RunnerAssets/UEDPIE_0_RunnerMap.RunnerMap (0.029106s)
[2016.02.13-17.33.55:775][813]LogActorComponent: UnregisterComponent: (/Engine/Transient.CharMoveComp) Not registered. Aborting.
[2016.02.13-17.33.55:802][813]LogInit: XAudio2 using 'Speakers (USB Sound Device        )' : 2 channels at 44.1 kHz using 16 bits per sample (channel mask 0x3)
[2016.02.13-17.33.55:808][813]LogInit: FAudioDevice initialized.
[2016.02.13-17.33.55:857][813]LogLinker:Warning: Can't find file '/Game/SideScrollerBP/Blueprints/SideScrollerGameMode'
[2016.02.13-17.33.55:857][813]LogLinker:Warning: Can't find file '/Game/SideScrollerBP/Blueprints/SideScrollerGameMode'
[2016.02.13-17.33.55:858][813]LogUObjectGlobals:Warning: Failed to find object 'Class /Game/SideScrollerBP/Blueprints/SideScrollerGameMode.SideScrollerGameMode_C'
[2016.02.13-17.33.55:858][813]LogWorld: Game class is 'GameMode'
[2016.02.13-17.33.55:862][813]LogWorld: Bringing World /Game/RunnerAssets/UEDPIE_0_RunnerMap.RunnerMap up for play (max tick rate 0) at 2016.02.13-18.33.55
[2016.02.13-17.33.55:862][813]LogActor:Warning: GameSession /Game/RunnerAssets/UEDPIE_0_RunnerMap.RunnerMap:PersistentLevel.GameSession_0 has natively added scene component(s), but none of them were set as the actor's RootComponent - picking one arbitrarily
[2016.02.13-17.33.55:862][813]LogActor:Warning: GameNetworkManager /Game/RunnerAssets/UEDPIE_0_RunnerMap.RunnerMap:PersistentLevel.GameNetworkManager_0 has natively added scene component(s), but none of them were set as the actor's RootComponent - picking one arbitrarily
[2016.02.13-17.33.55:862][813]LogWorld: Bringing up level for play took: 0.003297
[2016.02.13-17.33.55:863][813]LogGameMode: Warning - PATHS NOT DEFINED or NO PLAYERSTART with positive rating
[2016.02.13-17.33.55:863][813]PIE: Info Play in editor start time for /Game/RunnerAssets/UEDPIE_0_RunnerMap -0.296
[2016.02.13-17.33.55:864][813]LogBlueprintUserMessages: Late PlayInEditor Detection: Level '/Game/RunnerAssets/RunnerMap.RunnerMap:PersistentLevel' has LevelScriptBlueprint '/Game/RunnerAssets/RunnerMap.RunnerMap:PersistentLevel.RunnerMap' with GeneratedClass '/Game/RunnerAssets/RunnerMap.RunnerMap_C' with ClassGeneratedBy '/Game/RunnerAssets/RunnerMap.RunnerMap:PersistentLevel.RunnerMap'
[2016.02.13-17.34.06:126][838]LogBlueprintUserMessages: Early EndPlayMap Detection: Level '/Game/RunnerAssets/RunnerMap.RunnerMap:PersistentLevel' has LevelScriptBlueprint '/Game/RunnerAssets/RunnerMap.RunnerMap:PersistentLevel.RunnerMap' with GeneratedClass '/Game/RunnerAssets/RunnerMap.RunnerMap_C' with ClassGeneratedBy '/Game/RunnerAssets/RunnerMap.RunnerMap:PersistentLevel.RunnerMap'
[2016.02.13-17.34.06:157][838]LogBlueprintUserMessages: Late EndPlayMap Detection: Level '/Game/RunnerAssets/RunnerMap.RunnerMap:PersistentLevel' has LevelScriptBlueprint '/Game/RunnerAssets/RunnerMap.RunnerMap:PersistentLevel.RunnerMap' with GeneratedClass '/Game/RunnerAssets/RunnerMap.RunnerMap_C' with ClassGeneratedBy '/Game/RunnerAssets/RunnerMap.RunnerMap:PersistentLevel.RunnerMap'
[2016.02.13-17.34.06:170][838]LogParticles: Destroying 0 GPU particle simulations for FXSystem 0x000001A4AE7B5E40
[2016.02.13-17.45.40:212][272]LogLinker:Warning: Can't find file '/Game/SideScrollerBP/Blueprints/SideScrollerGameMode'
[2016.02.13-17.45.40:213][272]LogLinker:Warning: Can't find file '/Game/SideScrollerBP/Blueprints/SideScrollerGameMode'
[2016.02.13-17.45.40:213][272]LogUObjectGlobals:Warning: Failed to find object 'Object /Game/SideScrollerBP/Blueprints/SideScrollerGameMode.SideScrollerGameMode_C'
[2016.02.13-17.45.40:213][272]LogLinker:Warning: Can't find file '/Game/SideScrollerBP/Blueprints/SideScrollerGameMode'
[2016.02.13-17.45.40:213][272]LogUObjectGlobals:Warning: Failed to find object 'Object /Game/SideScrollerBP/Blueprints/SideScrollerGameMode.SideScrollerGameMode_C'
[2016.02.13-17.45.41:511][403]LogLinker:Warning: Asset '../../../Engine/Content/ArtTools/RenderToTexture/Macros/RenderToTextureMacros.uasset' has been saved with empty engine version. The asset will be loaded but may be incompatible.
[2016.02.13-17.45.42:041][403]LogContentBrowser: Native class hierarchy updated for 'BlueprintGraph' in 0.0008 seconds. Added 107 classes and 0 folders.
[2016.02.13-17.48.16:940][ 95]LogEditorTransaction: Undo Move Node
[2016.02.13-17.48.17:692][146]LogEditorTransaction: Undo Delete current selection
[2016.02.13-17.48.18:305][187]LogEditorTransaction: Undo Move Node
[2016.02.13-17.49.08:666][842]LogActorComponent: UnregisterComponent: (/Engine/Transient.CharMoveComp) Not registered. Aborting.
[2016.02.13-17.49.08:689][842]LogParticles: Destroying 0 GPU particle simulations for FXSystem 0x000001A493726200
[2016.02.13-17.49.08:821][842]LogSavePackage: Save=109.315712ms
[2016.02.13-17.49.08:821][842]LogSavePackage: Moving '../../../../../../Users/Johan/Documents/GitHub/Runner/Saved/RunnerMap_Auto1F3085BCB46D10F49A8E9FC8051471333.tmp' to '../../../../../../Users/Johan/Documents/GitHub/Runner/Saved/Autosaves/Game/RunnerAssets/RunnerMap_Auto1.umap'
[2016.02.13-17.49.08:823][842]LogSavePackage: Total save time: 123.219702ms
[2016.02.13-17.49.08:823][842]LogSavePackage:Display: Finished SavePackage ../../../../../../Users/Johan/Documents/GitHub/Runner/Saved/Autosaves/Game/RunnerAssets/RunnerMap_Auto1.umap
[2016.02.13-17.49.08:825][842]LogFileHelpers: Editor autosave (incl. sublevels) for '/Game/RunnerAssets/RunnerMap' took 0.159
[2016.02.13-17.49.08:825][842]LogFileHelpers: Editor autosave (incl. sublevels) for all levels took 0.159
[2016.02.13-18.06.14:547][609]LogEditorTransaction: Undo Delete Selected Sound Cue Node
[2016.02.13-18.07.37:070][210]LogBlueprintUserMessages: Early PlayInEditor Detection: Level '/Game/RunnerAssets/RunnerMap.RunnerMap:PersistentLevel' has LevelScriptBlueprint '/Game/RunnerAssets/RunnerMap.RunnerMap:PersistentLevel.RunnerMap' with GeneratedClass '/Game/RunnerAssets/RunnerMap.RunnerMap_C' with ClassGeneratedBy '/Game/RunnerAssets/RunnerMap.RunnerMap:PersistentLevel.RunnerMap'
[2016.02.13-18.07.37:070][210]LogPlayLevel: PlayLevel: No blueprints needed recompiling
[2016.02.13-18.07.37:071][210]PIE: New page: PIE session: RunnerMap (Feb 13, 2016, 8:07:37 PM)
[2016.02.13-18.07.37:071][210]LogPlayLevel: Creating play world package: /Game/RunnerAssets/UEDPIE_0_RunnerMap
[2016.02.13-18.07.37:096][210]LogPlayLevel: PIE: StaticDuplicateObject took: (0.024823s)
[2016.02.13-18.07.37:097][210]LogAIModule: Creating AISystem for world RunnerMap
[2016.02.13-18.07.37:097][210]LogPlayLevel: PIE: World Init took: (0.001568s)
[2016.02.13-18.07.37:097][210]LogPlayLevel: PIE: Created PIE world by copying editor world from /Game/RunnerAssets/RunnerMap.RunnerMap to /Game/RunnerAssets/UEDPIE_0_RunnerMap.RunnerMap (0.026714s)
[2016.02.13-18.07.37:097][210]LogActorComponent: UnregisterComponent: (/Engine/Transient.CharMoveComp) Not registered. Aborting.
[2016.02.13-18.07.37:129][210]LogInit: XAudio2 using 'Speakers (USB Sound Device        )' : 2 channels at 44.1 kHz using 16 bits per sample (channel mask 0x3)
[2016.02.13-18.07.37:135][210]LogInit: FAudioDevice initialized.
[2016.02.13-18.07.37:167][210]LogLinker:Warning: Can't find file '/Game/SideScrollerBP/Blueprints/SideScrollerGameMode'
[2016.02.13-18.07.37:167][210]LogLinker:Warning: Can't find file '/Game/SideScrollerBP/Blueprints/SideScrollerGameMode'
[2016.02.13-18.07.37:167][210]LogUObjectGlobals:Warning: Failed to find object 'Class /Game/SideScrollerBP/Blueprints/SideScrollerGameMode.SideScrollerGameMode_C'
[2016.02.13-18.07.37:167][210]LogWorld: Game class is 'GameMode'
[2016.02.13-18.07.37:170][210]LogWorld: Bringing World /Game/RunnerAssets/UEDPIE_0_RunnerMap.RunnerMap up for play (max tick rate 0) at 2016.02.13-19.07.37
[2016.02.13-18.07.37:170][210]LogActor:Warning: GameSession /Game/RunnerAssets/UEDPIE_0_RunnerMap.RunnerMap:PersistentLevel.GameSession_1 has natively added scene component(s), but none of them were set as the actor's RootComponent - picking one arbitrarily
[2016.02.13-18.07.37:170][210]LogActor:Warning: GameNetworkManager /Game/RunnerAssets/UEDPIE_0_RunnerMap.RunnerMap:PersistentLevel.GameNetworkManager_1 has natively added scene component(s), but none of them were set as the actor's RootComponent - picking one arbitrarily
[2016.02.13-18.07.37:171][210]LogWorld: Bringing up level for play took: 0.003261
[2016.02.13-18.07.37:172][210]LogGameMode: Warning - PATHS NOT DEFINED or NO PLAYERSTART with positive rating
[2016.02.13-18.07.37:172][210]PIE: Info Play in editor start time for /Game/RunnerAssets/UEDPIE_0_RunnerMap 1.012
[2016.02.13-18.07.37:172][210]LogBlueprintUserMessages: Late PlayInEditor Detection: Level '/Game/RunnerAssets/RunnerMap.RunnerMap:PersistentLevel' has LevelScriptBlueprint '/Game/RunnerAssets/RunnerMap.RunnerMap:PersistentLevel.RunnerMap' with GeneratedClass '/Game/RunnerAssets/RunnerMap.RunnerMap_C' with ClassGeneratedBy '/Game/RunnerAssets/RunnerMap.RunnerMap:PersistentLevel.RunnerMap'
[2016.02.13-18.09.43:788][503]LogBlueprintUserMessages: Early EndPlayMap Detection: Level '/Game/RunnerAssets/RunnerMap.RunnerMap:PersistentLevel' has LevelScriptBlueprint '/Game/RunnerAssets/RunnerMap.RunnerMap:PersistentLevel.RunnerMap' with GeneratedClass '/Game/RunnerAssets/RunnerMap.RunnerMap_C' with ClassGeneratedBy '/Game/RunnerAssets/RunnerMap.RunnerMap:PersistentLevel.RunnerMap'
[2016.02.13-18.09.43:824][503]LogBlueprintUserMessages: Late EndPlayMap Detection: Level '/Game/RunnerAssets/RunnerMap.RunnerMap:PersistentLevel' has LevelScriptBlueprint '/Game/RunnerAssets/RunnerMap.RunnerMap:PersistentLevel.RunnerMap' with GeneratedClass '/Game/RunnerAssets/RunnerMap.RunnerMap_C' with ClassGeneratedBy '/Game/RunnerAssets/RunnerMap.RunnerMap:PersistentLevel.RunnerMap'
[2016.02.13-18.09.43:846][503]LogParticles: Destroying 0 GPU particle simulations for FXSystem 0x000001A493AA7A60
[2016.02.13-18.10.13:185][913]LogActorComponent: UnregisterComponent: (/Engine/Transient.CharMoveComp) Not registered. Aborting.
[2016.02.13-18.10.13:298][913]Cmd: OBJ SAVEPACKAGE PACKAGE="/Game/RunnerAssets/RunnerMap" FILE="../../../../../../Users/Johan/Documents/GitHub/Runner/Content/RunnerAssets/RunnerMap.umap" SILENT=true AUTOSAVING=false KEEPDIRTY=false
[2016.02.13-18.10.13:444][913]LogSavePackage: Save=110.144623ms
[2016.02.13-18.10.13:444][913]LogSavePackage: Moving '../../../../../../Users/Johan/Documents/GitHub/Runner/Saved/RunnerMapAA1F28444343B530BE4CD7A1EFCDE5FA.tmp' to '../../../../../../Users/Johan/Documents/GitHub/Runner/Content/RunnerAssets/RunnerMap.umap'
[2016.02.13-18.10.13:447][913]LogSavePackage: Total save time: 125.347517ms
[2016.02.13-18.10.13:447][913]LogSavePackage:Display: Finished SavePackage ../../../../../../Users/Johan/Documents/GitHub/Runner/Content/RunnerAssets/RunnerMap.umap
[2016.02.13-18.10.13:484][913]LogFileHelpers: Saving map 'RunnerMap' took 0.251
[2016.02.13-18.10.13:501][913]LogSavePackage: Save=3.534483ms
[2016.02.13-18.10.13:501][913]LogSavePackage: Moving '../../../../../../Users/Johan/Documents/GitHub/Runner/Saved/BITbOY_-_Moskau__8-Bit_Cover__CueA6E4F86C4EA3FB01F77EFB8E4CDB2586.tmp' to '../../../../../../Users/Johan/Documents/GitHub/Runner/Content/RunnerAssets/BITbOY_-_Moskau__8-Bit_Cover__Cue.uasset'
[2016.02.13-18.10.13:503][913]LogSavePackage: Total save time: 12.426384ms
[2016.02.13-18.10.13:503][913]LogSavePackage:Display: Finished SavePackage ../../../../../../Users/Johan/Documents/GitHub/Runner/Content/RunnerAssets/BITbOY_-_Moskau__8-Bit_Cover__Cue.uasset
[2016.02.13-18.10.15:112][ 32]Cmd: QUIT_EDITOR
[2016.02.13-18.10.15:331][ 32]LogWindowsTextInputMethodSystem:Display: IME system now deactivated.
[2016.02.13-18.10.15:331][ 32]LogWindowsTextInputMethodSystem:Display: IME system now deactivated.
[2016.02.13-18.10.15:386][ 32]LogExit: Preparing to exit.
[2016.02.13-18.15.17:750][ 32]LogExit: Editor shut down
[2016.02.13-18.15.17:751][ 32]LogExit: Transaction tracking system shut down
[2016.02.13-18.15.17:754][ 32]LogParticles: Destroying 0 GPU particle simulations for FXSystem 0x000001A4A499E660
[2016.02.13-18.15.17:754][ 32]LogParticles: Destroying 0 GPU particle simulations for FXSystem 0x000001A4AE613880
[2016.02.13-18.15.17:755][ 32]LogParticles: Destroying 0 GPU particle simulations for FXSystem 0x000001A4AE7B5440
[2016.02.13-18.15.17:755][ 32]LogParticles: Destroying 0 GPU particle simulations for FXSystem 0x000001A4AE7B5580
[2016.02.13-18.15.17:756][ 32]LogParticles: Destroying 0 GPU particle simulations for FXSystem 0x000001A4AAA91760
[2016.02.13-18.15.17:976][ 32]LogExit: Object subsystem successfully closed.
[2016.02.13-18.15.17:982][ 32]LogD3D11RHI: Shutdown
[2016.02.13-18.15.17:982][ 32]LogD3D11RHI: CleanupD3DDevice
[2016.02.13-18.15.18:064][ 32]LogD3D11RHI: ~FD3D11DynamicRHI
[2016.02.13-18.15.18:079][ 32]LogModuleManager: Shutting down and abandoning module BlueprintGraph (201)
[2016.02.13-18.15.18:079][ 32]LogModuleManager: Shutting down and abandoning module SoundCueEditor (200)
[2016.02.13-18.15.18:079][ 32]LogModuleManager: Shutting down and abandoning module CookingStats (199)
[2016.02.13-18.15.18:079][ 32]LogModuleManager: Shutting down and abandoning module CrashTracker (198)
[2016.02.13-18.15.18:079][ 32]LogModuleManager: Shutting down and abandoning module SceneOutliner (197)
[2016.02.13-18.15.18:079][ 32]LogModuleManager: Shutting down and abandoning module SuperSearch (196)
[2016.02.13-18.15.18:079][ 32]LogModuleManager: Shutting down and abandoning module WidgetCarousel (195)
[2016.02.13-18.15.18:079][ 32]LogModuleManager: Shutting down and abandoning module AddContentDialog (194)
[2016.02.13-18.15.18:082][ 32]LogModuleManager: Shutting down and abandoning module EditorWidgets (193)
[2016.02.13-18.15.18:082][ 32]LogModuleManager: Shutting down and abandoning module CollectionManager (192)
[2016.02.13-18.15.18:082][ 32]LogModuleManager: Shutting down and abandoning module StatsViewer (191)
[2016.02.13-18.15.18:082][ 32]LogModuleManager: Shutting down and abandoning module FoliageEdit (190)
[2016.02.13-18.15.18:082][ 32]LogModuleManager: Shutting down and abandoning module LandscapeEditor (189)
[2016.02.13-18.15.18:083][ 32]LogModuleManager: Shutting down and abandoning module ActorPickerMode (188)
[2016.02.13-18.15.18:083][ 32]LogModuleManager: Shutting down and abandoning module GeometryMode (187)
[2016.02.13-18.15.18:083][ 32]LogModuleManager: Shutting down and abandoning module TextureAlignMode (186)
[2016.02.13-18.15.18:083][ 32]LogModuleManager: Shutting down and abandoning module BspMode (185)
[2016.02.13-18.15.18:083][ 32]LogModuleManager: Shutting down and abandoning module PlacementMode (184)
[2016.02.13-18.15.18:083][ 32]LogModuleManager: Shutting down and abandoning module AutomationWorker (183)
[2016.02.13-18.15.18:083][ 32]LogModuleManager: Shutting down and abandoning module CharacterAI (182)
[2016.02.13-18.15.18:083][ 32]LogModuleManager: Shutting down and abandoning module SmartSnapping (181)
[2016.02.13-18.15.18:083][ 32]LogModuleManager: Shutting down and abandoning module ViewportSnapping (180)
[2016.02.13-18.15.18:083][ 32]LogModuleManager: Shutting down and abandoning module LogVisualizer (179)
[2016.02.13-18.15.18:083][ 32]LogModuleManager: Shutting down and abandoning module GameProjectGeneration (178)
[2016.02.13-18.15.18:083][ 32]LogModuleManager: Shutting down and abandoning module IntroTutorials (177)
[2016.02.13-18.15.18:083][ 32]LogModuleManager: Shutting down and abandoning module EditorLiveStreaming (176)
[2016.02.13-18.15.18:083][ 32]LogModuleManager: Shutting down and abandoning module IOSPlatformEditor (175)
[2016.02.13-18.15.18:083][ 32]LogModuleManager: Shutting down and abandoning module HTML5PlatformEditor (174)
[2016.02.13-18.15.18:083][ 32]LogModuleManager: Shutting down and abandoning module AndroidDeviceDetection (173)
[2016.02.13-18.15.18:591][ 32]LogModuleManager: Shutting down and abandoning module AndroidPlatformEditor (172)
[2016.02.13-18.15.18:591][ 32]LogModuleManager: Shutting down and abandoning module IOSRuntimeSettings (171)
[2016.02.13-18.15.18:591][ 32]LogModuleManager: Shutting down and abandoning module AndroidRuntimeSettings (170)
[2016.02.13-18.15.18:591][ 32]LogModuleManager: Shutting down and abandoning module MergeActors (169)
[2016.02.13-18.15.18:591][ 32]LogModuleManager: Shutting down and abandoning module SizeMap (168)
[2016.02.13-18.15.18:591][ 32]LogModuleManager: Shutting down and abandoning module TreeMap (167)
[2016.02.13-18.15.18:591][ 32]LogModuleManager: Shutting down and abandoning module ReferenceViewer (166)
[2016.02.13-18.15.18:591][ 32]LogModuleManager: Shutting down and abandoning module LocalizationService (165)
[2016.02.13-18.15.18:591][ 32]LogModuleManager: Shutting down and abandoning module LocalizationDashboard (164)
[2016.02.13-18.15.18:591][ 32]LogModuleManager: Shutting down and abandoning module HardwareTargeting (163)
[2016.02.13-18.15.18:591][ 32]LogModuleManager: Shutting down and abandoning module DeviceProfileEditor (162)
[2016.02.13-18.15.18:591][ 32]LogModuleManager: Shutting down and abandoning module UndoHistory (161)
[2016.02.13-18.15.18:591][ 32]LogModuleManager: Shutting down and abandoning module GameplayTagsEditor (160)
[2016.02.13-18.15.18:591][ 32]LogModuleManager: Shutting down and abandoning module UserFeedback (159)
[2016.02.13-18.15.18:591][ 32]LogModuleManager: Shutting down and abandoning module XmlParser (158)
[2016.02.13-18.15.18:591][ 32]LogModuleManager: Shutting down and abandoning module Blutility (157)
[2016.02.13-18.15.18:591][ 32]LogModuleManager: Shutting down and abandoning module ProjectTargetPlatformEditor (156)
[2016.02.13-18.15.18:591][ 32]LogModuleManager: Shutting down and abandoning module ProjectSettingsViewer (155)
[2016.02.13-18.15.18:591][ 32]LogModuleManager: Shutting down and abandoning module InputBindingEditor (154)
[2016.02.13-18.15.18:592][ 32]LogModuleManager: Shutting down and abandoning module EditorSettingsViewer (153)
[2016.02.13-18.15.18:592][ 32]LogModuleManager: Shutting down and abandoning module SettingsEditor (152)
[2016.02.13-18.15.18:592][ 32]LogModuleManager: Shutting down and abandoning module ProjectLauncher (151)
[2016.02.13-18.15.18:592][ 32]LogModuleManager: Shutting down and abandoning module SessionFrontend (150)
[2016.02.13-18.15.18:592][ 32]LogModuleManager: Shutting down and abandoning module ProfilerClient (149)
[2016.02.13-18.15.18:592][ 32]LogModuleManager: Shutting down and abandoning module TargetDeviceServices (148)
[2016.02.13-18.15.18:592][ 32]LogModuleManager: Shutting down and abandoning module DeviceManager (147)
[2016.02.13-18.15.18:592][ 32]LogModuleManager: Shutting down and abandoning module AutomationController (146)
[2016.02.13-18.15.18:592][ 32]LogModuleManager: Shutting down and abandoning module AutomationWindow (145)
[2016.02.13-18.15.18:592][ 32]LogModuleManager: Shutting down and abandoning module Layers (144)
[2016.02.13-18.15.18:592][ 32]LogModuleManager: Shutting down and abandoning module ComponentVisualizers (143)
[2016.02.13-18.15.18:592][ 32]LogModuleManager: Shutting down and abandoning module DetailCustomizations (142)
[2016.02.13-18.15.18:592][ 32]LogModuleManager: Shutting down and abandoning module PackagesDialog (141)
[2016.02.13-18.15.18:592][ 32]LogModuleManager: Shutting down and abandoning module Persona (140)
[2016.02.13-18.15.18:592][ 32]LogModuleManager: Shutting down and abandoning module Kismet (139)
[2016.02.13-18.15.18:592][ 32]LogModuleManager: Shutting down and abandoning module GraphEditor (138)
[2016.02.13-18.15.18:592][ 32]LogModuleManager: Shutting down and abandoning module ClassViewer (137)
[2016.02.13-18.15.18:592][ 32]LogModuleManager: Shutting down and abandoning module Toolbox (136)
[2016.02.13-18.15.18:592][ 32]LogModuleManager: Shutting down and abandoning module ModuleUI (135)
[2016.02.13-18.15.18:592][ 32]LogModuleManager: Shutting down and abandoning module MovieSceneTools (134)
[2016.02.13-18.15.18:592][ 32]LogModuleManager: Shutting down and abandoning module OutputLog (133)
[2016.02.13-18.15.18:592][ 32]LogModuleManager: Shutting down and abandoning module GammaUI (132)
[2016.02.13-18.15.18:592][ 32]LogModuleManager: Shutting down and abandoning module Documentation (131)
[2016.02.13-18.15.18:592][ 32]LogModuleManager: Shutting down and abandoning module GameLiveStreaming (130)
[2016.02.13-18.15.18:592][ 32]LogModuleManager: Shutting down and abandoning module StreamingPauseRendering (129)
[2016.02.13-18.15.18:592][ 32]LogModuleManager: Shutting down and abandoning module AnalyticsET (128)
[2016.02.13-18.15.18:592][ 32]LogModuleManager: Shutting down and abandoning module Analytics (127)
[2016.02.13-18.15.18:592][ 32]LogModuleManager: Shutting down and abandoning module AITestSuite (126)
[2016.02.13-18.15.18:592][ 32]LogModuleManager: Shutting down and abandoning module GameplayDebugger (125)
[2016.02.13-18.15.18:592][ 32]LogModuleManager: Shutting down and abandoning module AIModule (124)
[2016.02.13-18.15.18:592][ 32]LogModuleManager: Shutting down and abandoning module ProfilerService (123)
[2016.02.13-18.15.18:842][ 32]LogModuleManager: Shutting down and abandoning module TaskGraph (122)
[2016.02.13-18.15.18:842][ 32]LogModuleManager: Shutting down and abandoning module SlateRemote (121)
[2016.02.13-18.15.18:842][ 32]LogModuleManager: Shutting down and abandoning module SteamVRController (120)
[2016.02.13-18.15.18:842][ 32]LogModuleManager: Shutting down and abandoning module SteamVR (119)
[2016.02.13-18.15.18:842][ 32]LogModuleManager: Shutting down and abandoning module ProceduralMeshComponent (118)
[2016.02.13-18.15.18:842][ 32]LogModuleManager: Shutting down and abandoning module OculusLibrary (117)
[2016.02.13-18.15.18:842][ 32]LogModuleManager: Shutting down and abandoning module OculusInput (116)
[2016.02.13-18.15.18:842][ 32]LogModuleManager: Shutting down and abandoning module LeapMotionController (115)
[2016.02.13-18.15.18:854][ 32]LogModuleManager: Shutting down and abandoning module CustomMeshComponent (114)
[2016.02.13-18.15.18:854][ 32]LogModuleManager: Shutting down and abandoning module CableComponent (113)
[2016.02.13-18.15.18:854][ 32]LogModuleManager: Shutting down and abandoning module ArchVisCharacter (112)
[2016.02.13-18.15.18:854][ 32]LogModuleManager: Shutting down and abandoning module MessagingDebugger (111)
[2016.02.13-18.15.18:854][ 32]LogModuleManager: Shutting down and abandoning module MediaPlayerEditor (110)
[2016.02.13-18.15.18:854][ 32]LogModuleManager: Shutting down and abandoning module HTML5Networking (109)
[2016.02.13-18.15.18:854][ 32]LogModuleManager: Shutting down and abandoning module SpeedTreeImporter (108)
[2016.02.13-18.15.18:854][ 32]LogModuleManager: Shutting down and abandoning module PluginBrowser (107)
[2016.02.13-18.15.18:854][ 32]LogModuleManager: Shutting down and abandoning module EpicSurvey (106)
[2016.02.13-18.15.18:854][ 32]LogModuleManager: Shutting down and abandoning module DesktopPlatform (105)
[2016.02.13-18.15.18:854][ 32]LogModuleManager: Shutting down and abandoning module VisualStudioSourceCodeAccess (104)
[2016.02.13-18.15.18:854][ 32]LogModuleManager: Shutting down and abandoning module UObjectPlugin (103)
[2016.02.13-18.15.18:854][ 32]LogModuleManager: Shutting down and abandoning module SubversionSourceControl (102)
[2016.02.13-18.15.18:854][ 32]LogModuleManager: Shutting down and abandoning module PerforceSourceControl (101)
[2016.02.13-18.15.18:854][ 32]LogModuleManager: Shutting down and abandoning module SourceControl (100)
[2016.02.13-18.15.18:854][ 32]LogModuleManager: Shutting down and abandoning module GitSourceControl (99)
[2016.02.13-18.15.18:854][ 32]LogModuleManager: Shutting down and abandoning module LightPropagationVolumeEditor (98)
[2016.02.13-18.15.18:854][ 32]LogModuleManager: Shutting down and abandoning module PaperTiledImporter (97)
[2016.02.13-18.15.18:854][ 32]LogModuleManager: Shutting down and abandoning module PaperSpriteSheetImporter (96)
[2016.02.13-18.15.18:854][ 32]LogModuleManager: Shutting down and abandoning module MeshPaint (95)
[2016.02.13-18.15.18:854][ 32]LogModuleManager: Shutting down and abandoning module SlateReflector (94)
[2016.02.13-18.15.18:854][ 32]LogModuleManager: Shutting down and abandoning module HotReload (93)
[2016.02.13-18.15.18:854][ 32]LogModuleManager: Shutting down and abandoning module MainFrame (92)
[2016.02.13-18.15.18:854][ 32]LogModuleManager: Shutting down and abandoning module LevelEditor (91)
[2016.02.13-18.15.18:856][ 32]LogModuleManager: Shutting down and abandoning module DirectoryWatcher (90)
[2016.02.13-18.15.18:857][ 32]LogModuleManager: Shutting down and abandoning module AssetRegistry (89)
[2016.02.13-18.15.18:937][ 32]LogModuleManager: Shutting down and abandoning module ContentBrowser (88)
[2016.02.13-18.15.18:938][ 32]LogModuleManager: Shutting down and abandoning module Paper2DEditor (87)
[2016.02.13-18.15.18:938][ 32]LogModuleManager: Shutting down and abandoning module UdpMessaging (86)
[2016.02.13-18.15.19:039][ 32]LogModuleManager: Shutting down and abandoning module LightPropagationVolumeRuntime (85)
[2016.02.13-18.15.19:039][ 32]LogModuleManager: Shutting down and abandoning module Paper2D (84)
[2016.02.13-18.15.19:039][ 32]LogModuleManager: Shutting down and abandoning module WindowsMoviePlayer (83)
[2016.02.13-18.15.19:043][ 32]LogModuleManager: Shutting down and abandoning module Media (82)
[2016.02.13-18.15.19:043][ 32]LogModuleManager: Shutting down and abandoning module WmfMedia (81)
[2016.02.13-18.15.19:043][ 32]LogModuleManager: Shutting down and abandoning module OnlineBlueprintSupport (80)
[2016.02.13-18.15.19:043][ 32]LogModuleManager: Shutting down and abandoning module GameplayTasksEditor (79)
[2016.02.13-18.15.19:043][ 32]LogModuleManager: Shutting down and abandoning module PropertyEditor (78)
[2016.02.13-18.15.19:043][ 32]LogModuleManager: Shutting down and abandoning module BehaviorTreeEditor (77)
[2016.02.13-18.15.19:044][ 32]LogModuleManager: Shutting down and abandoning module FunctionalTesting (76)
[2016.02.13-18.15.19:044][ 32]LogModuleManager: Shutting down and abandoning module CollisionAnalyzer (75)
[2016.02.13-18.15.19:044][ 32]LogModuleManager: Shutting down and abandoning module WorkspaceMenuStructure (74)
[2016.02.13-18.15.19:044][ 32]LogModuleManager: Shutting down and abandoning module MessageLog (73)
[2016.02.13-18.15.19:044][ 32]LogModuleManager: Shutting down and abandoning module Sequencer (72)
[2016.02.13-18.15.19:044][ 32]LogModuleManager: Shutting down and abandoning module AssetTools (71)
[2016.02.13-18.15.19:044][ 32]LogModuleManager: Shutting down and abandoning module UMGEditor (70)
[2016.02.13-18.15.19:044][ 32]LogModuleManager: Shutting down and abandoning module UMG (69)
[2016.02.13-18.15.19:044][ 32]LogModuleManager: Shutting down and abandoning module Slate (68)
[2016.02.13-18.15.19:044][ 32]LogModuleManager: Shutting down and abandoning module EditorStyle (67)
[2016.02.13-18.15.19:048][ 32]LogModuleManager: Shutting down and abandoning module SessionServices (66)
[2016.02.13-18.15.19:048][ 32]LogModuleManager: Shutting down and abandoning module SourceCodeAccess (65)
[2016.02.13-18.15.19:048][ 32]LogModuleManager: Shutting down and abandoning module HeadMountedDisplay (64)
[2016.02.13-18.15.19:048][ 32]LogModuleManager: Shutting down and abandoning module XAudio2 (63)
[2016.02.13-18.15.19:049][ 32]LogModuleManager: Shutting down and abandoning module Networking (61)
[2016.02.13-18.15.19:049][ 32]LogModuleManager: Shutting down and abandoning module Core (60)
[2016.02.13-18.15.19:049][ 32]LogModuleManager: Shutting down and abandoning module KismetCompiler (59)
[2016.02.13-18.15.19:049][ 32]LogModuleManager: Shutting down and abandoning module PhysXFormats (58)
[2016.02.13-18.15.19:049][ 32]LogModuleManager: Shutting down and abandoning module MeshUtilities (57)
[2016.02.13-18.15.19:049][ 32]LogModuleManager: Shutting down and abandoning module DerivedDataCache (56)
[2016.02.13-18.15.19:095][ 32]LogDerivedDataCache: Shutdown
[2016.02.13-18.15.19:095][ 32]LogModuleManager: Shutting down and abandoning module ShaderFormatOpenGL (55)
[2016.02.13-18.15.19:095][ 32]LogModuleManager: Shutting down and abandoning module ShaderFormatD3D (54)
[2016.02.13-18.15.19:095][ 32]LogModuleManager: Shutting down and abandoning module MetalShaderFormat (53)
[2016.02.13-18.15.19:095][ 32]LogModuleManager: Shutting down and abandoning module TextureFormatUncompressed (52)
[2016.02.13-18.15.19:095][ 32]LogModuleManager: Shutting down and abandoning module TextureFormatPVR (51)
[2016.02.13-18.15.19:095][ 32]LogModuleManager: Shutting down and abandoning module TextureFormatIntelISPCTexComp (50)
[2016.02.13-18.15.19:095][ 32]LogModuleManager: Shutting down and abandoning module TextureFormatDXT (49)
[2016.02.13-18.15.19:095][ 32]LogModuleManager: Shutting down and abandoning module ImageWrapper (48)
[2016.02.13-18.15.19:096][ 32]LogModuleManager: Shutting down and abandoning module TextureFormatASTC (47)
[2016.02.13-18.15.19:096][ 32]LogModuleManager: Shutting down and abandoning module TextureFormatAndroid (46)
[2016.02.13-18.15.19:096][ 32]LogModuleManager: Shutting down and abandoning module AudioFormatOpus (45)
[2016.02.13-18.15.19:096][ 32]LogModuleManager: Shutting down and abandoning module AudioFormatOgg (44)
[2016.02.13-18.15.19:096][ 32]LogModuleManager: Shutting down and abandoning module AudioFormatADPCM (43)
[2016.02.13-18.15.19:096][ 32]LogModuleManager: Shutting down and abandoning module LinuxTargetPlatform (42)
[2016.02.13-18.15.19:096][ 32]LogModuleManager: Shutting down and abandoning module LinuxServerTargetPlatform (41)
[2016.02.13-18.15.19:096][ 32]LogModuleManager: Shutting down and abandoning module LinuxNoEditorTargetPlatform (40)
[2016.02.13-18.15.19:096][ 32]LogModuleManager: Shutting down and abandoning module Messaging (39)
[2016.02.13-18.15.19:096][ 32]LogModuleManager: Shutting down and abandoning module IOSTargetPlatform (38)
[2016.02.13-18.15.19:096][ 32]LogModuleManager: Shutting down and abandoning module HTML5TargetPlatform (37)
[2016.02.13-18.15.19:096][ 32]LogModuleManager: Shutting down and abandoning module Android_PVRTCTargetPlatform (36)
[2016.02.13-18.15.19:096][ 32]LogModuleManager: Shutting down and abandoning module Android_MultiTargetPlatform (35)
[2016.02.13-18.15.19:096][ 32]LogModuleManager: Shutting down and abandoning module Android_ETC2TargetPlatform (34)
[2016.02.13-18.15.19:096][ 32]LogModuleManager: Shutting down and abandoning module Android_ETC1TargetPlatform (33)
[2016.02.13-18.15.19:096][ 32]LogModuleManager: Shutting down and abandoning module Android_DXTTargetPlatform (32)
[2016.02.13-18.15.19:096][ 32]LogModuleManager: Shutting down and abandoning module Android_ATCTargetPlatform (31)
[2016.02.13-18.15.19:096][ 32]LogModuleManager: Shutting down and abandoning module Android_ASTCTargetPlatform (30)
[2016.02.13-18.15.19:096][ 32]LogModuleManager: Shutting down and abandoning module AndroidTargetPlatform (29)
[2016.02.13-18.15.19:096][ 32]LogModuleManager: Shutting down and abandoning module WindowsTargetPlatform (28)
[2016.02.13-18.15.19:096][ 32]LogModuleManager: Shutting down and abandoning module WindowsServerTargetPlatform (27)
[2016.02.13-18.15.19:096][ 32]LogModuleManager: Shutting down and abandoning module WindowsNoEditorTargetPlatform (26)
[2016.02.13-18.15.19:096][ 32]LogModuleManager: Shutting down and abandoning module WindowsClientTargetPlatform (25)
[2016.02.13-18.15.19:096][ 32]LogModuleManager: Shutting down and abandoning module AllDesktopTargetPlatform (24)
[2016.02.13-18.15.19:096][ 32]LogModuleManager: Shutting down and abandoning module TargetPlatform (23)
[2016.02.13-18.15.19:096][ 32]LogModuleManager: Shutting down and abandoning module InputCore (22)
[2016.02.13-18.15.19:096][ 32]LogModuleManager: Shutting down and abandoning module Settings (21)
[2016.02.13-18.15.19:096][ 32]LogModuleManager: Shutting down and abandoning module OnlineSubsystem (19)
[2016.02.13-18.15.19:096][ 32]LogModuleManager: Shutting down and abandoning module HTTP (18)
[2016.02.13-18.15.21:099][ 32]LogModuleManager: Shutting down and abandoning module XMPP (17)
[2016.02.13-18.15.21:099][ 32]LogModuleManager: Shutting down and abandoning module OculusRift (16)
[2016.02.13-18.15.21:099][ 32]LogModuleManager: Shutting down and abandoning module ExampleDeviceProfileSelector (15)
[2016.02.13-18.15.21:099][ 32]LogModuleManager: Shutting down and abandoning module TextureCompressor (14)
[2016.02.13-18.15.21:099][ 32]LogModuleManager: Shutting down and abandoning module ShaderCore (13)
[2016.02.13-18.15.21:099][ 32]LogModuleManager: Shutting down and abandoning module Landscape (12)
[2016.02.13-18.15.21:099][ 32]LogModuleManager: Shutting down and abandoning module SlateRHIRenderer (11)
[2016.02.13-18.15.21:103][ 32]LogModuleManager: Shutting down and abandoning module OpenGLDrv (10)
[2016.02.13-18.15.21:103][ 32]LogModuleManager: Shutting down and abandoning module D3D11RHI (9)
[2016.02.13-18.15.21:103][ 32]LogModuleManager: Shutting down and abandoning module AnimGraphRuntime (8)
[2016.02.13-18.15.21:103][ 32]LogModuleManager: Shutting down and abandoning module Renderer (7)
[2016.02.13-18.15.21:103][ 32]LogModuleManager: Shutting down and abandoning module Engine (6)
[2016.02.13-18.15.21:103][ 32]LogModuleManager: Shutting down and abandoning module CoreUObject (5)
[2016.02.13-18.15.21:103][ 32]LogModuleManager: Shutting down and abandoning module NetworkFile (4)
[2016.02.13-18.15.21:103][ 32]LogModuleManager: Shutting down and abandoning module StreamingFile (3)
[2016.02.13-18.15.21:103][ 32]LogModuleManager: Shutting down and abandoning module SandboxFile (2)
[2016.02.13-18.15.21:103][ 32]LogModuleManager: Shutting down and abandoning module PakFile (1)
[2016.02.13-18.15.21:106][ 32]LogExit: Exiting.
[2016.02.13-18.15.21:137][ 32]Log file closed, 02/13/16 19:15:21
