[2016.05.05-19.49.37:597][  0]Log file open, 05/05/16 21:49:37
[2016.05.05-19.49.37:597][  0]LogInit:Display: Running engine for game: Runner
[2016.05.05-19.49.37:597][  0]LogPlatformFile: Not using cached read wrapper
[2016.05.05-19.49.37:597][  0]LogInit:Display: RandInit(1383869851) SRandInit(1383869853).
[2016.05.05-19.49.37:597][  0]LogTaskGraph: Started task graph with 4 named threads and 7 total threads.
[2016.05.05-19.49.37:597][  0]LogStats: Stats thread started at 0.124471
[2016.05.05-19.49.37:597][  0]LogInit: Version: 4.10.4-2872498+++depot+UE4-Releases+4.10
[2016.05.05-19.49.37:597][  0]LogInit: API Version: 2758231
[2016.05.05-19.49.37:597][  0]LogInit: Compiled (64-bit): Feb 18 2016 15:47:04
[2016.05.05-19.49.37:597][  0]LogInit: Compiled with Visual C++: 19.00.23026.00
[2016.05.05-19.49.37:597][  0]LogInit: Build Configuration: Development
[2016.05.05-19.49.37:597][  0]LogInit: Branch Name: ++depot+UE4-Releases+4.10
[2016.05.05-19.49.37:597][  0]LogInit: Command line:  
[2016.05.05-19.49.37:597][  0]LogInit: Base directory: C:/Program Files/Epic Games/4.10/Engine/Binaries/Win64/
[2016.05.05-19.49.37:597][  0]LogInit: Rocket: 1
[2016.05.05-19.49.37:646][  0]LogInit: Using libcurl 7.41.0
[2016.05.05-19.49.37:646][  0]LogInit:  - built for x86_64-pc-win32
[2016.05.05-19.49.37:646][  0]LogInit:  - supports SSL with WinSSL
[2016.05.05-19.49.37:646][  0]LogInit:  - other features:
[2016.05.05-19.49.37:646][  0]LogInit:      CURL_VERSION_SSL
[2016.05.05-19.49.37:646][  0]LogInit:      CURL_VERSION_IPV6
[2016.05.05-19.49.37:646][  0]LogInit:      CURL_VERSION_ASYNCHDNS
[2016.05.05-19.49.37:646][  0]LogInit:      CURL_VERSION_LARGEFILE
[2016.05.05-19.49.37:646][  0]LogInit:      CURL_VERSION_IDN
[2016.05.05-19.49.37:646][  0]LogInit:  CurlRequestOptions (configurable via config and command line):
[2016.05.05-19.49.37:646][  0]LogInit:  - bVerifyPeer = true  - Libcurl will verify peer certificate
[2016.05.05-19.49.37:646][  0]LogInit:  - bUseHttpProxy = false  - Libcurl will NOT use HTTP proxy
[2016.05.05-19.49.37:646][  0]LogInit:  - bDontReuseConnections = false  - Libcurl will reuse connections
[2016.05.05-19.49.37:646][  0]LogInit:  - CertBundlePath = nullptr  - Libcurl will use whatever was configured at build time.
[2016.05.05-19.49.37:701][  0]LogInit: Presizing for 0 objects not considered by GC, pre-allocating 0 bytes.
[2016.05.05-19.49.37:715][  0]LogInit: Object subsystem initialized
[2016.05.05-19.49.37:716][  0]LogInit: Selected Device Profile: [Windows]
[2016.05.05-19.49.37:717][  0]LogInit: Applying CVar settings loaded from the selected device profile: [Windows]
[2016.05.05-19.49.37:736][  0]LogInit: Computer: JOHANS_MONSTER
[2016.05.05-19.49.37:736][  0]LogInit: User: Johan
[2016.05.05-19.49.37:736][  0]LogInit: CPU Page size=4096, Cores=4
[2016.05.05-19.49.37:736][  0]LogInit: High frequency timer resolution =3.312784 MHz
[2016.05.05-19.49.37:736][  0]LogMemory: Memory total: Physical=16.0GB (16GB approx)
[2016.05.05-19.49.37:736][  0]LogMemory: Platform Memory Stats for Windows
[2016.05.05-19.49.37:736][  0]LogMemory: Process Physical Memory: 56.14 MB used, 56.14 MB peak
[2016.05.05-19.49.37:736][  0]LogMemory: Process Virtual Memory: 56.69 MB used, 56.69 MB peak
[2016.05.05-19.49.37:736][  0]LogMemory: Physical Memory: 4954.06 MB used, 16337.33 MB total
[2016.05.05-19.49.37:736][  0]LogMemory: Virtual Memory: 382.85 MB used, 134217728.00 MB total
[2016.05.05-19.49.37:959][  0]LogTextLocalizationManager: No translations for ('sv-SE') exist, falling back to 'en' for localization and internationalization data.
[2016.05.05-19.49.38:399][  0]LogD3D11RHI: Found D3D11 adapter 0: NVIDIA GeForce GTX 560 SE (Feature Level 11_0)
[2016.05.05-19.49.38:399][  0]LogD3D11RHI: Adapter has 977MB of dedicated video memory, 0MB of dedicated system memory, and 8168MB of shared system memory, 1 output[s]
[2016.05.05-19.49.38:400][  0]LogD3D11RHI: Found D3D11 adapter 1: Microsoft Basic Render Driver (Feature Level 11_0)
[2016.05.05-19.49.38:400][  0]LogD3D11RHI: Adapter has 0MB of dedicated video memory, 0MB of dedicated system memory, and 8168MB of shared system memory, 0 output[s]
[2016.05.05-19.49.38:401][  0]LogD3D11RHI: Chosen D3D11 Adapter Id = 0
[2016.05.05-19.49.38:404][  0]LogD3D11RHI: !Direct3DDevice
[2016.05.05-19.49.38:404][  0]LogRHI: Texture pool is 684 MB (70% of 977 MB)
[2016.05.05-19.49.38:417][  0]LogD3D11RHI: Async texture creation enabled
[2016.05.05-19.49.38:433][  0]LogShaderCompilers: Guid format shader working directory is -8 characters bigger than the processId version (../../../../../../Users/Johan/Documents/GitHub/Runner/Intermediate/Shaders/WorkingDirectory/10012/).
[2016.05.05-19.49.38:434][  0]LogShaderCompilers: Cleaned the shader compiler working directory 'C:/Users/Johan/AppData/Local/Temp/UnrealShaderWorkingDir/C4D4FEB44D1D7B7690AD0A8D90FF1CC4/'.
[2016.05.05-19.49.38:434][  0]LogShaderCompilers:Display: Using Local Shader Compiler.
[2016.05.05-19.49.39:815][  0]LogTemp:Display: Loaded TP AllDesktopTargetPlatform
[2016.05.05-19.49.39:825][  0]LogTemp:Display: Loaded TP WindowsClientTargetPlatform
[2016.05.05-19.49.39:835][  0]LogTemp:Display: Loaded TP WindowsNoEditorTargetPlatform
[2016.05.05-19.49.39:845][  0]LogTemp:Display: Loaded TP WindowsServerTargetPlatform
[2016.05.05-19.49.39:850][  0]LogTemp:Display: Loaded TP WindowsTargetPlatform
[2016.05.05-19.49.39:853][  0]LogTemp:Display: Loaded TP AndroidTargetPlatform
[2016.05.05-19.49.39:856][  0]LogTemp:Display: Loaded TP Android_ASTCTargetPlatform
[2016.05.05-19.49.39:859][  0]LogTemp:Display: Loaded TP Android_ATCTargetPlatform
[2016.05.05-19.49.39:861][  0]LogTemp:Display: Loaded TP Android_DXTTargetPlatform
[2016.05.05-19.49.39:864][  0]LogTemp:Display: Loaded TP Android_ETC1TargetPlatform
[2016.05.05-19.49.39:867][  0]LogTemp:Display: Loaded TP Android_ETC2TargetPlatform
[2016.05.05-19.49.39:872][  0]LogTemp:Display: Loaded TP Android_MultiTargetPlatform
[2016.05.05-19.49.39:872][  0]LogTemp:Display: Loaded TP Android_PVRTCTargetPlatform
[2016.05.05-19.49.39:873][  0]LogTemp:Display: Loaded TP HTML5TargetPlatform
[2016.05.05-19.49.39:906][  0]LogTemp:Display: Loaded TP IOSTargetPlatform
[2016.05.05-19.49.39:908][  0]LogTemp:Display: Loaded TP LinuxNoEditorTargetPlatform
[2016.05.05-19.49.39:911][  0]LogTemp:Display: Loaded TP LinuxServerTargetPlatform
[2016.05.05-19.49.39:915][  0]LogTemp:Display: Loaded TP LinuxTargetPlatform
[2016.05.05-19.49.39:915][  0]LogTargetPlatformManager:Display: Building Assets For Windows
[2016.05.05-19.49.40:346][  0]LogDerivedDataCache:Display: Max Cache Size: 512 MB
[2016.05.05-19.49.40:791][  0]LogDerivedDataCache: Loaded boot cache 0.44s 41MB C:/Users/Johan/AppData/Local/UnrealEngine/4.10/DerivedDataCache/Boot.ddc.
[2016.05.05-19.49.40:791][  0]LogDerivedDataCache:Display: Loaded Boot cache: C:/Users/Johan/AppData/Local/UnrealEngine/4.10/DerivedDataCache/Boot.ddc
[2016.05.05-19.49.40:791][  0]LogDerivedDataCache: FDerivedDataBackendGraph:  Pak pak cache file ../../../../../../Users/Johan/Documents/GitHub/Runner/DerivedDataCache/DDC.ddp not found, will not use a pak cache.
[2016.05.05-19.49.40:791][  0]LogDerivedDataCache: Unable to find inner node Pak for hierarchical cache Hierarchy.
[2016.05.05-19.49.40:792][  0]LogDerivedDataCache: FDerivedDataBackendGraph:  CompressedPak pak cache file ../../../../../../Users/Johan/Documents/GitHub/Runner/DerivedDataCache/Compressed.ddp not found, will not use a pak cache.
[2016.05.05-19.49.40:792][  0]LogDerivedDataCache: Unable to find inner node CompressedPak for hierarchical cache Hierarchy.
[2016.05.05-19.49.40:910][  0]LogDerivedDataCache:Display: Pak cache opened for reading ../../../Engine/DerivedDataCache/Compressed.ddp.
[2016.05.05-19.49.40:921][  0]LogDerivedDataCache: Using Local data cache path C:/Users/Johan/AppData/Local/UnrealEngine/Common/DerivedDataCache: Writable
[2016.05.05-19.49.48:590][  0]LogInit: Selected Device Profile: [Windows]
[2016.05.05-19.49.48:592][  0]LogContentStreaming: Texture pool size is 0.000000MB
[2016.05.05-19.49.48:711][  0]LogMeshUtilities: No automatic mesh reduction module available
[2016.05.05-19.49.48:711][  0]LogMeshUtilities: No automatic mesh merging module available
[2016.05.05-19.49.49:312][  0]LogInit: WinSock: version 1.1 (2.2), MaxSocks=32767, MaxUdp=65467
[2016.05.05-19.50.08:464][  0]UdpMessaging: Initializing bridge on interface 0.0.0.0:0 to multicast group 230.0.0.1:6666.
[2016.05.05-19.50.08:957][  0]LogAssetRegistry: FAssetRegistry took 0.0110 seconds to start up
[2016.05.05-19.50.09:137][  0]SourceControl: Info Source control is disabled
[2016.05.05-19.50.09:138][  0]SourceControl: Info Source control is disabled
[2016.05.05-19.50.09:151][  0]SourceControl: Info Source control is disabled
[2016.05.05-19.50.09:163][  0]SourceControl: Info Source control is disabled
[2016.05.05-19.50.10:650][  0]LogObj: 28633 objects as part of root set at end of initial load.
[2016.05.05-19.50.10:650][  0]LogUObjectAllocator: 6099744 out of 0 bytes used by permanent object pool.
[2016.05.05-19.50.10:710][  0]LogEngine: Initializing Engine...
[2016.05.05-19.50.10:713][  0]LogHMD: Can't find Oculus library dev build: is proper Runtime installed? Version: 0.8.0.0
[2016.05.05-19.50.10:720][  0]LogHMD: SteamVR failed to initialize.  Err: 110
[2016.05.05-19.50.10:863][  0]LogAIModule: Creating AISystem for world NewWorld
[2016.05.05-19.50.10:869][  0]LogInit: XAudio2 using 'Speakers (USB Sound Device        )' : 2 channels at 44.1 kHz using 16 bits per sample (channel mask 0x3)
[2016.05.05-19.50.10:884][  0]LogInit: FAudioDevice initialized.
[2016.05.05-19.50.10:902][  0]LogDerivedDataCache: Saved boot cache 0.02s 41MB C:/Users/Johan/AppData/Local/UnrealEngine/4.10/DerivedDataCache/Boot.ddc.
[2016.05.05-19.50.10:908][  0]LogInit: Texture streaming: Enabled
[2016.05.05-19.50.10:914][  0]LogAnalytics: Creating configured Analytics provider AnalyticsET
[2016.05.05-19.50.10:914][  0]LogAnalytics: [UEEditor.Rocket.Release] APIServer = http://et2.epicgames.com/ET2/. AppVersion = 4.10.4-2872498+++depot+UE4-Releases+4.10
[2016.05.05-19.50.10:914][  0]LogAnalytics: [UEEditor.Rocket.Release] SetUserId e13f53c54a08433fc09043aa962b451a|75ba5683578c43329a0522a4b145a097|e6dac55f-4bf9-412a-b229-53d1a5ef9356
[2016.05.05-19.50.10:914][  0]LogAnalytics: [UEEditor.Rocket.Release] AnalyticsET::StartSession
[2016.05.05-19.50.10:923][  0]LogWindowsTextInputMethodSystem:Display: IME system now deactivated.
[2016.05.05-19.50.10:923][  0]LogWindowsTextInputMethodSystem:Display: IME system now deactivated.
[2016.05.05-19.50.10:940][  0]LogInit: Transaction tracking system initialized
[2016.05.05-19.50.10:969][  0]BlueprintLog: New page: Editor Load
[2016.05.05-19.50.11:126][  0]LocalizationService: Info Localization service is disabled
[2016.05.05-19.50.15:459][  0]LogConsoleResponse:Display: 
[2016.05.05-19.50.16:222][  0]LogCook:Display: Done creating registry. It took  0.00s.
[2016.05.05-19.50.16:848][  0]LogFileCache: Scanning file cache for directory 'C:/Users/Johan/Documents/GitHub/Runner/Content/' took 0.01s
[2016.05.05-19.50.16:877][  0]SourceControl: Info Source control is disabled
[2016.05.05-19.50.16:877][  0]Cmd: MAP LOAD FILE="../../../../../../Users/Johan/Documents/GitHub/Runner/Content/RunnerAssets/RunnerMap.umap" TEMPLATE=0 SHOWPROGRESS=1 FEATURELEVEL=3
[2016.05.05-19.50.17:199][  0]LightingResults: New page: Lighting Build
[2016.05.05-19.50.17:206][  0]MapCheck: New page: Map Check
[2016.05.05-19.50.17:206][  0]LightingResults: New page: Lighting Build
[2016.05.05-19.50.17:224][  0]LogParticles: Destroying 0 GPU particle simulations for FXSystem 0x00000133A5CABB00
[2016.05.05-19.50.33:601][  0]LogAIModule: Creating AISystem for world RunnerMap
[2016.05.05-19.50.33:636][  0]LogEditorServer: Finished looking for orphan Actors (0.000 secs)
[2016.05.05-19.50.33:637][  0]Cmd: MAP CHECKDEP NOCLEARLOG
[2016.05.05-19.50.33:704][  0]MapCheck: Info Map check complete: 0 Error(s), 0 Warning(s), took 66.841ms to complete.
[2016.05.05-19.50.33:704][  0]LogFileHelpers: Loading map 'RunnerMap' took 16.827
[2016.05.05-19.50.33:861][  0]LogCollectionManager: Loaded 0 collections in 0.002328 seconds
[2016.05.05-19.50.33:899][  0]LogFileCache: Scanning file cache for directory 'C:/Users/Johan/Documents/GitHub/Runner/Saved/Collections/' took 0.01s
[2016.05.05-19.50.33:899][  0]LogFileCache: Scanning file cache for directory 'C:/Users/Johan/Documents/GitHub/Runner/Content/Developers/Johan/Collections/' took 0.01s
[2016.05.05-19.50.33:899][  0]LogFileCache: Scanning file cache for directory 'C:/Users/Johan/Documents/GitHub/Runner/Content/Collections/' took 0.01s
[2016.05.05-19.50.33:899][  0]LogCollectionManager: Rebuilt the GUID cache for 0 collections in 0.000002 seconds
[2016.05.05-19.50.33:907][  0]LogContentBrowser: Native class hierarchy populated in 0.0075 seconds. Added 1893 classes and 338 folders.
[2016.05.05-19.50.33:913][  0]LogContentBrowser: Native class hierarchy updated for 'WidgetCarousel' in 0.0003 seconds. Added 0 classes and 0 folders.
[2016.05.05-19.50.35:116][  0]LogContentBrowser: Native class hierarchy updated for 'AddContentDialog' in 0.0003 seconds. Added 0 classes and 0 folders.
[2016.05.05-19.50.35:120][  0]LogContentBrowser: Native class hierarchy updated for 'SceneOutliner' in 0.0003 seconds. Added 1 classes and 2 folders.
[2016.05.05-19.50.35:213][  0]LogCrashTracker: Crashtracker disabled due to settings.
[2016.05.05-19.50.35:218][  0]LogUObjectGlobals:Warning: Failed to find object 'Class None.'
[2016.05.05-19.50.35:240][  0]LogLoad: Full Startup: 58.46 seconds (BP compile: 0.76 seconds)
[2016.05.05-19.50.35:253][  0]LogOcInput: Can't find Oculus library dev build: is proper Runtime installed? Version: 0.8.0.0
[2016.05.05-19.50.35:333][  0]LogContentStreaming: Texture pool size now 1000 MB
[2016.05.05-19.50.35:536][  0]LogRenderer: Reallocating scene render targets to support 1024x588 (Frame:2).
[2016.05.05-19.50.35:957][ 11]LogAssetRegistry: Asset discovery search completed in 27.0108 seconds
[2016.05.05-19.50.35:957][ 11]LogCollectionManager: Rebuilt the object cache for 0 collections in 0.000001 seconds (found 0 objects)
[2016.05.05-19.50.35:957][ 11]LogCollectionManager: Fixed up redirectors for 0 collections in 0.000019 seconds (updated 0 objects)
[2016.05.05-19.50.55:069][218]LogBlueprintUserMessages: Early PlayInEditor Detection: Level '/Game/RunnerAssets/RunnerMap.RunnerMap:PersistentLevel' has LevelScriptBlueprint '/Game/RunnerAssets/RunnerMap.RunnerMap:PersistentLevel.RunnerMap' with GeneratedClass '/Game/RunnerAssets/RunnerMap.RunnerMap_C' with ClassGeneratedBy '/Game/RunnerAssets/RunnerMap.RunnerMap:PersistentLevel.RunnerMap'
[2016.05.05-19.50.55:069][218]LogPlayLevel: PlayLevel: No blueprints needed recompiling
[2016.05.05-19.50.55:069][218]PIE: New page: PIE session: RunnerMap (May 5, 2016, 11:50:55 PM)
[2016.05.05-19.50.55:070][218]LogPlayLevel: Creating play world package: /Game/RunnerAssets/UEDPIE_0_RunnerMap
[2016.05.05-19.50.55:105][218]LogPlayLevel: PIE: StaticDuplicateObject took: (0.035405s)
[2016.05.05-19.50.55:106][218]LogAIModule: Creating AISystem for world RunnerMap
[2016.05.05-19.50.55:106][218]LogPlayLevel: PIE: World Init took: (0.001160s)
[2016.05.05-19.50.55:107][218]LogPlayLevel: PIE: Created PIE world by copying editor world from /Game/RunnerAssets/RunnerMap.RunnerMap to /Game/RunnerAssets/UEDPIE_0_RunnerMap.RunnerMap (0.036989s)
[2016.05.05-19.50.55:166][218]LogInit: XAudio2 using 'Speakers (USB Sound Device        )' : 2 channels at 44.1 kHz using 16 bits per sample (channel mask 0x3)
[2016.05.05-19.50.55:171][218]LogInit: FAudioDevice initialized.
[2016.05.05-19.50.55:264][218]LogLinker:Warning: Can't find file '/Game/SideScrollerBP/Blueprints/SideScrollerGameMode'
[2016.05.05-19.50.55:264][218]LogLinker:Warning: Can't find file '/Game/SideScrollerBP/Blueprints/SideScrollerGameMode'
[2016.05.05-19.50.55:264][218]LogUObjectGlobals:Warning: Failed to find object 'Class /Game/SideScrollerBP/Blueprints/SideScrollerGameMode.SideScrollerGameMode_C'
[2016.05.05-19.50.55:264][218]LogWorld: Game class is 'GameMode'
[2016.05.05-19.50.55:271][218]LogWorld: Bringing World /Game/RunnerAssets/UEDPIE_0_RunnerMap.RunnerMap up for play (max tick rate 0) at 2016.05.05-21.50.55
[2016.05.05-19.50.55:271][218]LogActor:Warning: GameSession /Game/RunnerAssets/UEDPIE_0_RunnerMap.RunnerMap:PersistentLevel.GameSession_0 has natively added scene component(s), but none of them were set as the actor's RootComponent - picking one arbitrarily
[2016.05.05-19.50.55:271][218]LogActor:Warning: GameNetworkManager /Game/RunnerAssets/UEDPIE_0_RunnerMap.RunnerMap:PersistentLevel.GameNetworkManager_0 has natively added scene component(s), but none of them were set as the actor's RootComponent - picking one arbitrarily
[2016.05.05-19.50.55:271][218]LogWorld: Bringing up level for play took: 0.006120
[2016.05.05-19.50.55:272][218]LogGameMode: Warning - PATHS NOT DEFINED or NO PLAYERSTART with positive rating
[2016.05.05-19.50.55:289][218]PIE: Info Play in editor start time for /Game/RunnerAssets/UEDPIE_0_RunnerMap 1.131
[2016.05.05-19.50.55:289][218]LogBlueprintUserMessages: Late PlayInEditor Detection: Level '/Game/RunnerAssets/RunnerMap.RunnerMap:PersistentLevel' has LevelScriptBlueprint '/Game/RunnerAssets/RunnerMap.RunnerMap:PersistentLevel.RunnerMap' with GeneratedClass '/Game/RunnerAssets/RunnerMap.RunnerMap_C' with ClassGeneratedBy '/Game/RunnerAssets/RunnerMap.RunnerMap:PersistentLevel.RunnerMap'
[2016.05.05-19.50.55:352][219]LogRenderer: Reallocating scene render targets to support 1280x720 (Frame:9).
[2016.05.05-19.51.15:193][216]LogCharacterMovement: SideScrollerCharacter_C_2 is stuck and failed to move!
[2016.05.05-19.51.15:217][217]LogCharacterMovement: SideScrollerCharacter_C_2 is stuck and failed to move!
[2016.05.05-19.51.15:242][218]LogCharacterMovement: SideScrollerCharacter_C_2 is stuck and failed to move!
[2016.05.05-19.51.15:267][219]LogCharacterMovement: SideScrollerCharacter_C_2 is stuck and failed to move!
[2016.05.05-19.51.15:291][220]LogCharacterMovement: SideScrollerCharacter_C_2 is stuck and failed to move!
[2016.05.05-19.51.15:316][221]LogCharacterMovement: SideScrollerCharacter_C_2 is stuck and failed to move!
[2016.05.05-19.51.15:340][222]LogCharacterMovement: SideScrollerCharacter_C_2 is stuck and failed to move!
[2016.05.05-19.51.15:367][223]LogCharacterMovement: SideScrollerCharacter_C_2 is stuck and failed to move!
[2016.05.05-19.51.15:391][224]LogCharacterMovement: SideScrollerCharacter_C_2 is stuck and failed to move!
[2016.05.05-19.51.15:416][225]LogCharacterMovement: SideScrollerCharacter_C_2 is stuck and failed to move!
[2016.05.05-19.51.15:441][226]LogCharacterMovement: SideScrollerCharacter_C_2 is stuck and failed to move!
[2016.05.05-19.51.15:466][227]LogCharacterMovement: SideScrollerCharacter_C_2 is stuck and failed to move!
[2016.05.05-19.51.15:499][228]LogCharacterMovement: SideScrollerCharacter_C_2 is stuck and failed to move!
[2016.05.05-19.51.15:525][229]LogCharacterMovement: SideScrollerCharacter_C_2 is stuck and failed to move!
[2016.05.05-19.51.15:551][230]LogCharacterMovement: SideScrollerCharacter_C_2 is stuck and failed to move!
[2016.05.05-19.51.15:580][231]LogCharacterMovement: SideScrollerCharacter_C_2 is stuck and failed to move!
[2016.05.05-19.51.15:610][232]LogCharacterMovement: SideScrollerCharacter_C_2 is stuck and failed to move!
[2016.05.05-19.51.15:636][233]LogCharacterMovement: SideScrollerCharacter_C_2 is stuck and failed to move!
[2016.05.05-19.51.15:662][234]LogCharacterMovement: SideScrollerCharacter_C_2 is stuck and failed to move!
[2016.05.05-19.51.15:691][235]LogCharacterMovement: SideScrollerCharacter_C_2 is stuck and failed to move!
[2016.05.05-19.51.15:721][236]LogCharacterMovement: SideScrollerCharacter_C_2 is stuck and failed to move!
[2016.05.05-19.51.15:747][237]LogCharacterMovement: SideScrollerCharacter_C_2 is stuck and failed to move!
[2016.05.05-19.51.19:415][376]LogCharacterMovement: SideScrollerCharacter_C_2 is stuck and failed to move!
[2016.05.05-19.51.19:446][377]LogCharacterMovement: SideScrollerCharacter_C_2 is stuck and failed to move!
[2016.05.05-19.51.19:475][378]LogCharacterMovement: SideScrollerCharacter_C_2 is stuck and failed to move!
[2016.05.05-19.51.19:507][379]LogCharacterMovement: SideScrollerCharacter_C_2 is stuck and failed to move!
[2016.05.05-19.51.19:536][380]LogCharacterMovement: SideScrollerCharacter_C_2 is stuck and failed to move!
[2016.05.05-19.51.19:561][381]LogCharacterMovement: SideScrollerCharacter_C_2 is stuck and failed to move!
[2016.05.05-19.51.19:587][382]LogCharacterMovement: SideScrollerCharacter_C_2 is stuck and failed to move!
[2016.05.05-19.51.19:612][383]LogCharacterMovement: SideScrollerCharacter_C_2 is stuck and failed to move!
[2016.05.05-19.51.19:637][384]LogCharacterMovement: SideScrollerCharacter_C_2 is stuck and failed to move!
[2016.05.05-19.51.19:664][385]LogCharacterMovement: SideScrollerCharacter_C_2 is stuck and failed to move!
[2016.05.05-19.51.19:692][386]LogCharacterMovement: SideScrollerCharacter_C_2 is stuck and failed to move!
[2016.05.05-19.51.19:719][387]LogCharacterMovement: SideScrollerCharacter_C_2 is stuck and failed to move!
[2016.05.05-19.51.19:746][388]LogCharacterMovement: SideScrollerCharacter_C_2 is stuck and failed to move!
[2016.05.05-19.51.19:772][389]LogCharacterMovement: SideScrollerCharacter_C_2 is stuck and failed to move!
[2016.05.05-19.51.57:451][665]LogPackageName: SearchForPackageOnDisk took   0.079s to resolve Death.umap.
[2016.05.05-19.51.57:531][666]LogPackageName: SearchForPackageOnDisk took   0.072s to resolve Death.umap.
[2016.05.05-19.51.57:531][666]LogNet: Browse: /Game/RunnerAssets/Death
[2016.05.05-19.51.57:532][666]LogLoad: LoadMap: /Game/RunnerAssets/Death
[2016.05.05-19.51.57:577][666]LogParticles: Destroying 0 GPU particle simulations for FXSystem 0x00000133B63FC680
[2016.05.05-19.51.57:585][666]Cmd: MEM
[2016.05.05-19.51.57:600][666]LogMemory: Platform Memory Stats for Windows
[2016.05.05-19.51.57:600][666]LogMemory: Process Physical Memory: 791.80 MB used, 791.80 MB peak
[2016.05.05-19.51.57:600][666]LogMemory: Process Virtual Memory: 1338.27 MB used, 1500.55 MB peak
[2016.05.05-19.51.57:600][666]LogMemory: Physical Memory: 6289.45 MB used, 16337.33 MB total
[2016.05.05-19.51.57:600][666]LogMemory: Virtual Memory: 2191.62 MB used, 134217728.00 MB total
[2016.05.05-19.51.57:600][666]LogMemory: 
[2016.05.05-19.51.57:600][666]Allocator Stats for TBB: (not implemented)
[2016.05.05-19.51.58:285][666]LogAIModule: Creating AISystem for world Death
[2016.05.05-19.51.58:286][666]LogLinker:Warning: Can't find file '/Game/SideScrollerBP/Blueprints/SideScrollerGameMode'
[2016.05.05-19.51.58:286][666]LogLinker:Warning: Can't find file '/Game/SideScrollerBP/Blueprints/SideScrollerGameMode'
[2016.05.05-19.51.58:286][666]LogUObjectGlobals:Warning: Failed to find object 'Class /Game/SideScrollerBP/Blueprints/SideScrollerGameMode.SideScrollerGameMode_C'
[2016.05.05-19.51.58:286][666]LogWorld: Game class is 'GameMode'
[2016.05.05-19.51.58:288][666]LogWorld: Bringing World /Game/RunnerAssets/UEDPIE_0_Death.Death up for play (max tick rate 0) at 2016.05.05-21.51.58
[2016.05.05-19.51.58:288][666]LogActor:Warning: GameSession /Game/RunnerAssets/UEDPIE_0_Death.Death:PersistentLevel.GameSession_1 has natively added scene component(s), but none of them were set as the actor's RootComponent - picking one arbitrarily
[2016.05.05-19.51.58:288][666]LogActor:Warning: GameNetworkManager /Game/RunnerAssets/UEDPIE_0_Death.Death:PersistentLevel.GameNetworkManager_1 has natively added scene component(s), but none of them were set as the actor's RootComponent - picking one arbitrarily
[2016.05.05-19.51.58:288][666]LogWorld: Bringing up level for play took: 0.000939
[2016.05.05-19.51.58:289][666]LogGameMode: Warning - PATHS NOT DEFINED or NO PLAYERSTART with positive rating
[2016.05.05-19.52.05:351][331]LogBlueprintUserMessages: Early EndPlayMap Detection: Level '/Game/RunnerAssets/RunnerMap.RunnerMap:PersistentLevel' has LevelScriptBlueprint '/Game/RunnerAssets/RunnerMap.RunnerMap:PersistentLevel.RunnerMap' with GeneratedClass '/Game/RunnerAssets/RunnerMap.RunnerMap_C' with ClassGeneratedBy '/Game/RunnerAssets/RunnerMap.RunnerMap:PersistentLevel.RunnerMap'
[2016.05.05-19.52.05:404][331]LogBlueprintUserMessages: Late EndPlayMap Detection: Level '/Game/RunnerAssets/RunnerMap.RunnerMap:PersistentLevel' has LevelScriptBlueprint '/Game/RunnerAssets/RunnerMap.RunnerMap:PersistentLevel.RunnerMap' with GeneratedClass '/Game/RunnerAssets/RunnerMap.RunnerMap_C' with ClassGeneratedBy '/Game/RunnerAssets/RunnerMap.RunnerMap:PersistentLevel.RunnerMap'
[2016.05.05-19.52.05:424][331]LogParticles: Destroying 0 GPU particle simulations for FXSystem 0x00000133ACD13B00
[2016.05.05-19.53.59:786][620]LogLinker:Warning: Asset '../../../Engine/Content/ArtTools/RenderToTexture/Macros/RenderToTextureMacros.uasset' has been saved with empty engine version. The asset will be loaded but may be incompatible.
[2016.05.05-19.54.00:263][620]LogContentBrowser: Native class hierarchy updated for 'BlueprintGraph' in 0.0007 seconds. Added 107 classes and 0 folders.
[2016.05.05-19.54.58:423][944]BlueprintLog: New page: Compile Block_FloorWithVent
[2016.05.05-19.54.58:534][944]BlueprintEditorCompileResults: Info [0321.76] Compile of Block_FloorWithVent successful! [in 110 ms]
[2016.05.05-19.55.03:766][395]LogBlueprintUserMessages: Early PlayInEditor Detection: Level '/Game/RunnerAssets/RunnerMap.RunnerMap:PersistentLevel' has LevelScriptBlueprint '/Game/RunnerAssets/RunnerMap.RunnerMap:PersistentLevel.RunnerMap' with GeneratedClass '/Game/RunnerAssets/RunnerMap.RunnerMap_C' with ClassGeneratedBy '/Game/RunnerAssets/RunnerMap.RunnerMap:PersistentLevel.RunnerMap'
[2016.05.05-19.55.03:766][395]LogPlayLevel: PlayLevel: No blueprints needed recompiling
[2016.05.05-19.55.03:766][395]PIE: New page: PIE session: RunnerMap (May 5, 2016, 11:55:03 PM)
[2016.05.05-19.55.03:766][395]LogPlayLevel: Creating play world package: /Game/RunnerAssets/UEDPIE_0_RunnerMap
[2016.05.05-19.55.03:799][395]LogPlayLevel: PIE: StaticDuplicateObject took: (0.032766s)
[2016.05.05-19.55.03:800][395]LogAIModule: Creating AISystem for world RunnerMap
[2016.05.05-19.55.03:800][395]LogPlayLevel: PIE: World Init took: (0.001278s)
[2016.05.05-19.55.03:800][395]LogPlayLevel: PIE: Created PIE world by copying editor world from /Game/RunnerAssets/RunnerMap.RunnerMap to /Game/RunnerAssets/UEDPIE_0_RunnerMap.RunnerMap (0.034426s)
[2016.05.05-19.55.03:834][395]LogInit: XAudio2 using 'Speakers (USB Sound Device        )' : 2 channels at 44.1 kHz using 16 bits per sample (channel mask 0x3)
[2016.05.05-19.55.03:841][395]LogInit: FAudioDevice initialized.
[2016.05.05-19.55.03:916][395]LogLinker:Warning: Can't find file '/Game/SideScrollerBP/Blueprints/SideScrollerGameMode'
[2016.05.05-19.55.03:916][395]LogLinker:Warning: Can't find file '/Game/SideScrollerBP/Blueprints/SideScrollerGameMode'
[2016.05.05-19.55.03:916][395]LogUObjectGlobals:Warning: Failed to find object 'Class /Game/SideScrollerBP/Blueprints/SideScrollerGameMode.SideScrollerGameMode_C'
[2016.05.05-19.55.03:916][395]LogWorld: Game class is 'GameMode'
[2016.05.05-19.55.03:923][395]LogWorld: Bringing World /Game/RunnerAssets/UEDPIE_0_RunnerMap.RunnerMap up for play (max tick rate 0) at 2016.05.05-21.55.03
[2016.05.05-19.55.03:923][395]LogActor:Warning: GameSession /Game/RunnerAssets/UEDPIE_0_RunnerMap.RunnerMap:PersistentLevel.GameSession_2 has natively added scene component(s), but none of them were set as the actor's RootComponent - picking one arbitrarily
[2016.05.05-19.55.03:923][395]LogActor:Warning: GameNetworkManager /Game/RunnerAssets/UEDPIE_0_RunnerMap.RunnerMap:PersistentLevel.GameNetworkManager_2 has natively added scene component(s), but none of them were set as the actor's RootComponent - picking one arbitrarily
[2016.05.05-19.55.03:924][395]LogWorld: Bringing up level for play took: 0.007055
[2016.05.05-19.55.03:925][395]LogGameMode: Warning - PATHS NOT DEFINED or NO PLAYERSTART with positive rating
[2016.05.05-19.55.03:961][395]PIE: Info Play in editor start time for /Game/RunnerAssets/UEDPIE_0_RunnerMap -0.197
[2016.05.05-19.55.03:961][395]LogBlueprintUserMessages: Late PlayInEditor Detection: Level '/Game/RunnerAssets/RunnerMap.RunnerMap:PersistentLevel' has LevelScriptBlueprint '/Game/RunnerAssets/RunnerMap.RunnerMap:PersistentLevel.RunnerMap' with GeneratedClass '/Game/RunnerAssets/RunnerMap.RunnerMap_C' with ClassGeneratedBy '/Game/RunnerAssets/RunnerMap.RunnerMap:PersistentLevel.RunnerMap'
[2016.05.05-19.55.09:699][670]LogCharacterMovement: SideScrollerCharacter_C_2 is stuck and failed to move!
[2016.05.05-19.55.11:549][743]LogCharacterMovement: SideScrollerCharacter_C_2 is stuck and failed to move!
[2016.05.05-19.55.12:970][796]LogCharacterMovement: SideScrollerCharacter_C_2 is stuck and failed to move!
[2016.05.05-19.55.14:914][869]LogCharacterMovement: SideScrollerCharacter_C_2 is stuck and failed to move!
[2016.05.05-19.55.16:204][915]LogCharacterMovement: SideScrollerCharacter_C_2 is stuck and failed to move!
[2016.05.05-19.55.17:443][957]LogCharacterMovement: SideScrollerCharacter_C_2 is stuck and failed to move!
[2016.05.05-19.55.19:513][ 29]LogCharacterMovement: SideScrollerCharacter_C_2 is stuck and failed to move!
[2016.05.05-19.55.21:710][106]LogCharacterMovement: SideScrollerCharacter_C_2 is stuck and failed to move!
[2016.05.05-19.55.23:735][176]LogCharacterMovement: SideScrollerCharacter_C_2 is stuck and failed to move!
[2016.05.05-19.55.24:941][217]LogCharacterMovement: SideScrollerCharacter_C_2 is stuck and failed to move!
[2016.05.05-19.55.26:532][272]LogBlueprintUserMessages: Early EndPlayMap Detection: Level '/Game/RunnerAssets/RunnerMap.RunnerMap:PersistentLevel' has LevelScriptBlueprint '/Game/RunnerAssets/RunnerMap.RunnerMap:PersistentLevel.RunnerMap' with GeneratedClass '/Game/RunnerAssets/RunnerMap.RunnerMap_C' with ClassGeneratedBy '/Game/RunnerAssets/RunnerMap.RunnerMap:PersistentLevel.RunnerMap'
[2016.05.05-19.55.26:606][272]LogBlueprintUserMessages: Late EndPlayMap Detection: Level '/Game/RunnerAssets/RunnerMap.RunnerMap:PersistentLevel' has LevelScriptBlueprint '/Game/RunnerAssets/RunnerMap.RunnerMap:PersistentLevel.RunnerMap' with GeneratedClass '/Game/RunnerAssets/RunnerMap.RunnerMap_C' with ClassGeneratedBy '/Game/RunnerAssets/RunnerMap.RunnerMap:PersistentLevel.RunnerMap'
[2016.05.05-19.55.26:643][272]LogParticles: Destroying 0 GPU particle simulations for FXSystem 0x00000133FC4E0360
[2016.05.05-19.55.41:311][669]BlueprintLog: New page: Compile Block_FloorWithVent
[2016.05.05-19.55.41:418][669]BlueprintEditorCompileResults: Info [0364.64] Compile of Block_FloorWithVent successful! [in 106 ms]
[2016.05.05-19.56.32:692][684]LogUObjectHash:Warning: Ambiguous search, could be K2Node_CommutativeAssociativeBinaryOperator /Game/RunnerAssets/Blueprints/Block/Block_FloorWithVent.Block_FloorWithVent:actionOn.K2Node_CommutativeAssociativeBinaryOperator_131 or K2Node_CommutativeAssociativeBinaryOperator /Game/RunnerAssets/Blueprints/Block/Block_FloorWithVent2.Block_FloorWithVent2:actionOn.K2Node_CommutativeAssociativeBinaryOperator_131
[2016.05.05-19.56.32:692][684]LogProperty:Warning: ObjectProperty /Script/Engine.EdGraphPin:LinkedTo.LinkedTo: unresolved reference to 'EdGraphPin'K2Node_CommutativeAssociativeBinaryOperator_131.EdGraphPin_991''
[2016.05.05-19.56.32:693][684]LogUObjectHash:Warning: Ambiguous search, could be K2Node_CallFunction /Game/RunnerAssets/Blueprints/Block/Block_FloorWithVent.Block_FloorWithVent:actionOn.K2Node_CallFunction_4188 or K2Node_CallFunction /Game/RunnerAssets/Blueprints/Block/Block_FloorWithVent2.Block_FloorWithVent2:actionOn.K2Node_CallFunction_4188
[2016.05.05-19.56.32:693][684]LogProperty:Warning: ObjectProperty /Script/Engine.EdGraphPin:LinkedTo.LinkedTo: unresolved reference to 'EdGraphPin'K2Node_CallFunction_4188.EdGraphPin_1005''
[2016.05.05-19.57.43:779][579]BlueprintLog: New page: Compile Block_FloorWithVent
[2016.05.05-19.57.43:889][579]BlueprintEditorCompileResults: Info [0487.11] Compile of Block_FloorWithVent successful! [in 109 ms]
[2016.05.05-19.57.44:573][622]LogSavePackage: Save=86.980011ms
[2016.05.05-19.57.44:573][622]LogSavePackage: Moving '../../../../../../Users/Johan/Documents/GitHub/Runner/Saved/Block_FloorWithVentBE68A3B946FC8FC51E48B0A437E929BC.tmp' to '../../../../../../Users/Johan/Documents/GitHub/Runner/Content/RunnerAssets/Blueprints/Block/Block_FloorWithVent.uasset'
[2016.05.05-19.57.44:577][622]LogSavePackage: Total save time: 108.072244ms
[2016.05.05-19.57.44:577][622]LogSavePackage:Display: Finished SavePackage ../../../../../../Users/Johan/Documents/GitHub/Runner/Content/RunnerAssets/Blueprints/Block/Block_FloorWithVent.uasset
[2016.05.05-19.57.45:423][690]LogBlueprintUserMessages: Early PlayInEditor Detection: Level '/Game/RunnerAssets/RunnerMap.RunnerMap:PersistentLevel' has LevelScriptBlueprint '/Game/RunnerAssets/RunnerMap.RunnerMap:PersistentLevel.RunnerMap' with GeneratedClass '/Game/RunnerAssets/RunnerMap.RunnerMap_C' with ClassGeneratedBy '/Game/RunnerAssets/RunnerMap.RunnerMap:PersistentLevel.RunnerMap'
[2016.05.05-19.57.45:423][690]LogPlayLevel: PlayLevel: No blueprints needed recompiling
[2016.05.05-19.57.45:423][690]PIE: New page: PIE session: RunnerMap (May 5, 2016, 11:57:45 PM)
[2016.05.05-19.57.45:423][690]LogPlayLevel: Creating play world package: /Game/RunnerAssets/UEDPIE_0_RunnerMap
[2016.05.05-19.57.45:462][690]LogPlayLevel: PIE: StaticDuplicateObject took: (0.038595s)
[2016.05.05-19.57.45:463][690]LogAIModule: Creating AISystem for world RunnerMap
[2016.05.05-19.57.45:463][690]LogPlayLevel: PIE: World Init took: (0.001491s)
[2016.05.05-19.57.45:464][690]LogPlayLevel: PIE: Created PIE world by copying editor world from /Game/RunnerAssets/RunnerMap.RunnerMap to /Game/RunnerAssets/UEDPIE_0_RunnerMap.RunnerMap (0.040591s)
[2016.05.05-19.57.45:501][690]LogInit: XAudio2 using 'Speakers (USB Sound Device        )' : 2 channels at 44.1 kHz using 16 bits per sample (channel mask 0x3)
[2016.05.05-19.57.45:507][690]LogInit: FAudioDevice initialized.
[2016.05.05-19.57.45:585][690]LogLinker:Warning: Can't find file '/Game/SideScrollerBP/Blueprints/SideScrollerGameMode'
[2016.05.05-19.57.45:585][690]LogLinker:Warning: Can't find file '/Game/SideScrollerBP/Blueprints/SideScrollerGameMode'
[2016.05.05-19.57.45:585][690]LogUObjectGlobals:Warning: Failed to find object 'Class /Game/SideScrollerBP/Blueprints/SideScrollerGameMode.SideScrollerGameMode_C'
[2016.05.05-19.57.45:585][690]LogWorld: Game class is 'GameMode'
[2016.05.05-19.57.45:592][690]LogWorld: Bringing World /Game/RunnerAssets/UEDPIE_0_RunnerMap.RunnerMap up for play (max tick rate 0) at 2016.05.05-21.57.45
[2016.05.05-19.57.45:592][690]LogActor:Warning: GameSession /Game/RunnerAssets/UEDPIE_0_RunnerMap.RunnerMap:PersistentLevel.GameSession_3 has natively added scene component(s), but none of them were set as the actor's RootComponent - picking one arbitrarily
[2016.05.05-19.57.45:593][690]LogActor:Warning: GameNetworkManager /Game/RunnerAssets/UEDPIE_0_RunnerMap.RunnerMap:PersistentLevel.GameNetworkManager_3 has natively added scene component(s), but none of them were set as the actor's RootComponent - picking one arbitrarily
[2016.05.05-19.57.45:593][690]LogWorld: Bringing up level for play took: 0.006223
[2016.05.05-19.57.45:594][690]LogGameMode: Warning - PATHS NOT DEFINED or NO PLAYERSTART with positive rating
[2016.05.05-19.57.45:624][690]PIE: Info Play in editor start time for /Game/RunnerAssets/UEDPIE_0_RunnerMap -0.534
[2016.05.05-19.57.45:625][690]LogBlueprintUserMessages: Late PlayInEditor Detection: Level '/Game/RunnerAssets/RunnerMap.RunnerMap:PersistentLevel' has LevelScriptBlueprint '/Game/RunnerAssets/RunnerMap.RunnerMap:PersistentLevel.RunnerMap' with GeneratedClass '/Game/RunnerAssets/RunnerMap.RunnerMap_C' with ClassGeneratedBy '/Game/RunnerAssets/RunnerMap.RunnerMap:PersistentLevel.RunnerMap'
[2016.05.05-19.58.42:944][727]LogBlueprintUserMessages: Early EndPlayMap Detection: Level '/Game/RunnerAssets/RunnerMap.RunnerMap:PersistentLevel' has LevelScriptBlueprint '/Game/RunnerAssets/RunnerMap.RunnerMap:PersistentLevel.RunnerMap' with GeneratedClass '/Game/RunnerAssets/RunnerMap.RunnerMap_C' with ClassGeneratedBy '/Game/RunnerAssets/RunnerMap.RunnerMap:PersistentLevel.RunnerMap'
[2016.05.05-19.58.43:035][727]LogBlueprintUserMessages: Late EndPlayMap Detection: Level '/Game/RunnerAssets/RunnerMap.RunnerMap:PersistentLevel' has LevelScriptBlueprint '/Game/RunnerAssets/RunnerMap.RunnerMap:PersistentLevel.RunnerMap' with GeneratedClass '/Game/RunnerAssets/RunnerMap.RunnerMap_C' with ClassGeneratedBy '/Game/RunnerAssets/RunnerMap.RunnerMap:PersistentLevel.RunnerMap'
[2016.05.05-19.58.43:091][727]LogParticles: Destroying 0 GPU particle simulations for FXSystem 0x00000133FE1F56C0
[2016.05.05-19.59.51:994][841]BlueprintLog: New page: Compile Block_FloorWithVent
[2016.05.05-19.59.52:109][841]BlueprintEditorCompileResults: Info [0615.33] Compile of Block_FloorWithVent successful! [in 114 ms]
[2016.05.05-19.59.52:781][887]LogSavePackage: Save=79.091179ms
[2016.05.05-19.59.52:781][887]LogSavePackage: Moving '../../../../../../Users/Johan/Documents/GitHub/Runner/Saved/Block_FloorWithVent8DAB04C34A7D3246DADDCC809AD96F64.tmp' to '../../../../../../Users/Johan/Documents/GitHub/Runner/Content/RunnerAssets/Blueprints/Block/Block_FloorWithVent.uasset'
[2016.05.05-19.59.52:785][887]LogSavePackage: Total save time: 90.764746ms
[2016.05.05-19.59.52:785][887]LogSavePackage:Display: Finished SavePackage ../../../../../../Users/Johan/Documents/GitHub/Runner/Content/RunnerAssets/Blueprints/Block/Block_FloorWithVent.uasset
[2016.05.05-20.03.06:582][792]LogParticles: Destroying 0 GPU particle simulations for FXSystem 0x00000133ACBE20C0
[2016.05.05-20.03.06:843][792]LogSavePackage: Save=203.030746ms
[2016.05.05-20.03.06:843][792]LogSavePackage: Moving '../../../../../../Users/Johan/Documents/GitHub/Runner/Saved/RunnerMap_Auto1B17F702345AE75F3FE449DB38E85645A.tmp' to '../../../../../../Users/Johan/Documents/GitHub/Runner/Saved/Autosaves/Game/RunnerAssets/RunnerMap_Auto1.umap'
[2016.05.05-20.03.06:845][792]LogSavePackage: Total save time: 252.843831ms
[2016.05.05-20.03.06:845][792]LogSavePackage:Display: Finished SavePackage ../../../../../../Users/Johan/Documents/GitHub/Runner/Saved/Autosaves/Game/RunnerAssets/RunnerMap_Auto1.umap
[2016.05.05-20.03.06:847][792]LogFileHelpers: Editor autosave (incl. sublevels) for '/Game/RunnerAssets/RunnerMap' took 0.295
[2016.05.05-20.03.06:847][792]LogFileHelpers: Editor autosave (incl. sublevels) for all levels took 0.295
[2016.05.05-22.48.26:327][320]Cmd: OBJ SAVEPACKAGE PACKAGE="/Game/RunnerAssets/RunnerMap" FILE="../../../../../../Users/Johan/Documents/GitHub/Runner/Content/RunnerAssets/RunnerMap.umap" SILENT=true AUTOSAVING=false KEEPDIRTY=false
[2016.05.05-22.48.26:832][320]LogSavePackage: Save=212.957443ms
[2016.05.05-22.48.26:832][320]LogSavePackage: Moving '../../../../../../Users/Johan/Documents/GitHub/Runner/Saved/RunnerMap096E9698482A02B49E7E42BB48A640E2.tmp' to '../../../../../../Users/Johan/Documents/GitHub/Runner/Content/RunnerAssets/RunnerMap.umap'
[2016.05.05-22.48.26:835][320]LogSavePackage: Total save time: 448.330767ms
[2016.05.05-22.48.26:835][320]LogSavePackage:Display: Finished SavePackage ../../../../../../Users/Johan/Documents/GitHub/Runner/Content/RunnerAssets/RunnerMap.umap
[2016.05.05-22.48.26:898][320]LogFileHelpers: Saving map 'RunnerMap' took 5.335
[2016.05.05-22.48.27:782][321]Cmd: QUIT_EDITOR
[2016.05.05-22.48.29:232][321]LogWindowsTextInputMethodSystem:Display: IME system now deactivated.
[2016.05.05-22.48.29:233][321]LogWindowsTextInputMethodSystem:Display: IME system now deactivated.
[2016.05.05-22.48.29:428][321]LogExit: Preparing to exit.
[2016.05.05-22.53.31:042][321]LogExit: Editor shut down
[2016.05.05-22.53.31:042][321]LogExit: Transaction tracking system shut down
[2016.05.05-22.53.31:140][321]LogParticles: Destroying 0 GPU particle simulations for FXSystem 0x00000133AE0BAB60
[2016.05.05-22.53.31:141][321]LogParticles: Destroying 0 GPU particle simulations for FXSystem 0x00000133B66E3880
[2016.05.05-22.53.31:141][321]LogParticles: Destroying 0 GPU particle simulations for FXSystem 0x00000133B68C54E0
[2016.05.05-22.53.31:141][321]LogParticles: Destroying 0 GPU particle simulations for FXSystem 0x00000133B2CEF240
[2016.05.05-22.53.32:412][321]LogExit: Object subsystem successfully closed.
[2016.05.05-22.53.32:732][321]LogD3D11RHI: Shutdown
[2016.05.05-22.53.32:732][321]LogD3D11RHI: CleanupD3DDevice
[2016.05.05-22.53.32:916][321]LogD3D11RHI: ~FD3D11DynamicRHI
[2016.05.05-22.53.33:674][321]LogModuleManager: Shutting down and abandoning module CookingStats (200)
[2016.05.05-22.53.33:674][321]LogModuleManager: Shutting down and abandoning module BlueprintGraph (199)
[2016.05.05-22.53.33:674][321]LogModuleManager: Shutting down and abandoning module CrashTracker (198)
[2016.05.05-22.53.33:674][321]LogModuleManager: Shutting down and abandoning module SceneOutliner (197)
[2016.05.05-22.53.33:674][321]LogModuleManager: Shutting down and abandoning module SuperSearch (196)
[2016.05.05-22.53.33:674][321]LogModuleManager: Shutting down and abandoning module WidgetCarousel (195)
[2016.05.05-22.53.33:688][321]LogModuleManager: Shutting down and abandoning module AddContentDialog (194)
[2016.05.05-22.53.33:696][321]LogModuleManager: Shutting down and abandoning module EditorWidgets (193)
[2016.05.05-22.53.33:696][321]LogModuleManager: Shutting down and abandoning module CollectionManager (192)
[2016.05.05-22.53.33:728][321]LogModuleManager: Shutting down and abandoning module StatsViewer (191)
[2016.05.05-22.53.33:756][321]LogModuleManager: Shutting down and abandoning module FoliageEdit (190)
[2016.05.05-22.53.33:769][321]LogModuleManager: Shutting down and abandoning module LandscapeEditor (189)
[2016.05.05-22.53.33:793][321]LogModuleManager: Shutting down and abandoning module ActorPickerMode (188)
[2016.05.05-22.53.33:793][321]LogModuleManager: Shutting down and abandoning module GeometryMode (187)
[2016.05.05-22.53.33:793][321]LogModuleManager: Shutting down and abandoning module TextureAlignMode (186)
[2016.05.05-22.53.33:793][321]LogModuleManager: Shutting down and abandoning module BspMode (185)
[2016.05.05-22.53.33:793][321]LogModuleManager: Shutting down and abandoning module PlacementMode (184)
[2016.05.05-22.53.33:793][321]LogModuleManager: Shutting down and abandoning module AutomationWorker (183)
[2016.05.05-22.53.33:793][321]LogModuleManager: Shutting down and abandoning module CharacterAI (182)
[2016.05.05-22.53.33:793][321]LogModuleManager: Shutting down and abandoning module SmartSnapping (181)
[2016.05.05-22.53.33:793][321]LogModuleManager: Shutting down and abandoning module ViewportSnapping (180)
[2016.05.05-22.53.33:793][321]LogModuleManager: Shutting down and abandoning module LogVisualizer (179)
[2016.05.05-22.53.33:822][321]LogModuleManager: Shutting down and abandoning module GameProjectGeneration (178)
[2016.05.05-22.53.33:837][321]LogModuleManager: Shutting down and abandoning module IntroTutorials (177)
[2016.05.05-22.53.33:866][321]LogModuleManager: Shutting down and abandoning module EditorLiveStreaming (176)
[2016.05.05-22.53.33:866][321]LogModuleManager: Shutting down and abandoning module IOSPlatformEditor (175)
[2016.05.05-22.53.33:876][321]LogModuleManager: Shutting down and abandoning module HTML5PlatformEditor (174)
[2016.05.05-22.53.33:876][321]LogModuleManager: Shutting down and abandoning module AndroidDeviceDetection (173)
[2016.05.05-22.53.34:428][321]LogModuleManager: Shutting down and abandoning module AndroidPlatformEditor (172)
[2016.05.05-22.53.34:428][321]LogModuleManager: Shutting down and abandoning module IOSRuntimeSettings (171)
[2016.05.05-22.53.34:428][321]LogModuleManager: Shutting down and abandoning module AndroidRuntimeSettings (170)
[2016.05.05-22.53.34:428][321]LogModuleManager: Shutting down and abandoning module MergeActors (169)
[2016.05.05-22.53.34:440][321]LogModuleManager: Shutting down and abandoning module SizeMap (168)
[2016.05.05-22.53.34:440][321]LogModuleManager: Shutting down and abandoning module TreeMap (167)
[2016.05.05-22.53.34:450][321]LogModuleManager: Shutting down and abandoning module ReferenceViewer (166)
[2016.05.05-22.53.34:454][321]LogModuleManager: Shutting down and abandoning module LocalizationService (165)
[2016.05.05-22.53.34:458][321]LogModuleManager: Shutting down and abandoning module LocalizationDashboard (164)
[2016.05.05-22.53.34:463][321]LogModuleManager: Shutting down and abandoning module HardwareTargeting (163)
[2016.05.05-22.53.34:468][321]LogModuleManager: Shutting down and abandoning module DeviceProfileEditor (162)
[2016.05.05-22.53.34:490][321]LogModuleManager: Shutting down and abandoning module UndoHistory (161)
[2016.05.05-22.53.34:496][321]LogModuleManager: Shutting down and abandoning module GameplayTagsEditor (160)
[2016.05.05-22.53.34:499][321]LogModuleManager: Shutting down and abandoning module UserFeedback (159)
[2016.05.05-22.53.34:499][321]LogModuleManager: Shutting down and abandoning module XmlParser (158)
[2016.05.05-22.53.34:505][321]LogModuleManager: Shutting down and abandoning module Blutility (157)
[2016.05.05-22.53.34:505][321]LogModuleManager: Shutting down and abandoning module ProjectTargetPlatformEditor (156)
[2016.05.05-22.53.34:511][321]LogModuleManager: Shutting down and abandoning module ProjectSettingsViewer (155)
[2016.05.05-22.53.34:511][321]LogModuleManager: Shutting down and abandoning module InputBindingEditor (154)
[2016.05.05-22.53.34:634][321]LogModuleManager: Shutting down and abandoning module EditorSettingsViewer (153)
[2016.05.05-22.53.34:634][321]LogModuleManager: Shutting down and abandoning module SettingsEditor (152)
[2016.05.05-22.53.34:655][321]LogModuleManager: Shutting down and abandoning module ProjectLauncher (151)
[2016.05.05-22.53.34:670][321]LogModuleManager: Shutting down and abandoning module SessionFrontend (150)
[2016.05.05-22.53.34:687][321]LogModuleManager: Shutting down and abandoning module ProfilerClient (149)
[2016.05.05-22.53.34:698][321]LogModuleManager: Shutting down and abandoning module TargetDeviceServices (148)
[2016.05.05-22.53.34:700][321]LogModuleManager: Shutting down and abandoning module DeviceManager (147)
[2016.05.05-22.53.34:709][321]LogModuleManager: Shutting down and abandoning module AutomationController (146)
[2016.05.05-22.53.34:719][321]LogModuleManager: Shutting down and abandoning module AutomationWindow (145)
[2016.05.05-22.53.34:723][321]LogModuleManager: Shutting down and abandoning module Layers (144)
[2016.05.05-22.53.34:752][321]LogModuleManager: Shutting down and abandoning module ComponentVisualizers (143)
[2016.05.05-22.53.34:752][321]LogModuleManager: Shutting down and abandoning module DetailCustomizations (142)
[2016.05.05-22.53.34:761][321]LogModuleManager: Shutting down and abandoning module PackagesDialog (141)
[2016.05.05-22.53.34:761][321]LogModuleManager: Shutting down and abandoning module Persona (140)
[2016.05.05-22.53.34:804][321]LogModuleManager: Shutting down and abandoning module Kismet (139)
[2016.05.05-22.53.34:804][321]LogModuleManager: Shutting down and abandoning module GraphEditor (138)
[2016.05.05-22.53.34:804][321]LogModuleManager: Shutting down and abandoning module ClassViewer (137)
[2016.05.05-22.53.34:811][321]LogModuleManager: Shutting down and abandoning module Toolbox (136)
[2016.05.05-22.53.34:811][321]LogModuleManager: Shutting down and abandoning module ModuleUI (135)
[2016.05.05-22.53.34:820][321]LogModuleManager: Shutting down and abandoning module MovieSceneTools (134)
[2016.05.05-22.53.34:834][321]LogModuleManager: Shutting down and abandoning module OutputLog (133)
[2016.05.05-22.53.34:834][321]LogModuleManager: Shutting down and abandoning module GammaUI (132)
[2016.05.05-22.53.34:888][321]LogModuleManager: Shutting down and abandoning module Documentation (131)
[2016.05.05-22.53.34:889][321]LogModuleManager: Shutting down and abandoning module GameLiveStreaming (130)
[2016.05.05-22.53.34:917][321]LogModuleManager: Shutting down and abandoning module StreamingPauseRendering (129)
[2016.05.05-22.53.34:917][321]LogModuleManager: Shutting down and abandoning module AnalyticsET (128)
[2016.05.05-22.53.34:917][321]LogModuleManager: Shutting down and abandoning module Analytics (127)
[2016.05.05-22.53.34:917][321]LogModuleManager: Shutting down and abandoning module AITestSuite (126)
[2016.05.05-22.53.34:963][321]LogModuleManager: Shutting down and abandoning module GameplayDebugger (125)
[2016.05.05-22.53.34:969][321]LogModuleManager: Shutting down and abandoning module AIModule (124)
[2016.05.05-22.53.34:969][321]LogModuleManager: Shutting down and abandoning module ProfilerService (123)
[2016.05.05-22.53.35:046][321]LogModuleManager: Shutting down and abandoning module TaskGraph (122)
[2016.05.05-22.53.35:060][321]LogModuleManager: Shutting down and abandoning module SlateRemote (121)
[2016.05.05-22.53.35:060][321]LogModuleManager: Shutting down and abandoning module SteamVRController (120)
[2016.05.05-22.53.35:060][321]LogModuleManager: Shutting down and abandoning module SteamVR (119)
[2016.05.05-22.53.35:060][321]LogModuleManager: Shutting down and abandoning module ProceduralMeshComponent (118)
[2016.05.05-22.53.35:060][321]LogModuleManager: Shutting down and abandoning module OculusLibrary (117)
[2016.05.05-22.53.35:060][321]LogModuleManager: Shutting down and abandoning module OculusInput (116)
[2016.05.05-22.53.35:060][321]LogModuleManager: Shutting down and abandoning module LeapMotionController (115)
[2016.05.05-22.53.35:160][321]LogModuleManager: Shutting down and abandoning module CustomMeshComponent (114)
[2016.05.05-22.53.35:160][321]LogModuleManager: Shutting down and abandoning module CableComponent (113)
[2016.05.05-22.53.35:170][321]LogModuleManager: Shutting down and abandoning module ArchVisCharacter (112)
[2016.05.05-22.53.35:170][321]LogModuleManager: Shutting down and abandoning module MessagingDebugger (111)
[2016.05.05-22.53.35:283][321]LogModuleManager: Shutting down and abandoning module MediaPlayerEditor (110)
[2016.05.05-22.53.35:311][321]LogModuleManager: Shutting down and abandoning module HTML5Networking (109)
[2016.05.05-22.53.35:311][321]LogModuleManager: Shutting down and abandoning module SpeedTreeImporter (108)
[2016.05.05-22.53.35:311][321]LogModuleManager: Shutting down and abandoning module PluginBrowser (107)
[2016.05.05-22.53.35:341][321]LogModuleManager: Shutting down and abandoning module EpicSurvey (106)
[2016.05.05-22.53.35:351][321]LogModuleManager: Shutting down and abandoning module DesktopPlatform (105)
[2016.05.05-22.53.35:358][321]LogModuleManager: Shutting down and abandoning module VisualStudioSourceCodeAccess (104)
[2016.05.05-22.53.35:361][321]LogModuleManager: Shutting down and abandoning module UObjectPlugin (103)
[2016.05.05-22.53.35:361][321]LogModuleManager: Shutting down and abandoning module SubversionSourceControl (102)
[2016.05.05-22.53.35:372][321]LogModuleManager: Shutting down and abandoning module PerforceSourceControl (101)
[2016.05.05-22.53.35:405][321]LogModuleManager: Shutting down and abandoning module SourceControl (100)
[2016.05.05-22.53.35:435][321]LogModuleManager: Shutting down and abandoning module GitSourceControl (99)
[2016.05.05-22.53.35:443][321]LogModuleManager: Shutting down and abandoning module LightPropagationVolumeEditor (98)
[2016.05.05-22.53.35:443][321]LogModuleManager: Shutting down and abandoning module PaperTiledImporter (97)
[2016.05.05-22.53.35:454][321]LogModuleManager: Shutting down and abandoning module PaperSpriteSheetImporter (96)
[2016.05.05-22.53.35:454][321]LogModuleManager: Shutting down and abandoning module MeshPaint (95)
[2016.05.05-22.53.35:454][321]LogModuleManager: Shutting down and abandoning module SlateReflector (94)
[2016.05.05-22.53.35:473][321]LogModuleManager: Shutting down and abandoning module HotReload (93)
[2016.05.05-22.53.35:483][321]LogModuleManager: Shutting down and abandoning module MainFrame (92)
[2016.05.05-22.53.35:483][321]LogModuleManager: Shutting down and abandoning module LevelEditor (91)
[2016.05.05-22.53.35:495][321]LogModuleManager: Shutting down and abandoning module DirectoryWatcher (90)
[2016.05.05-22.53.35:497][321]LogModuleManager: Shutting down and abandoning module AssetRegistry (89)
[2016.05.05-22.53.35:546][321]LogModuleManager: Shutting down and abandoning module ContentBrowser (88)
[2016.05.05-22.53.35:547][321]LogModuleManager: Shutting down and abandoning module Paper2DEditor (87)
[2016.05.05-22.53.35:606][321]LogModuleManager: Shutting down and abandoning module UdpMessaging (86)
[2016.05.05-22.53.35:706][321]LogModuleManager: Shutting down and abandoning module LightPropagationVolumeRuntime (85)
[2016.05.05-22.53.35:706][321]LogModuleManager: Shutting down and abandoning module Paper2D (84)
[2016.05.05-22.53.35:727][321]LogModuleManager: Shutting down and abandoning module WindowsMoviePlayer (83)
[2016.05.05-22.53.35:733][321]LogModuleManager: Shutting down and abandoning module Media (82)
[2016.05.05-22.53.35:733][321]LogModuleManager: Shutting down and abandoning module WmfMedia (81)
[2016.05.05-22.53.35:733][321]LogModuleManager: Shutting down and abandoning module OnlineBlueprintSupport (80)
[2016.05.05-22.53.35:733][321]LogModuleManager: Shutting down and abandoning module GameplayTasksEditor (79)
[2016.05.05-22.53.35:733][321]LogModuleManager: Shutting down and abandoning module PropertyEditor (78)
[2016.05.05-22.53.35:733][321]LogModuleManager: Shutting down and abandoning module BehaviorTreeEditor (77)
[2016.05.05-22.53.35:769][321]LogModuleManager: Shutting down and abandoning module FunctionalTesting (76)
[2016.05.05-22.53.35:769][321]LogModuleManager: Shutting down and abandoning module CollisionAnalyzer (75)
[2016.05.05-22.53.35:772][321]LogModuleManager: Shutting down and abandoning module WorkspaceMenuStructure (74)
[2016.05.05-22.53.35:772][321]LogModuleManager: Shutting down and abandoning module MessageLog (73)
[2016.05.05-22.53.35:773][321]LogModuleManager: Shutting down and abandoning module Sequencer (72)
[2016.05.05-22.53.35:804][321]LogModuleManager: Shutting down and abandoning module AssetTools (71)
[2016.05.05-22.53.35:841][321]LogModuleManager: Shutting down and abandoning module UMGEditor (70)
[2016.05.05-22.53.35:873][321]LogModuleManager: Shutting down and abandoning module UMG (69)
[2016.05.05-22.53.35:873][321]LogModuleManager: Shutting down and abandoning module Slate (68)
[2016.05.05-22.53.35:873][321]LogModuleManager: Shutting down and abandoning module EditorStyle (67)
[2016.05.05-22.53.35:899][321]LogModuleManager: Shutting down and abandoning module SessionServices (66)
[2016.05.05-22.53.35:899][321]LogModuleManager: Shutting down and abandoning module SourceCodeAccess (65)
[2016.05.05-22.53.35:899][321]LogModuleManager: Shutting down and abandoning module HeadMountedDisplay (64)
[2016.05.05-22.53.35:899][321]LogModuleManager: Shutting down and abandoning module XAudio2 (63)
[2016.05.05-22.53.35:899][321]LogModuleManager: Shutting down and abandoning module Networking (61)
[2016.05.05-22.53.35:899][321]LogModuleManager: Shutting down and abandoning module Core (60)
[2016.05.05-22.53.35:899][321]LogModuleManager: Shutting down and abandoning module KismetCompiler (59)
[2016.05.05-22.53.35:899][321]LogModuleManager: Shutting down and abandoning module PhysXFormats (58)
[2016.05.05-22.53.35:933][321]LogModuleManager: Shutting down and abandoning module MeshUtilities (57)
[2016.05.05-22.53.35:975][321]LogModuleManager: Shutting down and abandoning module DerivedDataCache (56)
[2016.05.05-22.53.36:029][321]LogDerivedDataCache: Shutdown
[2016.05.05-22.53.36:029][321]LogModuleManager: Shutting down and abandoning module ShaderFormatOpenGL (55)
[2016.05.05-22.53.36:042][321]LogModuleManager: Shutting down and abandoning module ShaderFormatD3D (54)
[2016.05.05-22.53.36:047][321]LogModuleManager: Shutting down and abandoning module MetalShaderFormat (53)
[2016.05.05-22.53.36:054][321]LogModuleManager: Shutting down and abandoning module TextureFormatUncompressed (52)
[2016.05.05-22.53.36:054][321]LogModuleManager: Shutting down and abandoning module TextureFormatPVR (51)
[2016.05.05-22.53.36:060][321]LogModuleManager: Shutting down and abandoning module TextureFormatIntelISPCTexComp (50)
[2016.05.05-22.53.36:060][321]LogModuleManager: Shutting down and abandoning module TextureFormatDXT (49)
[2016.05.05-22.53.36:068][321]LogModuleManager: Shutting down and abandoning module ImageWrapper (48)
[2016.05.05-22.53.36:068][321]LogModuleManager: Shutting down and abandoning module TextureFormatASTC (47)
[2016.05.05-22.53.36:068][321]LogModuleManager: Shutting down and abandoning module TextureFormatAndroid (46)
[2016.05.05-22.53.36:068][321]LogModuleManager: Shutting down and abandoning module AudioFormatOpus (45)
[2016.05.05-22.53.36:071][321]LogModuleManager: Shutting down and abandoning module AudioFormatOgg (44)
[2016.05.05-22.53.36:084][321]LogModuleManager: Shutting down and abandoning module AudioFormatADPCM (43)
[2016.05.05-22.53.36:093][321]LogModuleManager: Shutting down and abandoning module LinuxTargetPlatform (42)
[2016.05.05-22.53.36:093][321]LogModuleManager: Shutting down and abandoning module LinuxServerTargetPlatform (41)
[2016.05.05-22.53.36:098][321]LogModuleManager: Shutting down and abandoning module LinuxNoEditorTargetPlatform (40)
[2016.05.05-22.53.36:113][321]LogModuleManager: Shutting down and abandoning module Messaging (39)
[2016.05.05-22.53.36:113][321]LogModuleManager: Shutting down and abandoning module IOSTargetPlatform (38)
[2016.05.05-22.53.36:113][321]LogModuleManager: Shutting down and abandoning module HTML5TargetPlatform (37)
[2016.05.05-22.53.36:113][321]LogModuleManager: Shutting down and abandoning module Android_PVRTCTargetPlatform (36)
[2016.05.05-22.53.36:113][321]LogModuleManager: Shutting down and abandoning module Android_MultiTargetPlatform (35)
[2016.05.05-22.53.36:113][321]LogModuleManager: Shutting down and abandoning module Android_ETC2TargetPlatform (34)
[2016.05.05-22.53.36:113][321]LogModuleManager: Shutting down and abandoning module Android_ETC1TargetPlatform (33)
[2016.05.05-22.53.36:113][321]LogModuleManager: Shutting down and abandoning module Android_DXTTargetPlatform (32)
[2016.05.05-22.53.36:113][321]LogModuleManager: Shutting down and abandoning module Android_ATCTargetPlatform (31)
[2016.05.05-22.53.36:113][321]LogModuleManager: Shutting down and abandoning module Android_ASTCTargetPlatform (30)
[2016.05.05-22.53.36:113][321]LogModuleManager: Shutting down and abandoning module AndroidTargetPlatform (29)
[2016.05.05-22.53.36:113][321]LogModuleManager: Shutting down and abandoning module WindowsTargetPlatform (28)
[2016.05.05-22.53.36:113][321]LogModuleManager: Shutting down and abandoning module WindowsServerTargetPlatform (27)
[2016.05.05-22.53.36:117][321]LogModuleManager: Shutting down and abandoning module WindowsNoEditorTargetPlatform (26)
[2016.05.05-22.53.36:126][321]LogModuleManager: Shutting down and abandoning module WindowsClientTargetPlatform (25)
[2016.05.05-22.53.36:136][321]LogModuleManager: Shutting down and abandoning module AllDesktopTargetPlatform (24)
[2016.05.05-22.53.36:136][321]LogModuleManager: Shutting down and abandoning module TargetPlatform (23)
[2016.05.05-22.53.36:136][321]LogModuleManager: Shutting down and abandoning module InputCore (22)
[2016.05.05-22.53.36:136][321]LogModuleManager: Shutting down and abandoning module Settings (21)
[2016.05.05-22.53.36:136][321]LogModuleManager: Shutting down and abandoning module OnlineSubsystem (19)
[2016.05.05-22.53.36:136][321]LogModuleManager: Shutting down and abandoning module HTTP (18)
[2016.05.05-22.53.38:137][321]LogModuleManager: Shutting down and abandoning module XMPP (17)
[2016.05.05-22.53.38:166][321]LogModuleManager: Shutting down and abandoning module OculusRift (16)
[2016.05.05-22.53.38:242][321]LogModuleManager: Shutting down and abandoning module ExampleDeviceProfileSelector (15)
[2016.05.05-22.53.38:242][321]LogModuleManager: Shutting down and abandoning module TextureCompressor (14)
[2016.05.05-22.53.38:296][321]LogModuleManager: Shutting down and abandoning module ShaderCore (13)
[2016.05.05-22.53.38:296][321]LogModuleManager: Shutting down and abandoning module Landscape (12)
[2016.05.05-22.53.38:296][321]LogModuleManager: Shutting down and abandoning module SlateRHIRenderer (11)
[2016.05.05-22.53.38:314][321]LogModuleManager: Shutting down and abandoning module OpenGLDrv (10)
[2016.05.05-22.53.38:326][321]LogModuleManager: Shutting down and abandoning module D3D11RHI (9)
[2016.05.05-22.53.38:326][321]LogModuleManager: Shutting down and abandoning module AnimGraphRuntime (8)
[2016.05.05-22.53.38:326][321]LogModuleManager: Shutting down and abandoning module Renderer (7)
[2016.05.05-22.53.38:326][321]LogModuleManager: Shutting down and abandoning module Engine (6)
[2016.05.05-22.53.38:326][321]LogModuleManager: Shutting down and abandoning module CoreUObject (5)
[2016.05.05-22.53.38:326][321]LogModuleManager: Shutting down and abandoning module NetworkFile (4)
[2016.05.05-22.53.38:350][321]LogModuleManager: Shutting down and abandoning module StreamingFile (3)
[2016.05.05-22.53.38:352][321]LogModuleManager: Shutting down and abandoning module SandboxFile (2)
[2016.05.05-22.53.38:407][321]LogModuleManager: Shutting down and abandoning module PakFile (1)
[2016.05.05-22.53.38:428][321]LogExit: Exiting.
[2016.05.05-22.53.38:433][321]Log file closed, 05/06/16 00:53:38
