[2016.05.07-19.24.18:116][  0]Log file open, 05/07/16 21:24:18
[2016.05.07-19.24.18:116][  0]LogInit:Display: Running engine for game: Runner
[2016.05.07-19.24.18:116][  0]LogPlatformFile: Not using cached read wrapper
[2016.05.07-19.24.18:116][  0]LogInit:Display: RandInit(1192834131) SRandInit(1192834133).
[2016.05.07-19.24.18:116][  0]LogTaskGraph: Started task graph with 4 named threads and 7 total threads.
[2016.05.07-19.24.18:116][  0]LogStats: Stats thread started at 0.078259
[2016.05.07-19.24.18:116][  0]LogInit: Version: 4.10.4-2872498+++depot+UE4-Releases+4.10
[2016.05.07-19.24.18:116][  0]LogInit: API Version: 2758231
[2016.05.07-19.24.18:116][  0]LogInit: Compiled (64-bit): Feb 18 2016 15:47:04
[2016.05.07-19.24.18:116][  0]LogInit: Compiled with Visual C++: 19.00.23026.00
[2016.05.07-19.24.18:116][  0]LogInit: Build Configuration: Development
[2016.05.07-19.24.18:116][  0]LogInit: Branch Name: ++depot+UE4-Releases+4.10
[2016.05.07-19.24.18:116][  0]LogInit: Command line:  
[2016.05.07-19.24.18:116][  0]LogInit: Base directory: C:/Program Files/Epic Games/4.10/Engine/Binaries/Win64/
[2016.05.07-19.24.18:116][  0]LogInit: Rocket: 1
[2016.05.07-19.24.18:123][  0]LogInit: Using libcurl 7.41.0
[2016.05.07-19.24.18:123][  0]LogInit:  - built for x86_64-pc-win32
[2016.05.07-19.24.18:123][  0]LogInit:  - supports SSL with WinSSL
[2016.05.07-19.24.18:123][  0]LogInit:  - other features:
[2016.05.07-19.24.18:123][  0]LogInit:      CURL_VERSION_SSL
[2016.05.07-19.24.18:123][  0]LogInit:      CURL_VERSION_IPV6
[2016.05.07-19.24.18:123][  0]LogInit:      CURL_VERSION_ASYNCHDNS
[2016.05.07-19.24.18:123][  0]LogInit:      CURL_VERSION_LARGEFILE
[2016.05.07-19.24.18:123][  0]LogInit:      CURL_VERSION_IDN
[2016.05.07-19.24.18:124][  0]LogInit:  CurlRequestOptions (configurable via config and command line):
[2016.05.07-19.24.18:124][  0]LogInit:  - bVerifyPeer = true  - Libcurl will verify peer certificate
[2016.05.07-19.24.18:124][  0]LogInit:  - bUseHttpProxy = false  - Libcurl will NOT use HTTP proxy
[2016.05.07-19.24.18:124][  0]LogInit:  - bDontReuseConnections = false  - Libcurl will reuse connections
[2016.05.07-19.24.18:124][  0]LogInit:  - CertBundlePath = nullptr  - Libcurl will use whatever was configured at build time.
[2016.05.07-19.24.18:131][  0]LogInit: Presizing for 0 objects not considered by GC, pre-allocating 0 bytes.
[2016.05.07-19.24.18:138][  0]LogInit: Object subsystem initialized
[2016.05.07-19.24.18:139][  0]LogInit: Selected Device Profile: [Windows]
[2016.05.07-19.24.18:139][  0]LogInit: Applying CVar settings loaded from the selected device profile: [Windows]
[2016.05.07-19.24.18:148][  0]LogInit: Computer: JOHANS_MONSTER
[2016.05.07-19.24.18:148][  0]LogInit: User: Johan
[2016.05.07-19.24.18:148][  0]LogInit: CPU Page size=4096, Cores=4
[2016.05.07-19.24.18:148][  0]LogInit: High frequency timer resolution =3.312788 MHz
[2016.05.07-19.24.18:148][  0]LogMemory: Memory total: Physical=16.0GB (16GB approx)
[2016.05.07-19.24.18:148][  0]LogMemory: Platform Memory Stats for Windows
[2016.05.07-19.24.18:148][  0]LogMemory: Process Physical Memory: 56.49 MB used, 56.49 MB peak
[2016.05.07-19.24.18:148][  0]LogMemory: Process Virtual Memory: 56.90 MB used, 56.90 MB peak
[2016.05.07-19.24.18:148][  0]LogMemory: Physical Memory: 4700.38 MB used, 16337.33 MB total
[2016.05.07-19.24.18:148][  0]LogMemory: Virtual Memory: 383.85 MB used, 134217728.00 MB total
[2016.05.07-19.24.18:180][  0]LogTextLocalizationManager: No translations for ('sv-SE') exist, falling back to 'en' for localization and internationalization data.
[2016.05.07-19.24.18:594][  0]LogD3D11RHI: Found D3D11 adapter 0: NVIDIA GeForce GTX 560 SE (Feature Level 11_0)
[2016.05.07-19.24.18:594][  0]LogD3D11RHI: Adapter has 977MB of dedicated video memory, 0MB of dedicated system memory, and 8168MB of shared system memory, 1 output[s]
[2016.05.07-19.24.18:595][  0]LogD3D11RHI: Found D3D11 adapter 1: Microsoft Basic Render Driver (Feature Level 11_0)
[2016.05.07-19.24.18:595][  0]LogD3D11RHI: Adapter has 0MB of dedicated video memory, 0MB of dedicated system memory, and 8168MB of shared system memory, 0 output[s]
[2016.05.07-19.24.18:595][  0]LogD3D11RHI: Chosen D3D11 Adapter Id = 0
[2016.05.07-19.24.18:598][  0]LogD3D11RHI: !Direct3DDevice
[2016.05.07-19.24.18:598][  0]LogRHI: Texture pool is 684 MB (70% of 977 MB)
[2016.05.07-19.24.18:613][  0]LogD3D11RHI: Async texture creation enabled
[2016.05.07-19.24.18:627][  0]LogShaderCompilers: Guid format shader working directory is -7 characters bigger than the processId version (../../../../../../Users/Johan/Documents/GitHub/Runner/Intermediate/Shaders/WorkingDirectory/4428/).
[2016.05.07-19.24.18:627][  0]LogShaderCompilers: Cleaned the shader compiler working directory 'C:/Users/Johan/AppData/Local/Temp/UnrealShaderWorkingDir/F458F98E43B75474F400DF8B61E4CC87/'.
[2016.05.07-19.24.18:627][  0]LogShaderCompilers:Display: Using Local Shader Compiler.
[2016.05.07-19.24.19:385][  0]LogTemp:Display: Loaded TP AllDesktopTargetPlatform
[2016.05.07-19.24.19:390][  0]LogTemp:Display: Loaded TP WindowsClientTargetPlatform
[2016.05.07-19.24.19:395][  0]LogTemp:Display: Loaded TP WindowsNoEditorTargetPlatform
[2016.05.07-19.24.19:400][  0]LogTemp:Display: Loaded TP WindowsServerTargetPlatform
[2016.05.07-19.24.19:405][  0]LogTemp:Display: Loaded TP WindowsTargetPlatform
[2016.05.07-19.24.19:408][  0]LogTemp:Display: Loaded TP AndroidTargetPlatform
[2016.05.07-19.24.19:410][  0]LogTemp:Display: Loaded TP Android_ASTCTargetPlatform
[2016.05.07-19.24.19:413][  0]LogTemp:Display: Loaded TP Android_ATCTargetPlatform
[2016.05.07-19.24.19:416][  0]LogTemp:Display: Loaded TP Android_DXTTargetPlatform
[2016.05.07-19.24.19:419][  0]LogTemp:Display: Loaded TP Android_ETC1TargetPlatform
[2016.05.07-19.24.19:422][  0]LogTemp:Display: Loaded TP Android_ETC2TargetPlatform
[2016.05.07-19.24.19:428][  0]LogTemp:Display: Loaded TP Android_MultiTargetPlatform
[2016.05.07-19.24.19:428][  0]LogTemp:Display: Loaded TP Android_PVRTCTargetPlatform
[2016.05.07-19.24.19:429][  0]LogTemp:Display: Loaded TP HTML5TargetPlatform
[2016.05.07-19.24.19:446][  0]LogTemp:Display: Loaded TP IOSTargetPlatform
[2016.05.07-19.24.19:449][  0]LogTemp:Display: Loaded TP LinuxNoEditorTargetPlatform
[2016.05.07-19.24.19:451][  0]LogTemp:Display: Loaded TP LinuxServerTargetPlatform
[2016.05.07-19.24.19:454][  0]LogTemp:Display: Loaded TP LinuxTargetPlatform
[2016.05.07-19.24.19:454][  0]LogTargetPlatformManager:Display: Building Assets For Windows
[2016.05.07-19.24.19:542][  0]LogDerivedDataCache:Display: Max Cache Size: 512 MB
[2016.05.07-19.24.19:585][  0]LogDerivedDataCache: Loaded boot cache 0.04s 41MB C:/Users/Johan/AppData/Local/UnrealEngine/4.10/DerivedDataCache/Boot.ddc.
[2016.05.07-19.24.19:585][  0]LogDerivedDataCache:Display: Loaded Boot cache: C:/Users/Johan/AppData/Local/UnrealEngine/4.10/DerivedDataCache/Boot.ddc
[2016.05.07-19.24.19:585][  0]LogDerivedDataCache: FDerivedDataBackendGraph:  Pak pak cache file ../../../../../../Users/Johan/Documents/GitHub/Runner/DerivedDataCache/DDC.ddp not found, will not use a pak cache.
[2016.05.07-19.24.19:585][  0]LogDerivedDataCache: Unable to find inner node Pak for hierarchical cache Hierarchy.
[2016.05.07-19.24.19:586][  0]LogDerivedDataCache: FDerivedDataBackendGraph:  CompressedPak pak cache file ../../../../../../Users/Johan/Documents/GitHub/Runner/DerivedDataCache/Compressed.ddp not found, will not use a pak cache.
[2016.05.07-19.24.19:586][  0]LogDerivedDataCache: Unable to find inner node CompressedPak for hierarchical cache Hierarchy.
[2016.05.07-19.24.19:641][  0]LogDerivedDataCache:Display: Pak cache opened for reading ../../../Engine/DerivedDataCache/Compressed.ddp.
[2016.05.07-19.24.19:653][  0]LogDerivedDataCache: Using Local data cache path C:/Users/Johan/AppData/Local/UnrealEngine/Common/DerivedDataCache: Writable
[2016.05.07-19.24.19:836][  0]LogInit: Selected Device Profile: [Windows]
[2016.05.07-19.24.19:838][  0]LogContentStreaming: Texture pool size is 0.000000MB
[2016.05.07-19.24.19:942][  0]LogMeshUtilities: No automatic mesh reduction module available
[2016.05.07-19.24.19:942][  0]LogMeshUtilities: No automatic mesh merging module available
[2016.05.07-19.24.20:140][  0]LogInit: WinSock: version 1.1 (2.2), MaxSocks=32767, MaxUdp=65467
[2016.05.07-19.24.20:832][  0]UdpMessaging: Initializing bridge on interface 0.0.0.0:0 to multicast group 230.0.0.1:6666.
[2016.05.07-19.24.20:938][  0]LogAssetRegistry: FAssetRegistry took 0.0115 seconds to start up
[2016.05.07-19.24.21:120][  0]SourceControl: Info Source control is disabled
[2016.05.07-19.24.21:122][  0]SourceControl: Info Source control is disabled
[2016.05.07-19.24.21:136][  0]SourceControl: Info Source control is disabled
[2016.05.07-19.24.21:150][  0]SourceControl: Info Source control is disabled
[2016.05.07-19.24.21:424][  0]LogObj: 28633 objects as part of root set at end of initial load.
[2016.05.07-19.24.21:424][  0]LogUObjectAllocator: 6099752 out of 0 bytes used by permanent object pool.
[2016.05.07-19.24.21:479][  0]LogEngine: Initializing Engine...
[2016.05.07-19.24.21:482][  0]LogHMD: Can't find Oculus library dev build: is proper Runtime installed? Version: 0.8.0.0
[2016.05.07-19.24.21:482][  0]LogHMD: SteamVR failed to initialize.  Err: 110
[2016.05.07-19.24.21:593][  0]LogAIModule: Creating AISystem for world NewWorld
[2016.05.07-19.24.21:598][  0]LogInit: XAudio2 using 'Speakers (Realtek High Definition Audio)' : 2 channels at 48 kHz using 32 bits per sample (channel mask 0x3)
[2016.05.07-19.24.21:623][  0]LogInit: FAudioDevice initialized.
[2016.05.07-19.24.21:642][  0]LogDerivedDataCache: Saved boot cache 0.02s 41MB C:/Users/Johan/AppData/Local/UnrealEngine/4.10/DerivedDataCache/Boot.ddc.
[2016.05.07-19.24.21:648][  0]LogInit: Texture streaming: Enabled
[2016.05.07-19.24.21:654][  0]LogAnalytics: Creating configured Analytics provider AnalyticsET
[2016.05.07-19.24.21:654][  0]LogAnalytics: [UEEditor.Rocket.Release] APIServer = http://et2.epicgames.com/ET2/. AppVersion = 4.10.4-2872498+++depot+UE4-Releases+4.10
[2016.05.07-19.24.21:654][  0]LogAnalytics: [UEEditor.Rocket.Release] SetUserId e13f53c54a08433fc09043aa962b451a|75ba5683578c43329a0522a4b145a097|e6dac55f-4bf9-412a-b229-53d1a5ef9356
[2016.05.07-19.24.21:654][  0]LogAnalytics: [UEEditor.Rocket.Release] AnalyticsET::StartSession
[2016.05.07-19.24.21:662][  0]LogInit: Transaction tracking system initialized
[2016.05.07-19.24.21:691][  0]BlueprintLog: New page: Editor Load
[2016.05.07-19.24.21:769][  0]LocalizationService: Info Localization service is disabled
[2016.05.07-19.24.21:843][  0]LogConsoleResponse:Display: 
[2016.05.07-19.24.21:944][  0]LogCook:Display: Done creating registry. It took  0.00s.
[2016.05.07-19.24.22:009][  0]LogFileCache: Scanning file cache for directory 'C:/Users/Johan/Documents/GitHub/Runner/Content/' took 0.01s
[2016.05.07-19.24.22:009][  0]SourceControl: Info Source control is disabled
[2016.05.07-19.24.22:009][  0]Cmd: MAP LOAD FILE="../../../../../../Users/Johan/Documents/GitHub/Runner/Content/RunnerAssets/RunnerMap.umap" TEMPLATE=0 SHOWPROGRESS=1 FEATURELEVEL=3
[2016.05.07-19.24.22:010][  0]LightingResults: New page: Lighting Build
[2016.05.07-19.24.22:015][  0]MapCheck: New page: Map Check
[2016.05.07-19.24.22:015][  0]LightingResults: New page: Lighting Build
[2016.05.07-19.24.22:024][  0]LogParticles: Destroying 0 GPU particle simulations for FXSystem 0x000002A7831E3B00
[2016.05.07-19.24.23:539][  0]LogAIModule: Creating AISystem for world RunnerMap
[2016.05.07-19.24.23:554][  0]LogEditorServer: Finished looking for orphan Actors (0.000 secs)
[2016.05.07-19.24.23:555][  0]Cmd: MAP CHECKDEP NOCLEARLOG
[2016.05.07-19.24.23:622][  0]MapCheck: Info Map check complete: 0 Error(s), 0 Warning(s), took 67.478ms to complete.
[2016.05.07-19.24.23:623][  0]LogFileHelpers: Loading map 'RunnerMap' took 1.613
[2016.05.07-19.24.23:746][  0]LogCollectionManager: Loaded 0 collections in 0.002171 seconds
[2016.05.07-19.24.23:783][  0]LogFileCache: Scanning file cache for directory 'C:/Users/Johan/Documents/GitHub/Runner/Saved/Collections/' took 0.01s
[2016.05.07-19.24.23:783][  0]LogFileCache: Scanning file cache for directory 'C:/Users/Johan/Documents/GitHub/Runner/Content/Developers/Johan/Collections/' took 0.01s
[2016.05.07-19.24.23:783][  0]LogFileCache: Scanning file cache for directory 'C:/Users/Johan/Documents/GitHub/Runner/Content/Collections/' took 0.01s
[2016.05.07-19.24.23:783][  0]LogCollectionManager: Rebuilt the GUID cache for 0 collections in 0.000002 seconds
[2016.05.07-19.24.23:791][  0]LogContentBrowser: Native class hierarchy populated in 0.0076 seconds. Added 1893 classes and 338 folders.
[2016.05.07-19.24.23:797][  0]LogContentBrowser: Native class hierarchy updated for 'WidgetCarousel' in 0.0003 seconds. Added 0 classes and 0 folders.
[2016.05.07-19.24.23:840][  0]LogContentBrowser: Native class hierarchy updated for 'AddContentDialog' in 0.0003 seconds. Added 0 classes and 0 folders.
[2016.05.07-19.24.23:845][  0]LogContentBrowser: Native class hierarchy updated for 'SceneOutliner' in 0.0003 seconds. Added 1 classes and 2 folders.
[2016.05.07-19.24.23:864][  0]LogCrashTracker: Crashtracker disabled due to settings.
[2016.05.07-19.24.23:869][  0]LogUObjectGlobals:Warning: Failed to find object 'Class None.'
[2016.05.07-19.24.23:891][  0]LogLoad: Full Startup: 6.19 seconds (BP compile: 0.44 seconds)
[2016.05.07-19.24.23:901][  0]LogWindowsTextInputMethodSystem:Display: IME system now deactivated.
[2016.05.07-19.24.23:901][  0]LogWindowsTextInputMethodSystem:Display: IME system now deactivated.
[2016.05.07-19.24.23:903][  0]LogOcInput: Can't find Oculus library dev build: is proper Runtime installed? Version: 0.8.0.0
[2016.05.07-19.24.23:959][  0]LogContentStreaming: Texture pool size now 1000 MB
[2016.05.07-19.24.24:089][  0]LogRenderer: Reallocating scene render targets to support 1064x624 (Frame:2).
[2016.05.07-19.24.24:663][ 10]LogAssetRegistry: Asset discovery search completed in 3.7371 seconds
[2016.05.07-19.24.24:663][ 10]LogCollectionManager: Rebuilt the object cache for 0 collections in 0.000001 seconds (found 0 objects)
[2016.05.07-19.24.24:663][ 10]LogCollectionManager: Fixed up redirectors for 0 collections in 0.000019 seconds (updated 0 objects)
[2016.05.07-19.24.39:729][348]LogFactory: FactoryCreateBinary: SoundWave with ReimportSoundFactory (0 0 C:\Users\Johan\Documents\GitHub\Runner\WIP - files\Ljudeffekter\40158__sagetyrtle__crash.wav)
[2016.05.07-19.24.41:431][348]LogAudioDerivedData:Display: Building compressed audio format OGG wave 40158__sagetyrtle__crash...
[2016.05.07-19.24.41:576][348]LogAudioDerivedData:Warning: Updated SoundWave->RawPCMDataSize during cooking SoundWave /Game/RunnerAssets/Sound/40158__sagetyrtle__crash.40158__sagetyrtle__crash.
[2016.05.07-19.24.46:568][831]LogRenderer: Reallocating scene render targets to support 1208x652 (Frame:8).
[2016.05.07-19.25.01:814][310]LogLinker:Warning: Asset '../../../Engine/Content/ArtTools/RenderToTexture/Macros/RenderToTextureMacros.uasset' has been saved with empty engine version. The asset will be loaded but may be incompatible.
[2016.05.07-19.25.02:251][310]LogContentBrowser: Native class hierarchy updated for 'BlueprintGraph' in 0.0007 seconds. Added 107 classes and 0 folders.
[2016.05.07-19.25.16:787][645]LogBlueprintUserMessages: Early PlayInEditor Detection: Level '/Game/RunnerAssets/RunnerMap.RunnerMap:PersistentLevel' has LevelScriptBlueprint '/Game/RunnerAssets/RunnerMap.RunnerMap:PersistentLevel.RunnerMap' with GeneratedClass '/Game/RunnerAssets/RunnerMap.RunnerMap_C' with ClassGeneratedBy '/Game/RunnerAssets/RunnerMap.RunnerMap:PersistentLevel.RunnerMap'
[2016.05.07-19.25.16:787][645]LogPlayLevel: PlayLevel: No blueprints needed recompiling
[2016.05.07-19.25.16:788][645]PIE: New page: PIE session: RunnerMap (May 7, 2016, 11:25:16 PM)
[2016.05.07-19.25.16:788][645]LogPlayLevel: Creating play world package: /Game/RunnerAssets/UEDPIE_0_RunnerMap
[2016.05.07-19.25.16:826][645]LogPlayLevel: PIE: StaticDuplicateObject took: (0.038263s)
[2016.05.07-19.25.16:827][645]LogAIModule: Creating AISystem for world RunnerMap
[2016.05.07-19.25.16:827][645]LogPlayLevel: PIE: World Init took: (0.001147s)
[2016.05.07-19.25.16:827][645]LogPlayLevel: PIE: Created PIE world by copying editor world from /Game/RunnerAssets/RunnerMap.RunnerMap to /Game/RunnerAssets/UEDPIE_0_RunnerMap.RunnerMap (0.039878s)
[2016.05.07-19.25.16:900][645]LogInit: XAudio2 using 'Speakers (Realtek High Definition Audio)' : 2 channels at 48 kHz using 32 bits per sample (channel mask 0x3)
[2016.05.07-19.25.16:911][645]LogInit: FAudioDevice initialized.
[2016.05.07-19.25.17:003][645]LogLinker:Warning: Can't find file '/Game/SideScrollerBP/Blueprints/SideScrollerGameMode'
[2016.05.07-19.25.17:003][645]LogLinker:Warning: Can't find file '/Game/SideScrollerBP/Blueprints/SideScrollerGameMode'
[2016.05.07-19.25.17:003][645]LogUObjectGlobals:Warning: Failed to find object 'Class /Game/SideScrollerBP/Blueprints/SideScrollerGameMode.SideScrollerGameMode_C'
[2016.05.07-19.25.17:003][645]LogWorld: Game class is 'GameMode'
[2016.05.07-19.25.17:010][645]LogWorld: Bringing World /Game/RunnerAssets/UEDPIE_0_RunnerMap.RunnerMap up for play (max tick rate 0) at 2016.05.07-21.25.17
[2016.05.07-19.25.17:011][645]LogActor:Warning: GameSession /Game/RunnerAssets/UEDPIE_0_RunnerMap.RunnerMap:PersistentLevel.GameSession_0 has natively added scene component(s), but none of them were set as the actor's RootComponent - picking one arbitrarily
[2016.05.07-19.25.17:011][645]LogActor:Warning: GameNetworkManager /Game/RunnerAssets/UEDPIE_0_RunnerMap.RunnerMap:PersistentLevel.GameNetworkManager_0 has natively added scene component(s), but none of them were set as the actor's RootComponent - picking one arbitrarily
[2016.05.07-19.25.17:012][645]LogWorld: Bringing up level for play took: 0.007423
[2016.05.07-19.25.17:012][645]LogGameMode: Warning - PATHS NOT DEFINED or NO PLAYERSTART with positive rating
[2016.05.07-19.25.17:046][645]PIE: Info Play in editor start time for /Game/RunnerAssets/UEDPIE_0_RunnerMap -0.111
[2016.05.07-19.25.17:046][645]LogBlueprintUserMessages: Late PlayInEditor Detection: Level '/Game/RunnerAssets/RunnerMap.RunnerMap:PersistentLevel' has LevelScriptBlueprint '/Game/RunnerAssets/RunnerMap.RunnerMap:PersistentLevel.RunnerMap' with GeneratedClass '/Game/RunnerAssets/RunnerMap.RunnerMap_C' with ClassGeneratedBy '/Game/RunnerAssets/RunnerMap.RunnerMap:PersistentLevel.RunnerMap'
[2016.05.07-19.25.17:103][646]LogRenderer: Reallocating scene render targets to support 1280x720 (Frame:60).
[2016.05.07-19.26.55:962][868]LogCharacterMovement: SideScrollerCharacter_C_2 is stuck and failed to move!
[2016.05.07-19.26.57:682][902]LogPackageName: SearchForPackageOnDisk took   0.084s to resolve Death.umap.
[2016.05.07-19.26.57:777][903]LogPackageName: SearchForPackageOnDisk took   0.076s to resolve Death.umap.
[2016.05.07-19.26.57:777][903]LogNet: Browse: /Game/RunnerAssets/Death
[2016.05.07-19.26.57:777][903]LogLoad: LoadMap: /Game/RunnerAssets/Death
[2016.05.07-19.26.57:873][903]LogParticles: Destroying 0 GPU particle simulations for FXSystem 0x000002A7CA436CA0
[2016.05.07-19.26.57:893][903]Cmd: MEM
[2016.05.07-19.26.57:917][903]LogMemory: Platform Memory Stats for Windows
[2016.05.07-19.26.57:917][903]LogMemory: Process Physical Memory: 1001.90 MB used, 1094.71 MB peak
[2016.05.07-19.26.57:917][903]LogMemory: Process Virtual Memory: 1696.91 MB used, 1820.18 MB peak
[2016.05.07-19.26.57:917][903]LogMemory: Physical Memory: 4270.39 MB used, 16337.33 MB total
[2016.05.07-19.26.57:917][903]LogMemory: Virtual Memory: 2531.05 MB used, 134217728.00 MB total
[2016.05.07-19.26.57:917][903]LogMemory: 
[2016.05.07-19.26.57:917][903]Allocator Stats for TBB: (not implemented)
[2016.05.07-19.26.58:123][903]LogAIModule: Creating AISystem for world Death
[2016.05.07-19.26.58:124][903]LogLinker:Warning: Can't find file '/Game/SideScrollerBP/Blueprints/SideScrollerGameMode'
[2016.05.07-19.26.58:124][903]LogLinker:Warning: Can't find file '/Game/SideScrollerBP/Blueprints/SideScrollerGameMode'
[2016.05.07-19.26.58:124][903]LogUObjectGlobals:Warning: Failed to find object 'Class /Game/SideScrollerBP/Blueprints/SideScrollerGameMode.SideScrollerGameMode_C'
[2016.05.07-19.26.58:124][903]LogWorld: Game class is 'GameMode'
[2016.05.07-19.26.58:126][903]LogWorld: Bringing World /Game/RunnerAssets/UEDPIE_0_Death.Death up for play (max tick rate 0) at 2016.05.07-21.26.58
[2016.05.07-19.26.58:126][903]LogActor:Warning: GameSession /Game/RunnerAssets/UEDPIE_0_Death.Death:PersistentLevel.GameSession_1 has natively added scene component(s), but none of them were set as the actor's RootComponent - picking one arbitrarily
[2016.05.07-19.26.58:126][903]LogActor:Warning: GameNetworkManager /Game/RunnerAssets/UEDPIE_0_Death.Death:PersistentLevel.GameNetworkManager_1 has natively added scene component(s), but none of them were set as the actor's RootComponent - picking one arbitrarily
[2016.05.07-19.26.58:126][903]LogWorld: Bringing up level for play took: 0.001056
[2016.05.07-19.26.58:127][903]LogGameMode: Warning - PATHS NOT DEFINED or NO PLAYERSTART with positive rating
[2016.05.07-19.27.03:888][256]LogBlueprintUserMessages: Early EndPlayMap Detection: Level '/Game/RunnerAssets/RunnerMap.RunnerMap:PersistentLevel' has LevelScriptBlueprint '/Game/RunnerAssets/RunnerMap.RunnerMap:PersistentLevel.RunnerMap' with GeneratedClass '/Game/RunnerAssets/RunnerMap.RunnerMap_C' with ClassGeneratedBy '/Game/RunnerAssets/RunnerMap.RunnerMap:PersistentLevel.RunnerMap'
[2016.05.07-19.27.03:941][256]LogBlueprintUserMessages: Late EndPlayMap Detection: Level '/Game/RunnerAssets/RunnerMap.RunnerMap:PersistentLevel' has LevelScriptBlueprint '/Game/RunnerAssets/RunnerMap.RunnerMap:PersistentLevel.RunnerMap' with GeneratedClass '/Game/RunnerAssets/RunnerMap.RunnerMap_C' with ClassGeneratedBy '/Game/RunnerAssets/RunnerMap.RunnerMap:PersistentLevel.RunnerMap'
[2016.05.07-19.27.03:980][256]LogParticles: Destroying 0 GPU particle simulations for FXSystem 0x000002A78854D3A0
[2016.05.07-19.27.15:509][309]BlueprintLog: New page: Compile Frac_Block
[2016.05.07-19.27.15:601][309]BlueprintEditorCompileResults: Info [0177.90] Compile of Frac_Block successful! [in 91 ms]
[2016.05.07-19.27.16:423][378]LogBlueprintUserMessages: Early PlayInEditor Detection: Level '/Game/RunnerAssets/RunnerMap.RunnerMap:PersistentLevel' has LevelScriptBlueprint '/Game/RunnerAssets/RunnerMap.RunnerMap:PersistentLevel.RunnerMap' with GeneratedClass '/Game/RunnerAssets/RunnerMap.RunnerMap_C' with ClassGeneratedBy '/Game/RunnerAssets/RunnerMap.RunnerMap:PersistentLevel.RunnerMap'
[2016.05.07-19.27.16:423][378]LogPlayLevel: PlayLevel: No blueprints needed recompiling
[2016.05.07-19.27.16:423][378]PIE: New page: PIE session: RunnerMap (May 7, 2016, 11:27:16 PM)
[2016.05.07-19.27.16:423][378]LogPlayLevel: Creating play world package: /Game/RunnerAssets/UEDPIE_0_RunnerMap
[2016.05.07-19.27.16:457][378]LogPlayLevel: PIE: StaticDuplicateObject took: (0.033091s)
[2016.05.07-19.27.16:457][378]LogAIModule: Creating AISystem for world RunnerMap
[2016.05.07-19.27.16:458][378]LogPlayLevel: PIE: World Init took: (0.001089s)
[2016.05.07-19.27.16:458][378]LogPlayLevel: PIE: Created PIE world by copying editor world from /Game/RunnerAssets/RunnerMap.RunnerMap to /Game/RunnerAssets/UEDPIE_0_RunnerMap.RunnerMap (0.034517s)
[2016.05.07-19.27.16:493][378]LogInit: XAudio2 using 'Speakers (Realtek High Definition Audio)' : 2 channels at 48 kHz using 32 bits per sample (channel mask 0x3)
[2016.05.07-19.27.16:504][378]LogInit: FAudioDevice initialized.
[2016.05.07-19.27.16:592][378]LogLinker:Warning: Can't find file '/Game/SideScrollerBP/Blueprints/SideScrollerGameMode'
[2016.05.07-19.27.16:592][378]LogLinker:Warning: Can't find file '/Game/SideScrollerBP/Blueprints/SideScrollerGameMode'
[2016.05.07-19.27.16:592][378]LogUObjectGlobals:Warning: Failed to find object 'Class /Game/SideScrollerBP/Blueprints/SideScrollerGameMode.SideScrollerGameMode_C'
[2016.05.07-19.27.16:592][378]LogWorld: Game class is 'GameMode'
[2016.05.07-19.27.16:599][378]LogWorld: Bringing World /Game/RunnerAssets/UEDPIE_0_RunnerMap.RunnerMap up for play (max tick rate 0) at 2016.05.07-21.27.16
[2016.05.07-19.27.16:599][378]LogActor:Warning: GameSession /Game/RunnerAssets/UEDPIE_0_RunnerMap.RunnerMap:PersistentLevel.GameSession_2 has natively added scene component(s), but none of them were set as the actor's RootComponent - picking one arbitrarily
[2016.05.07-19.27.16:600][378]LogActor:Warning: GameNetworkManager /Game/RunnerAssets/UEDPIE_0_RunnerMap.RunnerMap:PersistentLevel.GameNetworkManager_2 has natively added scene component(s), but none of them were set as the actor's RootComponent - picking one arbitrarily
[2016.05.07-19.27.16:600][378]LogWorld: Bringing up level for play took: 0.006694
[2016.05.07-19.27.16:601][378]LogGameMode: Warning - PATHS NOT DEFINED or NO PLAYERSTART with positive rating
[2016.05.07-19.27.16:634][378]PIE: Info Play in editor start time for /Game/RunnerAssets/UEDPIE_0_RunnerMap -0.524
[2016.05.07-19.27.16:634][378]LogBlueprintUserMessages: Late PlayInEditor Detection: Level '/Game/RunnerAssets/RunnerMap.RunnerMap:PersistentLevel' has LevelScriptBlueprint '/Game/RunnerAssets/RunnerMap.RunnerMap:PersistentLevel.RunnerMap' with GeneratedClass '/Game/RunnerAssets/RunnerMap.RunnerMap_C' with ClassGeneratedBy '/Game/RunnerAssets/RunnerMap.RunnerMap:PersistentLevel.RunnerMap'
[2016.05.07-19.28.12:883][277]LogCharacterMovement: SideScrollerCharacter_C_2 is stuck and failed to move!
[2016.05.07-19.28.12:921][278]LogCharacterMovement: SideScrollerCharacter_C_2 is stuck and failed to move!
[2016.05.07-19.28.13:356][286]LogPackageName: SearchForPackageOnDisk took   0.102s to resolve Death.umap.
[2016.05.07-19.28.13:462][287]LogPackageName: SearchForPackageOnDisk took   0.083s to resolve Death.umap.
[2016.05.07-19.28.13:462][287]LogNet: Browse: /Game/RunnerAssets/Death
[2016.05.07-19.28.13:462][287]LogLoad: LoadMap: /Game/RunnerAssets/Death
[2016.05.07-19.28.13:529][287]LogParticles: Destroying 0 GPU particle simulations for FXSystem 0x000002A7C8FBC220
[2016.05.07-19.28.13:541][287]Cmd: MEM
[2016.05.07-19.28.13:577][287]LogMemory: Platform Memory Stats for Windows
[2016.05.07-19.28.13:577][287]LogMemory: Process Physical Memory: 1100.41 MB used, 1174.43 MB peak
[2016.05.07-19.28.13:577][287]LogMemory: Process Virtual Memory: 1776.01 MB used, 2010.33 MB peak
[2016.05.07-19.28.13:577][287]LogMemory: Physical Memory: 4308.31 MB used, 16337.33 MB total
[2016.05.07-19.28.13:577][287]LogMemory: Virtual Memory: 2629.17 MB used, 134217728.00 MB total
[2016.05.07-19.28.13:577][287]LogMemory: 
[2016.05.07-19.28.13:577][287]Allocator Stats for TBB: (not implemented)
[2016.05.07-19.28.13:603][287]LogAIModule: Creating AISystem for world Death
[2016.05.07-19.28.13:604][287]LogLinker:Warning: Can't find file '/Game/SideScrollerBP/Blueprints/SideScrollerGameMode'
[2016.05.07-19.28.13:604][287]LogLinker:Warning: Can't find file '/Game/SideScrollerBP/Blueprints/SideScrollerGameMode'
[2016.05.07-19.28.13:604][287]LogUObjectGlobals:Warning: Failed to find object 'Class /Game/SideScrollerBP/Blueprints/SideScrollerGameMode.SideScrollerGameMode_C'
[2016.05.07-19.28.13:604][287]LogWorld: Game class is 'GameMode'
[2016.05.07-19.28.13:606][287]LogWorld: Bringing World /Game/RunnerAssets/UEDPIE_0_Death.Death up for play (max tick rate 0) at 2016.05.07-21.28.13
[2016.05.07-19.28.13:606][287]LogActor:Warning: GameSession /Game/RunnerAssets/UEDPIE_0_Death.Death:PersistentLevel.GameSession_3 has natively added scene component(s), but none of them were set as the actor's RootComponent - picking one arbitrarily
[2016.05.07-19.28.13:606][287]LogActor:Warning: GameNetworkManager /Game/RunnerAssets/UEDPIE_0_Death.Death:PersistentLevel.GameNetworkManager_3 has natively added scene component(s), but none of them were set as the actor's RootComponent - picking one arbitrarily
[2016.05.07-19.28.13:606][287]LogWorld: Bringing up level for play took: 0.000990
[2016.05.07-19.28.13:607][287]LogGameMode: Warning - PATHS NOT DEFINED or NO PLAYERSTART with positive rating
[2016.05.07-19.28.24:593][965]LogBlueprintUserMessages: Early EndPlayMap Detection: Level '/Game/RunnerAssets/RunnerMap.RunnerMap:PersistentLevel' has LevelScriptBlueprint '/Game/RunnerAssets/RunnerMap.RunnerMap:PersistentLevel.RunnerMap' with GeneratedClass '/Game/RunnerAssets/RunnerMap.RunnerMap_C' with ClassGeneratedBy '/Game/RunnerAssets/RunnerMap.RunnerMap:PersistentLevel.RunnerMap'
[2016.05.07-19.28.24:651][965]LogBlueprintUserMessages: Late EndPlayMap Detection: Level '/Game/RunnerAssets/RunnerMap.RunnerMap:PersistentLevel' has LevelScriptBlueprint '/Game/RunnerAssets/RunnerMap.RunnerMap:PersistentLevel.RunnerMap' with GeneratedClass '/Game/RunnerAssets/RunnerMap.RunnerMap_C' with ClassGeneratedBy '/Game/RunnerAssets/RunnerMap.RunnerMap:PersistentLevel.RunnerMap'
[2016.05.07-19.28.24:700][965]LogParticles: Destroying 0 GPU particle simulations for FXSystem 0x000002A7C93B6AC0
[2016.05.07-19.28.30:679][484]LogSavePackage: Save=37.062740ms
[2016.05.07-19.28.30:679][484]LogSavePackage: Moving '../../../../../../Users/Johan/Documents/GitHub/Runner/Saved/Frac_Block1A78C42A46DAEF785B72619597ADD71D.tmp' to '../../../../../../Users/Johan/Documents/GitHub/Runner/Content/RunnerAssets/Blueprints/FracturedObjects/Frac_Block.uasset'
[2016.05.07-19.28.30:682][484]LogSavePackage: Total save time: 54.711316ms
[2016.05.07-19.28.30:682][484]LogSavePackage:Display: Finished SavePackage ../../../../../../Users/Johan/Documents/GitHub/Runner/Content/RunnerAssets/Blueprints/FracturedObjects/Frac_Block.uasset
[2016.05.07-19.29.02:797][812]BlueprintLog: New page: Compile SetPhysics_Blueprint
[2016.05.07-19.29.02:928][812]LogParticles: Destroying 0 GPU particle simulations for FXSystem 0x000002A7AA56E8E0
[2016.05.07-19.29.02:938][812]BlueprintEditorCompileResults: Info [0285.23] Compile of SetPhysics_Blueprint successful! [in 139 ms]
[2016.05.07-19.29.03:961][929]LogBlueprintUserMessages: Early PlayInEditor Detection: Level '/Game/RunnerAssets/RunnerMap.RunnerMap:PersistentLevel' has LevelScriptBlueprint '/Game/RunnerAssets/RunnerMap.RunnerMap:PersistentLevel.RunnerMap' with GeneratedClass '/Game/RunnerAssets/RunnerMap.RunnerMap_C' with ClassGeneratedBy '/Game/RunnerAssets/RunnerMap.RunnerMap:PersistentLevel.RunnerMap'
[2016.05.07-19.29.03:961][929]LogPlayLevel: PlayLevel: No blueprints needed recompiling
[2016.05.07-19.29.03:961][929]PIE: New page: PIE session: RunnerMap (May 7, 2016, 11:29:03 PM)
[2016.05.07-19.29.03:961][929]LogPlayLevel: Creating play world package: /Game/RunnerAssets/UEDPIE_0_RunnerMap
[2016.05.07-19.29.03:994][929]LogPlayLevel: PIE: StaticDuplicateObject took: (0.032919s)
[2016.05.07-19.29.03:995][929]LogAIModule: Creating AISystem for world RunnerMap
[2016.05.07-19.29.03:996][929]LogPlayLevel: PIE: World Init took: (0.001124s)
[2016.05.07-19.29.03:996][929]LogPlayLevel: PIE: Created PIE world by copying editor world from /Game/RunnerAssets/RunnerMap.RunnerMap to /Game/RunnerAssets/UEDPIE_0_RunnerMap.RunnerMap (0.034413s)
[2016.05.07-19.29.04:031][929]LogInit: XAudio2 using 'Speakers (Realtek High Definition Audio)' : 2 channels at 48 kHz using 32 bits per sample (channel mask 0x3)
[2016.05.07-19.29.04:043][929]LogInit: FAudioDevice initialized.
[2016.05.07-19.29.04:116][929]LogLinker:Warning: Can't find file '/Game/SideScrollerBP/Blueprints/SideScrollerGameMode'
[2016.05.07-19.29.04:116][929]LogLinker:Warning: Can't find file '/Game/SideScrollerBP/Blueprints/SideScrollerGameMode'
[2016.05.07-19.29.04:116][929]LogUObjectGlobals:Warning: Failed to find object 'Class /Game/SideScrollerBP/Blueprints/SideScrollerGameMode.SideScrollerGameMode_C'
[2016.05.07-19.29.04:116][929]LogWorld: Game class is 'GameMode'
[2016.05.07-19.29.04:130][929]LogWorld: Bringing World /Game/RunnerAssets/UEDPIE_0_RunnerMap.RunnerMap up for play (max tick rate 0) at 2016.05.07-21.29.04
[2016.05.07-19.29.04:130][929]LogActor:Warning: GameSession /Game/RunnerAssets/UEDPIE_0_RunnerMap.RunnerMap:PersistentLevel.GameSession_4 has natively added scene component(s), but none of them were set as the actor's RootComponent - picking one arbitrarily
[2016.05.07-19.29.04:130][929]LogActor:Warning: GameNetworkManager /Game/RunnerAssets/UEDPIE_0_RunnerMap.RunnerMap:PersistentLevel.GameNetworkManager_4 has natively added scene component(s), but none of them were set as the actor's RootComponent - picking one arbitrarily
[2016.05.07-19.29.04:131][929]LogWorld: Bringing up level for play took: 0.012917
[2016.05.07-19.29.04:132][929]LogGameMode: Warning - PATHS NOT DEFINED or NO PLAYERSTART with positive rating
[2016.05.07-19.29.04:159][929]PIE: Info Play in editor start time for /Game/RunnerAssets/UEDPIE_0_RunnerMap 1.002
[2016.05.07-19.29.04:159][929]LogBlueprintUserMessages: Late PlayInEditor Detection: Level '/Game/RunnerAssets/RunnerMap.RunnerMap:PersistentLevel' has LevelScriptBlueprint '/Game/RunnerAssets/RunnerMap.RunnerMap:PersistentLevel.RunnerMap' with GeneratedClass '/Game/RunnerAssets/RunnerMap.RunnerMap_C' with ClassGeneratedBy '/Game/RunnerAssets/RunnerMap.RunnerMap:PersistentLevel.RunnerMap'
[2016.05.07-19.30.40:028][170]LogCharacterMovement: SideScrollerCharacter_C_2 is stuck and failed to move!
[2016.05.07-19.30.40:131][173]LogCharacterMovement: SideScrollerCharacter_C_2 is stuck and failed to move!
[2016.05.07-19.30.40:740][186]LogPackageName: SearchForPackageOnDisk took   0.104s to resolve Death.umap.
[2016.05.07-19.30.40:859][187]LogPackageName: SearchForPackageOnDisk took   0.102s to resolve Death.umap.
[2016.05.07-19.30.40:859][187]LogNet: Browse: /Game/RunnerAssets/Death
[2016.05.07-19.30.40:859][187]LogLoad: LoadMap: /Game/RunnerAssets/Death
[2016.05.07-19.30.40:970][187]LogParticles: Destroying 0 GPU particle simulations for FXSystem 0x000002A7B4294B80
[2016.05.07-19.30.40:991][187]Cmd: MEM
[2016.05.07-19.30.41:017][187]LogMemory: Platform Memory Stats for Windows
[2016.05.07-19.30.41:017][187]LogMemory: Process Physical Memory: 1229.12 MB used, 1230.80 MB peak
[2016.05.07-19.30.41:017][187]LogMemory: Process Virtual Memory: 2012.66 MB used, 2012.66 MB peak
[2016.05.07-19.30.41:017][187]LogMemory: Physical Memory: 4401.77 MB used, 16337.33 MB total
[2016.05.07-19.30.41:017][187]LogMemory: Virtual Memory: 2783.15 MB used, 134217728.00 MB total
[2016.05.07-19.30.41:017][187]LogMemory: 
[2016.05.07-19.30.41:017][187]Allocator Stats for TBB: (not implemented)
[2016.05.07-19.30.41:040][187]LogAIModule: Creating AISystem for world Death
[2016.05.07-19.30.41:040][187]LogLinker:Warning: Can't find file '/Game/SideScrollerBP/Blueprints/SideScrollerGameMode'
[2016.05.07-19.30.41:041][187]LogLinker:Warning: Can't find file '/Game/SideScrollerBP/Blueprints/SideScrollerGameMode'
[2016.05.07-19.30.41:041][187]LogUObjectGlobals:Warning: Failed to find object 'Class /Game/SideScrollerBP/Blueprints/SideScrollerGameMode.SideScrollerGameMode_C'
[2016.05.07-19.30.41:041][187]LogWorld: Game class is 'GameMode'
[2016.05.07-19.30.41:042][187]LogWorld: Bringing World /Game/RunnerAssets/UEDPIE_0_Death.Death up for play (max tick rate 0) at 2016.05.07-21.30.41
[2016.05.07-19.30.41:042][187]LogActor:Warning: GameSession /Game/RunnerAssets/UEDPIE_0_Death.Death:PersistentLevel.GameSession_5 has natively added scene component(s), but none of them were set as the actor's RootComponent - picking one arbitrarily
[2016.05.07-19.30.41:042][187]LogActor:Warning: GameNetworkManager /Game/RunnerAssets/UEDPIE_0_Death.Death:PersistentLevel.GameNetworkManager_5 has natively added scene component(s), but none of them were set as the actor's RootComponent - picking one arbitrarily
[2016.05.07-19.30.41:043][187]LogWorld: Bringing up level for play took: 0.000926
[2016.05.07-19.30.41:043][187]LogGameMode: Warning - PATHS NOT DEFINED or NO PLAYERSTART with positive rating
[2016.05.07-19.30.53:318][121]LogBlueprintUserMessages: Early EndPlayMap Detection: Level '/Game/RunnerAssets/RunnerMap.RunnerMap:PersistentLevel' has LevelScriptBlueprint '/Game/RunnerAssets/RunnerMap.RunnerMap:PersistentLevel.RunnerMap' with GeneratedClass '/Game/RunnerAssets/RunnerMap.RunnerMap_C' with ClassGeneratedBy '/Game/RunnerAssets/RunnerMap.RunnerMap:PersistentLevel.RunnerMap'
[2016.05.07-19.30.53:374][121]LogBlueprintUserMessages: Late EndPlayMap Detection: Level '/Game/RunnerAssets/RunnerMap.RunnerMap:PersistentLevel' has LevelScriptBlueprint '/Game/RunnerAssets/RunnerMap.RunnerMap:PersistentLevel.RunnerMap' with GeneratedClass '/Game/RunnerAssets/RunnerMap.RunnerMap_C' with ClassGeneratedBy '/Game/RunnerAssets/RunnerMap.RunnerMap:PersistentLevel.RunnerMap'
[2016.05.07-19.30.53:416][122]LogParticles: Destroying 0 GPU particle simulations for FXSystem 0x000002A787C0A340
[2016.05.07-19.31.45:879][874]LogSavePackage: Save=135.143875ms
[2016.05.07-19.31.45:879][874]LogSavePackage: Moving '../../../../../../Users/Johan/Documents/GitHub/Runner/Saved/SetPhysics_Blueprint3A8243CF4E70E7D1505FB88627C6B0ED.tmp' to '../../../../../../Users/Johan/Documents/GitHub/Runner/Content/RunnerAssets/Blueprints/SetPhysics_Blueprint.uasset'
[2016.05.07-19.31.45:882][874]LogSavePackage: Total save time: 149.338864ms
[2016.05.07-19.31.45:882][874]LogSavePackage:Display: Finished SavePackage ../../../../../../Users/Johan/Documents/GitHub/Runner/Content/RunnerAssets/Blueprints/SetPhysics_Blueprint.uasset
[2016.05.07-19.31.48:571][172]LogParticles: Destroying 0 GPU particle simulations for FXSystem 0x000002A7881872E0
[2016.05.07-19.31.54:106][549]LogSavePackage: Save=4.636880ms
[2016.05.07-19.31.54:106][549]LogSavePackage: Moving '../../../../../../Users/Johan/Documents/GitHub/Runner/Saved/40158__sagetyrtle__crash8D071BAA42F05145B7FAB0B8A5A96123.tmp' to '../../../../../../Users/Johan/Documents/GitHub/Runner/Content/RunnerAssets/Sound/40158__sagetyrtle__crash.uasset'
[2016.05.07-19.31.54:109][549]LogSavePackage: Total save time: 14.118321ms
[2016.05.07-19.31.54:109][549]LogSavePackage:Display: Finished SavePackage ../../../../../../Users/Johan/Documents/GitHub/Runner/Content/RunnerAssets/Sound/40158__sagetyrtle__crash.uasset
[2016.05.07-20.34.05:827][160]LogBlueprintUserMessages: Early PlayInEditor Detection: Level '/Game/RunnerAssets/RunnerMap.RunnerMap:PersistentLevel' has LevelScriptBlueprint '/Game/RunnerAssets/RunnerMap.RunnerMap:PersistentLevel.RunnerMap' with GeneratedClass '/Game/RunnerAssets/RunnerMap.RunnerMap_C' with ClassGeneratedBy '/Game/RunnerAssets/RunnerMap.RunnerMap:PersistentLevel.RunnerMap'
[2016.05.07-20.34.05:827][160]LogPlayLevel: PlayLevel: No blueprints needed recompiling
[2016.05.07-20.34.05:828][160]PIE: New page: PIE session: RunnerMap (May 8, 2016, 12:34:05 AM)
[2016.05.07-20.34.05:828][160]LogPlayLevel: Creating play world package: /Game/RunnerAssets/UEDPIE_0_RunnerMap
[2016.05.07-20.34.05:861][160]LogPlayLevel: PIE: StaticDuplicateObject took: (0.033523s)
[2016.05.07-20.34.05:863][160]LogAIModule: Creating AISystem for world RunnerMap
[2016.05.07-20.34.05:863][160]LogPlayLevel: PIE: World Init took: (0.002166s)
[2016.05.07-20.34.05:864][160]LogPlayLevel: PIE: Created PIE world by copying editor world from /Game/RunnerAssets/RunnerMap.RunnerMap to /Game/RunnerAssets/UEDPIE_0_RunnerMap.RunnerMap (0.036102s)
[2016.05.07-20.34.05:898][160]LogInit: XAudio2 using 'Speakers (Realtek High Definition Audio)' : 2 channels at 48 kHz using 32 bits per sample (channel mask 0x3)
[2016.05.07-20.34.05:909][160]LogInit: FAudioDevice initialized.
[2016.05.07-20.34.05:971][160]LogLinker:Warning: Can't find file '/Game/SideScrollerBP/Blueprints/SideScrollerGameMode'
[2016.05.07-20.34.05:971][160]LogLinker:Warning: Can't find file '/Game/SideScrollerBP/Blueprints/SideScrollerGameMode'
[2016.05.07-20.34.05:971][160]LogUObjectGlobals:Warning: Failed to find object 'Class /Game/SideScrollerBP/Blueprints/SideScrollerGameMode.SideScrollerGameMode_C'
[2016.05.07-20.34.05:971][160]LogWorld: Game class is 'GameMode'
[2016.05.07-20.34.05:978][160]LogWorld: Bringing World /Game/RunnerAssets/UEDPIE_0_RunnerMap.RunnerMap up for play (max tick rate 0) at 2016.05.07-22.34.05
[2016.05.07-20.34.05:978][160]LogActor:Warning: GameSession /Game/RunnerAssets/UEDPIE_0_RunnerMap.RunnerMap:PersistentLevel.GameSession_6 has natively added scene component(s), but none of them were set as the actor's RootComponent - picking one arbitrarily
[2016.05.07-20.34.05:978][160]LogActor:Warning: GameNetworkManager /Game/RunnerAssets/UEDPIE_0_RunnerMap.RunnerMap:PersistentLevel.GameNetworkManager_6 has natively added scene component(s), but none of them were set as the actor's RootComponent - picking one arbitrarily
[2016.05.07-20.34.05:979][160]LogWorld: Bringing up level for play took: 0.006437
[2016.05.07-20.34.05:980][160]LogGameMode: Warning - PATHS NOT DEFINED or NO PLAYERSTART with positive rating
[2016.05.07-20.34.05:997][160]PIE: Info Play in editor start time for /Game/RunnerAssets/UEDPIE_0_RunnerMap 0.839
[2016.05.07-20.34.05:997][160]LogBlueprintUserMessages: Late PlayInEditor Detection: Level '/Game/RunnerAssets/RunnerMap.RunnerMap:PersistentLevel' has LevelScriptBlueprint '/Game/RunnerAssets/RunnerMap.RunnerMap:PersistentLevel.RunnerMap' with GeneratedClass '/Game/RunnerAssets/RunnerMap.RunnerMap_C' with ClassGeneratedBy '/Game/RunnerAssets/RunnerMap.RunnerMap:PersistentLevel.RunnerMap'
[2016.05.07-20.34.16:650][723]LogCharacterMovement: SideScrollerCharacter_C_2 is stuck and failed to move!
[2016.05.07-20.34.16:674][724]LogCharacterMovement: SideScrollerCharacter_C_2 is stuck and failed to move!
[2016.05.07-20.34.16:702][725]LogCharacterMovement: SideScrollerCharacter_C_2 is stuck and failed to move!
[2016.05.07-20.34.16:727][726]LogCharacterMovement: SideScrollerCharacter_C_2 is stuck and failed to move!
[2016.05.07-20.34.16:751][727]LogCharacterMovement: SideScrollerCharacter_C_2 is stuck and failed to move!
[2016.05.07-20.34.16:773][728]LogCharacterMovement: SideScrollerCharacter_C_2 is stuck and failed to move!
[2016.05.07-20.34.16:796][729]LogCharacterMovement: SideScrollerCharacter_C_2 is stuck and failed to move!
[2016.05.07-20.34.16:818][730]LogCharacterMovement: SideScrollerCharacter_C_2 is stuck and failed to move!
[2016.05.07-20.34.16:840][731]LogCharacterMovement: SideScrollerCharacter_C_2 is stuck and failed to move!
[2016.05.07-20.34.16:862][732]LogCharacterMovement: SideScrollerCharacter_C_2 is stuck and failed to move!
[2016.05.07-20.34.16:885][733]LogCharacterMovement: SideScrollerCharacter_C_2 is stuck and failed to move!
[2016.05.07-20.34.16:906][734]LogCharacterMovement: SideScrollerCharacter_C_2 is stuck and failed to move!
[2016.05.07-20.34.16:929][735]LogCharacterMovement: SideScrollerCharacter_C_2 is stuck and failed to move!
[2016.05.07-20.34.16:950][736]LogCharacterMovement: SideScrollerCharacter_C_2 is stuck and failed to move!
[2016.05.07-20.34.16:973][737]LogCharacterMovement: SideScrollerCharacter_C_2 is stuck and failed to move!
[2016.05.07-20.34.16:996][738]LogCharacterMovement: SideScrollerCharacter_C_2 is stuck and failed to move!
[2016.05.07-20.34.17:017][739]LogCharacterMovement: SideScrollerCharacter_C_2 is stuck and failed to move!
[2016.05.07-20.34.17:039][740]LogCharacterMovement: SideScrollerCharacter_C_2 is stuck and failed to move!
[2016.05.07-20.34.17:061][741]LogCharacterMovement: SideScrollerCharacter_C_2 is stuck and failed to move!
[2016.05.07-20.34.17:083][742]LogCharacterMovement: SideScrollerCharacter_C_2 is stuck and failed to move!
[2016.05.07-20.34.17:106][743]LogCharacterMovement: SideScrollerCharacter_C_2 is stuck and failed to move!
[2016.05.07-20.34.17:129][744]LogCharacterMovement: SideScrollerCharacter_C_2 is stuck and failed to move!
[2016.05.07-20.34.18:098][787]LogCharacterMovement: SideScrollerCharacter_C_2 is stuck and failed to move!
[2016.05.07-20.34.18:120][788]LogCharacterMovement: SideScrollerCharacter_C_2 is stuck and failed to move!
[2016.05.07-20.34.18:142][789]LogCharacterMovement: SideScrollerCharacter_C_2 is stuck and failed to move!
[2016.05.07-20.34.18:164][790]LogCharacterMovement: SideScrollerCharacter_C_2 is stuck and failed to move!
[2016.05.07-20.34.18:187][791]LogCharacterMovement: SideScrollerCharacter_C_2 is stuck and failed to move!
[2016.05.07-20.34.18:210][792]LogCharacterMovement: SideScrollerCharacter_C_2 is stuck and failed to move!
[2016.05.07-20.34.18:232][793]LogCharacterMovement: SideScrollerCharacter_C_2 is stuck and failed to move!
[2016.05.07-20.34.18:254][794]LogCharacterMovement: SideScrollerCharacter_C_2 is stuck and failed to move!
[2016.05.07-20.34.18:277][795]LogCharacterMovement: SideScrollerCharacter_C_2 is stuck and failed to move!
[2016.05.07-20.34.18:305][796]LogCharacterMovement: SideScrollerCharacter_C_2 is stuck and failed to move!
[2016.05.07-20.34.18:332][797]LogCharacterMovement: SideScrollerCharacter_C_2 is stuck and failed to move!
[2016.05.07-20.34.18:359][798]LogCharacterMovement: SideScrollerCharacter_C_2 is stuck and failed to move!
[2016.05.07-20.34.18:386][799]LogCharacterMovement: SideScrollerCharacter_C_2 is stuck and failed to move!
[2016.05.07-20.34.18:415][800]LogCharacterMovement: SideScrollerCharacter_C_2 is stuck and failed to move!
[2016.05.07-20.34.18:440][801]LogCharacterMovement: SideScrollerCharacter_C_2 is stuck and failed to move!
[2016.05.07-20.34.18:465][802]LogCharacterMovement: SideScrollerCharacter_C_2 is stuck and failed to move!
[2016.05.07-20.34.18:490][803]LogCharacterMovement: SideScrollerCharacter_C_2 is stuck and failed to move!
[2016.05.07-20.34.20:717][899]LogCharacterMovement: SideScrollerCharacter_C_2 is stuck and failed to move!
[2016.05.07-20.34.20:738][900]LogCharacterMovement: SideScrollerCharacter_C_2 is stuck and failed to move!
[2016.05.07-20.34.20:761][901]LogCharacterMovement: SideScrollerCharacter_C_2 is stuck and failed to move!
[2016.05.07-20.34.20:783][902]LogCharacterMovement: SideScrollerCharacter_C_2 is stuck and failed to move!
[2016.05.07-20.34.20:806][903]LogCharacterMovement: SideScrollerCharacter_C_2 is stuck and failed to move!
[2016.05.07-20.34.20:829][904]LogCharacterMovement: SideScrollerCharacter_C_2 is stuck and failed to move!
[2016.05.07-20.34.20:851][905]LogCharacterMovement: SideScrollerCharacter_C_2 is stuck and failed to move!
[2016.05.07-20.34.20:874][906]LogCharacterMovement: SideScrollerCharacter_C_2 is stuck and failed to move!
[2016.05.07-20.34.20:898][907]LogCharacterMovement: SideScrollerCharacter_C_2 is stuck and failed to move!
[2016.05.07-20.34.20:921][908]LogCharacterMovement: SideScrollerCharacter_C_2 is stuck and failed to move!
[2016.05.07-20.34.20:943][909]LogCharacterMovement: SideScrollerCharacter_C_2 is stuck and failed to move!
[2016.05.07-20.34.20:967][910]LogCharacterMovement: SideScrollerCharacter_C_2 is stuck and failed to move!
[2016.05.07-20.34.20:989][911]LogCharacterMovement: SideScrollerCharacter_C_2 is stuck and failed to move!
[2016.05.07-20.34.21:012][912]LogCharacterMovement: SideScrollerCharacter_C_2 is stuck and failed to move!
[2016.05.07-20.34.21:035][913]LogCharacterMovement: SideScrollerCharacter_C_2 is stuck and failed to move!
[2016.05.07-20.34.21:064][914]LogCharacterMovement: SideScrollerCharacter_C_2 is stuck and failed to move!
[2016.05.07-20.34.21:091][915]LogCharacterMovement: SideScrollerCharacter_C_2 is stuck and failed to move!
[2016.05.07-20.34.21:121][916]LogCharacterMovement: SideScrollerCharacter_C_2 is stuck and failed to move!
[2016.05.07-20.34.28:047][186]LogCharacterMovement: SideScrollerCharacter_C_2 is stuck and failed to move!
[2016.05.07-20.34.28:074][187]LogCharacterMovement: SideScrollerCharacter_C_2 is stuck and failed to move!
[2016.05.07-20.34.28:100][188]LogCharacterMovement: SideScrollerCharacter_C_2 is stuck and failed to move!
[2016.05.07-20.34.28:126][189]LogCharacterMovement: SideScrollerCharacter_C_2 is stuck and failed to move!
[2016.05.07-20.34.28:158][190]LogCharacterMovement: SideScrollerCharacter_C_2 is stuck and failed to move!
[2016.05.07-20.34.28:183][191]LogCharacterMovement: SideScrollerCharacter_C_2 is stuck and failed to move!
[2016.05.07-20.34.28:212][192]LogCharacterMovement: SideScrollerCharacter_C_2 is stuck and failed to move!
[2016.05.07-20.34.28:237][193]LogCharacterMovement: SideScrollerCharacter_C_2 is stuck and failed to move!
[2016.05.07-20.34.28:263][194]LogCharacterMovement: SideScrollerCharacter_C_2 is stuck and failed to move!
[2016.05.07-20.34.28:291][195]LogCharacterMovement: SideScrollerCharacter_C_2 is stuck and failed to move!
[2016.05.07-20.34.28:325][196]LogCharacterMovement: SideScrollerCharacter_C_2 is stuck and failed to move!
[2016.05.07-20.34.28:829][213]LogCharacterMovement: SideScrollerCharacter_C_2 is stuck and failed to move!
[2016.05.07-20.34.28:857][214]LogCharacterMovement: SideScrollerCharacter_C_2 is stuck and failed to move!
[2016.05.07-20.34.28:884][215]LogCharacterMovement: SideScrollerCharacter_C_2 is stuck and failed to move!
[2016.05.07-20.34.28:912][216]LogCharacterMovement: SideScrollerCharacter_C_2 is stuck and failed to move!
[2016.05.07-20.34.28:939][217]LogCharacterMovement: SideScrollerCharacter_C_2 is stuck and failed to move!
[2016.05.07-20.34.28:967][218]LogCharacterMovement: SideScrollerCharacter_C_2 is stuck and failed to move!
[2016.05.07-20.34.28:994][219]LogCharacterMovement: SideScrollerCharacter_C_2 is stuck and failed to move!
[2016.05.07-20.34.29:021][220]LogCharacterMovement: SideScrollerCharacter_C_2 is stuck and failed to move!
[2016.05.07-20.34.29:049][221]LogCharacterMovement: SideScrollerCharacter_C_2 is stuck and failed to move!
[2016.05.07-20.34.29:076][222]LogCharacterMovement: SideScrollerCharacter_C_2 is stuck and failed to move!
[2016.05.07-20.34.29:105][223]LogCharacterMovement: SideScrollerCharacter_C_2 is stuck and failed to move!
[2016.05.07-20.34.29:132][224]LogCharacterMovement: SideScrollerCharacter_C_2 is stuck and failed to move!
[2016.05.07-20.34.31:325][300]LogCharacterMovement: SideScrollerCharacter_C_2 is stuck and failed to move!
[2016.05.07-20.34.31:352][301]LogCharacterMovement: SideScrollerCharacter_C_2 is stuck and failed to move!
[2016.05.07-20.34.31:380][302]LogCharacterMovement: SideScrollerCharacter_C_2 is stuck and failed to move!
[2016.05.07-20.34.31:408][303]LogCharacterMovement: SideScrollerCharacter_C_2 is stuck and failed to move!
[2016.05.07-20.34.31:435][304]LogCharacterMovement: SideScrollerCharacter_C_2 is stuck and failed to move!
[2016.05.07-20.34.31:463][305]LogCharacterMovement: SideScrollerCharacter_C_2 is stuck and failed to move!
[2016.05.07-20.34.31:490][306]LogCharacterMovement: SideScrollerCharacter_C_2 is stuck and failed to move!
[2016.05.07-20.34.31:518][307]LogCharacterMovement: SideScrollerCharacter_C_2 is stuck and failed to move!
[2016.05.07-20.34.31:545][308]LogCharacterMovement: SideScrollerCharacter_C_2 is stuck and failed to move!
[2016.05.07-20.34.31:572][309]LogCharacterMovement: SideScrollerCharacter_C_2 is stuck and failed to move!
[2016.05.07-20.34.31:600][310]LogCharacterMovement: SideScrollerCharacter_C_2 is stuck and failed to move!
[2016.05.07-20.34.31:636][311]LogCharacterMovement: SideScrollerCharacter_C_2 is stuck and failed to move!
[2016.05.07-20.34.31:665][312]LogCharacterMovement: SideScrollerCharacter_C_2 is stuck and failed to move!
[2016.05.07-20.34.31:691][313]LogCharacterMovement: SideScrollerCharacter_C_2 is stuck and failed to move!
[2016.05.07-20.34.31:718][314]LogCharacterMovement: SideScrollerCharacter_C_2 is stuck and failed to move!
[2016.05.07-20.34.31:745][315]LogCharacterMovement: SideScrollerCharacter_C_2 is stuck and failed to move!
[2016.05.07-20.34.31:772][316]LogCharacterMovement: SideScrollerCharacter_C_2 is stuck and failed to move!
[2016.05.07-20.34.31:798][317]LogCharacterMovement: SideScrollerCharacter_C_2 is stuck and failed to move!
[2016.05.07-20.34.31:828][318]LogCharacterMovement: SideScrollerCharacter_C_2 is stuck and failed to move!
[2016.05.07-20.34.31:852][319]LogCharacterMovement: SideScrollerCharacter_C_2 is stuck and failed to move!
[2016.05.07-20.34.31:879][320]LogCharacterMovement: SideScrollerCharacter_C_2 is stuck and failed to move!
[2016.05.07-20.34.31:907][321]LogCharacterMovement: SideScrollerCharacter_C_2 is stuck and failed to move!
[2016.05.07-20.34.31:933][322]LogCharacterMovement: SideScrollerCharacter_C_2 is stuck and failed to move!
[2016.05.07-20.34.31:963][323]LogCharacterMovement: SideScrollerCharacter_C_2 is stuck and failed to move!
[2016.05.07-20.34.31:990][324]LogCharacterMovement: SideScrollerCharacter_C_2 is stuck and failed to move!
[2016.05.07-20.34.32:018][325]LogCharacterMovement: SideScrollerCharacter_C_2 is stuck and failed to move!
[2016.05.07-20.34.32:045][326]LogCharacterMovement: SideScrollerCharacter_C_2 is stuck and failed to move!
[2016.05.07-20.34.32:073][327]LogCharacterMovement: SideScrollerCharacter_C_2 is stuck and failed to move!
[2016.05.07-20.34.32:101][328]LogCharacterMovement: SideScrollerCharacter_C_2 is stuck and failed to move!
[2016.05.07-20.34.32:129][329]LogCharacterMovement: SideScrollerCharacter_C_2 is stuck and failed to move!
[2016.05.07-20.34.32:156][330]LogCharacterMovement: SideScrollerCharacter_C_2 is stuck and failed to move!
[2016.05.07-20.34.32:184][331]LogCharacterMovement: SideScrollerCharacter_C_2 is stuck and failed to move!
[2016.05.07-20.34.32:211][332]LogCharacterMovement: SideScrollerCharacter_C_2 is stuck and failed to move!
[2016.05.07-20.34.32:239][333]LogCharacterMovement: SideScrollerCharacter_C_2 is stuck and failed to move!
[2016.05.07-20.34.32:267][334]LogCharacterMovement: SideScrollerCharacter_C_2 is stuck and failed to move!
[2016.05.07-20.34.32:294][335]LogCharacterMovement: SideScrollerCharacter_C_2 is stuck and failed to move!
[2016.05.07-20.34.32:322][336]LogCharacterMovement: SideScrollerCharacter_C_2 is stuck and failed to move!
[2016.05.07-20.34.32:350][337]LogCharacterMovement: SideScrollerCharacter_C_2 is stuck and failed to move!
[2016.05.07-20.34.32:378][338]LogCharacterMovement: SideScrollerCharacter_C_2 is stuck and failed to move!
[2016.05.07-20.34.32:406][339]LogCharacterMovement: SideScrollerCharacter_C_2 is stuck and failed to move!
[2016.05.07-20.34.32:436][340]LogCharacterMovement: SideScrollerCharacter_C_2 is stuck and failed to move!
[2016.05.07-20.34.32:462][341]LogCharacterMovement: SideScrollerCharacter_C_2 is stuck and failed to move!
[2016.05.07-20.34.32:492][342]LogCharacterMovement: SideScrollerCharacter_C_2 is stuck and failed to move!
[2016.05.07-20.34.32:528][343]LogCharacterMovement: SideScrollerCharacter_C_2 is stuck and failed to move!
[2016.05.07-20.34.32:555][344]LogCharacterMovement: SideScrollerCharacter_C_2 is stuck and failed to move!
[2016.05.07-20.34.32:584][345]LogCharacterMovement: SideScrollerCharacter_C_2 is stuck and failed to move!
[2016.05.07-20.34.32:612][346]LogCharacterMovement: SideScrollerCharacter_C_2 is stuck and failed to move!
[2016.05.07-20.34.32:640][347]LogCharacterMovement: SideScrollerCharacter_C_2 is stuck and failed to move!
[2016.05.07-20.34.32:669][348]LogCharacterMovement: SideScrollerCharacter_C_2 is stuck and failed to move!
[2016.05.07-20.34.32:697][349]LogCharacterMovement: SideScrollerCharacter_C_2 is stuck and failed to move!
[2016.05.07-20.34.32:726][350]LogCharacterMovement: SideScrollerCharacter_C_2 is stuck and failed to move!
[2016.05.07-20.34.32:755][351]LogCharacterMovement: SideScrollerCharacter_C_2 is stuck and failed to move!
[2016.05.07-20.34.32:783][352]LogCharacterMovement: SideScrollerCharacter_C_2 is stuck and failed to move!
[2016.05.07-20.34.32:810][353]LogCharacterMovement: SideScrollerCharacter_C_2 is stuck and failed to move!
[2016.05.07-20.34.32:840][354]LogCharacterMovement: SideScrollerCharacter_C_2 is stuck and failed to move!
[2016.05.07-20.34.32:872][355]LogCharacterMovement: SideScrollerCharacter_C_2 is stuck and failed to move!
[2016.05.07-20.34.32:898][356]LogCharacterMovement: SideScrollerCharacter_C_2 is stuck and failed to move!
[2016.05.07-20.34.32:927][357]LogCharacterMovement: SideScrollerCharacter_C_2 is stuck and failed to move!
[2016.05.07-20.34.32:955][358]LogCharacterMovement: SideScrollerCharacter_C_2 is stuck and failed to move!
[2016.05.07-20.34.32:983][359]LogCharacterMovement: SideScrollerCharacter_C_2 is stuck and failed to move!
[2016.05.07-20.34.33:011][360]LogCharacterMovement: SideScrollerCharacter_C_2 is stuck and failed to move!
[2016.05.07-20.34.33:040][361]LogCharacterMovement: SideScrollerCharacter_C_2 is stuck and failed to move!
[2016.05.07-20.34.33:068][362]LogCharacterMovement: SideScrollerCharacter_C_2 is stuck and failed to move!
[2016.05.07-20.34.33:097][363]LogCharacterMovement: SideScrollerCharacter_C_2 is stuck and failed to move!
[2016.05.07-20.34.35:882][462]LogPackageName: SearchForPackageOnDisk took   0.071s to resolve Death.umap.
[2016.05.07-20.34.35:959][463]LogPackageName: SearchForPackageOnDisk took   0.068s to resolve Death.umap.
[2016.05.07-20.34.35:959][463]LogNet: Browse: /Game/RunnerAssets/Death
[2016.05.07-20.34.35:959][463]LogLoad: LoadMap: /Game/RunnerAssets/Death
[2016.05.07-20.34.35:993][463]LogParticles: Destroying 0 GPU particle simulations for FXSystem 0x000002A7F5F7CF40
[2016.05.07-20.34.36:000][463]Cmd: MEM
[2016.05.07-20.34.36:023][463]LogMemory: Platform Memory Stats for Windows
[2016.05.07-20.34.36:023][463]LogMemory: Process Physical Memory: 1238.28 MB used, 1354.98 MB peak
[2016.05.07-20.34.36:023][463]LogMemory: Process Virtual Memory: 1998.28 MB used, 2144.09 MB peak
[2016.05.07-20.34.36:023][463]LogMemory: Physical Memory: 3878.05 MB used, 16337.33 MB total
[2016.05.07-20.34.36:023][463]LogMemory: Virtual Memory: 2852.99 MB used, 134217728.00 MB total
[2016.05.07-20.34.36:023][463]LogMemory: 
[2016.05.07-20.34.36:023][463]Allocator Stats for TBB: (not implemented)
[2016.05.07-20.34.36:043][463]LogAIModule: Creating AISystem for world Death
[2016.05.07-20.34.36:044][463]LogLinker:Warning: Can't find file '/Game/SideScrollerBP/Blueprints/SideScrollerGameMode'
[2016.05.07-20.34.36:044][463]LogLinker:Warning: Can't find file '/Game/SideScrollerBP/Blueprints/SideScrollerGameMode'
[2016.05.07-20.34.36:044][463]LogUObjectGlobals:Warning: Failed to find object 'Class /Game/SideScrollerBP/Blueprints/SideScrollerGameMode.SideScrollerGameMode_C'
[2016.05.07-20.34.36:044][463]LogWorld: Game class is 'GameMode'
[2016.05.07-20.34.36:045][463]LogWorld: Bringing World /Game/RunnerAssets/UEDPIE_0_Death.Death up for play (max tick rate 0) at 2016.05.07-22.34.36
[2016.05.07-20.34.36:046][463]LogActor:Warning: GameSession /Game/RunnerAssets/UEDPIE_0_Death.Death:PersistentLevel.GameSession_7 has natively added scene component(s), but none of them were set as the actor's RootComponent - picking one arbitrarily
[2016.05.07-20.34.36:046][463]LogActor:Warning: GameNetworkManager /Game/RunnerAssets/UEDPIE_0_Death.Death:PersistentLevel.GameNetworkManager_7 has natively added scene component(s), but none of them were set as the actor's RootComponent - picking one arbitrarily
[2016.05.07-20.34.36:046][463]LogWorld: Bringing up level for play took: 0.000866
[2016.05.07-20.34.36:046][463]LogGameMode: Warning - PATHS NOT DEFINED or NO PLAYERSTART with positive rating
[2016.05.07-20.34.41:892][960]LogBlueprintUserMessages: Early EndPlayMap Detection: Level '/Game/RunnerAssets/RunnerMap.RunnerMap:PersistentLevel' has LevelScriptBlueprint '/Game/RunnerAssets/RunnerMap.RunnerMap:PersistentLevel.RunnerMap' with GeneratedClass '/Game/RunnerAssets/RunnerMap.RunnerMap_C' with ClassGeneratedBy '/Game/RunnerAssets/RunnerMap.RunnerMap:PersistentLevel.RunnerMap'
[2016.05.07-20.34.41:940][960]LogBlueprintUserMessages: Late EndPlayMap Detection: Level '/Game/RunnerAssets/RunnerMap.RunnerMap:PersistentLevel' has LevelScriptBlueprint '/Game/RunnerAssets/RunnerMap.RunnerMap:PersistentLevel.RunnerMap' with GeneratedClass '/Game/RunnerAssets/RunnerMap.RunnerMap_C' with ClassGeneratedBy '/Game/RunnerAssets/RunnerMap.RunnerMap:PersistentLevel.RunnerMap'
[2016.05.07-20.34.41:971][960]LogParticles: Destroying 0 GPU particle simulations for FXSystem 0x000002A7872B3060
[2016.05.07-20.35.18:997][359]LogEditorViewport: Clicking on Actor (LMB): StaticMeshActor (Ledge6)
[2016.05.07-20.35.37:832][603]LogBlueprintUserMessages: Early PlayInEditor Detection: Level '/Game/RunnerAssets/RunnerMap.RunnerMap:PersistentLevel' has LevelScriptBlueprint '/Game/RunnerAssets/RunnerMap.RunnerMap:PersistentLevel.RunnerMap' with GeneratedClass '/Game/RunnerAssets/RunnerMap.RunnerMap_C' with ClassGeneratedBy '/Game/RunnerAssets/RunnerMap.RunnerMap:PersistentLevel.RunnerMap'
[2016.05.07-20.35.37:832][603]LogPlayLevel: PlayLevel: No blueprints needed recompiling
[2016.05.07-20.35.37:832][603]PIE: New page: PIE session: RunnerMap (May 8, 2016, 12:35:37 AM)
[2016.05.07-20.35.37:833][603]LogPlayLevel: Creating play world package: /Game/RunnerAssets/UEDPIE_0_RunnerMap
[2016.05.07-20.35.37:863][603]LogPlayLevel: PIE: StaticDuplicateObject took: (0.030513s)
[2016.05.07-20.35.37:864][603]LogAIModule: Creating AISystem for world RunnerMap
[2016.05.07-20.35.37:864][603]LogPlayLevel: PIE: World Init took: (0.001194s)
[2016.05.07-20.35.37:865][603]LogPlayLevel: PIE: Created PIE world by copying editor world from /Game/RunnerAssets/RunnerMap.RunnerMap to /Game/RunnerAssets/UEDPIE_0_RunnerMap.RunnerMap (0.032097s)
[2016.05.07-20.35.37:898][603]LogInit: XAudio2 using 'Speakers (Realtek High Definition Audio)' : 2 channels at 48 kHz using 32 bits per sample (channel mask 0x3)
[2016.05.07-20.35.37:908][603]LogInit: FAudioDevice initialized.
[2016.05.07-20.35.37:988][603]LogLinker:Warning: Can't find file '/Game/SideScrollerBP/Blueprints/SideScrollerGameMode'
[2016.05.07-20.35.37:989][603]LogLinker:Warning: Can't find file '/Game/SideScrollerBP/Blueprints/SideScrollerGameMode'
[2016.05.07-20.35.37:989][603]LogUObjectGlobals:Warning: Failed to find object 'Class /Game/SideScrollerBP/Blueprints/SideScrollerGameMode.SideScrollerGameMode_C'
[2016.05.07-20.35.37:989][603]LogWorld: Game class is 'GameMode'
[2016.05.07-20.35.38:002][603]LogWorld: Bringing World /Game/RunnerAssets/UEDPIE_0_RunnerMap.RunnerMap up for play (max tick rate 0) at 2016.05.07-22.35.38
[2016.05.07-20.35.38:002][603]LogActor:Warning: GameSession /Game/RunnerAssets/UEDPIE_0_RunnerMap.RunnerMap:PersistentLevel.GameSession_8 has natively added scene component(s), but none of them were set as the actor's RootComponent - picking one arbitrarily
[2016.05.07-20.35.38:003][603]LogActor:Warning: GameNetworkManager /Game/RunnerAssets/UEDPIE_0_RunnerMap.RunnerMap:PersistentLevel.GameNetworkManager_8 has natively added scene component(s), but none of them were set as the actor's RootComponent - picking one arbitrarily
[2016.05.07-20.35.38:004][603]LogWorld: Bringing up level for play took: 0.012827
[2016.05.07-20.35.38:005][603]LogGameMode: Warning - PATHS NOT DEFINED or NO PLAYERSTART with positive rating
[2016.05.07-20.35.38:041][603]PIE: Info Play in editor start time for /Game/RunnerAssets/UEDPIE_0_RunnerMap 0.884
[2016.05.07-20.35.38:042][603]LogBlueprintUserMessages: Late PlayInEditor Detection: Level '/Game/RunnerAssets/RunnerMap.RunnerMap:PersistentLevel' has LevelScriptBlueprint '/Game/RunnerAssets/RunnerMap.RunnerMap:PersistentLevel.RunnerMap' with GeneratedClass '/Game/RunnerAssets/RunnerMap.RunnerMap_C' with ClassGeneratedBy '/Game/RunnerAssets/RunnerMap.RunnerMap:PersistentLevel.RunnerMap'
[2016.05.07-20.36.07:830][968]LogCharacterMovement: SideScrollerCharacter_C_2 is stuck and failed to move!
[2016.05.07-20.36.07:858][969]LogCharacterMovement: SideScrollerCharacter_C_2 is stuck and failed to move!
[2016.05.07-20.36.07:883][970]LogCharacterMovement: SideScrollerCharacter_C_2 is stuck and failed to move!
[2016.05.07-20.36.07:910][971]LogCharacterMovement: SideScrollerCharacter_C_2 is stuck and failed to move!
[2016.05.07-20.36.07:937][972]LogCharacterMovement: SideScrollerCharacter_C_2 is stuck and failed to move!
[2016.05.07-20.36.07:964][973]LogCharacterMovement: SideScrollerCharacter_C_2 is stuck and failed to move!
[2016.05.07-20.36.07:991][974]LogCharacterMovement: SideScrollerCharacter_C_2 is stuck and failed to move!
[2016.05.07-20.36.08:017][975]LogCharacterMovement: SideScrollerCharacter_C_2 is stuck and failed to move!
[2016.05.07-20.36.08:045][976]LogCharacterMovement: SideScrollerCharacter_C_2 is stuck and failed to move!
[2016.05.07-20.36.08:072][977]LogCharacterMovement: SideScrollerCharacter_C_2 is stuck and failed to move!
[2016.05.07-20.36.08:098][978]LogCharacterMovement: SideScrollerCharacter_C_2 is stuck and failed to move!
[2016.05.07-20.36.08:124][979]LogCharacterMovement: SideScrollerCharacter_C_2 is stuck and failed to move!
[2016.05.07-20.36.08:150][980]LogCharacterMovement: SideScrollerCharacter_C_2 is stuck and failed to move!
[2016.05.07-20.36.08:176][981]LogCharacterMovement: SideScrollerCharacter_C_2 is stuck and failed to move!
[2016.05.07-20.36.08:202][982]LogCharacterMovement: SideScrollerCharacter_C_2 is stuck and failed to move!
[2016.05.07-20.36.08:228][983]LogCharacterMovement: SideScrollerCharacter_C_2 is stuck and failed to move!
[2016.05.07-20.36.08:254][984]LogCharacterMovement: SideScrollerCharacter_C_2 is stuck and failed to move!
[2016.05.07-20.36.08:280][985]LogCharacterMovement: SideScrollerCharacter_C_2 is stuck and failed to move!
[2016.05.07-20.36.08:307][986]LogCharacterMovement: SideScrollerCharacter_C_2 is stuck and failed to move!
[2016.05.07-20.36.08:333][987]LogCharacterMovement: SideScrollerCharacter_C_2 is stuck and failed to move!
[2016.05.07-20.36.08:360][988]LogCharacterMovement: SideScrollerCharacter_C_2 is stuck and failed to move!
[2016.05.07-20.36.08:386][989]LogCharacterMovement: SideScrollerCharacter_C_2 is stuck and failed to move!
[2016.05.07-20.36.08:412][990]LogCharacterMovement: SideScrollerCharacter_C_2 is stuck and failed to move!
[2016.05.07-20.36.08:438][991]LogCharacterMovement: SideScrollerCharacter_C_2 is stuck and failed to move!
[2016.05.07-20.36.08:464][992]LogCharacterMovement: SideScrollerCharacter_C_2 is stuck and failed to move!
[2016.05.07-20.36.08:491][993]LogCharacterMovement: SideScrollerCharacter_C_2 is stuck and failed to move!
[2016.05.07-20.36.08:516][994]LogCharacterMovement: SideScrollerCharacter_C_2 is stuck and failed to move!
[2016.05.07-20.36.08:542][995]LogCharacterMovement: SideScrollerCharacter_C_2 is stuck and failed to move!
[2016.05.07-20.36.08:568][996]LogCharacterMovement: SideScrollerCharacter_C_2 is stuck and failed to move!
[2016.05.07-20.36.08:595][997]LogCharacterMovement: SideScrollerCharacter_C_2 is stuck and failed to move!
[2016.05.07-20.36.08:620][998]LogCharacterMovement: SideScrollerCharacter_C_2 is stuck and failed to move!
[2016.05.07-20.36.08:649][999]LogCharacterMovement: SideScrollerCharacter_C_2 is stuck and failed to move!
[2016.05.07-20.36.08:673][  0]LogCharacterMovement: SideScrollerCharacter_C_2 is stuck and failed to move!
[2016.05.07-20.36.08:700][  1]LogCharacterMovement: SideScrollerCharacter_C_2 is stuck and failed to move!
[2016.05.07-20.36.08:726][  2]LogCharacterMovement: SideScrollerCharacter_C_2 is stuck and failed to move!
[2016.05.07-20.36.08:754][  3]LogCharacterMovement: SideScrollerCharacter_C_2 is stuck and failed to move!
[2016.05.07-20.36.08:781][  4]LogCharacterMovement: SideScrollerCharacter_C_2 is stuck and failed to move!
[2016.05.07-20.36.08:808][  5]LogCharacterMovement: SideScrollerCharacter_C_2 is stuck and failed to move!
[2016.05.07-20.36.08:834][  6]LogCharacterMovement: SideScrollerCharacter_C_2 is stuck and failed to move!
[2016.05.07-20.36.08:862][  7]LogCharacterMovement: SideScrollerCharacter_C_2 is stuck and failed to move!
[2016.05.07-20.36.08:890][  8]LogCharacterMovement: SideScrollerCharacter_C_2 is stuck and failed to move!
[2016.05.07-20.36.08:916][  9]LogCharacterMovement: SideScrollerCharacter_C_2 is stuck and failed to move!
[2016.05.07-20.36.08:943][ 10]LogCharacterMovement: SideScrollerCharacter_C_2 is stuck and failed to move!
[2016.05.07-20.36.08:970][ 11]LogCharacterMovement: SideScrollerCharacter_C_2 is stuck and failed to move!
[2016.05.07-20.36.08:998][ 12]LogCharacterMovement: SideScrollerCharacter_C_2 is stuck and failed to move!
[2016.05.07-20.36.09:024][ 13]LogCharacterMovement: SideScrollerCharacter_C_2 is stuck and failed to move!
[2016.05.07-20.36.09:051][ 14]LogCharacterMovement: SideScrollerCharacter_C_2 is stuck and failed to move!
[2016.05.07-20.36.09:077][ 15]LogCharacterMovement: SideScrollerCharacter_C_2 is stuck and failed to move!
[2016.05.07-20.36.11:252][ 91]LogCharacterMovement: SideScrollerCharacter_C_2 is stuck and failed to move!
[2016.05.07-20.36.13:207][166]LogCharacterMovement: SideScrollerCharacter_C_2 is stuck and failed to move!
[2016.05.07-20.36.13:313][170]LogCharacterMovement: SideScrollerCharacter_C_2 is stuck and failed to move!
[2016.05.07-20.36.14:068][195]LogPackageName: SearchForPackageOnDisk took   0.069s to resolve Death.umap.
[2016.05.07-20.36.14:145][196]LogPackageName: SearchForPackageOnDisk took   0.069s to resolve Death.umap.
[2016.05.07-20.36.14:145][196]LogNet: Browse: /Game/RunnerAssets/Death
[2016.05.07-20.36.14:145][196]LogLoad: LoadMap: /Game/RunnerAssets/Death
[2016.05.07-20.36.14:188][196]LogParticles: Destroying 0 GPU particle simulations for FXSystem 0x000002A787ECCE00
[2016.05.07-20.36.14:188][196]Cmd: MEM
[2016.05.07-20.36.14:211][196]LogMemory: Platform Memory Stats for Windows
[2016.05.07-20.36.14:211][196]LogMemory: Process Physical Memory: 1269.05 MB used, 1354.98 MB peak
[2016.05.07-20.36.14:211][196]LogMemory: Process Virtual Memory: 2009.27 MB used, 2144.09 MB peak
[2016.05.07-20.36.14:211][196]LogMemory: Physical Memory: 3943.19 MB used, 16337.33 MB total
[2016.05.07-20.36.14:211][196]LogMemory: Virtual Memory: 2850.80 MB used, 134217728.00 MB total
[2016.05.07-20.36.14:211][196]LogMemory: 
[2016.05.07-20.36.14:211][196]Allocator Stats for TBB: (not implemented)
[2016.05.07-20.36.14:231][196]LogAIModule: Creating AISystem for world Death
[2016.05.07-20.36.14:232][196]LogLinker:Warning: Can't find file '/Game/SideScrollerBP/Blueprints/SideScrollerGameMode'
[2016.05.07-20.36.14:232][196]LogLinker:Warning: Can't find file '/Game/SideScrollerBP/Blueprints/SideScrollerGameMode'
[2016.05.07-20.36.14:232][196]LogUObjectGlobals:Warning: Failed to find object 'Class /Game/SideScrollerBP/Blueprints/SideScrollerGameMode.SideScrollerGameMode_C'
[2016.05.07-20.36.14:232][196]LogWorld: Game class is 'GameMode'
[2016.05.07-20.36.14:234][196]LogWorld: Bringing World /Game/RunnerAssets/UEDPIE_0_Death.Death up for play (max tick rate 0) at 2016.05.07-22.36.14
[2016.05.07-20.36.14:234][196]LogActor:Warning: GameSession /Game/RunnerAssets/UEDPIE_0_Death.Death:PersistentLevel.GameSession_9 has natively added scene component(s), but none of them were set as the actor's RootComponent - picking one arbitrarily
[2016.05.07-20.36.14:234][196]LogActor:Warning: GameNetworkManager /Game/RunnerAssets/UEDPIE_0_Death.Death:PersistentLevel.GameNetworkManager_9 has natively added scene component(s), but none of them were set as the actor's RootComponent - picking one arbitrarily
[2016.05.07-20.36.14:234][196]LogWorld: Bringing up level for play took: 0.000861
[2016.05.07-20.36.14:235][196]LogGameMode: Warning - PATHS NOT DEFINED or NO PLAYERSTART with positive rating
[2016.05.07-20.36.26:698][251]LogBlueprintUserMessages: Early EndPlayMap Detection: Level '/Game/RunnerAssets/RunnerMap.RunnerMap:PersistentLevel' has LevelScriptBlueprint '/Game/RunnerAssets/RunnerMap.RunnerMap:PersistentLevel.RunnerMap' with GeneratedClass '/Game/RunnerAssets/RunnerMap.RunnerMap_C' with ClassGeneratedBy '/Game/RunnerAssets/RunnerMap.RunnerMap:PersistentLevel.RunnerMap'
[2016.05.07-20.36.26:763][251]LogBlueprintUserMessages: Late EndPlayMap Detection: Level '/Game/RunnerAssets/RunnerMap.RunnerMap:PersistentLevel' has LevelScriptBlueprint '/Game/RunnerAssets/RunnerMap.RunnerMap:PersistentLevel.RunnerMap' with GeneratedClass '/Game/RunnerAssets/RunnerMap.RunnerMap_C' with ClassGeneratedBy '/Game/RunnerAssets/RunnerMap.RunnerMap:PersistentLevel.RunnerMap'
[2016.05.07-20.36.26:796][251]LogParticles: Destroying 0 GPU particle simulations for FXSystem 0x000002A787FF5080
[2016.05.07-20.38.02:331][273]LogEditorTransaction: Undo Rename Node
[2016.05.07-20.38.03:746][413]LogEditorTransaction: Undo Add Node
[2016.05.07-20.38.33:546][975]LogEditorTransaction: Undo Create Pin Link
[2016.05.07-20.43.29:189][ 34]LogEditorTransaction: Undo Move Node
[2016.05.07-20.43.30:256][132]LogEditorTransaction: Undo Move Nodes
[2016.05.07-20.44.29:909][266]LogFileHelpers: Editor autosave (incl. sublevels) for '/Game/RunnerAssets/RunnerMap' took 0.034
[2016.05.07-20.44.29:915][266]OBJ SavePackage: Generating thumbnails for [0] asset(s) in package [/Game/RunnerAssets/Blueprints/SetPhysics_Blueprint] ([1] browsable assets)...
[2016.05.07-20.44.29:915][266]OBJ SavePackage: Finished generating thumbnails for package [/Game/RunnerAssets/Blueprints/SetPhysics_Blueprint]
[2016.05.07-20.44.30:063][266]LogSavePackage: Save=137.480576ms
[2016.05.07-20.44.30:063][266]LogSavePackage: Moving '../../../../../../Users/Johan/Documents/GitHub/Runner/Saved/SetPhysics_Blueprint_Auto1F230AE1B472CE4CE52B6398D06221E35.tmp' to '../../../../../../Users/Johan/Documents/GitHub/Runner/Saved/Autosaves/Game/RunnerAssets/Blueprints/SetPhysics_Blueprint_Auto1.uasset'
[2016.05.07-20.44.30:065][266]LogSavePackage: Total save time: 148.180928ms
[2016.05.07-20.44.30:065][266]LogSavePackage:Display: Finished SavePackage ../../../../../../Users/Johan/Documents/GitHub/Runner/Saved/Autosaves/Game/RunnerAssets/Blueprints/SetPhysics_Blueprint_Auto1.uasset
[2016.05.07-20.44.30:065][266]LogFileHelpers: Auto-saving content packages took 0.155
[2016.05.07-20.44.31:814][475]BlueprintLog: New page: Compile SetPhysics_Blueprint
[2016.05.07-20.44.31:936][475]BlueprintEditorCompileResults: Info [4814.23] Compile of SetPhysics_Blueprint successful! [in 122 ms]
[2016.05.07-20.44.32:671][540]LogSavePackage: Save=136.491684ms
[2016.05.07-20.44.32:672][540]LogSavePackage: Moving '../../../../../../Users/Johan/Documents/GitHub/Runner/Saved/SetPhysics_Blueprint405EBB214130975BF541478C3F619B60.tmp' to '../../../../../../Users/Johan/Documents/GitHub/Runner/Content/RunnerAssets/Blueprints/SetPhysics_Blueprint.uasset'
[2016.05.07-20.44.32:674][540]LogSavePackage: Total save time: 144.330394ms
[2016.05.07-20.44.32:674][540]LogSavePackage:Display: Finished SavePackage ../../../../../../Users/Johan/Documents/GitHub/Runner/Content/RunnerAssets/Blueprints/SetPhysics_Blueprint.uasset
[2016.05.07-20.44.33:479][634]LogBlueprintUserMessages: Early PlayInEditor Detection: Level '/Game/RunnerAssets/RunnerMap.RunnerMap:PersistentLevel' has LevelScriptBlueprint '/Game/RunnerAssets/RunnerMap.RunnerMap:PersistentLevel.RunnerMap' with GeneratedClass '/Game/RunnerAssets/RunnerMap.RunnerMap_C' with ClassGeneratedBy '/Game/RunnerAssets/RunnerMap.RunnerMap:PersistentLevel.RunnerMap'
[2016.05.07-20.44.33:479][634]LogPlayLevel: PlayLevel: No blueprints needed recompiling
[2016.05.07-20.44.33:479][634]PIE: New page: PIE session: RunnerMap (May 8, 2016, 12:44:33 AM)
[2016.05.07-20.44.33:479][634]LogPlayLevel: Creating play world package: /Game/RunnerAssets/UEDPIE_0_RunnerMap
[2016.05.07-20.44.33:512][634]LogPlayLevel: PIE: StaticDuplicateObject took: (0.032624s)
[2016.05.07-20.44.33:513][634]LogAIModule: Creating AISystem for world RunnerMap
[2016.05.07-20.44.33:513][634]LogPlayLevel: PIE: World Init took: (0.001241s)
[2016.05.07-20.44.33:513][634]LogPlayLevel: PIE: Created PIE world by copying editor world from /Game/RunnerAssets/RunnerMap.RunnerMap to /Game/RunnerAssets/UEDPIE_0_RunnerMap.RunnerMap (0.034215s)
[2016.05.07-20.44.33:547][634]LogInit: XAudio2 using 'Speakers (Realtek High Definition Audio)' : 2 channels at 48 kHz using 32 bits per sample (channel mask 0x3)
[2016.05.07-20.44.33:559][634]LogInit: FAudioDevice initialized.
[2016.05.07-20.44.33:637][634]LogLinker:Warning: Can't find file '/Game/SideScrollerBP/Blueprints/SideScrollerGameMode'
[2016.05.07-20.44.33:637][634]LogLinker:Warning: Can't find file '/Game/SideScrollerBP/Blueprints/SideScrollerGameMode'
[2016.05.07-20.44.33:638][634]LogUObjectGlobals:Warning: Failed to find object 'Class /Game/SideScrollerBP/Blueprints/SideScrollerGameMode.SideScrollerGameMode_C'
[2016.05.07-20.44.33:638][634]LogWorld: Game class is 'GameMode'
[2016.05.07-20.44.33:644][634]LogWorld: Bringing World /Game/RunnerAssets/UEDPIE_0_RunnerMap.RunnerMap up for play (max tick rate 0) at 2016.05.07-22.44.33
[2016.05.07-20.44.33:644][634]LogActor:Warning: GameSession /Game/RunnerAssets/UEDPIE_0_RunnerMap.RunnerMap:PersistentLevel.GameSession_10 has natively added scene component(s), but none of them were set as the actor's RootComponent - picking one arbitrarily
[2016.05.07-20.44.33:644][634]LogActor:Warning: GameNetworkManager /Game/RunnerAssets/UEDPIE_0_RunnerMap.RunnerMap:PersistentLevel.GameNetworkManager_10 has natively added scene component(s), but none of them were set as the actor's RootComponent - picking one arbitrarily
[2016.05.07-20.44.33:645][634]LogWorld: Bringing up level for play took: 0.006218
[2016.05.07-20.44.33:645][634]LogGameMode: Warning - PATHS NOT DEFINED or NO PLAYERSTART with positive rating
[2016.05.07-20.44.33:671][634]PIE: Info Play in editor start time for /Game/RunnerAssets/UEDPIE_0_RunnerMap 0.513
[2016.05.07-20.44.33:671][634]LogBlueprintUserMessages: Late PlayInEditor Detection: Level '/Game/RunnerAssets/RunnerMap.RunnerMap:PersistentLevel' has LevelScriptBlueprint '/Game/RunnerAssets/RunnerMap.RunnerMap:PersistentLevel.RunnerMap' with GeneratedClass '/Game/RunnerAssets/RunnerMap.RunnerMap_C' with ClassGeneratedBy '/Game/RunnerAssets/RunnerMap.RunnerMap:PersistentLevel.RunnerMap'
[2016.05.07-20.45.31:491][874]LogCharacterMovement: SideScrollerCharacter_C_2 is stuck and failed to move!
[2016.05.07-20.45.34:242][962]LogPackageName: SearchForPackageOnDisk took   0.073s to resolve Death.umap.
[2016.05.07-20.45.34:331][963]LogPackageName: SearchForPackageOnDisk took   0.078s to resolve Death.umap.
[2016.05.07-20.45.34:331][963]LogNet: Browse: /Game/RunnerAssets/Death
[2016.05.07-20.45.34:331][963]LogLoad: LoadMap: /Game/RunnerAssets/Death
[2016.05.07-20.45.34:381][963]LogParticles: Destroying 0 GPU particle simulations for FXSystem 0x000002A7F4B05BC0
[2016.05.07-20.45.34:392][963]Cmd: MEM
[2016.05.07-20.45.34:416][963]LogMemory: Platform Memory Stats for Windows
[2016.05.07-20.45.34:416][963]LogMemory: Process Physical Memory: 1672.66 MB used, 1680.72 MB peak
[2016.05.07-20.45.34:416][963]LogMemory: Process Virtual Memory: 2472.01 MB used, 2480.08 MB peak
[2016.05.07-20.45.34:416][963]LogMemory: Physical Memory: 4448.50 MB used, 16337.33 MB total
[2016.05.07-20.45.34:416][963]LogMemory: Virtual Memory: 3306.77 MB used, 134217728.00 MB total
[2016.05.07-20.45.34:416][963]LogMemory: 
[2016.05.07-20.45.34:416][963]Allocator Stats for TBB: (not implemented)
[2016.05.07-20.45.34:437][963]LogAIModule: Creating AISystem for world Death
[2016.05.07-20.45.34:437][963]LogLinker:Warning: Can't find file '/Game/SideScrollerBP/Blueprints/SideScrollerGameMode'
[2016.05.07-20.45.34:437][963]LogLinker:Warning: Can't find file '/Game/SideScrollerBP/Blueprints/SideScrollerGameMode'
[2016.05.07-20.45.34:437][963]LogUObjectGlobals:Warning: Failed to find object 'Class /Game/SideScrollerBP/Blueprints/SideScrollerGameMode.SideScrollerGameMode_C'
[2016.05.07-20.45.34:437][963]LogWorld: Game class is 'GameMode'
[2016.05.07-20.45.34:439][963]LogWorld: Bringing World /Game/RunnerAssets/UEDPIE_0_Death.Death up for play (max tick rate 0) at 2016.05.07-22.45.34
[2016.05.07-20.45.34:439][963]LogActor:Warning: GameSession /Game/RunnerAssets/UEDPIE_0_Death.Death:PersistentLevel.GameSession_11 has natively added scene component(s), but none of them were set as the actor's RootComponent - picking one arbitrarily
[2016.05.07-20.45.34:439][963]LogActor:Warning: GameNetworkManager /Game/RunnerAssets/UEDPIE_0_Death.Death:PersistentLevel.GameNetworkManager_11 has natively added scene component(s), but none of them were set as the actor's RootComponent - picking one arbitrarily
[2016.05.07-20.45.34:439][963]LogWorld: Bringing up level for play took: 0.000873
[2016.05.07-20.45.34:440][963]LogGameMode: Warning - PATHS NOT DEFINED or NO PLAYERSTART with positive rating
[2016.05.07-20.45.38:682][286]LogPackageName: SearchForPackageOnDisk took   0.068s to resolve MainMenu.umap.
[2016.05.07-20.45.38:752][286]LogPackageName: SearchForPackageOnDisk took   0.069s to resolve MainMenu.umap.
[2016.05.07-20.45.38:752][286]LogNet: Browse: /Game/RunnerAssets/MainMenu
[2016.05.07-20.45.38:752][286]LogLoad: LoadMap: /Game/RunnerAssets/MainMenu
[2016.05.07-20.45.38:780][286]LogParticles: Destroying 0 GPU particle simulations for FXSystem 0x000002A7F5AF56C0
[2016.05.07-20.45.38:780][286]Cmd: MEM
[2016.05.07-20.45.38:804][286]LogMemory: Platform Memory Stats for Windows
[2016.05.07-20.45.38:804][286]LogMemory: Process Physical Memory: 1718.22 MB used, 1720.25 MB peak
[2016.05.07-20.45.38:804][286]LogMemory: Process Virtual Memory: 2401.12 MB used, 2599.44 MB peak
[2016.05.07-20.45.38:804][286]LogMemory: Physical Memory: 4490.99 MB used, 16337.33 MB total
[2016.05.07-20.45.38:804][286]LogMemory: Virtual Memory: 3322.77 MB used, 134217728.00 MB total
[2016.05.07-20.45.38:804][286]LogMemory: 
[2016.05.07-20.45.38:804][286]Allocator Stats for TBB: (not implemented)
[2016.05.07-20.45.39:023][286]LogAIModule: Creating AISystem for world MainMenu
[2016.05.07-20.45.39:025][286]LogLinker:Warning: Can't find file '/Game/SideScrollerBP/Blueprints/SideScrollerGameMode'
[2016.05.07-20.45.39:025][286]LogLinker:Warning: Can't find file '/Game/SideScrollerBP/Blueprints/SideScrollerGameMode'
[2016.05.07-20.45.39:025][286]LogUObjectGlobals:Warning: Failed to find object 'Class /Game/SideScrollerBP/Blueprints/SideScrollerGameMode.SideScrollerGameMode_C'
[2016.05.07-20.45.39:025][286]LogWorld: Game class is 'GameMode'
[2016.05.07-20.45.39:028][286]LogWorld: Bringing World /Game/RunnerAssets/UEDPIE_0_MainMenu.MainMenu up for play (max tick rate 0) at 2016.05.07-22.45.39
[2016.05.07-20.45.39:028][286]LogActor:Warning: GameSession /Game/RunnerAssets/UEDPIE_0_MainMenu.MainMenu:PersistentLevel.GameSession_12 has natively added scene component(s), but none of them were set as the actor's RootComponent - picking one arbitrarily
[2016.05.07-20.45.39:029][286]LogActor:Warning: GameNetworkManager /Game/RunnerAssets/UEDPIE_0_MainMenu.MainMenu:PersistentLevel.GameNetworkManager_12 has natively added scene component(s), but none of them were set as the actor's RootComponent - picking one arbitrarily
[2016.05.07-20.45.39:029][286]LogWorld: Bringing up level for play took: 0.001899
[2016.05.07-20.45.39:030][286]LogGameMode: Warning - PATHS NOT DEFINED or NO PLAYERSTART with positive rating
[2016.05.07-20.45.39:790][339]LogPackageName: SearchForPackageOnDisk took   0.067s to resolve RunnerMap.umap.
[2016.05.07-20.45.39:861][339]LogPackageName: SearchForPackageOnDisk took   0.070s to resolve RunnerMap.umap.
[2016.05.07-20.45.39:861][339]LogNet: Browse: /Game/RunnerAssets/RunnerMap
[2016.05.07-20.45.39:861][339]LogLoad: LoadMap: /Game/RunnerAssets/RunnerMap
[2016.05.07-20.45.39:891][339]LogParticles: Destroying 0 GPU particle simulations for FXSystem 0x000002A82B6451C0
[2016.05.07-20.45.39:891][339]Cmd: MEM
[2016.05.07-20.45.39:915][339]LogMemory: Platform Memory Stats for Windows
[2016.05.07-20.45.39:915][339]LogMemory: Process Physical Memory: 1734.93 MB used, 1741.28 MB peak
[2016.05.07-20.45.39:915][339]LogMemory: Process Virtual Memory: 2480.51 MB used, 2599.44 MB peak
[2016.05.07-20.45.39:915][339]LogMemory: Physical Memory: 4509.95 MB used, 16337.33 MB total
[2016.05.07-20.45.39:915][339]LogMemory: Virtual Memory: 3328.52 MB used, 134217728.00 MB total
[2016.05.07-20.45.39:915][339]LogMemory: 
[2016.05.07-20.45.39:915][339]Allocator Stats for TBB: (not implemented)
[2016.05.07-20.45.39:915][339]LogPlayLevel: Creating play world package: /Game/RunnerAssets/UEDPIE_0_RunnerMap
[2016.05.07-20.45.39:945][339]LogPlayLevel: PIE: StaticDuplicateObject took: (0.030178s)
[2016.05.07-20.45.39:946][339]LogAIModule: Creating AISystem for world RunnerMap
[2016.05.07-20.45.39:947][339]LogPlayLevel: PIE: World Init took: (0.001126s)
[2016.05.07-20.45.39:947][339]LogPlayLevel: PIE: Created PIE world by copying editor world from /Game/RunnerAssets/RunnerMap.RunnerMap to /Game/RunnerAssets/UEDPIE_0_RunnerMap.RunnerMap (0.031656s)
[2016.05.07-20.45.39:960][339]LogLinker:Warning: Can't find file '/Game/SideScrollerBP/Blueprints/SideScrollerGameMode'
[2016.05.07-20.45.39:960][339]LogLinker:Warning: Can't find file '/Game/SideScrollerBP/Blueprints/SideScrollerGameMode'
[2016.05.07-20.45.39:960][339]LogUObjectGlobals:Warning: Failed to find object 'Class /Game/SideScrollerBP/Blueprints/SideScrollerGameMode.SideScrollerGameMode_C'
[2016.05.07-20.45.39:960][339]LogWorld: Game class is 'GameMode'
[2016.05.07-20.45.39:966][339]LogWorld: Bringing World /Game/RunnerAssets/UEDPIE_0_RunnerMap.RunnerMap up for play (max tick rate 0) at 2016.05.07-22.45.39
[2016.05.07-20.45.39:966][339]LogActor:Warning: GameSession /Game/RunnerAssets/UEDPIE_0_RunnerMap.RunnerMap:PersistentLevel.GameSession_13 has natively added scene component(s), but none of them were set as the actor's RootComponent - picking one arbitrarily
[2016.05.07-20.45.39:966][339]LogActor:Warning: GameNetworkManager /Game/RunnerAssets/UEDPIE_0_RunnerMap.RunnerMap:PersistentLevel.GameNetworkManager_13 has natively added scene component(s), but none of them were set as the actor's RootComponent - picking one arbitrarily
[2016.05.07-20.45.39:967][339]LogWorld: Bringing up level for play took: 0.005797
[2016.05.07-20.45.39:967][339]LogGameMode: Warning - PATHS NOT DEFINED or NO PLAYERSTART with positive rating
[2016.05.07-20.45.58:310][189]LogCharacterMovement: SideScrollerCharacter_C_2 is stuck and failed to move!
[2016.05.07-20.45.58:338][190]LogCharacterMovement: SideScrollerCharacter_C_2 is stuck and failed to move!
[2016.05.07-20.45.58:362][191]LogCharacterMovement: SideScrollerCharacter_C_2 is stuck and failed to move!
[2016.05.07-20.45.58:388][192]LogCharacterMovement: SideScrollerCharacter_C_2 is stuck and failed to move!
[2016.05.07-20.45.58:413][193]LogCharacterMovement: SideScrollerCharacter_C_2 is stuck and failed to move!
[2016.05.07-20.45.58:439][194]LogCharacterMovement: SideScrollerCharacter_C_2 is stuck and failed to move!
[2016.05.07-20.45.58:466][195]LogCharacterMovement: SideScrollerCharacter_C_2 is stuck and failed to move!
[2016.05.07-20.45.58:492][196]LogCharacterMovement: SideScrollerCharacter_C_2 is stuck and failed to move!
[2016.05.07-20.45.58:518][197]LogCharacterMovement: SideScrollerCharacter_C_2 is stuck and failed to move!
[2016.05.07-20.45.58:545][198]LogCharacterMovement: SideScrollerCharacter_C_2 is stuck and failed to move!
[2016.05.07-20.45.58:571][199]LogCharacterMovement: SideScrollerCharacter_C_2 is stuck and failed to move!
[2016.05.07-20.45.58:596][200]LogCharacterMovement: SideScrollerCharacter_C_2 is stuck and failed to move!
[2016.05.07-20.45.58:623][201]LogCharacterMovement: SideScrollerCharacter_C_2 is stuck and failed to move!
[2016.05.07-20.45.58:649][202]LogCharacterMovement: SideScrollerCharacter_C_2 is stuck and failed to move!
[2016.05.07-20.45.58:676][203]LogCharacterMovement: SideScrollerCharacter_C_2 is stuck and failed to move!
[2016.05.07-20.45.58:702][204]LogCharacterMovement: SideScrollerCharacter_C_2 is stuck and failed to move!
[2016.05.07-20.45.58:729][205]LogCharacterMovement: SideScrollerCharacter_C_2 is stuck and failed to move!
[2016.05.07-20.45.58:756][206]LogCharacterMovement: SideScrollerCharacter_C_2 is stuck and failed to move!
[2016.05.07-20.45.58:783][207]LogCharacterMovement: SideScrollerCharacter_C_2 is stuck and failed to move!
[2016.05.07-20.45.58:810][208]LogCharacterMovement: SideScrollerCharacter_C_2 is stuck and failed to move!
[2016.05.07-20.45.58:836][209]LogCharacterMovement: SideScrollerCharacter_C_2 is stuck and failed to move!
[2016.05.07-20.45.58:863][210]LogCharacterMovement: SideScrollerCharacter_C_2 is stuck and failed to move!
[2016.05.07-20.46.08:465][551]LogPackageName: SearchForPackageOnDisk took   0.071s to resolve Death.umap.
[2016.05.07-20.46.08:544][552]LogPackageName: SearchForPackageOnDisk took   0.069s to resolve Death.umap.
[2016.05.07-20.46.08:544][552]LogNet: Browse: /Game/RunnerAssets/Death
[2016.05.07-20.46.08:544][552]LogLoad: LoadMap: /Game/RunnerAssets/Death
[2016.05.07-20.46.08:587][552]LogParticles: Destroying 0 GPU particle simulations for FXSystem 0x000002A8292D7600
[2016.05.07-20.46.08:587][552]Cmd: MEM
[2016.05.07-20.46.08:612][552]LogMemory: Platform Memory Stats for Windows
[2016.05.07-20.46.08:612][552]LogMemory: Process Physical Memory: 1741.78 MB used, 1765.88 MB peak
[2016.05.07-20.46.08:612][552]LogMemory: Process Virtual Memory: 2428.41 MB used, 2599.44 MB peak
[2016.05.07-20.46.08:612][552]LogMemory: Physical Memory: 4514.82 MB used, 16337.33 MB total
[2016.05.07-20.46.08:612][552]LogMemory: Virtual Memory: 3340.58 MB used, 134217728.00 MB total
[2016.05.07-20.46.08:612][552]LogMemory: 
[2016.05.07-20.46.08:612][552]Allocator Stats for TBB: (not implemented)
[2016.05.07-20.46.08:632][552]LogAIModule: Creating AISystem for world Death
[2016.05.07-20.46.08:633][552]LogLinker:Warning: Can't find file '/Game/SideScrollerBP/Blueprints/SideScrollerGameMode'
[2016.05.07-20.46.08:633][552]LogLinker:Warning: Can't find file '/Game/SideScrollerBP/Blueprints/SideScrollerGameMode'
[2016.05.07-20.46.08:633][552]LogUObjectGlobals:Warning: Failed to find object 'Class /Game/SideScrollerBP/Blueprints/SideScrollerGameMode.SideScrollerGameMode_C'
[2016.05.07-20.46.08:633][552]LogWorld: Game class is 'GameMode'
[2016.05.07-20.46.08:634][552]LogWorld: Bringing World /Game/RunnerAssets/UEDPIE_0_Death.Death up for play (max tick rate 0) at 2016.05.07-22.46.08
[2016.05.07-20.46.08:635][552]LogActor:Warning: GameSession /Game/RunnerAssets/UEDPIE_0_Death.Death:PersistentLevel.GameSession_14 has natively added scene component(s), but none of them were set as the actor's RootComponent - picking one arbitrarily
[2016.05.07-20.46.08:635][552]LogActor:Warning: GameNetworkManager /Game/RunnerAssets/UEDPIE_0_Death.Death:PersistentLevel.GameNetworkManager_14 has natively added scene component(s), but none of them were set as the actor's RootComponent - picking one arbitrarily
[2016.05.07-20.46.08:635][552]LogWorld: Bringing up level for play took: 0.000815
[2016.05.07-20.46.08:635][552]LogGameMode: Warning - PATHS NOT DEFINED or NO PLAYERSTART with positive rating
[2016.05.07-20.46.11:009][732]LogPackageName: SearchForPackageOnDisk took   0.068s to resolve MainMenu.umap.
[2016.05.07-20.46.11:080][732]LogPackageName: SearchForPackageOnDisk took   0.070s to resolve MainMenu.umap.
[2016.05.07-20.46.11:080][732]LogNet: Browse: /Game/RunnerAssets/MainMenu
[2016.05.07-20.46.11:080][732]LogLoad: LoadMap: /Game/RunnerAssets/MainMenu
[2016.05.07-20.46.11:108][732]LogParticles: Destroying 0 GPU particle simulations for FXSystem 0x000002A82A551EE0
[2016.05.07-20.46.11:108][732]Cmd: MEM
[2016.05.07-20.46.11:133][732]LogMemory: Platform Memory Stats for Windows
[2016.05.07-20.46.11:133][732]LogMemory: Process Physical Memory: 1741.79 MB used, 1765.88 MB peak
[2016.05.07-20.46.11:133][732]LogMemory: Process Virtual Memory: 2484.66 MB used, 2599.44 MB peak
[2016.05.07-20.46.11:133][732]LogMemory: Physical Memory: 4514.80 MB used, 16337.33 MB total
[2016.05.07-20.46.11:133][732]LogMemory: Virtual Memory: 3340.58 MB used, 134217728.00 MB total
[2016.05.07-20.46.11:133][732]LogMemory: 
[2016.05.07-20.46.11:133][732]Allocator Stats for TBB: (not implemented)
[2016.05.07-20.46.11:157][732]LogAIModule: Creating AISystem for world MainMenu
[2016.05.07-20.46.11:158][732]LogLinker:Warning: Can't find file '/Game/SideScrollerBP/Blueprints/SideScrollerGameMode'
[2016.05.07-20.46.11:158][732]LogLinker:Warning: Can't find file '/Game/SideScrollerBP/Blueprints/SideScrollerGameMode'
[2016.05.07-20.46.11:159][732]LogUObjectGlobals:Warning: Failed to find object 'Class /Game/SideScrollerBP/Blueprints/SideScrollerGameMode.SideScrollerGameMode_C'
[2016.05.07-20.46.11:159][732]LogWorld: Game class is 'GameMode'
[2016.05.07-20.46.11:160][732]LogWorld: Bringing World /Game/RunnerAssets/UEDPIE_0_MainMenu.MainMenu up for play (max tick rate 0) at 2016.05.07-22.46.11
[2016.05.07-20.46.11:160][732]LogActor:Warning: GameSession /Game/RunnerAssets/UEDPIE_0_MainMenu.MainMenu:PersistentLevel.GameSession_15 has natively added scene component(s), but none of them were set as the actor's RootComponent - picking one arbitrarily
[2016.05.07-20.46.11:160][732]LogActor:Warning: GameNetworkManager /Game/RunnerAssets/UEDPIE_0_MainMenu.MainMenu:PersistentLevel.GameNetworkManager_15 has natively added scene component(s), but none of them were set as the actor's RootComponent - picking one arbitrarily
[2016.05.07-20.46.11:161][732]LogWorld: Bringing up level for play took: 0.001069
[2016.05.07-20.46.11:161][732]LogGameMode: Warning - PATHS NOT DEFINED or NO PLAYERSTART with positive rating
[2016.05.07-20.46.11:881][782]LogPackageName: SearchForPackageOnDisk took   0.070s to resolve RunnerMap.umap.
[2016.05.07-20.46.11:952][782]LogPackageName: SearchForPackageOnDisk took   0.070s to resolve RunnerMap.umap.
[2016.05.07-20.46.11:952][782]LogNet: Browse: /Game/RunnerAssets/RunnerMap
[2016.05.07-20.46.11:952][782]LogLoad: LoadMap: /Game/RunnerAssets/RunnerMap
[2016.05.07-20.46.11:980][782]LogParticles: Destroying 0 GPU particle simulations for FXSystem 0x000002A82B8023E0
[2016.05.07-20.46.11:980][782]Cmd: MEM
[2016.05.07-20.46.12:005][782]LogMemory: Platform Memory Stats for Windows
[2016.05.07-20.46.12:005][782]LogMemory: Process Physical Memory: 1740.98 MB used, 1765.88 MB peak
[2016.05.07-20.46.12:005][782]LogMemory: Process Virtual Memory: 2486.48 MB used, 2599.44 MB peak
[2016.05.07-20.46.12:005][782]LogMemory: Physical Memory: 4514.75 MB used, 16337.33 MB total
[2016.05.07-20.46.12:005][782]LogMemory: Virtual Memory: 3340.58 MB used, 134217728.00 MB total
[2016.05.07-20.46.12:005][782]LogMemory: 
[2016.05.07-20.46.12:005][782]Allocator Stats for TBB: (not implemented)
[2016.05.07-20.46.12:005][782]LogPlayLevel: Creating play world package: /Game/RunnerAssets/UEDPIE_0_RunnerMap
[2016.05.07-20.46.12:034][782]LogPlayLevel: PIE: StaticDuplicateObject took: (0.028839s)
[2016.05.07-20.46.12:035][782]LogAIModule: Creating AISystem for world RunnerMap
[2016.05.07-20.46.12:035][782]LogPlayLevel: PIE: World Init took: (0.001093s)
[2016.05.07-20.46.12:035][782]LogPlayLevel: PIE: Created PIE world by copying editor world from /Game/RunnerAssets/RunnerMap.RunnerMap to /Game/RunnerAssets/UEDPIE_0_RunnerMap.RunnerMap (0.030275s)
[2016.05.07-20.46.12:036][782]LogLinker:Warning: Can't find file '/Game/SideScrollerBP/Blueprints/SideScrollerGameMode'
[2016.05.07-20.46.12:036][782]LogLinker:Warning: Can't find file '/Game/SideScrollerBP/Blueprints/SideScrollerGameMode'
[2016.05.07-20.46.12:036][782]LogUObjectGlobals:Warning: Failed to find object 'Class /Game/SideScrollerBP/Blueprints/SideScrollerGameMode.SideScrollerGameMode_C'
[2016.05.07-20.46.12:036][782]LogWorld: Game class is 'GameMode'
[2016.05.07-20.46.12:045][782]LogWorld: Bringing World /Game/RunnerAssets/UEDPIE_0_RunnerMap.RunnerMap up for play (max tick rate 0) at 2016.05.07-22.46.12
[2016.05.07-20.46.12:045][782]LogActor:Warning: GameSession /Game/RunnerAssets/UEDPIE_0_RunnerMap.RunnerMap:PersistentLevel.GameSession_16 has natively added scene component(s), but none of them were set as the actor's RootComponent - picking one arbitrarily
[2016.05.07-20.46.12:045][782]LogActor:Warning: GameNetworkManager /Game/RunnerAssets/UEDPIE_0_RunnerMap.RunnerMap:PersistentLevel.GameNetworkManager_16 has natively added scene component(s), but none of them were set as the actor's RootComponent - picking one arbitrarily
[2016.05.07-20.46.12:046][782]LogWorld: Bringing up level for play took: 0.008555
[2016.05.07-20.46.12:047][782]LogGameMode: Warning - PATHS NOT DEFINED or NO PLAYERSTART with positive rating
[2016.05.07-20.47.13:666][108]LogPackageName: SearchForPackageOnDisk took   0.092s to resolve Death.umap.
[2016.05.07-20.47.13:751][109]LogPackageName: SearchForPackageOnDisk took   0.073s to resolve Death.umap.
[2016.05.07-20.47.13:751][109]LogNet: Browse: /Game/RunnerAssets/Death
[2016.05.07-20.47.13:751][109]LogLoad: LoadMap: /Game/RunnerAssets/Death
[2016.05.07-20.47.13:816][109]LogParticles: Destroying 0 GPU particle simulations for FXSystem 0x000002A829107600
[2016.05.07-20.47.13:817][109]Cmd: MEM
[2016.05.07-20.47.13:841][109]LogMemory: Platform Memory Stats for Windows
[2016.05.07-20.47.13:841][109]LogMemory: Process Physical Memory: 1784.72 MB used, 1784.73 MB peak
[2016.05.07-20.47.13:841][109]LogMemory: Process Virtual Memory: 2472.36 MB used, 2599.44 MB peak
[2016.05.07-20.47.13:841][109]LogMemory: Physical Memory: 4555.51 MB used, 16337.33 MB total
[2016.05.07-20.47.13:841][109]LogMemory: Virtual Memory: 3339.59 MB used, 134217728.00 MB total
[2016.05.07-20.47.