[2016.02.27-13.08.42:313][  0]Log file open, 02/27/16 14:08:42
[2016.02.27-13.08.42:313][  0]LogInit:Display: Running engine for game: Runner
[2016.02.27-13.08.42:313][  0]LogPlatformFile: Not using cached read wrapper
[2016.02.27-13.08.42:313][  0]LogInit:Display: RandInit(1743600410) SRandInit(1743600412).
[2016.02.27-13.08.42:313][  0]LogTaskGraph: Started task graph with 4 named threads and 7 total threads.
[2016.02.27-13.08.42:313][  0]LogStats: Stats thread started at 0.079882
[2016.02.27-13.08.42:313][  0]LogInit: Version: 4.10.2-2818068+++depot+UE4-Releases+4.10
[2016.02.27-13.08.42:313][  0]LogInit: API Version: 2758231
[2016.02.27-13.08.42:313][  0]LogInit: Compiled (64-bit): Jan  6 2016 17:36:42
[2016.02.27-13.08.42:313][  0]LogInit: Compiled with Visual C++: 19.00.23026.00
[2016.02.27-13.08.42:313][  0]LogInit: Build Configuration: Development
[2016.02.27-13.08.42:313][  0]LogInit: Branch Name: ++depot+UE4-Releases+4.10
[2016.02.27-13.08.42:313][  0]LogInit: Command line:  /Temp/Autosaves/Game/RunnerAssets/UEDPCRunnerMap -game -PIEVIACONSOLE -ResX=1280 -ResY=720  -Multiprocess 
[2016.02.27-13.08.42:313][  0]LogInit: Base directory: C:/Program Files/Epic Games/4.10/Engine/Binaries/Win64/
[2016.02.27-13.08.42:313][  0]LogInit: Rocket: 1
[2016.02.27-13.08.42:320][  0]LogInit: Using libcurl 7.41.0
[2016.02.27-13.08.42:320][  0]LogInit:  - built for x86_64-pc-win32
[2016.02.27-13.08.42:320][  0]LogInit:  - supports SSL with WinSSL
[2016.02.27-13.08.42:320][  0]LogInit:  - other features:
[2016.02.27-13.08.42:320][  0]LogInit:      CURL_VERSION_SSL
[2016.02.27-13.08.42:320][  0]LogInit:      CURL_VERSION_IPV6
[2016.02.27-13.08.42:320][  0]LogInit:      CURL_VERSION_ASYNCHDNS
[2016.02.27-13.08.42:320][  0]LogInit:      CURL_VERSION_LARGEFILE
[2016.02.27-13.08.42:320][  0]LogInit:      CURL_VERSION_IDN
[2016.02.27-13.08.42:320][  0]LogInit:  CurlRequestOptions (configurable via config and command line):
[2016.02.27-13.08.42:320][  0]LogInit:  - bVerifyPeer = true  - Libcurl will verify peer certificate
[2016.02.27-13.08.42:320][  0]LogInit:  - bUseHttpProxy = false  - Libcurl will NOT use HTTP proxy
[2016.02.27-13.08.42:320][  0]LogInit:  - bDontReuseConnections = false  - Libcurl will reuse connections
[2016.02.27-13.08.42:320][  0]LogInit:  - CertBundlePath = nullptr  - Libcurl will use whatever was configured at build time.
[2016.02.27-13.08.42:328][  0]LogInit: Presizing for 0 objects not considered by GC, pre-allocating 0 bytes.
[2016.02.27-13.08.42:335][  0]LogInit: Object subsystem initialized
[2016.02.27-13.08.42:336][  0]LogInit: Selected Device Profile: [Windows]
[2016.02.27-13.08.42:336][  0]LogInit: Applying CVar settings loaded from the selected device profile: [Windows]
[2016.02.27-13.08.42:339][  0]LogInit: Computer: JOHANS_MONSTER
[2016.02.27-13.08.42:339][  0]LogInit: User: Johan
[2016.02.27-13.08.42:339][  0]LogInit: CPU Page size=4096, Cores=4
[2016.02.27-13.08.42:339][  0]LogInit: High frequency timer resolution =3.312787 MHz
[2016.02.27-13.08.42:339][  0]LogMemory: Memory total: Physical=16.0GB (16GB approx)
[2016.02.27-13.08.42:339][  0]LogMemory: Platform Memory Stats for Windows
[2016.02.27-13.08.42:339][  0]LogMemory: Process Physical Memory: 55.96 MB used, 55.96 MB peak
[2016.02.27-13.08.42:339][  0]LogMemory: Process Virtual Memory: 56.64 MB used, 56.64 MB peak
[2016.02.27-13.08.42:339][  0]LogMemory: Physical Memory: 5428.25 MB used, 16337.33 MB total
[2016.02.27-13.08.42:339][  0]LogMemory: Virtual Memory: 383.71 MB used, 134217728.00 MB total
[2016.02.27-13.08.42:374][  0]LogTextLocalizationManager: No translations for ('sv-SE') exist, falling back to 'en' for localization and internationalization data.
[2016.02.27-13.08.42:823][  0]LogD3D11RHI: Found D3D11 adapter 0: NVIDIA GeForce GTX 560 SE (Feature Level 11_0)
[2016.02.27-13.08.42:823][  0]LogD3D11RHI: Adapter has 977MB of dedicated video memory, 0MB of dedicated system memory, and 8168MB of shared system memory, 1 output[s]
[2016.02.27-13.08.42:824][  0]LogD3D11RHI: Found D3D11 adapter 1: Microsoft Basic Render Driver (Feature Level 11_0)
[2016.02.27-13.08.42:824][  0]LogD3D11RHI: Adapter has 0MB of dedicated video memory, 0MB of dedicated system memory, and 8168MB of shared system memory, 0 output[s]
[2016.02.27-13.08.42:824][  0]LogD3D11RHI: Chosen D3D11 Adapter Id = 0
[2016.02.27-13.08.42:828][  0]LogD3D11RHI: !Direct3DDevice
[2016.02.27-13.08.42:828][  0]LogRHI: Texture pool is 684 MB (70% of 977 MB)
[2016.02.27-13.08.42:846][  0]LogD3D11RHI: Async texture creation enabled
[2016.02.27-13.08.42:862][  0]LogShaderCompilers: Guid format shader working directory is -7 characters bigger than the processId version (../../../../../../Users/Johan/Documents/GitHub/Runner/Intermediate/Shaders/WorkingDirectory/2112/).
[2016.02.27-13.08.42:862][  0]LogShaderCompilers: Cleaned the shader compiler working directory 'C:/Users/Johan/AppData/Local/Temp/UnrealShaderWorkingDir/D9CEDC6B47009A97399CA98D68BC865C/'.
[2016.02.27-13.08.42:862][  0]LogShaderCompilers:Display: Using Local Shader Compiler.
[2016.02.27-13.08.43:637][  0]LogTemp:Display: Loaded TP AllDesktopTargetPlatform
[2016.02.27-13.08.43:641][  0]LogTemp:Display: Loaded TP WindowsClientTargetPlatform
[2016.02.27-13.08.43:646][  0]LogTemp:Display: Loaded TP WindowsNoEditorTargetPlatform
[2016.02.27-13.08.43:651][  0]LogTemp:Display: Loaded TP WindowsServerTargetPlatform
[2016.02.27-13.08.43:655][  0]LogTemp:Display: Loaded TP WindowsTargetPlatform
[2016.02.27-13.08.43:658][  0]LogTemp:Display: Loaded TP AndroidTargetPlatform
[2016.02.27-13.08.43:661][  0]LogTemp:Display: Loaded TP Android_ASTCTargetPlatform
[2016.02.27-13.08.43:664][  0]LogTemp:Display: Loaded TP Android_ATCTargetPlatform
[2016.02.27-13.08.43:667][  0]LogTemp:Display: Loaded TP Android_DXTTargetPlatform
[2016.02.27-13.08.43:670][  0]LogTemp:Display: Loaded TP Android_ETC1TargetPlatform
[2016.02.27-13.08.43:673][  0]LogTemp:Display: Loaded TP Android_ETC2TargetPlatform
[2016.02.27-13.08.43:679][  0]LogTemp:Display: Loaded TP Android_MultiTargetPlatform
[2016.02.27-13.08.43:679][  0]LogTemp:Display: Loaded TP Android_PVRTCTargetPlatform
[2016.02.27-13.08.43:679][  0]LogTemp:Display: Loaded TP HTML5TargetPlatform
[2016.02.27-13.08.43:696][  0]LogTemp:Display: Loaded TP IOSTargetPlatform
[2016.02.27-13.08.43:698][  0]LogTemp:Display: Loaded TP LinuxNoEditorTargetPlatform
[2016.02.27-13.08.43:701][  0]LogTemp:Display: Loaded TP LinuxServerTargetPlatform
[2016.02.27-13.08.43:704][  0]LogTemp:Display: Loaded TP LinuxTargetPlatform
[2016.02.27-13.08.43:704][  0]LogTargetPlatformManager:Display: Building Assets For Windows
[2016.02.27-13.08.43:796][  0]LogDerivedDataCache:Display: Max Cache Size: 512 MB
[2016.02.27-13.08.43:839][  0]LogDerivedDataCache: Loaded boot cache 0.04s 41MB C:/Users/Johan/AppData/Local/UnrealEngine/4.10/DerivedDataCache/Boot.ddc.
[2016.02.27-13.08.43:839][  0]LogDerivedDataCache:Display: Loaded Boot cache: C:/Users/Johan/AppData/Local/UnrealEngine/4.10/DerivedDataCache/Boot.ddc
[2016.02.27-13.08.43:840][  0]LogDerivedDataCache: FDerivedDataBackendGraph:  Pak pak cache file ../../../../../../Users/Johan/Documents/GitHub/Runner/DerivedDataCache/DDC.ddp not found, will not use a pak cache.
[2016.02.27-13.08.43:840][  0]LogDerivedDataCache: Unable to find inner node Pak for hierarchical cache Hierarchy.
[2016.02.27-13.08.43:840][  0]LogDerivedDataCache: FDerivedDataBackendGraph:  CompressedPak pak cache file ../../../../../../Users/Johan/Documents/GitHub/Runner/DerivedDataCache/Compressed.ddp not found, will not use a pak cache.
[2016.02.27-13.08.43:840][  0]LogDerivedDataCache: Unable to find inner node CompressedPak for hierarchical cache Hierarchy.
[2016.02.27-13.08.43:901][  0]LogDerivedDataCache:Display: Pak cache opened for reading ../../../Engine/DerivedDataCache/Compressed.ddp.
[2016.02.27-13.08.43:913][  0]LogDerivedDataCache: Using Local data cache path C:/Users/Johan/AppData/Local/UnrealEngine/Common/DerivedDataCache: Writable
[2016.02.27-13.08.44:091][  0]LogInit: Selected Device Profile: [Windows]
[2016.02.27-13.08.44:094][  0]LogContentStreaming: Texture pool size is 1000.000000MB
[2016.02.27-13.08.44:194][  0]LogMeshUtilities: No automatic mesh reduction module available
[2016.02.27-13.08.44:194][  0]LogMeshUtilities: No automatic mesh merging module available
[2016.02.27-13.08.44:386][  0]LogInit: WinSock: version 1.1 (2.2), MaxSocks=32767, MaxUdp=65467
[2016.02.27-13.08.44:683][  0]LogWindowsMoviePlayer: Unable to load movie: ../../../../../../Users/Johan/Documents/GitHub/Runner/Content/Movies/Default_Startup.mp4
[2016.02.27-13.08.44:801][  0]SourceControl: Info Source control is disabled
[2016.02.27-13.08.44:801][  0]SourceControl: Info Source control is disabled
[2016.02.27-13.08.44:814][  0]SourceControl: Info Source control is disabled
[2016.02.27-13.08.45:026][  0]LogObj: 27935 objects as part of root set at end of initial load.
[2016.02.27-13.08.45:026][  0]LogUObjectAllocator: 5830064 out of 0 bytes used by permanent object pool.
[2016.02.27-13.08.45:088][  0]LogEngine: Initializing Engine...
[2016.02.27-13.08.45:091][  0]LogHMD: Can't find Oculus library dev build: is proper Runtime installed? Version: 0.8.0.0
[2016.02.27-13.08.45:092][  0]LogHMD: SteamVR failed to initialize.  Err: 110
[2016.02.27-13.08.45:200][  0]LogInit: XAudio2 using 'Speakers (USB Sound Device        )' : 2 channels at 44.1 kHz using 16 bits per sample (channel mask 0x3)
[2016.02.27-13.08.45:208][  0]LogInit: FAudioDevice initialized.
[2016.02.27-13.08.45:213][  0]LogInit: Texture streaming: Enabled
[2016.02.27-13.08.45:412][  0]LogNet: Browse: /Temp/Autosaves/Game/RunnerAssets/UEDPCRunnerMap?Name=Player
[2016.02.27-13.08.45:412][  0]LogLoad: LoadMap: /Temp/Autosaves/Game/RunnerAssets/UEDPCRunnerMap?Name=Player
[2016.02.27-13.08.45:426][  0]LogParticles: Destroying 0 GPU particle simulations for FXSystem 0x000001AD364DEC00
[2016.02.27-13.08.45:574][  0]LogMemory: Platform Memory Stats for Windows
[2016.02.27-13.08.45:574][  0]LogMemory: Process Physical Memory: 397.12 MB used, 397.12 MB peak
[2016.02.27-13.08.45:574][  0]LogMemory: Process Virtual Memory: 450.19 MB used, 450.20 MB peak
[2016.02.27-13.08.45:574][  0]LogMemory: Physical Memory: 5704.75 MB used, 16337.33 MB total
[2016.02.27-13.08.45:574][  0]LogMemory: Virtual Memory: 1014.96 MB used, 134217728.00 MB total
[2016.02.27-13.08.45:574][  0]LogMemory: 
[2016.02.27-13.08.45:574][  0]Allocator Stats for TBB: (not implemented)
[2016.02.27-13.08.45:839][  0]LogLinker:Warning: CreateImport: Failed to load Outer for resource 'Arrow': SideScrollerCharacter_C /Game/RunnerAssets/SideScrollerCharacter.Default__SideScrollerCharacter_C
[2016.02.27-13.08.45:851][  0]LogLinker:Warning: CreateImport: Failed to load Outer for resource 'Sprite': DeleteObject_Blueprint_C /Game/RunnerAssets/Blueprints/DeleteObject_Blueprint.Default__DeleteObject_Blueprint_C
[2016.02.27-13.08.45:867][  0]LogLinker:Warning: CreateImport: Failed to load Outer for resource 'Sprite': SetPhysics_Blueprint_C /Game/RunnerAssets/Blueprints/SetPhysics_Blueprint.Default__SetPhysics_Blueprint_C
[2016.02.27-13.08.45:916][  0]LogLinker:Warning: CreateImport: Failed to load Outer for resource 'Sprite': SpawnBG_01_Blueprint_C /Game/RunnerAssets/Blueprints/Spawners/SpawnBG_01_Blueprint.Default__SpawnBG_01_Blueprint_C
[2016.02.27-13.08.45:957][  0]LogLinker:Warning: CreateImport: Failed to load Outer for resource 'Sprite': SpawnBG_02_Blueprint_C /Game/RunnerAssets/Blueprints/Spawners/SpawnBG_02_Blueprint.Default__SpawnBG_02_Blueprint_C
[2016.02.27-13.08.46:299][  0]LogAIModule: Creating AISystem for world RunnerMap
[2016.02.27-13.08.46:299][  0]LogLinker:Warning: Can't find file '/Game/SideScrollerBP/Blueprints/SideScrollerGameMode'
[2016.02.27-13.08.46:299][  0]LogUObjectGlobals:Warning: Failed to load '/Game/SideScrollerBP/Blueprints/SideScrollerGameMode': Can't find file '/Game/SideScrollerBP/Blueprints/SideScrollerGameMode'
[2016.02.27-13.08.46:299][  0]LogLinker:Warning: Can't find file '/Game/SideScrollerBP/Blueprints/SideScrollerGameMode'
[2016.02.27-13.08.46:299][  0]LogUObjectGlobals:Warning: Failed to load '/Game/SideScrollerBP/Blueprints/SideScrollerGameMode': Can't find file '/Game/SideScrollerBP/Blueprints/SideScrollerGameMode'
[2016.02.27-13.08.46:299][  0]LogUObjectGlobals:Warning: Failed to find object 'Class /Game/SideScrollerBP/Blueprints/SideScrollerGameMode.SideScrollerGameMode_C'
[2016.02.27-13.08.46:299][  0]LogWorld: Game class is 'GameMode'
[2016.02.27-13.08.46:310][  0]LogWorld: Bringing World /Temp/Autosaves/Game/RunnerAssets/UEDPCRunnerMap.RunnerMap up for play (max tick rate 0) at 2016.02.27-14.08.46
[2016.02.27-13.08.46:311][  0]LogWorld: Bringing up level for play took: 0.004768
[2016.02.27-13.08.46:311][  0]LogGameMode: Warning - PATHS NOT DEFINED or NO PLAYERSTART with positive rating
[2016.02.27-13.08.46:312][  0]LogInit:Display: Game Engine Initialized.
[2016.02.27-13.08.46:538][  0]LogLoad: Full Startup: 4.52 seconds (BP compile: 0.19 seconds)
[2016.02.27-13.08.46:556][  0]LogWindowsTextInputMethodSystem:Display: IME system now deactivated.
[2016.02.27-13.08.46:556][  0]LogWindowsTextInputMethodSystem:Display: IME system now deactivated.
[2016.02.27-13.08.46:559][  0]LogOcInput: Can't find Oculus library dev build: is proper Runtime installed? Version: 0.8.0.0
[2016.02.27-13.08.46:675][  0]LogRenderer: Reallocating scene render targets to support 128x128 (Frame:1).
[2016.02.27-13.08.46:768][  1]LogRenderer: Reallocating scene render targets to support 1280x720 (Frame:2).
[2016.02.27-13.11.02:960][316]LogWindowsTextInputMethodSystem:Display: IME system now deactivated.
[2016.02.27-13.11.02:960][316]LogWindowsTextInputMethodSystem:Display: IME system now deactivated.
[2016.02.27-13.11.02:975][316]LogEngine: All Windows Closed
[2016.02.27-13.11.02:975][316]LogWindows: FPlatformMisc::RequestExit(0)
[2016.02.27-13.11.03:141][317]LogExit: Preparing to exit.
[2016.02.27-13.11.03:457][317]LogExit: Game engine shut down
[2016.02.27-13.11.03:458][317]LogParticles: Destroying 0 GPU particle simulations for FXSystem 0x000001AD360C16C0
[2016.02.27-13.11.04:186][317]LogExit: Object subsystem successfully closed.
[2016.02.27-13.11.04:344][317]LogD3D11RHI: Shutdown
[2016.02.27-13.11.04:344][317]LogD3D11RHI: CleanupD3DDevice
[2016.02.27-13.11.04:498][317]LogD3D11RHI: ~FD3D11DynamicRHI
[2016.02.27-13.11.04:719][317]LogModuleManager: Shutting down and abandoning module AndroidDeviceDetection (117)
[2016.02.27-13.11.05:593][317]LogModuleManager: Shutting down and abandoning module AutomationController (116)
[2016.02.27-13.11.05:598][317]LogModuleManager: Shutting down and abandoning module AutomationWorker (115)
[2016.02.27-13.11.05:598][317]LogModuleManager: Shutting down and abandoning module CharacterAI (114)
[2016.02.27-13.11.05:598][317]LogModuleManager: Shutting down and abandoning module AITestSuite (113)
[2016.02.27-13.11.05:598][317]LogModuleManager: Shutting down and abandoning module GameplayDebugger (112)
[2016.02.27-13.11.05:611][317]LogModuleManager: Shutting down and abandoning module AIModule (111)
[2016.02.27-13.11.05:611][317]LogModuleManager: Shutting down and abandoning module MovieSceneCapture (110)
[2016.02.27-13.11.05:611][317]LogModuleManager: Shutting down and abandoning module GameLiveStreaming (109)
[2016.02.27-13.11.05:624][317]LogModuleManager: Shutting down and abandoning module StreamingPauseRendering (108)
[2016.02.27-13.11.05:624][317]LogModuleManager: Shutting down and abandoning module ProfilerService (107)
[2016.02.27-13.11.05:683][317]LogModuleManager: Shutting down and abandoning module TaskGraph (106)
[2016.02.27-13.11.05:713][317]LogModuleManager: Shutting down and abandoning module SlateRemote (105)
[2016.02.27-13.11.05:714][317]LogModuleManager: Shutting down and abandoning module SteamVRController (104)
[2016.02.27-13.11.05:714][317]LogModuleManager: Shutting down and abandoning module SteamVR (103)
[2016.02.27-13.11.05:714][317]LogModuleManager: Shutting down and abandoning module ProceduralMeshComponent (102)
[2016.02.27-13.11.05:714][317]LogModuleManager: Shutting down and abandoning module OculusLibrary (101)
[2016.02.27-13.11.05:714][317]LogModuleManager: Shutting down and abandoning module OculusInput (100)
[2016.02.27-13.11.05:714][317]LogModuleManager: Shutting down and abandoning module LeapMotionController (99)
[2016.02.27-13.11.05:751][317]LogModuleManager: Shutting down and abandoning module CustomMeshComponent (98)
[2016.02.27-13.11.05:751][317]LogModuleManager: Shutting down and abandoning module CableComponent (97)
[2016.02.27-13.11.05:757][317]LogModuleManager: Shutting down and abandoning module ArchVisCharacter (96)
[2016.02.27-13.11.05:757][317]LogModuleManager: Shutting down and abandoning module HTML5Networking (95)
[2016.02.27-13.11.05:757][317]LogModuleManager: Shutting down and abandoning module DesktopPlatform (94)
[2016.02.27-13.11.05:761][317]LogModuleManager: Shutting down and abandoning module DirectoryWatcher (93)
[2016.02.27-13.11.05:761][317]LogModuleManager: Shutting down and abandoning module HotReload (92)
[2016.02.27-13.11.05:761][317]LogModuleManager: Shutting down and abandoning module VisualStudioSourceCodeAccess (91)
[2016.02.27-13.11.05:761][317]LogModuleManager: Shutting down and abandoning module UObjectPlugin (90)
[2016.02.27-13.11.05:761][317]LogModuleManager: Shutting down and abandoning module SubversionSourceControl (89)
[2016.02.27-13.11.05:766][317]LogModuleManager: Shutting down and abandoning module SourceControl (88)
[2016.02.27-13.11.05:771][317]LogModuleManager: Shutting down and abandoning module PerforceSourceControl (87)
[2016.02.27-13.11.05:797][317]LogModuleManager: Shutting down and abandoning module UdpMessaging (86)
[2016.02.27-13.11.05:797][317]LogModuleManager: Shutting down and abandoning module LightPropagationVolumeRuntime (85)
[2016.02.27-13.11.05:797][317]LogModuleManager: Shutting down and abandoning module Paper2D (84)
[2016.02.27-13.11.05:806][317]LogModuleManager: Shutting down and abandoning module WindowsMoviePlayer (83)
[2016.02.27-13.11.05:810][317]LogModuleManager: Shutting down and abandoning module Media (82)
[2016.02.27-13.11.05:810][317]LogModuleManager: Shutting down and abandoning module WmfMedia (81)
[2016.02.27-13.11.05:810][317]LogModuleManager: Shutting down and abandoning module OnlineBlueprintSupport (80)
[2016.02.27-13.11.05:810][317]LogModuleManager: Shutting down and abandoning module GameplayTasksEditor (79)
[2016.02.27-13.11.05:810][317]LogModuleManager: Shutting down and abandoning module PropertyEditor (78)
[2016.02.27-13.11.05:811][317]LogModuleManager: Shutting down and abandoning module BehaviorTreeEditor (77)
[2016.02.27-13.11.05:836][317]LogModuleManager: Shutting down and abandoning module FunctionalTesting (76)
[2016.02.27-13.11.05:836][317]LogModuleManager: Shutting down and abandoning module CollisionAnalyzer (75)
[2016.02.27-13.11.05:836][317]LogModuleManager: Shutting down and abandoning module WorkspaceMenuStructure (74)
[2016.02.27-13.11.05:836][317]LogModuleManager: Shutting down and abandoning module MessageLog (73)
[2016.02.27-13.11.05:836][317]LogModuleManager: Shutting down and abandoning module Sequencer (72)
[2016.02.27-13.11.05:841][317]LogModuleManager: Shutting down and abandoning module AssetTools (71)
[2016.02.27-13.11.05:876][317]LogModuleManager: Shutting down and abandoning module UMGEditor (70)
[2016.02.27-13.11.05:882][317]LogModuleManager: Shutting down and abandoning module UMG (69)
[2016.02.27-13.11.05:882][317]LogModuleManager: Shutting down and abandoning module Slate (68)
[2016.02.27-13.11.05:882][317]LogModuleManager: Shutting down and abandoning module EditorStyle (67)
[2016.02.27-13.11.05:884][317]LogModuleManager: Shutting down and abandoning module SessionServices (66)
[2016.02.27-13.11.05:884][317]LogModuleManager: Shutting down and abandoning module SourceCodeAccess (65)
[2016.02.27-13.11.05:884][317]LogModuleManager: Shutting down and abandoning module HeadMountedDisplay (64)
[2016.02.27-13.11.05:884][317]LogModuleManager: Shutting down and abandoning module XAudio2 (63)
[2016.02.27-13.11.05:884][317]LogModuleManager: Shutting down and abandoning module Networking (61)
[2016.02.27-13.11.05:884][317]LogModuleManager: Shutting down and abandoning module Core (60)
[2016.02.27-13.11.05:884][317]LogModuleManager: Shutting down and abandoning module KismetCompiler (59)
[2016.02.27-13.11.05:884][317]LogModuleManager: Shutting down and abandoning module PhysXFormats (58)
[2016.02.27-13.11.05:884][317]LogModuleManager: Shutting down and abandoning module MeshUtilities (57)
[2016.02.27-13.11.05:887][317]LogModuleManager: Shutting down and abandoning module DerivedDataCache (56)
[2016.02.27-13.11.05:993][317]LogDerivedDataCache: Shutdown
[2016.02.27-13.11.05:993][317]LogModuleManager: Shutting down and abandoning module ShaderFormatOpenGL (55)
[2016.02.27-13.11.06:000][317]LogModuleManager: Shutting down and abandoning module ShaderFormatD3D (54)
[2016.02.27-13.11.06:000][317]LogModuleManager: Shutting down and abandoning module MetalShaderFormat (53)
[2016.02.27-13.11.06:000][317]LogModuleManager: Shutting down and abandoning module TextureFormatUncompressed (52)
[2016.02.27-13.11.06:000][317]LogModuleManager: Shutting down and abandoning module TextureFormatPVR (51)
[2016.02.27-13.11.06:000][317]LogModuleManager: Shutting down and abandoning module TextureFormatIntelISPCTexComp (50)
[2016.02.27-13.11.06:000][317]LogModuleManager: Shutting down and abandoning module TextureFormatDXT (49)
[2016.02.27-13.11.06:000][317]LogModuleManager: Shutting down and abandoning module ImageWrapper (48)
[2016.02.27-13.11.06:000][317]LogModuleManager: Shutting down and abandoning module TextureFormatASTC (47)
[2016.02.27-13.11.06:000][317]LogModuleManager: Shutting down and abandoning module TextureFormatAndroid (46)
[2016.02.27-13.11.06:000][317]LogModuleManager: Shutting down and abandoning module AudioFormatOpus (45)
[2016.02.27-13.11.06:008][317]LogModuleManager: Shutting down and abandoning module AudioFormatOgg (44)
[2016.02.27-13.11.06:008][317]LogModuleManager: Shutting down and abandoning module AudioFormatADPCM (43)
[2016.02.27-13.11.06:008][317]LogModuleManager: Shutting down and abandoning module LinuxTargetPlatform (42)
[2016.02.27-13.11.06:008][317]LogModuleManager: Shutting down and abandoning module LinuxServerTargetPlatform (41)
[2016.02.27-13.11.06:008][317]LogModuleManager: Shutting down and abandoning module LinuxNoEditorTargetPlatform (40)
[2016.02.27-13.11.06:008][317]LogModuleManager: Shutting down and abandoning module Messaging (39)
[2016.02.27-13.11.06:008][317]LogModuleManager: Shutting down and abandoning module IOSTargetPlatform (38)
[2016.02.27-13.11.06:008][317]LogModuleManager: Shutting down and abandoning module HTML5TargetPlatform (37)
[2016.02.27-13.11.06:008][317]LogModuleManager: Shutting down and abandoning module Android_PVRTCTargetPlatform (36)
[2016.02.27-13.11.06:008][317]LogModuleManager: Shutting down and abandoning module Android_MultiTargetPlatform (35)
[2016.02.27-13.11.06:008][317]LogModuleManager: Shutting down and abandoning module Android_ETC2TargetPlatform (34)
[2016.02.27-13.11.06:008][317]LogModuleManager: Shutting down and abandoning module Android_ETC1TargetPlatform (33)
[2016.02.27-13.11.06:008][317]LogModuleManager: Shutting down and abandoning module Android_DXTTargetPlatform (32)
[2016.02.27-13.11.06:008][317]LogModuleManager: Shutting down and abandoning module Android_ATCTargetPlatform (31)
[2016.02.27-13.11.06:008][317]LogModuleManager: Shutting down and abandoning module Android_ASTCTargetPlatform (30)
[2016.02.27-13.11.06:008][317]LogModuleManager: Shutting down and abandoning module AndroidTargetPlatform (29)
[2016.02.27-13.11.06:008][317]LogModuleManager: Shutting down and abandoning module WindowsTargetPlatform (28)
[2016.02.27-13.11.06:008][317]LogModuleManager: Shutting down and abandoning module WindowsServerTargetPlatform (27)
[2016.02.27-13.11.06:008][317]LogModuleManager: Shutting down and abandoning module WindowsNoEditorTargetPlatform (26)
[2016.02.27-13.11.06:008][317]LogModuleManager: Shutting down and abandoning module WindowsClientTargetPlatform (25)
[2016.02.27-13.11.06:008][317]LogModuleManager: Shutting down and abandoning module AllDesktopTargetPlatform (24)
[2016.02.27-13.11.06:009][317]LogModuleManager: Shutting down and abandoning module TargetPlatform (23)
[2016.02.27-13.11.06:009][317]LogModuleManager: Shutting down and abandoning module InputCore (22)
[2016.02.27-13.11.06:009][317]LogModuleManager: Shutting down and abandoning module Settings (21)
[2016.02.27-13.11.06:009][317]LogModuleManager: Shutting down and abandoning module OnlineSubsystem (19)
[2016.02.27-13.11.06:009][317]LogModuleManager: Shutting down and abandoning module HTTP (18)
[2016.02.27-13.11.06:009][317]LogModuleManager: Shutting down and abandoning module XMPP (17)
[2016.02.27-13.11.06:034][317]LogModuleManager: Shutting down and abandoning module OculusRift (16)
[2016.02.27-13.11.06:043][317]LogModuleManager: Shutting down and abandoning module ExampleDeviceProfileSelector (15)
[2016.02.27-13.11.06:043][317]LogModuleManager: Shutting down and abandoning module TextureCompressor (14)
[2016.02.27-13.11.06:043][317]LogModuleManager: Shutting down and abandoning module ShaderCore (13)
[2016.02.27-13.11.06:043][317]LogModuleManager: Shutting down and abandoning module Landscape (12)
[2016.02.27-13.11.06:043][317]LogModuleManager: Shutting down and abandoning module SlateRHIRenderer (11)
[2016.02.27-13.11.06:066][317]LogModuleManager: Shutting down and abandoning module OpenGLDrv (10)
[2016.02.27-13.11.06:073][317]LogModuleManager: Shutting down and abandoning module D3D11RHI (9)
[2016.02.27-13.11.06:073][317]LogModuleManager: Shutting down and abandoning module AnimGraphRuntime (8)
[2016.02.27-13.11.06:073][317]LogModuleManager: Shutting down and abandoning module Renderer (7)
[2016.02.27-13.11.06:073][317]LogModuleManager: Shutting down and abandoning module Engine (6)
[2016.02.27-13.11.06:073][317]LogModuleManager: Shutting down and abandoning module CoreUObject (5)
[2016.02.27-13.11.06:073][317]LogModuleManager: Shutting down and abandoning module NetworkFile (4)
[2016.02.27-13.11.06:074][317]LogModuleManager: Shutting down and abandoning module StreamingFile (3)
[2016.02.27-13.11.06:074][317]LogModuleManager: Shutting down and abandoning module SandboxFile (2)
[2016.02.27-13.11.06:074][317]LogModuleManager: Shutting down and abandoning module PakFile (1)
[2016.02.27-13.11.06:081][317]LogExit: Exiting.
[2016.02.27-13.11.06:088][317]Log file closed, 02/27/16 14:11:06
