[2016.02.13-22.28.36:856][  0]Log file open, 02/13/16 23:28:36
[2016.02.13-22.28.36:856][  0]LogInit:Display: Running engine for game: Runner
[2016.02.13-22.28.36:856][  0]LogPlatformFile: Not using cached read wrapper
[2016.02.13-22.28.36:856][  0]LogInit:Display: RandInit(354964659) SRandInit(354964662).
[2016.02.13-22.28.36:856][  0]LogTaskGraph: Started task graph with 4 named threads and 7 total threads.
[2016.02.13-22.28.36:856][  0]LogStats: Stats thread started at 0.080237
[2016.02.13-22.28.36:856][  0]LogInit: Version: 4.10.2-2818068+++depot+UE4-Releases+4.10
[2016.02.13-22.28.36:856][  0]LogInit: API Version: 2758231
[2016.02.13-22.28.36:856][  0]LogInit: Compiled (64-bit): Jan  6 2016 17:36:42
[2016.02.13-22.28.36:856][  0]LogInit: Compiled with Visual C++: 19.00.23026.00
[2016.02.13-22.28.36:856][  0]LogInit: Build Configuration: Development
[2016.02.13-22.28.36:856][  0]LogInit: Branch Name: ++depot+UE4-Releases+4.10
[2016.02.13-22.28.36:856][  0]LogInit: Command line:  /Temp/Autosaves/Game/RunnerAssets/UEDPCRunnerMap -game -PIEVIACONSOLE -ResX=1280 -ResY=720  -Multiprocess 
[2016.02.13-22.28.36:856][  0]LogInit: Base directory: C:/Program Files/Epic Games/4.10/Engine/Binaries/Win64/
[2016.02.13-22.28.36:856][  0]LogInit: Rocket: 1
[2016.02.13-22.28.36:864][  0]LogInit: Using libcurl 7.41.0
[2016.02.13-22.28.36:864][  0]LogInit:  - built for x86_64-pc-win32
[2016.02.13-22.28.36:864][  0]LogInit:  - supports SSL with WinSSL
[2016.02.13-22.28.36:864][  0]LogInit:  - other features:
[2016.02.13-22.28.36:864][  0]LogInit:      CURL_VERSION_SSL
[2016.02.13-22.28.36:864][  0]LogInit:      CURL_VERSION_IPV6
[2016.02.13-22.28.36:864][  0]LogInit:      CURL_VERSION_ASYNCHDNS
[2016.02.13-22.28.36:864][  0]LogInit:      CURL_VERSION_LARGEFILE
[2016.02.13-22.28.36:864][  0]LogInit:      CURL_VERSION_IDN
[2016.02.13-22.28.36:864][  0]LogInit:  CurlRequestOptions (configurable via config and command line):
[2016.02.13-22.28.36:864][  0]LogInit:  - bVerifyPeer = true  - Libcurl will verify peer certificate
[2016.02.13-22.28.36:864][  0]LogInit:  - bUseHttpProxy = false  - Libcurl will NOT use HTTP proxy
[2016.02.13-22.28.36:864][  0]LogInit:  - bDontReuseConnections = false  - Libcurl will reuse connections
[2016.02.13-22.28.36:864][  0]LogInit:  - CertBundlePath = nullptr  - Libcurl will use whatever was configured at build time.
[2016.02.13-22.28.36:872][  0]LogInit: Presizing for 0 objects not considered by GC, pre-allocating 0 bytes.
[2016.02.13-22.28.36:879][  0]LogInit: Object subsystem initialized
[2016.02.13-22.28.36:880][  0]LogInit: Selected Device Profile: [Windows]
[2016.02.13-22.28.36:880][  0]LogInit: Applying CVar settings loaded from the selected device profile: [Windows]
[2016.02.13-22.28.36:883][  0]LogInit: Computer: JOHANS_MONSTER
[2016.02.13-22.28.36:883][  0]LogInit: User: Johan
[2016.02.13-22.28.36:883][  0]LogInit: CPU Page size=4096, Cores=4
[2016.02.13-22.28.36:883][  0]LogInit: High frequency timer resolution =3.312790 MHz
[2016.02.13-22.28.36:883][  0]LogMemory: Memory total: Physical=16.0GB (16GB approx)
[2016.02.13-22.28.36:883][  0]LogMemory: Platform Memory Stats for Windows
[2016.02.13-22.28.36:883][  0]LogMemory: Process Physical Memory: 56.49 MB used, 56.49 MB peak
[2016.02.13-22.28.36:883][  0]LogMemory: Process Virtual Memory: 56.79 MB used, 56.79 MB peak
[2016.02.13-22.28.36:883][  0]LogMemory: Physical Memory: 6631.49 MB used, 16337.33 MB total
[2016.02.13-22.28.36:883][  0]LogMemory: Virtual Memory: 383.71 MB used, 134217728.00 MB total
[2016.02.13-22.28.36:918][  0]LogTextLocalizationManager: No translations for ('sv-SE') exist, falling back to 'en' for localization and internationalization data.
[2016.02.13-22.28.37:310][  0]LogD3D11RHI: Found D3D11 adapter 0: NVIDIA GeForce GTX 560 SE (Feature Level 11_0)
[2016.02.13-22.28.37:310][  0]LogD3D11RHI: Adapter has 977MB of dedicated video memory, 0MB of dedicated system memory, and 8168MB of shared system memory, 1 output[s]
[2016.02.13-22.28.37:311][  0]LogD3D11RHI: Found D3D11 adapter 1: Microsoft Basic Render Driver (Feature Level 11_0)
[2016.02.13-22.28.37:311][  0]LogD3D11RHI: Adapter has 0MB of dedicated video memory, 0MB of dedicated system memory, and 8168MB of shared system memory, 0 output[s]
[2016.02.13-22.28.37:311][  0]LogD3D11RHI: Chosen D3D11 Adapter Id = 0
[2016.02.13-22.28.37:315][  0]LogD3D11RHI: !Direct3DDevice
[2016.02.13-22.28.37:315][  0]LogRHI: Texture pool is 684 MB (70% of 977 MB)
[2016.02.13-22.28.37:327][  0]LogD3D11RHI: Async texture creation enabled
[2016.02.13-22.28.37:342][  0]LogShaderCompilers: Guid format shader working directory is -7 characters bigger than the processId version (../../../../../../Users/Johan/Documents/GitHub/Runner/Intermediate/Shaders/WorkingDirectory/3140/).
[2016.02.13-22.28.37:342][  0]LogShaderCompilers: Cleaned the shader compiler working directory 'C:/Users/Johan/AppData/Local/Temp/UnrealShaderWorkingDir/9963EB0C4CD8D01041DFE9AE3344C923/'.
[2016.02.13-22.28.37:342][  0]LogShaderCompilers:Display: Using Local Shader Compiler.
[2016.02.13-22.28.38:111][  0]LogTemp:Display: Loaded TP AllDesktopTargetPlatform
[2016.02.13-22.28.38:115][  0]LogTemp:Display: Loaded TP WindowsClientTargetPlatform
[2016.02.13-22.28.38:120][  0]LogTemp:Display: Loaded TP WindowsNoEditorTargetPlatform
[2016.02.13-22.28.38:125][  0]LogTemp:Display: Loaded TP WindowsServerTargetPlatform
[2016.02.13-22.28.38:130][  0]LogTemp:Display: Loaded TP WindowsTargetPlatform
[2016.02.13-22.28.38:133][  0]LogTemp:Display: Loaded TP AndroidTargetPlatform
[2016.02.13-22.28.38:135][  0]LogTemp:Display: Loaded TP Android_ASTCTargetPlatform
[2016.02.13-22.28.38:139][  0]LogTemp:Display: Loaded TP Android_ATCTargetPlatform
[2016.02.13-22.28.38:142][  0]LogTemp:Display: Loaded TP Android_DXTTargetPlatform
[2016.02.13-22.28.38:145][  0]LogTemp:Display: Loaded TP Android_ETC1TargetPlatform
[2016.02.13-22.28.38:148][  0]LogTemp:Display: Loaded TP Android_ETC2TargetPlatform
[2016.02.13-22.28.38:154][  0]LogTemp:Display: Loaded TP Android_MultiTargetPlatform
[2016.02.13-22.28.38:154][  0]LogTemp:Display: Loaded TP Android_PVRTCTargetPlatform
[2016.02.13-22.28.38:154][  0]LogTemp:Display: Loaded TP HTML5TargetPlatform
[2016.02.13-22.28.38:171][  0]LogTemp:Display: Loaded TP IOSTargetPlatform
[2016.02.13-22.28.38:174][  0]LogTemp:Display: Loaded TP LinuxNoEditorTargetPlatform
[2016.02.13-22.28.38:176][  0]LogTemp:Display: Loaded TP LinuxServerTargetPlatform
[2016.02.13-22.28.38:179][  0]LogTemp:Display: Loaded TP LinuxTargetPlatform
[2016.02.13-22.28.38:179][  0]LogTargetPlatformManager:Display: Building Assets For Windows
[2016.02.13-22.28.38:270][  0]LogDerivedDataCache:Display: Max Cache Size: 512 MB
[2016.02.13-22.28.38:315][  0]LogDerivedDataCache: Loaded boot cache 0.04s 41MB C:/Users/Johan/AppData/Local/UnrealEngine/4.10/DerivedDataCache/Boot.ddc.
[2016.02.13-22.28.38:315][  0]LogDerivedDataCache:Display: Loaded Boot cache: C:/Users/Johan/AppData/Local/UnrealEngine/4.10/DerivedDataCache/Boot.ddc
[2016.02.13-22.28.38:315][  0]LogDerivedDataCache: FDerivedDataBackendGraph:  Pak pak cache file ../../../../../../Users/Johan/Documents/GitHub/Runner/DerivedDataCache/DDC.ddp not found, will not use a pak cache.
[2016.02.13-22.28.38:315][  0]LogDerivedDataCache: Unable to find inner node Pak for hierarchical cache Hierarchy.
[2016.02.13-22.28.38:315][  0]LogDerivedDataCache: FDerivedDataBackendGraph:  CompressedPak pak cache file ../../../../../../Users/Johan/Documents/GitHub/Runner/DerivedDataCache/Compressed.ddp not found, will not use a pak cache.
[2016.02.13-22.28.38:315][  0]LogDerivedDataCache: Unable to find inner node CompressedPak for hierarchical cache Hierarchy.
[2016.02.13-22.28.38:371][  0]LogDerivedDataCache:Display: Pak cache opened for reading ../../../Engine/DerivedDataCache/Compressed.ddp.
[2016.02.13-22.28.38:383][  0]LogDerivedDataCache: Using Local data cache path C:/Users/Johan/AppData/Local/UnrealEngine/Common/DerivedDataCache: Writable
[2016.02.13-22.28.38:563][  0]LogInit: Selected Device Profile: [Windows]
[2016.02.13-22.28.38:566][  0]LogContentStreaming: Texture pool size is 1000.000000MB
[2016.02.13-22.28.38:664][  0]LogMeshUtilities: No automatic mesh reduction module available
[2016.02.13-22.28.38:664][  0]LogMeshUtilities: No automatic mesh merging module available
[2016.02.13-22.28.38:842][  0]LogInit: WinSock: version 1.1 (2.2), MaxSocks=32767, MaxUdp=65467
[2016.02.13-22.28.39:034][  0]LogWindowsMoviePlayer: Unable to load movie: ../../../../../../Users/Johan/Documents/GitHub/Runner/Content/Movies/Default_Startup.mp4
[2016.02.13-22.28.39:135][  0]SourceControl: Info Source control is disabled
[2016.02.13-22.28.39:135][  0]SourceControl: Info Source control is disabled
[2016.02.13-22.28.39:148][  0]SourceControl: Info Source control is disabled
[2016.02.13-22.28.39:356][  0]LogObj: 27935 objects as part of root set at end of initial load.
[2016.02.13-22.28.39:356][  0]LogUObjectAllocator: 5830064 out of 0 bytes used by permanent object pool.
[2016.02.13-22.28.39:409][  0]LogEngine: Initializing Engine...
[2016.02.13-22.28.39:412][  0]LogHMD: Can't find Oculus library dev build: is proper Runtime installed? Version: 0.8.0.0
[2016.02.13-22.28.39:412][  0]LogHMD: SteamVR failed to initialize.  Err: 110
[2016.02.13-22.28.39:507][  0]LogInit: XAudio2 using 'Speakers (USB Sound Device        )' : 2 channels at 44.1 kHz using 16 bits per sample (channel mask 0x3)
[2016.02.13-22.28.39:515][  0]LogInit: FAudioDevice initialized.
[2016.02.13-22.28.39:521][  0]LogInit: Texture streaming: Enabled
[2016.02.13-22.28.39:581][  0]LogNet: Browse: /Temp/Autosaves/Game/RunnerAssets/UEDPCRunnerMap?Name=Player
[2016.02.13-22.28.39:581][  0]LogLoad: LoadMap: /Temp/Autosaves/Game/RunnerAssets/UEDPCRunnerMap?Name=Player
[2016.02.13-22.28.39:591][  0]LogParticles: Destroying 0 GPU particle simulations for FXSystem 0x000001DC359BAC00
[2016.02.13-22.28.39:600][  0]LogMemory: Platform Memory Stats for Windows
[2016.02.13-22.28.39:600][  0]LogMemory: Process Physical Memory: 397.63 MB used, 397.63 MB peak
[2016.02.13-22.28.39:600][  0]LogMemory: Process Virtual Memory: 451.20 MB used, 451.21 MB peak
[2016.02.13-22.28.39:600][  0]LogMemory: Physical Memory: 6929.92 MB used, 16337.33 MB total
[2016.02.13-22.28.39:600][  0]LogMemory: Virtual Memory: 1016.39 MB used, 134217728.00 MB total
[2016.02.13-22.28.39:600][  0]LogMemory: 
[2016.02.13-22.28.39:600][  0]Allocator Stats for TBB: (not implemented)
[2016.02.13-22.28.39:794][  0]LogLinker:Warning: CreateImport: Failed to load Outer for resource 'Arrow': SideScrollerCharacter_C /Game/RunnerAssets/SideScrollerCharacter.Default__SideScrollerCharacter_C
[2016.02.13-22.28.39:804][  0]LogLinker:Warning: CreateImport: Failed to load Outer for resource 'Sprite': DeleteBox_Blueprint_C /Game/RunnerAssets/Blueprints/DeleteBox_Blueprint.Default__DeleteBox_Blueprint_C
[2016.02.13-22.28.39:991][  0]LogAIModule: Creating AISystem for world RunnerMap
[2016.02.13-22.28.39:992][  0]LogLinker:Warning: Can't find file '/Game/SideScrollerBP/Blueprints/SideScrollerGameMode'
[2016.02.13-22.28.39:992][  0]LogUObjectGlobals:Warning: Failed to load '/Game/SideScrollerBP/Blueprints/SideScrollerGameMode': Can't find file '/Game/SideScrollerBP/Blueprints/SideScrollerGameMode'
[2016.02.13-22.28.39:992][  0]LogLinker:Warning: Can't find file '/Game/SideScrollerBP/Blueprints/SideScrollerGameMode'
[2016.02.13-22.28.39:992][  0]LogUObjectGlobals:Warning: Failed to load '/Game/SideScrollerBP/Blueprints/SideScrollerGameMode': Can't find file '/Game/SideScrollerBP/Blueprints/SideScrollerGameMode'
[2016.02.13-22.28.39:992][  0]LogUObjectGlobals:Warning: Failed to find object 'Class /Game/SideScrollerBP/Blueprints/SideScrollerGameMode.SideScrollerGameMode_C'
[2016.02.13-22.28.39:992][  0]LogWorld: Game class is 'GameMode'
[2016.02.13-22.28.39:995][  0]LogWorld: Bringing World /Temp/Autosaves/Game/RunnerAssets/UEDPCRunnerMap.RunnerMap up for play (max tick rate 0) at 2016.02.13-23.28.39
[2016.02.13-22.28.39:996][  0]LogWorld: Bringing up level for play took: 0.002782
[2016.02.13-22.28.39:996][  0]LogGameMode: Warning - PATHS NOT DEFINED or NO PLAYERSTART with positive rating
[2016.02.13-22.28.39:997][  0]LogInit:Display: Game Engine Initialized.
[2016.02.13-22.28.40:217][  0]LogLoad: Full Startup: 3.65 seconds (BP compile: 0.10 seconds)
[2016.02.13-22.28.40:234][  0]LogWindowsTextInputMethodSystem:Display: IME system now deactivated.
[2016.02.13-22.28.40:234][  0]LogWindowsTextInputMethodSystem:Display: IME system now deactivated.
[2016.02.13-22.28.40:237][  0]LogOcInput: Can't find Oculus library dev build: is proper Runtime installed? Version: 0.8.0.0
[2016.02.13-22.28.40:318][  0]LogRenderer: Reallocating scene render targets to support 128x128 (Frame:1).
[2016.02.13-22.28.40:387][  1]LogRenderer: Reallocating scene render targets to support 1280x720 (Frame:2).
[2016.02.13-22.29.20:373][447]LogD3D11RHI: Timed out while waiting for GPU to catch up. (0.5 s)
[2016.02.13-22.29.20:874][448]LogD3D11RHI: Timed out while waiting for GPU to catch up. (0.5 s)
[2016.02.13-22.29.21:373][448]LogD3D11RHI: Timed out while waiting for GPU to catch up. (0.5 s)
[2016.02.13-22.29.21:874][448]LogD3D11RHI: Timed out while waiting for GPU to catch up. (0.5 s)
[2016.02.13-22.29.22:373][448]LogD3D11RHI: Timed out while waiting for GPU to catch up. (0.5 s)
[2016.02.13-22.29.22:874][448]LogD3D11RHI: Timed out while waiting for GPU to catch up. (0.5 s)
[2016.02.13-22.29.23:374][448]LogD3D11RHI: Timed out while waiting for GPU to catch up. (0.5 s)
[2016.02.13-22.29.23:874][448]LogD3D11RHI: Timed out while waiting for GPU to catch up. (0.5 s)
[2016.02.13-22.29.24:375][448]LogD3D11RHI: Timed out while waiting for GPU to catch up. (0.5 s)
[2016.02.13-22.29.24:874][448]LogD3D11RHI: Timed out while waiting for GPU to catch up. (0.5 s)
[2016.02.13-22.29.25:374][448]LogD3D11RHI: Timed out while waiting for GPU to catch up. (0.5 s)
[2016.02.13-22.29.25:874][448]LogD3D11RHI: Timed out while waiting for GPU to catch up. (0.5 s)
[2016.02.13-22.29.26:374][448]LogD3D11RHI: Timed out while waiting for GPU to catch up. (0.5 s)
[2016.02.13-22.29.26:874][448]LogD3D11RHI: Timed out while waiting for GPU to catch up. (0.5 s)
[2016.02.13-22.29.27:374][448]LogD3D11RHI: Timed out while waiting for GPU to catch up. (0.5 s)
[2016.02.13-22.29.27:875][448]LogD3D11RHI: Timed out while waiting for GPU to catch up. (0.5 s)
[2016.02.13-22.29.28:374][448]LogD3D11RHI: Timed out while waiting for GPU to catch up. (0.5 s)
[2016.02.13-22.29.28:874][448]LogD3D11RHI: Timed out while waiting for GPU to catch up. (0.5 s)
[2016.02.13-22.29.29:375][448]LogD3D11RHI: Timed out while waiting for GPU to catch up. (0.5 s)
[2016.02.13-22.29.29:875][448]LogD3D11RHI: Timed out while waiting for GPU to catch up. (0.5 s)
[2016.02.13-22.29.30:375][448]LogD3D11RHI: Timed out while waiting for GPU to catch up. (0.5 s)
[2016.02.13-22.29.30:875][448]LogD3D11RHI: Timed out while waiting for GPU to catch up. (0.5 s)
[2016.02.13-22.29.31:374][448]LogD3D11RHI: Timed out while waiting for GPU to catch up. (0.5 s)
[2016.02.13-22.29.31:875][448]LogD3D11RHI: Timed out while waiting for GPU to catch up. (0.5 s)
[2016.02.13-22.29.32:375][448]LogD3D11RHI: Timed out while waiting for GPU to catch up. (0.5 s)
[2016.02.13-22.29.32:875][448]LogD3D11RHI: Timed out while waiting for GPU to catch up. (0.5 s)
[2016.02.13-22.29.33:375][448]LogD3D11RHI: Timed out while waiting for GPU to catch up. (0.5 s)
[2016.02.13-22.29.33:875][448]LogD3D11RHI: Timed out while waiting for GPU to catch up. (0.5 s)
[2016.02.13-22.29.34:375][448]LogD3D11RHI: Timed out while waiting for GPU to catch up. (0.5 s)
[2016.02.13-22.29.34:875][448]LogD3D11RHI: Timed out while waiting for GPU to catch up. (0.5 s)
[2016.02.13-22.29.35:375][448]LogD3D11RHI: Timed out while waiting for GPU to catch up. (0.5 s)
[2016.02.13-22.29.35:875][448]LogD3D11RHI: Timed out while waiting for GPU to catch up. (0.5 s)
[2016.02.13-22.29.36:375][448]LogD3D11RHI: Timed out while waiting for GPU to catch up. (0.5 s)
[2016.02.13-22.29.36:875][448]LogD3D11RHI: Timed out while waiting for GPU to catch up. (0.5 s)
[2016.02.13-22.29.37:375][448]LogD3D11R