[2016.04.19-18.15.05:315][  0]Log file open, 04/19/16 20:15:05
[2016.04.19-18.15.05:315][  0]LogInit:Display: Running engine for game: Runner
[2016.04.19-18.15.05:315][  0]LogPlatformFile: Not using cached read wrapper
[2016.04.19-18.15.05:315][  0]LogInit:Display: RandInit(369136879) SRandInit(369136881).
[2016.04.19-18.15.05:315][  0]LogTaskGraph: Started task graph with 4 named threads and 7 total threads.
[2016.04.19-18.15.05:315][  0]LogStats: Stats thread started at 0.088948
[2016.04.19-18.15.05:315][  0]LogInit: Version: 4.10.2-2818068+++depot+UE4-Releases+4.10
[2016.04.19-18.15.05:315][  0]LogInit: API Version: 2758231
[2016.04.19-18.15.05:315][  0]LogInit: Compiled (64-bit): Jan  6 2016 17:36:42
[2016.04.19-18.15.05:315][  0]LogInit: Compiled with Visual C++: 19.00.23026.00
[2016.04.19-18.15.05:315][  0]LogInit: Build Configuration: Development
[2016.04.19-18.15.05:315][  0]LogInit: Branch Name: ++depot+UE4-Releases+4.10
[2016.04.19-18.15.05:315][  0]LogInit: Command line:  /Temp/Autosaves/Game/RunnerAssets/UEDPCRunnerMap -game -PIEVIACONSOLE -ResX=1280 -ResY=720  -Multiprocess -featureleveles2 -faketouches 
[2016.04.19-18.15.05:315][  0]LogInit: Base directory: C:/Program Files/Epic Games/4.10/Engine/Binaries/Win64/
[2016.04.19-18.15.05:315][  0]LogInit: Rocket: 1
[2016.04.19-18.15.05:322][  0]LogInit: Using libcurl 7.41.0
[2016.04.19-18.15.05:322][  0]LogInit:  - built for x86_64-pc-win32
[2016.04.19-18.15.05:322][  0]LogInit:  - supports SSL with WinSSL
[2016.04.19-18.15.05:322][  0]LogInit:  - other features:
[2016.04.19-18.15.05:322][  0]LogInit:      CURL_VERSION_SSL
[2016.04.19-18.15.05:322][  0]LogInit:      CURL_VERSION_IPV6
[2016.04.19-18.15.05:322][  0]LogInit:      CURL_VERSION_ASYNCHDNS
[2016.04.19-18.15.05:322][  0]LogInit:      CURL_VERSION_LARGEFILE
[2016.04.19-18.15.05:322][  0]LogInit:      CURL_VERSION_IDN
[2016.04.19-18.15.05:322][  0]LogInit:  CurlRequestOptions (configurable via config and command line):
[2016.04.19-18.15.05:322][  0]LogInit:  - bVerifyPeer = true  - Libcurl will verify peer certificate
[2016.04.19-18.15.05:322][  0]LogInit:  - bUseHttpProxy = false  - Libcurl will NOT use HTTP proxy
[2016.04.19-18.15.05:322][  0]LogInit:  - bDontReuseConnections = false  - Libcurl will reuse connections
[2016.04.19-18.15.05:322][  0]LogInit:  - CertBundlePath = nullptr  - Libcurl will use whatever was configured at build time.
[2016.04.19-18.15.05:329][  0]LogInit: Presizing for 0 objects not considered by GC, pre-allocating 0 bytes.
[2016.04.19-18.15.05:336][  0]LogInit: Object subsystem initialized
[2016.04.19-18.15.05:337][  0]LogInit: Selected Device Profile: [Windows]
[2016.04.19-18.15.05:337][  0]LogInit: Applying CVar settings loaded from the selected device profile: [Windows]
[2016.04.19-18.15.05:340][  0]LogInit: Computer: JOHANS_MONSTER
[2016.04.19-18.15.05:340][  0]LogInit: User: Johan
[2016.04.19-18.15.05:340][  0]LogInit: CPU Page size=4096, Cores=4
[2016.04.19-18.15.05:340][  0]LogInit: High frequency timer resolution =3.312788 MHz
[2016.04.19-18.15.05:340][  0]LogMemory: Memory total: Physical=16.0GB (16GB approx)
[2016.04.19-18.15.05:340][  0]LogMemory: Platform Memory Stats for Windows
[2016.04.19-18.15.05:340][  0]LogMemory: Process Physical Memory: 56.21 MB used, 56.21 MB peak
[2016.04.19-18.15.05:340][  0]LogMemory: Process Virtual Memory: 56.90 MB used, 56.90 MB peak
[2016.04.19-18.15.05:340][  0]LogMemory: Physical Memory: 4094.07 MB used, 16337.33 MB total
[2016.04.19-18.15.05:340][  0]LogMemory: Virtual Memory: 383.72 MB used, 134217728.00 MB total
[2016.04.19-18.15.05:372][  0]LogTextLocalizationManager: No translations for ('sv-SE') exist, falling back to 'en' for localization and internationalization data.
[2016.04.19-18.15.05:786][  0]LogD3D11RHI: Found D3D11 adapter 0: NVIDIA GeForce GTX 560 SE (Feature Level 11_0)
[2016.04.19-18.15.05:786][  0]LogD3D11RHI: Adapter has 977MB of dedicated video memory, 0MB of dedicated system memory, and 8168MB of shared system memory, 1 output[s]
[2016.04.19-18.15.05:787][  0]LogD3D11RHI: Found D3D11 adapter 1: Microsoft Basic Render Driver (Feature Level 11_0)
[2016.04.19-18.15.05:787][  0]LogD3D11RHI: Adapter has 0MB of dedicated video memory, 0MB of dedicated system memory, and 8168MB of shared system memory, 0 output[s]
[2016.04.19-18.15.05:787][  0]LogD3D11RHI: Chosen D3D11 Adapter Id = 0
[2016.04.19-18.15.05:791][  0]LogD3D11RHI: !Direct3DDevice
[2016.04.19-18.15.05:791][  0]LogRHI: Texture pool is 684 MB (70% of 977 MB)
[2016.04.19-18.15.05:803][  0]LogD3D11RHI: Async texture creation enabled
[2016.04.19-18.15.05:812][  0]LogShaderCompilers: Guid format shader working directory is -8 characters bigger than the processId version (../../../../../../Users/Johan/Documents/GitHub/Runner/Intermediate/Shaders/WorkingDirectory/11248/).
[2016.04.19-18.15.05:812][  0]LogShaderCompilers: Cleaned the shader compiler working directory 'C:/Users/Johan/AppData/Local/Temp/UnrealShaderWorkingDir/03A86B334E609B5C9B8E16A4C76E3E7B/'.
[2016.04.19-18.15.05:812][  0]LogShaderCompilers:Display: Using Local Shader Compiler.
[2016.04.19-18.15.06:565][  0]LogTemp:Display: Loaded TP AllDesktopTargetPlatform
[2016.04.19-18.15.06:570][  0]LogTemp:Display: Loaded TP WindowsClientTargetPlatform
[2016.04.19-18.15.06:576][  0]LogTemp:Display: Loaded TP WindowsNoEditorTargetPlatform
[2016.04.19-18.15.06:581][  0]LogTemp:Display: Loaded TP WindowsServerTargetPlatform
[2016.04.19-18.15.06:586][  0]LogTemp:Display: Loaded TP WindowsTargetPlatform
[2016.04.19-18.15.06:589][  0]LogTemp:Display: Loaded TP AndroidTargetPlatform
[2016.04.19-18.15.06:592][  0]LogTemp:Display: Loaded TP Android_ASTCTargetPlatform
[2016.04.19-18.15.06:595][  0]LogTemp:Display: Loaded TP Android_ATCTargetPlatform
[2016.04.19-18.15.06:598][  0]LogTemp:Display: Loaded TP Android_DXTTargetPlatform
[2016.04.19-18.15.06:601][  0]LogTemp:Display: Loaded TP Android_ETC1TargetPlatform
[2016.04.19-18.15.06:604][  0]LogTemp:Display: Loaded TP Android_ETC2TargetPlatform
[2016.04.19-18.15.06:610][  0]LogTemp:Display: Loaded TP Android_MultiTargetPlatform
[2016.04.19-18.15.06:610][  0]LogTemp:Display: Loaded TP Android_PVRTCTargetPlatform
[2016.04.19-18.15.06:611][  0]LogTemp:Display: Loaded TP HTML5TargetPlatform
[2016.04.19-18.15.06:628][  0]LogTemp:Display: Loaded TP IOSTargetPlatform
[2016.04.19-18.15.06:630][  0]LogTemp:Display: Loaded TP LinuxNoEditorTargetPlatform
[2016.04.19-18.15.06:633][  0]LogTemp:Display: Loaded TP LinuxServerTargetPlatform
[2016.04.19-18.15.06:636][  0]LogTemp:Display: Loaded TP LinuxTargetPlatform
[2016.04.19-18.15.06:636][  0]LogTargetPlatformManager:Display: Building Assets For Windows
[2016.04.19-18.15.06:729][  0]LogDerivedDataCache:Display: Max Cache Size: 512 MB
[2016.04.19-18.15.06:775][  0]LogDerivedDataCache: Loaded boot cache 0.05s 41MB C:/Users/Johan/AppData/Local/UnrealEngine/4.10/DerivedDataCache/Boot.ddc.
[2016.04.19-18.15.06:775][  0]LogDerivedDataCache:Display: Loaded Boot cache: C:/Users/Johan/AppData/Local/UnrealEngine/4.10/DerivedDataCache/Boot.ddc
[2016.04.19-18.15.06:776][  0]LogDerivedDataCache: FDerivedDataBackendGraph:  Pak pak cache file ../../../../../../Users/Johan/Documents/GitHub/Runner/DerivedDataCache/DDC.ddp not found, will not use a pak cache.
[2016.04.19-18.15.06:776][  0]LogDerivedDataCache: Unable to find inner node Pak for hierarchical cache Hierarchy.
[2016.04.19-18.15.06:776][  0]LogDerivedDataCache: FDerivedDataBackendGraph:  CompressedPak pak cache file ../../../../../../Users/Johan/Documents/GitHub/Runner/DerivedDataCache/Compressed.ddp not found, will not use a pak cache.
[2016.04.19-18.15.06:776][  0]LogDerivedDataCache: Unable to find inner node CompressedPak for hierarchical cache Hierarchy.
[2016.04.19-18.15.06:838][  0]LogDerivedDataCache:Display: Pak cache opened for reading ../../../Engine/DerivedDataCache/Compressed.ddp.
[2016.04.19-18.15.06:849][  0]LogDerivedDataCache: Using Local data cache path C:/Users/Johan/AppData/Local/UnrealEngine/Common/DerivedDataCache: Writable
[2016.04.19-18.15.07:325][  0]LogInit: Selected Device Profile: [Windows]
