[2016.04.28-19.19.49:037][  0]Log file open, 04/28/16 21:19:49
[2016.04.28-19.19.49:038][  0]LogInit:Display: Running engine for game: Runner
[2016.04.28-19.19.49:038][  0]LogPlatformFile: Not using cached read wrapper
[2016.04.28-19.19.49:038][  0]LogInit:Display: RandInit(645676135) SRandInit(645676138).
[2016.04.28-19.19.49:038][  0]LogTaskGraph: Started task graph with 4 named threads and 7 total threads.
[2016.04.28-19.19.49:038][  0]LogStats: Stats thread started at 0.702190
[2016.04.28-19.19.49:038][  0]LogInit: Version: 4.10.4-2872498+++depot+UE4-Releases+4.10
[2016.04.28-19.19.49:038][  0]LogInit: API Version: 2758231
[2016.04.28-19.19.49:038][  0]LogInit: Compiled (64-bit): Feb 18 2016 15:47:04
[2016.04.28-19.19.49:038][  0]LogInit: Compiled with Visual C++: 19.00.23026.00
[2016.04.28-19.19.49:038][  0]LogInit: Build Configuration: Development
[2016.04.28-19.19.49:038][  0]LogInit: Branch Name: ++depot+UE4-Releases+4.10
[2016.04.28-19.19.49:038][  0]LogInit: Command line:  
[2016.04.28-19.19.49:038][  0]LogInit: Base directory: C:/Program Files/Epic Games/4.10/Engine/Binaries/Win64/
[2016.04.28-19.19.49:038][  0]LogInit: Rocket: 1
[2016.04.28-19.19.49:083][  0]LogInit: Using libcurl 7.41.0
[2016.04.28-19.19.49:083][  0]LogInit:  - built for x86_64-pc-win32
[2016.04.28-19.19.49:083][  0]LogInit:  - supports SSL with WinSSL
[2016.04.28-19.19.49:083][  0]LogInit:  - other features:
[2016.04.28-19.19.49:083][  0]LogInit:      CURL_VERSION_SSL
[2016.04.28-19.19.49:083][  0]LogInit:      CURL_VERSION_IPV6
[2016.04.28-19.19.49:083][  0]LogInit:      CURL_VERSION_ASYNCHDNS
[2016.04.28-19.19.49:083][  0]LogInit:      CURL_VERSION_LARGEFILE
[2016.04.28-19.19.49:083][  0]LogInit:      CURL_VERSION_IDN
[2016.04.28-19.19.49:083][  0]LogInit:  CurlRequestOptions (configurable via config and command line):
[2016.04.28-19.19.49:083][  0]LogInit:  - bVerifyPeer = true  - Libcurl will verify peer certificate
[2016.04.28-19.19.49:083][  0]LogInit:  - bUseHttpProxy = false  - Libcurl will NOT use HTTP proxy
[2016.04.28-19.19.49:083][  0]LogInit:  - bDontReuseConnections = false  - Libcurl will reuse connections
[2016.04.28-19.19.49:083][  0]LogInit:  - CertBundlePath = nullptr  - Libcurl will use whatever was configured at build time.
[2016.04.28-19.19.49:180][  0]LogInit: Presizing for 0 objects not considered by GC, pre-allocating 0 bytes.
[2016.04.28-19.19.49:194][  0]LogInit: Object subsystem initialized
[2016.04.28-19.19.49:196][  0]LogInit: Selected Device Profile: [Windows]
[2016.04.28-19.19.49:196][  0]LogInit: Applying CVar settings loaded from the selected device profile: [Windows]
[2016.04.28-19.19.49:211][  0]LogInit: Computer: JOHANS_MONSTER
[2016.04.28-19.19.49:211][  0]LogInit: User: Johan
[2016.04.28-19.19.49:211][  0]LogInit: CPU Page size=4096, Cores=4
[2016.04.28-19.19.49:211][  0]LogInit: High frequency timer resolution =3.312785 MHz
[2016.04.28-19.19.49:211][  0]LogMemory: Memory total: Physical=16.0GB (16GB approx)
[2016.04.28-19.19.49:211][  0]LogMemory: Platform Memory Stats for Windows
[2016.04.28-19.19.49:211][  0]LogMemory: Process Physical Memory: 56.18 MB used, 56.18 MB peak
[2016.04.28-19.19.49:211][  0]LogMemory: Process Virtual Memory: 56.70 MB used, 56.70 MB peak
[2016.04.28-19.19.49:211][  0]LogMemory: Physical Memory: 3332.36 MB used, 16337.33 MB total
[2016.04.28-19.19.49:211][  0]LogMemory: Virtual Memory: 382.85 MB used, 134217728.00 MB total
[2016.04.28-19.19.49:603][  0]LogTextLocalizationManager: No translations for ('sv-SE') exist, falling back to 'en' for localization and internationalization data.
[2016.04.28-19.19.50:075][  0]LogD3D11RHI: Found D3D11 adapter 0: NVIDIA GeForce GTX 560 SE (Feature Level 11_0)
[2016.04.28-19.19.50:075][  0]LogD3D11RHI: Adapter has 977MB of dedicated video memory, 0MB of dedicated system memory, and 8168MB of shared system memory, 1 output[s]
[2016.04.28-19.19.50:136][  0]LogD3D11RHI: Found D3D11 adapter 1: Microsoft Basic Render Driver (Feature Level 11_0)
[2016.04.28-19.19.50:136][  0]LogD3D11RHI: Adapter has 0MB of dedicated video memory, 0MB of dedicated system memory, and 8168MB of shared system memory, 0 output[s]
[2016.04.28-19.19.50:136][  0]LogD3D11RHI: Chosen D3D11 Adapter Id = 0
[2016.04.28-19.19.50:139][  0]LogD3D11RHI: !Direct3DDevice
[2016.04.28-19.19.50:139][  0]LogRHI: Texture pool is 684 MB (70% of 977 MB)
[2016.04.28-19.19.50:150][  0]LogD3D11RHI: Async texture creation enabled
[2016.04.28-19.19.50:182][  0]LogShaderCompilers: Guid format shader working directory is -7 characters bigger than the processId version (../../../../../../Users/Johan/Documents/GitHub/Runner/Intermediate/Shaders/WorkingDirectory/6092/).
[2016.04.28-19.19.50:182][  0]LogShaderCompilers: Cleaned the shader compiler working directory 'C:/Users/Johan/AppData/Local/Temp/UnrealShaderWorkingDir/A21D624648144207C942B0A7505C4FD6/'.
[2016.04.28-19.19.50:182][  0]LogShaderCompilers:Display: Using Local Shader Compiler.
[2016.04.28-19.19.52:017][  0]LogTemp:Display: Loaded TP AllDesktopTargetPlatform
[2016.04.28-19.19.52:023][  0]LogTemp:Display: Loaded TP WindowsClientTargetPlatform
[2016.04.28-19.19.52:029][  0]LogTemp:Display: Loaded TP WindowsNoEditorTargetPlatform
[2016.04.28-19.19.52:034][  0]LogTemp:Display: Loaded TP WindowsServerTargetPlatform
[2016.04.28-19.19.52:040][  0]LogTemp:Display: Loaded TP WindowsTargetPlatform
[2016.04.28-19.19.52:044][  0]LogTemp:Display: Loaded TP AndroidTargetPlatform
[2016.04.28-19.19.52:047][  0]LogTemp:Display: Loaded TP Android_ASTCTargetPlatform
[2016.04.28-19.19.52:050][  0]LogTemp:Display: Loaded TP Android_ATCTargetPlatform
[2016.04.28-19.19.52:052][  0]LogTemp:Display: Loaded TP Android_DXTTargetPlatform
[2016.04.28-19.19.52:055][  0]LogTemp:Display: Loaded TP Android_ETC1TargetPlatform
[2016.04.28-19.19.52:058][  0]LogTemp:Display: Loaded TP Android_ETC2TargetPlatform
[2016.04.28-19.19.52:064][  0]LogTemp:Display: Loaded TP Android_MultiTargetPlatform
[2016.04.28-19.19.52:064][  0]LogTemp:Display: Loaded TP Android_PVRTCTargetPlatform
[2016.04.28-19.19.52:064][  0]LogTemp:Display: Loaded TP HTML5TargetPlatform
[2016.04.28-19.19.52:130][  0]LogTemp:Display: Loaded TP IOSTargetPlatform
[2016.04.28-19.19.52:135][  0]LogTemp:Display: Loaded TP LinuxNoEditorTargetPlatform
[2016.04.28-19.19.52:141][  0]LogTemp:Display: Loaded TP LinuxServerTargetPlatform
[2016.04.28-19.19.52:148][  0]LogTemp:Display: Loaded TP LinuxTargetPlatform
[2016.04.28-19.19.52:148][  0]LogTargetPlatformManager:Display: Building Assets For Windows
[2016.04.28-19.19.53:041][  0]LogDerivedDataCache:Display: Max Cache Size: 512 MB
[2016.04.28-19.19.53:517][  0]LogDerivedDataCache: Loaded boot cache 0.47s 41MB C:/Users/Johan/AppData/Local/UnrealEngine/4.10/DerivedDataCache/Boot.ddc.
[2016.04.28-19.19.53:517][  0]LogDerivedDataCache:Display: Loaded Boot cache: C:/Users/Johan/AppData/Local/UnrealEngine/4.10/DerivedDataCache/Boot.ddc
[2016.04.28-19.19.53:517][  0]LogDerivedDataCache: FDerivedDataBackendGraph:  Pak pak cache file ../../../../../../Users/Johan/Documents/GitHub/Runner/DerivedDataCache/DDC.ddp not found, will not use a pak cache.
[2016.04.28-19.19.53:517][  0]LogDerivedDataCache: Unable to find inner node Pak for hierarchical cache Hierarchy.
[2016.04.28-19.19.53:517][  0]LogDerivedDataCache: FDerivedDataBackendGraph:  CompressedPak pak cache file ../../../../../../Users/Johan/Documents/GitHub/Runner/DerivedDataCache/Compressed.ddp not found, will not use a pak cache.
[2016.04.28-19.19.53:517][  0]LogDerivedDataCache: Unable to find inner node CompressedPak for hierarchical cache Hierarchy.
[2016.04.28-19.19.53:638][  0]LogDerivedDataCache:Display: Pak cache opened for reading ../../../Engine/DerivedDataCache/Compressed.ddp.
[2016.04.28-19.19.53:650][  0]LogDerivedDataCache: Using Local data cache path C:/Users/Johan/AppData/Local/UnrealEngine/Common/DerivedDataCache: Writable
[2016.04.28-19.20.05:203][  0]LogInit: Selected Device Profile: [Windows]
[2016.04.28-19.20.05:224][  0]LogContentStreaming: Texture pool size is 0.000000MB
[2016.04.28-19.20.05:776][  0]LogMeshUtilities: No automatic mesh reduction module available
[2016.04.28-19.20.05:776][  0]LogMeshUtilities: No automatic mesh merging module available
[2016.04.28-19.20.06:575][  0]LogInit: WinSock: version 1.1 (2.2), MaxSocks=32767, MaxUdp=65467
[2016.04.28-19.20.25:401][  0]UdpMessaging: Initializing bridge on interface 0.0.0.0:0 to multicast group 230.0.0.1:6666.
[2016.04.28-19.20.26:286][  0]LogAssetRegistry: FAssetRegistry took 0.0117 seconds to start up
[2016.04.28-19.20.30:521][  0]SourceControl: Info Source control is disabled
[2016.04.28-19.20.30:523][  0]SourceControl: Info Source control is disabled
[2016.04.28-19.20.30:550][  0]SourceControl: Info Source control is disabled
[2016.04.28-19.20.30:571][  0]SourceControl: Info Source control is disabled
[2016.04.28-19.20.31:953][  0]LogObj: 28633 objects as part of root set at end of initial load.
[2016.04.28-19.20.31:953][  0]LogUObjectAllocator: 6099744 out of 0 bytes used by permanent object pool.
[2016.04.28-19.20.35:121][  0]LogAutomationTest:Warning: Smoke tests took > 1s to run: 2.23s
[2016.04.28-19.20.35:241][  0]LogEngine: Initializing Engine...
[2016.04.28-19.20.35:378][  0]LogHMD: Can't find Oculus library dev build: is proper Runtime installed? Version: 0.8.0.0
[2016.04.28-19.20.35:382][  0]LogHMD: SteamVR failed to initialize.  Err: 110
[2016.04.28-19.20.35:869][  0]LogAIModule: Creating AISystem for world NewWorld
[2016.04.28-19.20.36:070][  0]LogInit: XAudio2 using 'Speakers (USB Sound Device        )' : 2 channels at 44.1 kHz using 16 bits per sample (channel mask 0x3)
[2016.04.28-19.20.36:133][  0]LogInit: FAudioDevice initialized.
[2016.04.28-19.20.36:152][  0]LogDerivedDataCache: Saved boot cache 0.02s 41MB C:/Users/Johan/AppData/Local/UnrealEngine/4.10/DerivedDataCache/Boot.ddc.
[2016.04.28-19.20.36:196][  0]LogInit: Texture streaming: Enabled
[2016.04.28-19.20.36:285][  0]LogAnalytics: Creating configured Analytics provider AnalyticsET
[2016.04.28-19.20.36:285][  0]LogAnalytics: [UEEditor.Rocket.Release] APIServer = http://et2.epicgames.com/ET2/. AppVersion = 4.10.4-2872498+++depot+UE4-Releases+4.10
[2016.04.28-19.20.36:285][  0]LogAnalytics: [UEEditor.Rocket.Release] SetUserId e13f53c54a08433fc09043aa962b451a|75ba5683578c43329a0522a4b145a097|e6dac55f-4bf9-412a-b229-53d1a5ef9356
[2016.04.28-19.20.36:313][  0]LogAnalytics: [UEEditor.Rocket.Release] AnalyticsET::StartSession
[2016.04.28-19.20.36:679][  0]LogInit: Transaction tracking system initialized
[2016.04.28-19.20.37:424][  0]BlueprintLog: New page: Editor Load
[2016.04.28-19.20.47:412][  0]LocalizationService: Info Localization service is disabled
[2016.04.28-19.20.51:699][  0]LogConsoleResponse:Display: 
[2016.04.28-19.21.01:617][  0]LogFileCache: Scanning file cache for directory 'C:/Users/Johan/Documents/GitHub/Runner/Content/' took 0.02s
[2016.04.28-19.21.01:617][  0]LogCook:Display: Done creating registry. It took  0.00s.
[2016.04.28-19.21.05:148][  0]SourceControl: Info Source control is disabled
[2016.04.28-19.21.05:178][  0]Cmd: MAP LOAD FILE="../../../../../../Users/Johan/Documents/GitHub/Runner/Content/RunnerAssets/RunnerMap.umap" TEMPLATE=0 SHOWPROGRESS=1 FEATURELEVEL=3
[2016.04.28-19.21.05:213][  0]LightingResults: New page: Lighting Build
[2016.04.28-19.21.05:414][  0]MapCheck: New page: Map Check
[2016.04.28-19.21.05:414][  0]LightingResults: New page: Lighting Build
[2016.04.28-19.21.05:424][  0]LogParticles: Destroying 0 GPU particle simulations for FXSystem 0x0000028D2A48BB00
[2016.04.28-19.21.10:905][  0]LogMaterial: Missing cached shader map for material vent, compiling. 
[2016.04.28-19.21.17:126][  0]LogMaterial: Missing cached shader map for material rusty, compiling. 
[2016.04.28-19.21.19:122][  0]LogTexture:Display: Building textures: Runner_BG_Wall (AutoDXT)
[2016.04.28-19.21.24:010][  0]LogAIModule: Creating AISystem for world RunnerMap
[2016.04.28-19.21.24:072][  0]LogEditorServer: Finished looking for orphan Actors (0.000 secs)
[2016.04.28-19.21.24:072][  0]Cmd: MAP CHECKDEP NOCLEARLOG
[2016.04.28-19.21.24:166][  0]MapCheck: Info Map check complete: 0 Error(s), 0 Warning(s), took 93.445ms to complete.
[2016.04.28-19.21.24:166][  0]LogFileHelpers: Loading map 'RunnerMap' took 18.988
[2016.04.28-19.21.24:733][  0]LogCollectionManager: Loaded 0 collections in 0.004130 seconds
[2016.04.28-19.21.24:907][  0]LogFileCache: Scanning file cache for directory 'C:/Users/Johan/Documents/GitHub/Runner/Saved/Collections/' took 0.01s
[2016.04.28-19.21.24:907][  0]LogFileCache: Scanning file cache for directory 'C:/Users/Johan/Documents/GitHub/Runner/Content/Developers/Johan/Collections/' took 0.01s
[2016.04.28-19.21.24:907][  0]LogFileCache: Scanning file cache for directory 'C:/Users/Johan/Documents/GitHub/Runner/Content/Collections/' took 0.01s
[2016.04.28-19.21.24:907][  0]LogCollectionManager: Rebuilt the GUID cache for 0 collections in 0.000174 seconds
[2016.04.28-19.21.24:921][  0]LogContentBrowser: Native class hierarchy populated in 0.0142 seconds. Added 1893 classes and 338 folders.
[2016.04.28-19.21.24:937][  0]LogContentBrowser: Native class hierarchy updated for 'WidgetCarousel' in 0.0005 seconds. Added 0 classes and 0 folders.
[2016.04.28-19.21.26:811][  0]LogContentBrowser: Native class hierarchy updated for 'AddContentDialog' in 0.0005 seconds. Added 0 classes and 0 folders.
[2016.04.28-19.21.26:842][  0]LogContentBrowser: Native class hierarchy updated for 'SceneOutliner' in 0.0003 seconds. Added 1 classes and 2 folders.
[2016.04.28-19.21.27:066][  0]LogCrashTracker: Crashtracker disabled due to settings.
[2016.04.28-19.21.27:130][  0]LogUObjectGlobals:Warning: Failed to find object 'Class None.'
[2016.04.28-19.21.27:203][  0]LogLoad: Full Startup: 99.83 seconds (BP compile: 0.80 seconds)
[2016.04.28-19.21.27:545][  0]LogOcInput: Can't find Oculus library dev build: is proper Runtime installed? Version: 0.8.0.0
[2016.04.28-19.21.27:662][  0]LogContentStreaming: Texture pool size now 1000 MB
[2016.04.28-19.21.27:943][  1]LogRenderer: Reallocating scene render targets to support 948x508 (Frame:2).
[2016.04.28-19.21.31:963][ 13]LogAssetRegistry: Asset discovery search completed in 65.6888 seconds
[2016.04.28-19.21.31:963][ 13]LogCollectionManager: Rebuilt the object cache for 0 collections in 0.000001 seconds (found 0 objects)
[2016.04.28-19.21.31:985][ 13]LogCollectionManager: Fixed up redirectors for 0 collections in 0.000062 seconds (updated 0 objects)
[2016.04.28-19.22.15:125][720]LogBlueprintUserMessages: Early PlayInEditor Detection: Level '/Game/RunnerAssets/RunnerMap.RunnerMap:PersistentLevel' has LevelScriptBlueprint '/Game/RunnerAssets/RunnerMap.RunnerMap:PersistentLevel.RunnerMap' with GeneratedClass '/Game/RunnerAssets/RunnerMap.RunnerMap_C' with ClassGeneratedBy '/Game/RunnerAssets/RunnerMap.RunnerMap:PersistentLevel.RunnerMap'
[2016.04.28-19.22.15:125][720]LogPlayLevel: PlayLevel: No blueprints needed recompiling
[2016.04.28-19.22.15:125][720]PIE: New page: PIE session: RunnerMap (Apr 28, 2016, 11:22:15 PM)
[2016.04.28-19.22.15:125][720]LogPlayLevel: Creating play world package: /Game/RunnerAssets/UEDPIE_0_RunnerMap
[2016.04.28-19.22.15:154][720]LogPlayLevel: PIE: StaticDuplicateObject took: (0.028636s)
[2016.04.28-19.22.15:155][720]LogAIModule: Creating AISystem for world RunnerMap
[2016.04.28-19.22.15:155][720]LogPlayLevel: PIE: World Init took: (0.001116s)
[2016.04.28-19.22.15:155][720]LogPlayLevel: PIE: Created PIE world by copying editor world from /Game/RunnerAssets/RunnerMap.RunnerMap to /Game/RunnerAssets/UEDPIE_0_RunnerMap.RunnerMap (0.030171s)
[2016.04.28-19.22.15:210][720]LogInit: XAudio2 using 'Speakers (USB Sound Device        )' : 2 channels at 44.1 kHz using 16 bits per sample (channel mask 0x3)
[2016.04.28-19.22.15:216][720]LogInit: FAudioDevice initialized.
[2016.04.28-19.22.15:332][720]LogLinker:Warning: Can't find file '/Game/SideScrollerBP/Blueprints/SideScrollerGameMode'
[2016.04.28-19.22.15:332][720]LogLinker:Warning: Can't find file '/Game/SideScrollerBP/Blueprints/SideScrollerGameMode'
[2016.04.28-19.22.15:332][720]LogUObjectGlobals:Warning: Failed to find object 'Class /Game/SideScrollerBP/Blueprints/SideScrollerGameMode.SideScrollerGameMode_C'
[2016.04.28-19.22.15:332][720]LogWorld: Game class is 'GameMode'
[2016.04.28-19.22.15:339][720]LogWorld: Bringing World /Game/RunnerAssets/UEDPIE_0_RunnerMap.RunnerMap up for play (max tick rate 0) at 2016.04.28-21.22.15
[2016.04.28-19.22.15:339][720]LogActor:Warning: GameSession /Game/RunnerAssets/UEDPIE_0_RunnerMap.RunnerMap:PersistentLevel.GameSession_0 has natively added scene component(s), but none of them were set as the actor's RootComponent - picking one arbitrarily
[2016.04.28-19.22.15:339][720]LogActor:Warning: GameNetworkManager /Game/RunnerAssets/UEDPIE_0_RunnerMap.RunnerMap:PersistentLevel.GameNetworkManager_0 has natively added scene component(s), but none of them were set as the actor's RootComponent - picking one arbitrarily
[2016.04.28-19.22.15:340][720]LogWorld: Bringing up level for play took: 0.005932
[2016.04.28-19.22.15:351][720]LogGameMode: Warning - PATHS NOT DEFINED or NO PLAYERSTART with positive rating
[2016.04.28-19.22.15:387][720]PIE: Info Play in editor start time for /Game/RunnerAssets/UEDPIE_0_RunnerMap 1.23
[2016.04.28-19.22.15:387][720]LogBlueprintUserMessages: Late PlayInEditor Detection: Level '/Game/RunnerAssets/RunnerMap.RunnerMap:PersistentLevel' has LevelScriptBlueprint '/Game/RunnerAssets/RunnerMap.RunnerMap:PersistentLevel.RunnerMap' with GeneratedClass '/Game/RunnerAssets/RunnerMap.RunnerMap_C' with ClassGeneratedBy '/Game/RunnerAssets/RunnerMap.RunnerMap:PersistentLevel.RunnerMap'
[2016.04.28-19.22.15:442][721]LogRenderer: Reallocating scene render targets to support 1280x720 (Frame:3733).
[2016.04.28-19.22.17:400][835]LogBlueprintUserMessages: Early EndPlayMap Detection: Level '/Game/RunnerAssets/RunnerMap.RunnerMap:PersistentLevel' has LevelScriptBlueprint '/Game/RunnerAssets/RunnerMap.RunnerMap:PersistentLevel.RunnerMap' with GeneratedClass '/Game/RunnerAssets/RunnerMap.RunnerMap_C' with ClassGeneratedBy '/Game/RunnerAssets/RunnerMap.RunnerMap:PersistentLevel.RunnerMap'
[2016.04.28-19.22.17:447][835]LogBlueprintUserMessages: Late EndPlayMap Detection: Level '/Game/RunnerAssets/RunnerMap.RunnerMap:PersistentLevel' has LevelScriptBlueprint '/Game/RunnerAssets/RunnerMap.RunnerMap:PersistentLevel.RunnerMap' with GeneratedClass '/Game/RunnerAssets/RunnerMap.RunnerMap_C' with ClassGeneratedBy '/Game/RunnerAssets/RunnerMap.RunnerMap:PersistentLevel.RunnerMap'
[2016.04.28-19.22.17:463][835]LogParticles: Destroying 0 GPU particle simulations for FXSystem 0x0000028D0CB2DF80
[2016.04.28-19.22.23:378][998]LogBlueprintUserMessages: Early PlayInEditor Detection: Level '/Game/RunnerAssets/RunnerMap.RunnerMap:PersistentLevel' has LevelScriptBlueprint '/Game/RunnerAssets/RunnerMap.RunnerMap:PersistentLevel.RunnerMap' with GeneratedClass '/Game/RunnerAssets/RunnerMap.RunnerMap_C' with ClassGeneratedBy '/Game/RunnerAssets/RunnerMap.RunnerMap:PersistentLevel.RunnerMap'
[2016.04.28-19.22.23:378][998]LogPlayLevel: PlayLevel: No blueprints needed recompiling
[2016.04.28-19.22.23:378][998]PIE: New page: PIE session: RunnerMap (Apr 28, 2016, 11:22:23 PM)
[2016.04.28-19.22.23:378][998]LogPlayLevel: Creating play world package: /Game/RunnerAssets/UEDPIE_0_RunnerMap
[2016.04.28-19.22.23:401][998]LogPlayLevel: PIE: StaticDuplicateObject took: (0.022787s)
[2016.04.28-19.22.23:402][998]LogAIModule: Creating AISystem for world RunnerMap
[2016.04.28-19.22.23:402][998]LogPlayLevel: PIE: World Init took: (0.000935s)
[2016.04.28-19.22.23:402][998]LogPlayLevel: PIE: Created PIE world by copying editor world from /Game/RunnerAssets/RunnerMap.RunnerMap to /Game/RunnerAssets/UEDPIE_0_RunnerMap.RunnerMap (0.024007s)
[2016.04.28-19.22.23:419][998]LogInit: XAudio2 using 'Speakers (USB Sound Device        )' : 2 channels at 44.1 kHz using 16 bits per sample (channel mask 0x3)
[2016.04.28-19.22.23:424][998]LogInit: FAudioDevice initialized.
[2016.04.28-19.22.23:495][998]LogLinker:Warning: Can't find file '/Game/SideScrollerBP/Blueprints/SideScrollerGameMode'
[2016.04.28-19.22.23:496][998]LogLinker:Warning: Can't find file '/Game/SideScrollerBP/Blueprints/SideScrollerGameMode'
[2016.04.28-19.22.23:496][998]LogUObjectGlobals:Warning: Failed to find object 'Class /Game/SideScrollerBP/Blueprints/SideScrollerGameMode.SideScrollerGameMode_C'
[2016.04.28-19.22.23:496][998]LogWorld: Game class is 'GameMode'
[2016.04.28-19.22.23:502][998]LogWorld: Bringing World /Game/RunnerAssets/UEDPIE_0_RunnerMap.RunnerMap up for play (max tick rate 0) at 2016.04.28-21.22.23
[2016.04.28-19.22.23:502][998]LogActor:Warning: GameSession /Game/RunnerAssets/UEDPIE_0_RunnerMap.RunnerMap:PersistentLevel.GameSession_1 has natively added scene component(s), but none of them were set as the actor's RootComponent - picking one arbitrarily
[2016.04.28-19.22.23:502][998]LogActor:Warning: GameNetworkManager /Game/RunnerAssets/UEDPIE_0_RunnerMap.RunnerMap:PersistentLevel.GameNetworkManager_1 has natively added scene component(s), but none of them were set as the actor's RootComponent - picking one arbitrarily
[2016.04.28-19.22.23:503][998]LogWorld: Bringing up level for play took: 0.005892
[2016.04.28-19.22.23:503][998]LogGameMode: Warning - PATHS NOT DEFINED or NO PLAYERSTART with positive rating
[2016.04.28-19.22.23:523][998]PIE: Info Play in editor start time for /Game/RunnerAssets/UEDPIE_0_RunnerMap -0.633
[2016.04.28-19.22.23:524][998]LogBlueprintUserMessages: Late PlayInEditor Detection: Level '/Game/RunnerAssets/RunnerMap.RunnerMap:PersistentLevel' has LevelScriptBlueprint '/Game/RunnerAssets/RunnerMap.RunnerMap:PersistentLevel.RunnerMap' with GeneratedClass '/Game/RunnerAssets/RunnerMap.RunnerMap_C' with ClassGeneratedBy '/Game/RunnerAssets/RunnerMap.RunnerMap:PersistentLevel.RunnerMap'
[2016.04.28-19.23.00:664][739]LogPackageName: SearchForPackageOnDisk took   0.074s to resolve Death.umap.
[2016.04.28-19.23.00:742][740]LogPackageName: SearchForPackageOnDisk took   0.072s to resolve Death.umap.
[2016.04.28-19.23.00:742][740]LogNet: Browse: /Game/RunnerAssets/Death
[2016.04.28-19.23.00:742][740]LogLoad: LoadMap: /Game/RunnerAssets/Death
[2016.04.28-19.23.00:791][740]LogParticles: Destroying 0 GPU particle simulations for FXSystem 0x0000028D2F09B560
[2016.04.28-19.23.00:791][740]Cmd: MEM
[2016.04.28-19.23.00:806][740]LogMemory: Platform Memory Stats for Windows
[2016.04.28-19.23.00:806][740]LogMemory: Process Physical Memory: 863.29 MB used, 890.40 MB peak
[2016.04.28-19.23.00:806][740]LogMemory: Process Virtual Memory: 1485.58 MB used, 1639.71 MB peak
[2016.04.28-19.23.00:806][740]LogMemory: Physical Memory: 4636.43 MB used, 16337.33 MB total
[2016.04.28-19.23.00:806][740]LogMemory: Virtual Memory: 2260.21 MB used, 134217728.00 MB total
[2016.04.28-19.23.00:806][740]LogMemory: 
[2016.04.28-19.23.00:806][740]Allocator Stats for TBB: (not implemented)
[2016.04.28-19.23.01:448][740]LogAIModule: Creating AISystem for world Death
[2016.04.28-19.23.01:449][740]LogLinker:Warning: Can't find file '/Game/SideScrollerBP/Blueprints/SideScrollerGameMode'
[2016.04.28-19.23.01:449][740]LogLinker:Warning: Can't find file '/Game/SideScrollerBP/Blueprints/SideScrollerGameMode'
[2016.04.28-19.23.01:449][740]LogUObjectGlobals:Warning: Failed to find object 'Class /Game/SideScrollerBP/Blueprints/SideScrollerGameMode.SideScrollerGameMode_C'
[2016.04.28-19.23.01:449][740]LogWorld: Game class is 'GameMode'
[2016.04.28-19.23.01:451][740]LogWorld: Bringing World /Game/RunnerAssets/UEDPIE_0_Death.Death up for play (max tick rate 0) at 2016.04.28-21.23.01
[2016.04.28-19.23.01:451][740]LogActor:Warning: GameSession /Game/RunnerAssets/UEDPIE_0_Death.Death:PersistentLevel.GameSession_2 has natively added scene component(s), but none of them were set as the actor's RootComponent - picking one arbitrarily
[2016.04.28-19.23.01:451][740]LogActor:Warning: GameNetworkManager /Game/RunnerAssets/UEDPIE_0_Death.Death:PersistentLevel.GameNetworkManager_2 has natively added scene component(s), but none of them were set as the actor's RootComponent - picking one arbitrarily
[2016.04.28-19.23.01:451][740]LogWorld: Bringing up level for play took: 0.000924
[2016.04.28-19.23.01:452][740]LogGameMode: Warning - PATHS NOT DEFINED or NO PLAYERSTART with positive rating
[2016.04.28-19.23.07:729][337]LogBlueprintUserMessages: Early EndPlayMap Detection: Level '/Game/RunnerAssets/RunnerMap.RunnerMap:PersistentLevel' has LevelScriptBlueprint '/Game/RunnerAssets/RunnerMap.RunnerMap:PersistentLevel.RunnerMap' with GeneratedClass '/Game/RunnerAssets/RunnerMap.RunnerMap_C' with ClassGeneratedBy '/Game/RunnerAssets/RunnerMap.RunnerMap:PersistentLevel.RunnerMap'
[2016.04.28-19.23.07:777][337]LogBlueprintUserMessages: Late EndPlayMap Detection: Level '/Game/RunnerAssets/RunnerMap.RunnerMap:PersistentLevel' has LevelScriptBlueprint '/Game/RunnerAssets/RunnerMap.RunnerMap:PersistentLevel.RunnerMap' with GeneratedClass '/Game/RunnerAssets/RunnerMap.RunnerMap_C' with ClassGeneratedBy '/Game/RunnerAssets/RunnerMap.RunnerMap:PersistentLevel.RunnerMap'
[2016.04.28-19.23.07:805][338]LogParticles: Destroying 0 GPU particle simulations for FXSystem 0x0000028D2F30C180
[2016.04.28-19.24.14:668][489]LogBlueprintUserMessages: Early PlayInEditor Detection: Level '/Game/RunnerAssets/RunnerMap.RunnerMap:PersistentLevel' has LevelScriptBlueprint '/Game/RunnerAssets/RunnerMap.RunnerMap:PersistentLevel.RunnerMap' with GeneratedClass '/Game/RunnerAssets/RunnerMap.RunnerMap_C' with ClassGeneratedBy '/Game/RunnerAssets/RunnerMap.RunnerMap:PersistentLevel.RunnerMap'
[2016.04.28-19.24.14:668][489]LogPlayLevel: PlayLevel: No blueprints needed recompiling
[2016.04.28-19.24.14:668][489]PIE: New page: PIE session: RunnerMap (Apr 28, 2016, 11:24:14 PM)
[2016.04.28-19.24.14:668][489]LogPlayLevel: Creating play world package: /Game/RunnerAssets/UEDPIE_0_RunnerMap
[2016.04.28-19.24.14:697][489]LogPlayLevel: PIE: StaticDuplicateObject took: (0.028750s)
[2016.04.28-19.24.14:698][489]LogAIModule: Creating AISystem for world RunnerMap
[2016.04.28-19.24.14:698][489]LogPlayLevel: PIE: World Init took: (0.001120s)
[2016.04.28-19.24.14:698][489]LogPlayLevel: PIE: Created PIE world by copying editor world from /Game/RunnerAssets/RunnerMap.RunnerMap to /Game/RunnerAssets/UEDPIE_0_RunnerMap.RunnerMap (0.030218s)
[2016.04.28-19.24.14:718][489]LogInit: XAudio2 using 'Speakers (USB Sound Device        )' : 2 channels at 44.1 kHz using 16 bits per sample (channel mask 0x3)
[2016.04.28-19.24.14:723][489]LogInit: FAudioDevice initialized.
[2016.04.28-19.24.14:805][489]LogLinker:Warning: Can't find file '/Game/SideScrollerBP/Blueprints/SideScrollerGameMode'
[2016.04.28-19.24.14:806][489]LogLinker:Warning: Can't find file '/Game/SideScrollerBP/Blueprints/SideScrollerGameMode'
[2016.04.28-19.24.14:806][489]LogUObjectGlobals:Warning: Failed to find object 'Class /Game/SideScrollerBP/Blueprints/SideScrollerGameMode.SideScrollerGameMode_C'
[2016.04.28-19.24.14:806][489]LogWorld: Game class is 'GameMode'
[2016.04.28-19.24.14:812][489]LogWorld: Bringing World /Game/RunnerAssets/UEDPIE_0_RunnerMap.RunnerMap up for play (max tick rate 0) at 2016.04.28-21.24.14
[2016.04.28-19.24.14:812][489]LogActor:Warning: GameSession /Game/RunnerAssets/UEDPIE_0_RunnerMap.RunnerMap:PersistentLevel.GameSession_3 has natively added scene component(s), but none of them were set as the actor's RootComponent - picking one arbitrarily
[2016.04.28-19.24.14:812][489]LogActor:Warning: GameNetworkManager /Game/RunnerAssets/UEDPIE_0_RunnerMap.RunnerMap:PersistentLevel.GameNetworkManager_3 has natively added scene component(s), but none of them were set as the actor's RootComponent - picking one arbitrarily
[2016.04.28-19.24.14:813][489]LogWorld: Bringing up level for play took: 0.006026
[2016.04.28-19.24.14:813][489]LogGameMode: Warning - PATHS NOT DEFINED or NO PLAYERSTART with positive rating
[2016.04.28-19.24.14:833][489]PIE: Info Play in editor start time for /Game/RunnerAssets/UEDPIE_0_RunnerMap 0.676
[2016.04.28-19.24.14:833][489]LogBlueprintUserMessages: Late PlayInEditor Detection: Level '/Game/RunnerAssets/RunnerMap.RunnerMap:PersistentLevel' has LevelScriptBlueprint '/Game/RunnerAssets/RunnerMap.RunnerMap:PersistentLevel.RunnerMap' with GeneratedClass '/Game/RunnerAssets/RunnerMap.RunnerMap_C' with ClassGeneratedBy '/Game/RunnerAssets/RunnerMap.RunnerMap:PersistentLevel.RunnerMap'
[2016.04.28-19.24.50:995][168]LogPackageName: SearchForPackageOnDisk took   0.072s to resolve Death.umap.
[2016.04.28-19.24.51:072][169]LogPackageName: SearchForPackageOnDisk took   0.069s to resolve Death.umap.
[2016.04.28-19.24.51:072][169]LogNet: Browse: /Game/RunnerAssets/Death
[2016.04.28-19.24.51:072][169]LogLoad: LoadMap: /Game/RunnerAssets/Death
[2016.04.28-19.24.51:102][169]LogParticles: Destroying 0 GPU particle simulations for FXSystem 0x0000028D3460DA80
[2016.04.28-19.24.51:102][169]Cmd: MEM
[2016.04.28-19.24.51:114][169]LogMemory: Platform Memory Stats for Windows
[2016.04.28-19.24.51:114][169]LogMemory: Process Physical Memory: 925.10 MB used, 993.08 MB peak
[2016.04.28-19.24.51:114][169]LogMemory: Process Virtual Memory: 1580.63 MB used, 1785.63 MB peak
[2016.04.28-19.24.51:114][169]LogMemory: Physical Memory: 4687.67 MB used, 16337.33 MB total
[2016.04.28-19.24.51:114][169]LogMemory: Virtual Memory: 2439.79 MB used, 134217728.00 MB total
[2016.04.28-19.24.51:114][169]LogMemory: 
[2016.04.28-19.24.51:114][169]Allocator Stats for TBB: (not implemented)
[2016.04.28-19.24.51:135][169]LogAIModule: Creating AISystem for world Death
[2016.04.28-19.24.51:136][169]LogLinker:Warning: Can't find file '/Game/SideScrollerBP/Blueprints/SideScrollerGameMode'
[2016.04.28-19.24.51:136][169]LogLinker:Warning: Can't find file '/Game/SideScrollerBP/Blueprints/SideScrollerGameMode'
[2016.04.28-19.24.51:136][169]LogUObjectGlobals:Warning: Failed to find object 'Class /Game/SideScrollerBP/Blueprints/SideScrollerGameMode.SideScrollerGameMode_C'
[2016.04.28-19.24.51:136][169]LogWorld: Game class is 'GameMode'
[2016.04.28-19.24.51:138][169]LogWorld: Bringing World /Game/RunnerAssets/UEDPIE_0_Death.Death up for play (max tick rate 0) at 2016.04.28-21.24.51
[2016.04.28-19.24.51:138][169]LogActor:Warning: GameSession /Game/RunnerAssets/UEDPIE_0_Death.Death:PersistentLevel.GameSession_4 has natively added scene component(s), but none of them were set as the actor's RootComponent - picking one arbitrarily
[2016.04.28-19.24.51:138][169]LogActor:Warning: GameNetworkManager /Game/RunnerAssets/UEDPIE_0_Death.Death:PersistentLevel.GameNetworkManager_4 has natively added scene component(s), but none of them were set as the actor's RootComponent - picking one arbitrarily
[2016.04.28-19.24.51:138][169]LogWorld: Bringing up level for play took: 0.000828
[2016.04.28-19.24.51:138][169]LogGameMode: Warning - PATHS NOT DEFINED or NO PLAYERSTART with positive rating
[2016.04.28-19.24.52:796][327]LogBlueprintUserMessages: Early EndPlayMap Detection: Level '/Game/RunnerAssets/RunnerMap.RunnerMap:PersistentLevel' has LevelScriptBlueprint '/Game/RunnerAssets/RunnerMap.RunnerMap:PersistentLevel.RunnerMap' with GeneratedClass '/Game/RunnerAssets/RunnerMap.RunnerMap_C' with ClassGeneratedBy '/Game/RunnerAssets/RunnerMap.RunnerMap:PersistentLevel.RunnerMap'
[2016.04.28-19.24.52:845][327]LogBlueprintUserMessages: Late EndPlayMap Detection: Level '/Game/RunnerAssets/RunnerMap.RunnerMap:PersistentLevel' has LevelScriptBlueprint '/Game/RunnerAssets/RunnerMap.RunnerMap:PersistentLevel.RunnerMap' with GeneratedClass '/Game/RunnerAssets/RunnerMap.RunnerMap_C' with ClassGeneratedBy '/Game/RunnerAssets/RunnerMap.RunnerMap:PersistentLevel.RunnerMap'
[2016.04.28-19.24.52:879][328]LogParticles: Destroying 0 GPU particle simulations for FXSystem 0x0000028D2E9E7560
[2016.04.28-19.25.17:461][479]LogLinker:Warning: Asset '../../../Engine/Content/ArtTools/RenderToTexture/Macros/RenderToTextureMacros.uasset' has been saved with empty engine version. The asset will be loaded but may be incompatible.
[2016.04.28-19.25.18:231][479]LogContentBrowser: Native class hierarchy updated for 'BlueprintGraph' in 0.0106 seconds. Added 107 classes and 0 folders.
[2016.04.28-19.25.21:502][631]LogRenderer: Reallocating scene render targets to support 1280x800 (Frame:17113).
[2016.04.28-19.25.44:704][590]LogEditorTransaction: Undo Modify Component(s)
[2016.04.28-19.25.44:732][590]LogActorComponent: UnregisterComponent: (/Engine/Transient.CharMoveComp) Not registered. Aborting.
[2016.04.28-19.25.49:966][808]LogEditorTransaction: Undo Modify Component(s)
[2016.04.28-19.25.56:215][ 64]LogEditorTransaction: Undo Modify Component(s)
[2016.04.28-19.26.33:698][575]LogEditorTransaction: Undo Modify Component(s)
[2016.04.28-19.26.40:788][912]LogEditorTransaction: Undo Modify Component(s)
[2016.04.28-19.29.16:459][193]BlueprintLog: New page: Compile propBG_7
[2016.04.28-19.29.16:646][193]LogActorComponent: UnregisterComponent: (/Engine/Transient.MovementComponent0) Not registered. Aborting.
[2016.04.28-19.29.16:713][193]BlueprintEditorCompileResults: Info Event BeginPlay (K2Node_Event_228) had an invalid function signature - it has now been fixed.
[2016.04.28-19.29.16:713][193]BlueprintEditorCompileResults: Info [0569.35] Compile of propBG_7 successful! [in 254 ms]
[2016.04.28-19.29.18:095][253]LogBlueprintUserMessages: Early PlayInEditor Detection: Level '/Game/RunnerAssets/RunnerMap.RunnerMap:PersistentLevel' has LevelScriptBlueprint '/Game/RunnerAssets/RunnerMap.RunnerMap:PersistentLevel.RunnerMap' with GeneratedClass '/Game/RunnerAssets/RunnerMap.RunnerMap_C' with ClassGeneratedBy '/Game/RunnerAssets/RunnerMap.RunnerMap:PersistentLevel.RunnerMap'
[2016.04.28-19.29.18:095][253]LogPlayLevel: PlayLevel: No blueprints needed recompiling
[2016.04.28-19.29.18:095][253]PIE: New page: PIE session: RunnerMap (Apr 28, 2016, 11:29:18 PM)
[2016.04.28-19.29.18:095][253]LogPlayLevel: Creating play world package: /Game/RunnerAssets/UEDPIE_0_RunnerMap
[2016.04.28-19.29.18:124][253]LogPlayLevel: PIE: StaticDuplicateObject took: (0.029296s)
[2016.04.28-19.29.18:125][253]LogAIModule: Creating AISystem for world RunnerMap
[2016.04.28-19.29.18:125][253]LogPlayLevel: PIE: World Init took: (0.001184s)
[2016.04.28-19.29.18:126][253]LogPlayLevel: PIE: Created PIE world by copying editor world from /Game/RunnerAssets/RunnerMap.RunnerMap to /Game/RunnerAssets/UEDPIE_0_RunnerMap.RunnerMap (0.030806s)
[2016.04.28-19.29.18:166][253]LogInit: XAudio2 using 'Speakers (USB Sound Device        )' : 2 channels at 44.1 kHz using 16 bits per sample (channel mask 0x3)
[2016.04.28-19.29.18:173][253]LogInit: FAudioDevice initialized.
[2016.04.28-19.29.18:246][253]LogLinker:Warning: Can't find file '/Game/SideScrollerBP/Blueprints/SideScrollerGameMode'
[2016.04.28-19.29.18:246][253]LogLinker:Warning: Can't find file '/Game/SideScrollerBP/Blueprints/SideScrollerGameMode'
[2016.04.28-19.29.18:246][253]LogUObjectGlobals:Warning: Failed to find object 'Class /Game/SideScrollerBP/Blueprints/SideScrollerGameMode.SideScrollerGameMode_C'
[2016.04.28-19.29.18:246][253]LogWorld: Game class is 'GameMode'
[2016.04.28-19.29.18:253][253]LogWorld: Bringing World /Game/RunnerAssets/UEDPIE_0_RunnerMap.RunnerMap up for play (max tick rate 0) at 2016.04.28-21.29.18
[2016.04.28-19.29.18:253][253]LogActor:Warning: GameSession /Game/RunnerAssets/UEDPIE_0_RunnerMap.RunnerMap:PersistentLevel.GameSession_5 has natively added scene component(s), but none of them were set as the actor's RootComponent - picking one arbitrarily
[2016.04.28-19.29.18:253][253]LogActor:Warning: GameNetworkManager /Game/RunnerAssets/UEDPIE_0_RunnerMap.RunnerMap:PersistentLevel.GameNetworkManager_5 has natively added scene component(s), but none of them were set as the actor's RootComponent - picking one arbitrarily
[2016.04.28-19.29.18:254][253]LogWorld: Bringing up level for play took: 0.006488
[2016.04.28-19.29.18:255][253]LogGameMode: Warning - PATHS NOT DEFINED or NO PLAYERSTART with positive rating
[2016.04.28-19.29.18:290][253]PIE: Info Play in editor start time for /Game/RunnerAssets/UEDPIE_0_RunnerMap 0.133
[2016.04.28-19.29.18:290][253]LogBlueprintUserMessages: Late PlayInEditor Detection: Level '/Game/RunnerAssets/RunnerMap.RunnerMap:PersistentLevel' has LevelScriptBlueprint '/Game/RunnerAssets/RunnerMap.RunnerMap:PersistentLevel.RunnerMap' with GeneratedClass '/Game/RunnerAssets/RunnerMap.RunnerMap_C' with ClassGeneratedBy '/Game/RunnerAssets/RunnerMap.RunnerMap:PersistentLevel.RunnerMap'
[2016.04.28-19.30.07:280][108]LogPackageName: SearchForPackageOnDisk took   0.095s to resolve Death.umap.
[2016.04.28-19.30.07:386][109]LogPackageName: SearchForPackageOnDisk took   0.089s to resolve Death.umap.
[2016.04.28-19.30.07:386][109]LogNet: Browse: /Game/RunnerAssets/Death
[2016.04.28-19.30.07:386][109]LogLoad: LoadMap: /Game/RunnerAssets/Death
[2016.04.28-19.30.07:434][109]LogParticles: Destroying 0 GPU particle simulations for FXSystem 0x0000028D98035300
[2016.04.28-19.30.07:442][109]Cmd: MEM
[2016.04.28-19.30.07:467][109]LogMemory: Platform Memory Stats for Windows
[2016.04.28-19.30.07:467][109]LogMemory: Process Physical Memory: 1389.30 MB used, 1526.49 MB peak
[2016.04.28-19.30.07:467][109]LogMemory: Process Virtual Memory: 2226.92 MB used, 2267.75 MB peak
[2016.04.28-19.30.07:467][109]LogMemory: Physical Memory: 5285.21 MB used, 16337.33 MB total
[2016.04.28-19.30.07:467][109]LogMemory: Virtual Memory: 3093.60 MB used, 134217728.00 MB total
[2016.04.28-19.30.07:467][109]LogMemory: 
[2016.04.28-19.30.07:467][109]Allocator Stats for TBB: (not implemented)
[2016.04.28-19.30.07:527][109]LogAIModule: Creating AISystem for world Death
[2016.04.28-19.30.07:527][109]LogLinker:Warning: Can't find file '/Game/SideScrollerBP/Blueprints/SideScrollerGameMode'
[2016.04.28-19.30.07:527][109]LogLinker:Warning: Can't find file '/Game/SideScrollerBP/Blueprints/SideScrollerGameMode'
[2016.04.28-19.30.07:528][109]LogUObjectGlobals:Warning: Failed to find object 'Class /Game/SideScrollerBP/Blueprints/SideScrollerGameMode.SideScrollerGameMode_C'
[2016.04.28-19.30.07:528][109]LogWorld: Game class is 'GameMode'
[2016.04.28-19.30.07:529][109]LogWorld: Bringing World /Game/RunnerAssets/UEDPIE_0_Death.Death up for play (max tick rate 0) at 2016.04.28-21.30.07
[2016.04.28-19.30.07:529][109]LogActor:Warning: GameSession /Game/RunnerAssets/UEDPIE_0_Death.Death:PersistentLevel.GameSession_6 has natively added scene component(s), but none of them were set as the actor's RootComponent - picking one arbitrarily
[2016.04.28-19.30.07:529][109]LogActor:Warning: GameNetworkManager /Game/RunnerAssets/UEDPIE_0_Death.Death:PersistentLevel.GameNetworkManager_6 has natively added scene component(s), but none of them were set as the actor's RootComponent - picking one arbitrarily
[2016.04.28-19.30.07:529][109]LogWorld: Bringing up level for play took: 0.000875
[2016.04.28-19.30.07:530][109]LogGameMode: Warning - PATHS NOT DEFINED or NO PLAYERSTART with positive rating
[2016.04.28-19.30.51:263][ 67]LogBlueprintUserMessages: Early EndPlayMap Detection: Level '/Game/RunnerAssets/RunnerMap.RunnerMap:PersistentLevel' has LevelScriptBlueprint '/Game/RunnerAssets/RunnerMap.RunnerMap:PersistentLevel.RunnerMap' with GeneratedClass '/Game/RunnerAssets/RunnerMap.RunnerMap_C' with ClassGeneratedBy '/Game/RunnerAssets/RunnerMap.RunnerMap:PersistentLevel.RunnerMap'
[2016.04.28-19.30.51:320][ 67]LogBlueprintUserMessages: Late EndPlayMap Detection: Level '/Game/RunnerAssets/RunnerMap.RunnerMap:PersistentLevel' has LevelScriptBlueprint '/Game/RunnerAssets/RunnerMap.RunnerMap:PersistentLevel.RunnerMap' with GeneratedClass '/Game/RunnerAssets/RunnerMap.RunnerMap_C' with ClassGeneratedBy '/Game/RunnerAssets/RunnerMap.RunnerMap:PersistentLevel.RunnerMap'
[2016.04.28-19.30.51:378][ 68]LogParticles: Destroying 0 GPU particle simulations for FXSystem 0x0000028D7932B880
[2016.04.28-19.31.17:835][179]BlueprintLog: New page: Compile propBG_7
[2016.04.28-19.31.17:942][179]BlueprintEditorCompileResults: Info Event BeginPlay (K2Node_Event_228) had an invalid function signature - it has now been fixed.
[2016.04.28-19.31.17:942][179]BlueprintEditorCompileResults: Info [0690.57] Compile of propBG_7 successful! [in 106 ms]
[2016.04.28-19.31.18:998][223]Cmd: OBJ SAVEPACKAGE PACKAGE="/Game/RunnerAssets/Blueprints/Props/propBG_7" FILE="../../../../../../Users/Johan/Documents/GitHub/Runner/Content/RunnerAssets/Blueprints/Props/propBG_7.uasset" SILENT=true
[2016.04.28-19.31.19:056][223]LogSavePackage: Save=35.232895ms
[2016.04.28-19.31.19:056][223]LogSavePackage: Moving '../../../../../../Users/Johan/Documents/GitHub/Runner/Saved/propBG_73504435E4886908646ACCFAF9E23EBE5.tmp' to '../../../../../../Users/Johan/Documents/GitHub/Runner/Content/RunnerAssets/Blueprints/Props/propBG_7.uasset'
[2016.04.28-19.31.19:059][223]LogSavePackage: Total save time: 59.523333ms
[2016.04.28-19.31.19:059][223]LogSavePackage:Display: Finished SavePackage ../../../../../../Users/Johan/Documents/GitHub/Runner/Content/RunnerAssets/Blueprints/Props/propBG_7.uasset
[2016.04.28-19.32.06:930][579]LogBlueprintUserMessages: Early PlayInEditor Detection: Level '/Game/RunnerAssets/RunnerMap.RunnerMap:PersistentLevel' has LevelScriptBlueprint '/Game/RunnerAssets/RunnerMap.RunnerMap:PersistentLevel.RunnerMap' with GeneratedClass '/Game/RunnerAssets/RunnerMap.RunnerMap_C' with ClassGeneratedBy '/Game/RunnerAssets/RunnerMap.RunnerMap:PersistentLevel.RunnerMap'
[2016.04.28-19.32.06:930][579]LogPlayLevel: PlayLevel: No blueprints needed recompiling
[2016.04.28-19.32.06:930][579]PIE: New page: PIE session: RunnerMap (Apr 28, 2016, 11:32:06 PM)
[2016.04.28-19.32.06:930][579]LogPlayLevel: Creating play world package: /Game/RunnerAssets/UEDPIE_0_RunnerMap
[2016.04.28-19.32.06:965][579]LogPlayLevel: PIE: StaticDuplicateObject took: (0.034348s)
[2016.04.28-19.32.06:966][579]LogAIModule: Creating AISystem for world RunnerMap
[2016.04.28-19.32.06:966][579]LogPlayLevel: PIE: World Init took: (0.001348s)
[2016.04.28-19.32.06:967][579]LogPlayLevel: PIE: Created PIE world by copying editor world from /Game/RunnerAssets/RunnerMap.RunnerMap to /Game/RunnerAssets/UEDPIE_0_RunnerMap.RunnerMap (0.036151s)
[2016.04.28-19.32.07:004][579]LogInit: XAudio2 using 'Speakers (USB Sound Device        )' : 2 channels at 44.1 kHz using 16 bits per sample (channel mask 0x3)
[2016.04.28-19.32.07:011][579]LogInit: FAudioDevice initialized.
[2016.04.28-19.32.07:089][579]LogLinker:Warning: Can't find file '/Game/SideScrollerBP/Blueprints/SideScrollerGameMode'
[2016.04.28-19.32.07:089][579]LogLinker:Warning: Can't find file '/Game/SideScrollerBP/Blueprints/SideScrollerGameMode'
[2016.04.28-19.32.07:089][579]LogUObjectGlobals:Warning: Failed to find object 'Class /Game/SideScrollerBP/Blueprints/SideScrollerGameMode.SideScrollerGameMode_C'
[2016.04.28-19.32.07:089][579]LogWorld: Game class is 'GameMode'
[2016.04.28-19.32.07:097][579]LogWorld: Bringing World /Game/RunnerAssets/UEDPIE_0_RunnerMap.RunnerMap up for play (max tick rate 0) at 2016.04.28-21.32.07
[2016.04.28-19.32.07:097][579]LogActor:Warning: GameSession /Game/RunnerAssets/UEDPIE_0_RunnerMap.RunnerMap:PersistentLevel.GameSession_7 has natively added scene component(s), but none of them were set as the actor's RootComponent - picking one arbitrarily
[2016.04.28-19.32.07:097][579]LogActor:Warning: GameNetworkManager /Game/RunnerAssets/UEDPIE_0_RunnerMap.RunnerMap:PersistentLevel.GameNetworkManager_7 has natively added scene component(s), but none of them were set as the actor's RootComponent - picking one arbitrarily
[2016.04.28-19.32.07:098][579]LogWorld: Bringing up level for play took: 0.007802
[2016.04.28-19.32.07:099][579]LogGameMode: Warning - PATHS NOT DEFINED or NO PLAYERSTART with positive rating
[2016.04.28-19.32.07:121][579]PIE: Info Play in editor start time for /Game/RunnerAssets/UEDPIE_0_RunnerMap 0.964
[2016.04.28-19.32.07:122][579]LogBlueprintUserMessages: Late PlayInEditor Detection: Level '/Game/RunnerAssets/RunnerMap.RunnerMap:PersistentLevel' has LevelScriptBlueprint '/Game/RunnerAssets/RunnerMap.RunnerMap:PersistentLevel.RunnerMap' with GeneratedClass '/Game/RunnerAssets/RunnerMap.RunnerMap_C' with ClassGeneratedBy '/Game/RunnerAssets/RunnerMap.RunnerMap:PersistentLevel.RunnerMap'
[2016.04.28-19.33.12:936][171]LogPackageName: SearchForPackageOnDisk took   0.074s to resolve Death.umap.
[2016.04.28-19.33.13:034][172]LogPackageName: SearchForPackageOnDisk took   0.091s to resolve Death.umap.
[2016.04.28-19.33.13:034][172]LogNet: Browse: /Game/RunnerAssets/Death
[2016.04.28-19.33.13:034][172]LogLoad: LoadMap: /Game/RunnerAssets/Death
[2016.04.28-19.33.13:092][172]LogParticles: Destroying 0 GPU particle simulations for FXSystem 0x0000028D2EC185E0
[2016.04.28-19.33.13:095][172]LogParticles: Destroying 0 GPU particle simulations for FXSystem 0x0000028D83250860
[2016.04.28-19.33.13:106][172]Cmd: MEM
[2016.04.28-19.33.13:138][172]LogMemory: Platform Memory Stats for Windows
[2016.04.28-19.33.13:138][172]LogMemory: Process Physical Memory: 1404.54 MB used, 1526.49 MB peak
[2016.04.28-19.33.13:138][172]LogMemory: Process Virtual Memory: 2163.29 MB used, 2370.63 MB peak
[2016.04.28-19.33.13:138][172]LogMemory: Physical Memory: 5299.17 MB used, 16337.33 MB total
[2016.04.28-19.33.13:138][172]LogMemory: Virtual Memory: 3004.54 MB used, 134217728.00 MB total
[2016.04.28-19.33.13:138][172]LogMemory: 
[2016.04.28-19.33.13:138][172]Allocator Stats for TBB: (not implemented)
[2016.04.28-19.33.13:164][172]LogAIModule: Creating AISystem for world Death
[2016.04.28-19.33.13:164][172]LogLinker:Warning: Can't find file '/Game/SideScrollerBP/Blueprints/SideScrollerGameMode'
[2016.04.28-19.33.13:165][172]LogLinker:Warning: Can't find file '/Game/SideScrollerBP/Blueprints/SideScrollerGameMode'
[2016.04.28-19.33.13:165][172]LogUObjectGlobals:Warning: Failed to find object 'Class /Game/SideScrollerBP/Blueprints/SideScrollerGameMode.SideScrollerGameMode_C'
[2016.04.28-19.33.13:165][172]LogWorld: Game class is 'GameMode'
[2016.04.28-19.33.13:166][172]LogWorld: Bringing World /Game/RunnerAssets/UEDPIE_0_Death.Death up for play (max tick rate 0) at 2016.04.28-21.33.13
[2016.04.28-19.33.13:166][172]LogActor:Warning: GameSession /Game/RunnerAssets/UEDPIE_0_Death.Death:PersistentLevel.GameSession_8 has natively added scene component(s), but none of them were set as the actor's RootComponent - picking one arbitrarily
[2016.04.28-19.33.13:166][172]LogActor:Warning: GameNetworkManager /Game/RunnerAssets/UEDPIE_0_Death.Death:PersistentLevel.GameNetworkManager_8 has natively added scene component(s), but none of them were set as the actor's RootComponent - picking one arbitrarily
[2016.04.28-19.33.13:167][172]LogWorld: Bringing up level for play took: 0.001047
[2016.04.28-19.33.13:167][172]LogGameMode: Warning - PATHS NOT DEFINED or NO PLAYERSTART with positive rating
[2016.04.28-19.34.36:004][304]LogBlueprintUserMessages: Early EndPlayMap Detection: Level '/Game/RunnerAssets/RunnerMap.RunnerMap:PersistentLevel' has LevelScriptBlueprint '/Game/RunnerAssets/RunnerMap.RunnerMap:PersistentLevel.RunnerMap' with GeneratedClass '/Game/RunnerAssets/RunnerMap.RunnerMap_C' with ClassGeneratedBy '/Game/RunnerAssets/RunnerMap.RunnerMap:PersistentLevel.RunnerMap'
[2016.04.28-19.34.36:057][304]LogBlueprintUserMessages: Late EndPlayMap Detection: Level '/Game/RunnerAssets/RunnerMap.RunnerMap:PersistentLevel' has LevelScriptBlueprint '/Game/RunnerAssets/RunnerMap.RunnerMap:PersistentLevel.RunnerMap' with GeneratedClass '/Game/RunnerAssets/RunnerMap.RunnerMap_C' with ClassGeneratedBy '/Game/RunnerAssets/RunnerMap.RunnerMap:PersistentLevel.RunnerMap'
[2016.04.28-19.34.36:086][304]LogParticles: Destroying 0 GPU particle simulations for FXSystem 0x0000028D834FE8E0
[2016.04.28-19.34.42:071][784]Cmd: QUIT_EDITOR
[2016.04.28-19.34.43:010][784]LogWindowsTextInputMethodSystem:Display: IME system now deactivated.
[2016.04.28-19.34.43:010][784]LogWindowsTextInputMethodSystem:Display: IME system now deactivated.
[2016.04.28-19.34.43:084][784]LogExit: Preparing to exit.
[2016.04.28-19.39.44:439][784]LogActorComponent: UnregisterComponent: (None.StaticMeshComponent_67) Not registered. Aborting.
[2016.04.28-19.39.44:572][784]LogExit: Editor shut down
[2016.04.28-19.39.44:572][784]LogExit: Transaction tracking system shut down
[2016.04.28-19.39.44:581][784]LogParticles: Destroying 0 GPU particle simulations for FXSystem 0x0000028D3516BEC0
[2016.04.28-19.39.44:582][784]LogParticles: Destroying 0 GPU particle simulations for FXSystem 0x0000028D3AB22020
[2016.04.28-19.39.44:582][784]LogParticles: Destroying 0 GPU particle simulations for FXSystem 0x0000028D3A9D5A80
[2016.04.28-19.39.44:582][784]LogParticles: Destroying 0 GPU particle simulations for FXSystem 0x0000028D34ADB240
[2016.04.28-19.39.44:582][784]LogParticles: Destroying 0 GPU particle simulations for FXSystem 0x0000028D2E8F9BC0
[2016.04.28-19.39.44:582][784]LogParticles: Destroying 0 GPU particle simulations for FXSystem 0x0000028D2E8FACA0
[2016.04.28-19.39.44:582][784]LogParticles: Destroying 0 GPU particle simulations for FXSystem 0x0000028D2E8F8EA0
[2016.04.28-19.39.44:582][784]LogParticles: Destroying 0 GPU particle simulations for FXSystem 0x0000028D19256520
[2016.04.28-19.39.45:706][784]LogExit: Object subsystem successfully closed.
[2016.04.28-19.39.45:731][784]LogD3D11RHI: Shutdown
[2016.04.28-19.39.45:731][784]LogD3D11RHI: CleanupD3DDevice
[2016.04.28-19.39.46:027][784]LogD3D11RHI: ~FD3D11DynamicRHI
[2016.04.28-19.39.46:578][784]LogModuleManager: Shutting down and abandoning module CookingStats (200)
[2016.04.28-19.39.46:578][784]LogModuleManager: Shutting down and abandoning module BlueprintGraph (199)
[2016.04.28-19.39.46:578][784]LogModuleManager: Shutting down and abandoning module CrashTracker (198)
[2016.04.28-19.39.46:578][784]LogModuleManager: Shutting down and abandoning module SceneOutliner (197)
[2016.04.28-19.39.46:578][784]LogModuleManager: Shutting down and abandoning module SuperSearch (196)
[2016.04.28-19.39.46:578][784]LogModuleManager: Shutting down and abandoning module WidgetCarousel (195)
[2016.04.28-19.39.46:578][784]LogModuleManager: Shutting down and abandoning module AddContentDialog (194)
[2016.04.28-19.39.46:580][784]LogModuleManager: Shutting down and abandoning module EditorWidgets (193)
[2016.04.28-19.39.46:580][784]LogModuleManager: Shutting down and abandoning module CollectionManager (192)
[2016.04.28-19.39.46:592][784]LogModuleManager: Shutting down and abandoning module StatsViewer (191)
[2016.04.28-19.39.46:592][784]LogModuleManager: Shutting down and abandoning module FoliageEdit (190)
[2016.04.28-19.39.46:592][784]LogModuleManager: Shutting down and abandoning module LandscapeEditor (189)
[2016.04.28-19.39.46:632][784]LogModuleManager: Shutting down and abandoning module ActorPickerMode (188)
[2016.04.28-19.39.46:632][784]LogModuleManager: Shutting down and abandoning module GeometryMode (187)
[2016.04.28-19.39.46:632][784]LogModuleManager: Shutting down and abandoning module TextureAlignMode (186)
[2016.04.28-19.39.46:632][784]LogModuleManager: Shutting down and abandoning module BspMode (185)
[2016.04.28-19.39.46:632][784]LogModuleManager: Shutting down and abandoning module PlacementMode (184)
[2016.04.28-19.39.46:632][784]LogModuleManager: Shutting down and abandoning module AutomationWorker (183)
[2016.04.28-19.39.46:632][784]LogModuleManager: Shutting down and abandoning module CharacterAI (182)
[2016.04.28-19.39.46:632][784]LogModuleManager: Shutting down and abandoning module SmartSnapping (181)
[2016.04.28-19.39.46:632][784]LogModuleManager: Shutting down and abandoning module ViewportSnapping (180)
[2016.04.28-19.39.46:632][784]LogModuleManager: Shutting down and abandoning module LogVisualizer (179)
[2016.04.28-19.39.46:633][784]LogModuleManager: Shutting down and abandoning module GameProjectGeneration (178)
[2016.04.28-19.39.46:680][784]LogModuleManager: Shutting down and abandoning module IntroTutorials (177)
[2016.04.28-19.39.46:681][784]LogModuleManager: Shutting down and abandoning module EditorLiveStreaming (176)
[2016.04.28-19.39.46:681][784]LogModuleManager: Shutting down and abandoning module IOSPlatformEditor (175)
[2016.04.28-19.39.46:702][784]LogModuleManager: Shutting down and abandoning module HTML5PlatformEditor (174)
[2016.04.28-19.39.46:702][784]LogModuleManager: Shutting down and abandoning module AndroidDeviceDetection (173)
[2016.04.28-19.39.47:003][784]LogModuleManager: Shutting down and abandoning module AndroidPlatformEditor (172)
[2016.04.28-19.39.47:003][784]LogModuleManager: Shutting down and abandoning module IOSRuntimeSettings (171)
[2016.04.28-19.39.47:003][784]LogModuleManager: Shutting down and abandoning module AndroidRuntimeSettings (170)
[2016.04.28-19.39.47:003][784]LogModuleManager: Shutting down and abandoning module MergeActors (169)
[2016.04.28-19.39.47:003][784]LogModuleManager: Shutting down and abandoning module SizeMap (168)
[2016.04.28-19.39.47:003][784]LogModuleManager: Shutting down and abandoning module TreeMap (167)
[2016.04.28-19.39.47:019][784]LogModuleManager: Shutting down and abandoning module ReferenceViewer (166)
[2016.04.28-19.39.47:019][784]LogModuleManager: Shutting down and abandoning module LocalizationService (165)
[2016.04.28-19.39.47:019][784]LogModuleManager: Shutting down and abandoning module LocalizationDashboard (164)
[2016.04.28-19.39.47:068][784]LogModuleManager: Shutting down and abandoning module HardwareTargeting (163)
[2016.04.28-19.39.47:068][784]LogModuleManager: Shutting down and abandoning module DeviceProfileEditor (162)
[2016.04.28-19.39.47:068][784]LogModuleManager: Shutting down and abandoning module UndoHistory (161)
[2016.04.28-19.39.47:089][784]LogModuleManager: Shutting down and abandoning module GameplayTagsEditor (160)
[2016.04.28-19.39.47:089][784]LogModuleManager: Shutting down and abandoning module UserFeedback (159)
[2016.04.28-19.39.47:089][784]LogModuleManager: Shutting down and abandoning module XmlParser (158)
[2016.04.28-19.39.47:089][784]LogModuleManager: Shutting down and abandoning module Blutility (157)
[2016.04.28-19.39.47:089][784]LogModuleManager: Shutting down and abandoning module ProjectTargetPlatformEditor (156)
[2016.04.28-19.39.47:089][784]LogModuleManager: Shutting down and abandoning module ProjectSettingsViewer (155)
[2016.04.28-19.39.47:089][784]LogModuleManager: Shutting down and abandoning module InputBindingEditor (154)
[2016.04.28-19.39.47:096][784]LogModuleManager: Shutting down and abandoning module EditorSettingsViewer (153)
[2016.04.28-19.39.47:096][784]LogModuleManager: Shutting down and abandoning module SettingsEditor (152)
[2016.04.28-19.39.47:096][784]LogModuleManager: Shutting down and abandoning module ProjectLauncher (151)
[2016.04.28-19.39.47:117][784]LogModuleManager: Shutting down and abandoning module SessionFrontend (150)
[2016.04.28-19.39.47:117][784]LogModuleManager: Shutting down and abandoning module ProfilerClient (149)
[2016.04.28-19.39.47:160][784]LogModuleManager: Shutting down and abandoning module TargetDeviceServices (148)
[2016.04.28-19.39.47:160][784]LogModuleManager: Shutting down and abandoning module DeviceManager (147)
[2016.04.28-19.39.47:160][784]LogModuleManager: Shutting down and abandoning module AutomationController (146)
[2016.04.28-19.39.47:175][784]LogModuleManager: Shutting down and abandoning module AutomationWindow (145)
[2016.04.28-19.39.47:205][784]LogModuleManager: Shutting down and abandoning module Layers (144)
[2016.04.28-19.39.47:260][784]LogModuleManager: Shutting down and abandoning module ComponentVisualizers (143)
[2016.04.28-19.39.47:260][784]LogModuleManager: Shutting down and abandoning module DetailCustomizations (142)
[2016.04.28-19.39.47:260][784]LogModuleManager: Shutting down and abandoning module PackagesDialog (141)
[2016.04.28-19.39.47:260][784]LogModuleManager: Shutting down and abandoning module Persona (140)
[2016.04.28-19.39.47:311][784]LogModuleManager: Shutting down and abandoning module Kismet (139)
[2016.04.28-19.39.47:311][784]LogModuleManager: Shutting down and abandoning module GraphEditor (138)
[2016.04.28-19.39.47:312][784]LogModuleManager: Shutting down and abandoning module ClassViewer (137)
[2016.04.28-19.39.47:312][784]LogModuleManager: Shutting down and abandoning module Toolbox (136)
[2016.04.28-19.39.47:312][784]LogModuleManager: Shutting down and abandoning module ModuleUI (135)
[2016.04.28-19.39.47:357][784]LogModuleManager: Shutting down and abandoning module MovieSceneTools (134)
[2016.04.28-19.39.47:381][784]LogModuleManager: Shutting down and abandoning module OutputLog (133)
[2016.04.28-19.39.47:381][784]LogModuleManager: Shutting down and abandoning module GammaUI (132)
[2016.04.28-19.39.47:381][784]LogModuleManager: Shutting down and abandoning module Documentation (131)
[2016.04.28-19.39.47:381][784]LogModuleManager: Shutting down and abandoning module GameLiveStreaming (130)
[2016.04.28-19.39.47:381][784]LogModuleManager: Shutting down and abandoning module StreamingPauseRendering (129)
[2016.04.28-19.39.47:381][784]LogModuleManager: Shutting down and abandoning module AnalyticsET (128)
[2016.04.28-19.39.47:381][784]LogModuleManager: Shutting down and abandoning module Analytics (127)
[2016.04.28-19.39.47:381][784]LogModuleManager: Shutting down and abandoning module AITestSuite (126)
[2016.04.28-19.39.47:382][784]LogModuleManager: Shutting down and abandoning module GameplayDebugger (125)
[2016.04.28-19.39.47:382][784]LogModuleManager: Shutting down and abandoning module AIModule (124)
[2016.04.28-19.39.47:382][784]LogModuleManager: Shutting down and abandoning module ProfilerService (123)
[2016.04.28-19.39.47:426][784]LogModuleManager: Shutting down and abandoning module TaskGraph (122)
[2016.04.28-19.39.47:454][784]LogModuleManager: Shutting down and abandoning module SlateRemote (121)
[2016.04.28-19.39.47:454][784]LogModuleManager: Shutting down and abandoning module SteamVRController (120)
[2016.04.28-19.39.47:454][784]LogModuleManager: Shutting down and abandoning module SteamVR (119)
[2016.04.28-19.39.47:454][784]LogModuleManager: Shutting down and abandoning module ProceduralMeshComponent (118)
[2016.04.28-19.39.47:454][784]LogModuleManager: Shutting down and abandoning module OculusLibrary (117)
[2016.04.28-19.39.47:454][784]LogModuleManager: Shutting down and abandoning module OculusInput (116)
[2016.04.28-19.39.47:454][784]LogModuleManager: Shutting down and abandoning module LeapMotionController (115)
[2016.04.28-19.39.47:480][784]LogModuleManager: Shutting down and abandoning module CustomMeshComponent (114)
[2016.04.28-19.39.47:480][784]LogModuleManager: Shutting down and abandoning module CableComponent (113)
[2016.04.28-19.39.47:501][784]LogModuleManager: Shutting down and abandoning module ArchVisCharacter (112)
[2016.04.28-19.39.47:501][784]LogModuleManager: Shutting down and abandoning module MessagingDebugger (111)
[2016.04.28-19.39.47:502][784]LogModuleManager: Shutting down and abandoning module MediaPlayerEditor (110)
[2016.04.28-19.39.47:502][784]LogModuleManager: Shutting down and abandoning module HTML5Networking (109)
[2016.04.28-19.39.47:502][784]LogModuleManager: Shutting down and abandoning module SpeedTreeImporter (108)
[2016.04.28-19.39.47:502][784]LogModuleManager: Shutting down and abandoning module PluginBrowser (107)
[2016.04.28-19.39.47:502][784]LogModuleManager: Shutting down and abandoning module EpicSurvey (106)
[2016.04.28-19.39.47:502][784]LogModuleManager: Shutting down and abandoning module DesktopPlatform (105)
[2016.04.28-19.39.47:534][784]LogModuleManager: Shutting down and abandoning module VisualStudioSourceCodeAccess (104)
[2016.04.28-19.39.47:534][784]LogModuleManager: Shutting down and abandoning module UObjectPlugin (103)
[2016.04.28-19.39.47:534][784]LogModuleManager: Shutting down and abandoning module SubversionSourceControl (102)
[2016.04.28-19.39.47:534][784]LogModuleManager: Shutting down and abandoning module PerforceSourceControl (101)
[2016.04.28-19.39.47:534][784]LogModuleManager: Shutting down and abandoning module SourceControl (100)
[2016.04.28-19.39.47:535][784]LogModuleManager: Shutting down and abandoning module GitSourceControl (99)
[2016.04.28-19.39.47:535][784]LogModuleManager: Shutting down and abandoning module LightPropagationVolumeEditor (98)
[2016.04.28-19.39.47:535][784]LogModuleManager: Shutting down and abandoning module PaperTiledImporter (97)
[2016.04.28-19.39.47:554][784]LogModuleManager: Shutting down and abandoning module PaperSpriteSheetImporter (96)
[2016.04.28-19.39.47:554][784]LogModuleManager: Shutting down and abandoning module MeshPaint (95)
[2016.04.28-19.39.47:554][784]LogModuleManager: Shutting down and abandoning module SlateReflector (94)
[2016.04.28-19.39.47:561][784]LogModuleManager: Shutting down and abandoning module HotReload (93)
[2016.04.28-19.39.47:561][784]LogModuleManager: Shutting down and abandoning module MainFrame (92)
[2016.04.28-19.39.47:561][784]LogModuleManager: Shutting down and abandoning module LevelEditor (91)
[2016.04.28-19.39.47:563][784]LogModuleManager: Shutting down and abandoning module DirectoryWatcher (90)
[2016.04.28-19.39.47:564][784]LogModuleManager: Shutting down and abandoning module AssetRegistry (89)
[2016.04.28-19.39.47:626][784]LogModuleManager: Shutting down and abandoning module ContentBrowser (88)
[2016.04.28-19.39.47:627][784]LogModuleManager: Shutting down and abandoning module Paper2DEditor (87)
[2016.04.28-19.39.47:627][784]LogModuleManager: Shutting down and abandoning module UdpMessaging (86)
[2016.04.28-19.39.47:728][784]LogModuleManager: Shutting down and abandoning module LightPropagationVolumeRuntime (85)
[2016.04.28-19.39.47:728][784]LogModuleManager: Shutting down and abandoning module Paper2D (84)
[2016.04.28-19.39.47:728][784]LogModuleManager: Shutting down and abandoning module WindowsMoviePlayer (83)
[2016.04.28-19.39.47:733][784]LogModuleManager: Shutting down and abandoning module Media (82)
[2016.04.28-19.39.47:733][784]LogModuleManager: Shutting down and abandoning module WmfMedia (81)
[2016.04.28-19.39.47:733][784]LogModuleManager: Shutting down and abandoning module OnlineBlueprintSupport (80)
[2016.04.28-19.39.47:733][784]LogModuleManager: Shutting down and abandoning module GameplayTasksEditor (79)
[2016.04.28-19.39.47:733][784]LogModuleManager: Shutting down and abandoning module PropertyEditor (78)
[2016.04.28-19.39.47:733][784]LogModuleManager: Shutting down and abandoning module BehaviorTreeEditor (77)
[2016.04.28-19.39.47:756][784]LogModuleManager: Shutting down and abandoning module FunctionalTesting (76)
[2016.04.28-19.39.47:756][784]LogModuleManager: Shutting down and abandoning module CollisionAnalyzer (75)
[2016.04.28-19.39.47:756][784]LogModuleManager: Shutting down and abandoning module WorkspaceMenuStructure (74)
[2016.04.28-19.39.47:756][784]LogModuleManager: Shutting down and abandoning module MessageLog (73)
[2016.04.28-19.39.47:756][784]LogModuleManager: Shutting down and abandoning module Sequencer (72)
[2016.04.28-19.39.47:756][784]LogModuleManager: Shutting down and abandoning module AssetTools (71)
[2016.04.28-19.39.47:768][784]LogModuleManager: Shutting down and abandoning module UMGEditor (70)
[2016.04.28-19.39.47:768][784]LogModuleManager: Shutting down and abandoning module UMG (69)
[2016.04.28-19.39.47:768][784]LogModuleManager: Shutting down and abandoning module Slate (68)
[2016.04.28-19.39.47:768][784]LogModuleManager: Shutting down and abandoning module EditorStyle (67)
[2016.04.28-19.39.47:772][784]LogModuleManager: Shutting down and abandoning module SessionServices (66)
[2016.04.28-19.39.47:772][784]LogModuleManager: Shutting down and abandoning module SourceCodeAccess (65)
[2016.04.28-19.39.47:772][784]LogModuleManager: Shutting down and abandoning module HeadMountedDisplay (64)
[2016.04.28-19.39.47:772][784]LogModuleManager: Shutting down and abandoning module XAudio2 (63)
[2016.04.28-19.39.47:772][784]LogModuleManager: Shutting down and abandoning module Networking (61)
[2016.04.28-19.39.47:772][784]LogModuleManager: Shutting down and abandoning module Core (60)
[2016.04.28-19.39.47:772][784]LogModuleManager: Shutting down and abandoning module KismetCompiler (59)
[2016.04.28-19.39.47:772][784]LogModuleManager: Shutting down and abandoning module PhysXFormats (58)
[2016.04.28-19.39.47:772][784]LogModuleManager: Shutting down and abandoning module MeshUtilities (57)
[2016.04.28-19.39.47:772][784]LogModuleManager: Shutting down and abandoning module DerivedDataCache (56)
[2016.04.28-19.39.47:808][784]LogDerivedDataCache: Shutdown
[2016.04.28-19.39.47:808][784]LogModuleManager: Shutting down and abandoning module ShaderFormatOpenGL (55)
[2016.04.28-19.39.47:847][784]LogModuleManager: Shutting down and abandoning module ShaderFormatD3D (54)
[2016.04.28-19.39.47:847][784]LogModuleManager: Shutting down and abandoning module MetalShaderFormat (53)
[2016.04.28-19.39.47:877][784]LogModuleManager: Shutting down and abandoning module TextureFormatUncompressed (52)
[2016.04.28-19.39.47:877][784]LogModuleManager: Shutting down and abandoning module TextureFormatPVR (51)
[2016.04.28-19.39.47:877][784]LogModuleManager: Shutting down and abandoning module TextureFormatIntelISPCTexComp (50)
[2016.04.28-19.39.47:877][784]LogModuleManager: Shutting down and abandoning module TextureFormatDXT (49)
[2016.04.28-19.39.47:877][784]LogModuleManager: Shutting down and abandoning module ImageWrapper (48)
[2016.04.28-19.39.47:877][784]LogModuleManager: Shutting down and abandoning module TextureFormatASTC (47)
[2016.04.28-19.39.47:877][784]LogModuleManager: Shutting down and abandoning module TextureFormatAndroid (46)
[2016.04.28-19.39.47:877][784]LogModuleManager: Shutting down and abandoning module AudioFormatOpus (45)
[2016.04.28-19.39.47:892][784]LogModuleManager: Shutting down and abandoning module AudioFormatOgg (44)
[2016.04.28-19.39.47:892][784]LogModuleManager: Shutting down and abandoning module AudioFormatADPCM (43)
[2016.04.28-19.39.47:892][784]LogModuleManager: Shutting down and abandoning module LinuxTargetPlatform (42)
[2016.04.28-19.39.47:892][784]LogModuleManager: Shutting down and abandoning module LinuxServerTargetPlatform (41)
[2016.04.28-19.39.47:892][784]LogModuleManager: Shutting down and abandoning module LinuxNoEditorTargetPlatform (40)
[2016.04.28-19.39.47:892][784]LogModuleManager: Shutting down and abandoning module Messaging (39)
[2016.04.28-19.39.47:892][784]LogModuleManager: Shutting down and abandoning module IOSTargetPlatform (38)
[2016.04.28-19.39.47:892][784]LogModuleManager: Shutting down and abandoning module HTML5TargetPlatform (37)
[2016.04.28-19.39.47:892][784]LogModuleManager: Shutting down and abandoning module Android_PVRTCTargetPlatform (36)
[2016.04.28-19.39.47:892][784]LogModuleManager: Shutting down and abandoning module Android_MultiTargetPlatform (35)
[2016.04.28-19.39.47:892][784]LogModuleManager: Shutting down and abandoning module Android_ETC2TargetPlatform (34)
[2016.04.28-19.39.47:892][784]LogModuleManager: Shutting down and abandoning module Android_ETC1TargetPlatform (33)
[2016.04.28-19.39.47:892][784]LogModuleManager: Shutting down and abandoning module Android_DXTTargetPlatform (32)
[2016.04.28-19.39.47:892][784]LogModuleManager: Shutting down and abandoning module Android_ATCTargetPlatform (31)
[2016.04.28-19.39.47:892][784]LogModuleManager: Shutting down and abandoning module Android_ASTCTargetPlatform (30)
[2016.04.28-19.39.47:892][784]LogModuleManager: Shutting down and abandoning module AndroidTargetPlatform (29)
[2016.04.28-19.39.47:892][784]LogModuleManager: Shutting down and abandoning module WindowsTargetPlatform (28)
[2016.04.28-19.39.47:892][784]LogModuleManager: Shutting down and abandoning module WindowsServerTargetPlatform (27)
[2016.04.28-19.39.47:892][784]LogModuleManager: Shutting down and abandoning module WindowsNoEditorTargetPlatform (26)
[2016.04.28-19.39.47:892][784]LogModuleManager: Shutting down and abandoning module WindowsClientTargetPlatform (25)
[2016.04.28-19.39.47:892][784]LogModuleManager: Shutting down and abandoning module AllDesktopTargetPlatform (24)
[2016.04.28-19.39.47:892][784]LogModuleManager: Shutting down and abandoning module TargetPlatform (23)
[2016.04.28-19.39.47:892][784]LogModuleManager: Shutting down and abandoning module InputCore (22)
[2016.04.28-19.39.47:892][784]LogModuleManager: Shutting down and abandoning module Settings (21)
[2016.04.28-19.39.47:892][784]LogModuleManager: Shutting down and abandoning module OnlineSubsystem (19)
[2016.04.28-19.39.47:892][784]LogModuleManager: Shutting down and abandoning module HTTP (18)
[2016.04.28-19.39.49:894][784]LogModuleManager: Shutting down and abandoning module XMPP (17)
[2016.04.28-19.39.49:931][784]LogModuleManager: Shutting down and abandoning module OculusRift (16)
[2016.04.28-19.39.49:931][784]LogModuleManager: Shutting down and abandoning module ExampleDeviceProfileSelector (15)
[2016.04.28-19.39.49:931][784]LogModuleManager: Shutting down and abandoning module TextureCompressor (14)
[2016.04.28-19.39.49:931][784]LogModuleManager: Shutting down and abandoning module ShaderCore (13)
[2016.04.28-19.39.49:931][784]LogModuleManager: Shutting down and abandoning module Landscape (12)
[2016.04.28-19.39.49:931][784]LogModuleManager: Shutting down and abandoning module SlateRHIRenderer (11)
[2016.04.28-19.39.49:980][784]LogModuleManager: Shutting down and abandoning module OpenGLDrv (10)
[2016.04.28-19.39.50:006][784]LogModuleManager: Shutting down and abandoning module D3D11RHI (9)
[2016.04.28-19.39.50:006][784]LogModuleManager: Shutting down and abandoning module AnimGraphRuntime (8)
[2016.04.28-19.39.50:006][784]LogModuleManager: Shutting down and abandoning module Renderer (7)
[2016.04.28-19.39.50:006][784]LogModuleManager: Shutting down and abandoning module Engine (6)
[2016.04.28-19.39.50:006][784]LogModuleManager: Shutting down and abandoning module CoreUObject (5)
[2016.04.28-19.39.50:006][784]LogModuleManager: Shutting down and abandoning module NetworkFile (4)
[2016.04.28-19.39.50:022][784]LogModuleManager: Shutting down and abandoning module StreamingFile (3)
[2016.04.28-19.39.50:022][784]LogModuleManager: Shutting down and abandoning module SandboxFile (2)
[2016.04.28-19.39.50:022][784]LogModuleManager: Shutting down and abandoning module PakFile (1)
[2016.04.28-19.39.50:036][784]LogExit: Exiting.
[2016.04.28-19.39.50:081][784]Log file closed, 04/28/16 21:39:50
