[2016.02.13-15.38.50:421][  0]Log file open, 02/13/16 16:38:50
[2016.02.13-15.38.50:421][  0]LogInit:Display: Running engine for game: Runner
[2016.02.13-15.38.50:421][  0]LogPlatformFile: Not using cached read wrapper
[2016.02.13-15.38.50:421][  0]LogInit:Display: RandInit(509712471) SRandInit(509712473).
[2016.02.13-15.38.50:421][  0]LogTaskGraph: Started task graph with 4 named threads and 7 total threads.
[2016.02.13-15.38.50:421][  0]LogStats: Stats thread started at 0.081468
[2016.02.13-15.38.50:421][  0]LogInit: Version: 4.10.2-2818068+++depot+UE4-Releases+4.10
[2016.02.13-15.38.50:421][  0]LogInit: API Version: 2758231
[2016.02.13-15.38.50:421][  0]LogInit: Compiled (64-bit): Jan  6 2016 17:36:42
[2016.02.13-15.38.50:421][  0]LogInit: Compiled with Visual C++: 19.00.23026.00
[2016.02.13-15.38.50:421][  0]LogInit: Build Configuration: Development
[2016.02.13-15.38.50:421][  0]LogInit: Branch Name: ++depot+UE4-Releases+4.10
[2016.02.13-15.38.50:421][  0]LogInit: Command line:  /Temp/Autosaves/Game/RunnerAssets/UEDPCRunnerMap -game -PIEVIACONSOLE -ResX=1280 -ResY=720  -Multiprocess 
[2016.02.13-15.38.50:421][  0]LogInit: Base directory: C:/Program Files/Epic Games/4.10/Engine/Binaries/Win64/
[2016.02.13-15.38.50:421][  0]LogInit: Rocket: 1
[2016.02.13-15.38.50:429][  0]LogInit: Using libcurl 7.41.0
[2016.02.13-15.38.50:429][  0]LogInit:  - built for x86_64-pc-win32
[2016.02.13-15.38.50:429][  0]LogInit:  - supports SSL with WinSSL
[2016.02.13-15.38.50:429][  0]LogInit:  - other features:
[2016.02.13-15.38.50:429][  0]LogInit:      CURL_VERSION_SSL
[2016.02.13-15.38.50:429][  0]LogInit:      CURL_VERSION_IPV6
[2016.02.13-15.38.50:429][  0]LogInit:      CURL_VERSION_ASYNCHDNS
[2016.02.13-15.38.50:429][  0]LogInit:      CURL_VERSION_LARGEFILE
[2016.02.13-15.38.50:429][  0]LogInit:      CURL_VERSION_IDN
[2016.02.13-15.38.50:429][  0]LogInit:  CurlRequestOptions (configurable via config and command line):
[2016.02.13-15.38.50:429][  0]LogInit:  - bVerifyPeer = true  - Libcurl will verify peer certificate
[2016.02.13-15.38.50:429][  0]LogInit:  - bUseHttpProxy = false  - Libcurl will NOT use HTTP proxy
[2016.02.13-15.38.50:429][  0]LogInit:  - bDontReuseConnections = false  - Libcurl will reuse connections
[2016.02.13-15.38.50:429][  0]LogInit:  - CertBundlePath = nullptr  - Libcurl will use whatever was configured at build time.
[2016.02.13-15.38.50:438][  0]LogInit: Presizing for 0 objects not considered by GC, pre-allocating 0 bytes.
[2016.02.13-15.38.50:446][  0]LogInit: Object subsystem initialized
[2016.02.13-15.38.50:447][  0]LogInit: Selected Device Profile: [Windows]
[2016.02.13-15.38.50:447][  0]LogInit: Applying CVar settings loaded from the selected device profile: [Windows]
[2016.02.13-15.38.50:449][  0]LogInit: Computer: JOHANS_MONSTER
[2016.02.13-15.38.50:449][  0]LogInit: User: Johan
[2016.02.13-15.38.50:449][  0]LogInit: CPU Page size=4096, Cores=4
[2016.02.13-15.38.50:449][  0]LogInit: High frequency timer resolution =3.312790 MHz
[2016.02.13-15.38.50:449][  0]LogMemory: Memory total: Physical=16.0GB (16GB approx)
[2016.02.13-15.38.50:449][  0]LogMemory: Platform Memory Stats for Windows
[2016.02.13-15.38.50:449][  0]LogMemory: Process Physical Memory: 56.46 MB used, 56.46 MB peak
[2016.02.13-15.38.50:449][  0]LogMemory: Process Virtual Memory: 56.83 MB used, 56.83 MB peak
[2016.02.13-15.38.50:449][  0]LogMemory: Physical Memory: 4035.12 MB used, 16337.33 MB total
[2016.02.13-15.38.50:449][  0]LogMemory: Virtual Memory: 383.71 MB used, 134217728.00 MB total
[2016.02.13-15.38.50:485][  0]LogTextLocalizationManager: No translations for ('sv-SE') exist, falling back to 'en' for localization and internationalization data.
[2016.02.13-15.38.50:855][  0]LogD3D11RHI: Found D3D11 adapter 0: NVIDIA GeForce GTX 560 SE (Feature Level 11_0)
[2016.02.13-15.38.50:855][  0]LogD3D11RHI: Adapter has 977MB of dedicated video memory, 0MB of dedicated system memory, and 8168MB of shared system memory, 1 output[s]
[2016.02.13-15.38.50:857][  0]LogD3D11RHI: Found D3D11 adapter 1: Microsoft Basic Render Driver (Feature Level 11_0)
[2016.02.13-15.38.50:857][  0]LogD3D11RHI: Adapter has 0MB of dedicated video memory, 0MB of dedicated system memory, and 8168MB of shared system memory, 0 output[s]
[2016.02.13-15.38.50:857][  0]LogD3D11RHI: Chosen D3D11 Adapter Id = 0
[2016.02.13-15.38.50:860][  0]LogD3D11RHI: !Direct3DDevice
[2016.02.13-15.38.50:860][  0]LogRHI: Texture pool is 684 MB (70% of 977 MB)
[2016.02.13-15.38.50:872][  0]LogD3D11RHI: Async texture creation enabled
[2016.02.13-15.38.50:887][  0]LogShaderCompilers: Guid format shader working directory is -7 characters bigger than the processId version (../../../../../../Users/Johan/Documents/GitHub/Runner/Intermediate/Shaders/WorkingDirectory/5940/).
[2016.02.13-15.38.50:887][  0]LogShaderCompilers: Cleaned the shader compiler working directory 'C:/Users/Johan/AppData/Local/Temp/UnrealShaderWorkingDir/0EC738994C28FC0F67A70A8D45B608EE/'.
[2016.02.13-15.38.50:887][  0]LogShaderCompilers:Display: Using Local Shader Compiler.
[2016.02.13-15.38.51:638][  0]LogTemp:Display: Loaded TP AllDesktopTargetPlatform
[2016.02.13-15.38.51:643][  0]LogTemp:Display: Loaded TP WindowsClientTargetPlatform
[2016.02.13-15.38.51:648][  0]LogTemp:Display: Loaded TP WindowsNoEditorTargetPlatform
[2016.02.13-15.38.51:653][  0]LogTemp:Display: Loaded TP WindowsServerTargetPlatform
[2016.02.13-15.38.51:657][  0]LogTemp:Display: Loaded TP WindowsTargetPlatform
[2016.02.13-15.38.51:660][  0]LogTemp:Display: Loaded TP AndroidTargetPlatform
[2016.02.13-15.38.51:663][  0]LogTemp:Display: Loaded TP Android_ASTCTargetPlatform
[2016.02.13-15.38.51:666][  0]LogTemp:Display: Loaded TP Android_ATCTargetPlatform
[2016.02.13-15.38.51:669][  0]LogTemp:Display: Loaded TP Android_DXTTargetPlatform
[2016.02.13-15.38.51:671][  0]LogTemp:Display: Loaded TP Android_ETC1TargetPlatform
[2016.02.13-15.38.51:674][  0]LogTemp:Display: Loaded TP Android_ETC2TargetPlatform
[2016.02.13-15.38.51:680][  0]LogTemp:Display: Loaded TP Android_MultiTargetPlatform
[2016.02.13-15.38.51:680][  0]LogTemp:Display: Loaded TP Android_PVRTCTargetPlatform
[2016.02.13-15.38.51:681][  0]LogTemp:Display: Loaded TP HTML5TargetPlatform
[2016.02.13-15.38.51:697][  0]LogTemp:Display: Loaded TP IOSTargetPlatform
[2016.02.13-15.38.51:699][  0]LogTemp:Display: Loaded TP LinuxNoEditorTargetPlatform
[2016.02.13-15.38.51:702][  0]LogTemp:Display: Loaded TP LinuxServerTargetPlatform
[2016.02.13-15.38.51:705][  0]LogTemp:Display: Loaded TP LinuxTargetPlatform
[2016.02.13-15.38.51:705][  0]LogTargetPlatformManager:Display: Building Assets For Windows
[2016.02.13-15.38.51:794][  0]LogDerivedDataCache:Display: Max Cache Size: 512 MB
[2016.02.13-15.38.51:836][  0]LogDerivedDataCache: Loaded boot cache 0.04s 41MB C:/Users/Johan/AppData/Local/UnrealEngine/4.10/DerivedDataCache/Boot.ddc.
[2016.02.13-15.38.51:836][  0]LogDerivedDataCache:Display: Loaded Boot cache: C:/Users/Johan/AppData/Local/UnrealEngine/4.10/DerivedDataCache/Boot.ddc
[2016.02.13-15.38.51:837][  0]LogDerivedDataCache: FDerivedDataBackendGraph:  Pak pak cache file ../../../../../../Users/Johan/Documents/GitHub/Runner/DerivedDataCache/DDC.ddp not found, will not use a pak cache.
[2016.02.13-15.38.51:837][  0]LogDerivedDataCache: Unable to find inner node Pak for hierarchical cache Hierarchy.
[2016.02.13-15.38.51:837][  0]LogDerivedDataCache: FDerivedDataBackendGraph:  CompressedPak pak cache file ../../../../../../Users/Johan/Documents/GitHub/Runner/DerivedDataCache/Compressed.ddp not found, will not use a pak cache.
[2016.02.13-15.38.51:837][  0]LogDerivedDataCache: Unable to find inner node CompressedPak for hierarchical cache Hierarchy.
[2016.02.13-15.38.51:901][  0]LogDerivedDataCache:Display: Pak cache opened for reading ../../../Engine/DerivedDataCache/Compressed.ddp.
[2016.02.13-15.38.51:913][  0]LogDerivedDataCache: Using Local data cache path C:/Users/Johan/AppData/Local/UnrealEngine/Common/DerivedDataCache: Writable
[2016.02.13-15.38.52:087][  0]LogInit: Selected Device Profile: [Windows]
[2016.02.13-15.38.52:090][  0]LogContentStreaming: Texture pool size is 1000.000000MB
[2016.02.13-15.38.52:188][  0]LogMeshUtilities: No automatic mesh reduction module available
[2016.02.13-15.38.52:188][  0]LogMeshUtilities: No automatic mesh merging module available
[2016.02.13-15.38.52:362][  0]LogInit: WinSock: version 1.1 (2.2), MaxSocks=32767, MaxUdp=65467
[2016.02.13-15.38.52:561][  0]LogWindowsMoviePlayer: Unable to load movie: ../../../../../../Users/Johan/Documents/GitHub/Runner/Content/Movies/Default_Startup.mp4
[2016.02.13-15.38.52:662][  0]SourceControl: Info Source control is disabled
[2016.02.13-15.38.52:662][  0]SourceControl: Info Source control is disabled
[2016.02.13-15.38.52:675][  0]SourceControl: Info Source control is disabled
[2016.02.13-15.38.52:868][  0]LogObj: 27935 objects as part of root set at end of initial load.
[2016.02.13-15.38.52:868][  0]LogUObjectAllocator: 5830064 out of 0 bytes used by permanent object pool.
[2016.02.13-15.38.52:919][  0]LogEngine: Initializing Engine...
[2016.02.13-15.38.52:922][  0]LogHMD: Can't find Oculus library dev build: is proper Runtime installed? Version: 0.8.0.0
[2016.02.13-15.38.52:922][  0]LogHMD: SteamVR failed to initialize.  Err: 110
[2016.02.13-15.38.53:020][  0]LogInit: XAudio2 using 'Speakers (Realtek High Definition Audio)' : 2 channels at 48 kHz using 32 bits per sample (channel mask 0x3)
[2016.02.13-15.38.53:033][  0]LogInit: FAudioDevice initialized.
[2016.02.13-15.38.53:038][  0]LogInit: Texture streaming: Enabled
[2016.02.13-15.38.53:184][  0]LogNet: Browse: /Temp/Autosaves/Game/RunnerAssets/UEDPCRunnerMap?Name=Player
[2016.02.13-15.38.53:184][  0]LogLoad: LoadMap: /Temp/Autosaves/Game/RunnerAssets/UEDPCRunnerMap?Name=Player
[2016.02.13-15.38.53:214][  0]LogParticles: Destroying 0 GPU particle simulations for FXSystem 0x000001913A3E6C00
[2016.02.13-15.38.53:224][  0]LogMemory: Platform Memory Stats for Windows
[2016.02.13-15.38.53:224][  0]LogMemory: Process Physical Memory: 398.77 MB used, 398.77 MB peak
[2016.02.13-15.38.53:224][  0]LogMemory: Process Virtual Memory: 451.03 MB used, 451.04 MB peak
[2016.02.13-15.38.53:224][  0]LogMemory: Physical Memory: 4308.96 MB used, 16337.33 MB total
[2016.02.13-15.38.53:224][  0]LogMemory: Virtual Memory: 1015.97 MB used, 134217728.00 MB total
[2016.02.13-15.38.53:224][  0]LogMemory: 
[2016.02.13-15.38.53:224][  0]Allocator Stats for TBB: (not implemented)
[2016.02.13-15.38.53:418][  0]LogLinker:Warning: CreateImport: Failed to load Outer for resource 'Arrow': SideScrollerCharacter_C /Game/RunnerAssets/SideScrollerCharacter.Default__SideScrollerCharacter_C
[2016.02.13-15.38.53:427][  0]LogLinker:Warning: CreateImport: Failed to load Outer for resource 'Sprite': DeleteBox_Blueprint_C /Game/RunnerAssets/Blueprints/DeleteBox_Blueprint.Default__DeleteBox_Blueprint_C
[2016.02.13-15.38.53:607][  0]LogAIModule: Creating AISystem for world RunnerMap
[2016.02.13-15.38.53:607][  0]LogLinker:Warning: Can't find file '/Game/SideScrollerBP/Blueprints/SideScrollerGameMode'
[2016.02.13-15.38.53:607][  0]LogUObjectGlobals:Warning: Failed to load '/Game/SideScrollerBP/Blueprints/SideScrollerGameMode': Can't find file '/Game/SideScrollerBP/Blueprints/SideScrollerGameMode'
[2016.02.13-15.38.53:607][  0]LogLinker:Warning: Can't find file '/Game/SideScrollerBP/Blueprints/SideScrollerGameMode'
[2016.02.13-15.38.53:607][  0]LogUObjectGlobals:Warning: Failed to load '/Game/SideScrollerBP/Blueprints/SideScrollerGameMode': Can't find file '/Game/SideScrollerBP/Blueprints/SideScrollerGameMode'
[2016.02.13-15.38.53:607][  0]LogUObjectGlobals:Warning: Failed to find object 'Class /Game/SideScrollerBP/Blueprints/SideScrollerGameMode.SideScrollerGameMode_C'
[2016.02.13-15.38.53:669][  0]LogWorld: Game class is 'GameMode'
[2016.02.13-15.38.53:677][  0]LogWorld: Bringing World /Temp/Autosaves/Game/RunnerAssets/UEDPCRunnerMap.RunnerMap up for play (max tick rate 0) at 2016.02.13-16.38.53
[2016.02.13-15.38.53:678][  0]LogWorld: Bringing up level for play took: 0.006940
[2016.02.13-15.38.53:679][  0]LogGameMode: Warning - PATHS 