[2016.06.06-19.52.12:166][  0]Log file open, 06/06/16 21:52:12
[2016.06.06-19.52.12:166][  0]LogInit:Display: Running engine for game: Runner
[2016.06.06-19.52.12:166][  0]LogPlatformFile: Not using cached read wrapper
[2016.06.06-19.52.12:166][  0]LogInit:Display: RandInit(1615844762) SRandInit(1615844764).
[2016.06.06-19.52.12:166][  0]LogTaskGraph: Started task graph with 4 named threads and 7 total threads.
[2016.06.06-19.52.12:166][  0]LogStats: Stats thread started at 0.101493
[2016.06.06-19.52.12:166][  0]LogInit: Version: 4.10.4-2872498+++depot+UE4-Releases+4.10
[2016.06.06-19.52.12:166][  0]LogInit: API Version: 2758231
[2016.06.06-19.52.12:166][  0]LogInit: Compiled (64-bit): Feb 18 2016 15:47:04
[2016.06.06-19.52.12:166][  0]LogInit: Compiled with Visual C++: 19.00.23026.00
[2016.06.06-19.52.12:166][  0]LogInit: Build Configuration: Development
[2016.06.06-19.52.12:166][  0]LogInit: Branch Name: ++depot+UE4-Releases+4.10
[2016.06.06-19.52.12:166][  0]LogInit: Command line:  
[2016.06.06-19.52.12:166][  0]LogInit: Base directory: C:/Program Files/Epic Games/4.10/Engine/Binaries/Win64/
[2016.06.06-19.52.12:166][  0]LogInit: Rocket: 1
[2016.06.06-19.52.12:370][  0]LogInit: Using libcurl 7.41.0
[2016.06.06-19.52.12:370][  0]LogInit:  - built for x86_64-pc-win32
[2016.06.06-19.52.12:370][  0]LogInit:  - supports SSL with WinSSL
[2016.06.06-19.52.12:370][  0]LogInit:  - other features:
[2016.06.06-19.52.12:370][  0]LogInit:      CURL_VERSION_SSL
[2016.06.06-19.52.12:370][  0]LogInit:      CURL_VERSION_IPV6
[2016.06.06-19.52.12:370][  0]LogInit:      CURL_VERSION_ASYNCHDNS
[2016.06.06-19.52.12:370][  0]LogInit:      CURL_VERSION_LARGEFILE
[2016.06.06-19.52.12:370][  0]LogInit:      CURL_VERSION_IDN
[2016.06.06-19.52.12:370][  0]LogInit:  CurlRequestOptions (configurable via config and command line):
[2016.06.06-19.52.12:370][  0]LogInit:  - bVerifyPeer = true  - Libcurl will verify peer certificate
[2016.06.06-19.52.12:370][  0]LogInit:  - bUseHttpProxy = false  - Libcurl will NOT use HTTP proxy
[2016.06.06-19.52.12:370][  0]LogInit:  - bDontReuseConnections = false  - Libcurl will reuse connections
[2016.06.06-19.52.12:370][  0]LogInit:  - CertBundlePath = nullptr  - Libcurl will use whatever was configured at build time.
[2016.06.06-19.52.12:417][  0]LogInit: Presizing for 0 objects not considered by GC, pre-allocating 0 bytes.
[2016.06.06-19.52.12:424][  0]LogInit: Object subsystem initialized
[2016.06.06-19.52.12:424][  0]LogInit: Selected Device Profile: [Windows]
[2016.06.06-19.52.12:424][  0]LogInit: Applying CVar settings loaded from the selected device profile: [Windows]
[2016.06.06-19.52.12:437][  0]LogInit: Computer: JOHANS_MONSTER
[2016.06.06-19.52.12:437][  0]LogInit: User: Johan
[2016.06.06-19.52.12:437][  0]LogInit: CPU Page size=4096, Cores=4
[2016.06.06-19.52.12:437][  0]LogInit: High frequency timer resolution =3.312792 MHz
[2016.06.06-19.52.12:437][  0]LogMemory: Memory total: Physical=16.0GB (16GB approx)
[2016.06.06-19.52.12:437][  0]LogMemory: Platform Memory Stats for Windows
[2016.06.06-19.52.12:437][  0]LogMemory: Process Physical Memory: 56.35 MB used, 56.35 MB peak
[2016.06.06-19.52.12:437][  0]LogMemory: Process Virtual Memory: 56.77 MB used, 56.77 MB peak
[2016.06.06-19.52.12:437][  0]LogMemory: Physical Memory: 2844.84 MB used, 16337.33 MB total
[2016.06.06-19.52.12:437][  0]LogMemory: Virtual Memory: 382.84 MB used, 134217728.00 MB total
[2016.06.06-19.52.12:613][  0]LogTextLocalizationManager: No translations for ('sv-SE') exist, falling back to 'en' for localization and internationalization data.
[2016.06.06-19.52.13:067][  0]LogD3D11RHI: Found D3D11 adapter 0: NVIDIA GeForce GTX 560 SE (Feature Level 11_0)
[2016.06.06-19.52.13:067][  0]LogD3D11RHI: Adapter has 977MB of dedicated video memory, 0MB of dedicated system memory, and 8168MB of shared system memory, 1 output[s]
[2016.06.06-19.52.13:115][  0]LogD3D11RHI: Found D3D11 adapter 1: Microsoft Basic Render Driver (Feature Level 11_0)
[2016.06.06-19.52.13:115][  0]LogD3D11RHI: Adapter has 0MB of dedicated video memory, 0MB of dedicated system memory, and 8168MB of shared system memory, 0 output[s]
[2016.06.06-19.52.13:115][  0]LogD3D11RHI: Chosen D3D11 Adapter Id = 0
[2016.06.06-19.52.13:118][  0]LogD3D11RHI: !Direct3DDevice
[2016.06.06-19.52.13:118][  0]LogRHI: Texture pool is 684 MB (70% of 977 MB)
[2016.06.06-19.52.13:129][  0]LogD3D11RHI: Async texture creation enabled
[2016.06.06-19.52.13:144][  0]LogShaderCompilers: Guid format shader working directory is -7 characters bigger than the processId version (../../../../../../Users/Johan/Documents/GitHub/Runner/Intermediate/Shaders/WorkingDirectory/9624/).
[2016.06.06-19.52.13:144][  0]LogShaderCompilers: Cleaned the shader compiler working directory 'C:/Users/Johan/AppData/Local/Temp/UnrealShaderWorkingDir/4199DD5F4FBA5CD162D884B8D00C139B/'.
[2016.06.06-19.52.13:144][  0]LogShaderCompilers:Display: Using Local Shader Compiler.
[2016.06.06-19.52.14:585][  0]LogTemp:Display: Loaded TP AllDesktopTargetPlatform
[2016.06.06-19.52.14:589][  0]LogTemp:Display: Loaded TP WindowsClientTargetPlatform
[2016.06.06-19.52.14:593][  0]LogTemp:Display: Loaded TP WindowsNoEditorTargetPlatform
[2016.06.06-19.52.14:598][  0]LogTemp:Display: Loaded TP WindowsServerTargetPlatform
[2016.06.06-19.52.14:603][  0]LogTemp:Display: Loaded TP WindowsTargetPlatform
[2016.06.06-19.52.14:607][  0]LogTemp:Display: Loaded TP AndroidTargetPlatform
[2016.06.06-19.52.14:609][  0]LogTemp:Display: Loaded TP Android_ASTCTargetPlatform
[2016.06.06-19.52.14:612][  0]LogTemp:Display: Loaded TP Android_ATCTargetPlatform
[2016.06.06-19.52.14:615][  0]LogTemp:Display: Loaded TP Android_DXTTargetPlatform
[2016.06.06-19.52.14:617][  0]LogTemp:Display: Loaded TP Android_ETC1TargetPlatform
[2016.06.06-19.52.14:620][  0]LogTemp:Display: Loaded TP Android_ETC2TargetPlatform
[2016.06.06-19.52.14:626][  0]LogTemp:Display: Loaded TP Android_MultiTargetPlatform
[2016.06.06-19.52.14:626][  0]LogTemp:Display: Loaded TP Android_PVRTCTargetPlatform
[2016.06.06-19.52.14:626][  0]LogTemp:Display: Loaded TP HTML5TargetPlatform
[2016.06.06-19.52.14:654][  0]LogTemp:Display: Loaded TP IOSTargetPlatform
[2016.06.06-19.52.14:656][  0]LogTemp:Display: Loaded TP LinuxNoEditorTargetPlatform
[2016.06.06-19.52.14:659][  0]LogTemp:Display: Loaded TP LinuxServerTargetPlatform
[2016.06.06-19.52.14:662][  0]LogTemp:Display: Loaded TP LinuxTargetPlatform
[2016.06.06-19.52.14:662][  0]LogTargetPlatformManager:Display: Building Assets For Windows
[2016.06.06-19.52.14:975][  0]LogDerivedDataCache:Display: Max Cache Size: 512 MB
[2016.06.06-19.52.15:412][  0]LogDerivedDataCache: Loaded boot cache 0.44s 41MB C:/Users/Johan/AppData/Local/UnrealEngine/4.10/DerivedDataCache/Boot.ddc.
[2016.06.06-19.52.15:412][  0]LogDerivedDataCache:Display: Loaded Boot cache: C:/Users/Johan/AppData/Local/UnrealEngine/4.10/DerivedDataCache/Boot.ddc
[2016.06.06-19.52.15:412][  0]LogDerivedDataCache: FDerivedDataBackendGraph:  Pak pak cache file ../../../../../../Users/Johan/Documents/GitHub/Runner/DerivedDataCache/DDC.ddp not found, will not use a pak cache.
[2016.06.06-19.52.15:412][  0]LogDerivedDataCache: Unable to find inner node Pak for hierarchical cache Hierarchy.
[2016.06.06-19.52.15:413][  0]LogDerivedDataCache: FDerivedDataBackendGraph:  CompressedPak pak cache file ../../../../../../Users/Johan/Documents/GitHub/Runner/DerivedDataCache/Compressed.ddp not found, will not use a pak cache.
[2016.06.06-19.52.15:413][  0]LogDerivedDataCache: Unable to find inner node CompressedPak for hierarchical cache Hierarchy.
[2016.06.06-19.52.15:536][  0]LogDerivedDataCache:Display: Pak cache opened for reading ../../../Engine/DerivedDataCache/Compressed.ddp.
[2016.06.06-19.52.15:549][  0]LogDerivedDataCache: Using Local data cache path C:/Users/Johan/AppData/Local/UnrealEngine/Common/DerivedDataCache: Writable
[2016.06.06-19.52.21:094][  0]LogInit: Selected Device Profile: [Windows]
[2016.06.06-19.52.21:097][  0]LogContentStreaming: Texture pool size is 0.000000MB
[2016.06.06-19.52.21:208][  0]LogMeshUtilities: No automatic mesh reduction module available
[2016.06.06-19.52.21:208][  0]LogMeshUtilities: No automatic mesh merging module available
[2016.06.06-19.52.21:542][  0]LogInit: WinSock: version 1.1 (2.2), MaxSocks=32767, MaxUdp=65467
[2016.06.06-19.52.39:532][  0]UdpMessaging: Initializing bridge on interface 0.0.0.0:0 to multicast group 230.0.0.1:6666.
[2016.06.06-19.52.40:065][  0]LogAssetRegistry: FAssetRegistry took 0.0117 seconds to start up
[2016.06.06-19.52.40:236][  0]SourceControl: Info Source control is disabled
[2016.06.06-19.52.40:236][  0]SourceControl: Info Source control is disabled
[2016.06.06-19.52.40:249][  0]SourceControl: Info Source control is disabled
[2016.06.06-19.52.40:261][  0]SourceControl: Info Source control is disabled
[2016.06.06-19.52.41:335][  0]LogObj: 28633 objects as part of root set at end of initial load.
[2016.06.06-19.52.41:335][  0]LogUObjectAllocator: 6099752 out of 0 bytes used by permanent object pool.
[2016.06.06-19.52.41:392][  0]LogEngine: Initializing Engine...
[2016.06.06-19.52.41:395][  0]LogHMD: Can't find Oculus library dev build: is proper Runtime installed? Version: 0.8.0.0
[2016.06.06-19.52.41:397][  0]LogHMD: SteamVR failed to initialize.  Err: 110
[2016.06.06-19.52.41:527][  0]LogAIModule: Creating AISystem for world NewWorld
[2016.06.06-19.52.41:533][  0]LogInit: XAudio2 using 'Speakers (USB Sound Device        )' : 2 channels at 44.1 kHz using 16 bits per sample (channel mask 0x3)
[2016.06.06-19.52.41:567][  0]LogInit: FAudioDevice initialized.
[2016.06.06-19.52.41:586][  0]LogDerivedDataCache: Saved boot cache 0.02s 41MB C:/Users/Johan/AppData/Local/UnrealEngine/4.10/DerivedDataCache/Boot.ddc.
[2016.06.06-19.52.41:592][  0]LogInit: Texture streaming: Enabled
[2016.06.06-19.52.41:598][  0]LogAnalytics: Creating configured Analytics provider AnalyticsET
[2016.06.06-19.52.41:598][  0]LogAnalytics: [UEEditor.Rocket.Release] APIServer = http://et2.epicgames.com/ET2/. AppVersion = 4.10.4-2872498+++depot+UE4-Releases+4.10
[2016.06.06-19.52.41:598][  0]LogAnalytics: [UEEditor.Rocket.Release] SetUserId e13f53c54a08433fc09043aa962b451a|75ba5683578c43329a0522a4b145a097|e6dac55f-4bf9-412a-b229-53d1a5ef9356
[2016.06.06-19.52.41:598][  0]LogAnalytics: [UEEditor.Rocket.Release] AnalyticsET::StartSession
[2016.06.06-19.52.41:607][  0]LogWindowsTextInputMethodSystem:Display: IME system now deactivated.
[2016.06.06-19.52.41:607][  0]LogWindowsTextInputMethodSystem:Display: IME system now deactivated.
[2016.06.06-19.52.41:626][  0]LogInit: Transaction tracking system initialized
[2016.06.06-19.52.41:654][  0]BlueprintLog: New page: Editor Load
[2016.06.06-19.52.41:771][  0]LocalizationService: Info Localization service is disabled
[2016.06.06-19.52.42:054][  0]LogConsoleResponse:Display: 
[2016.06.06-19.52.47:649][  0]LogCook:Display: Done creating registry. It took  0.00s.
[2016.06.06-19.52.48:474][  0]LogFileCache: Scanning file cache for directory 'C:/Users/Johan/Documents/GitHub/Runner/Content/' took 0.02s
[2016.06.06-19.52.48:524][  0]SourceControl: Info Source control is disabled
[2016.06.06-19.52.48:524][  0]Cmd: MAP LOAD FILE="../../../../../../Users/Johan/Documents/GitHub/Runner/Content/RunnerAssets/RunnerMap.umap" TEMPLATE=0 SHOWPROGRESS=1 FEATURELEVEL=3
[2016.06.06-19.52.48:659][  0]LightingResults: New page: Lighting Build
[2016.06.06-19.52.48:663][  0]MapCheck: New page: Map Check
[2016.06.06-19.52.48:663][  0]LightingResults: New page: Lighting Build
[2016.06.06-19.52.48:672][  0]LogParticles: Destroying 0 GPU particle simulations for FXSystem 0x000002272CFB7B00
[2016.06.06-19.53.06:991][  0]LogAIModule: Creating AISystem for world RunnerMap
[2016.06.06-19.53.07:334][  0]LogEditorServer: Finished looking for orphan Actors (0.000 secs)
[2016.06.06-19.53.07:335][  0]Cmd: MAP CHECKDEP NOCLEARLOG
[2016.06.06-19.53.07:405][  0]MapCheck: Info Map check complete: 0 Error(s), 0 Warning(s), took 69.849ms to complete.
[2016.06.06-19.53.07:405][  0]LogFileHelpers: Loading map 'RunnerMap' took 18.881
[2016.06.06-19.53.07:636][  0]LogCollectionManager: Loaded 0 collections in 0.002334 seconds
[2016.06.06-19.53.07:675][  0]LogFileCache: Scanning file cache for directory 'C:/Users/Johan/Documents/GitHub/Runner/Saved/Collections/' took 0.01s
[2016.06.06-19.53.07:675][  0]LogFileCache: Scanning file cache for directory 'C:/Users/Johan/Documents/GitHub/Runner/Content/Developers/Johan/Collections/' took 0.01s
[2016.06.06-19.53.07:675][  0]LogFileCache: Scanning file cache for directory 'C:/Users/Johan/Documents/GitHub/Runner/Content/Collections/' took 0.01s
[2016.06.06-19.53.07:675][  0]LogCollectionManager: Rebuilt the GUID cache for 0 collections in 0.000009 seconds
[2016.06.06-19.53.07:683][  0]LogContentBrowser: Native class hierarchy populated in 0.0082 seconds. Added 1893 classes and 338 folders.
[2016.06.06-19.53.07:689][  0]LogContentBrowser: Native class hierarchy updated for 'WidgetCarousel' in 0.0003 seconds. Added 0 classes and 0 folders.
[2016.06.06-19.53.09:102][  0]LogContentBrowser: Native class hierarchy updated for 'AddContentDialog' in 0.0007 seconds. Added 0 classes and 0 folders.
[2016.06.06-19.53.09:110][  0]LogContentBrowser: Native class hierarchy updated for 'SceneOutliner' in 0.0006 seconds. Added 1 classes and 2 folders.
[2016.06.06-19.53.09:217][  0]LogCrashTracker: Crashtracker disabled due to settings.
[2016.06.06-19.53.09:227][  0]LogUObjectGlobals:Warning: Failed to find object 'Class None.'
[2016.06.06-19.53.09:249][  0]LogLoad: Full Startup: 57.96 seconds (BP compile: 0.68 seconds)
[2016.06.06-19.53.09:267][  0]LogOcInput: Can't find Oculus library dev build: is proper Runtime installed? Version: 0.8.0.0
[2016.06.06-19.53.09:436][  0]LogContentStreaming: Texture pool size now 1000 MB
[2016.06.06-19.53.09:729][  1]LogRenderer: Reallocating scene render targets to support 1208x644 (Frame:2).
[2016.06.06-19.53.10:370][ 14]LogAssetRegistry: Asset discovery search completed in 30.3159 seconds
[2016.06.06-19.53.10:370][ 14]LogCollectionManager: Rebuilt the object cache for 0 collections in 0.000001 seconds (found 0 objects)
[2016.06.06-19.53.10:370][ 14]LogCollectionManager: Fixed up redirectors for 0 collections in 0.000019 seconds (updated 0 objects)
[2016.06.06-19.53.22:966][293]LogBlueprintUserMessages: Early PlayInEditor Detection: Level '/Game/RunnerAssets/RunnerMap.RunnerMap:PersistentLevel' has LevelScriptBlueprint '/Game/RunnerAssets/RunnerMap.RunnerMap:PersistentLevel.RunnerMap' with GeneratedClass '/Game/RunnerAssets/RunnerMap.RunnerMap_C' with ClassGeneratedBy '/Game/RunnerAssets/RunnerMap.RunnerMap:PersistentLevel.RunnerMap'
[2016.06.06-19.53.22:966][293]LogPlayLevel: PlayLevel: No blueprints needed recompiling
[2016.06.06-19.53.22:967][293]PIE: New page: PIE session: RunnerMap (Jun 6, 2016, 11:53:22 PM)
[2016.06.06-19.53.22:967][293]LogPlayLevel: Creating play world package: /Game/RunnerAssets/UEDPIE_0_RunnerMap
[2016.06.06-19.53.23:002][293]LogPlayLevel: PIE: StaticDuplicateObject took: (0.035581s)
[2016.06.06-19.53.23:003][293]LogAIModule: Creating AISystem for world RunnerMap
[2016.06.06-19.53.23:003][293]LogPlayLevel: PIE: World Init took: (0.001075s)
[2016.06.06-19.53.23:004][293]LogPlayLevel: PIE: Created PIE world by copying editor world from /Game/RunnerAssets/RunnerMap.RunnerMap to /Game/RunnerAssets/UEDPIE_0_RunnerMap.RunnerMap (0.037052s)
[2016.06.06-19.53.23:004][293]LogActorComponent: UnregisterComponent: (/Engine/Transient.CharMoveComp) Not registered. Aborting.
[2016.06.06-19.53.23:080][293]LogInit: XAudio2 using 'Speakers (USB Sound Device        )' : 2 channels at 44.1 kHz using 16 bits per sample (channel mask 0x3)
[2016.06.06-19.53.23:086][293]LogInit: FAudioDevice initialized.
[2016.06.06-19.53.23:182][293]LogLinker:Warning: Can't find file '/Game/SideScrollerBP/Blueprints/SideScrollerGameMode'
[2016.06.06-19.53.23:183][293]LogLinker:Warning: Can't find file '/Game/SideScrollerBP/Blueprints/SideScrollerGameMode'
[2016.06.06-19.53.23:183][293]LogUObjectGlobals:Warning: Failed to find object 'Class /Game/SideScrollerBP/Blueprints/SideScrollerGameMode.SideScrollerGameMode_C'
[2016.06.06-19.53.23:183][293]LogWorld: Game class is 'GameMode'
[2016.06.06-19.53.23:201][293]LogWorld: Bringing World /Game/RunnerAssets/UEDPIE_0_RunnerMap.RunnerMap up for play (max tick rate 0) at 2016.06.06-21.53.23
[2016.06.06-19.53.23:201][293]LogActor:Warning: GameSession /Game/RunnerAssets/UEDPIE_0_RunnerMap.RunnerMap:PersistentLevel.GameSession_0 has natively added scene component(s), but none of them were set as the actor's RootComponent - picking one arbitrarily
[2016.06.06-19.53.23:201][293]LogActor:Warning: GameNetworkManager /Game/RunnerAssets/UEDPIE_0_RunnerMap.RunnerMap:PersistentLevel.GameNetworkManager_0 has natively added scene component(s), but none of them were set as the actor's RootComponent - picking one arbitrarily
[2016.06.06-19.53.23:203][293]LogWorld: Bringing up level for play took: 0.017349
[2016.06.06-19.53.23:204][293]LogGameMode: Warning - PATHS NOT DEFINED or NO PLAYERSTART with positive rating
[2016.06.06-19.53.23:224][293]PIE: Info Play in editor start time for /Game/RunnerAssets/UEDPIE_0_RunnerMap 1.066
[2016.06.06-19.53.23:225][293]LogBlueprintUserMessages: Late PlayInEditor Detection: Level '/Game/RunnerAssets/RunnerMap.RunnerMap:PersistentLevel' has LevelScriptBlueprint '/Game/RunnerAssets/RunnerMap.RunnerMap:PersistentLevel.RunnerMap' with GeneratedClass '/Game/RunnerAssets/RunnerMap.RunnerMap_C' with ClassGeneratedBy '/Game/RunnerAssets/RunnerMap.RunnerMap:PersistentLevel.RunnerMap'
[2016.06.06-19.53.23:270][294]LogRenderer: Reallocating scene render targets to support 1280x720 (Frame:173).
[2016.06.06-19.54.04:837][770]LogCharacterMovement: SideScrollerCharacter_C_1 is stuck and failed to move!
[2016.06.06-19.54.38:379][766]LogCharacterMovement: SideScrollerCharacter_C_1 is stuck and failed to move!
[2016.06.06-19.56.11:161][433]LogScript:Warning: Attempted to get an item from array list out of bounds [4/3]!
[2016.06.06-19.56.11:161][433]LogScript:Warning: Attempted to get an item from array list out of bounds [4/3]!
[2016.06.06-19.56.11:161][433]LogScript:Warning: Attempted to get an item from array list out of bounds [4/3]!
[2016.06.06-19.56.11:243][433]LogPackageName: SearchForPackageOnDisk took   0.080s to resolve Death.umap.
[2016.06.06-19.56.11:329][434]LogPackageName: SearchForPackageOnDisk took   0.073s to resolve Death.umap.
[2016.06.06-19.56.11:329][434]LogNet: Browse: /Game/RunnerAssets/Death
[2016.06.06-19.56.11:329][434]LogLoad: LoadMap: /Game/RunnerAssets/Death
[2016.06.06-19.56.11:495][434]LogParticles: Destroying 0 GPU particle simulations for FXSystem 0x000002274CADAB60
[2016.06.06-19.56.11:524][434]Cmd: MEM
[2016.06.06-19.56.11:538][434]LogMemory: Platform Memory Stats for Windows
[2016.06.06-19.56.11:538][434]LogMemory: Process Physical Memory: 1052.71 MB used, 1052.71 MB peak
[2016.06.06-19.56.11:538][434]LogMemory: Process Virtual Memory: 1581.21 MB used, 1722.35 MB peak
[2016.06.06-19.56.11:538][434]LogMemory: Physical Memory: 4367.50 MB used, 16337.33 MB total
[2016.06.06-19.56.11:538][434]LogMemory: Virtual Memory: 2512.94 MB used, 134217728.00 MB total
[2016.06.06-19.56.11:538][434]LogMemory: 
[2016.06.06-19.56.11:538][434]Allocator Stats for TBB: (not implemented)
[2016.06.06-19.56.11:903][434]LogAIModule: Creating AISystem for world Death
[2016.06.06-19.56.11:904][434]LogLinker:Warning: Can't find file '/Game/SideScrollerBP/Blueprints/SideScrollerGameMode'
[2016.06.06-19.56.11:904][434]LogLinker:Warning: Can't find file '/Game/SideScrollerBP/Blueprints/SideScrollerGameMode'
[2016.06.06-19.56.11:904][434]LogUObjectGlobals:Warning: Failed to find object 'Class /Game/SideScrollerBP/Blueprints/SideScrollerGameMode.SideScrollerGameMode_C'
[2016.06.06-19.56.11:904][434]LogWorld: Game class is 'GameMode'
[2016.06.06-19.56.11:906][434]LogWorld: Bringing World /Game/RunnerAssets/UEDPIE_0_Death.Death up for play (max tick rate 0) at 2016.06.06-21.56.11
[2016.06.06-19.56.11:906][434]LogActor:Warning: GameSession /Game/RunnerAssets/UEDPIE_0_Death.Death:PersistentLevel.GameSession_1 has natively added scene component(s), but none of them were set as the actor's RootComponent - picking one arbitrarily
[2016.06.06-19.56.11:906][434]LogActor:Warning: GameNetworkManager /Game/RunnerAssets/UEDPIE_0_Death.Death:PersistentLevel.GameNetworkManager_1 has natively added scene component(s), but none of them were set as the actor's RootComponent - picking one arbitrarily
[2016.06.06-19.56.11:906][434]LogWorld: Bringing up level for play took: 0.000941
[2016.06.06-19.56.11:907][434]LogGameMode: Warning - PATHS NOT DEFINED or NO PLAYERSTART with positive rating
[2016.06.06-19.56.20:636][204]LogBlueprintUserMessages: Early EndPlayMap Detection: Level '/Game/RunnerAssets/RunnerMap.RunnerMap:PersistentLevel' has LevelScriptBlueprint '/Game/RunnerAssets/RunnerMap.RunnerMap:PersistentLevel.RunnerMap' with GeneratedClass '/Game/RunnerAssets/RunnerMap.RunnerMap_C' with ClassGeneratedBy '/Game/RunnerAssets/RunnerMap.RunnerMap:PersistentLevel.RunnerMap'
[2016.06.06-19.56.20:686][204]LogBlueprintUserMessages: Late EndPlayMap Detection: Level '/Game/RunnerAssets/RunnerMap.RunnerMap:PersistentLevel' has LevelScriptBlueprint '/Game/RunnerAssets/RunnerMap.RunnerMap:PersistentLevel.RunnerMap' with GeneratedClass '/Game/RunnerAssets/RunnerMap.RunnerMap_C' with ClassGeneratedBy '/Game/RunnerAssets/RunnerMap.RunnerMap:PersistentLevel.RunnerMap'
[2016.06.06-19.56.20:721][205]LogParticles: Destroying 0 GPU particle simulations for FXSystem 0x000002273259F560
[2016.06.06-20.07.43:525][ 54]Cmd: QUIT_EDITOR
[2016.06.06-20.07.43:607][ 54]LogWindowsTextInputMethodSystem:Display: IME system now deactivated.
[2016.06.06-20.07.43:608][ 54]LogWindowsTextInputMethodSystem:Display: IME system now deactivated.
[2016.06.06-20.07.43:680][ 54]LogExit: Preparing to exit.
[2016.06.06-20.12.44:490][ 54]LogExit: Editor shut down
[2016.06.06-20.12.44:491][ 54]LogExit: Transaction tracking system shut down
[2016.06.06-20.12.44:508][ 54]LogParticles: Destroying 0 GPU particle simulations for FXSystem 0x0000022738E2A7A0
[2016.06.06-20.12.44:508][ 54]LogParticles: Destroying 0 GPU particle simulations for FXSystem 0x0000022745528AE0
[2016.06.06-20.12.44:509][ 54]LogParticles: Destroying 0 GPU particle simulations for FXSystem 0x0000022745711E40
[2016.06.06-20.12.44:667][ 54]LogParticles: Destroying 0 GPU particle simulations for FXSystem 0x000002274CADB4C0
[2016.06.06-20.12.44:667][ 54]LogExit: Object subsystem successfully closed.
[2016.06.06-20.12.44:685][ 54]LogD3D11RHI: Shutdown
[2016.06.06-20.12.44:685][ 54]LogD3D11RHI: CleanupD3DDevice
[2016.06.06-20.12.44:858][ 54]LogD3D11RHI: ~FD3D11DynamicRHI
[2016.06.06-20.12.44:925][ 54]LogModuleManager: Shutting down and abandoning module CrashTracker (198)
[2016.06.06-20.12.44:925][ 54]LogModuleManager: Shutting down and abandoning module SceneOutliner (197)
[2016.06.06-20.12.44:925][ 54]LogModuleManager: Shutting down and abandoning module SuperSearch (196)
[2016.06.06-20.12.44:925][ 54]LogModuleManager: Shutting down and abandoning module WidgetCarousel (195)
[2016.06.06-20.12.44:925][ 54]LogModuleManager: Shutting down and abandoning module AddContentDialog (194)
[2016.06.06-20.12.44:928][ 54]LogModuleManager: Shutting down and abandoning module EditorWidgets (193)
[2016.06.06-20.12.44:928][ 54]LogModuleManager: Shutting down and abandoning module CollectionManager (192)
[2016.06.06-20.12.44:928][ 54]LogModuleManager: Shutting down and abandoning module StatsViewer (191)
[2016.06.06-20.12.44:928][ 54]LogModuleManager: Shutting down and abandoning module FoliageEdit (190)
[2016.06.06-20.12.44:928][ 54]LogModuleManager: Shutting down and abandoning module LandscapeEditor (189)
[2016.06.06-20.12.44:929][ 54]LogModuleManager: Shutting down and abandoning module ActorPickerMode (188)
[2016.06.06-20.12.44:929][ 54]LogModuleManager: Shutting down and abandoning module GeometryMode (187)
[2016.06.06-20.12.44:929][ 54]LogModuleManager: Shutting down and abandoning module TextureAlignMode (186)
[2016.06.06-20.12.44:929][ 54]LogModuleManager: Shutting down and abandoning module BspMode (185)
[2016.06.06-20.12.44:929][ 54]LogModuleManager: Shutting down and abandoning module PlacementMode (184)
[2016.06.06-20.12.44:929][ 54]LogModuleManager: Shutting down and abandoning module AutomationWorker (183)
[2016.06.06-20.12.44:929][ 54]LogModuleManager: Shutting down and abandoning module CharacterAI (182)
[2016.06.06-20.12.44:929][ 54]LogModuleManager: Shutting down and abandoning module SmartSnapping (181)
[2016.06.06-20.12.44:929][ 54]LogModuleManager: Shutting down and abandoning module ViewportSnapping (180)
[2016.06.06-20.12.44:929][ 54]LogModuleManager: Shutting down and abandoning module LogVisualizer (179)
[2016.06.06-20.12.44:929][ 54]LogModuleManager: Shutting down and abandoning module GameProjectGeneration (178)
[2016.06.06-20.12.44:929][ 54]LogModuleManager: Shutting down and abandoning module IntroTutorials (177)
[2016.06.06-20.12.44:929][ 54]LogModuleManager: Shutting down and abandoning module EditorLiveStreaming (176)
[2016.06.06-20.12.44:929][ 54]LogModuleManager: Shutting down and abandoning module IOSPlatformEditor (175)
[2016.06.06-20.12.44:929][ 54]LogModuleManager: Shutting down and abandoning module HTML5PlatformEditor (174)
[2016.06.06-20.12.44:929][ 54]LogModuleManager: Shutting down and abandoning module AndroidDeviceDetection (173)
[2016.06.06-20.12.45:291][ 54]LogModuleManager: Shutting down and abandoning module AndroidPlatformEditor (172)
[2016.06.06-20.12.45:291][ 54]LogModuleManager: Shutting down and abandoning module IOSRuntimeSettings (171)
[2016.06.06-20.12.45:291][ 54]LogModuleManager: Shutting down and abandoning module AndroidRuntimeSettings (170)
[2016.06.06-20.12.45:291][ 54]LogModuleManager: Shutting down and abandoning module MergeActors (169)
[2016.06.06-20.12.45:291][ 54]LogModuleManager: Shutting down and abandoning module SizeMap (168)
[2016.06.06-20.12.45:291][ 54]LogModuleManager: Shutting down and abandoning module TreeMap (167)
[2016.06.06-20.12.45:291][ 54]LogModuleManager: Shutting down and abandoning module ReferenceViewer (166)
[2016.06.06-20.12.45:291][ 54]LogModuleManager: Shutting down and abandoning module LocalizationService (165)
[2016.06.06-20.12.45:291][ 54]LogModuleManager: Shutting down and abandoning module LocalizationDashboard (164)
[2016.06.06-20.12.45:291][ 54]LogModuleManager: Shutting down and abandoning module HardwareTargeting (163)
[2016.06.06-20.12.45:292][ 54]LogModuleManager: Shutting down and abandoning module DeviceProfileEditor (162)
[2016.06.06-20.12.45:292][ 54]LogModuleManager: Shutting down and abandoning module UndoHistory (161)
[2016.06.06-20.12.45:292][ 54]LogModuleManager: Shutting down and abandoning module GameplayTagsEditor (160)
[2016.06.06-20.12.45:292][ 54]LogModuleManager: Shutting down and abandoning module UserFeedback (159)
[2016.06.06-20.12.45:292][ 54]LogModuleManager: Shutting down and abandoning module XmlParser (158)
[2016.06.06-20.12.45:292][ 54]LogModuleManager: Shutting down and abandoning module Blutility (157)
[2016.06.06-20.12.45:292][ 54]LogModuleManager: Shutting down and abandoning module ProjectTargetPlatformEditor (156)
[2016.06.06-20.12.45:292][ 54]LogModuleManager: Shutting down and abandoning module ProjectSettingsViewer (155)
[2016.06.06-20.12.45:292][ 54]LogModuleManager: Shutting down and abandoning module InputBindingEditor (154)
[2016.06.06-20.12.45:292][ 54]LogModuleManager: Shutting down and abandoning module EditorSettingsViewer (153)
[2016.06.06-20.12.45:292][ 54]LogModuleManager: Shutting down and abandoning module SettingsEditor (152)
[2016.06.06-20.12.45:292][ 54]LogModuleManager: Shutting down and abandoning module ProjectLauncher (151)
[2016.06.06-20.12.45:292][ 54]LogModuleManager: Shutting down and abandoning module SessionFrontend (150)
[2016.06.06-20.12.45:292][ 54]LogModuleManager: Shutting down and abandoning module ProfilerClient (149)
[2016.06.06-20.12.45:292][ 54]LogModuleManager: Shutting down and abandoning module TargetDeviceServices (148)
[2016.06.06-20.12.45:292][ 54]LogModuleManager: Shutting down and abandoning module DeviceManager (147)
[2016.06.06-20.12.45:292][ 54]LogModuleManager: Shutting down and abandoning module AutomationController (146)
[2016.06.06-20.12.45:293][ 54]LogModuleManager: Shutting down and abandoning module AutomationWindow (145)
[2016.06.06-20.12.45:293][ 54]LogModuleManager: Shutting down and abandoning module Layers (144)
[2016.06.06-20.12.45:293][ 54]LogModuleManager: Shutting down and abandoning module ComponentVisualizers (143)
[2016.06.06-20.12.45:293][ 54]LogModuleManager: Shutting down and abandoning module DetailCustomizations (142)
[2016.06.06-20.12.45:293][ 54]LogModuleManager: Shutting down and abandoning module PackagesDialog (141)
[2016.06.06-20.12.45:293][ 54]LogModuleManager: Shutting down and abandoning module Persona (140)
[2016.06.06-20.12.45:293][ 54]LogModuleManager: Shutting down and abandoning module Kismet (139)
[2016.06.06-20.12.45:293][ 54]LogModuleManager: Shutting down and abandoning module GraphEditor (138)
[2016.06.06-20.12.45:293][ 54]LogModuleManager: Shutting down and abandoning module ClassViewer (137)
[2016.06.06-20.12.45:293][ 54]LogModuleManager: Shutting down and abandoning module Toolbox (136)
[2016.06.06-20.12.45:293][ 54]LogModuleManager: Shutting down and abandoning module ModuleUI (135)
[2016.06.06-20.12.45:293][ 54]LogModuleManager: Shutting down and abandoning module MovieSceneTools (134)
[2016.06.06-20.12.45:293][ 54]LogModuleManager: Shutting down and abandoning module OutputLog (133)
[2016.06.06-20.12.45:293][ 54]LogModuleManager: Shutting down and abandoning module GammaUI (132)
[2016.06.06-20.12.45:293][ 54]LogModuleManager: Shutting down and abandoning module Documentation (131)
[2016.06.06-20.12.45:293][ 54]LogModuleManager: Shutting down and abandoning module GameLiveStreaming (130)
[2016.06.06-20.12.45:293][ 54]LogModuleManager: Shutting down and abandoning module StreamingPauseRendering (129)
[2016.06.06-20.12.45:293][ 54]LogModuleManager: Shutting down and abandoning module AnalyticsET (128)
[2016.06.06-20.12.45:293][ 54]LogModuleManager: Shutting down and abandoning module Analytics (127)
[2016.06.06-20.12.45:293][ 54]LogModuleManager: Shutting down and abandoning module AITestSuite (126)
[2016.06.06-20.12.45:293][ 54]LogModuleManager: Shutting down and abandoning module GameplayDebugger (125)
[2016.06.06-20.12.45:293][ 54]LogModuleManager: Shutting down and abandoning module AIModule (124)
[2016.06.06-20.12.45:293][ 54]LogModuleManager: Shutting down and abandoning module ProfilerService (123)
[2016.06.06-20.12.45:518][ 54]LogModuleManager: Shutting down and abandoning module TaskGraph (122)
[2016.06.06-20.12.45:518][ 54]LogModuleManager: Shutting down and abandoning module SlateRemote (121)
[2016.06.06-20.12.45:518][ 54]LogModuleManager: Shutting down and abandoning module SteamVRController (120)
[2016.06.06-20.12.45:518][ 54]LogModuleManager: Shutting down and abandoning module SteamVR (119)
[2016.06.06-20.12.45:518][ 54]LogModuleManager: Shutting down and abandoning module ProceduralMeshComponent (118)
[2016.06.06-20.12.45:518][ 54]LogModuleManager: Shutting down and abandoning module OculusLibrary (117)
[2016.06.06-20.12.45:518][ 54]LogModuleManager: Shutting down and abandoning module OculusInput (116)
[2016.06.06-20.12.45:518][ 54]LogModuleManager: Shutting down and abandoning module LeapMotionController (115)
[2016.06.06-20.12.45:540][ 54]LogModuleManager: Shutting down and abandoning module CustomMeshComponent (114)
[2016.06.06-20.12.45:540][ 54]LogModuleManager: Shutting down and abandoning module CableComponent (113)
[2016.06.06-20.12.45:540][ 54]LogModuleManager: Shutting down and abandoning module ArchVisCharacter (112)
[2016.06.06-20.12.45:540][ 54]LogModuleManager: Shutting down and abandoning module MessagingDebugger (111)
[2016.06.06-20.12.45:540][ 54]LogModuleManager: Shutting down and abandoning module MediaPlayerEditor (110)
[2016.06.06-20.12.45:540][ 54]LogModuleManager: Shutting down and abandoning module HTML5Networking (109)
[2016.06.06-20.12.45:540][ 54]LogModuleManager: Shutting down and abandoning module SpeedTreeImporter (108)
[2016.06.06-20.12.45:540][ 54]LogModuleManager: Shutting down and abandoning module PluginBrowser (107)
[2016.06.06-20.12.45:540][ 54]LogModuleManager: Shutting down and abandoning module EpicSurvey (106)
[2016.06.06-20.12.45:540][ 54]LogModuleManager: Shutting down and abandoning module DesktopPlatform (105)
[2016.06.06-20.12.45:540][ 54]LogModuleManager: Shutting down and abandoning module VisualStudioSourceCodeAccess (104)
[2016.06.06-20.12.45:540][ 54]LogModuleManager: Shutting down and abandoning module UObjectPlugin (103)
[2016.06.06-20.12.45:540][ 54]LogModuleManager: Shutting down and abandoning module SubversionSourceControl (102)
[2016.06.06-20.12.45:540][ 54]LogModuleManager: Shutting down and abandoning module PerforceSourceControl (101)
[2016.06.06-20.12.45:540][ 54]LogModuleManager: Shutting down and abandoning module SourceControl (100)
[2016.06.06-20.12.45:540][ 54]LogModuleManager: Shutting down and abandoning module GitSourceControl (99)
[2016.06.06-20.12.45:540][ 54]LogModuleManager: Shutting down and abandoning module LightPropagationVolumeEditor (98)
[2016.06.06-20.12.45:540][ 54]LogModuleManager: Shutting down and abandoning module PaperTiledImporter (97)
[2016.06.06-20.12.45:540][ 54]LogModuleManager: Shutting down and abandoning module PaperSpriteSheetImporter (96)
[2016.06.06-20.12.45:540][ 54]LogModuleManager: Shutting down and abandoning module MeshPaint (95)
[2016.06.06-20.12.45:540][ 54]LogModuleManager: Shutting down and abandoning module SlateReflector (94)
[2016.06.06-20.12.45:540][ 54]LogModuleManager: Shutting down and abandoning module HotReload (93)
[2016.06.06-20.12.45:540][ 54]LogModuleManager: Shutting down and abandoning module MainFrame (92)
[2016.06.06-20.12.45:540][ 54]LogModuleManager: Shutting down and abandoning module LevelEditor (91)
[2016.06.06-20.12.45:541][ 54]LogModuleManager: Shutting down and abandoning module DirectoryWatcher (90)
[2016.06.06-20.12.45:543][ 54]LogModuleManager: Shutting down and abandoning module AssetRegistry (89)
[2016.06.06-20.12.45:601][ 54]LogModuleManager: Shutting down and abandoning module ContentBrowser (88)
[2016.06.06-20.12.45:602][ 54]LogModuleManager: Shutting down and abandoning module Paper2DEditor (87)
[2016.06.06-20.12.45:602][ 54]LogModuleManager: Shutting down and abandoning module UdpMessaging (86)
[2016.06.06-20.12.45:702][ 54]LogModuleManager: Shutting down and abandoning module LightPropagationVolumeRuntime (85)
[2016.06.06-20.12.45:702][ 54]LogModuleManager: Shutting down and abandoning module Paper2D (84)
[2016.06.06-20.12.45:702][ 54]LogModuleManager: Shutting down and abandoning module WindowsMoviePlayer (83)
[2016.06.06-20.12.45:707][ 54]LogModuleManager: Shutting down and abandoning module Media (82)
[2016.06.06-20.12.45:707][ 54]LogModuleManager: Shutting down and abandoning module WmfMedia (81)
[2016.06.06-20.12.45:707][ 54]LogModuleManager: Shutting down and abandoning module OnlineBlueprintSupport (80)
[2016.06.06-20.12.45:707][ 54]LogModuleManager: Shutting down and abandoning module GameplayTasksEditor (79)
[2016.06.06-20.12.45:707][ 54]LogModuleManager: Shutting down and abandoning module PropertyEditor (78)
[2016.06.06-20.12.45:707][ 54]LogModuleManager: Shutting down and abandoning module BehaviorTreeEditor (77)
[2016.06.06-20.12.45:707][ 54]LogModuleManager: Shutting down and abandoning module FunctionalTesting (76)
[2016.06.06-20.12.45:707][ 54]LogModuleManager: Shutting down and abandoning module CollisionAnalyzer (75)
[2016.06.06-20.12.45:707][ 54]LogModuleManager: Shutting down and abandoning module WorkspaceMenuStructure (74)
[2016.06.06-20.12.45:707][ 54]LogModuleManager: Shutting down and abandoning module MessageLog (73)
[2016.06.06-20.12.45:707][ 54]LogModuleManager: Shutting down and abandoning module Sequencer (72)
[2016.06.06-20.12.45:707][ 54]LogModuleManager: Shutting down and abandoning module AssetTools (71)
[2016.06.06-20.12.45:707][ 54]LogModuleManager: Shutting down and abandoning module UMGEditor (70)
[2016.06.06-20.12.45:707][ 54]LogModuleManager: Shutting down and abandoning module UMG (69)
[2016.06.06-20.12.45:707][ 54]LogModuleManager: Shutting down and abandoning module Slate (68)
[2016.06.06-20.12.45:707][ 54]LogModuleManager: Shutting down and abandoning module EditorStyle (67)
[2016.06.06-20.12.45:712][ 54]LogModuleManager: Shutting down and abandoning module SessionServices (66)
[2016.06.06-20.12.45:712][ 54]LogModuleManager: Shutting down and abandoning module SourceCodeAccess (65)
[2016.06.06-20.12.45:712][ 54]LogModuleManager: Shutting down and abandoning module HeadMountedDisplay (64)
[2016.06.06-20.12.45:712][ 54]LogModuleManager: Shutting down and abandoning module XAudio2 (63)
[2016.06.06-20.12.45:712][ 54]LogModuleManager: Shutting down and abandoning module Networking (61)
[2016.06.06-20.12.45:712][ 54]LogModuleManager: Shutting down and abandoning module Core (60)
[2016.06.06-20.12.45:712][ 54]LogModuleManager: Shutting down and abandoning module KismetCompiler (59)
[2016.06.06-20.12.45:712][ 54]LogModuleManager: Shutting down and abandoning module PhysXFormats (58)
[2016.06.06-20.12.45:712][ 54]LogModuleManager: Shutting down and abandoning module MeshUtilities (57)
[2016.06.06-20.12.45:712][ 54]LogModuleManager: Shutting down and abandoning module DerivedDataCache (56)
[2016.06.06-20.12.45:757][ 54]LogDerivedDataCache: Shutdown
[2016.06.06-20.12.45:757][ 54]LogModuleManager: Shutting down and abandoning module ShaderFormatOpenGL (55)
[2016.06.06-20.12.45:757][ 54]LogModuleManager: Shutting down and abandoning module ShaderFormatD3D (54)
[2016.06.06-20.12.45:757][ 54]LogModuleManager: Shutting down and abandoning module MetalShaderFormat (53)
[2016.06.06-20.12.45:757][ 54]LogModuleManager: Shutting down and abandoning module TextureFormatUncompressed (52)
[2016.06.06-20.12.45:757][ 54]LogModuleManager: Shutting down and abandoning module TextureFormatPVR (51)
[2016.06.06-20.12.45:757][ 54]LogModuleManager: Shutting down and abandoning module TextureFormatIntelISPCTexComp (50)
[2016.06.06-20.12.45:757][ 54]LogModuleManager: Shutting down and abandoning module TextureFormatDXT (49)
[2016.06.06-20.12.45:757][ 54]LogModuleManager: Shutting down and abandoning module ImageWrapper (48)
[2016.06.06-20.12.45:757][ 54]LogModuleManager: Shutting down and abandoning module TextureFormatASTC (47)
[2016.06.06-20.12.45:758][ 54]LogModuleManager: Shutting down and abandoning module TextureFormatAndroid (46)
[2016.06.06-20.12.45:758][ 54]LogModuleManager: Shutting down and abandoning module AudioFormatOpus (45)
[2016.06.06-20.12.45:761][ 54]LogModuleManager: Shutting down and abandoning module AudioFormatOgg (44)
[2016.06.06-20.12.45:761][ 54]LogModuleManager: Shutting down and abandoning module AudioFormatADPCM (43)
[2016.06.06-20.12.45:761][ 54]LogModuleManager: Shutting down and abandoning module LinuxTargetPlatform (42)
[2016.06.06-20.12.45:761][ 54]LogModuleManager: Shutting down and abandoning module LinuxServerTargetPlatform (41)
[2016.06.06-20.12.45:761][ 54]LogModuleManager: Shutting down and abandoning module LinuxNoEditorTargetPlatform (40)
[2016.06.06-20.12.45:761][ 54]LogModuleManager: Shutting down and abandoning module Messaging (39)
[2016.06.06-20.12.45:761][ 54]LogModuleManager: Shutting down and abandoning module IOSTargetPlatform (38)
[2016.06.06-20.12.45:761][ 54]LogModuleManager: Shutting down and abandoning module HTML5TargetPlatform (37)
[2016.06.06-20.12.45:761][ 54]LogModuleManager: Shutting down and abandoning module Android_PVRTCTargetPlatform (36)
[2016.06.06-20.12.45:761][ 54]LogModuleManager: Shutting down and abandoning module Android_MultiTargetPlatform (35)
[2016.06.06-20.12.45:761][ 54]LogModuleManager: Shutting down and abandoning module Android_ETC2TargetPlatform (34)
[2016.06.06-20.12.45:761][ 54]LogModuleManager: Shutting down and abandoning module Android_ETC1TargetPlatform (33)
[2016.06.06-20.12.45:761][ 54]LogModuleManager: Shutting down and abandoning module Android_DXTTargetPlatform (32)
[2016.06.06-20.12.45:761][ 54]LogModuleManager: Shutting down and abandoning module Android_ATCTargetPlatform (31)
[2016.06.06-20.12.45:761][ 54]LogModuleManager: Shutting down and abandoning module Android_ASTCTargetPlatform (30)
[2016.06.06-20.12.45:761][ 54]LogModuleManager: Shutting down and abandoning module AndroidTargetPlatform (29)
[2016.06.06-20.12.45:761][ 54]LogModuleManager: Shutting down and abandoning module WindowsTargetPlatform (28)
[2016.06.06-20.12.45:761][ 54]LogModuleManager: Shutting down and abandoning module WindowsServerTargetPlatform (27)
[2016.06.06-20.12.45:762][ 54]LogModuleManager: Shutting down and abandoning module WindowsNoEditorTargetPlatform (26)
[2016.06.06-20.12.45:762][ 54]LogModuleManager: Shutting down and abandoning module WindowsClientTargetPlatform (25)
[2016.06.06-20.12.45:762][ 54]LogModuleManager: Shutting down and abandoning module AllDesktopTargetPlatform (24)
[2016.06.06-20.12.45:762][ 54]LogModuleManager: Shutting down and abandoning module TargetPlatform (23)
[2016.06.06-20.12.45:762][ 54]LogModuleManager: Shutting down and abandoning module InputCore (22)
[2016.06.06-20.12.45:762][ 54]LogModuleManager: Shutting down and abandoning module Settings (21)
[2016.06.06-20.12.45:762][ 54]LogModuleManager: Shutting down and abandoning module OnlineSubsystem (19)
[2016.06.06-20.12.45:762][ 54]LogModuleManager: Shutting down and abandoning module HTTP (18)
[2016.06.06-20.12.47:766][ 54]LogModuleManager: Shutting down and abandoning module XMPP (17)
[2016.06.06-20.12.47:766][ 54]LogModuleManager: Shutting down and abandoning module OculusRift (16)
[2016.06.06-20.12.47:766][ 54]LogModuleManager: Shutting down and abandoning module ExampleDeviceProfileSelector (15)
[2016.06.06-20.12.47:766][ 54]LogModuleManager: Shutting down and abandoning module TextureCompressor (14)
[2016.06.06-20.12.47:766][ 54]LogModuleManager: Shutting down and abandoning module ShaderCore (13)
[2016.06.06-20.12.47:766][ 54]LogModuleManager: Shutting down and abandoning module Landscape (12)
[2016.06.06-20.12.47:766][ 54]LogModuleManager: Shutting down and abandoning module SlateRHIRenderer (11)
[2016.06.06-20.12.47:769][ 54]LogModuleManager: Shutting down and abandoning module OpenGLDrv (10)
[2016.06.06-20.12.47:770][ 54]LogModuleManager: Shutting down and abandoning module D3D11RHI (9)
[2016.06.06-20.12.47:770][ 54]LogModuleManager: Shutting down and abandoning module AnimGraphRuntime (8)
[2016.06.06-20.12.47:770][ 54]LogModuleManager: Shutting down and abandoning module Renderer (7)
[2016.06.06-20.12.47:770][ 54]LogModuleManager: Shutting down and abandoning module Engine (6)
[2016.06.06-20.12.47:770][ 54]LogModuleManager: Shutting down and abandoning module CoreUObject (5)
[2016.06.06-20.12.47:770][ 54]LogModuleManager: Shutting down and abandoning module NetworkFile (4)
[2016.06.06-20.12.47:770][ 54]LogModuleManager: Shutting down and abandoning module StreamingFile (3)
[2016.06.06-20.12.47:770][ 54]LogModuleManager: Shutting down and abandoning module SandboxFile (2)
[2016.06.06-20.12.47:770][ 54]LogModuleManager: Shutting down and abandoning module PakFile (1)
[2016.06.06-20.12.47:772][ 54]LogExit: Exiting.
[2016.06.06-20.12.47:774][ 54]Log file closed, 06/06/16 22:12:47
