[2016.04.28-01.33.01:115][  0]Log file open, 04/28/16 03:33:01
[2016.04.28-01.33.01:115][  0]LogInit:Display: Running engine for game: Runner
[2016.04.28-01.33.01:115][  0]LogPlatformFile: Not using cached read wrapper
[2016.04.28-01.33.01:115][  0]LogInit:Display: RandInit(-1543668766) SRandInit(-1543668764).
[2016.04.28-01.33.01:115][  0]LogTaskGraph: Started task graph with 4 named threads and 7 total threads.
[2016.04.28-01.33.01:115][  0]LogStats: Stats thread started at 0.143156
[2016.04.28-01.33.01:115][  0]LogInit: Version: 4.10.4-2872498+++depot+UE4-Releases+4.10
[2016.04.28-01.33.01:115][  0]LogInit: API Version: 2758231
[2016.04.28-01.33.01:115][  0]LogInit: Compiled (64-bit): Feb 18 2016 15:47:04
[2016.04.28-01.33.01:115][  0]LogInit: Compiled with Visual C++: 19.00.23026.00
[2016.04.28-01.33.01:115][  0]LogInit: Build Configuration: Development
[2016.04.28-01.33.01:115][  0]LogInit: Branch Name: ++depot+UE4-Releases+4.10
[2016.04.28-01.33.01:115][  0]LogInit: Command line:  
[2016.04.28-01.33.01:115][  0]LogInit: Base directory: C:/Program Files/Epic Games/4.10/Engine/Binaries/Win64/
[2016.04.28-01.33.01:115][  0]LogInit: Rocket: 1
[2016.04.28-01.33.01:266][  0]LogInit: Using libcurl 7.41.0
[2016.04.28-01.33.01:266][  0]LogInit:  - built for x86_64-pc-win32
[2016.04.28-01.33.01:266][  0]LogInit:  - supports SSL with WinSSL
[2016.04.28-01.33.01:266][  0]LogInit:  - other features:
[2016.04.28-01.33.01:266][  0]LogInit:      CURL_VERSION_SSL
[2016.04.28-01.33.01:266][  0]LogInit:      CURL_VERSION_IPV6
[2016.04.28-01.33.01:266][  0]LogInit:      CURL_VERSION_ASYNCHDNS
[2016.04.28-01.33.01:266][  0]LogInit:      CURL_VERSION_LARGEFILE
[2016.04.28-01.33.01:266][  0]LogInit:      CURL_VERSION_IDN
[2016.04.28-01.33.01:266][  0]LogInit:  CurlRequestOptions (configurable via config and command line):
[2016.04.28-01.33.01:266][  0]LogInit:  - bVerifyPeer = true  - Libcurl will verify peer certificate
[2016.04.28-01.33.01:266][  0]LogInit:  - bUseHttpProxy = false  - Libcurl will NOT use HTTP proxy
[2016.04.28-01.33.01:266][  0]LogInit:  - bDontReuseConnections = false  - Libcurl will reuse connections
[2016.04.28-01.33.01:266][  0]LogInit:  - CertBundlePath = nullptr  - Libcurl will use whatever was configured at build time.
[2016.04.28-01.33.01:351][  0]LogInit: Presizing for 0 objects not considered by GC, pre-allocating 0 bytes.
[2016.04.28-01.33.01:370][  0]LogInit: Object subsystem initialized
[2016.04.28-01.33.01:371][  0]LogInit: Selected Device Profile: [Windows]
[2016.04.28-01.33.01:371][  0]LogInit: Applying CVar settings loaded from the selected device profile: [Windows]
[2016.04.28-01.33.01:388][  0]LogInit: Computer: JOHANS_MONSTER
[2016.04.28-01.33.01:388][  0]LogInit: User: Johan
[2016.04.28-01.33.01:388][  0]LogInit: CPU Page size=4096, Cores=4
[2016.04.28-01.33.01:388][  0]LogInit: High frequency timer resolution =3.312787 MHz
[2016.04.28-01.33.01:388][  0]LogMemory: Memory total: Physical=16.0GB (16GB approx)
[2016.04.28-01.33.01:388][  0]LogMemory: Platform Memory Stats for Windows
[2016.04.28-01.33.01:388][  0]LogMemory: Process Physical Memory: 56.47 MB used, 56.47 MB peak
[2016.04.28-01.33.01:388][  0]LogMemory: Process Virtual Memory: 58.62 MB used, 58.62 MB peak
[2016.04.28-01.33.01:388][  0]LogMemory: Physical Memory: 3802.77 MB used, 16337.33 MB total
[2016.04.28-01.33.01:388][  0]LogMemory: Virtual Memory: 384.79 MB used, 134217728.00 MB total
[2016.04.28-01.33.01:714][  0]LogTextLocalizationManager: No translations for ('sv-SE') exist, falling back to 'en' for localization and internationalization data.
[2016.04.28-01.33.02:221][  0]LogD3D11RHI: Found D3D11 adapter 0: NVIDIA GeForce GTX 560 SE (Feature Level 11_0)
[2016.04.28-01.33.02:221][  0]LogD3D11RHI: Adapter has 977MB of dedicated video memory, 0MB of dedicated system memory, and 8168MB of shared system memory, 1 output[s]
[2016.04.28-01.33.02:222][  0]LogD3D11RHI: Found D3D11 adapter 1: Microsoft Basic Render Driver (Feature Level 11_0)
[2016.04.28-01.33.02:222][  0]LogD3D11RHI: Adapter has 0MB of dedicated video memory, 0MB of dedicated system memory, and 8168MB of shared system memory, 0 output[s]
[2016.04.28-01.33.02:222][  0]LogD3D11RHI: Chosen D3D11 Adapter Id = 0
[2016.04.28-01.33.02:226][  0]LogD3D11RHI: !Direct3DDevice
[2016.04.28-01.33.02:226][  0]LogRHI: Texture pool is 684 MB (70% of 977 MB)
[2016.04.28-01.33.02:237][  0]LogD3D11RHI: Async texture creation enabled
[2016.04.28-01.33.02:252][  0]LogShaderCompilers: Guid format shader working directory is -7 characters bigger than the processId version (../../../../../../Users/Johan/Documents/GitHub/Runner/Intermediate/Shaders/WorkingDirectory/4444/).
[2016.04.28-01.33.02:252][  0]LogShaderCompilers: Cleaned the shader compiler working directory 'C:/Users/Johan/AppData/Local/Temp/UnrealShaderWorkingDir/A344B245478C93A8E3BD2082E667DB23/'.
[2016.04.28-01.33.02:253][  0]LogShaderCompilers:Display: Using Local Shader Compiler.
[2016.04.28-01.33.04:152][  0]LogTemp:Display: Loaded TP AllDesktopTargetPlatform
[2016.04.28-01.33.04:162][  0]LogTemp:Display: Loaded TP WindowsClientTargetPlatform
[2016.04.28-01.33.04:168][  0]LogTemp:Display: Loaded TP WindowsNoEditorTargetPlatform
[2016.04.28-01.33.04:174][  0]LogTemp:Display: Loaded TP WindowsServerTargetPlatform
[2016.04.28-01.33.04:179][  0]LogTemp:Display: Loaded TP WindowsTargetPlatform
[2016.04.28-01.33.04:184][  0]LogTemp:Display: Loaded TP AndroidTargetPlatform
[2016.04.28-01.33.04:188][  0]LogTemp:Display: Loaded TP Android_ASTCTargetPlatform
[2016.04.28-01.33.04:191][  0]LogTemp:Display: Loaded TP Android_ATCTargetPlatform
[2016.04.28-01.33.04:194][  0]LogTemp:Display: Loaded TP Android_DXTTargetPlatform
[2016.04.28-01.33.04:197][  0]LogTemp:Display: Loaded TP Android_ETC1TargetPlatform
[2016.04.28-01.33.04:200][  0]LogTemp:Display: Loaded TP Android_ETC2TargetPlatform
[2016.04.28-01.33.04:206][  0]LogTemp:Display: Loaded TP Android_MultiTargetPlatform
[2016.04.28-01.33.04:206][  0]LogTemp:Display: Loaded TP Android_PVRTCTargetPlatform
[2016.04.28-01.33.04:207][  0]LogTemp:Display: Loaded TP HTML5TargetPlatform
[2016.04.28-01.33.04:275][  0]LogTemp:Display: Loaded TP IOSTargetPlatform
[2016.04.28-01.33.04:277][  0]LogTemp:Display: Loaded TP LinuxNoEditorTargetPlatform
[2016.04.28-01.33.04:280][  0]LogTemp:Display: Loaded TP LinuxServerTargetPlatform
[2016.04.28-01.33.04:286][  0]LogTemp:Display: Loaded TP LinuxTargetPlatform
[2016.04.28-01.33.04:286][  0]LogTargetPlatformManager:Display: Building Assets For Windows
[2016.04.28-01.33.05:100][  0]LogDerivedDataCache:Display: Max Cache Size: 512 MB
[2016.04.28-01.33.05:554][  0]LogDerivedDataCache: Loaded boot cache 0.45s 41MB C:/Users/Johan/AppData/Local/UnrealEngine/4.10/DerivedDataCache/Boot.ddc.
[2016.04.28-01.33.05:554][  0]LogDerivedDataCache:Display: Loaded Boot cache: C:/Users/Johan/AppData/Local/UnrealEngine/4.10/DerivedDataCache/Boot.ddc
[2016.04.28-01.33.05:554][  0]LogDerivedDataCache: FDerivedDataBackendGraph:  Pak pak cache file ../../../../../../Users/Johan/Documents/GitHub/Runner/DerivedDataCache/DDC.ddp not found, will not use a pak cache.
[2016.04.28-01.33.05:554][  0]LogDerivedDataCache: Unable to find inner node Pak for hierarchical cache Hierarchy.
[2016.04.28-01.33.05:555][  0]LogDerivedDataCache: FDerivedDataBackendGraph:  CompressedPak pak cache file ../../../../../../Users/Johan/Documents/GitHub/Runner/DerivedDataCache/Compressed.ddp not found, will not use a pak cache.
[2016.04.28-01.33.05:555][  0]LogDerivedDataCache: Unable to find inner node CompressedPak for hierarchical cache Hierarchy.
[2016.04.28-01.33.05:705][  0]LogDerivedDataCache:Display: Pak cache opened for reading ../../../Engine/DerivedDataCache/Compressed.ddp.
[2016.04.28-01.33.05:716][  0]LogDerivedDataCache: Using Local data cache path C:/Users/Johan/AppData/Local/UnrealEngine/Common/DerivedDataCache: Writable
[2016.04.28-01.33.15:982][  0]LogInit: Selected Device Profile: [Windows]
[2016.04.28-01.33.15:985][  0]LogContentStreaming: Texture pool size is 0.000000MB
[2016.04.28-01.33.16:101][  0]LogMeshUtilities: No automatic mesh reduction module available
[2016.04.28-01.33.16:101][  0]LogMeshUtilities: No automatic mesh merging module available
[2016.04.28-01.33.16:563][  0]LogInit: WinSock: version 1.1 (2.2), MaxSocks=32767, MaxUdp=65467
[2016.04.28-01.33.35:368][  0]UdpMessaging: Initializing bridge on interface 0.0.0.0:0 to multicast group 230.0.0.1:6666.
[2016.04.28-01.33.35:836][  0]LogAssetRegistry: FAssetRegistry took 0.0111 seconds to start up
[2016.04.28-01.33.36:028][  0]SourceControl: Info Source control is disabled
[2016.04.28-01.33.36:029][  0]SourceControl: Info Source control is disabled
[2016.04.28-01.33.36:043][  0]SourceControl: Info Source control is disabled
[2016.04.28-01.33.36:056][  0]SourceControl: Info Source control is disabled
[2016.04.28-01.33.37:207][  0]LogObj: 28633 objects as part of root set at end of initial load.
[2016.04.28-01.33.37:207][  0]LogUObjectAllocator: 6099744 out of 0 bytes used by permanent object pool.
[2016.04.28-01.33.37:352][  0]LogEngine: Initializing Engine...
[2016.04.28-01.33.37:358][  0]LogHMD: Can't find Oculus library dev build: is proper Runtime installed? Version: 0.8.0.0
[2016.04.28-01.33.37:386][  0]LogHMD: SteamVR failed to initialize.  Err: 110
[2016.04.28-01.33.37:543][  0]LogAIModule: Creating AISystem for world NewWorld
[2016.04.28-01.33.37:633][  0]LogInit: XAudio2 using 'Speakers (USB Sound Device        )' : 2 channels at 44.1 kHz using 16 bits per sample (channel mask 0x3)
[2016.04.28-01.33.37:648][  0]LogInit: FAudioDevice initialized.
[2016.04.28-01.33.37:676][  0]LogDerivedDataCache: Saved boot cache 0.03s 41MB C:/Users/Johan/AppData/Local/UnrealEngine/4.10/DerivedDataCache/Boot.ddc.
[2016.04.28-01.33.37:683][  0]LogInit: Texture streaming: Enabled
[2016.04.28-01.33.37:689][  0]LogAnalytics: Creating configured Analytics provider AnalyticsET
[2016.04.28-01.33.37:689][  0]LogAnalytics: [UEEditor.Rocket.Release] APIServer = http://et2.epicgames.com/ET2/. AppVersion = 4.10.4-2872498+++depot+UE4-Releases+4.10
[2016.04.28-01.33.37:689][  0]LogAnalytics: [UEEditor.Rocket.Release] SetUserId e13f53c54a08433fc09043aa962b451a|75ba5683578c43329a0522a4b145a097|e6dac55f-4bf9-412a-b229-53d1a5ef9356
[2016.04.28-01.33.37:689][  0]LogAnalytics: [UEEditor.Rocket.Release] AnalyticsET::StartSession
[2016.04.28-01.33.37:818][  0]LogInit: Transaction tracking system initialized
[2016.04.28-01.33.37:854][  0]BlueprintLog: New page: Editor Load
[2016.04.28-01.33.39:757][  0]LocalizationService: Info Localization service is disabled
[2016.04.28-01.33.40:510][  0]LogConsoleResponse:Display: 
[2016.04.28-01.33.44:495][  0]LogCook:Display: Done creating registry. It took  0.00s.
[2016.04.28-01.33.45:565][  0]LogFileCache: Scanning file cache for directory 'C:/Users/Johan/Documents/GitHub/Runner/Content/' took 0.02s
[2016.04.28-01.33.45:614][  0]SourceControl: Info Source control is disabled
[2016.04.28-01.33.45:614][  0]Cmd: MAP LOAD FILE="../../../../../../Users/Johan/Documents/GitHub/Runner/Content/RunnerAssets/RunnerMap.umap" TEMPLATE=0 SHOWPROGRESS=1 FEATURELEVEL=3
[2016.04.28-01.33.45:615][  0]LightingResults: New page: Lighting Build
[2016.04.28-01.33.45:618][  0]MapCheck: New page: Map Check
[2016.04.28-01.33.45:618][  0]LightingResults: New page: Lighting Build
[2016.04.28-01.33.45:630][  0]LogParticles: Destroying 0 GPU particle simulations for FXSystem 0x00000206852B6160
[2016.04.28-01.34.10:111][  0]LogAIModule: Creating AISystem for world RunnerMap
[2016.04.28-01.34.10:306][  0]LogEditorServer: Finished looking for orphan Actors (0.000 secs)
[2016.04.28-01.34.10:307][  0]Cmd: MAP CHECKDEP NOCLEARLOG
[2016.04.28-01.34.10:373][  0]MapCheck: Info Map check complete: 0 Error(s), 0 Warning(s), took 66.397ms to complete.
[2016.04.28-01.34.10:373][  0]LogFileHelpers: Loading map 'RunnerMap' took 24.759
[2016.04.28-01.34.10:729][  0]LogCollectionManager: Loaded 0 collections in 0.003304 seconds
[2016.04.28-01.34.10:768][  0]LogFileCache: Scanning file cache for directory 'C:/Users/Johan/Documents/GitHub/Runner/Saved/Collections/' took 0.01s
[2016.04.28-01.34.10:768][  0]LogFileCache: Scanning file cache for directory 'C:/Users/Johan/Documents/GitHub/Runner/Content/Developers/Johan/Collections/' took 0.01s
[2016.04.28-01.34.10:768][  0]LogFileCache: Scanning file cache for directory 'C:/Users/Johan/Documents/GitHub/Runner/Content/Collections/' took 0.01s
[2016.04.28-01.34.10:768][  0]LogCollectionManager: Rebuilt the GUID cache for 0 collections in 0.000002 seconds
[2016.04.28-01.34.10:776][  0]LogContentBrowser: Native class hierarchy populated in 0.0083 seconds. Added 1893 classes and 338 folders.
[2016.04.28-01.34.10:783][  0]LogContentBrowser: Native class hierarchy updated for 'WidgetCarousel' in 0.0003 seconds. Added 0 classes and 0 folders.
[2016.04.28-01.34.17:468][  0]LogContentBrowser: Native class hierarchy updated for 'AddContentDialog' in 0.0004 seconds. Added 0 classes and 0 folders.
[2016.04.28-01.34.17:473][  0]LogContentBrowser: Native class hierarchy updated for 'SceneOutliner' in 0.0003 seconds. Added 1 classes and 2 folders.
[2016.04.28-01.34.18:488][  0]LogCrashTracker: Crashtracker disabled due to settings.
[2016.04.28-01.34.18:494][  0]LogUObjectGlobals:Warning: Failed to find object 'Class None.'
[2016.04.28-01.34.18:516][  0]LogLoad: Full Startup: 78.39 seconds (BP compile: 0.47 seconds)
[2016.04.28-01.34.18:858][  0]LogOcInput: Can't find Oculus library dev build: is proper Runtime installed? Version: 0.8.0.0
[2016.04.28-01.34.18:952][  0]LogContentStreaming: Texture pool size now 1000 MB
[2016.04.28-01.34.19:508][  2]LogRenderer: Reallocating scene render targets to support 936x496 (Frame:2).
[2016.04.28-01.34.41:710][ 69]LogAssetRegistry: Asset discovery search completed in 65.8848 seconds
[2016.04.28-01.34.41:710][ 69]LogCollectionManager: Rebuilt the object cache for 0 collections in 0.000001 seconds (found 0 objects)
[2016.04.28-01.34.41:710][ 69]LogCollectionManager: Fixed up redirectors for 0 collections in 0.000019 seconds (updated 0 objects)
[2016.04.28-01.35.50:292][ 35]LogFactory: FactoryCreateBinary: Texture with ReimportTextureFactory (0 0 C:\Users\Johan\Documents\GitHub\Runner\WIP - files\Texturer\Gate_fens.png)
[2016.04.28-01.35.50:652][ 35]LogTexture:Display: Building textures: Gate_fens (AutoDXT)
[2016.04.28-01.36.03:240][ 60]LogFactory: FactoryCreateBinary: Texture with ReimportTextureFactory (0 0 C:\Users\Johan\Documents\GitHub\Runner\WIP - files\Texturer\plattformar02.jpg)
[2016.04.28-01.36.05:474][ 60]LogTexture:Display: Building textures: plattformar02 (AutoDXT)
[2016.04.28-01.36.31:180][995]LogFactory: FactoryCreateBinary: StaticMesh with FbxFactory (0 0 C:\Users\Johan\Documents\GitHub\Runner\WIP - files\Exporterade filer\rail.fbx)
[2016.04.28-01.36.31:430][995]LogFbx: ItemName: GlobalSettings, ItemCount : 1
[2016.04.28-01.36.31:430][995]LogFbx: ItemName: AnimationStack, ItemCount : 1
[2016.04.28-01.36.31:430][995]LogFbx: ItemName: AnimationLayer, ItemCount : 1
[2016.04.28-01.36.31:430][995]LogFbx: ItemName: Geometry, ItemCount : 1
[2016.04.28-01.36.31:430][995]LogFbx: ItemName: Material, ItemCount : 1
[2016.04.28-01.36.31:430][995]LogFbx: ItemName: Texture, ItemCount : 1
[2016.04.28-01.36.31:430][995]LogFbx: ItemName: Model, ItemCount : 1
[2016.04.28-01.36.31:430][995]LogFbx: ItemName: Video, ItemCount : 1
[2016.04.28-01.36.31:512][995]LogFbx: Loading FBX Scene from C:\Users\Johan\Documents\GitHub\Runner\WIP - files\Exporterade filer\rail.fbx
[2016.04.28-01.36.31:607][995]LogFbx: FBX Scene Loaded Succesfully
[2016.04.28-01.36.38:990][995]LogFbx: Loading FBX Scene from C:\Users\Johan\Documents\GitHub\Runner\WIP - files\Exporterade filer\rail.fbx
[2016.04.28-01.36.39:065][995]LogFbx: FBX Scene Loaded Succesfully
[2016.04.28-01.36.39:122][995]LogLinker:Warning: Can't find file '/Game/RunnerAssets/Meshes/lambert2'
[2016.04.28-01.36.39:122][995]LogLinker:Warning: Can't find file '/Game/RunnerAssets/Meshes/lambert2'
[2016.04.28-01.36.39:125][995]LogLinker:Warning: Can't find file '/Game/RunnerAssets/Meshes/Gate_fens'
[2016.04.28-01.36.39:125][995]LogLinker:Warning: Can't find file '/Game/RunnerAssets/Meshes/Gate_fens'
[2016.04.28-01.36.39:125][995]LogUObjectGlobals:Warning: Failed to find object 'Texture /Game/RunnerAssets/Meshes/Gate_fens.Gate_fens'
[2016.04.28-01.36.39:125][995]LogStreaming:Warning: Failed to read file '/Users/martinjonsson/Desktop/Runner/WIP - files/Texturer/Gate_fens.psd' error.
[2016.04.28-01.36.39:125][995]LogStreaming:Warning: Failed to read file 'C:\Users\Johan\Documents\GitHub\Runner\WIP - files\Exporterade filer/..\..\..\..\..\..\martinjonsson\Desktop\Runner\WIP - files\Texturer\Gate_fens.psd' error.
[2016.04.28-01.36.39:125][995]LogStreaming:Warning: Failed to read file 'C:\Users\Johan\Documents\GitHub\Runner\WIP - files\Exporterade filer/Gate_fens.psd' error.
[2016.04.28-01.36.39:125][995]LogFbxMaterialImport:Warning: Unable to find TEXTure file Gate_fens.psd. Tried:
 - /Users/martinjonsson/Desktop/Runner/WIP - files/Texturer/Gate_fens.psd
 - C:\Users\Johan\Documents\GitHub\Runner\WIP - files\Exporterade filer/..\..\..\..\..\..\martinjonsson\Desktop\Runner\WIP - files\Texturer\Gate_fens.psd
 - C:\Users\Johan\Documents\GitHub\Runner\WIP - files\Exporterade filer/Gate_fens.psd
[2016.04.28-01.36.39:129][995]LogMaterial: Missing cached shader map for material lambert2, compiling. 
[2016.04.28-01.36.39:146][995]LogFbx:Warning: Triangulating static mesh pCube1
[2016.04.28-01.36.39:310][995]LogStaticMesh: Building static mesh rail...
[2016.04.28-01.36.39:325][995]LogStaticMesh: Built static mesh [0.014718.2s] /Game/RunnerAssets/Meshes/rail.rail
[2016.04.28-01.36.39:612][995]FBXImport:Warning: Warning Warning: No smoothing group information was found in this FBX scene.  Please make sure to enable the 'Export Smoothing Groups' option in the FBX Exporter plug-in before exporting the file.  Even for tools that don't support smoothing groups, the FBX Exporter will generate appropriate smoothing data at export-time so that correct vertex normals can be inferred while importing. 
[2016.04.28-01.36.52:215][581]LogFactory: FactoryCreateBinary: StaticMesh with FbxFactory (0 0 C:\Users\Johan\Documents\GitHub\Runner\WIP - files\Exporterade filer\gate.fbx)
[2016.04.28-01.36.52:229][581]LogFbx: ItemName: GlobalSettings, ItemCount : 1
[2016.04.28-01.36.52:229][581]LogFbx: ItemName: AnimationStack, ItemCount : 1
[2016.04.28-01.36.52:229][581]LogFbx: ItemName: AnimationLayer, ItemCount : 1
[2016.04.28-01.36.52:229][581]LogFbx: ItemName: Geometry, ItemCount : 1
[2016.04.28-01.36.52:229][581]LogFbx: ItemName: Material, ItemCount : 1
[2016.04.28-01.36.52:229][581]LogFbx: ItemName: Texture, ItemCount : 1
[2016.04.28-01.36.52:229][581]LogFbx: ItemName: Model, ItemCount : 1
[2016.04.28-01.36.52:229][581]LogFbx: ItemName: Video, ItemCount : 1
[2016.04.28-01.36.52:299][581]LogFbx: Loading FBX Scene from C:\Users\Johan\Documents\GitHub\Runner\WIP - files\Exporterade filer\gate.fbx
[2016.04.28-01.36.52:380][581]LogFbx: FBX Scene Loaded Succesfully
[2016.04.28-01.36.55:254][581]LogFbx: Loading FBX Scene from C:\Users\Johan\Documents\GitHub\Runner\WIP - files\Exporterade filer\gate.fbx
[2016.04.28-01.36.55:335][581]LogFbx: FBX Scene Loaded Succesfully
[2016.04.28-01.36.55:359][581]LogFbx:Warning: Triangulating static mesh polySurface1
[2016.04.28-01.36.55:859][581]LogStaticMesh: Building static mesh gate...
[2016.04.28-01.36.55:903][581]LogStaticMesh: Built static mesh [0.044991.2s] /Game/RunnerAssets/Meshes/gate.gate
[2016.04.28-01.36.55:908][581]LogStaticMesh:Warning: gate has degenerate tangent bases which will result in incorrect shading. 
[2016.04.28-01.36.55:912][581]FBXImport:Warning: Warning Warning: No smoothing group information was found in this FBX scene.  Please make sure to enable the 'Export Smoothing Groups' option in the FBX Exporter plug-in before exporting the file.  Even for tools that don't support smoothing groups, the FBX Exporter will generate appropriate smoothing data at export-time so that correct vertex normals can be inferred while importing. 
[2016.04.28-01.36.55:912][581]FBXImport:Warning: Warning gate has degenerate tangent bases which will result in incorrect shading.  
[2016.04.28-01.37.12:099][292]LogRenderer: Reallocating scene render targets to support 1432x1032 (Frame:4748).
[2016.04.28-01.37.46:092][770]LogMaterial: Missing cached shader map for material Prop_runner_Mat2, compiling. 
[2016.04.28-01.37.59:351][120]LogParticles: Destroying 0 GPU particle simulations for FXSystem 0x00000206948E8AE0
[2016.04.28-01.38.03:574][185]LogMaterial: Missing cached shader map for material Prop_runner_Mat2, compiling. 
[2016.04.28-01.38.03:698][185]LogMaterial: Missing cached shader map for material Prop_runner_Mat2, compiling. 
[2016.04.28-01.38.03:702][185]LogMaterial: 0.000063 seconds spent updating 1 materials, 1 interfaces, 0 instances, 0 with static permutations.
[2016.04.28-01.38.03:760][185]LogMaterial: Missing cached shader map for material FMatExpressionPreview MaterialExpressionTextureSample_0, compiling. 
[2016.04.28-01.38.04:636][222]MaterialEditorStats: Info Base pass shader with only dynamic lighting: 32 instructions
[2016.04.28-01.38.04:636][222]MaterialEditorStats: Info Vertex shader: 33 instructions
[2016.04.28-01.38.04:636][222]MaterialEditorStats: Info Texture samplers: 1/16
[2016.04.28-01.38.14:589][  5]LogMaterial: Missing cached shader map for material Prop_runner_Mat2, compiling. 
[2016.04.28-01.38.14:592][  5]LogMaterial: 0.000074 seconds spent updating 1 materials, 1 interfaces, 0 instances, 0 with static permutations.
[2016.04.28-01.38.14:617][  5]LogMaterial: Missing cached shader map for material FMatExpressionPreview MaterialExpressionTextureSample_0, compiling. 
[2016.04.28-01.38.15:457][ 53]MaterialEditorStats: Info Base pass shader with only dynamic lighting: 32 instructions
[2016.04.28-01.38.15:458][ 53]MaterialEditorStats: Info Vertex shader: 33 instructions
[2016.04.28-01.38.15:458][ 53]MaterialEditorStats: Info Texture samplers: 1/16
[2016.04.28-01.38.18:840][300]LogMaterial: Missing cached shader map for material Prop_runner_Mat2, compiling. 
[2016.04.28-01.38.18:843][300]LogMaterial: 0.000081 seconds spent updating 1 materials, 1 interfaces, 0 instances, 0 with static permutations.
[2016.04.28-01.38.18:869][300]LogMaterial: Missing cached shader map for material FMatExpressionPreview MaterialExpressionTextureSample_0, compiling. 
[2016.04.28-01.38.19:644][343]MaterialEditorStats: Info Base pass shader with only dynamic lighting: 32 instructions
[2016.04.28-01.38.19:644][343]MaterialEditorStats: Info Vertex shader: 33 instructions
[2016.04.28-01.38.19:644][343]MaterialEditorStats: Info Texture samplers: 1/16
[2016.04.28-01.38.21:027][427]LogMaterialEditor: Saving and Compiling material Prop_runner_Mat2
[2016.04.28-01.38.21:366][427]LogMaterial: Missing cached shader map for material Prop_runner_Mat2, compiling. 
[2016.04.28-01.38.21:376][427]LogMaterial: 0.000055 seconds spent updating 1 materials, 1 interfaces, 0 instances, 0 with static permutations.
[2016.04.28-01.38.21:394][427]LogMaterial: Missing cached shader map for material Prop_runner_Mat2, compiling. 
[2016.04.28-01.38.21:407][427]LogMaterial: Missing cached shader map for material Prop_runner_Mat2, compiling. 
[2016.04.28-01.38.21:416][427]LogMaterial: 0.001153 seconds spent updating 1 materials, 1 interfaces, 0 instances, 0 with static permutations.
[2016.04.28-01.38.23:393][427]Cmd: OBJ SAVEPACKAGE PACKAGE="/Game/RunnerAssets/Materials/Prop_runner_Mat2" FILE="../../../../../../Users/Johan/Documents/GitHub/Runner/Content/RunnerAssets/Materials/Prop_runner_Mat2.uasset" SILENT=true
[2016.04.28-01.38.23:414][427]LogSavePackage: Save=12.797684ms
[2016.04.28-01.38.23:414][427]LogSavePackage: Moving '../../../../../../Users/Johan/Documents/GitHub/Runner/Saved/Prop_runner_Mat22433AEDB4BD8E995150181B7AF889156.tmp' to '../../../../../../Users/Johan/Documents/GitHub/Runner/Content/RunnerAssets/Materials/Prop_runner_Mat2.uasset'
[2016.04.28-01.38.23:417][427]LogSavePackage: Total save time: 18.843047ms
[2016.04.28-01.38.23:417][427]LogSavePackage:Display: Finished SavePackage ../../../../../../Users/Johan/Documents/GitHub/Runner/Content/RunnerAssets/Materials/Prop_runner_Mat2.uasset
[2016.04.28-01.38.23:424][427]MaterialEditorStats: Info Base pass shader with only dynamic lighting: 61 instructions
[2016.04.28-01.38.23:424][427]MaterialEditorStats: Info Vertex shader: 33 instructions
[2016.04.28-01.38.23:424][427]MaterialEditorStats: Info Texture samplers: 4/16
[2016.04.28-01.38.48:580][844]Cmd: OBJ SAVEPACKAGE PACKAGE="/Game/RunnerAssets/Materials/gate_fens_Mat" FILE="../../../../../../Users/Johan/Documents/GitHub/Runner/Content/RunnerAssets/Materials/gate_fens_Mat.uasset" SILENT=true
[2016.04.28-01.38.48:595][844]LogSavePackage: Save=13.072679ms
[2016.04.28-01.38.48:595][844]LogSavePackage: Moving '../../../../../../Users/Johan/Documents/GitHub/Runner/Saved/gate_fens_Mat0836182D4DE5C2905F3BADBF3960B31B.tmp' to '../../../../../../Users/Johan/Documents/GitHub/Runner/Content/RunnerAssets/Materials/gate_fens_Mat.uasset'
[2016.04.28-01.38.48:597][844]LogSavePackage: Total save time: 15.648153ms
[2016.04.28-01.38.48:597][844]LogSavePackage:Display: Finished SavePackage ../../../../../../Users/Johan/Documents/GitHub/Runner/Content/RunnerAssets/Materials/gate_fens_Mat.uasset
[2016.04.28-01.38.48:688][844]LogParticles: Destroying 0 GPU particle simulations for FXSystem 0x000002068A676160
[2016.04.28-01.39.04:476][695]Cmd: OBJ SAVEPACKAGE PACKAGE="/Game/RunnerAssets/Meshes/gate" FILE="../../../../../../Users/Johan/Documents/GitHub/Runner/Content/RunnerAssets/Meshes/gate.uasset" SILENT=true
[2016.04.28-01.39.04:491][695]LogSavePackage: Save=12.532348ms
[2016.04.28-01.39.04:491][695]LogSavePackage: Moving '../../../../../../Users/Johan/Documents/GitHub/Runner/Saved/gate8A244668471BBA9CB8130E8B5C534920.tmp' to '../../../../../../Users/Johan/Documents/GitHub/Runner/Content/RunnerAssets/Meshes/gate.uasset'
[2016.04.28-01.39.04:493][695]LogSavePackage: Total save time: 15.239738ms
[2016.04.28-01.39.04:493][695]LogSavePackage:Display: Finished SavePackage ../../../../../../Users/Johan/Documents/GitHub/Runner/Content/RunnerAssets/Meshes/gate.uasset
[2016.04.28-01.39.28:597][145]Cmd: OBJ SAVEPACKAGE PACKAGE="/Game/RunnerAssets/Meshes/rail" FILE="../../../../../../Users/Johan/Documents/GitHub/Runner/Content/RunnerAssets/Meshes/rail.uasset" SILENT=true
[2016.04.28-01.39.28:608][145]LogSavePackage: Save=10.366498ms
[2016.04.28-01.39.28:608][145]LogSavePackage: Moving '../../../../../../Users/Johan/Documents/GitHub/Runner/Saved/rail49A85950445DFF00545149AE361F97D3.tmp' to '../../../../../../Users/Johan/Documents/GitHub/Runner/Content/RunnerAssets/Meshes/rail.uasset'
[2016.04.28-01.39.28:611][145]LogSavePackage: Total save time: 13.155993ms
[2016.04.28-01.39.28:611][145]LogSavePackage:Display: Finished SavePackage ../../../../../../Users/Johan/Documents/GitHub/Runner/Content/RunnerAssets/Meshes/rail.uasset
[2016.04.28-01.39.33:633][414]LogParticles: Destroying 0 GPU particle simulations for FXSystem 0x00000206F79F2980
[2016.04.28-01.39.33:633][414]LogParticles: Destroying 0 GPU particle simulations for FXSystem 0x000002068A719BC0
[2016.04.28-01.39.42:924][712]LogActorFactory: Actor Factory created gate
[2016.04.28-01.39.44:719][878]LogActorFactory: Actor Factory created gate
[2016.04.28-01.40.23:347][  2]LogEditorViewport: Clicking on Actor (LMB): StaticMeshActor (Ledge6)
[2016.04.28-01.40.37:658][214]LogEditorViewport: Clicking on Actor (LMB): DeleteObject_Blueprint_C (DeleteBox_Blueprint)
[2016.04.28-01.40.38:897][312]LogEditorViewport: Clicking Background
[2016.04.28-01.40.56:345][865]LogEditorViewport: Clicking on Actor (LMB): StaticMeshActor (Ledge6)
[2016.04.28-01.41.15:155][522]LogEditorViewport: Clicking on Actor (LMB): StaticMeshActor (Ledge6)
[2016.04.28-01.41.44:414][ 84]LogEditorViewport: Clicking on Actor (LMB): BG_Static_C (BG_Static)
[2016.04.28-01.42.08:184][987]LogActorFactory: Actor Factory created rail
[2016.04.28-01.42.10:375][166]LogActorFactory: Actor Factory created rail
[2016.04.28-01.42.43:404][594]Cmd: TRANSACTION UNDO
[2016.04.28-01.42.43:404][594]LogEditorTransaction: Undo Move Actors
[2016.04.28-01.42.51:387][216]Cmd: TRANSACTION UNDO
[2016.04.28-01.42.51:387][216]LogEditorTransaction: Undo Move Actors
[2016.04.28-01.43.23:462][675]LogEditorViewport: Clicking Background
[2016.04.28-01.43.48:899][308]LogBlueprintUserMessages: Early PlayInEditor Detection: Level '/Game/RunnerAssets/RunnerMap.RunnerMap:PersistentLevel' has LevelScriptBlueprint '/Game/RunnerAssets/RunnerMap.RunnerMap:PersistentLevel.RunnerMap' with GeneratedClass '/Game/RunnerAssets/RunnerMap.RunnerMap_C' with ClassGeneratedBy '/Game/RunnerAssets/RunnerMap.RunnerMap:PersistentLevel.RunnerMap'
[2016.04.28-01.43.48:899][308]LogPlayLevel: PlayLevel: No blueprints needed recompiling
[2016.04.28-01.43.48:899][308]PIE: New page: PIE session: RunnerMap (Apr 28, 2016, 5:43:48 AM)
[2016.04.28-01.43.48:899][308]LogPlayLevel: Creating play world package: /Game/RunnerAssets/UEDPIE_0_RunnerMap
[2016.04.28-01.43.48:935][308]LogPlayLevel: PIE: StaticDuplicateObject took: (0.035543s)
[2016.04.28-01.43.48:936][308]LogAIModule: Creating AISystem for world RunnerMap
[2016.04.28-01.43.48:936][308]LogPlayLevel: PIE: World Init took: (0.001147s)
[2016.04.28-01.43.48:936][308]LogPlayLevel: PIE: Created PIE world by copying editor world from /Game/RunnerAssets/RunnerMap.RunnerMap to /Game/RunnerAssets/UEDPIE_0_RunnerMap.RunnerMap (0.037065s)
[2016.04.28-01.43.48:960][308]LogInit: XAudio2 using 'Speakers (Realtek High Definition Audio)' : 2 channels at 48 kHz using 32 bits per sample (channel mask 0x3)
[2016.04.28-01.43.48:971][308]LogInit: FAudioDevice initialized.
[2016.04.28-01.43.49:117][308]LogLinker:Warning: Can't find file '/Game/SideScrollerBP/Blueprints/SideScrollerGameMode'
[2016.04.28-01.43.49:117][308]LogLinker:Warning: Can't find file '/Game/SideScrollerBP/Blueprints/SideScrollerGameMode'
[2016.04.28-01.43.49:117][308]LogUObjectGlobals:Warning: Failed to find object 'Class /Game/SideScrollerBP/Blueprints/SideScrollerGameMode.SideScrollerGameMode_C'
[2016.04.28-01.43.49:117][308]LogWorld: Game class is 'GameMode'
[2016.04.28-01.43.49:125][308]LogWorld: Bringing World /Game/RunnerAssets/UEDPIE_0_RunnerMap.RunnerMap up for play (max tick rate 0) at 2016.04.28-03.43.49
[2016.04.28-01.43.49:125][308]LogActor:Warning: GameSession /Game/RunnerAssets/UEDPIE_0_RunnerMap.RunnerMap:PersistentLevel.GameSession_0 has natively added scene component(s), but none of them were set as the actor's RootComponent - picking one arbitrarily
[2016.04.28-01.43.49:125][308]LogActor:Warning: GameNetworkManager /Game/RunnerAssets/UEDPIE_0_RunnerMap.RunnerMap:PersistentLevel.GameNetworkManager_0 has natively added scene component(s), but none of them were set as the actor's RootComponent - picking one arbitrarily
[2016.04.28-01.43.49:125][308]LogWorld: Bringing up level for play took: 0.006960
[2016.04.28-01.43.49:126][308]LogGameMode: Warning - PATHS NOT DEFINED or NO PLAYERSTART with positive rating
[2016.04.28-01.43.49:153][308]PIE: Info Play in editor start time for /Game/RunnerAssets/UEDPIE_0_RunnerMap -0.005
[2016.04.28-01.43.49:153][308]LogBlueprintUserMessages: Late PlayInEditor Detection: Level '/Game/RunnerAssets/RunnerMap.RunnerMap:PersistentLevel' has LevelScriptBlueprint '/Game/RunnerAssets/RunnerMap.RunnerMap:PersistentLevel.RunnerMap' with GeneratedClass '/Game/RunnerAssets/RunnerMap.RunnerMap_C' with ClassGeneratedBy '/Game/RunnerAssets/RunnerMap.RunnerMap:PersistentLevel.RunnerMap'
[2016.04.28-01.44.16:064][614]LogBlueprintUserMessages: Early EndPlayMap Detection: Level '/Game/RunnerAssets/RunnerMap.RunnerMap:PersistentLevel' has LevelScriptBlueprint '/Game/RunnerAssets/RunnerMap.RunnerMap:PersistentLevel.RunnerMap' with GeneratedClass '/Game/RunnerAssets/RunnerMap.RunnerMap_C' with ClassGeneratedBy '/Game/RunnerAssets/RunnerMap.RunnerMap:PersistentLevel.RunnerMap'
[2016.04.28-01.44.16:123][614]LogBlueprintUserMessages: Late EndPlayMap Detection: Level '/Game/RunnerAssets/RunnerMap.RunnerMap:PersistentLevel' has LevelScriptBlueprint '/Game/RunnerAssets/RunnerMap.RunnerMap:PersistentLevel.RunnerMap' with GeneratedClass '/Game/RunnerAssets/RunnerMap.RunnerMap_C' with ClassGeneratedBy '/Game/RunnerAssets/RunnerMap.RunnerMap:PersistentLevel.RunnerMap'
[2016.04.28-01.44.16:153][614]LogParticles: Destroying 0 GPU particle simulations for FXSystem 0x000002068A24FA60
[2016.04.28-01.44.21:897][  7]LogEditorViewport: Clicking on Actor (LMB): Block_C (BlockOne)
[2016.04.28-01.44.41:883][672]LogEditorViewport: Clicking on Actor (LMB): PostProcessVolume (PostProcessVolume)
[2016.04.28-01.44.43:122][770]LogEditorViewport: Clicking on Actor (LMB): BG_Static_C (BG_Static)
[2016.04.28-01.44.45:513][966]Cmd: OBJ SAVEPACKAGE PACKAGE="/Game/RunnerAssets/RunnerMap" FILE="../../../../../../Users/Johan/Documents/GitHub/Runner/Content/RunnerAssets/RunnerMap.umap" SILENT=true AUTOSAVING=false KEEPDIRTY=false
[2016.04.28-01.44.45:729][966]LogSavePackage: Save=165.266891ms
[2016.04.28-01.44.45:729][966]LogSavePackage: Moving '../../../../../../Users/Johan/Documents/GitHub/Runner/Saved/RunnerMap05722E254542DDEEE63659945F087E96.tmp' to '../../../../../../Users/Johan/Documents/GitHub/Runner/Content/RunnerAssets/RunnerMap.umap'
[2016.04.28-01.44.45:732][966]LogSavePackage: Total save time: 187.027115ms
[2016.04.28-01.44.45:732][966]LogSavePackage:Display: Finished SavePackage ../../../../../../Users/Johan/Documents/GitHub/Runner/Content/RunnerAssets/RunnerMap.umap
[2016.04.28-01.44.46:763][ 50]LogBlueprintUserMessages: Early PlayInEditor Detection: Level '/Game/RunnerAssets/RunnerMap.RunnerMap:PersistentLevel' has LevelScriptBlueprint '/Game/RunnerAssets/RunnerMap.RunnerMap:PersistentLevel.RunnerMap' with GeneratedClass '/Game/RunnerAssets/RunnerMap.RunnerMap_C' with ClassGeneratedBy '/Game/RunnerAssets/RunnerMap.RunnerMap:PersistentLevel.RunnerMap'
[2016.04.28-01.44.46:763][ 50]LogPlayLevel: PlayLevel: No blueprints needed recompiling
[2016.04.28-01.44.46:763][ 50]PIE: New page: PIE session: RunnerMap (Apr 28, 2016, 5:44:46 AM)
[2016.04.28-01.44.46:763][ 50]LogPlayLevel: Creating play world package: /Game/RunnerAssets/UEDPIE_0_RunnerMap
[2016.04.28-01.44.46:789][ 50]LogPlayLevel: PIE: StaticDuplicateObject took: (0.026581s)
[2016.04.28-01.44.46:790][ 50]LogAIModule: Creating AISystem for world RunnerMap
[2016.04.28-01.44.46:791][ 50]LogPlayLevel: PIE: World Init took: (0.001013s)
[2016.04.28-01.44.46:791][ 50]LogPlayLevel: PIE: Created PIE world by copying editor world from /Game/RunnerAssets/RunnerMap.RunnerMap to /Game/RunnerAssets/UEDPIE_0_RunnerMap.RunnerMap (0.027915s)
[2016.04.28-01.44.46:813][ 50]LogInit: XAudio2 using 'Speakers (Realtek High Definition Audio)' : 2 channels at 48 kHz using 32 bits per sample (channel mask 0x3)
[2016.04.28-01.44.46:834][ 50]LogInit: FAudioDevice initialized.
[2016.04.28-01.44.46:924][ 50]LogLinker:Warning: Can't find file '/Game/SideScrollerBP/Blueprints/SideScrollerGameMode'
[2016.04.28-01.44.46:924][ 50]LogLinker:Warning: Can't find file '/Game/SideScrollerBP/Blueprints/SideScrollerGameMode'
[2016.04.28-01.44.46:924][ 50]LogUObjectGlobals:Warning: Failed to find object 'Class /Game/SideScrollerBP/Blueprints/SideScrollerGameMode.SideScrollerGameMode_C'
[2016.04.28-01.44.46:924][ 50]LogWorld: Game class is 'GameMode'
[2016.04.28-01.44.46:932][ 50]LogWorld: Bringing World /Game/RunnerAssets/UEDPIE_0_RunnerMap.RunnerMap up for play (max tick rate 0) at 2016.04.28-03.44.46
[2016.04.28-01.44.46:932][ 50]LogActor:Warning: GameSession /Game/RunnerAssets/UEDPIE_0_RunnerMap.RunnerMap:PersistentLevel.GameSession_1 has natively added scene component(s), but none of them were set as the actor's RootComponent - picking one arbitrarily
[2016.04.28-01.44.46:932][ 50]LogActor:Warning: GameNetworkManager /Game/RunnerAssets/UEDPIE_0_RunnerMap.RunnerMap:PersistentLevel.GameNetworkManager_1 has natively added scene component(s), but none of them were set as the actor's RootComponent - picking one arbitrarily
[2016.04.28-01.44.46:932][ 50]LogWorld: Bringing up level for play took: 0.006905
[2016.04.28-01.44.46:933][ 50]LogGameMode: Warning - PATHS NOT DEFINED or NO PLAYERSTART with positive rating
[2016.04.28-01.44.46:959][ 50]PIE: Info Play in editor start time for /Game/RunnerAssets/UEDPIE_0_RunnerMap -0.199
[2016.04.28-01.44.46:960][ 50]LogBlueprintUserMessages: Late PlayInEditor Detection: Level '/Game/RunnerAssets/RunnerMap.RunnerMap:PersistentLevel' has LevelScriptBlueprint '/Game/RunnerAssets/RunnerMap.RunnerMap:PersistentLevel.RunnerMap' with GeneratedClass '/Game/RunnerAssets/RunnerMap.RunnerMap_C' with ClassGeneratedBy '/Game/RunnerAssets/RunnerMap.RunnerMap:PersistentLevel.RunnerMap'
[2016.04.28-01.45.36:491][267]LogPackageName: SearchForPackageOnDisk took   0.088s to resolve Death.umap.
[2016.04.28-01.45.36:571][268]LogPackageName: SearchForPackageOnDisk took   0.069s to resolve Death.umap.
[2016.04.28-01.45.36:571][268]LogNet: Browse: /Game/RunnerAssets/Death
[2016.04.28-01.45.36:571][268]LogLoad: LoadMap: /Game/RunnerAssets/Death
[2016.04.28-01.45.36:599][268]LogParticles: Destroying 0 GPU particle simulations for FXSystem 0x000002068A6760C0
[2016.04.28-01.45.36:606][268]Cmd: MEM
[2016.04.28-01.45.36:617][268]LogMemory: Platform Memory Stats for Windows
[2016.04.28-01.45.36:617][268]LogMemory: Process Physical Memory: 1188.80 MB used, 1304.06 MB peak
[2016.04.28-01.45.36:618][268]LogMemory: Process Virtual Memory: 1932.96 MB used, 2112.14 MB peak
[2016.04.28-01.45.36:618][268]LogMemory: Physical Memory: 5594.12 MB used, 16337.33 MB total
[2016.04.28-01.45.36:618][268]LogMemory: Virtual Memory: 2805.86 MB used, 134217728.00 MB total
[2016.04.28-01.45.36:618][268]LogMemory: 
[2016.04.28-01.45.36:618][268]Allocator Stats for TBB: (not implemented)
[2016.04.28-01.45.37:258][268]LogAIModule: Creating AISystem for world Death
[2016.04.28-01.45.37:258][268]LogLinker:Warning: Can't find file '/Game/SideScrollerBP/Blueprints/SideScrollerGameMode'
[2016.04.28-01.45.37:259][268]LogLinker:Warning: Can't find file '/Game/SideScrollerBP/Blueprints/SideScrollerGameMode'
[2016.04.28-01.45.37:259][268]LogUObjectGlobals:Warning: Failed to find object 'Class /Game/SideScrollerBP/Blueprints/SideScrollerGameMode.SideScrollerGameMode_C'
[2016.04.28-01.45.37:259][268]LogWorld: Game class is 'GameMode'
[2016.04.28-01.45.37:260][268]LogWorld: Bringing World /Game/RunnerAssets/UEDPIE_0_Death.Death up for play (max tick rate 0) at 2016.04.28-03.45.37
[2016.04.28-01.45.37:260][268]LogActor:Warning: GameSession /Game/RunnerAssets/UEDPIE_0_Death.Death:PersistentLevel.GameSession_2 has natively added scene component(s), but none of them were set as the actor's RootComponent - picking one arbitrarily
[2016.04.28-01.45.37:261][268]LogActor:Warning: GameNetworkManager /Game/RunnerAssets/UEDPIE_0_Death.Death:PersistentLevel.GameNetworkManager_2 has natively added scene component(s), but none of them were set as the actor's RootComponent - picking one arbitrarily
[2016.04.28-01.45.37:261][268]LogWorld: Bringing up level for play took: 0.001064
[2016.04.28-01.45.37:261][268]LogGameMode: Warning - PATHS NOT DEFINED or NO PLAYERSTART with positive rating
[2016.04.28-01.45.40:470][539]LogBlueprintUserMessages: Early EndPlayMap Detection: Level '/Game/RunnerAssets/RunnerMap.RunnerMap:PersistentLevel' has LevelScriptBlueprint '/Game/RunnerAssets/RunnerMap.RunnerMap:PersistentLevel.RunnerMap' with GeneratedClass '/Game/RunnerAssets/RunnerMap.RunnerMap_C' with ClassGeneratedBy '/Game/RunnerAssets/RunnerMap.RunnerMap:PersistentLevel.RunnerMap'
[2016.04.28-01.45.40:533][539]LogBlueprintUserMessages: Late EndPlayMap Detection: Level '/Game/RunnerAssets/RunnerMap.RunnerMap:PersistentLevel' has LevelScriptBlueprint '/Game/RunnerAssets/RunnerMap.RunnerMap:PersistentLevel.RunnerMap' with GeneratedClass '/Game/RunnerAssets/RunnerMap.RunnerMap_C' with ClassGeneratedBy '/Game/RunnerAssets/RunnerMap.RunnerMap:PersistentLevel.RunnerMap'
[2016.04.28-01.45.40:586][540]LogParticles: Destroying 0 GPU particle simulations for FXSystem 0x00000206F47BFA60
[2016.04.28-01.45.53:284][542]LogEditorViewport: Clicking on Actor (LMB): Block_C (BlockOne)
[2016.04.28-01.46.18:079][606]LogEditorViewport: Clicking on Actor (LMB): StaticMeshActor (Ledge6)
[2016.04.28-01.46.28:760][463]LogEditorViewport: Clicking on Actor (LMB): PostProcessVolume (PostProcessVolume)
[2016.04.28-01.46.32:577][765]LogEditorViewport: Clicking on Actor (LMB): StaticMeshActor (Ledge6)
[2016.04.28-01.46.42:242][532]LogEditorViewport: Clicking on Actor (LMB): StaticMeshActor (rail7)
[2016.04.28-01.46.51:646][206]LogEditorViewport: Clicking on Actor (LMB): StaticMeshActor (rail7)
[2016.04.28-01.46.52:234][252]LogEditorViewport: Clicking on Actor (LMB): StaticMeshActor (rail7)
[2016.04.28-01.46.52:895][306]LogEditorViewport: Clicking on Actor (LMB): BG_Static_C (BG_Static)
[2016.04.28-01.46.54:096][399]LogEditorViewport: Clicking on Actor (LMB): StaticMeshActor (rail7)
[2016.04.28-01.47.05:816][341]Cmd: CAMERA ALIGN ACTIVEVIEWPORTONLY
[2016.04.28-01.47.09:744][656]LogEditorViewport: Clicking on Actor (LMB): StaticMeshActor (Ledge6)
[2016.04.28-01.47.10:912][752]LogEditorViewport: Clicking on Actor (LMB): StaticMeshActor (rail7)
[2016.04.28-01.47.18:403][387]LogEditorViewport: Clicking on Actor (LMB): StaticMeshActor (rail8)
[2016.04.28-01.47.28:679][128]Cmd: CAMERA ALIGN ACTIVEVIEWPORTONLY
[2016.04.28-01.47.47:912][688]LogEditorViewport: Clicking on Actor (LMB): StaticMeshActor (Ledge6)
[2016.04.28-01.47.53:972][168]LogEditorViewport: Clicking on Actor (LMB): StaticMeshActor (Ledge6)
[2016.04.28-01.48.13:945][808]LogEditorViewport: Clicking on Actor (LMB): BG_Scrolling_01_01_C (BG_01_One)
[2016.04.28-01.48.33:056][389]Cmd: OBJ SAVEPACKAGE PACKAGE="/Game/RunnerAssets/RunnerMap" FILE="../../../../../../Users/Johan/Documents/GitHub/Runner/Content/RunnerAssets/RunnerMap.umap" SILENT=true AUTOSAVING=false KEEPDIRTY=false
[2016.04.28-01.48.33:274][389]LogSavePackage: Save=186.283630ms
[2016.04.28-01.48.33:274][389]LogSavePackage: Moving '../../../../../../Users/Johan/Documents/GitHub/Runner/Saved/RunnerMapB6715E9C47B5B88C19895B8AB994D539.tmp' to '../../../../../../Users/Johan/Documents/GitHub/Runner/Content/RunnerAssets/RunnerMap.umap'
[2016.04.28-01.48.33:281][389]LogSavePackage: Total save time: 205.902766ms
[2016.04.28-01.48.33:281][389]LogSavePackage:Display: Finished SavePackage ../../../../../../Users/Johan/Documents/GitHub/Runner/Content/RunnerAssets/RunnerMap.umap
[2016.04.28-01.48.34:455][483]LogBlueprintUserMessages: Early PlayInEditor Detection: Level '/Game/RunnerAssets/RunnerMap.RunnerMap:PersistentLevel' has LevelScriptBlueprint '/Game/RunnerAssets/RunnerMap.RunnerMap:PersistentLevel.RunnerMap' with GeneratedClass '/Game/RunnerAssets/RunnerMap.RunnerMap_C' with ClassGeneratedBy '/Game/RunnerAssets/RunnerMap.RunnerMap:PersistentLevel.RunnerMap'
[2016.04.28-01.48.34:455][483]LogPlayLevel: PlayLevel: No blueprints needed recompiling
[2016.04.28-01.48.34:455][483]PIE: New page: PIE session: RunnerMap (Apr 28, 2016, 5:48:34 AM)
[2016.04.28-01.48.34:455][483]LogPlayLevel: Creating play world package: /Game/RunnerAssets/UEDPIE_0_RunnerMap
[2016.04.28-01.48.34:487][483]LogPlayLevel: PIE: StaticDuplicateObject took: (0.030994s)
[2016.04.28-01.48.34:488][483]LogAIModule: Creating AISystem for world RunnerMap
[2016.04.28-01.48.34:488][483]LogPlayLevel: PIE: World Init took: (0.001334s)
[2016.04.28-01.48.34:489][483]LogPlayLevel: PIE: Created PIE world by copying editor world from /Game/RunnerAssets/RunnerMap.RunnerMap to /Game/RunnerAssets/UEDPIE_0_RunnerMap.RunnerMap (0.032713s)
[2016.04.28-01.48.34:513][483]LogInit: XAudio2 using 'Speakers (Realtek High Definition Audio)' : 2 channels at 48 kHz using 32 bits per sample (channel mask 0x3)
[2016.04.28-01.48.34:535][483]LogInit: FAudioDevice initialized.
[2016.04.28-01.48.34:615][483]LogLinker:Warning: Can't find file '/Game/SideScrollerBP/Blueprints/SideScrollerGameMode'
[2016.04.28-01.48.34:615][483]LogLinker:Warning: Can't find file '/Game/SideScrollerBP/Blueprints/SideScrollerGameMode'
[2016.04.28-01.48.34:615][483]LogUObjectGlobals:Warning: Failed to find object 'Class /Game/SideScrollerBP/Blueprints/SideScrollerGameMode.SideScrollerGameMode_C'
[2016.04.28-01.48.34:615][483]LogWorld: Game class is 'GameMode'
[2016.04.28-01.48.34:623][483]LogWorld: Bringing World /Game/RunnerAssets/UEDPIE_0_RunnerMap.RunnerMap up for play (max tick rate 0) at 2016.04.28-03.48.34
[2016.04.28-01.48.34:623][483]LogActor:Warning: GameSession /Game/RunnerAssets/UEDPIE_0_RunnerMap.RunnerMap:PersistentLevel.GameSession_3 has natively added scene component(s), but none of them were set as the actor's RootComponent - picking one arbitrarily
[2016.04.28-01.48.34:623][483]LogActor:Warning: GameNetworkManager /Game/RunnerAssets/UEDPIE_0_RunnerMap.RunnerMap:PersistentLevel.GameNetworkManager_3 has natively added scene component(s), but none of them were set as the actor's RootComponent - picking one arbitrarily
[2016.04.28-01.48.34:624][483]LogWorld: Bringing up level for play took: 0.007233
[2016.04.28-01.48.34:624][483]LogGameMode: Warning - PATHS NOT DEFINED or NO PLAYERSTART with positive rating
[2016.04.28-01.48.34:649][483]PIE: Info Play in editor start time for /Game/RunnerAssets/UEDPIE_0_RunnerMap -0.509
[2016.04.28-01.48.34:650][483]LogBlueprintUserMessages: Late PlayInEditor Detection: Level '/Game/RunnerAssets/RunnerMap.RunnerMap:PersistentLevel' has LevelScriptBlueprint '/Game/RunnerAssets/RunnerMap.RunnerMap:PersistentLevel.RunnerMap' with GeneratedClass '/Game/RunnerAssets/RunnerMap.RunnerMap_C' with ClassGeneratedBy '/Game/RunnerAssets/RunnerMap.RunnerMap:PersistentLevel.RunnerMap'
[2016.04.28-01.49.28:855][865]LogPackageName: SearchForPackageOnDisk took   0.082s to resolve Death.umap.
[2016.04.28-01.49.28:934][866]LogPackageName: SearchForPackageOnDisk took   0.071s to resolve Death.umap.
[2016.04.28-01.49.28:934][866]LogNet: Browse: /Game/RunnerAssets/Death
[2016.04.28-01.49.28:934][866]LogLoad: LoadMap: /Game/RunnerAssets/Death
[2016.04.28-01.49.28:966][866]LogParticles: Destroying 0 GPU particle simulations for FXSystem 0x000002068A78F560
[2016.04.28-01.49.28:974][866]Cmd: MEM
[2016.04.28-01.49.28:987][866]LogMemory: Platform Memory Stats for Windows
[2016.04.28-01.49.28:987][866]LogMemory: Process Physical Memory: 1254.63 MB used, 1553.88 MB peak
[2016.04.28-01.49.28:987][866]LogMemory: Process Virtual Memory: 2059.38 MB used, 2374.55 MB peak
[2016.04.28-01.49.28:987][866]LogMemory: Physical Memory: 5629.75 MB used, 16337.33 MB total
[2016.04.28-01.49.28:987][866]LogMemory: Virtual Memory: 2942.62 MB used, 134217728.00 MB total
[2016.04.28-01.49.28:987][866]LogMemory: 
[2016.04.28-01.49.28:987][866]Allocator Stats for TBB: (not implemented)
[2016.04.28-01.49.29:011][866]LogAIModule: Creating AISystem for world Death
[2016.04.28-01.49.29:012][866]LogLinker:Warning: Can't find file '/Game/SideScrollerBP/Blueprints/SideScrollerGameMode'
[2016.04.28-01.49.29:012][866]LogLinker:Warning: Can't find file '/Game/SideScrollerBP/Blueprints/SideScrollerGameMode'
[2016.04.28-01.49.29:012][866]LogUObjectGlobals:Warning: Failed to find object 'Class /Game/SideScrollerBP/Blueprints/SideScrollerGameMode.SideScrollerGameMode_C'
[2016.04.28-01.49.29:012][866]LogWorld: Game class is 'GameMode'
[2016.04.28-01.49.29:014][866]LogWorld: Bringing World /Game/RunnerAssets/UEDPIE_0_Death.Death up for play (max tick rate 0) at 2016.04.28-03.49.29
[2016.04.28-01.49.29:014][866]LogActor:Warning: GameSession /Game/RunnerAssets/UEDPIE_0_Death.Death:PersistentLevel.GameSession_4 has natively added scene component(s), but none of them were set as the actor's RootComponent - picking one arbitrarily
[2016.04.28-01.49.29:014][866]LogActor:Warning: GameNetworkManager /Game/RunnerAssets/UEDPIE_0_Death.Death:PersistentLevel.GameNetworkManager_4 has natively added scene component(s), but none of them were set as the actor's RootComponent - picking one arbitrarily
[2016.04.28-01.49.29:014][866]LogWorld: Bringing up level for play took: 0.000958
[2016.04.28-01.49.29:015][866]LogGameMode: Warning - PATHS NOT DEFINED or NO PLAYERSTART with positive rating
[2016.04.28-01.49.33:000][233]LogBlueprintUserMessages: Early EndPlayMap Detection: Level '/Game/RunnerAssets/RunnerMap.RunnerMap:PersistentLevel' has LevelScriptBlueprint '/Game/RunnerAssets/RunnerMap.RunnerMap:PersistentLevel.RunnerMap' with GeneratedClass