[2016.05.12-19.38.07:818][  0]Log file open, 05/12/16 21:38:07
[2016.05.12-19.38.07:818][  0]LogInit:Display: Running engine for game: Runner
[2016.05.12-19.38.07:818][  0]LogPlatformFile: Not using cached read wrapper
[2016.05.12-19.38.07:818][  0]LogInit:Display: RandInit(-2139324390) SRandInit(-2139324389).
[2016.05.12-19.38.07:818][  0]LogTaskGraph: Started task graph with 4 named threads and 7 total threads.
[2016.05.12-19.38.07:818][  0]LogStats: Stats thread started at 0.074939
[2016.05.12-19.38.07:818][  0]LogInit: Version: 4.10.4-2872498+++depot+UE4-Releases+4.10
[2016.05.12-19.38.07:818][  0]LogInit: API Version: 2758231
[2016.05.12-19.38.07:818][  0]LogInit: Compiled (64-bit): Feb 18 2016 15:47:04
[2016.05.12-19.38.07:818][  0]LogInit: Compiled with Visual C++: 19.00.23026.00
[2016.05.12-19.38.07:818][  0]LogInit: Build Configuration: Development
[2016.05.12-19.38.07:818][  0]LogInit: Branch Name: ++depot+UE4-Releases+4.10
[2016.05.12-19.38.07:818][  0]LogInit: Command line:  
[2016.05.12-19.38.07:818][  0]LogInit: Base directory: C:/Program Files/Epic Games/4.10/Engine/Binaries/Win64/
[2016.05.12-19.38.07:818][  0]LogInit: Rocket: 1
[2016.05.12-19.38.07:835][  0]LogInit: Using libcurl 7.41.0
[2016.05.12-19.38.07:835][  0]LogInit:  - built for x86_64-pc-win32
[2016.05.12-19.38.07:835][  0]LogInit:  - supports SSL with WinSSL
[2016.05.12-19.38.07:835][  0]LogInit:  - other features:
[2016.05.12-19.38.07:835][  0]LogInit:      CURL_VERSION_SSL
[2016.05.12-19.38.07:835][  0]LogInit:      CURL_VERSION_IPV6
[2016.05.12-19.38.07:835][  0]LogInit:      CURL_VERSION_ASYNCHDNS
[2016.05.12-19.38.07:835][  0]LogInit:      CURL_VERSION_LARGEFILE
[2016.05.12-19.38.07:835][  0]LogInit:      CURL_VERSION_IDN
[2016.05.12-19.38.07:835][  0]LogInit:  CurlRequestOptions (configurable via config and command line):
[2016.05.12-19.38.07:835][  0]LogInit:  - bVerifyPeer = true  - Libcurl will verify peer certificate
[2016.05.12-19.38.07:835][  0]LogInit:  - bUseHttpProxy = false  - Libcurl will NOT use HTTP proxy
[2016.05.12-19.38.07:835][  0]LogInit:  - bDontReuseConnections = false  - Libcurl will reuse connections
[2016.05.12-19.38.07:835][  0]LogInit:  - CertBundlePath = nullptr  - Libcurl will use whatever was configured at build time.
[2016.05.12-19.38.07:851][  0]LogInit: Presizing for 0 objects not considered by GC, pre-allocating 0 bytes.
[2016.05.12-19.38.07:860][  0]LogInit: Object subsystem initialized
[2016.05.12-19.38.07:861][  0]LogInit: Selected Device Profile: [Windows]
[2016.05.12-19.38.07:861][  0]LogInit: Applying CVar settings loaded from the selected device profile: [Windows]
[2016.05.12-19.38.07:875][  0]LogInit: Computer: JOHANS_MONSTER
[2016.05.12-19.38.07:875][  0]LogInit: User: Johan
[2016.05.12-19.38.07:875][  0]LogInit: CPU Page size=4096, Cores=4
[2016.05.12-19.38.07:875][  0]LogInit: High frequency timer resolution =3.312790 MHz
[2016.05.12-19.38.07:875][  0]LogMemory: Memory total: Physical=16.0GB (16GB approx)
[2016.05.12-19.38.07:875][  0]LogMemory: Platform Memory Stats for Windows
[2016.05.12-19.38.07:875][  0]LogMemory: Process Physical Memory: 56.23 MB used, 56.23 MB peak
[2016.05.12-19.38.07:875][  0]LogMemory: Process Virtual Memory: 58.74 MB used, 58.74 MB peak
[2016.05.12-19.38.07:875][  0]LogMemory: Physical Memory: 4608.02 MB used, 16337.33 MB total
[2016.05.12-19.38.07:875][  0]LogMemory: Virtual Memory: 384.78 MB used, 134217728.00 MB total
[2016.05.12-19.38.08:074][  0]LogTextLocalizationManager: No translations for ('sv-SE') exist, falling back to 'en' for localization and internationalization data.
[2016.05.12-19.38.08:489][  0]LogD3D11RHI: Found D3D11 adapter 0: NVIDIA GeForce GTX 560 SE (Feature Level 11_0)
[2016.05.12-19.38.08:489][  0]LogD3D11RHI: Adapter has 977MB of dedicated video memory, 0MB of dedicated system memory, and 8168MB of shared system memory, 1 output[s]
[2016.05.12-19.38.08:491][  0]LogD3D11RHI: Found D3D11 adapter 1: Microsoft Basic Render Driver (Feature Level 11_0)
[2016.05.12-19.38.08:491][  0]LogD3D11RHI: Adapter has 0MB of dedicated video memory, 0MB of dedicated system memory, and 8168MB of shared system memory, 0 output[s]
[2016.05.12-19.38.08:491][  0]LogD3D11RHI: Chosen D3D11 Adapter Id = 0
[2016.05.12-19.38.08:494][  0]LogD3D11RHI: !Direct3DDevice
[2016.05.12-19.38.08:494][  0]LogRHI: Texture pool is 684 MB (70% of 977 MB)
[2016.05.12-19.38.08:508][  0]LogD3D11RHI: Async texture creation enabled
[2016.05.12-19.38.08:523][  0]LogShaderCompilers: Guid format shader working directory is -8 characters bigger than the processId version (../../../../../../Users/Johan/Documents/GitHub/Runner/Intermediate/Shaders/WorkingDirectory/11148/).
[2016.05.12-19.38.08:524][  0]LogShaderCompilers: Cleaned the shader compiler working directory 'C:/Users/Johan/AppData/Local/Temp/UnrealShaderWorkingDir/514166864D22D791F416CE99A07F0326/'.
[2016.05.12-19.38.08:524][  0]LogShaderCompilers:Display: Using Local Shader Compiler.
[2016.05.12-19.38.10:372][  0]LogTemp:Display: Loaded TP AllDesktopTargetPlatform
[2016.05.12-19.38.10:377][  0]LogTemp:Display: Loaded TP WindowsClientTargetPlatform
[2016.05.12-19.38.10:381][  0]LogTemp:Display: Loaded TP WindowsNoEditorTargetPlatform
[2016.05.12-19.38.10:386][  0]LogTemp:Display: Loaded TP WindowsServerTargetPlatform
[2016.05.12-19.38.10:391][  0]LogTemp:Display: Loaded TP WindowsTargetPlatform
[2016.05.12-19.38.10:394][  0]LogTemp:Display: Loaded TP AndroidTargetPlatform
[2016.05.12-19.38.10:397][  0]LogTemp:Display: Loaded TP Android_ASTCTargetPlatform
[2016.05.12-19.38.10:400][  0]LogTemp:Display: Loaded TP Android_ATCTargetPlatform
[2016.05.12-19.38.10:403][  0]LogTemp:Display: Loaded TP Android_DXTTargetPlatform
[2016.05.12-19.38.10:405][  0]LogTemp:Display: Loaded TP Android_ETC1TargetPlatform
[2016.05.12-19.38.10:408][  0]LogTemp:Display: Loaded TP Android_ETC2TargetPlatform
[2016.05.12-19.38.10:414][  0]LogTemp:Display: Loaded TP Android_MultiTargetPlatform
[2016.05.12-19.38.10:414][  0]LogTemp:Display: Loaded TP Android_PVRTCTargetPlatform
[2016.05.12-19.38.10:414][  0]LogTemp:Display: Loaded TP HTML5TargetPlatform
[2016.05.12-19.38.10:432][  0]LogTemp:Display: Loaded TP IOSTargetPlatform
[2016.05.12-19.38.10:434][  0]LogTemp:Display: Loaded TP LinuxNoEditorTargetPlatform
[2016.05.12-19.38.10:437][  0]LogTemp:Display: Loaded TP LinuxServerTargetPlatform
[2016.05.12-19.38.10:440][  0]LogTemp:Display: Loaded TP LinuxTargetPlatform
[2016.05.12-19.38.10:440][  0]LogTargetPlatformManager:Display: Building Assets For Windows
[2016.05.12-19.38.10:660][  0]LogDerivedDataCache:Display: Max Cache Size: 512 MB
[2016.05.12-19.38.10:999][  0]LogDerivedDataCache: Loaded boot cache 0.34s 41MB C:/Users/Johan/AppData/Local/UnrealEngine/4.10/DerivedDataCache/Boot.ddc.
[2016.05.12-19.38.10:999][  0]LogDerivedDataCache:Display: Loaded Boot cache: C:/Users/Johan/AppData/Local/UnrealEngine/4.10/DerivedDataCache/Boot.ddc
[2016.05.12-19.38.10:999][  0]LogDerivedDataCache: FDerivedDataBackendGraph:  Pak pak cache file ../../../../../../Users/Johan/Documents/GitHub/Runner/DerivedDataCache/DDC.ddp not found, will not use a pak cache.
[2016.05.12-19.38.10:999][  0]LogDerivedDataCache: Unable to find inner node Pak for hierarchical cache Hierarchy.
[2016.05.12-19.38.10:999][  0]LogDerivedDataCache: FDerivedDataBackendGraph:  CompressedPak pak cache file ../../../../../../Users/Johan/Documents/GitHub/Runner/DerivedDataCache/Compressed.ddp not found, will not use a pak cache.
[2016.05.12-19.38.10:999][  0]LogDerivedDataCache: Unable to find inner node CompressedPak for hierarchical cache Hierarchy.
[2016.05.12-19.38.11:165][  0]LogDerivedDataCache:Display: Pak cache opened for reading ../../../Engine/DerivedDataCache/Compressed.ddp.
[2016.05.12-19.38.11:200][  0]LogDerivedDataCache: Using Local data cache path C:/Users/Johan/AppData/Local/UnrealEngine/Common/DerivedDataCache: Writable
[2016.05.12-19.38.13:264][  0]LogInit: Selected Device Profile: [Windows]
[2016.05.12-19.38.13:286][  0]LogContentStreaming: Texture pool size is 0.000000MB
[2016.05.12-19.38.13:772][  0]LogMeshUtilities: No automatic mesh reduction module available
[2016.05.12-19.38.13:772][  0]LogMeshUtilities: No automatic mesh merging module available
[2016.05.12-19.38.15:673][  0]LogInit: WinSock: version 1.1 (2.2), MaxSocks=32767, MaxUdp=65467
[2016.05.12-19.38.38:745][  0]UdpMessaging: Initializing bridge on interface 0.0.0.0:0 to multicast group 230.0.0.1:6666.
[2016.05.12-19.38.39:324][  0]LogAssetRegistry: FAssetRegistry took 0.0113 seconds to start up
[2016.05.12-19.38.43:244][  0]SourceControl: Info Source control is disabled
[2016.05.12-19.38.43:246][  0]SourceControl: Info Source control is disabled
[2016.05.12-19.38.43:425][  0]SourceControl: Info Source control is disabled
[2016.05.12-19.38.43:791][  0]SourceControl: Info Source control is disabled
[2016.05.12-19.38.47:544][  0]LogObj: 28633 objects as part of root set at end of initial load.
[2016.05.12-19.38.47:544][  0]LogUObjectAllocator: 6099752 out of 0 bytes used by permanent object pool.
[2016.05.12-19.38.48:282][  0]LogEngine: Initializing Engine...
[2016.05.12-19.38.48:288][  0]LogHMD: Can't find Oculus library dev build: is proper Runtime installed? Version: 0.8.0.0
[2016.05.12-19.38.48:326][  0]LogHMD: SteamVR failed to initialize.  Err: 110
[2016.05.12-19.38.49:204][  0]LogAIModule: Creating AISystem for world NewWorld
[2016.05.12-19.38.49:309][  0]LogInit: XAudio2 using 'Speakers (Realtek High Definition Audio)' : 2 channels at 48 kHz using 32 bits per sample (channel mask 0x3)
[2016.05.12-19.38.49:404][  0]LogInit: FAudioDevice initialized.
[2016.05.12-19.38.49:423][  0]LogDerivedDataCache: Saved boot cache 0.02s 41MB C:/Users/Johan/AppData/Local/UnrealEngine/4.10/DerivedDataCache/Boot.ddc.
[2016.05.12-19.38.49:431][  0]LogInit: Texture streaming: Enabled
[2016.05.12-19.38.49:487][  0]LogAnalytics: Creating configured Analytics provider AnalyticsET
[2016.05.12-19.38.49:487][  0]LogAnalytics: [UEEditor.Rocket.Release] APIServer = http://et2.epicgames.com/ET2/. AppVersion = 4.10.4-2872498+++depot+UE4-Releases+4.10
[2016.05.12-19.38.49:488][  0]LogAnalytics: [UEEditor.Rocket.Release] SetUserId e13f53c54a08433fc09043aa962b451a|75ba5683578c43329a0522a4b145a097|e6dac55f-4bf9-412a-b229-53d1a5ef9356
[2016.05.12-19.38.49:488][  0]LogAnalytics: [UEEditor.Rocket.Release] AnalyticsET::StartSession
[2016.05.12-19.38.49:635][  0]LogWindowsTextInputMethodSystem:Display: IME system now deactivated.
[2016.05.12-19.38.49:635][  0]LogWindowsTextInputMethodSystem:Display: IME system now deactivated.
[2016.05.12-19.38.49:709][  0]LogInit: Transaction tracking system initialized
[2016.05.12-19.38.50:300][  0]BlueprintLog: New page: Editor Load
[2016.05.12-19.39.02:662][  0]LocalizationService: Info Localization service is disabled
[2016.05.12-19.39.05:474][  0]LogConsoleResponse:Display: 
[2016.05.12-19.39.10:027][  0]LogCook:Display: Done creating registry. It took  0.00s.
[2016.05.12-19.39.12:456][  0]LogFileCache: Scanning file cache for directory 'C:/Users/Johan/Documents/GitHub/Runner/Content/' took 0.01s
[2016.05.12-19.39.14:352][  0]SourceControl: Info Source control is disabled
[2016.05.12-19.39.14:379][  0]Cmd: MAP LOAD FILE="../../../../../../Users/Johan/Documents/GitHub/Runner/Content/RunnerAssets/RunnerMap.umap" TEMPLATE=0 SHOWPROGRESS=1 FEATURELEVEL=3
[2016.05.12-19.39.14:503][  0]LightingResults: New page: Lighting Build
[2016.05.12-19.39.14:510][  0]MapCheck: New page: Map Check
[2016.05.12-19.39.14:510][  0]LightingResults: New page: Lighting Build
[2016.05.12-19.39.14:524][  0]LogParticles: Destroying 0 GPU particle simulations for FXSystem 0x000001E7FE09FB00
[2016.05.12-19.40.03:305][  0]LogAIModule: Creating AISystem for world RunnerMap
[2016.05.12-19.40.03:492][  0]LogEditorServer: Finished looking for orphan Actors (0.000 secs)
[2016.05.12-19.40.03:493][  0]Cmd: MAP CHECKDEP NOCLEARLOG
[2016.05.12-19.40.03:581][  0]MapCheck: Info Map check complete: 0 Error(s), 0 Warning(s), took 88.278ms to complete.
[2016.05.12-19.40.03:581][  0]LogFileHelpers: Loading map 'RunnerMap' took 49.203
[2016.05.12-19.40.04:427][  0]LogCollectionManager: Loaded 0 collections in 0.005540 seconds
[2016.05.12-19.40.04:576][  0]LogFileCache: Scanning file cache for directory 'C:/Users/Johan/Documents/GitHub/Runner/Saved/Collections/' took 0.01s
[2016.05.12-19.40.04:576][  0]LogFileCache: Scanning file cache for directory 'C:/Users/Johan/Documents/GitHub/Runner/Content/Developers/Johan/Collections/' took 0.01s
[2016.05.12-19.40.04:576][  0]LogFileCache: Scanning file cache for directory 'C:/Users/Johan/Documents/GitHub/Runner/Content/Collections/' took 0.01s
[2016.05.12-19.40.04:576][  0]LogCollectionManager: Rebuilt the GUID cache for 0 collections in 0.000003 seconds
[2016.05.12-19.40.04:615][  0]LogContentBrowser: Native class hierarchy populated in 0.0392 seconds. Added 1893 classes and 338 folders.
[2016.05.12-19.40.04:743][  0]LogContentBrowser: Native class hierarchy updated for 'WidgetCarousel' in 0.0003 seconds. Added 0 classes and 0 folders.
[2016.05.12-19.40.11:565][  0]LogContentBrowser: Native class hierarchy updated for 'AddContentDialog' in 0.0004 seconds. Added 0 classes and 0 folders.
[2016.05.12-19.40.11:609][  0]LogContentBrowser: Native class hierarchy updated for 'SceneOutliner' in 0.0004 seconds. Added 1 classes and 2 folders.
[2016.05.12-19.40.12:870][  0]LogCrashTracker: Crashtracker disabled due to settings.
[2016.05.12-19.40.12:913][  0]LogUObjectGlobals:Warning: Failed to find object 'Class None.'
[2016.05.12-19.40.13:227][  0]LogLoad: Full Startup: 126.15 seconds (BP compile: 1.77 seconds)
[2016.05.12-19.40.13:240][  0]LogOcInput: Can't find Oculus library dev build: is proper Runtime installed? Version: 0.8.0.0
[2016.05.12-19.40.13:659][  0]LogContentStreaming: Texture pool size now 1000 MB
[2016.05.12-19.40.13:992][  0]LogRenderer: Reallocating scene render targets to support 1076x640 (Frame:2).
[2016.05.12-19.40.16:989][ 13]LogAssetRegistry: Asset discovery search completed in 97.6766 seconds
[2016.05.12-19.40.16:989][ 13]LogCollectionManager: Rebuilt the object cache for 0 collections in 0.000001 seconds (found 0 objects)
[2016.05.12-19.40.16:989][ 13]LogCollectionManager: Fixed up redirectors for 0 collections in 0.000019 seconds (updated 0 objects)
[2016.05.12-19.40.44:356][912]LogFactory: FactoryCreateBinary: SoundWave with ReimportSoundFactory (0 0 C:\Users\Johan\Documents\GitHub\Runner\WIP - files\Musik\Stumfilmsmusik första\death.wav)
[2016.05.12-19.40.44:402][912]LogAudioDerivedData:Display: Building compressed audio format OGG wave death...
[2016.05.12-19.40.44:590][912]LogAudioDerivedData:Warning: Updated SoundWave->RawPCMDataSize during cooking SoundWave /Game/RunnerAssets/Sound/death.death.
[2016.05.12-19.40.44:604][912]LogFactory: FactoryCreateBinary: SoundWave with ReimportSoundFactory (0 0 C:\Users\Johan\Documents\GitHub\Runner\WIP - files\Musik\Stumfilmsmusik första\mainloop.wav)
[2016.05.12-19.40.44:676][912]LogAudioDerivedData:Display: Building compressed audio format OGG wave mainloop...
[2016.05.12-19.40.46:219][912]LogAudioDerivedData:Warning: Updated SoundWave->RawPCMDataSize during cooking SoundWave /Game/RunnerAssets/Sound/mainloop.mainloop.
[2016.05.12-19.40.46:225][912]LogFactory: FactoryCreateBinary: SoundWave with ReimportSoundFactory (0 0 C:\Users\Johan\Documents\GitHub\Runner\WIP - files\Musik\Stumfilmsmusik första\spelmeny.wav)
[2016.05.12-19.40.46:289][912]LogAudioDerivedData:Display: Building compressed audio format OGG wave spelmeny...
[2016.05.12-19.40.47:676][912]LogAudioDerivedData:Warning: Updated SoundWave->RawPCMDataSize during cooking SoundWave /Game/RunnerAssets/Sound/spelmeny.spelmeny.
[2016.05.12-19.43.08:125][526]LogLinker:Warning: Asset '../../../Engine/Content/ArtTools/RenderToTexture/Macros/RenderToTextureMacros.uasset' has been saved with empty engine version. The asset will be loaded but may be incompatible.
[2016.05.12-19.43.08:601][526]LogContentBrowser: Native class hierarchy updated for 'BlueprintGraph' in 0.0007 seconds. Added 107 classes and 0 folders.
[2016.05.12-19.43.20:847][843]LogLinker:Warning: Can't find file '/Game/SideScrollerBP/Blueprints/SideScrollerGameMode'
[2016.05.12-19.43.20:847][843]LogLinker:Warning: Can't find file '/Game/SideScrollerBP/Blueprints/SideScrollerGameMode'
[2016.05.12-19.43.20:847][843]LogUObjectGlobals:Warning: Failed to find object 'Object /Game/SideScrollerBP/Blueprints/SideScrollerGameMode.SideScrollerGameMode_C'
[2016.05.12-19.43.20:848][843]LogLinker:Warning: Can't find file '/Game/SideScrollerBP/Blueprints/SideScrollerGameMode'
[2016.05.12-19.43.20:848][843]LogUObjectGlobals:Warning: Failed to find object 'Object /Game/SideScrollerBP/Blueprints/SideScrollerGameMode.SideScrollerGameMode_C'
[2016.05.12-19.45.16:290][961]BlueprintLog: New page: Compile RunnerMap
[2016.05.12-19.45.16:468][961]LogParticles: Destroying 0 GPU particle simulations for FXSystem 0x000001E785F98FE0
[2016.05.12-19.45.16:468][961]LogParticles: Destroying 0 GPU particle simulations for FXSystem 0x000001E785F982C0
[2016.05.12-19.45.16:538][961]BlueprintEditorCompileResults: Info [0429.46] Compile of RunnerMap successful! [in 247 ms]
[2016.05.12-19.45.17:993][132]LogBlueprintUserMessages: Early PlayInEditor Detection: Level '/Game/RunnerAssets/RunnerMap.RunnerMap:PersistentLevel' has LevelScriptBlueprint '/Game/RunnerAssets/RunnerMap.RunnerMap:PersistentLevel.RunnerMap' with GeneratedClass '/Game/RunnerAssets/RunnerMap.RunnerMap_C' with ClassGeneratedBy '/Game/RunnerAssets/RunnerMap.RunnerMap:PersistentLevel.RunnerMap'
[2016.05.12-19.45.17:993][132]LogPlayLevel: PlayLevel: No blueprints needed recompiling
[2016.05.12-19.45.18:017][132]PIE: New page: PIE session: RunnerMap (May 12, 2016, 11:45:17 PM)
[2016.05.12-19.45.18:017][132]LogPlayLevel: Creating play world package: /Game/RunnerAssets/UEDPIE_0_RunnerMap
[2016.05.12-19.45.18:052][132]LogPlayLevel: PIE: StaticDuplicateObject took: (0.034856s)
[2016.05.12-19.45.18:053][132]LogAIModule: Creating AISystem for world RunnerMap
[2016.05.12-19.45.18:053][132]LogPlayLevel: PIE: World Init took: (0.001359s)
[2016.05.12-19.45.18:053][132]LogPlayLevel: PIE: Created PIE world by copying editor world from /Game/RunnerAssets/RunnerMap.RunnerMap to /Game/RunnerAssets/UEDPIE_0_RunnerMap.RunnerMap (0.036641s)
[2016.05.12-19.45.18:090][132]LogInit: XAudio2 using 'Speakers (Realtek High Definition Audio)' : 2 channels at 48 kHz using 32 bits per sample (channel mask 0x3)
[2016.05.12-19.45.18:103][132]LogInit: FAudioDevice initialized.
[2016.05.12-19.45.18:207][132]LogLinker:Warning: Can't find file '/Game/SideScrollerBP/Blueprints/SideScrollerGameMode'
[2016.05.12-19.45.18:207][132]LogLinker:Warning: Can't find file '/Game/SideScrollerBP/Blueprints/SideScrollerGameMode'
[2016.05.12-19.45.18:207][132]LogUObjectGlobals:Warning: Failed to find object 'Class /Game/SideScrollerBP/Blueprints/SideScrollerGameMode.SideScrollerGameMode_C'
[2016.05.12-19.45.18:207][132]LogWorld: Game class is 'GameMode'
[2016.05.12-19.45.18:215][132]LogWorld: Bringing World /Game/RunnerAssets/UEDPIE_0_RunnerMap.RunnerMap up for play (max tick rate 0) at 2016.05.12-21.45.18
[2016.05.12-19.45.18:215][132]LogActor:Warning: GameSession /Game/RunnerAssets/UEDPIE_0_RunnerMap.RunnerMap:PersistentLevel.GameSession_0 has natively added scene component(s), but none of them were set as the actor's RootComponent - picking one arbitrarily
[2016.05.12-19.45.18:215][132]LogActor:Warning: GameNetworkManager /Game/RunnerAssets/UEDPIE_0_RunnerMap.RunnerMap:PersistentLevel.GameNetworkManager_0 has natively added scene component(s), but none of them were set as the actor's RootComponent - picking one arbitrarily
[2016.05.12-19.45.18:216][132]LogWorld: Bringing up level for play took: 0.008192
[2016.05.12-19.45.18:217][132]LogGameMode: Warning - PATHS NOT DEFINED or NO PLAYERSTART with positive rating
[2016.05.12-19.45.18:235][132]PIE: Info Play in editor start time for /Game/RunnerAssets/UEDPIE_0_RunnerMap 0.076
[2016.05.12-19.45.18:235][132]LogBlueprintUserMessages: Late PlayInEditor Detection: Level '/Game/RunnerAssets/RunnerMap.RunnerMap:PersistentLevel' has LevelScriptBlueprint '/Game/RunnerAssets/RunnerMap.RunnerMap:PersistentLevel.RunnerMap' with GeneratedClass '/Game/RunnerAssets/RunnerMap.RunnerMap_C' with ClassGeneratedBy '/Game/RunnerAssets/RunnerMap.RunnerMap:PersistentLevel.RunnerMap'
[2016.05.12-19.45.18:347][133]LogRenderer: Reallocating scene render targets to support 1280x720 (Frame:155).
[2016.05.12-19.45.25:098][482]LogBlueprintUserMessages: Early EndPlayMap Detection: Level '/Game/RunnerAssets/RunnerMap.RunnerMap:PersistentLevel' has LevelScriptBlueprint '/Game/RunnerAssets/RunnerMap.RunnerMap:PersistentLevel.RunnerMap' with GeneratedClass '/Game/RunnerAssets/RunnerMap.RunnerMap_C' with ClassGeneratedBy '/Game/RunnerAssets/RunnerMap.RunnerMap:PersistentLevel.RunnerMap'
[2016.05.12-19.45.25:168][482]LogBlueprintUserMessages: Late EndPlayMap Detection: Level '/Game/RunnerAssets/RunnerMap.RunnerMap:PersistentLevel' has LevelScriptBlueprint '/Game/RunnerAssets/RunnerMap.RunnerMap:PersistentLevel.RunnerMap' with GeneratedClass '/Game/RunnerAssets/RunnerMap.RunnerMap_C' with ClassGeneratedBy '/Game/RunnerAssets/RunnerMap.RunnerMap:PersistentLevel.RunnerMap'
[2016.05.12-19.45.25:248][483]LogParticles: Destroying 0 GPU particle simulations for FXSystem 0x000001E7E05FC220
[2016.05.12-19.45.39:683][213]BlueprintLog: New page: Compile RunnerMap
[2016.05.12-19.45.39:775][213]BlueprintEditorCompileResults: Info [0452.70] Compile of RunnerMap successful! [in 92 ms]
[2016.05.12-19.45.40:659][317]LogBlueprintUserMessages: Early PlayInEditor Detection: Level '/Game/RunnerAssets/RunnerMap.RunnerMap:PersistentLevel' has LevelScriptBlueprint '/Game/RunnerAssets/RunnerMap.RunnerMap:PersistentLevel.RunnerMap' with GeneratedClass '/Game/RunnerAssets/RunnerMap.RunnerMap_C' with ClassGeneratedBy '/Game/RunnerAssets/RunnerMap.RunnerMap:PersistentLevel.RunnerMap'
[2016.05.12-19.45.40:660][317]LogPlayLevel: PlayLevel: No blueprints needed recompiling
[2016.05.12-19.45.40:660][317]PIE: New page: PIE session: RunnerMap (May 12, 2016, 11:45:40 PM)
[2016.05.12-19.45.40:660][317]LogPlayLevel: Creating play world package: /Game/RunnerAssets/UEDPIE_0_RunnerMap
[2016.05.12-19.45.40:695][317]LogPlayLevel: PIE: StaticDuplicateObject took: (0.035048s)
[2016.05.12-19.45.40:696][317]LogAIModule: Creating AISystem for world RunnerMap
[2016.05.12-19.45.40:696][317]LogPlayLevel: PIE: World Init took: (0.001094s)
[2016.05.12-19.45.40:696][317]LogPlayLevel: PIE: Created PIE world by copying editor world from /Game/RunnerAssets/RunnerMap.RunnerMap to /Game/RunnerAssets/UEDPIE_0_RunnerMap.RunnerMap (0.036490s)
[2016.05.12-19.45.40:735][317]LogInit: XAudio2 using 'Speakers (Realtek High Definition Audio)' : 2 channels at 48 kHz using 32 bits per sample (channel mask 0x3)
[2016.05.12-19.45.40:747][317]LogInit: FAudioDevice initialized.
[2016.05.12-19.45.40:809][317]LogLinker:Warning: Can't find file '/Game/SideScrollerBP/Blueprints/SideScrollerGameMode'
[2016.05.12-19.45.40:809][317]LogLinker:Warning: Can't find file '/Game/SideScrollerBP/Blueprints/SideScrollerGameMode'
[2016.05.12-19.45.40:809][317]LogUObjectGlobals:Warning: Failed to find object 'Class /Game/SideScrollerBP/Blueprints/SideScrollerGameMode.SideScrollerGameMode_C'
[2016.05.12-19.45.40:809][317]LogWorld: Game class is 'GameMode'
[2016.05.12-19.45.40:816][317]LogWorld: Bringing World /Game/RunnerAssets/UEDPIE_0_RunnerMap.RunnerMap up for play (max tick rate 0) at 2016.05.12-21.45.40
[2016.05.12-19.45.40:816][317]LogActor:Warning: GameSession /Game/RunnerAssets/UEDPIE_0_RunnerMap.RunnerMap:PersistentLevel.GameSession_1 has natively added scene component(s), but none of them were set as the actor's RootComponent - picking one arbitrarily
[2016.05.12-19.45.40:816][317]LogActor:Warning: GameNetworkManager /Game/RunnerAssets/UEDPIE_0_RunnerMap.RunnerMap:PersistentLevel.GameNetworkManager_1 has natively added scene component(s), but none of them were set as the actor's RootComponent - picking one arbitrarily
[2016.05.12-19.45.40:817][317]LogWorld: Bringing up level for play took: 0.006745
[2016.05.12-19.45.40:818][317]LogGameMode: Warning - PATHS NOT DEFINED or NO PLAYERSTART with positive rating
[2016.05.12-19.45.40:833][317]PIE: Info Play in editor start time for /Game/RunnerAssets/UEDPIE_0_RunnerMap 0.675
[2016.05.12-19.45.40:833][317]LogBlueprintUserMessages: Late PlayInEditor Detection: Level '/Game/RunnerAssets/RunnerMap.RunnerMap:PersistentLevel' has LevelScriptBlueprint '/Game/RunnerAssets/RunnerMap.RunnerMap:PersistentLevel.RunnerMap' with GeneratedClass '/Game/RunnerAssets/RunnerMap.RunnerMap_C' with ClassGeneratedBy '/Game/RunnerAssets/RunnerMap.RunnerMap:PersistentLevel.RunnerMap'
[2016.05.12-19.46.55:521][816]LogPackageName: SearchForPackageOnDisk took   0.114s to resolve Death.umap.
[2016.05.12-19.46.55:631][817]LogPackageName: SearchForPackageOnDisk took   0.096s to resolve Death.umap.
[2016.05.12-19.46.55:631][817]LogNet: Browse: /Game/RunnerAssets/Death
[2016.05.12-19.46.55:631][817]LogLoad: LoadMap: /Game/RunnerAssets/Death
[2016.05.12-19.46.55:748][817]LogParticles: Destroying 0 GPU particle simulations for FXSystem 0x000001E7C868E160
[2016.05.12-19.46.55:748][817]Cmd: MEM
[2016.05.12-19.46.55:774][817]LogMemory: Platform Memory Stats for Windows
[2016.05.12-19.46.55:774][817]LogMemory: Process Physical Memory: 1287.81 MB used, 1344.00 MB peak
[2016.05.12-19.46.55:774][817]LogMemory: Process Virtual Memory: 1779.03 MB used, 1891.93 MB peak
[2016.05.12-19.46.55:774][817]LogMemory: Physical Memory: 6467.87 MB used, 16337.33 MB total
[2016.05.12-19.46.55:774][817]LogMemory: Virtual Memory: 2547.29 MB used, 134217728.00 MB total
[2016.05.12-19.46.55:774][817]LogMemory: 
[2016.05.12-19.46.55:774][817]Allocator Stats for TBB: (not implemented)
[2016.05.12-19.46.56:628][817]LogAIModule: Creating AISystem for world Death
[2016.05.12-19.46.56:629][817]LogLinker:Warning: Can't find file '/Game/SideScrollerBP/Blueprints/SideScrollerGameMode'
[2016.05.12-19.46.56:629][817]LogLinker:Warning: Can't find file '/Game/SideScrollerBP/Blueprints/SideScrollerGameMode'
[2016.05.12-19.46.56:629][817]LogUObjectGlobals:Warning: Failed to find object 'Class /Game/SideScrollerBP/Blueprints/SideScrollerGameMode.SideScrollerGameMode_C'
[2016.05.12-19.46.56:629][817]LogWorld: Game class is 'GameMode'
[2016.05.12-19.46.56:631][817]LogWorld: Bringing World /Game/RunnerAssets/UEDPIE_0_Death.Death up for play (max tick rate 0) at 2016.05.12-21.46.56
[2016.05.12-19.46.56:631][817]LogActor:Warning: GameSession /Game/RunnerAssets/UEDPIE_0_Death.Death:PersistentLevel.GameSession_2 has natively added scene component(s), but none of them were set as the actor's RootComponent - picking one arbitrarily
[2016.05.12-19.46.56:631][817]LogActor:Warning: GameNetworkManager /Game/RunnerAssets/UEDPIE_0_Death.Death:PersistentLevel.GameNetworkManager_2 has natively added scene component(s), but none of them were set as the actor's RootComponent - picking one arbitrarily
[2016.05.12-19.46.56:631][817]LogWorld: Bringing up level for play took: 0.000953
[2016.05.12-19.46.56:632][817]LogGameMode: Warning - PATHS NOT DEFINED or NO PLAYERSTART with positive rating
[2016.05.12-19.46.59:607][ 56]LogBlueprintUserMessages: Early EndPlayMap Detection: Level '/Game/RunnerAssets/RunnerMap.RunnerMap:PersistentLevel' has LevelScriptBlueprint '/Game/RunnerAssets/RunnerMap.RunnerMap:PersistentLevel.RunnerMap' with GeneratedClass '/Game/RunnerAssets/RunnerMap.RunnerMap_C' with ClassGeneratedBy '/Game/RunnerAssets/RunnerMap.RunnerMap:PersistentLevel.RunnerMap'
[2016.05.12-19.46.59:662][ 56]LogBlueprintUserMessages: Late EndPlayMap Detection: Level '/Game/RunnerAssets/RunnerMap.RunnerMap:PersistentLevel' has LevelScriptBlueprint '/Game/RunnerAssets/RunnerMap.RunnerMap:PersistentLevel.RunnerMap' with GeneratedClass '/Game/RunnerAssets/RunnerMap.RunnerMap_C' with ClassGeneratedBy '/Game/RunnerAssets/RunnerMap.RunnerMap:PersistentLevel.RunnerMap'
[2016.05.12-19.46.59:709][ 57]LogParticles: Destroying 0 GPU particle simulations for FXSystem 0x000001E7824D6980
[2016.05.12-19.47.11:375][362]LogContentBrowser: Native class hierarchy updated for 'WorldBrowser' in 0.0005 seconds. Added 1 classes and 3 folders.
[2016.05.12-19.47.53:171][648]LogAIModule: Creating AISystem for world MainMenu
[2016.05.12-19.47.53:187][648]LogActorComponent: UnregisterComponent: (/Engine/Transient.CharMoveComp) Not registered. Aborting.
[2016.05.12-19.47.53:209][648]LogParticles: Destroying 0 GPU particle simulations for FXSystem 0x000001E7C30196C0
[2016.05.12-19.47.56:784][648]Cmd: OBJ SAVEPACKAGE PACKAGE="/Game/RunnerAssets/RunnerMap" FILE="../../../../../../Users/Johan/Documents/GitHub/Runner/Content/RunnerAssets/RunnerMap.umap" SILENT=true AUTOSAVING=false KEEPDIRTY=false
[2016.05.12-19.47.57:104][648]LogSavePackage: Save=263.956665ms
[2016.05.12-19.47.57:104][648]LogSavePackage: Moving '../../../../../../Users/Johan/Documents/GitHub/Runner/Saved/RunnerMapC4BDA5F644103419D6700790435CD976.tmp' to '../../../../../../Users/Johan/Documents/GitHub/Runner/Content/RunnerAssets/RunnerMap.umap'
[2016.05.12-19.47.57:107][648]LogSavePackage: Total save time: 291.498709ms
[2016.05.12-19.47.57:107][648]LogSavePackage:Display: Finished SavePackage ../../../../../../Users/Johan/Documents/GitHub/Runner/Content/RunnerAssets/RunnerMap.umap
[2016.05.12-19.47.57:152][648]LogFileHelpers: Saving map 'RunnerMap' took 0.474
[2016.05.12-19.47.57:171][648]Cmd: OBJ SAVEPACKAGE PACKAGE="/Game/RunnerAssets/Sound/death" FILE="../../../../../../Users/Johan/Documents/GitHub/Runner/Content/RunnerAssets/Sound/death.uasset" SILENT=true
[2016.05.12-19.47.57:193][648]LogSavePackage: Save=20.919527ms
[2016.05.12-19.47.57:193][648]LogSavePackage: Moving '../../../../../../Users/Johan/Documents/GitHub/Runner/Saved/deathF623B0C7466DBD72520C728ADBDC7BAC.tmp' to '../../../../../../Users/Johan/Documents/GitHub/Runner/Content/RunnerAssets/Sound/death.uasset'
[2016.05.12-19.47.57:195][648]LogSavePackage: Total save time: 23.469038ms
[2016.05.12-19.47.57:195][648]LogSavePackage:Display: Finished SavePackage ../../../../../../Users/Johan/Documents/GitHub/Runner/Content/RunnerAssets/Sound/death.uasset
[2016.05.12-19.47.57:219][648]Cmd: OBJ SAVEPACKAGE PACKAGE="/Game/RunnerAssets/Sound/mainloop" FILE="../../../../../../Users/Johan/Documents/GitHub/Runner/Content/RunnerAssets/Sound/mainloop.uasset" SILENT=true
[2016.05.12-19.47.57:228][648]LogSavePackage: Save=9.026530ms
[2016.05.12-19.47.57:228][648]LogSavePackage: Moving '../../../../../../Users/Johan/Documents/GitHub/Runner/Saved/mainloopF1538CC64A0753339C3546A7BC71429D.tmp' to '../../../../../../Users/Johan/Documents/GitHub/Runner/Content/RunnerAssets/Sound/mainloop.uasset'
[2016.05.12-19.47.57:232][648]LogSavePackage: Total save time: 11.862509ms
[2016.05.12-19.47.57:232][648]LogSavePackage:Display: Finished SavePackage ../../../../../../Users/Johan/Documents/GitHub/Runner/Content/RunnerAssets/Sound/mainloop.uasset
[2016.05.12-19.47.57:253][648]Cmd: OBJ SAVEPACKAGE PACKAGE="/Game/RunnerAssets/Sound/spelmeny" FILE="../../../../../../Users/Johan/Documents/GitHub/Runner/Content/RunnerAssets/Sound/spelmeny.uasset" SILENT=true
[2016.05.12-19.47.57:264][648]LogSavePackage: Save=9.217910ms
[2016.05.12-19.47.57:264][648]LogSavePackage: Moving '../../../../../../Users/Johan/Documents/GitHub/Runner/Saved/spelmeny53277ADA488C5BCBF2D6678DFA3240FE.tmp' to '../../../../../../Users/Johan/Documents/GitHub/Runner/Content/RunnerAssets/Sound/spelmeny.uasset'
[2016.05.12-19.47.57:267][648]LogSavePackage: Total save time: 12.468040ms
[2016.05.12-19.47.57:267][648]LogSavePackage:Display: Finished SavePackage ../../../../../../Users/Johan/Documents/GitHub/Runner/Content/RunnerAssets/Sound/spelmeny.uasset
[2016.05.12-19.47.57:275][648]Cmd: MAP LOAD FILE="../../../../../../Users/Johan/Documents/GitHub/Runner/Content/RunnerAssets/MainMenu.umap" TEMPLATE=0 SHOWPROGRESS=1 FEATURELEVEL=3
[2016.05.12-19.47.57:275][648]LightingResults: New page: Lighting Build
[2016.05.12-19.47.57:297][648]LoadErrors: New page: Loading map: MainMenu.umap
[2016.05.12-19.47.57:298][648]MapCheck: New page: Map Check
[2016.05.12-19.47.57:298][648]LightingResults: New page: Lighting Build
[2016.05.12-19.47.57:328][648]LogParticles: Destroying 0 GPU particle simulations for FXSystem 0x000001E78C0AB600
[2016.05.12-19.47.57:361][648]LogEditorServer: Finished looking for orphan Actors (0.000 secs)
[2016.05.12-19.47.57:396][648]Cmd: MAP CHECKDEP NOCLEARLOG
[2016.05.12-19.47.57:481][648]MapCheck: Info Map check complete: 0 Error(s), 0 Warning(s), took 84.733ms to complete.
[2016.05.12-19.47.57:481][648]LogFileHelpers: Loading map 'MainMenu' took 0.214
[2016.05.12-19.47.59:964][931]LogLinker:Warning: Can't find file '/Game/SideScrollerBP/Blueprints/SideScrollerGameMode'
[2016.05.12-19.47.59:964][931]LogLinker:Warning: Can't find file '/Game/SideScrollerBP/Blueprints/SideScrollerGameMode'
[2016.05.12-19.47.59:964][931]LogUObjectGlobals:Warning: Failed to find object 'Object /Game/SideScrollerBP/Blueprints/SideScrollerGameMode.SideScrollerGameMode_C'
[2016.05.12-19.47.59:964][931]LogLinker:Warning: Can't find file '/Game/SideScrollerBP/Blueprints/SideScrollerGameMode'
[2016.05.12-19.47.59:964][931]LogUObjectGlobals:Warning: Failed to find object 'Object /Game/SideScrollerBP/Blueprints/SideScrollerGameMode.SideScrollerGameMode_C'
[2016.05.12-19.48.49:302][562]BlueprintLog: New page: Compile MainMenu
[2016.05.12-19.48.49:356][562]LogActorComponent: UnregisterComponent: (/Engine/Transient.CharMoveComp) Not registered. Aborting.
[2016.05.12-19.48.49:387][562]BlueprintEditorCompileResults: Info [0642.31] Compile of MainMenu successful! [in 84 ms]
[2016.05.12-19.49.09:768][869]LogAIModule: Creating AISystem for world Death
[2016.05.12-19.49.09:770][869]LogActorComponent: UnregisterComponent: (/Engine/Transient.CharMoveComp) Not registered. Aborting.
[2016.05.12-19.49.09:798][869]LogParticles: Destroying 0 GPU particle simulations for FXSystem 0x000001E7D0D5EB60
[2016.05.12-19.49.11:245][869]Cmd: OBJ SAVEPACKAGE PACKAGE="/Game/RunnerAssets/MainMenu" FILE="../../../../../../Users/Johan/Documents/GitHub/Runner/Content/RunnerAssets/MainMenu.umap" SILENT=true AUTOSAVING=false KEEPDIRTY=false
[2016.05.12-19.49.11:364][869]LogSavePackage: Save=81.150024ms
[2016.05.12-19.49.11:364][869]LogSavePackage: Moving '../../../../../../Users/Johan/Documents/GitHub/Runner/Saved/MainMenuDCDF097B451B5EF41592C0AE4F878CF2.tmp' to '../../../../../../Users/Johan/Documents/GitHub/Runner/Content/RunnerAssets/MainMenu.umap'
[2016.05.12-19.49.11:367][869]LogSavePackage: Total save time: 91.518328ms
[2016.05.12-19.49.11:367][869]LogSavePackage:Display: Finished SavePackage ../../../../../../Users/Johan/Documents/GitHub/Runner/Content/RunnerAssets/MainMenu.umap
[2016.05.12-19.49.11:399][869]LogFileHelpers: Saving map 'MainMenu' took 0.241
[2016.05.12-19.49.11:400][869]Cmd: MAP LOAD FILE="../../../../../../Users/Johan/Documents/GitHub/Runner/Content/RunnerAssets/Death.umap" TEMPLATE=0 SHOWPROGRESS=1 FEATURELEVEL=3
[2016.05.12-19.49.11:400][869]LightingResults: New page: Lighting Build
[2016.05.12-19.49.11:420][869]LoadErrors: New page: Loading map: Death.umap
[2016.05.12-19.49.11:421][869]MapCheck: New page: Map Check
[2016.05.12-19.49.11:421][869]LightingResults: New page: Lighting Build
[2016.05.12-19.49.11:445][869]LogParticles: Destroying 0 GPU particle simulations for FXSystem 0x000001E79BA54680
[2016.05.12-19.49.11:450][869]LogEditorServer: Finished looking for orphan Actors (0.000 secs)
[2016.05.12-19.49.11:484][869]Cmd: MAP CHECKDEP NOCLEARLOG
[2016.05.12-19.49.11:569][869]MapCheck: Info Map check complete: 0 Error(s), 0 Warning(s), took 84.903ms to complete.
[2016.05.12-19.49.11:574][869]LogFileHelpers: Loading map 'Death' took 0.175
[2016.05.12-19.49.14:359][198]LogLinker:Warning: Can't find file '/Game/SideScrollerBP/Blueprints/SideScrollerGameMode'
[2016.05.12-19.49.14:359][198]LogLinker:Warning: Can't find file '/Game/SideScrollerBP/Blueprints/SideScrollerGameMode'
[2016.05.12-19.49.14:359][198]LogUObjectGlobals:Warning: Failed to find object 'Object /Game/SideScrollerBP/Blueprints/SideScrollerGameMode.SideScrollerGameMode_C'
[2016.05.12-19.49.14:360][198]LogLinker:Warning: Can't find file '/Game/SideScrollerBP/Blueprints/SideScrollerGameMode'
[2016.05.12-19.49.14:360][198]LogUObjectGlobals:Warning: Failed to find object 'Object /Game/SideScrollerBP/Blueprints/SideScrollerGameMode.SideScrollerGameMode_C'
[2016.05.12-19.49.15:881][360]LogLinker:Warning: Can't find file '/Game/SideScrollerBP/Blueprints/SideScrollerGameMode'
[2016.05.12-19.49.15:882][360]LogUObjectGlobals:Warning: Failed to find object 'Object /Game/SideScrollerBP/Blueprints/SideScrollerGameMode.SideScrollerGameMode_C'
[2016.05.12-19.49.15:882][360]LogLinker:Warning: Can't find file '/Game/SideScrollerBP/Blueprints/SideScrollerGameMode'
[2016.05.12-19.49.15:882][360]LogUObjectGlobals:Warning: Failed to find object 'Object /Game/SideScrollerBP/Blueprints/SideScrollerGameMode.SideScrollerGameMode_C'
[2016.05.12-19.49.25:156][250]BlueprintLog: New page: Compile Death
[2016.05.12-19.49.25:203][250]LogActorComponent: UnregisterComponent: (/Engine/Transient.CharMoveComp) Not registered. Aborting.
[2016.05.12-19.49.25:232][250]BlueprintEditorCompileResults: Info [0678.16] Compile of Death successful! [in 76 ms]
[2016.05.12-19.49.30:655][825]LogBlueprintUserMessages: Early PlayInEditor Detection: Level '/Game/RunnerAssets/Death.Death:PersistentLevel' has LevelScriptBlueprint '/Game/RunnerAssets/Death.Death:PersistentLevel.Death' with GeneratedClass '/Game/RunnerAssets/Death.Death_C' with ClassGeneratedBy '/Game/RunnerAssets/Death.Death:PersistentLevel.Death'
[2016.05.12-19.49.30:655][825]LogPlayLevel: PlayLevel: No blueprints needed recompiling
[2016.05.12-19.49.30:655][825]PIE: New page: PIE session: Death (May 12, 2016, 11:49:30 PM)
[2016.05.12-19.49.30:656][825]LogPlayLevel: Creating play world package: /Game/RunnerAssets/UEDPIE_0_Death
[2016.05.12-19.49.30:659][825]LogPlayLevel: PIE: StaticDuplicateObject took: (0.003468s)
[2016.05.12-19.49.30:660][825]LogAIModule: Creating AISystem for world Death
[2016.05.12-19.49.30:660][825]LogPlayLevel: PIE: World Init took: (0.000749s)
[2016.05.12-19.49.30:660][825]LogPlayLevel: PIE: Created PIE world by copying editor world from /Game/RunnerAssets/Death.Death to /Game/RunnerAssets/UEDPIE_0_Death.Death (0.004454s)
[2016.05.12-19.49.30:693][825]LogInit: XAudio2 using 'Speakers (Realtek High Definition Audio)' : 2 channels at 48 kHz using 32 bits per sample (channel mask 0x3)
[2016.05.12-19.49.30:706][825]LogInit: FAudioDevice initialized.
[2016.05.12-19.49.30:790][825]LogLinker:Warning: Can't find file '/Game/SideScrollerBP/Blueprints/SideScrollerGameMode'
[2016.05.12-19.49.30:790][825]LogLinker:Warning: Can't find file '/Game/SideScrollerBP/Blueprints/SideScrollerGameMode'
[2016.05.12-19.49.30:790][825]LogUObjectGlobals:Warning: Failed to find object 'Class /Game/SideScrollerBP/Blueprints/SideScrollerGameMode.SideScrollerGameMode_C'
[2016.05.12-19.49.30:790][825]LogWorld: Game class is 'GameMode'
[2016.05.12-19.49.30:792][825]LogWorld: Bringing World /Game/RunnerAssets/UEDPIE_0_Death.Death up for play (max tick rate 0) at 2016.05.12-21.49.30
[2016.05.12-19.49.30:792][825]LogActor:Warning: GameSession /Game/RunnerAssets/UEDPIE_0_Death.Death:PersistentLevel.GameSession_3 has natively added scene component(s), but none of them were set as the actor's RootComponent - picking one arbitrarily
[2016.05.12-19.49.30:792][825]LogActor:Warning: GameNetworkManager /Game/RunnerAssets/UEDPIE_0_Death.Death:PersistentLevel.GameNetworkManager_3 has natively added scene component(s), but none of them were set as the actor's RootComponent - picking one arbitrarily
[2016.05.12-19.49.30:792][825]LogWorld: Bringing up level for play took: 0.001061
[2016.05.12-19.49.30:817][825]PIE: Info Play in editor start time for /Game/RunnerAssets/UEDPIE_0_Death 0.658
[2016.05.12-19.49.30:817][825]LogBlueprintUserMessages: Late PlayInEditor Detection: Level '/Game/RunnerAssets/Death.Death:PersistentLevel' has LevelScriptBlueprint '/Game/RunnerAssets/Death.Death:PersistentLevel.Death' with GeneratedClass '/Game/RunnerAssets/Death.Death_C' with ClassGeneratedBy '/Game/RunnerAssets/Death.Death:PersistentLevel.Death'
[2016.05.12-19.49.35:724][ 83]LogPackageName: SearchForPackageOnDisk took   0.096s to resolve MainMenu.umap.
[2016.05.12-19.49.35:821][ 83]LogPackageName: SearchForPackageOnDisk took   0.096s to resolve MainMenu.umap.
[2016.05.12-19.49.35:821][ 83]LogNet: Browse: /Game/RunnerAssets/MainMenu
[2016.05.12-19.49.35:822][ 83]LogLoad: LoadMap: /Game/RunnerAssets/MainMenu
[2016.05.12-19.49.35:856][ 83]LogParticles: Destroying 0 GPU particle simulations for FXSystem 0x000001E783409C60
[2016.05.12-19.49.35:856][ 83]Cmd: MEM
[2016.05.12-19.49.35:885][ 83]LogMemory: Platform Memory Stats for Windows
[2016.05.12-19.49.35:885][ 83]LogMemory: Process Physical Memory: 1352.49 MB used, 1565.74 MB peak
[2016.05.12-19.49.35:885][ 83]LogMemory: Process Virtual Memory: 1905.86 MB used, 2000.79 MB peak
[2016.05.12-19.49.35:885][ 83]LogMemory: Physical Memory: 6666.38 MB used, 16337.33 MB total
[2016.05.12-19.49.35:885][ 83]LogMemory: Virtual Memory: 2730.82 MB used, 134217728.00 MB total
[2016.05.12-19.49.35:885][ 83]LogMemory: 
[2016.05.12-19.49.35:885][ 83]Allocator Stats for TBB: (not implemented)
[2016.05.12-19.49.35:907][ 83]LogAIModule: Creating AISystem for world MainMenu
[2016.05.12-19.49.35:908][ 83]LogLinker:Warning: Can't find file '/Game/SideScrollerBP/Blueprints/SideScrollerGameMode'
[2016.05.12-19.49.35:908][ 83]LogLinker:Warning: Can't find file '/Game/SideScrollerBP/Blueprints/SideScrollerGameMode'
[2016.05.12-19.49.35:909][ 83]LogUObjectGlobals:Warning: Failed to find object 'Class /Game/SideScrollerBP/Blueprints/SideScrollerGameMode.SideScrollerGameMode_C'
[2016.05.12-19.49.35:909][ 83]LogWorld: Game class is 'GameMode'
[2016.05.12-19.49.35:910][ 83]LogWorld: Bringing World /Game/RunnerAssets/UEDPIE_0_MainMenu.MainMenu up for play (max tick rate 0) at 2016.05.12-21.49.35
[2016.05.12-19.49.35:911][ 83]LogActor:Warning: GameSession /Game/RunnerAssets/UEDPIE_0_MainMenu.MainMenu:PersistentLevel.GameSession_4 has natively added scene component(s), but none of them were set as the actor's RootComponent - picking one arbitrarily
[2016.05.12-19.49.35:911][ 83]LogActor:Warning: GameNetworkManager /Game/RunnerAssets/UEDPIE_0_MainMenu.MainMenu:PersistentLevel.GameNetworkManager_4 has natively added scene component(s), but none of them were set as the actor's RootComponent - picking one arbitrarily
[2016.05.12-19.49.35:911][ 83]LogWorld: Bringing up level for play took: 0.001185
[2016.05.12-19.49.35:912][ 83]LogGameMode: Warning - PATHS NOT DEFINED or NO PLAYERSTART with positive rating
[2016.05.12-19.49.55:565][187]LogPackageName: SearchForPackageOnDisk took   0.084s to resolve RunnerMap.umap.
[2016.05.12-19.49.55:661][187]LogPackageName: SearchForPackageOnDisk took   0.086s to resolve RunnerMap.umap.
[2016.05.12-19.49.55:661][187]LogNet: Browse: /Game/RunnerAssets/RunnerMap
[2016.05.12-19.49.55:661][187]LogLoad: LoadMap: /Game/RunnerAssets/RunnerMap
[2016.05.12-19.49.55:693][187]LogParticles: Destroying 0 GPU particle simulations for FXSystem 0x000001E78336A0C0
[2016.05.12-19.49.55:694][187]Cmd: MEM
[2016.05.12-19.49.55:725][187]LogMemory: Platform Memory Stats for Windows
[2016.05.12-19.49.55:725][187]LogMemory: Process Physical Memory: 1311.56 MB used, 1565.74 MB peak
[2016.05.12-19.49.55:725][187]LogMemory: Process Virtual Memory: 1917.68 MB used, 2000.79 MB peak
[2016.05.12-19.49.55:725][187]LogMemory: Physical Memory: 6674.84 MB used, 16337.33 MB total
[2016.05.12-19.49.55:725][187]LogMemory: Virtual Memory: 2762.40 MB used, 134217728.00 MB total
[2016.05.12-19.49.55:725][187]LogMemory: 
[2016.05.12-19.49.55:725][187]Allocator Stats for TBB: (not implemented)
[2016.05.12-19.49.56:153][187]LogAIModule: Creating AISystem for world RunnerMap
[2016.05.12-19.49.56:154][187]LogLinker:Warning: Can't find file '/Game/SideScrollerBP/Blueprints/SideScrollerGameMode'
[2016.05.12-19.49.56:154][187]LogLinker:Warning: Can't find file '/Game/SideScrollerBP/Blueprints/SideScrollerGameMode'
[2016.05.12-19.49.56:154][187]LogUObjectGlobals:Warning: Failed to find object 'Class /Game/SideScrollerBP/Blueprints/SideScrollerGameMode.SideScrollerGameMode_C'
[2016.05.12-19.49.56:154][187]LogWorld: Game class is 'GameMode'
[2016.05.12-19.49.56:164][187]LogWorld: Bringing World /Game/RunnerAssets/UEDPIE_0_RunnerMap.RunnerMap up for play (max tick rate 0) at 2016.05.12-21.49.56
[2016.05.12-19.49.56:165][187]LogActor:Warning: GameSession /Game/RunnerAssets/UEDPIE_0_RunnerMap.RunnerMap:PersistentLevel.GameSession_5 has natively added scene component(s), but none of them were set as the actor's RootComponent - picking one arbitrarily
[2016.05.12-19.49.56:165][187]LogActor:Warning: GameNetworkManager /Game/RunnerAssets/UEDPIE_0_RunnerMap.RunnerMap:PersistentLevel.GameNetworkManager_5 has natively added scene component(s), but none of them were set as the actor's RootComponent - picking one arbitrarily
[2016.05.12-19.49.56:165][187]LogWorld: Bringing up level for play took: 0.010607
[2016.05.12-19.49.56:166][187]LogGameMode: Warning - PATHS NOT DEFINED or NO PLAYERSTART with positive rating
[2016.05.12-19.49.56:169][187]LogScript:Warning: Cannot access 'Wall_Windowless_C_803'. It is pending kill. Property: 'CallFunc_FinishSpawningActor_ReturnValue'
	SpawnBox_Blueprint_C /Game/RunnerAssets/UEDPIE_0_RunnerMap.RunnerMap:PersistentLevel.SpawnBox_Blueprint_C_1
	Function /Game/RunnerAssets/Blueprints/Spawners/SpawnBox_Blueprint.SpawnBox_Blueprint_C:ExecuteUbergraph_SpawnBox_Blueprint:0897
[2016.05.12-19.49.56:211][187]PIE:Error: Error Cannot access 'Wall_Windowless_C_803'. It is pending kill. Property: 'CallFunc_FinishSpawningActor_ReturnValue' from node SpawnActor Wall Windowless in graph 'EventGraph' in blueprint SpawnBox_Blueprint
[2016.05.12-19.49.56:211][187]LogScript:Warning: Accessed None
	SpawnBox_Blueprint_C /Game/RunnerAssets/UEDPIE_0_RunnerMap.RunnerMap:PersistentLevel.SpawnBox_Blueprint_C_1
	Function /Game/RunnerAssets/Blueprints/Spawners/SpawnBox_Blueprint.SpawnBox_Blueprint_C:ExecuteUbergraph_SpawnBox_Blueprint:08AC
[2016.05.12-19.49.56:211][187]PIE:Error: Error Accessed None from node SpawnActor Wall Windowless in graph 'EventGraph' in blueprint SpawnBox_Blueprint
[2016.05.12-19.49.56:211][187]LogScript:Warning: Cannot access 'Wall_Windowless_C_803'. It is pending kill. Property: 'CallFunc_FinishSpawningActor_ReturnValue'
	SpawnBox_Blueprint_C /Game/RunnerAssets/UEDPIE_0_RunnerMap.RunnerMap:PersistentLevel.SpawnBox_Blueprint_C_1
	Function /Game/RunnerAssets/Blueprints/Spawners/SpawnBox_Blueprint.SpawnBox_Blueprint_C:ExecuteUbergraph_SpawnBox_Blueprint:0960
[2016.05.12-19.49.56:211][187]PIE:Error: Error Cannot access 'Wall_Windowless_C_803'. It is pending kill. Property: 'CallFunc_FinishSpawningActor_ReturnValue' from node SpawnActor Wall Windowless in graph 'EventGraph' in blueprint SpawnBox_Blueprint
[2016.05.12-19.49.56:211][187]LogScript:Warning: Accessed None
	SpawnBox_Blueprint_C /Game/RunnerAssets/UEDPIE_0_RunnerMap.RunnerMap:PersistentLevel.SpawnBox_Blueprint_C_1
	Function /Game/RunnerAssets/Blueprints/Spawners/SpawnBox_Blueprint.SpawnBox_Blueprint_C:ExecuteUbergraph_SpawnBox_Blueprint:0975
[2016.05.12-19.49.56:211][187]PIE:Error: Error Accessed None from node SpawnActor Wall Windowless in graph 'EventGraph' in blueprint SpawnBox_Blueprint
[2016.05.12-19.51.02:017][290]LogCharacterMovement: SideScrollerCharacter_C_2 is stuck and failed to move!
[2016.05.12-19.51.02:050][291]LogCharacterMovement: SideScrollerCharacter_C_2 is stuck and failed to move!
[2016.05.12-19.51.02:086][292]LogCharacterMovement: SideScrollerCharacter_C_2 is stuck and failed to move!
[2016.05.12-19.51.02:120][293]LogCharacterMovement: SideScrollerCharacter_C_2 is stuck and failed to move!
[2016.05.12-19.51.02:153][294]LogCharacterMovement: SideScrollerCharacter_C_2 is stuck and failed to move!
[2016.05.12-19.51.20:606][772]LogCharacterMovement: SideScrollerCharacter_C_2 is stuck and failed to move!
[2016.05.12-19.51.21:582][789]LogPackageName: SearchForPackageOnDisk took   0.088s to resolve Death.umap.
[2016.05.12-19.51.21:687][790]LogPackageName: SearchForPackageOnDisk took   0.086s to resolve Death.umap.
[2016.05.12-19.51.21:687][790]LogNet: Browse: /Game/RunnerAssets/Death
[2016.05.12-19.51.21:687][790]LogLoad: LoadMap: /Game/RunnerAssets/Death
[2016.05.12-19.51.21:780][790]LogParticles: Destroying 0 GPU particle simulations for FXSystem 0x000001E7828D22A0
[2016.05.12-19.51.21:796][790]Cmd: MEM
[2016.05.12-19.51.21:831][790]LogMemory: Platform Memory Stats for Windows
[2016.05.12-19.51.21:831][790]LogMemory: Process Physical Memory: 1368.86 MB used, 1565.74 MB peak
[2016.05.12-19.51.21:831][790]LogMemory: Process Virtual Memory: 2006.32 MB used, 2157.90 MB peak
[2016.05.12-19.51.21:831][790]LogMemory: Physical Memory: 6755.61 MB used, 16337.33 MB total
[2016.05.12-19.51.21:831][790]LogMemory: Virtual Memory: 2867.04 MB used, 134217728.00 MB total
[2016.05.12-19.51.21:831][790]LogMemory: 
[2016.05.12-19.51.21:831][790]Allocator Stats for TBB: (not implemented)
[2016.05.12-19.51.21:831][790]LogPlayLevel: Creating play world package: /Game/RunnerAssets/UEDPIE_0_Death
[2016.05.12-19.51.21:835][790]LogPlayLevel: PIE: StaticDuplicateObject took: (0.003932s)
[2016.05.12-19.51.21:836][790]LogAIModule: Creating AISystem for world Death
[2016.05.12-19.51.21:836][790]LogPlayLevel: PIE: World Init took: (0.000817s)
[2016.05.12-19.51.21:836][790]LogPlayLevel: PIE: Created PIE world by copying editor world from /Game/RunnerAssets/Death.Death to /Game/RunnerAssets/UEDPIE_0_Death.Death (0.005027s)
[2016.05.12-19.51.21:837][790]LogLinker:Warning: Can't find file '/Game/SideScrollerBP/Blueprints/SideScrollerGameMode'
[2016.05.12-19.51.21:837][790]LogLinker:Warning: Can't find file '/Game/SideScrollerBP/Blueprints/SideScrollerGameMode'
[2016.05.12-19.51.21:838][790]LogUObjectGlobals:Warning: Failed to find object 'Class /Game/SideScrollerBP/Blueprints/SideScrollerGameMode.SideScrollerGameMode_C'
[2016.05.12-19.51.21:838][790]LogWorld: Game class is 'GameMode'
[2016.05.12-19.51.21:839][790]LogWorld: Bringing World /Game/RunnerAssets/UEDPIE_0_Death.Death up for play (max tick rate 0) at 2016.05.12-21.51.21
[2016.05.12-19.51.21:839][790]LogActor:Warning: GameSession /Game/RunnerAssets/UEDPIE_0_Death.Death:PersistentLevel.GameSession_6 has natively added scene component(s), but none of them were set as the actor's RootComponent - picking one arbitrarily
[2016.05.12-19.51.21:840][790]LogActor:Warning: GameNetworkManager /Game/RunnerAssets/UEDPIE_0_Death.Death:PersistentLevel.GameNetworkManager_6 has natively added scene component(s), but none of them were set as the actor's RootComponent - picking one arbitrarily
[2016.05.12-19.51.21:840][790]LogWorld: Bringing up level for play took: 0.001156
[2016.05.12-19.51.21:841][790]LogGameMode: Warning - PATHS NOT DEFINED or NO PLAYERSTART with positive rating
[2016.05.12-19.51.31:798][434]LogPackageName: SearchForPackageOnDisk took   0.097s to resolve MainMenu.umap.
[2016.05.12-19.51.31:890][434]LogPackageName: SearchForPackageOnDisk took   0.091s to resolve MainMenu.umap.
[2016.05.12-19.51.31:890][434]LogNet: Browse: /Game/RunnerAssets/MainMenu
[2016.05.12-19.51.31:890][434]LogLoad: LoadMap: /Game/RunnerAssets/MainMenu
[2016.05.12-19.51.31:926][434]LogParticles: Destroying 0 GPU particle simulations for FXSystem 0x000001E7828D00E0
[2016.05.12-19.51.31:926][434]Cmd: MEM
[2016.05.12-19.51.31:963][434]LogMemory: Platform Memory Stats for Windows
[2016.05.12-19.51.31:963][434]LogMemory: Process Physical Memory: 1388.32 MB used, 1565.74 MB peak
[2016.05.12-19.51.31:963][434]LogMemory: Process Virtual Memory: 1986.35 MB used, 2157.90 MB peak
[2016.05.12-19.51.31:963][434]LogMemory: Physical Memory: 6795.91 MB used, 16337.33 MB total
[2016.05.12-19.51.31:963][434]LogMemory: Virtual Memory: 2831.04 MB used, 134217728.00 MB total
[2016.05.12-19.51.31:963][434]LogMemory: 
[2016.05.12-19.51.31:963][434]Allocator Stats for TBB: (not implemented)
[2016.05.12-19.51.31:995][434]LogAIModule: Creating AISystem for world MainMenu
[2016.05.12-19.51.31:996][434]LogLinker:Warning: Can't find file '/Game/SideScrollerBP/Blueprints/SideScrollerGameMode'
[2016.05.12-19.51.31:996][434]LogLinker:Warning: Can't find file '/Game/SideScrollerBP/Blueprints/SideScrollerGameMode'
[2016.05.12-19.51.31:996][434]LogUObjectGlobals:Warning: Failed to find object 'Class /Game/SideScrollerBP/Blueprints/SideScrollerGameMode.SideScrollerGameMode_C'
[2016.05.12-19.51.31:996][434]LogWorld: Game class is 'GameMode'
[2016.05.12-19.51.31:998][434]LogWorld: Bringing World /Game/RunnerAssets/UEDPIE_0_MainMenu.MainMenu up for play (max tick rate 0) at 2016.05.12-21.51.31
[2016.05.12-19.51.31:999][434]LogActor:Warning: GameSession /Game/RunnerAssets/UEDPIE_0_MainMenu.MainMenu:PersistentLevel.GameSession_7 has natively added scene component(s), but none of them were set as the actor's RootComponent - picking one arbitrarily
[2016.05.12-19.51.31:999][434]LogActor:Warning: GameNetworkManager /Game/RunnerAssets/UEDPIE_0_MainMenu.MainMenu:PersistentLevel.GameNetworkManager_7 has natively added scene component(s), but none of them were set as the actor's RootComponent - picking one arbitrarily
[2016.05.12-19.51.31:999][434]LogWorld: Bringing up level for play took: 0.001289
[2016.05.12-19.51.32:000][434]LogGameMode: Warning - PATHS NOT DEFINED or NO PLAYERSTART with positive rating
[2016.05.12-19.51.35:751][672]LogPackageName: SearchForPackageOnDisk took   0.090s to resolve RunnerMap.umap.
[2016.05.12-19.51.35:850][672]LogPackageName: SearchForPackageOnDisk took   0.098s to resolve RunnerMap.umap.
[2016.05.12-19.51.35:850][672]LogNet: Browse: /Game/RunnerAssets/RunnerMap
[2016.05.12-19.51.35:850][672]LogLoad: LoadMap: /Game/RunnerAssets/RunnerMap
[2016.05.12-19.51.35:889][672]LogParticles: Destroying 0 GPU particle simulations for FXSystem 0x000001E7828A4EA0
[2016.05.12-19.51.35:889][672]Cmd: MEM
[2016.05.12-19.51.35:917][672]LogMemory: Platform Memory Stats for Windows
[2016.05.12-19.51.35:917][672]LogMemory: Process Physical Memory: 1400.00 MB used, 1565.74 MB peak
[2016.05.12-19.51.35:917][672]LogMemory: Process Virtual Memory: 1988.70 MB used, 2157.90 MB peak
[2016.05.12-19.51.35:917][672]LogMemory: Physical Memory: 6796.57 MB used, 16337.33 MB total
[2016.05.12-19.51.35:917][672]LogMemory: Virtual Memory: 2855.04 MB used, 134217728.00 MB total
[2016.05.12-19.51.35:917][672]LogMemory: 
[2016.05.12-19.51.35:917][672]Allocator Stats for TBB: (not implemented)
[2016.05.12-19.51.36:381][672]LogAIModule: Creating AISystem for world RunnerMap
[2016.05.12-19.51.36:381][672]LogLinker:Warning: Can't find file '/Game/SideScrollerBP/Blueprints/SideScrollerGameMode'
[2016.05.12-19.51.36:382][672]LogLinker:Warning: Can't find file '/Game/SideScrollerBP/Blueprints/SideScrollerGameMode'
[2016.05.12-19.51.36:382][672]LogUObjectGlobals:Warning: Failed to find object 'Class /Game/SideScrollerBP/Blueprints/SideScrollerGameMode.SideScrollerGameMode_C'
[2016.05.12-19.51.36:382][672]LogWorld: Game class is 'GameMode'
[2016.05.12-19.51.36:393][672]LogWorld: Bringing World /Game/RunnerAssets/UEDPIE_0_RunnerMap.RunnerMap up for play (max tick rate 0) at 2016.05.12-21.51.36
[2016.05.12-19.51.36:393][672]LogActor:Warning: GameSession /Game/RunnerAssets/UEDPIE_0_RunnerMap.RunnerMap:PersistentLevel.GameSession_8 has natively added scene component(s), but none of them were set as the actor's RootComponent - picking one arbitrarily
[2016.05.12-19.51.36:393][672]LogActor:Warning: GameNetworkManager /Game/RunnerAssets/UEDPIE_0_RunnerMap.RunnerMap:PersistentLevel.GameNetworkManager_8 has natively added scene component(s), but none of them were set as the actor's RootComponent - picking one arbitrarily
[2016.05.12-19.51.36:394][672]LogWorld: Bringing up level for play took: 0.011192
[2016.05.12-19.51.36:394][672]LogGameMode: Warning - PATHS NOT DEFINED or NO PLAYERSTART with positive rating
[2016.05.12-19.51.36:397][672]LogScript:Warning: Cannot access 'Wall_Windowless_C_1724'. It is pending kill. Property: 'CallFunc_FinishSpawningActor_ReturnValue'
	SpawnBox_Blueprint_C /Game/RunnerAssets/UEDPIE_0_RunnerMap.RunnerMap:PersistentLevel.SpawnBox_Blueprint_C_1
	Function /Game/RunnerAssets/Blueprints/Spawners/SpawnBox_Blueprint.SpawnBox_Blueprint_C:ExecuteUbergraph_SpawnBox_Blueprint:0897
[2016.05.12-19.51.36:397][672]PIE:Error: Error Cannot access 'Wall_Windowless_C_1724'. It is pending kill. Property: 'CallFunc_FinishSpawningActor_ReturnValue' from node SpawnActor Wall Windowless in graph 'EventGraph' in blueprint SpawnBox_Blueprint
[2016.05.12-19.51.36:397][672]LogScript:Warning: Accessed None
	SpawnBox_Blueprint_C /Game/RunnerAssets/UEDPIE_0_RunnerMap.RunnerMap:PersistentLevel.SpawnBox_Blueprint_C_1
	Function /Game/RunnerAssets/Blueprints/Spawners/SpawnBox_Blueprint.SpawnBox_Blueprint_C:ExecuteUbergraph_SpawnBox_Blueprint:08AC
[2016.05.12-19.51.36:397][672]PIE:Error: Error Accessed None from node SpawnActor Wall Windowless in graph 'EventGraph' in blueprint SpawnBox_Blueprint
[2016.05.12-19.51.36:397][672]LogScript:Warning: Cannot access 'Wall_Windowless_C_1724'. It is pending kill. Property: 'CallFunc_FinishSpawningActor_ReturnValue'
	SpawnBox_Blueprint_C /Game/RunnerAssets/UEDPIE_0_RunnerMap.RunnerMap:PersistentLevel.SpawnBox_Blueprint_C_1
	Function /Game/RunnerAssets/Blueprints/Spawners/SpawnBox_Blueprint.SpawnBox_Blueprint_C:ExecuteUbergraph_SpawnBox_Blueprint:0960
[2016.05.12-19.51.36:397][672]PIE:Error: Error Cannot access 'Wall_Windowless_C_1724'. It is pending kill. Property: 'CallFunc_FinishSpawningActor_ReturnValue' from node SpawnActor Wall Windowless in graph 'EventGraph' in blueprint SpawnBox_Blueprint
[2016.05.12-19.51.36:397][672]LogScript:Warning: Accessed None
	SpawnBox_Blueprint_C /Game/RunnerAssets/UEDPIE_0_RunnerMap.RunnerMap:PersistentLevel.SpawnBox_Blueprint_C_1
	Function /Game/RunnerAssets/Blueprints/Spawners/SpawnBox_Blueprint.SpawnBox_Blueprint_C:ExecuteUbergraph_SpawnBox_Blueprint:0975
[2016.05.12-19.51.36:398][672]PIE:Error: Error Accessed None from node SpawnActor Wall Windowless in graph 'EventGraph' in blueprint SpawnBox_Blueprint
[2016.05.12-19.51.39:008][789]LogBlueprintUserMessages: Early EndPlayMap Detection: Level '/Game/RunnerAssets/Death.Death:PersistentLevel' has LevelScriptBlueprint '/Game/RunnerAssets/Death.Death:PersistentLevel.Death' with GeneratedClass '/Game/RunnerAssets/Death.Death_C' with ClassGeneratedBy '/Game/RunnerAssets/Death.Death:PersistentLevel.Death'
[2016.05.12-19.51.39:046][789]LogBlueprintUserMessages: Late EndPlayMap Detection: Level '/Game/RunnerAssets/Death.Death:PersistentLevel' has LevelScriptBlueprint '/Game/RunnerAssets/Death.Death:PersistentLevel.Death' with GeneratedClass '/Game/RunnerAssets/Death.Death_C' with ClassGeneratedBy '/Game/RunnerAssets/Death.Death:PersistentLevel.Death'
[2016.05.12-19.51.39:097][789]LogParticles: Destroying 0 GPU particle simulations for FXSystem 0x000001E782E0A2A0
[2016.05.12-19.51.52:293][174]Cmd: OBJ SAVEPACKAGE PACKAGE="/Game/RunnerAssets/Death" FILE="../../../../../../Users/Johan/Documents/GitHub/Runner/Content/RunnerAssets/Death.umap" SILENT=true AUTOSAVING=false KEEPDIRTY=false
[2016.05.12-19.51.52:398][174]LogSavePackage: Save=69.698952ms
[2016.05.12-19.51.52:398][174]LogSavePackage: Moving '../../../../../../Users/Johan/Documents/GitHub/Runner/Saved/DeathE00D6E0E49DC54E867F1D983E1738923.tmp' to '../../../../../../Users/Johan/Documents/GitHub/Runner/Content/RunnerAssets/Death.umap'
[2016.05.12-19.51.52:401][174]LogSavePackage: Total save time: 81.750125ms
[2016.05.12-19.51.52:401][174]LogSavePackage:Display: Finished SavePackage ../../../../../../Users/Johan/Documents/GitHub/Runner/Content/RunnerAssets/Death.umap
[2016.05.12-19.51.52:431][174]LogFileHelpers: Saving map 'Death' took 0.217
[2016.05.12-19.51.54:102][309]Cmd: QUIT_EDITOR
[2016.05.12-19.51.54:510][309]LogWindowsTextInputMethodSystem:Display: IME system now deactivated.
[2016.05.12-19.51.54:510][309]LogWindowsTextInputMethodSystem:Display: IME system now deactivated.
[2016.05.12-19.51.54:619][309]LogExit: Preparing to exit.
[2016.05.12-19.56.59:278][309]LogExit: Editor shut down
[2016.05.12-19.56.59:278][309]LogExit: Transaction tracking system shut down
[2016.05.12-19.56.59:303][309]LogParticles: Destroying 0 GPU particle simulations for FXSystem 0x000001E7941F6AC0
[2016.05.12-19.56.59:305][309]LogParticles: Destroying 0 GPU particle simulations for FXSystem 0x000001E7FC766200
[2016.05.12-19.56.59:305][309]LogParticles: Destroying 0 GPU particle simulations for FXSystem 0x000001E79BA54CC0
[2016.05.12-19.56.59:508][309]LogParticles: Destroying 0 GPU particle simulations for FXSystem 0x000001E79BA56C00
[2016.05.12-19.57.05:229][309]LogParticles: Destroying 0 GPU particle simulations for FXSystem 0x000001E783A36B60
[2016.05.12-19.57.05:229][309]LogExit: Object subsystem successfully closed.
[2016.05.12-19.57.07:047][309]LogD3D11RHI: Shutdown
[2016.05.12-19.57.07:047][309]LogD3D11RHI: CleanupD3DDevice
[2016.05.12-19.57.08:135][309]LogD3D11RHI: ~FD3D11DynamicRHI
[2016.05.12-19.57.11:748][309]LogModuleManager: Shutting down and abandoning module CookingStats (202)
[2016.05.12-19.57.11:748][309]LogModuleManager: Shutting down and abandoning module WorldBrowser (201)
[2016.05.12-19.57.11:749][309]LogModuleManager: Shutting down and abandoning module SequencerWidgets (200)
[2016.05.12-19.57.11:749][309]LogModuleManager: Shutting down and abandoning module BlueprintGraph (199)
[2016.05.12-19.57.11:749][309]LogModuleManager: Shutting down and abandoning module CrashTracker (198)
[2016.05.12-19.57.11:749][309]LogModuleManager: Shutting down and abandoning module SceneOutliner (197)
[2016.05.12-19.57.11:749][309]LogModuleManager: Shutting down and abandoning module SuperSearch (196)
[2016.05.12-19.57.11:749][309]LogModuleManager: Shutting down and abandoning module WidgetCarousel (195)
[2016.05.12-19.57.11:812][309]LogModuleManager: Shutting down and abandoning module AddContentDialog (194)
[2016.05.12-19.57.11:814][309]LogModuleManager: Shutting down and abandoning module EditorWidgets (193)
[2016.05.12-19.57.11:814][309]LogModuleManager: Shutting down and abandoning module CollectionManager (192)
[2016.05.12-19.57.12:662][309]LogModuleManager: Shutting down and abandoning module StatsViewer (191)
[2016.05.12-19.57.12:780][309]LogModuleManager: Shutting down and abandoning module FoliageEdit (190)
[2016.05.12-19.57.12:780][309]LogModuleManager: Shutting down and abandoning module LandscapeEditor (189)
[2016.05.12-19.57.12:903][309]LogModuleManager: Shutting down and abandoning module ActorPickerMode (188)
[2016.05.12-19.57.12:903][309]LogModuleManager: Shutting down and abandoning module GeometryMode (187)
[2016.05.12-19.57.12:903][309]LogModuleManager: Shutting down and abandoning module TextureAlignMode (186)
[2016.05.12-19.57.12:903][309]LogModuleManager: Shutting down and abandoning module BspMode (185)
[2016.05.12-19.57.12:903][309]LogModuleManager: Shutting down and abandoning module PlacementMode (184)
[2016.05.12-19.57.12:903][309]LogModuleManager: Shutting down and abandoning module AutomationWorker (183)
[2016.05.12-19.57.12:903][309]LogModuleManager: Shutting down and abandoning module CharacterAI (182)
[2016.05.12-19.57.12:903][309]LogModuleManager: Shutting down and abandoning module SmartSnapping (181)
[2016.05.12-19.57.12:903][309]LogModuleManager: Shutting down and abandoning module ViewportSnapping (180)
[2016.05.12-19.57.12:903][309]LogModuleManager: Shutting down and abandoning module LogVisualizer (179)
[2016.05.12-19.57.12:903][309]LogModuleManager: Shutting down and abandoning module GameProjectGeneration (178)
[2016.05.12-19.57.13:116][309]LogModuleManager: Shutting down and abandoning module IntroTutorials (177)
[2016.05.12-19.57.13:116][309]LogModuleManager: Shutting down and abandoning module EditorLiveStreaming (176)
[2016.05.12-19.57.13:116][309]LogModuleManager: Shutting down and abandoning module IOSPlatformEditor (175)
[2016.05.12-19.57.13:116][309]LogModuleManager: Shutting down and abandoning module HTML5PlatformEditor (174)
[2016.05.12-19.57.13:116][309]LogModuleManager: Shutting down and abandoning module AndroidDeviceDetection (173)
[2016.05.12-19.57.13:432][309]LogModuleManager: Shutting down and abandoning module AndroidPlatformEditor (172)
[2016.05.12-19.57.13:432][309]LogModuleManager: Shutting down and abandoning module IOSRuntimeSettings (171)
[2016.05.12-19.57.13:432][309]LogModuleManager: Shutting down and abandoning module AndroidRuntimeSettings (170)
[2016.05.12-19.57.13:433][309]LogModuleManager: Shutting down and abandoning module MergeActors (169)
[2016.05.12-19.57.13:433][309]LogModuleManager: Shutting down and abandoning module SizeMap (168)
[2016.05.12-19.57.13:433][309]LogModuleManager: Shutting down and abandoning module TreeMap (167)
[2016.05.12-19.57.13:451][309]LogModuleManager: Shutting down and abandoning module ReferenceViewer (166)
[2016.05.12-19.57.13:451][309]LogModuleManager: Shutting down and abandoning module LocalizationService (165)
[2016.05.12-19.57.13:451][309]LogModuleManager: Shutting down and abandoning module LocalizationDashboard (164)
[2016.05.12-19.57.13:486][309]LogModuleManager: Shutting down and abandoning module HardwareTargeting (163)
[2016.05.12-19.57.13:486][309]LogModuleManager: Shutting down and abandoning module DeviceProfileEditor (162)
[2016.05.12-19.57.13:486][309]LogModuleManager: Shutting down and abandoning module UndoHistory (161)
[2016.05.12-19.57.13:486][309]LogModuleManager: Shutting down and abandoning module GameplayTagsEditor (160)
[2016.05.12-19.57.13:486][309]LogModuleManager: Shutting down and abandoning module UserFeedback (159)
[2016.05.12-19.57.13:486][309]LogModuleManager: Shutting down and abandoning module XmlParser (158)
[2016.05.12-19.57.13:486][309]LogModuleManager: Shutting down and abandoning module Blutility (157)
[2016.05.12-19.57.13:486][309]LogModuleManager: Shutting down and abandoning module ProjectTargetPlatformEditor (156)
[2016.05.12-19.57.13:486][309]LogModuleManager: Shutting down and abandoning module ProjectSettingsViewer (155)
[2016.05.12-19.57.13:486][309]LogModuleManager: Shutting down and abandoning module InputBindingEditor (154)
[2016.05.12-19.57.13:547][309]LogModuleManager: Shutting down and abandoning module EditorSettingsViewer (153)
[2016.05.12-19.57.13:547][309]LogModuleManager: Shutting down and abandoning module SettingsEditor (152)
[2016.05.12-19.57.13:547][309]LogModuleManager: Shutting down and abandoning module ProjectLauncher (151)
[2016.05.12-19.57.13:560][309]LogModuleManager: Shutting down and abandoning module SessionFrontend (150)
[2016.05.12-19.57.13:560][309]LogModuleManager: Shutting down and abandoning module ProfilerClient (149)
[2016.05.12-19.57.13:565][309]LogModuleManager: Shutting down and abandoning module TargetDeviceServices (148)
[2016.05.12-19.57.13:568][309]LogModuleManager: Shutting down and abandoning module DeviceManager (147)
[2016.05.12-19.57.13:568][309]LogModuleManager: Shutting down and abandoning module AutomationController (146)
[2016.05.12-19.57.13:575][309]LogModuleManager: Shutting down and abandoning module AutomationWindow (145)
[2016.05.12-19.57.13:580][309]LogModuleManager: Shutting down and abandoning module Layers (144)
[2016.05.12-19.57.13:608][309]LogModuleManager: Shutting down and abandoning module ComponentVisualizers (143)
[2016.05.12-19.57.13:608][309]LogModuleManager: Shutting down and abandoning module DetailCustomizations (142)
[2016.05.12-19.57.13:684][309]LogModuleManager: Shutting down and abandoning module PackagesDialog (141)
[2016.05.12-19.57.13:684][309]LogModuleManager: Shutting down and abandoning module Persona (140)
[2016.05.12-19.57.13:772][309]LogModuleManager: Shutting down and abandoning module Kismet (139)
[2016.05.12-19.57.13:772][309]LogModuleManager: Shutting down and abandoning module GraphEditor (138)
[2016.05.12-19.57.13:772][309]LogModuleManager: Shutting down and abandoning module ClassViewer (137)
[2016.05.12-19.57.13:772][309]LogModuleManager: Shutting down and abandoning module Toolbox (136)
[2016.05.12-19.57.13:772][309]LogModuleManager: Shutting down and abandoning module ModuleUI (135)
[2016.05.12-19.57.13:810][309]LogModuleManager: Shutting down and abandoning module MovieSceneTools (134)
[2016.05.12-19.57.13:810][309]LogModuleManager: Shutting down and abandoning module OutputLog (133)
[2016.05.12-19.57.13:810][309]LogModuleManager: Shutting down and abandoning module GammaUI (132)
[2016.05.12-19.57.13:845][309]LogModuleManager: Shutting down and abandoning module Documentation (131)
[2016.05.12-19.57.13:845][309]LogModuleManager: Shutting down and abandoning module GameLiveStreaming (130)
[2016.05.12-19.57.13:845][309]LogModuleManager: Shutting down and abandoning module StreamingPauseRendering (129)
[2016.05.12-19.57.13:845][309]LogModuleManager: Shutting down and abandoning module AnalyticsET (128)
[2016.05.12-19.57.13:845][309]LogModuleManager: Shutting down and abandoning module Analytics (127)
[2016.05.12-19.57.13:845][309]LogModuleManager: Shutting down and abandoning module AITestSuite (126)
[2016.05.12-19.57.13:845][309]LogModuleManager: Shutting down and abandoning module GameplayDebugger (125)
[2016.05.12-19.57.13:845][309]LogModuleManager: Shutting down and abandoning module AIModule (124)
[2016.05.12-19.57.13:845][309]LogModuleManager: Shutting down and abandoning module ProfilerService (123)
[2016.05.12-19.57.13:992][309]LogModuleManager: Shutting down and abandoning module TaskGraph (122)
[2016.05.12-19.57.14:249][309]LogModuleManager: Shutting down and abandoning module SlateRemote (121)
[2016.05.12-19.57.14:249][309]LogModuleManager: Shutting down and abandoning module SteamVRController (120)
[2016.05.12-19.57.14:249][309]LogModuleManager: Shutting down and abandoning module SteamVR (119)
[2016.05.12-19.57.14:249][309]LogModuleManager: Shutting down and abandoning module ProceduralMeshComponent (118)
[2016.05.12-19.57.14:298][309]LogModuleManager: Shutting down and abandoning module OculusLibrary (117)
[2016.05.12-19.57.14:298][309]LogModuleManager: Shutting down and abandoning module OculusInput (116)
[2016.05.12-19.57.14:298][309]LogModuleManager: Shutting down and abandoning module LeapMotionController (115)
[2016.05.12-19.57.14:321][309]LogModuleManager: Shutting down and abandoning module CustomMeshComponent (114)
[2016.05.12-19.57.14:321][309]LogModuleManager: Shutting down and abandoning module CableComponent (113)
[2016.05.12-19.57.14:404][309]LogModuleManager: Shutting down and abandoning module ArchVisCharacter (112)
[2016.05.12-19.57.14:404][309]LogModuleManager: Shutting down and abandoning module MessagingDebugger (111)
[2016.05.12-19.57.14:527][309]LogModuleManager: Shutting down and abandoning module MediaPlayerEditor (110)
[2016.05.12-19.57.14:545][309]LogModuleManager: Shutting down and abandoning module HTML5Networking (109)
[2016.05.12-19.57.14:545][309]LogModuleManager: Shutting down and abandoning module SpeedTreeImporter (108)
[2016.05.12-19.57.14:545][309]LogModuleManager: Shutting down and abandoning module PluginBrowser (107)
[2016.05.12-19.57.14:664][309]LogModuleManager: Shutting down and abandoning module EpicSurvey (106)
[2016.05.12-19.57.14:664][309]LogModuleManager: Shutting down and abandoning module DesktopPlatform (105)
[2016.05.12-19.57.14:682][309]LogModuleManager: Shutting down and abandoning module VisualStudioSourceCodeAccess (104)
[2016.05.12-19.57.14:682][309]LogModuleManager: Shutting down and abandoning module UObjectPlugin (103)
[2016.05.12-19.57.14:682][309]LogModuleManager: Shutting down and abandoning module SubversionSourceControl (102)
[2016.05.12-19.57.14:682][309]LogModuleManager: Shutting down and abandoning module PerforceSourceControl (101)
[2016.05.12-19.57.14:682][309]LogModuleManager: Shutting down and abandoning module SourceControl (100)
[2016.05.12-19.57.14:847][309]LogModuleManager: Shutting down and abandoning module GitSourceControl (99)
[2016.05.12-19.57.14:847][309]LogModuleManager: Shutting down and abandoning module LightPropagationVolumeEditor (98)
[2016.05.12-19.57.14:847][309]LogModuleManager: Shutting down and abandoning module PaperTiledImporter (97)
[2016.05.12-19.57.14:847][309]LogModuleManager: Shutting down and abandoning module PaperSpriteSheetImporter (96)
[2016.05.12-19.57.14:847][309]LogModuleManager: Shutting down and abandoning module MeshPaint (95)
[2016.05.12-19.57.14:847][309]LogModuleManager: Shutting down and abandoning module SlateReflector (94)
[2016.05.12-19.57.14:929][309]LogModuleManager: Shutting down and abandoning module HotReload (93)
[2016.05.12-19.57.14:984][309]LogModuleManager: Shutting down and abandoning module MainFrame (92)
[2016.05.12-19.57.14:984][309]LogModuleManager: Shutting down and abandoning module LevelEditor (91)
[2016.05.12-19.57.15:045][309]LogModuleManager: Shutting down and abandoning module DirectoryWatcher (90)
[2016.05.12-19.57.15:048][309]LogModuleManager: Shutting down and abandoning module AssetRegistry (89)
[2016.05.12-19.57.15:171][309]LogModuleManager: Shutting down and abandoning module ContentBrowser (88)
[2016.05.12-19.57.15:172][309]LogModuleManager: Shutting down and abandoning module Paper2DEditor (87)
[2016.05.12-19.57.15:172][309]LogModuleManager: Shutting down and abandoning module UdpMessaging (86)
[2016.05.12-19.57.15:272][309]LogModuleManager: Shutting down and abandoning module LightPropagationVolumeRuntime (85)
[2016.05.12-19.57.15:272][309]LogModuleManager: Shutting down and abandoning module Paper2D (84)
[2016.05.12-19.57.15:306][309]LogModuleManager: Shutting down and abandoning module WindowsMoviePlayer (83)
[2016.05.12-19.57.15:312][309]LogModuleManager: Shutting down and abandoning module Media (82)
[2016.05.12-19.57.15:312][309]LogModuleManager: Shutting down and abandoning module WmfMedia (81)
[2016.05.12-19.57.15:312][309]LogModuleManager: Shutting down and abandoning module OnlineBlueprintSupport (80)
[2016.05.12-19.57.15:312][309]LogModuleManager: Shutting down and abandoning module GameplayTasksEditor (79)
[2016.05.12-19.57.15:312][309]LogModuleManager: Shutting down and abandoning module PropertyEditor (78)
[2016.05.12-19.57.15:467][309]LogModuleManager: Shutting down and abandoning module BehaviorTreeEditor (77)
[2016.05.12-19.57.15:654][309]LogModuleManager: Shutting down and abandoning module FunctionalTesting (76)
[2016.05.12-19.57.15:654][309]LogModuleManager: Shutting down and abandoning module CollisionAnalyzer (75)
[2016.05.12-19.57.15:654][309]LogModuleManager: Shutting down and abandoning module WorkspaceMenuStructure (74)
[2016.05.12-19.57.15:654][309]LogModuleManager: Shutting down and abandoning module MessageLog (73)
[2016.05.12-19.57.15:654][309]LogModuleManager: Shutting down and abandoning module Sequencer (72)
[2016.05.12-19.57.15:654][309]LogModuleManager: Shutting down and abandoning module AssetTools (71)
[2016.05.12-19.57.15:654][309]LogModuleManager: Shutting down and abandoning module UMGEditor (70)
[2016.05.12-19.57.15:654][309]LogModuleManager: Shutting down and abandoning module UMG (69)
[2016.05.12-19.57.15:654][309]LogModuleManager: Shutting down and abandoning module Slate (68)
[2016.05.12-19.57.15:654][309]LogModuleManager: Shutting down and abandoning module EditorStyle (67)
[2016.05.12-19.57.15:657][309]LogModuleManager: Shutting down and abandoning module SessionServices (66)
[2016.05.12-19.57.15:657][309]LogModuleManager: Shutting down and abandoning module SourceCodeAccess (65)
[2016.05.12-19.57.15:657][309]LogModuleManager: Shutting down and abandoning module HeadMountedDisplay (64)
[2016.05.12-19.57.15:657][309]LogModuleManager: Shutting down and abandoning module XAudio2 (63)
[2016.05.12-19.57.15:657][309]LogModuleManager: Shutting down and abandoning module Networking (61)
[2016.05.12-19.57.15:657][309]LogModuleManager: Shutting down and abandoning module Core (60)
[2016.05.12-19.57.15:657][309]LogModuleManager: Shutting down and abandoning module KismetCompiler (59)
[2016.05.12-19.57.15:657][309]LogModuleManager: Shutting down and abandoning module PhysXFormats (58)
[2016.05.12-19.57.15:657][309]LogModuleManager: Shutting down and abandoning module MeshUtilities (57)
[2016.05.12-19.57.15:810][309]LogModuleManager: Shutting down and abandoning module DerivedDataCache (56)
[2016.05.12-19.57.15:876][309]LogDerivedDataCache: Shutdown
[2016.05.12-19.57.15:876][309]LogModuleManager: Shutting down and abandoning module ShaderFormatOpenGL (55)
[2016.05.12-19.57.16:033][309]LogModuleManager: Shutting down and abandoning module ShaderFormatD3D (54)
[2016.05.12-19.57.16:033][309]LogModuleManager: Shutting down and abandoning module MetalShaderFormat (53)
[2016.05.12-19.57.16:256][309]LogModuleManager: Shutting down and abandoning module TextureFormatUncompressed (52)
[2016.05.12-19.57.16:256][309]LogModuleManager: Shutting down and abandoning module TextureFormatPVR (51)
[2016.05.12-19.57.16:256][309]LogModuleManager: Shutting down and abandoning module TextureFormatIntelISPCTexComp (50)
[2016.05.12-19.57.16:256][309]LogModuleManager: Shutting down and abandoning module TextureFormatDXT (49)
[2016.05.12-19.57.16:256][309]LogModuleManager: Shutting down and abandoning module ImageWrapper (48)
[2016.05.12-19.57.16:256][309]LogModuleManager: Shutting down and abandoning module TextureFormatASTC (47)
[2016.05.12-19.57.16:256][309]LogModuleManager: Shutting down and abandoning module TextureFormatAndroid (46)
[2016.05.12-19.57.16:256][309]LogModuleManager: Shutting down and abandoning module AudioFormatOpus (45)
[2016.05.12-19.57.16:317][309]LogModuleManager: Shutting down and abandoning module AudioFormatOgg (44)
[2016.05.12-19.57.16:317][309]LogModuleManager: Shutting down and abandoning module AudioFormatADPCM (43)
[2016.05.12-19.57.16:317][309]LogModuleManager: Shutting down and abandoning module LinuxTargetPlatform (42)
[2016.05.12-19.57.16:317][309]LogModuleManager: Shutting down and abandoning module LinuxServerTargetPlatform (41)
[2016.05.12-19.57.16:317][309]LogModuleManager: Shutting down and abandoning module LinuxNoEditorTargetPlatform (40)
[2016.05.12-19.57.16:317][309]LogModuleManager: Shutting down and abandoning module Messaging (39)
[2016.05.12-19.57.16:317][309]LogModuleManager: Shutting down and abandoning module IOSTargetPlatform (38)
[2016.05.12-19.57.16:317][309]LogModuleManager: Shutting down and abandoning module HTML5TargetPlatform (37)
[2016.05.12-19.57.16:317][309]LogModuleManager: Shutting down and abandoning module Android_PVRTCTargetPlatform (36)
[2016.05.12-19.57.16:317][309]LogModuleManager: Shutting down and abandoning module Android_MultiTargetPlatform (35)
[2016.05.12-19.57.16:317][309]LogModuleManager: Shutting down and abandoning module Android_ETC2TargetPlatform (34)
[2016.05.12-19.57.16:317][309]LogModuleManager: Shutting down and abandoning module Android_ETC1TargetPlatform (33)
[2016.05.12-19.57.16:317][309]LogModuleManager: Shutting down and abandoning module Android_DXTTargetPlatform (32)
[2016.05.12-19.57.16:317][309]LogModuleManager: Shutting down and abandoning module Android_ATCTargetPlatform (31)
[2016.05.12-19.57.16:317][309]LogModuleManager: Shutting down and abandoning module Android_ASTCTargetPlatform (30)
[2016.05.12-19.57.16:317][309]LogModuleManager: Shutting down and abandoning module AndroidTargetPlatform (29)
[2016.05.12-19.57.16:317][309]LogModuleManager: Shutting down and abandoning module WindowsTargetPlatform (28)
[2016.05.12-19.57.16:317][309]LogModuleManager: Shutting down and abandoning module WindowsServerTargetPlatform (27)
[2016.05.12-19.57.16:317][309]LogModuleManager: Shutting down and abandoning module WindowsNoEditorTargetPlatform (26)
[2016.05.12-19.57.16:317][309]LogModuleManager: Shutting down and abandoning module WindowsClientTargetPlatform (25)
[2016.05.12-19.57.16:317][309]LogModuleManager: Shutting down and abandoning module AllDesktopTargetPlatform (24)
[2016.05.12-19.57.16:317][309]LogModuleManager: Shutting down and abandoning module TargetPlatform (23)
[2016.05.12-19.57.16:317][309]LogModuleManager: Shutting down and abandoning module InputCore (22)
[2016.05.12-19.57.16:317][309]LogModuleManager: Shutting down and abandoning module Settings (21)
[2016.05.12-19.57.16:317][309]LogModuleManager: Shutting down and abandoning module OnlineSubsystem (19)
[2016.05.12-19.57.16:317][309]LogModuleManager: Shutting down and abandoning module HTTP (18)
[2016.05.12-19.57.18:320][309]LogModuleManager: Shutting down and abandoning module XMPP (17)
[2016.05.12-19.57.18:979][309]LogModuleManager: Shutting down and abandoning module OculusRift (16)
[2016.05.12-19.57.19:110][309]LogModuleManager: Shutting down and abandoning module ExampleDeviceProfileSelector (15)
[2016.05.12-19.57.19:110][309]LogModuleManager: Shutting down and abandoning module TextureCompressor (14)
[2016.05.12-19.57.19:121][309]LogModuleManager: Shutting down and abandoning module ShaderCore (13)
[2016.05.12-19.57.19:121][309]LogModuleManager: Shutting down and abandoning module Landscape (12)
[2016.05.12-19.57.19:121][309]LogModuleManager: Shutting down and abandoning module SlateRHIRenderer (11)
[2016.05.12-19.57.19:144][309]LogModuleManager: Shutting down and abandoning module OpenGLDrv (10)
[2016.05.12-19.57.19:149][309]LogModuleManager: Shutting down and abandoning module D3D11RHI (9)
[2016.05.12-19.57.19:149][309]LogModuleManager: Shutting down and abandoning module AnimGraphRuntime (8)
[2016.05.12-19.57.19:149][309]LogModuleManager: Shutting down and abandoning module Renderer (7)
[2016.05.12-19.57.19:149][309]LogModuleManager: Shutting down and abandoning module Engine (6)
[2016.05.12-19.57.19:149][309]LogModuleManager: Shutting down and abandoning module CoreUObject (5)
[2016.05.12-19.57.19:149][309]LogModuleManager: Shutting down and abandoning module NetworkFile (4)
[2016.05.12-19.57.19:162][309]LogModuleManager: Shutting down and abandoning module StreamingFile (3)
[2016.05.12-19.57.19:162][309]LogModuleManager: Shutting down and abandoning module SandboxFile (2)
[2016.05.12-19.57.19:162][309]LogModuleManager: Shutting down and abandoning module PakFile (1)
[2016.05.12-19.57.19:173][309]LogExit: Exiting.
[2016.05.12-19.57.19:256][309]Log file closed, 05/12/16 21:57:19
