[2016.05.23-20.38.39:828][  0]Log file open, 05/23/16 22:38:39
[2016.05.23-20.38.39:828][  0]LogInit:Display: Running engine for game: Runner
[2016.05.23-20.38.39:828][  0]LogPlatformFile: Not using cached read wrapper
[2016.05.23-20.38.39:828][  0]LogInit:Display: RandInit(-715330696) SRandInit(-715330695).
[2016.05.23-20.38.39:828][  0]LogTaskGraph: Started task graph with 4 named threads and 7 total threads.
[2016.05.23-20.38.39:828][  0]LogStats: Stats thread started at 0.089268
[2016.05.23-20.38.39:828][  0]LogInit: Version: 4.10.4-2872498+++depot+UE4-Releases+4.10
[2016.05.23-20.38.39:828][  0]LogInit: API Version: 2758231
[2016.05.23-20.38.39:828][  0]LogInit: Compiled (64-bit): Feb 18 2016 15:47:04
[2016.05.23-20.38.39:828][  0]LogInit: Compiled with Visual C++: 19.00.23026.00
[2016.05.23-20.38.39:828][  0]LogInit: Build Configuration: Development
[2016.05.23-20.38.39:828][  0]LogInit: Branch Name: ++depot+UE4-Releases+4.10
[2016.05.23-20.38.39:828][  0]LogInit: Command line:  
[2016.05.23-20.38.39:828][  0]LogInit: Base directory: C:/Program Files/Epic Games/4.10/Engine/Binaries/Win64/
[2016.05.23-20.38.39:828][  0]LogInit: Rocket: 1
[2016.05.23-20.38.39:854][  0]LogInit: Using libcurl 7.41.0
[2016.05.23-20.38.39:854][  0]LogInit:  - built for x86_64-pc-win32
[2016.05.23-20.38.39:854][  0]LogInit:  - supports SSL with WinSSL
[2016.05.23-20.38.39:854][  0]LogInit:  - other features:
[2016.05.23-20.38.39:854][  0]LogInit:      CURL_VERSION_SSL
[2016.05.23-20.38.39:854][  0]LogInit:      CURL_VERSION_IPV6
[2016.05.23-20.38.39:854][  0]LogInit:      CURL_VERSION_ASYNCHDNS
[2016.05.23-20.38.39:854][  0]LogInit:      CURL_VERSION_LARGEFILE
[2016.05.23-20.38.39:854][  0]LogInit:      CURL_VERSION_IDN
[2016.05.23-20.38.39:854][  0]LogInit:  CurlRequestOptions (configurable via config and command line):
[2016.05.23-20.38.39:854][  0]LogInit:  - bVerifyPeer = true  - Libcurl will verify peer certificate
[2016.05.23-20.38.39:854][  0]LogInit:  - bUseHttpProxy = false  - Libcurl will NOT use HTTP proxy
[2016.05.23-20.38.39:854][  0]LogInit:  - bDontReuseConnections = false  - Libcurl will reuse connections
[2016.05.23-20.38.39:854][  0]LogInit:  - CertBundlePath = nullptr  - Libcurl will use whatever was configured at build time.
[2016.05.23-20.38.39:953][  0]LogInit: Presizing for 0 objects not considered by GC, pre-allocating 0 bytes.
[2016.05.23-20.38.39:967][  0]LogInit: Object subsystem initialized
[2016.05.23-20.38.39:969][  0]LogInit: Selected Device Profile: [Windows]
[2016.05.23-20.38.39:969][  0]LogInit: Applying CVar settings loaded from the selected device profile: [Windows]
[2016.05.23-20.38.39:990][  0]LogInit: Computer: JOHANS_MONSTER
[2016.05.23-20.38.39:990][  0]LogInit: User: Johan
[2016.05.23-20.38.39:990][  0]LogInit: CPU Page size=4096, Cores=4
[2016.05.23-20.38.39:990][  0]LogInit: High frequency timer resolution =3.312785 MHz
[2016.05.23-20.38.39:990][  0]LogMemory: Memory total: Physical=16.0GB (16GB approx)
[2016.05.23-20.38.39:990][  0]LogMemory: Platform Memory Stats for Windows
[2016.05.23-20.38.39:990][  0]LogMemory: Process Physical Memory: 56.19 MB used, 56.19 MB peak
[2016.05.23-20.38.39:990][  0]LogMemory: Process Virtual Memory: 56.73 MB used, 56.73 MB peak
[2016.05.23-20.38.39:990][  0]LogMemory: Physical Memory: 3368.34 MB used, 16337.33 MB total
[2016.05.23-20.38.39:990][  0]LogMemory: Virtual Memory: 382.84 MB used, 134217728.00 MB total
[2016.05.23-20.38.40:583][  0]LogTextLocalizationManager: No translations for ('sv-SE') exist, falling back to 'en' for localization and internationalization data.
[2016.05.23-20.38.41:034][  0]LogD3D11RHI: Found D3D11 adapter 0: NVIDIA GeForce GTX 560 SE (Feature Level 11_0)
[2016.05.23-20.38.41:034][  0]LogD3D11RHI: Adapter has 977MB of dedicated video memory, 0MB of dedicated system memory, and 8168MB of shared system memory, 1 output[s]
[2016.05.23-20.38.41:036][  0]LogD3D11RHI: Found D3D11 adapter 1: Microsoft Basic Render Driver (Feature Level 11_0)
[2016.05.23-20.38.41:036][  0]LogD3D11RHI: Adapter has 0MB of dedicated video memory, 0MB of dedicated system memory, and 8168MB of shared system memory, 0 output[s]
[2016.05.23-20.38.41:036][  0]LogD3D11RHI: Chosen D3D11 Adapter Id = 0
[2016.05.23-20.38.41:039][  0]LogD3D11RHI: !Direct3DDevice
[2016.05.23-20.38.41:039][  0]LogRHI: Texture pool is 684 MB (70% of 977 MB)
[2016.05.23-20.38.41:051][  0]LogD3D11RHI: Async texture creation enabled
[2016.05.23-20.38.41:066][  0]LogShaderCompilers: Guid format shader working directory is -8 characters bigger than the processId version (../../../../../../Users/Johan/Documents/GitHub/Runner/Intermediate/Shaders/WorkingDirectory/10168/).
[2016.05.23-20.38.41:067][  0]LogShaderCompilers: Cleaned the shader compiler working directory 'C:/Users/Johan/AppData/Local/Temp/UnrealShaderWorkingDir/218265ED4F49EFAA8991D694C5B08955/'.
[2016.05.23-20.38.41:067][  0]LogShaderCompilers:Display: Using Local Shader Compiler.
[2016.05.23-20.38.42:841][  0]LogTemp:Display: Loaded TP AllDesktopTargetPlatform
[2016.05.23-20.38.42:845][  0]LogTemp:Display: Loaded TP WindowsClientTargetPlatform
[2016.05.23-20.38.42:850][  0]LogTemp:Display: Loaded TP WindowsNoEditorTargetPlatform
[2016.05.23-20.38.42:855][  0]LogTemp:Display: Loaded TP WindowsServerTargetPlatform
[2016.05.23-20.38.42:859][  0]LogTemp:Display: Loaded TP WindowsTargetPlatform
[2016.05.23-20.38.42:863][  0]LogTemp:Display: Loaded TP AndroidTargetPlatform
[2016.05.23-20.38.42:866][  0]LogTemp:Display: Loaded TP Android_ASTCTargetPlatform
[2016.05.23-20.38.42:869][  0]LogTemp:Display: Loaded TP Android_ATCTargetPlatform
[2016.05.23-20.38.42:871][  0]LogTemp:Display: Loaded TP Android_DXTTargetPlatform
[2016.05.23-20.38.42:874][  0]LogTemp:Display: Loaded TP Android_ETC1TargetPlatform
[2016.05.23-20.38.42:877][  0]LogTemp:Display: Loaded TP Android_ETC2TargetPlatform
[2016.05.23-20.38.42:883][  0]LogTemp:Display: Loaded TP Android_MultiTargetPlatform
[2016.05.23-20.38.42:883][  0]LogTemp:Display: Loaded TP Android_PVRTCTargetPlatform
[2016.05.23-20.38.42:883][  0]LogTemp:Display: Loaded TP HTML5TargetPlatform
[2016.05.23-20.38.42:900][  0]LogTemp:Display: Loaded TP IOSTargetPlatform
[2016.05.23-20.38.42:903][  0]LogTemp:Display: Loaded TP LinuxNoEditorTargetPlatform
[2016.05.23-20.38.42:906][  0]LogTemp:Display: Loaded TP LinuxServerTargetPlatform
[2016.05.23-20.38.42:909][  0]LogTemp:Display: Loaded TP LinuxTargetPlatform
[2016.05.23-20.38.42:909][  0]LogTargetPlatformManager:Display: Building Assets For Windows
[2016.05.23-20.38.43:111][  0]LogDerivedDataCache:Display: Max Cache Size: 512 MB
[2016.05.23-20.38.43:552][  0]LogDerivedDataCache: Loaded boot cache 0.44s 41MB C:/Users/Johan/AppData/Local/UnrealEngine/4.10/DerivedDataCache/Boot.ddc.
[2016.05.23-20.38.43:552][  0]LogDerivedDataCache:Display: Loaded Boot cache: C:/Users/Johan/AppData/Local/UnrealEngine/4.10/DerivedDataCache/Boot.ddc
[2016.05.23-20.38.43:552][  0]LogDerivedDataCache: FDerivedDataBackendGraph:  Pak pak cache file ../../../../../../Users/Johan/Documents/GitHub/Runner/DerivedDataCache/DDC.ddp not found, will not use a pak cache.
[2016.05.23-20.38.43:552][  0]LogDerivedDataCache: Unable to find inner node Pak for hierarchical cache Hierarchy.
[2016.05.23-20.38.43:552][  0]LogDerivedDataCache: FDerivedDataBackendGraph:  CompressedPak pak cache file ../../../../../../Users/Johan/Documents/GitHub/Runner/DerivedDataCache/Compressed.ddp not found, will not use a pak cache.
[2016.05.23-20.38.43:552][  0]LogDerivedDataCache: Unable to find inner node CompressedPak for hierarchical cache Hierarchy.
[2016.05.23-20.38.43:689][  0]LogDerivedDataCache:Display: Pak cache opened for reading ../../../Engine/DerivedDataCache/Compressed.ddp.
[2016.05.23-20.38.43:709][  0]LogDerivedDataCache: Using Local data cache path C:/Users/Johan/AppData/Local/UnrealEngine/Common/DerivedDataCache: Writable
[2016.05.23-20.38.45:482][  0]LogInit: Selected Device Profile: [Windows]
[2016.05.23-20.38.45:489][  0]LogContentStreaming: Texture pool size is 0.000000MB
[2016.05.23-20.38.45:921][  0]LogMeshUtilities: No automatic mesh reduction module available
[2016.05.23-20.38.45:921][  0]LogMeshUtilities: No automatic mesh merging module available
[2016.05.23-20.38.47:571][  0]LogInit: WinSock: version 1.1 (2.2), MaxSocks=32767, MaxUdp=65467
[2016.05.23-20.39.09:901][  0]UdpMessaging: Initializing bridge on interface 0.0.0.0:0 to multicast group 230.0.0.1:6666.
[2016.05.23-20.39.10:394][  0]LogAssetRegistry: FAssetRegistry took 0.0116 seconds to start up
[2016.05.23-20.39.12:752][  0]SourceControl: Info Source control is disabled
[2016.05.23-20.39.12:786][  0]SourceControl: Info Source control is disabled
[2016.05.23-20.39.12:799][  0]SourceControl: Info Source control is disabled
[2016.05.23-20.39.12:811][  0]SourceControl: Info Source control is disabled
[2016.05.23-20.39.15:538][  0]LogObj: 28633 objects as part of root set at end of initial load.
[2016.05.23-20.39.15:538][  0]LogUObjectAllocator: 6099744 out of 0 bytes used by permanent object pool.
[2016.05.23-20.39.15:966][  0]LogEngine: Initializing Engine...
[2016.05.23-20.39.15:968][  0]LogHMD: Can't find Oculus library dev build: is proper Runtime installed? Version: 0.8.0.0
[2016.05.23-20.39.15:978][  0]LogHMD: SteamVR failed to initialize.  Err: 110
[2016.05.23-20.39.16:533][  0]LogAIModule: Creating AISystem for world NewWorld
[2016.05.23-20.39.16:598][  0]LogInit: XAudio2 using 'Speakers (USB Sound Device        )' : 2 channels at 44.1 kHz using 16 bits per sample (channel mask 0x3)
[2016.05.23-20.39.16:641][  0]LogInit: FAudioDevice initialized.
[2016.05.23-20.39.16:660][  0]LogDerivedDataCache: Saved boot cache 0.02s 41MB C:/Users/Johan/AppData/Local/UnrealEngine/4.10/DerivedDataCache/Boot.ddc.
[2016.05.23-20.39.16:666][  0]LogInit: Texture streaming: Enabled
[2016.05.23-20.39.16:672][  0]LogAnalytics: Creating configured Analytics provider AnalyticsET
[2016.05.23-20.39.16:672][  0]LogAnalytics: [UEEditor.Rocket.Release] APIServer = http://et2.epicgames.com/ET2/. AppVersion = 4.10.4-2872498+++depot+UE4-Releases+4.10
[2016.05.23-20.39.16:672][  0]LogAnalytics: [UEEditor.Rocket.Release] SetUserId e13f53c54a08433fc09043aa962b451a|75ba5683578c43329a0522a4b145a097|e6dac55f-4bf9-412a-b229-53d1a5ef9356
[2016.05.23-20.39.16:672][  0]LogAnalytics: [UEEditor.Rocket.Release] AnalyticsET::StartSession
[2016.05.23-20.39.16:681][  0]LogWindowsTextInputMethodSystem:Display: IME system now deactivated.
[2016.05.23-20.39.16:681][  0]LogWindowsTextInputMethodSystem:Display: IME system now deactivated.
[2016.05.23-20.39.16:698][  0]LogInit: Transaction tracking system initialized
[2016.05.23-20.39.16:727][  0]BlueprintLog: New page: Editor Load
[2016.05.23-20.39.16:979][  0]LocalizationService: Info Localization service is disabled
[2016.05.23-20.39.17:828][  0]LogConsoleResponse:Display: 
[2016.05.23-20.39.21:680][  0]LogCook:Display: Done creating registry. It took  0.00s.
[2016.05.23-20.39.22:362][  0]LogFileCache: Scanning file cache for directory 'C:/Users/Johan/Documents/GitHub/Runner/Content/' took 0.08s
[2016.05.23-20.39.22:424][  0]SourceControl: Info Source control is disabled
[2016.05.23-20.39.22:424][  0]Cmd: MAP LOAD FILE="../../../../../../Users/Johan/Documents/GitHub/Runner/Content/RunnerAssets/RunnerMap.umap" TEMPLATE=0 SHOWPROGRESS=1 FEATURELEVEL=3
[2016.05.23-20.39.22:585][  0]LightingResults: New page: Lighting Build
[2016.05.23-20.39.22:592][  0]MapCheck: New page: Map Check
[2016.05.23-20.39.22:592][  0]LightingResults: New page: Lighting Build
[2016.05.23-20.39.22:610][  0]LogParticles: Destroying 0 GPU particle simulations for FXSystem 0x000002427EA5FB00
[2016.05.23-20.40.02:044][  0]LogAIModule: Creating AISystem for world RunnerMap
[2016.05.23-20.40.02:189][  0]LogEditorServer: Finished looking for orphan Actors (0.000 secs)
[2016.05.23-20.40.02:190][  0]Cmd: MAP CHECKDEP NOCLEARLOG
[2016.05.23-20.40.02:258][  0]MapCheck: Info Map check complete: 0 Error(s), 0 Warning(s), took 68.174ms to complete.
[2016.05.23-20.40.02:258][  0]LogFileHelpers: Loading map 'RunnerMap' took 39.834
[2016.05.23-20.40.02:640][  0]LogCollectionManager: Loaded 0 collections in 0.002240 seconds
[2016.05.23-20.40.02:688][  0]LogFileCache: Scanning file cache for directory 'C:/Users/Johan/Documents/GitHub/Runner/Saved/Collections/' took 0.01s
[2016.05.23-20.40.02:688][  0]LogFileCache: Scanning file cache for directory 'C:/Users/Johan/Documents/GitHub/Runner/Content/Developers/Johan/Collections/' took 0.01s
[2016.05.23-20.40.02:688][  0]LogFileCache: Scanning file cache for directory 'C:/Users/Johan/Documents/GitHub/Runner/Content/Collections/' took 0.01s
[2016.05.23-20.40.02:688][  0]LogCollectionManager: Rebuilt the GUID cache for 0 collections in 0.000004 seconds
[2016.05.23-20.40.02:705][  0]LogContentBrowser: Native class hierarchy populated in 0.0171 seconds. Added 1893 classes and 338 folders.
[2016.05.23-20.40.02:720][  0]LogContentBrowser: Native class hierarchy updated for 'WidgetCarousel' in 0.0007 seconds. Added 0 classes and 0 folders.
[2016.05.23-20.40.04:039][  0]LogContentBrowser: Native class hierarchy updated for 'AddContentDialog' in 0.0003 seconds. Added 0 classes and 0 folders.
[2016.05.23-20.40.04:043][  0]LogContentBrowser: Native class hierarchy updated for 'SceneOutliner' in 0.0003 seconds. Added 1 classes and 2 folders.
[2016.05.23-20.40.04:225][  0]LogCrashTracker: Crashtracker disabled due to settings.
[2016.05.23-20.40.04:229][  0]LogUObjectGlobals:Warning: Failed to find object 'Class None.'
[2016.05.23-20.40.04:252][  0]LogLoad: Full Startup: 85.08 seconds (BP compile: 0.71 seconds)
[2016.05.23-20.40.04:264][  0]LogOcInput: Can't find Oculus library dev build: is proper Runtime installed? Version: 0.8.0.0
[2016.05.23-20.40.04:371][  0]LogContentStreaming: Texture pool size now 1000 MB
[2016.05.23-20.40.04:655][  0]LogRenderer: Reallocating scene render targets to support 1208x644 (Frame:2).
[2016.05.23-20.40.05:374][ 11]LogAssetRegistry: Asset discovery search completed in 54.9916 seconds
[2016.05.23-20.40.05:374][ 11]LogCollectionManager: Rebuilt the object cache for 0 collections in 0.000001 seconds (found 0 objects)
[2016.05.23-20.40.05:374][ 11]LogCollectionManager: Fixed up redirectors for 0 collections in 0.000020 seconds (updated 0 objects)
[2016.05.23-20.40.58:886][727]LogBlueprintUserMessages: Early PlayInEditor Detection: Level '/Game/RunnerAssets/RunnerMap.RunnerMap:PersistentLevel' has LevelScriptBlueprint '/Game/RunnerAssets/RunnerMap.RunnerMap:PersistentLevel.RunnerMap' with GeneratedClass '/Game/RunnerAssets/RunnerMap.RunnerMap_C' with ClassGeneratedBy '/Game/RunnerAssets/RunnerMap.RunnerMap:PersistentLevel.RunnerMap'
[2016.05.23-20.40.58:886][727]LogPlayLevel: PlayLevel: No blueprints needed recompiling
[2016.05.23-20.40.58:886][727]PIE: New page: PIE session: RunnerMap (May 24, 2016, 12:40:58 AM)
[2016.05.23-20.40.58:887][727]LogPlayLevel: Creating play world package: /Game/RunnerAssets/UEDPIE_0_RunnerMap
[2016.05.23-20.40.58:919][727]LogPlayLevel: PIE: StaticDuplicateObject took: (0.032129s)
[2016.05.23-20.40.58:920][727]LogAIModule: Creating AISystem for world RunnerMap
[2016.05.23-20.40.58:920][727]LogPlayLevel: PIE: World Init took: (0.001226s)
[2016.05.23-20.40.58:920][727]LogPlayLevel: PIE: Created PIE world by copying editor world from /Game/RunnerAssets/RunnerMap.RunnerMap to /Game/RunnerAssets/UEDPIE_0_RunnerMap.RunnerMap (0.033815s)
[2016.05.23-20.40.58:987][727]LogInit: XAudio2 using 'Speakers (USB Sound Device        )' : 2 channels at 44.1 kHz using 16 bits per sample (channel mask 0x3)
[2016.05.23-20.40.58:993][727]LogInit: FAudioDevice initialized.
[2016.05.23-20.40.59:085][727]LogLinker:Warning: Can't find file '/Game/SideScrollerBP/Blueprints/SideScrollerGameMode'
[2016.05.23-20.40.59:085][727]LogLinker:Warning: Can't find file '/Game/SideScrollerBP/Blueprints/SideScrollerGameMode'
[2016.05.23-20.40.59:085][727]LogUObjectGlobals:Warning: Failed to find object 'Class /Game/SideScrollerBP/Blueprints/SideScrollerGameMode.SideScrollerGameMode_C'
[2016.05.23-20.40.59:085][727]LogWorld: Game class is 'GameMode'
[2016.05.23-20.40.59:092][727]LogWorld: Bringing World /Game/RunnerAssets/UEDPIE_0_RunnerMap.RunnerMap up for play (max tick rate 0) at 2016.05.23-22.40.59
[2016.05.23-20.40.59:092][727]LogActor:Warning: GameSession /Game/RunnerAssets/UEDPIE_0_RunnerMap.RunnerMap:PersistentLevel.GameSession_0 has natively added scene component(s), but none of them were set as the actor's RootComponent - picking one arbitrarily
[2016.05.23-20.40.59:092][727]LogActor:Warning: GameNetworkManager /Game/RunnerAssets/UEDPIE_0_RunnerMap.RunnerMap:PersistentLevel.GameNetworkManager_0 has natively added scene component(s), but none of them were set as the actor's RootComponent - picking one arbitrarily
[2016.05.23-20.40.59:093][727]LogWorld: Bringing up level for play took: 0.006650
[2016.05.23-20.40.59:094][727]LogGameMode: Warning - PATHS NOT DEFINED or NO PLAYERSTART with positive rating
[2016.05.23-20.40.59:113][727]PIE: Info Play in editor start time for /Game/RunnerAssets/UEDPIE_0_RunnerMap -0.045
[2016.05.23-20.40.59:113][727]LogBlueprintUserMessages: Late PlayInEditor Detection: Level '/Game/RunnerAssets/RunnerMap.RunnerMap:PersistentLevel' has LevelScriptBlueprint '/Game/RunnerAssets/RunnerMap.RunnerMap:PersistentLevel.RunnerMap' with GeneratedClass '/Game/RunnerAssets/RunnerMap.RunnerMap_C' with ClassGeneratedBy '/Game/RunnerAssets/RunnerMap.RunnerMap:PersistentLevel.RunnerMap'
[2016.05.23-20.40.59:234][728]LogRenderer: Reallocating scene render targets to support 1280x720 (Frame:1941).
[2016.05.23-20.41.00:283][781]LogBlueprintUserMessages: Early EndPlayMap Detection: Level '/Game/RunnerAssets/RunnerMap.RunnerMap:PersistentLevel' has LevelScriptBlueprint '/Game/RunnerAssets/RunnerMap.RunnerMap:PersistentLevel.RunnerMap' with GeneratedClass '/Game/RunnerAssets/RunnerMap.RunnerMap_C' with ClassGeneratedBy '/Game/RunnerAssets/RunnerMap.RunnerMap:PersistentLevel.RunnerMap'
[2016.05.23-20.41.00:331][781]LogBlueprintUserMessages: Late EndPlayMap Detection: Level '/Game/RunnerAssets/RunnerMap.RunnerMap:PersistentLevel' has LevelScriptBlueprint '/Game/RunnerAssets/RunnerMap.RunnerMap:PersistentLevel.RunnerMap' with GeneratedClass '/Game/RunnerAssets/RunnerMap.RunnerMap_C' with ClassGeneratedBy '/Game/RunnerAssets/RunnerMap.RunnerMap:PersistentLevel.RunnerMap'
[2016.05.23-20.41.00:352][781]LogParticles: Destroying 0 GPU particle simulations for FXSystem 0x000002422B918860
[2016.05.23-20.41.06:770][947]LogBlueprintUserMessages: Early PlayInEditor Detection: Level '/Game/RunnerAssets/RunnerMap.RunnerMap:PersistentLevel' has LevelScriptBlueprint '/Game/RunnerAssets/RunnerMap.RunnerMap:PersistentLevel.RunnerMap' with GeneratedClass '/Game/RunnerAssets/RunnerMap.RunnerMap_C' with ClassGeneratedBy '/Game/RunnerAssets/RunnerMap.RunnerMap:PersistentLevel.RunnerMap'
[2016.05.23-20.41.06:770][947]LogPlayLevel: PlayLevel: No blueprints needed recompiling
[2016.05.23-20.41.06:770][947]PIE: New page: PIE session: RunnerMap (May 24, 2016, 12:41:06 AM)
[2016.05.23-20.41.06:770][947]LogPlayLevel: Creating play world package: /Game/RunnerAssets/UEDPIE_0_RunnerMap
[2016.05.23-20.41.06:801][947]LogPlayLevel: PIE: StaticDuplicateObject took: (0.030763s)
[2016.05.23-20.41.06:802][947]LogAIModule: Creating AISystem for world RunnerMap
[2016.05.23-20.41.06:802][947]LogPlayLevel: PIE: World Init took: (0.001069s)
[2016.05.23-20.41.06:802][947]LogPlayLevel: PIE: Created PIE world by copying editor world from /Game/RunnerAssets/RunnerMap.RunnerMap to /Game/RunnerAssets/UEDPIE_0_RunnerMap.RunnerMap (0.032190s)
[2016.05.23-20.41.06:822][947]LogInit: XAudio2 using 'Speakers (USB Sound Device        )' : 2 channels at 44.1 kHz using 16 bits per sample (channel mask 0x3)
[2016.05.23-20.41.06:827][947]LogInit: FAudioDevice initialized.
[2016.05.23-20.41.06:897][947]LogLinker:Warning: Can't find file '/Game/SideScrollerBP/Blueprints/SideScrollerGameMode'
[2016.05.23-20.41.06:897][947]LogLinker:Warning: Can't find file '/Game/SideScrollerBP/Blueprints/SideScrollerGameMode'
[2016.05.23-20.41.06:897][947]LogUObjectGlobals:Warning: Failed to find object 'Class /Game/SideScrollerBP/Blueprints/SideScrollerGameMode.SideSc